[2025-10-09T08:03:26.959+0000] {taskinstance.py:1103} INFO - Dependencies all met for dep_context=non-requeueable deps ti=<TaskInstance: fpl_etl_pipeline.create_fixtures_table manual__2025-10-09T07:58:16.728651+00:00 [queued]>
[2025-10-09T08:03:26.973+0000] {taskinstance.py:1103} INFO - Dependencies all met for dep_context=requeueable deps ti=<TaskInstance: fpl_etl_pipeline.create_fixtures_table manual__2025-10-09T07:58:16.728651+00:00 [queued]>
[2025-10-09T08:03:26.974+0000] {taskinstance.py:1308} INFO - Starting attempt 1 of 2
[2025-10-09T08:03:26.997+0000] {taskinstance.py:1327} INFO - Executing <Task(PostgresOperator): create_fixtures_table> on 2025-10-09 07:58:16.728651+00:00
[2025-10-09T08:03:27.001+0000] {standard_task_runner.py:57} INFO - Started process 411 to run task
[2025-10-09T08:03:27.005+0000] {standard_task_runner.py:84} INFO - Running: ['airflow', 'tasks', 'run', 'fpl_etl_pipeline', 'create_fixtures_table', 'manual__2025-10-09T07:58:16.728651+00:00', '--job-id', '179', '--raw', '--subdir', 'DAGS_FOLDER/fpl_etl_pipeline.py', '--cfg-path', '/tmp/tmp0jcfd4bv']
[2025-10-09T08:03:27.008+0000] {standard_task_runner.py:85} INFO - Job 179: Subtask create_fixtures_table
[2025-10-09T08:03:27.213+0000] {task_command.py:410} INFO - Running <TaskInstance: fpl_etl_pipeline.create_fixtures_table manual__2025-10-09T07:58:16.728651+00:00 [running]> on host 671762379d36
[2025-10-09T08:03:27.367+0000] {taskinstance.py:1547} INFO - Exporting env vars: AIRFLOW_CTX_DAG_OWNER='richardilemon' AIRFLOW_CTX_DAG_ID='fpl_etl_pipeline' AIRFLOW_CTX_TASK_ID='create_fixtures_table' AIRFLOW_CTX_EXECUTION_DATE='2025-10-09T07:58:16.728651+00:00' AIRFLOW_CTX_TRY_NUMBER='1' AIRFLOW_CTX_DAG_RUN_ID='manual__2025-10-09T07:58:16.728651+00:00'
[2025-10-09T08:03:27.369+0000] {sql.py:265} INFO - Executing: 
            CREATE TABLE IF NOT EXISTS fixtures (
                code INTEGER PRIMARY KEY,
                season TEXT,
                gameweek INTEGER,
                kickoff_time TIMESTAMP WITH TIME ZONE,
                team_h_code INTEGER,
                team_a_code INTEGER,
                team_h_score INTEGER,
                team_a_score INTEGER,
                team_h_difficulty INTEGER,
                team_a_difficulty INTEGER
            );
        
[2025-10-09T08:03:27.401+0000] {base.py:73} INFO - Using connection ID 'fpl_db_conn' for task execution.
[2025-10-09T08:03:27.537+0000] {base.py:73} INFO - Using connection ID 'fpl_db_conn' for task execution.
[2025-10-09T08:03:27.548+0000] {sql.py:375} INFO - Running statement: 
            CREATE TABLE IF NOT EXISTS fixtures (
                code INTEGER PRIMARY KEY,
                season TEXT,
                gameweek INTEGER,
                kickoff_time TIMESTAMP WITH TIME ZONE,
                team_h_code INTEGER,
                team_a_code INTEGER,
                team_h_score INTEGER,
                team_a_score INTEGER,
                team_h_difficulty INTEGER,
                team_a_difficulty INTEGER
            );
        , parameters: None
[2025-10-09T08:03:27.568+0000] {taskinstance.py:1350} INFO - Marking task as SUCCESS. dag_id=fpl_etl_pipeline, task_id=create_fixtures_table, execution_date=20251009T075816, start_date=20251009T080326, end_date=20251009T080327
[2025-10-09T08:03:27.619+0000] {local_task_job_runner.py:225} INFO - Task exited with return code 0
[2025-10-09T08:03:27.787+0000] {taskinstance.py:2653} INFO - 1 downstream tasks scheduled from follow-on schedule check
