[2025-10-26T17:26:51.473+0000] {taskinstance.py:1103} INFO - Dependencies all met for dep_context=non-requeueable deps ti=<TaskInstance: fpl_gameweeks_etl.fetch_players_gw_task manual__2025-10-26T17:26:26.052264+00:00 map_index=0 [queued]>
[2025-10-26T17:26:51.560+0000] {taskinstance.py:1103} INFO - Dependencies all met for dep_context=requeueable deps ti=<TaskInstance: fpl_gameweeks_etl.fetch_players_gw_task manual__2025-10-26T17:26:26.052264+00:00 map_index=0 [queued]>
[2025-10-26T17:26:51.569+0000] {taskinstance.py:1308} INFO - Starting attempt 1 of 2
[2025-10-26T17:26:52.219+0000] {taskinstance.py:1327} INFO - Executing <Mapped(_PythonDecoratedOperator): fetch_players_gw_task> on 2025-10-26 17:26:26.052264+00:00
[2025-10-26T17:26:52.288+0000] {standard_task_runner.py:84} INFO - Running: ['airflow', 'tasks', 'run', 'fpl_gameweeks_etl', 'fetch_players_gw_task', 'manual__2025-10-26T17:26:26.052264+00:00', '--job-id', '8245', '--raw', '--subdir', 'DAGS_FOLDER/fpl_gameweeks_dag.py', '--cfg-path', '/tmp/tmpkt3fero1', '--map-index', '0']
[2025-10-26T17:26:52.288+0000] {standard_task_runner.py:57} INFO - Started process 1650 to run task
[2025-10-26T17:26:52.302+0000] {standard_task_runner.py:85} INFO - Job 8245: Subtask fetch_players_gw_task
[2025-10-26T17:26:52.585+0000] {task_command.py:410} INFO - Running <TaskInstance: fpl_gameweeks_etl.fetch_players_gw_task manual__2025-10-26T17:26:26.052264+00:00 map_index=0 [running]> on host 19131f4ed372
[2025-10-26T17:26:52.990+0000] {taskinstance.py:1547} INFO - Exporting env vars: AIRFLOW_CTX_DAG_OWNER='richardilemon' AIRFLOW_CTX_DAG_ID='fpl_gameweeks_etl' AIRFLOW_CTX_TASK_ID='fetch_players_gw_task' AIRFLOW_CTX_EXECUTION_DATE='2025-10-26T17:26:26.052264+00:00' AIRFLOW_CTX_TRY_NUMBER='1' AIRFLOW_CTX_DAG_RUN_ID='manual__2025-10-26T17:26:26.052264+00:00'
[2025-10-26T17:26:53.018+0000] {fetch_api_data.py:66} INFO - Fetching Player Data -> https://raw.githubusercontent.com/vaastav/Fantasy-Premier-League/master/data/2018-19/players/Petr_Cech_1/gw.csv
[2025-10-26T17:26:53.615+0000] {fetch_api_data.py:66} INFO - Fetching Player Data -> https://raw.githubusercontent.com/vaastav/Fantasy-Premier-League/master/data/2018-19/players/Bernd_Leno_2/gw.csv
[2025-10-26T17:26:54.200+0000] {fetch_api_data.py:66} INFO - Fetching Player Data -> https://raw.githubusercontent.com/vaastav/Fantasy-Premier-League/master/data/2018-19/players/Laurent_Koscielny_3/gw.csv
[2025-10-26T17:26:54.762+0000] {fetch_api_data.py:66} INFO - Fetching Player Data -> https://raw.githubusercontent.com/vaastav/Fantasy-Premier-League/master/data/2018-19/players/Héctor_Bellerín_4/gw.csv
[2025-10-26T17:26:55.302+0000] {fetch_api_data.py:66} INFO - Fetching Player Data -> https://raw.githubusercontent.com/vaastav/Fantasy-Premier-League/master/data/2018-19/players/Nacho_Monreal_5/gw.csv
[2025-10-26T17:26:55.873+0000] {fetch_api_data.py:66} INFO - Fetching Player Data -> https://raw.githubusercontent.com/vaastav/Fantasy-Premier-League/master/data/2018-19/players/Rob_Holding_6/gw.csv
[2025-10-26T17:26:56.446+0000] {fetch_api_data.py:66} INFO - Fetching Player Data -> https://raw.githubusercontent.com/vaastav/Fantasy-Premier-League/master/data/2018-19/players/Shkodran_Mustafi_7/gw.csv
[2025-10-26T17:26:57.018+0000] {fetch_api_data.py:66} INFO - Fetching Player Data -> https://raw.githubusercontent.com/vaastav/Fantasy-Premier-League/master/data/2018-19/players/Sead_Kolasinac_8/gw.csv
[2025-10-26T17:26:57.607+0000] {fetch_api_data.py:66} INFO - Fetching Player Data -> https://raw.githubusercontent.com/vaastav/Fantasy-Premier-League/master/data/2018-19/players/Konstantinos_Mavropanos_10/gw.csv
[2025-10-26T17:26:58.230+0000] {fetch_api_data.py:66} INFO - Fetching Player Data -> https://raw.githubusercontent.com/vaastav/Fantasy-Premier-League/master/data/2018-19/players/Stephan_Lichtsteiner_11/gw.csv
[2025-10-26T17:26:58.818+0000] {fetch_api_data.py:66} INFO - Fetching Player Data -> https://raw.githubusercontent.com/vaastav/Fantasy-Premier-League/master/data/2018-19/players/Sokratis_Papastathopoulos_12/gw.csv
[2025-10-26T17:26:59.453+0000] {fetch_api_data.py:66} INFO - Fetching Player Data -> https://raw.githubusercontent.com/vaastav/Fantasy-Premier-League/master/data/2018-19/players/Mesut_Özil_13/gw.csv
[2025-10-26T17:27:00.048+0000] {fetch_api_data.py:66} INFO - Fetching Player Data -> https://raw.githubusercontent.com/vaastav/Fantasy-Premier-League/master/data/2018-19/players/Aaron_Ramsey_14/gw.csv
[2025-10-26T17:27:00.631+0000] {fetch_api_data.py:66} INFO - Fetching Player Data -> https://raw.githubusercontent.com/vaastav/Fantasy-Premier-League/master/data/2018-19/players/Alex_Iwobi_15/gw.csv
[2025-10-26T17:27:01.300+0000] {fetch_api_data.py:66} INFO - Fetching Player Data -> https://raw.githubusercontent.com/vaastav/Fantasy-Premier-League/master/data/2018-19/players/Mohamed_Elneny_16/gw.csv
[2025-10-26T17:27:01.913+0000] {fetch_api_data.py:66} INFO - Fetching Player Data -> https://raw.githubusercontent.com/vaastav/Fantasy-Premier-League/master/data/2018-19/players/Granit_Xhaka_17/gw.csv
[2025-10-26T17:27:02.498+0000] {fetch_api_data.py:66} INFO - Fetching Player Data -> https://raw.githubusercontent.com/vaastav/Fantasy-Premier-League/master/data/2018-19/players/Henrikh_Mkhitaryan_18/gw.csv
[2025-10-26T17:27:03.068+0000] {fetch_api_data.py:66} INFO - Fetching Player Data -> https://raw.githubusercontent.com/vaastav/Fantasy-Premier-League/master/data/2018-19/players/Reiss_Nelson_19/gw.csv
[2025-10-26T17:27:03.652+0000] {fetch_api_data.py:66} INFO - Fetching Player Data -> https://raw.githubusercontent.com/vaastav/Fantasy-Premier-League/master/data/2018-19/players/Ainsley_Maitland-Niles_20/gw.csv
[2025-10-26T17:27:04.402+0000] {fetch_api_data.py:66} INFO - Fetching Player Data -> https://raw.githubusercontent.com/vaastav/Fantasy-Premier-League/master/data/2018-19/players/Danny_Welbeck_21/gw.csv
[2025-10-26T17:27:04.990+0000] {fetch_api_data.py:66} INFO - Fetching Player Data -> https://raw.githubusercontent.com/vaastav/Fantasy-Premier-League/master/data/2018-19/players/Alexandre_Lacazette_22/gw.csv
[2025-10-26T17:27:05.591+0000] {fetch_api_data.py:66} INFO - Fetching Player Data -> https://raw.githubusercontent.com/vaastav/Fantasy-Premier-League/master/data/2018-19/players/Pierre-Emerick_Aubameyang_23/gw.csv
[2025-10-26T17:27:06.197+0000] {fetch_api_data.py:66} INFO - Fetching Player Data -> https://raw.githubusercontent.com/vaastav/Fantasy-Premier-League/master/data/2018-19/players/Lucas_Torreira_450/gw.csv
[2025-10-26T17:27:06.796+0000] {fetch_api_data.py:66} INFO - Fetching Player Data -> https://raw.githubusercontent.com/vaastav/Fantasy-Premier-League/master/data/2018-19/players/Matteo_Guendouzi_451/gw.csv
[2025-10-26T17:27:09.301+0000] {fetch_api_data.py:66} INFO - Fetching Player Data -> https://raw.githubusercontent.com/vaastav/Fantasy-Premier-League/master/data/2018-19/players/Emiliano_Martínez_542/gw.csv
[2025-10-26T17:27:09.901+0000] {fetch_api_data.py:66} INFO - Fetching Player Data -> https://raw.githubusercontent.com/vaastav/Fantasy-Premier-League/master/data/2018-19/players/Emile_Smith-Rowe_545/gw.csv
[2025-10-26T17:27:10.506+0000] {fetch_api_data.py:66} INFO - Fetching Player Data -> https://raw.githubusercontent.com/vaastav/Fantasy-Premier-League/master/data/2018-19/players/Zech_Medley_546/gw.csv
[2025-10-26T17:27:11.081+0000] {fetch_api_data.py:66} INFO - Fetching Player Data -> https://raw.githubusercontent.com/vaastav/Fantasy-Premier-League/master/data/2018-19/players/Edward_Nketiah_552/gw.csv
[2025-10-26T17:27:11.670+0000] {fetch_api_data.py:66} INFO - Fetching Player Data -> https://raw.githubusercontent.com/vaastav/Fantasy-Premier-League/master/data/2018-19/players/Bukayo_Saka_563/gw.csv
[2025-10-26T17:27:12.296+0000] {fetch_api_data.py:66} INFO - Fetching Player Data -> https://raw.githubusercontent.com/vaastav/Fantasy-Premier-League/master/data/2018-19/players/Joseph_Willock_566/gw.csv
[2025-10-26T17:27:12.960+0000] {fetch_api_data.py:66} INFO - Fetching Player Data -> https://raw.githubusercontent.com/vaastav/Fantasy-Premier-League/master/data/2018-19/players/Carl_Jenkinson_581/gw.csv
[2025-10-26T17:27:13.534+0000] {fetch_api_data.py:66} INFO - Fetching Player Data -> https://raw.githubusercontent.com/vaastav/Fantasy-Premier-League/master/data/2018-19/players/Denis_Suárez_586/gw.csv
[2025-10-26T17:27:14.087+0000] {fetch_api_data.py:66} INFO - Fetching Player Data -> https://raw.githubusercontent.com/vaastav/Fantasy-Premier-League/master/data/2018-19/players/Asmir_Begovic_24/gw.csv
[2025-10-26T17:27:14.741+0000] {fetch_api_data.py:66} INFO - Fetching Player Data -> https://raw.githubusercontent.com/vaastav/Fantasy-Premier-League/master/data/2018-19/players/Artur_Boruc_25/gw.csv
[2025-10-26T17:27:15.309+0000] {fetch_api_data.py:66} INFO - Fetching Player Data -> https://raw.githubusercontent.com/vaastav/Fantasy-Premier-League/master/data/2018-19/players/Simon_Francis_26/gw.csv
[2025-10-26T17:27:16.247+0000] {fetch_api_data.py:66} INFO - Fetching Player Data -> https://raw.githubusercontent.com/vaastav/Fantasy-Premier-League/master/data/2018-19/players/Steve_Cook_27/gw.csv
[2025-10-26T17:27:16.915+0000] {fetch_api_data.py:66} INFO - Fetching Player Data -> https://raw.githubusercontent.com/vaastav/Fantasy-Premier-League/master/data/2018-19/players/Charlie_Daniels_28/gw.csv
[2025-10-26T17:27:17.487+0000] {fetch_api_data.py:66} INFO - Fetching Player Data -> https://raw.githubusercontent.com/vaastav/Fantasy-Premier-League/master/data/2018-19/players/Adam_Smith_29/gw.csv
[2025-10-26T17:27:18.099+0000] {fetch_api_data.py:66} INFO - Fetching Player Data -> https://raw.githubusercontent.com/vaastav/Fantasy-Premier-League/master/data/2018-19/players/Tyrone_Mings_30/gw.csv
[2025-10-26T17:27:18.740+0000] {fetch_api_data.py:66} INFO - Fetching Player Data -> https://raw.githubusercontent.com/vaastav/Fantasy-Premier-League/master/data/2018-19/players/Nathan_Aké_31/gw.csv
[2025-10-26T17:27:19.343+0000] {fetch_api_data.py:66} INFO - Fetching Player Data -> https://raw.githubusercontent.com/vaastav/Fantasy-Premier-League/master/data/2018-19/players/Jack_Simpson_32/gw.csv
[2025-10-26T17:27:20.033+0000] {fetch_api_data.py:66} INFO - Fetching Player Data -> https://raw.githubusercontent.com/vaastav/Fantasy-Premier-League/master/data/2018-19/players/Marc_Pugh_34/gw.csv
[2025-10-26T17:27:20.674+0000] {fetch_api_data.py:66} INFO - Fetching Player Data -> https://raw.githubusercontent.com/vaastav/Fantasy-Premier-League/master/data/2018-19/players/Andrew_Surman_35/gw.csv
[2025-10-26T17:27:21.295+0000] {fetch_api_data.py:66} INFO - Fetching Player Data -> https://raw.githubusercontent.com/vaastav/Fantasy-Premier-League/master/data/2018-19/players/Junior_Stanislas_36/gw.csv
[2025-10-26T17:27:21.894+0000] {fetch_api_data.py:66} INFO - Fetching Player Data -> https://raw.githubusercontent.com/vaastav/Fantasy-Premier-League/master/data/2018-19/players/Dan_Gosling_37/gw.csv
[2025-10-26T17:27:22.495+0000] {fetch_api_data.py:66} INFO - Fetching Player Data -> https://raw.githubusercontent.com/vaastav/Fantasy-Premier-League/master/data/2018-19/players/Jordon_Ibe_38/gw.csv
[2025-10-26T17:27:23.718+0000] {fetch_api_data.py:66} INFO - Fetching Player Data -> https://raw.githubusercontent.com/vaastav/Fantasy-Premier-League/master/data/2018-19/players/Lewis_Cook_39/gw.csv
[2025-10-26T17:27:24.345+0000] {fetch_api_data.py:66} INFO - Fetching Player Data -> https://raw.githubusercontent.com/vaastav/Fantasy-Premier-League/master/data/2018-19/players/Ryan_Fraser_40/gw.csv
[2025-10-26T17:27:25.092+0000] {fetch_api_data.py:66} INFO - Fetching Player Data -> https://raw.githubusercontent.com/vaastav/Fantasy-Premier-League/master/data/2018-19/players/Emerson_Hyndman_41/gw.csv
[2025-10-26T17:27:25.679+0000] {fetch_api_data.py:66} INFO - Fetching Player Data -> https://raw.githubusercontent.com/vaastav/Fantasy-Premier-League/master/data/2018-19/players/David_Brooks_42/gw.csv
[2025-10-26T17:27:26.364+0000] {fetch_api_data.py:66} INFO - Fetching Player Data -> https://raw.githubusercontent.com/vaastav/Fantasy-Premier-League/master/data/2018-19/players/Callum_Wilson_43/gw.csv
[2025-10-26T17:27:26.993+0000] {fetch_api_data.py:66} INFO - Fetching Player Data -> https://raw.githubusercontent.com/vaastav/Fantasy-Premier-League/master/data/2018-19/players/Lys_Mousset_44/gw.csv
[2025-10-26T17:27:27.589+0000] {fetch_api_data.py:66} INFO - Fetching Player Data -> https://raw.githubusercontent.com/vaastav/Fantasy-Premier-League/master/data/2018-19/players/Joshua_King_45/gw.csv
[2025-10-26T17:27:28.169+0000] {fetch_api_data.py:66} INFO - Fetching Player Data -> https://raw.githubusercontent.com/vaastav/Fantasy-Premier-League/master/data/2018-19/players/Jermain_Defoe_46/gw.csv
[2025-10-26T17:27:28.760+0000] {fetch_api_data.py:66} INFO - Fetching Player Data -> https://raw.githubusercontent.com/vaastav/Fantasy-Premier-League/master/data/2018-19/players/Nathaniel_Clyne_241/gw.csv
[2025-10-26T17:27:29.390+0000] {fetch_api_data.py:66} INFO - Fetching Player Data -> https://raw.githubusercontent.com/vaastav/Fantasy-Premier-League/master/data/2018-19/players/Dominic_Solanke_259/gw.csv
[2025-10-26T17:27:30.024+0000] {fetch_api_data.py:66} INFO - Fetching Player Data -> https://raw.githubusercontent.com/vaastav/Fantasy-Premier-League/master/data/2018-19/players/Diego_Rico_473/gw.csv
[2025-10-26T17:27:30.589+0000] {fetch_api_data.py:66} INFO - Fetching Player Data -> https://raw.githubusercontent.com/vaastav/Fantasy-Premier-League/master/data/2018-19/players/Jefferson_Lerma_494/gw.csv
[2025-10-26T17:27:31.176+0000] {fetch_api_data.py:66} INFO - Fetching Player Data -> https://raw.githubusercontent.com/vaastav/Fantasy-Premier-League/master/data/2018-19/players/Chris_Mepham_580/gw.csv
[2025-10-26T17:27:31.756+0000] {fetch_api_data.py:66} INFO - Fetching Player Data -> https://raw.githubusercontent.com/vaastav/Fantasy-Premier-League/master/data/2018-19/players/Sam_Surridge_599/gw.csv
[2025-10-26T17:27:32.353+0000] {fetch_api_data.py:66} INFO - Fetching Player Data -> https://raw.githubusercontent.com/vaastav/Fantasy-Premier-League/master/data/2018-19/players/Kyle_Taylor_600/gw.csv
[2025-10-26T17:27:32.909+0000] {fetch_api_data.py:66} INFO - Fetching Player Data -> https://raw.githubusercontent.com/vaastav/Fantasy-Premier-League/master/data/2018-19/players/Nnamdi_Ofoborh_613/gw.csv
[2025-10-26T17:27:33.488+0000] {fetch_api_data.py:66} INFO - Fetching Player Data -> https://raw.githubusercontent.com/vaastav/Fantasy-Premier-League/master/data/2018-19/players/Mark_Travers_616/gw.csv
[2025-10-26T17:27:34.062+0000] {fetch_api_data.py:66} INFO - Fetching Player Data -> https://raw.githubusercontent.com/vaastav/Fantasy-Premier-League/master/data/2018-19/players/Matt_Butcher_620/gw.csv
[2025-10-26T17:27:34.655+0000] {fetch_api_data.py:66} INFO - Fetching Player Data -> https://raw.githubusercontent.com/vaastav/Fantasy-Premier-League/master/data/2018-19/players/Mathew_Ryan_47/gw.csv
[2025-10-26T17:27:35.265+0000] {fetch_api_data.py:66} INFO - Fetching Player Data -> https://raw.githubusercontent.com/vaastav/Fantasy-Premier-League/master/data/2018-19/players/Lewis_Dunk_48/gw.csv
[2025-10-26T17:27:35.923+0000] {fetch_api_data.py:66} INFO - Fetching Player Data -> https://raw.githubusercontent.com/vaastav/Fantasy-Premier-League/master/data/2018-19/players/Shane_Duffy_49/gw.csv
[2025-10-26T17:27:36.520+0000] {fetch_api_data.py:66} INFO - Fetching Player Data -> https://raw.githubusercontent.com/vaastav/Fantasy-Premier-League/master/data/2018-19/players/Bruno_Saltor Grau_50/gw.csv
[2025-10-26T17:27:37.141+0000] {fetch_api_data.py:66} INFO - Fetching Player Data -> https://raw.githubusercontent.com/vaastav/Fantasy-Premier-League/master/data/2018-19/players/Gaëtan_Bong_51/gw.csv
[2025-10-26T17:27:37.708+0000] {fetch_api_data.py:66} INFO - Fetching Player Data -> https://raw.githubusercontent.com/vaastav/Fantasy-Premier-League/master/data/2018-19/players/Markus_Suttner_52/gw.csv
[2025-10-26T17:27:38.303+0000] {fetch_api_data.py:66} INFO - Fetching Player Data -> https://raw.githubusercontent.com/vaastav/Fantasy-Premier-League/master/data/2018-19/players/Ezequiel_Schelotto_53/gw.csv
[2025-10-26T17:27:40.857+0000] {fetch_api_data.py:66} INFO - Fetching Player Data -> https://raw.githubusercontent.com/vaastav/Fantasy-Premier-League/master/data/2018-19/players/Leon_Balogun_54/gw.csv
[2025-10-26T17:27:41.467+0000] {fetch_api_data.py:66} INFO - Fetching Player Data -> https://raw.githubusercontent.com/vaastav/Fantasy-Premier-League/master/data/2018-19/players/Anthony_Knockaert_55/gw.csv
[2025-10-26T17:27:42.067+0000] {fetch_api_data.py:66} INFO - Fetching Player Data -> https://raw.githubusercontent.com/vaastav/Fantasy-Premier-League/master/data/2018-19/players/Dale_Stephens_56/gw.csv
[2025-10-26T17:27:42.646+0000] {fetch_api_data.py:66} INFO - Fetching Player Data -> https://raw.githubusercontent.com/vaastav/Fantasy-Premier-League/master/data/2018-19/players/Beram_Kayal_57/gw.csv
[2025-10-26T17:27:43.322+0000] {fetch_api_data.py:66} INFO - Fetching Player Data -> https://raw.githubusercontent.com/vaastav/Fantasy-Premier-League/master/data/2018-19/players/Solomon_March_58/gw.csv
[2025-10-26T17:27:43.914+0000] {fetch_api_data.py:66} INFO - Fetching Player Data -> https://raw.githubusercontent.com/vaastav/Fantasy-Premier-League/master/data/2018-19/players/Pascal_Groß_59/gw.csv
[2025-10-26T17:27:44.547+0000] {fetch_api_data.py:66} INFO - Fetching Player Data -> https://raw.githubusercontent.com/vaastav/Fantasy-Premier-League/master/data/2018-19/players/Davy_Pröpper_60/gw.csv
[2025-10-26T17:27:45.112+0000] {fetch_api_data.py:66} INFO - Fetching Player Data -> https://raw.githubusercontent.com/vaastav/Fantasy-Premier-League/master/data/2018-19/players/José Heriberto_Izquierdo Mena_61/gw.csv
[2025-10-26T17:27:45.686+0000] {fetch_api_data.py:66} INFO - Fetching Player Data -> https://raw.githubusercontent.com/vaastav/Fantasy-Premier-League/master/data/2018-19/players/Glenn_Murray_62/gw.csv
[2025-10-26T17:27:46.277+0000] {fetch_api_data.py:66} INFO - Fetching Player Data -> https://raw.githubusercontent.com/vaastav/Fantasy-Premier-League/master/data/2018-19/players/Tomer_Hemed_63/gw.csv
[2025-10-26T17:27:46.916+0000] {fetch_api_data.py:66} INFO - Fetching Player Data -> https://raw.githubusercontent.com/vaastav/Fantasy-Premier-League/master/data/2018-19/players/Sam_Baldock_64/gw.csv
[2025-10-26T17:27:47.507+0000] {fetch_api_data.py:66} INFO - Fetching Player Data -> https://raw.githubusercontent.com/vaastav/Fantasy-Premier-League/master/data/2018-19/players/Jürgen_Locadia_65/gw.csv
[2025-10-26T17:27:48.168+0000] {fetch_api_data.py:66} INFO - Fetching Player Data -> https://raw.githubusercontent.com/vaastav/Fantasy-Premier-League/master/data/2018-19/players/Florin_Andone_66/gw.csv
[2025-10-26T17:27:48.726+0000] {fetch_api_data.py:66} INFO - Fetching Player Data -> https://raw.githubusercontent.com/vaastav/Fantasy-Premier-League/master/data/2018-19/players/David_Button_179/gw.csv
[2025-10-26T17:27:49.330+0000] {fetch_api_data.py:66} INFO - Fetching Player Data -> https://raw.githubusercontent.com/vaastav/Fantasy-Premier-League/master/data/2018-19/players/Jason_Steele_439/gw.csv
[2025-10-26T17:27:49.956+0000] {fetch_api_data.py:66} INFO - Fetching Player Data -> https://raw.githubusercontent.com/vaastav/Fantasy-Premier-League/master/data/2018-19/players/Bernardo_Fernandes da Silva Junior_440/gw.csv
[2025-10-26T17:27:50.527+0000] {fetch_api_data.py:66} INFO - Fetching Player Data -> https://raw.githubusercontent.com/vaastav/Fantasy-Premier-League/master/data/2018-19/players/Yves_Bissouma_466/gw.csv
[2025-10-26T17:27:51.065+0000] {fetch_api_data.py:66} INFO - Fetching Player Data -> https://raw.githubusercontent.com/vaastav/Fantasy-Premier-League/master/data/2018-19/players/Alireza_Jahanbakhsh_476/gw.csv
[2025-10-26T17:27:51.631+0000] {fetch_api_data.py:66} INFO - Fetching Player Data -> https://raw.githubusercontent.com/vaastav/Fantasy-Premier-League/master/data/2018-19/players/Martín_Montoya_503/gw.csv
[2025-10-26T17:27:52.239+0000] {fetch_api_data.py:66} INFO - Fetching Player Data -> https://raw.githubusercontent.com/vaastav/Fantasy-Premier-League/master/data/2018-19/players/Viktor_Gyokeres_551/gw.csv
[2025-10-26T17:27:52.960+0000] {fetch_api_data.py:66} INFO - Fetching Player Data -> https://raw.githubusercontent.com/vaastav/Fantasy-Premier-League/master/data/2018-19/players/Ben_White_559/gw.csv
[2025-10-26T17:27:53.606+0000] {fetch_api_data.py:66} INFO - Fetching Player Data -> https://raw.githubusercontent.com/vaastav/Fantasy-Premier-League/master/data/2018-19/players/Max_Sanders_572/gw.csv
[2025-10-26T17:27:54.133+0000] {fetch_api_data.py:66} INFO - Fetching Player Data -> https://raw.githubusercontent.com/vaastav/Fantasy-Premier-League/master/data/2018-19/players/Dan_Burn_582/gw.csv
[2025-10-26T17:27:54.748+0000] {fetch_api_data.py:66} INFO - Fetching Player Data -> https://raw.githubusercontent.com/vaastav/Fantasy-Premier-League/master/data/2018-19/players/Jayson_Molumby_617/gw.csv
[2025-10-26T17:27:55.416+0000] {fetch_api_data.py:66} INFO - Fetching Player Data -> https://raw.githubusercontent.com/vaastav/Fantasy-Premier-League/master/data/2018-19/players/Tom_Heaton_67/gw.csv
[2025-10-26T17:27:56.002+0000] {fetch_api_data.py:66} INFO - Fetching Player Data -> https://raw.githubusercontent.com/vaastav/Fantasy-Premier-League/master/data/2018-19/players/Nick_Pope_68/gw.csv
[2025-10-26T17:27:56.594+0000] {fetch_api_data.py:66} INFO - Fetching Player Data -> https://raw.githubusercontent.com/vaastav/Fantasy-Premier-League/master/data/2018-19/players/Matthew_Lowton_69/gw.csv
[2025-10-26T17:27:57.223+0000] {fetch_api_data.py:66} INFO - Fetching Player Data -> https://raw.githubusercontent.com/vaastav/Fantasy-Premier-League/master/data/2018-19/players/Ben_Mee_70/gw.csv
[2025-10-26T17:27:57.803+0000] {fetch_api_data.py:66} INFO - Fetching Player Data -> https://raw.githubusercontent.com/vaastav/Fantasy-Premier-League/master/data/2018-19/players/Stephen_Ward_71/gw.csv
[2025-10-26T17:27:58.364+0000] {fetch_api_data.py:66} INFO - Fetching Player Data -> https://raw.githubusercontent.com/vaastav/Fantasy-Premier-League/master/data/2018-19/players/James_Tarkowski_72/gw.csv
[2025-10-26T17:27:58.970+0000] {fetch_api_data.py:66} INFO - Fetching Player Data -> https://raw.githubusercontent.com/vaastav/Fantasy-Premier-League/master/data/2018-19/players/Kevin_Long_73/gw.csv
[2025-10-26T17:27:59.564+0000] {fetch_api_data.py:66} INFO - Fetching Player Data -> https://raw.githubusercontent.com/vaastav/Fantasy-Premier-League/master/data/2018-19/players/Charlie_Taylor_74/gw.csv
[2025-10-26T17:28:00.592+0000] {fetch_api_data.py:66} INFO - Fetching Player Data -> https://raw.githubusercontent.com/vaastav/Fantasy-Premier-League/master/data/2018-19/players/Phil_Bardsley_75/gw.csv
[2025-10-26T17:28:01.417+0000] {fetch_api_data.py:66} INFO - Fetching Player Data -> https://raw.githubusercontent.com/vaastav/Fantasy-Premier-League/master/data/2018-19/players/Johann Berg_Gudmundsson_76/gw.csv
[2025-10-26T17:28:02.160+0000] {fetch_api_data.py:66} INFO - Fetching Player Data -> https://raw.githubusercontent.com/vaastav/Fantasy-Premier-League/master/data/2018-19/players/Steven_Defour_77/gw.csv
[2025-10-26T17:28:02.967+0000] {fetch_api_data.py:66} INFO - Fetching Player Data -> https://raw.githubusercontent.com/vaastav/Fantasy-Premier-League/master/data/2018-19/players/Jeff_Hendrick_78/gw.csv
[2025-10-26T17:28:03.743+0000] {fetch_api_data.py:66} INFO - Fetching Player Data -> https://raw.githubusercontent.com/vaastav/Fantasy-Premier-League/master/data/2018-19/players/Robbie_Brady_79/gw.csv
[2025-10-26T17:28:04.507+0000] {fetch_api_data.py:66} INFO - Fetching Player Data -> https://raw.githubusercontent.com/vaastav/Fantasy-Premier-League/master/data/2018-19/players/Ashley_Westwood_80/gw.csv
[2025-10-26T17:28:05.172+0000] {fetch_api_data.py:66} INFO - Fetching Player Data -> https://raw.githubusercontent.com/vaastav/Fantasy-Premier-League/master/data/2018-19/players/Jonathan_Walters_81/gw.csv
[2025-10-26T17:28:05.840+0000] {fetch_api_data.py:66} INFO - Fetching Player Data -> https://raw.githubusercontent.com/vaastav/Fantasy-Premier-League/master/data/2018-19/players/Jack_Cork_82/gw.csv
[2025-10-26T17:28:06.470+0000] {fetch_api_data.py:66} INFO - Fetching Player Data -> https://raw.githubusercontent.com/vaastav/Fantasy-Premier-League/master/data/2018-19/players/Aaron_Lennon_83/gw.csv
[2025-10-26T17:28:07.108+0000] {fetch_api_data.py:66} INFO - Fetching Player Data -> https://raw.githubusercontent.com/vaastav/Fantasy-Premier-League/master/data/2018-19/players/Sam_Vokes_84/gw.csv
[2025-10-26T17:28:07.715+0000] {fetch_api_data.py:66} INFO - Fetching Player Data -> https://raw.githubusercontent.com/vaastav/Fantasy-Premier-League/master/data/2018-19/players/Ashley_Barnes_85/gw.csv
[2025-10-26T17:28:08.275+0000] {fetch_api_data.py:66} INFO - Fetching Player Data -> https://raw.githubusercontent.com/vaastav/Fantasy-Premier-League/master/data/2018-19/players/Nahki_Wells_86/gw.csv
[2025-10-26T17:28:08.843+0000] {fetch_api_data.py:66} INFO - Fetching Player Data -> https://raw.githubusercontent.com/vaastav/Fantasy-Premier-League/master/data/2018-19/players/Chris_Wood_87/gw.csv
[2025-10-26T17:28:09.485+0000] {fetch_api_data.py:66} INFO - Fetching Player Data -> https://raw.githubusercontent.com/vaastav/Fantasy-Premier-League/master/data/2018-19/players/Anders_Lindegaard_485/gw.csv
[2025-10-26T17:28:10.113+0000] {fetch_api_data.py:66} INFO - Fetching Player Data -> https://raw.githubusercontent.com/vaastav/Fantasy-Premier-League/master/data/2018-19/players/Joe_Hart_490/gw.csv
[2025-10-26T17:28:11.356+0000] {fetch_api_data.py:66} INFO - Fetching Player Data -> https://raw.githubusercontent.com/vaastav/Fantasy-Premier-League/master/data/2018-19/players/Ben_Gibson_491/gw.csv
[2025-10-26T17:28:13.298+0000] {fetch_api_data.py:66} INFO - Fetching Player Data -> https://raw.githubusercontent.com/vaastav/Fantasy-Premier-League/master/data/2018-19/players/Matej_Vydra_495/gw.csv
[2025-10-26T17:28:13.918+0000] {fetch_api_data.py:66} INFO - Fetching Player Data -> https://raw.githubusercontent.com/vaastav/Fantasy-Premier-League/master/data/2018-19/players/Dwight_McNeil_534/gw.csv
[2025-10-26T17:28:14.501+0000] {fetch_api_data.py:66} INFO - Fetching Player Data -> https://raw.githubusercontent.com/vaastav/Fantasy-Premier-League/master/data/2018-19/players/Abd-Al-Ali Morakinyo Olaposi_Koiki_564/gw.csv
[2025-10-26T17:28:15.071+0000] {fetch_api_data.py:66} INFO - Fetching Player Data -> https://raw.githubusercontent.com/vaastav/Fantasy-Premier-League/master/data/2018-19/players/Josh_Benson_583/gw.csv
[2025-10-26T17:28:15.677+0000] {fetch_api_data.py:66} INFO - Fetching Player Data -> https://raw.githubusercontent.com/vaastav/Fantasy-Premier-League/master/data/2018-19/players/Peter_Crouch_590/gw.csv
[2025-10-26T17:28:16.338+0000] {fetch_api_data.py:66} INFO - Fetching Player Data -> https://raw.githubusercontent.com/vaastav/Fantasy-Premier-League/master/data/2018-19/players/Anthony_Driscoll-Glennon_615/gw.csv
[2025-10-26T17:28:16.998+0000] {fetch_api_data.py:66} INFO - Fetching Player Data -> https://raw.githubusercontent.com/vaastav/Fantasy-Premier-League/master/data/2018-19/players/Harry_Arter_33/gw.csv
[2025-10-26T17:28:17.663+0000] {fetch_api_data.py:66} INFO - Fetching Player Data -> https://raw.githubusercontent.com/vaastav/Fantasy-Premier-League/master/data/2018-19/players/Neil_Etheridge_88/gw.csv
[2025-10-26T17:28:18.360+0000] {fetch_api_data.py:66} INFO - Fetching Player Data -> https://raw.githubusercontent.com/vaastav/Fantasy-Premier-League/master/data/2018-19/players/Alex_Smithies_89/gw.csv
[2025-10-26T17:28:18.994+0000] {fetch_api_data.py:66} INFO - Fetching Player Data -> https://raw.githubusercontent.com/vaastav/Fantasy-Premier-League/master/data/2018-19/players/Sean_Morrison_90/gw.csv
[2025-10-26T17:28:19.595+0000] {fetch_api_data.py:66} INFO - Fetching Player Data -> https://raw.githubusercontent.com/vaastav/Fantasy-Premier-League/master/data/2018-19/players/Sol_Bamba_91/gw.csv
[2025-10-26T17:28:20.186+0000] {fetch_api_data.py:66} INFO - Fetching Player Data -> https://raw.githubusercontent.com/vaastav/Fantasy-Premier-League/master/data/2018-19/players/Bruno_Ecuele Manga_92/gw.csv
[2025-10-26T17:28:20.771+0000] {fetch_api_data.py:66} INFO - Fetching Player Data -> https://raw.githubusercontent.com/vaastav/Fantasy-Premier-League/master/data/2018-19/players/Matthew_Connolly_93/gw.csv
[2025-10-26T17:28:21.356+0000] {fetch_api_data.py:66} INFO - Fetching Player Data -> https://raw.githubusercontent.com/vaastav/Fantasy-Premier-League/master/data/2018-19/players/Joe_Bennett_94/gw.csv
[2025-10-26T17:28:21.938+0000] {fetch_api_data.py:66} INFO - Fetching Player Data -> https://raw.githubusercontent.com/vaastav/Fantasy-Premier-League/master/data/2018-19/players/Lee_Peltier_95/gw.csv
[2025-10-26T17:28:22.552+0000] {fetch_api_data.py:66} INFO - Fetching Player Data -> https://raw.githubusercontent.com/vaastav/Fantasy-Premier-League/master/data/2018-19/players/Ashley Darel Jazz_Richards_96/gw.csv
[2025-10-26T17:28:23.160+0000] {fetch_api_data.py:66} INFO - Fetching Player Data -> https://raw.githubusercontent.com/vaastav/Fantasy-Premier-League/master/data/2018-19/players/Greg_Halford_97/gw.csv
[2025-10-26T17:28:23.742+0000] {fetch_api_data.py:66} INFO - Fetching Player Data -> https://raw.githubusercontent.com/vaastav/Fantasy-Premier-League/master/data/2018-19/players/Joe_Ralls_98/gw.csv
[2025-10-26T17:28:24.292+0000] {fetch_api_data.py:66} INFO - Fetching Player Data -> https://raw.githubusercontent.com/vaastav/Fantasy-Premier-League/master/data/2018-19/players/David Junior_Hoilett_99/gw.csv
[2025-10-26T17:28:24.593+0000] {local_task_job_runner.py:292} WARNING - State of this instance has been externally set to failed. Terminating instance.
[2025-10-26T17:28:24.602+0000] {process_utils.py:135} INFO - Sending Signals.SIGTERM to group 1650. PIDs of all processes in the group: [1650]
[2025-10-26T17:28:24.603+0000] {process_utils.py:86} INFO - Sending the signal Signals.SIGTERM to group 1650
[2025-10-26T17:28:24.605+0000] {taskinstance.py:1517} ERROR - Received SIGTERM. Terminating subprocesses.
[2025-10-26T17:28:24.697+0000] {process_utils.py:79} INFO - Process psutil.Process(pid=1650, status='terminated', exitcode=0, started='17:26:52') (1650) terminated with exit code 0
