[2025-10-28T23:46:20.091+0000] {processor.py:157} INFO - Started process (PID=163) to work on /opt/airflow/dags/fixtures_dag.py
[2025-10-28T23:46:20.092+0000] {processor.py:826} INFO - Processing file /opt/airflow/dags/fixtures_dag.py for tasks to queue
[2025-10-28T23:46:20.094+0000] {logging_mixin.py:150} INFO - [2025-10-28T23:46:20.094+0000] {dagbag.py:541} INFO - Filling up the DagBag from /opt/airflow/dags/fixtures_dag.py
[2025-10-28T23:46:20.389+0000] {logging_mixin.py:150} INFO - [2025-10-28T23:46:20.356+0000] {dagbag.py:350} ERROR - Failed to import: /opt/airflow/dags/fixtures_dag.py
Traceback (most recent call last):
  File "/home/airflow/.local/lib/python3.7/site-packages/airflow/models/dagbag.py", line 346, in parse
    loader.exec_module(new_module)
  File "<frozen importlib._bootstrap_external>", line 728, in exec_module
  File "<frozen importlib._bootstrap>", line 219, in _call_with_frames_removed
  File "/opt/airflow/dags/fixtures_dag.py", line 11, in <module>
    from scripts.utils.fetch_api_data import fetch_data_from_api
  File "/opt/airflow/scripts/utils/fetch_api_data.py", line 41, in <module>
    endpoint=Variable.get("FIXTURES_DATASET_PATH"),
  File "/home/airflow/.local/lib/python3.7/site-packages/airflow/models/variable.py", line 142, in get
    raise KeyError(f"Variable {key} does not exist")
KeyError: 'Variable FIXTURES_DATASET_PATH does not exist'
[2025-10-28T23:46:20.396+0000] {processor.py:838} WARNING - No viable dags retrieved from /opt/airflow/dags/fixtures_dag.py
[2025-10-28T23:46:20.425+0000] {processor.py:179} INFO - Processing /opt/airflow/dags/fixtures_dag.py took 0.343 seconds
[2025-10-28T23:46:50.518+0000] {processor.py:157} INFO - Started process (PID=196) to work on /opt/airflow/dags/fixtures_dag.py
[2025-10-28T23:46:50.519+0000] {processor.py:826} INFO - Processing file /opt/airflow/dags/fixtures_dag.py for tasks to queue
[2025-10-28T23:46:50.520+0000] {logging_mixin.py:150} INFO - [2025-10-28T23:46:50.520+0000] {dagbag.py:541} INFO - Filling up the DagBag from /opt/airflow/dags/fixtures_dag.py
[2025-10-28T23:46:50.643+0000] {logging_mixin.py:150} INFO - [2025-10-28T23:46:50.632+0000] {dagbag.py:350} ERROR - Failed to import: /opt/airflow/dags/fixtures_dag.py
Traceback (most recent call last):
  File "/home/airflow/.local/lib/python3.7/site-packages/airflow/models/dagbag.py", line 346, in parse
    loader.exec_module(new_module)
  File "<frozen importlib._bootstrap_external>", line 728, in exec_module
  File "<frozen importlib._bootstrap>", line 219, in _call_with_frames_removed
  File "/opt/airflow/dags/fixtures_dag.py", line 11, in <module>
    from scripts.utils.fetch_api_data import fetch_data_from_api
  File "/opt/airflow/scripts/utils/fetch_api_data.py", line 41, in <module>
    endpoint=Variable.get("FIXTURES_DATASET_PATH"),
  File "/home/airflow/.local/lib/python3.7/site-packages/airflow/models/variable.py", line 142, in get
    raise KeyError(f"Variable {key} does not exist")
KeyError: 'Variable FIXTURES_DATASET_PATH does not exist'
[2025-10-28T23:46:50.646+0000] {processor.py:838} WARNING - No viable dags retrieved from /opt/airflow/dags/fixtures_dag.py
[2025-10-28T23:46:50.662+0000] {processor.py:179} INFO - Processing /opt/airflow/dags/fixtures_dag.py took 0.152 seconds
[2025-10-28T23:47:20.951+0000] {processor.py:157} INFO - Started process (PID=223) to work on /opt/airflow/dags/fixtures_dag.py
[2025-10-28T23:47:20.952+0000] {processor.py:826} INFO - Processing file /opt/airflow/dags/fixtures_dag.py for tasks to queue
[2025-10-28T23:47:20.954+0000] {logging_mixin.py:150} INFO - [2025-10-28T23:47:20.954+0000] {dagbag.py:541} INFO - Filling up the DagBag from /opt/airflow/dags/fixtures_dag.py
[2025-10-28T23:47:21.062+0000] {logging_mixin.py:150} INFO - [2025-10-28T23:47:21.051+0000] {dagbag.py:350} ERROR - Failed to import: /opt/airflow/dags/fixtures_dag.py
Traceback (most recent call last):
  File "/home/airflow/.local/lib/python3.7/site-packages/airflow/models/dagbag.py", line 346, in parse
    loader.exec_module(new_module)
  File "<frozen importlib._bootstrap_external>", line 728, in exec_module
  File "<frozen importlib._bootstrap>", line 219, in _call_with_frames_removed
  File "/opt/airflow/dags/fixtures_dag.py", line 11, in <module>
    from scripts.utils.fetch_api_data import fetch_data_from_api
  File "/opt/airflow/scripts/utils/fetch_api_data.py", line 41, in <module>
    endpoint=Variable.get("FIXTURES_DATASET_PATH"),
  File "/home/airflow/.local/lib/python3.7/site-packages/airflow/models/variable.py", line 142, in get
    raise KeyError(f"Variable {key} does not exist")
KeyError: 'Variable FIXTURES_DATASET_PATH does not exist'
[2025-10-28T23:47:21.065+0000] {processor.py:838} WARNING - No viable dags retrieved from /opt/airflow/dags/fixtures_dag.py
[2025-10-28T23:47:21.081+0000] {processor.py:179} INFO - Processing /opt/airflow/dags/fixtures_dag.py took 0.137 seconds
