[2025-10-28T23:46:20.503+0000] {processor.py:157} INFO - Started process (PID=176) to work on /opt/airflow/dags/fpl_players_dag.py
[2025-10-28T23:46:20.504+0000] {processor.py:826} INFO - Processing file /opt/airflow/dags/fpl_players_dag.py for tasks to queue
[2025-10-28T23:46:20.506+0000] {logging_mixin.py:150} INFO - [2025-10-28T23:46:20.506+0000] {dagbag.py:541} INFO - Filling up the DagBag from /opt/airflow/dags/fpl_players_dag.py
[2025-10-28T23:46:20.627+0000] {logging_mixin.py:150} INFO - [2025-10-28T23:46:20.615+0000] {dagbag.py:350} ERROR - Failed to import: /opt/airflow/dags/fpl_players_dag.py
Traceback (most recent call last):
  File "/home/airflow/.local/lib/python3.7/site-packages/airflow/models/dagbag.py", line 346, in parse
    loader.exec_module(new_module)
  File "<frozen importlib._bootstrap_external>", line 728, in exec_module
  File "<frozen importlib._bootstrap>", line 219, in _call_with_frames_removed
  File "/opt/airflow/dags/fpl_players_dag.py", line 5, in <module>
    from scripts.utils.fetch_api_data import fetch_data_from_api
  File "/opt/airflow/scripts/utils/fetch_api_data.py", line 41, in <module>
    endpoint=Variable.get("FIXTURES_DATASET_PATH"),
  File "/home/airflow/.local/lib/python3.7/site-packages/airflow/models/variable.py", line 142, in get
    raise KeyError(f"Variable {key} does not exist")
KeyError: 'Variable FIXTURES_DATASET_PATH does not exist'
[2025-10-28T23:46:20.630+0000] {processor.py:838} WARNING - No viable dags retrieved from /opt/airflow/dags/fpl_players_dag.py
[2025-10-28T23:46:20.651+0000] {processor.py:179} INFO - Processing /opt/airflow/dags/fpl_players_dag.py took 0.156 seconds
[2025-10-28T23:46:50.907+0000] {processor.py:157} INFO - Started process (PID=208) to work on /opt/airflow/dags/fpl_players_dag.py
[2025-10-28T23:46:50.908+0000] {processor.py:826} INFO - Processing file /opt/airflow/dags/fpl_players_dag.py for tasks to queue
[2025-10-28T23:46:50.909+0000] {logging_mixin.py:150} INFO - [2025-10-28T23:46:50.908+0000] {dagbag.py:541} INFO - Filling up the DagBag from /opt/airflow/dags/fpl_players_dag.py
[2025-10-28T23:46:50.997+0000] {logging_mixin.py:150} INFO - [2025-10-28T23:46:50.986+0000] {dagbag.py:350} ERROR - Failed to import: /opt/airflow/dags/fpl_players_dag.py
Traceback (most recent call last):
  File "/home/airflow/.local/lib/python3.7/site-packages/airflow/models/dagbag.py", line 346, in parse
    loader.exec_module(new_module)
  File "<frozen importlib._bootstrap_external>", line 728, in exec_module
  File "<frozen importlib._bootstrap>", line 219, in _call_with_frames_removed
  File "/opt/airflow/dags/fpl_players_dag.py", line 5, in <module>
    from scripts.utils.fetch_api_data import fetch_data_from_api
  File "/opt/airflow/scripts/utils/fetch_api_data.py", line 41, in <module>
    endpoint=Variable.get("FIXTURES_DATASET_PATH"),
  File "/home/airflow/.local/lib/python3.7/site-packages/airflow/models/variable.py", line 142, in get
    raise KeyError(f"Variable {key} does not exist")
KeyError: 'Variable FIXTURES_DATASET_PATH does not exist'
[2025-10-28T23:46:51.001+0000] {processor.py:838} WARNING - No viable dags retrieved from /opt/airflow/dags/fpl_players_dag.py
[2025-10-28T23:46:51.017+0000] {processor.py:179} INFO - Processing /opt/airflow/dags/fpl_players_dag.py took 0.115 seconds
[2025-10-28T23:47:21.305+0000] {processor.py:157} INFO - Started process (PID=238) to work on /opt/airflow/dags/fpl_players_dag.py
[2025-10-28T23:47:21.306+0000] {processor.py:826} INFO - Processing file /opt/airflow/dags/fpl_players_dag.py for tasks to queue
[2025-10-28T23:47:21.307+0000] {logging_mixin.py:150} INFO - [2025-10-28T23:47:21.307+0000] {dagbag.py:541} INFO - Filling up the DagBag from /opt/airflow/dags/fpl_players_dag.py
[2025-10-28T23:47:21.386+0000] {logging_mixin.py:150} INFO - [2025-10-28T23:47:21.378+0000] {dagbag.py:350} ERROR - Failed to import: /opt/airflow/dags/fpl_players_dag.py
Traceback (most recent call last):
  File "/home/airflow/.local/lib/python3.7/site-packages/airflow/models/dagbag.py", line 346, in parse
    loader.exec_module(new_module)
  File "<frozen importlib._bootstrap_external>", line 728, in exec_module
  File "<frozen importlib._bootstrap>", line 219, in _call_with_frames_removed
  File "/opt/airflow/dags/fpl_players_dag.py", line 5, in <module>
    from scripts.utils.fetch_api_data import fetch_data_from_api
  File "/opt/airflow/scripts/utils/fetch_api_data.py", line 41, in <module>
    endpoint=Variable.get("FIXTURES_DATASET_PATH"),
  File "/home/airflow/.local/lib/python3.7/site-packages/airflow/models/variable.py", line 142, in get
    raise KeyError(f"Variable {key} does not exist")
KeyError: 'Variable FIXTURES_DATASET_PATH does not exist'
[2025-10-28T23:47:21.388+0000] {processor.py:838} WARNING - No viable dags retrieved from /opt/airflow/dags/fpl_players_dag.py
[2025-10-28T23:47:21.404+0000] {processor.py:179} INFO - Processing /opt/airflow/dags/fpl_players_dag.py took 0.104 seconds
