[2025-10-28T23:46:20.101+0000] {processor.py:157} INFO - Started process (PID=166) to work on /opt/airflow/dags/fpl_etl_pipeline.py
[2025-10-28T23:46:20.102+0000] {processor.py:826} INFO - Processing file /opt/airflow/dags/fpl_etl_pipeline.py for tasks to queue
[2025-10-28T23:46:20.104+0000] {logging_mixin.py:150} INFO - [2025-10-28T23:46:20.103+0000] {dagbag.py:541} INFO - Filling up the DagBag from /opt/airflow/dags/fpl_etl_pipeline.py
[2025-10-28T23:46:20.304+0000] {logging_mixin.py:150} INFO - [2025-10-28T23:46:20.298+0000] {dagbag.py:350} ERROR - Failed to import: /opt/airflow/dags/fpl_etl_pipeline.py
Traceback (most recent call last):
  File "/home/airflow/.local/lib/python3.7/site-packages/airflow/models/dagbag.py", line 346, in parse
    loader.exec_module(new_module)
  File "<frozen importlib._bootstrap_external>", line 728, in exec_module
  File "<frozen importlib._bootstrap>", line 219, in _call_with_frames_removed
  File "/opt/airflow/dags/fpl_etl_pipeline.py", line 16, in <module>
    from scripts.load_fixtures import SEASONS
ImportError: cannot import name 'SEASONS' from 'scripts.load_fixtures' (/opt/airflow/scripts/load_fixtures.py)
[2025-10-28T23:46:20.306+0000] {processor.py:838} WARNING - No viable dags retrieved from /opt/airflow/dags/fpl_etl_pipeline.py
[2025-10-28T23:46:20.372+0000] {processor.py:179} INFO - Processing /opt/airflow/dags/fpl_etl_pipeline.py took 0.277 seconds
[2025-10-28T23:46:50.483+0000] {processor.py:157} INFO - Started process (PID=193) to work on /opt/airflow/dags/fpl_etl_pipeline.py
[2025-10-28T23:46:50.484+0000] {processor.py:826} INFO - Processing file /opt/airflow/dags/fpl_etl_pipeline.py for tasks to queue
[2025-10-28T23:46:50.485+0000] {logging_mixin.py:150} INFO - [2025-10-28T23:46:50.485+0000] {dagbag.py:541} INFO - Filling up the DagBag from /opt/airflow/dags/fpl_etl_pipeline.py
[2025-10-28T23:46:50.566+0000] {logging_mixin.py:150} INFO - [2025-10-28T23:46:50.562+0000] {dagbag.py:350} ERROR - Failed to import: /opt/airflow/dags/fpl_etl_pipeline.py
Traceback (most recent call last):
  File "/home/airflow/.local/lib/python3.7/site-packages/airflow/models/dagbag.py", line 346, in parse
    loader.exec_module(new_module)
  File "<frozen importlib._bootstrap_external>", line 728, in exec_module
  File "<frozen importlib._bootstrap>", line 219, in _call_with_frames_removed
  File "/opt/airflow/dags/fpl_etl_pipeline.py", line 16, in <module>
    from scripts.load_fixtures import SEASONS
ImportError: cannot import name 'SEASONS' from 'scripts.load_fixtures' (/opt/airflow/scripts/load_fixtures.py)
[2025-10-28T23:46:50.567+0000] {processor.py:838} WARNING - No viable dags retrieved from /opt/airflow/dags/fpl_etl_pipeline.py
[2025-10-28T23:46:50.612+0000] {processor.py:179} INFO - Processing /opt/airflow/dags/fpl_etl_pipeline.py took 0.135 seconds
[2025-10-28T23:47:20.966+0000] {processor.py:157} INFO - Started process (PID=226) to work on /opt/airflow/dags/fpl_etl_pipeline.py
[2025-10-28T23:47:20.967+0000] {processor.py:826} INFO - Processing file /opt/airflow/dags/fpl_etl_pipeline.py for tasks to queue
[2025-10-28T23:47:20.968+0000] {logging_mixin.py:150} INFO - [2025-10-28T23:47:20.968+0000] {dagbag.py:541} INFO - Filling up the DagBag from /opt/airflow/dags/fpl_etl_pipeline.py
[2025-10-28T23:47:21.042+0000] {logging_mixin.py:150} INFO - [2025-10-28T23:47:21.036+0000] {dagbag.py:350} ERROR - Failed to import: /opt/airflow/dags/fpl_etl_pipeline.py
Traceback (most recent call last):
  File "/home/airflow/.local/lib/python3.7/site-packages/airflow/models/dagbag.py", line 346, in parse
    loader.exec_module(new_module)
  File "<frozen importlib._bootstrap_external>", line 728, in exec_module
  File "<frozen importlib._bootstrap>", line 219, in _call_with_frames_removed
  File "/opt/airflow/dags/fpl_etl_pipeline.py", line 16, in <module>
    from scripts.load_fixtures import SEASONS
ImportError: cannot import name 'SEASONS' from 'scripts.load_fixtures' (/opt/airflow/scripts/load_fixtures.py)
[2025-10-28T23:47:21.044+0000] {processor.py:838} WARNING - No viable dags retrieved from /opt/airflow/dags/fpl_etl_pipeline.py
[2025-10-28T23:47:21.084+0000] {processor.py:179} INFO - Processing /opt/airflow/dags/fpl_etl_pipeline.py took 0.123 seconds
