[2025-10-29T13:32:23.769+0000] {taskinstance.py:1103} INFO - Dependencies all met for dep_context=non-requeueable deps ti=<TaskInstance: fpl_gameweeks_etl.fetch_players_gw_task manual__2025-10-29T13:31:56.533700+00:00 map_index=6 [queued]>
[2025-10-29T13:32:23.876+0000] {taskinstance.py:1103} INFO - Dependencies all met for dep_context=requeueable deps ti=<TaskInstance: fpl_gameweeks_etl.fetch_players_gw_task manual__2025-10-29T13:31:56.533700+00:00 map_index=6 [queued]>
[2025-10-29T13:32:23.890+0000] {taskinstance.py:1308} INFO - Starting attempt 1 of 2
[2025-10-29T13:32:24.790+0000] {taskinstance.py:1327} INFO - Executing <Mapped(_PythonDecoratedOperator): fetch_players_gw_task> on 2025-10-29 13:31:56.533700+00:00
[2025-10-29T13:32:24.812+0000] {standard_task_runner.py:57} INFO - Started process 13869 to run task
[2025-10-29T13:32:24.830+0000] {standard_task_runner.py:84} INFO - Running: ['airflow', 'tasks', 'run', 'fpl_gameweeks_etl', 'fetch_players_gw_task', 'manual__2025-10-29T13:31:56.533700+00:00', '--job-id', '967', '--raw', '--subdir', 'DAGS_FOLDER/fpl_gameweeks_dag.py', '--cfg-path', '/tmp/tmp3hlsoslr', '--map-index', '6']
[2025-10-29T13:32:24.843+0000] {standard_task_runner.py:85} INFO - Job 967: Subtask fetch_players_gw_task
[2025-10-29T13:32:25.135+0000] {task_command.py:410} INFO - Running <TaskInstance: fpl_gameweeks_etl.fetch_players_gw_task manual__2025-10-29T13:31:56.533700+00:00 map_index=6 [running]> on host dede24b5451e
[2025-10-29T13:32:25.836+0000] {taskinstance.py:1547} INFO - Exporting env vars: AIRFLOW_CTX_DAG_OWNER='richardilemon' AIRFLOW_CTX_DAG_ID='fpl_gameweeks_etl' AIRFLOW_CTX_TASK_ID='fetch_players_gw_task' AIRFLOW_CTX_EXECUTION_DATE='2025-10-29T13:31:56.533700+00:00' AIRFLOW_CTX_TRY_NUMBER='1' AIRFLOW_CTX_DAG_RUN_ID='manual__2025-10-29T13:31:56.533700+00:00'
[2025-10-29T13:32:26.485+0000] {fetch_api_data.py:79} WARNING - Failed to fetch data for Petr_Cech_1: 404
[2025-10-29T13:32:27.058+0000] {fetch_api_data.py:79} WARNING - Failed to fetch data for Bernd_Leno_2: 404
[2025-10-29T13:32:27.673+0000] {fetch_api_data.py:79} WARNING - Failed to fetch data for Laurent_Koscielny_3: 404
[2025-10-29T13:32:28.537+0000] {fetch_api_data.py:79} WARNING - Failed to fetch data for Héctor_Bellerín_4: 404
[2025-10-29T13:32:29.332+0000] {fetch_api_data.py:79} WARNING - Failed to fetch data for Nacho_Monreal_5: 404
[2025-10-29T13:32:30.113+0000] {fetch_api_data.py:79} WARNING - Failed to fetch data for Rob_Holding_6: 404
[2025-10-29T13:32:31.184+0000] {fetch_api_data.py:79} WARNING - Failed to fetch data for Shkodran_Mustafi_7: 404
[2025-10-29T13:32:32.122+0000] {fetch_api_data.py:79} WARNING - Failed to fetch data for Sead_Kolasinac_8: 404
[2025-10-29T13:32:33.030+0000] {fetch_api_data.py:79} WARNING - Failed to fetch data for Konstantinos_Mavropanos_10: 404
[2025-10-29T13:32:33.936+0000] {fetch_api_data.py:79} WARNING - Failed to fetch data for Stephan_Lichtsteiner_11: 404
[2025-10-29T13:32:34.679+0000] {fetch_api_data.py:79} WARNING - Failed to fetch data for Sokratis_Papastathopoulos_12: 404
[2025-10-29T13:32:35.495+0000] {fetch_api_data.py:79} WARNING - Failed to fetch data for Mesut_Özil_13: 404
[2025-10-29T13:32:36.318+0000] {fetch_api_data.py:79} WARNING - Failed to fetch data for Aaron_Ramsey_14: 404
[2025-10-29T13:32:37.138+0000] {fetch_api_data.py:79} WARNING - Failed to fetch data for Alex_Iwobi_15: 404
[2025-10-29T13:32:37.993+0000] {fetch_api_data.py:79} WARNING - Failed to fetch data for Mohamed_Elneny_16: 404
[2025-10-29T13:32:38.890+0000] {fetch_api_data.py:79} WARNING - Failed to fetch data for Granit_Xhaka_17: 404
[2025-10-29T13:32:39.823+0000] {fetch_api_data.py:79} WARNING - Failed to fetch data for Henrikh_Mkhitaryan_18: 404
[2025-10-29T13:32:40.631+0000] {fetch_api_data.py:79} WARNING - Failed to fetch data for Reiss_Nelson_19: 404
[2025-10-29T13:32:41.629+0000] {fetch_api_data.py:79} WARNING - Failed to fetch data for Ainsley_Maitland-Niles_20: 404
[2025-10-29T13:32:42.605+0000] {fetch_api_data.py:79} WARNING - Failed to fetch data for Danny_Welbeck_21: 404
[2025-10-29T13:32:43.291+0000] {fetch_api_data.py:79} WARNING - Failed to fetch data for Alexandre_Lacazette_22: 404
[2025-10-29T13:32:43.937+0000] {fetch_api_data.py:79} WARNING - Failed to fetch data for Pierre-Emerick_Aubameyang_23: 404
[2025-10-29T13:32:44.726+0000] {fetch_api_data.py:79} WARNING - Failed to fetch data for Lucas_Torreira_450: 404
[2025-10-29T13:32:45.341+0000] {fetch_api_data.py:79} WARNING - Failed to fetch data for Matteo_Guendouzi_451: 404
[2025-10-29T13:32:46.121+0000] {fetch_api_data.py:79} WARNING - Failed to fetch data for Emiliano_Martínez_542: 404
[2025-10-29T13:32:47.319+0000] {fetch_api_data.py:79} WARNING - Failed to fetch data for Emile_Smith-Rowe_545: 404
[2025-10-29T13:32:48.683+0000] {fetch_api_data.py:79} WARNING - Failed to fetch data for Zech_Medley_546: 404
[2025-10-29T13:32:49.467+0000] {fetch_api_data.py:79} WARNING - Failed to fetch data for Edward_Nketiah_552: 404
[2025-10-29T13:32:50.157+0000] {fetch_api_data.py:79} WARNING - Failed to fetch data for Bukayo_Saka_563: 404
[2025-10-29T13:32:50.872+0000] {fetch_api_data.py:79} WARNING - Failed to fetch data for Joseph_Willock_566: 404
[2025-10-29T13:32:51.723+0000] {fetch_api_data.py:79} WARNING - Failed to fetch data for Carl_Jenkinson_581: 404
[2025-10-29T13:32:52.793+0000] {fetch_api_data.py:79} WARNING - Failed to fetch data for Denis_Suárez_586: 404
[2025-10-29T13:32:53.432+0000] {fetch_api_data.py:79} WARNING - Failed to fetch data for Asmir_Begovic_24: 404
[2025-10-29T13:32:54.213+0000] {fetch_api_data.py:79} WARNING - Failed to fetch data for Artur_Boruc_25: 404
[2025-10-29T13:32:54.947+0000] {fetch_api_data.py:79} WARNING - Failed to fetch data for Simon_Francis_26: 404
[2025-10-29T13:32:55.662+0000] {fetch_api_data.py:79} WARNING - Failed to fetch data for Steve_Cook_27: 404
[2025-10-29T13:32:56.744+0000] {fetch_api_data.py:79} WARNING - Failed to fetch data for Charlie_Daniels_28: 404
[2025-10-29T13:32:59.097+0000] {fetch_api_data.py:79} WARNING - Failed to fetch data for Adam_Smith_29: 404
[2025-10-29T13:32:59.757+0000] {fetch_api_data.py:79} WARNING - Failed to fetch data for Tyrone_Mings_30: 404
[2025-10-29T13:33:00.383+0000] {fetch_api_data.py:79} WARNING - Failed to fetch data for Nathan_Aké_31: 404
[2025-10-29T13:33:01.040+0000] {fetch_api_data.py:79} WARNING - Failed to fetch data for Jack_Simpson_32: 404
[2025-10-29T13:33:01.658+0000] {fetch_api_data.py:79} WARNING - Failed to fetch data for Marc_Pugh_34: 404
[2025-10-29T13:33:02.303+0000] {fetch_api_data.py:79} WARNING - Failed to fetch data for Andrew_Surman_35: 404
[2025-10-29T13:33:02.903+0000] {fetch_api_data.py:79} WARNING - Failed to fetch data for Junior_Stanislas_36: 404
[2025-10-29T13:33:03.569+0000] {fetch_api_data.py:79} WARNING - Failed to fetch data for Dan_Gosling_37: 404
[2025-10-29T13:33:04.275+0000] {fetch_api_data.py:79} WARNING - Failed to fetch data for Jordon_Ibe_38: 404
[2025-10-29T13:33:05.240+0000] {fetch_api_data.py:79} WARNING - Failed to fetch data for Lewis_Cook_39: 404
[2025-10-29T13:33:06.011+0000] {fetch_api_data.py:79} WARNING - Failed to fetch data for Ryan_Fraser_40: 404
[2025-10-29T13:33:06.660+0000] {fetch_api_data.py:79} WARNING - Failed to fetch data for Emerson_Hyndman_41: 404
[2025-10-29T13:33:07.296+0000] {fetch_api_data.py:79} WARNING - Failed to fetch data for David_Brooks_42: 404
[2025-10-29T13:33:07.966+0000] {fetch_api_data.py:79} WARNING - Failed to fetch data for Callum_Wilson_43: 404
[2025-10-29T13:33:08.647+0000] {fetch_api_data.py:79} WARNING - Failed to fetch data for Lys_Mousset_44: 404
[2025-10-29T13:33:09.260+0000] {fetch_api_data.py:79} WARNING - Failed to fetch data for Joshua_King_45: 404
[2025-10-29T13:33:09.960+0000] {fetch_api_data.py:79} WARNING - Failed to fetch data for Jermain_Defoe_46: 404
[2025-10-29T13:33:10.552+0000] {fetch_api_data.py:79} WARNING - Failed to fetch data for Nathaniel_Clyne_241: 404
[2025-10-29T13:33:11.265+0000] {fetch_api_data.py:79} WARNING - Failed to fetch data for Dominic_Solanke_259: 404
[2025-10-29T13:33:11.966+0000] {fetch_api_data.py:79} WARNING - Failed to fetch data for Diego_Rico_473: 404
[2025-10-29T13:33:12.562+0000] {fetch_api_data.py:79} WARNING - Failed to fetch data for Jefferson_Lerma_494: 404
[2025-10-29T13:33:13.170+0000] {fetch_api_data.py:79} WARNING - Failed to fetch data for Chris_Mepham_580: 404
[2025-10-29T13:33:13.853+0000] {fetch_api_data.py:79} WARNING - Failed to fetch data for Sam_Surridge_599: 404
[2025-10-29T13:33:14.645+0000] {fetch_api_data.py:79} WARNING - Failed to fetch data for Kyle_Taylor_600: 404
[2025-10-29T13:33:15.505+0000] {fetch_api_data.py:79} WARNING - Failed to fetch data for Nnamdi_Ofoborh_613: 404
[2025-10-29T13:33:16.312+0000] {fetch_api_data.py:79} WARNING - Failed to fetch data for Mark_Travers_616: 404
[2025-10-29T13:33:17.028+0000] {fetch_api_data.py:79} WARNING - Failed to fetch data for Matt_Butcher_620: 404
[2025-10-29T13:33:17.646+0000] {fetch_api_data.py:79} WARNING - Failed to fetch data for Mathew_Ryan_47: 404
[2025-10-29T13:33:18.231+0000] {fetch_api_data.py:79} WARNING - Failed to fetch data for Lewis_Dunk_48: 404
[2025-10-29T13:33:18.879+0000] {fetch_api_data.py:79} WARNING - Failed to fetch data for Shane_Duffy_49: 404
[2025-10-29T13:33:19.505+0000] {fetch_api_data.py:79} WARNING - Failed to fetch data for Bruno_Saltor Grau_50: 404
[2025-10-29T13:33:20.247+0000] {fetch_api_data.py:79} WARNING - Failed to fetch data for Gaëtan_Bong_51: 404
[2025-10-29T13:33:20.978+0000] {fetch_api_data.py:79} WARNING - Failed to fetch data for Markus_Suttner_52: 404
[2025-10-29T13:33:21.698+0000] {fetch_api_data.py:79} WARNING - Failed to fetch data for Ezequiel_Schelotto_53: 404
[2025-10-29T13:33:22.331+0000] {fetch_api_data.py:79} WARNING - Failed to fetch data for Leon_Balogun_54: 404
[2025-10-29T13:33:23.095+0000] {fetch_api_data.py:79} WARNING - Failed to fetch data for Anthony_Knockaert_55: 404
[2025-10-29T13:33:23.777+0000] {fetch_api_data.py:79} WARNING - Failed to fetch data for Dale_Stephens_56: 404
[2025-10-29T13:33:24.431+0000] {fetch_api_data.py:79} WARNING - Failed to fetch data for Beram_Kayal_57: 404
[2025-10-29T13:33:25.042+0000] {fetch_api_data.py:79} WARNING - Failed to fetch data for Solomon_March_58: 404
[2025-10-29T13:33:25.704+0000] {fetch_api_data.py:79} WARNING - Failed to fetch data for Pascal_Groß_59: 404
[2025-10-29T13:33:26.764+0000] {fetch_api_data.py:79} WARNING - Failed to fetch data for Davy_Pröpper_60: 404
[2025-10-29T13:33:27.471+0000] {fetch_api_data.py:79} WARNING - Failed to fetch data for José Heriberto_Izquierdo Mena_61: 404
[2025-10-29T13:33:28.120+0000] {fetch_api_data.py:79} WARNING - Failed to fetch data for Glenn_Murray_62: 404
[2025-10-29T13:33:28.864+0000] {fetch_api_data.py:79} WARNING - Failed to fetch data for Tomer_Hemed_63: 404
[2025-10-29T13:33:29.492+0000] {fetch_api_data.py:79} WARNING - Failed to fetch data for Sam_Baldock_64: 404
[2025-10-29T13:33:30.134+0000] {fetch_api_data.py:79} WARNING - Failed to fetch data for Jürgen_Locadia_65: 404
[2025-10-29T13:33:30.977+0000] {fetch_api_data.py:79} WARNING - Failed to fetch data for Florin_Andone_66: 404
[2025-10-29T13:33:31.738+0000] {fetch_api_data.py:79} WARNING - Failed to fetch data for David_Button_179: 404
[2025-10-29T13:33:32.380+0000] {fetch_api_data.py:79} WARNING - Failed to fetch data for Jason_Steele_439: 404
[2025-10-29T13:33:33.005+0000] {fetch_api_data.py:79} WARNING - Failed to fetch data for Bernardo_Fernandes da Silva Junior_440: 404
[2025-10-29T13:33:33.627+0000] {fetch_api_data.py:79} WARNING - Failed to fetch data for Yves_Bissouma_466: 404
[2025-10-29T13:33:34.296+0000] {fetch_api_data.py:79} WARNING - Failed to fetch data for Alireza_Jahanbakhsh_476: 404
[2025-10-29T13:33:34.923+0000] {fetch_api_data.py:79} WARNING - Failed to fetch data for Martín_Montoya_503: 404
[2025-10-29T13:33:35.538+0000] {fetch_api_data.py:79} WARNING - Failed to fetch data for Viktor_Gyokeres_551: 404
[2025-10-29T13:33:36.472+0000] {fetch_api_data.py:79} WARNING - Failed to fetch data for Ben_White_559: 404
[2025-10-29T13:33:37.200+0000] {fetch_api_data.py:79} WARNING - Failed to fetch data for Max_Sanders_572: 404
[2025-10-29T13:33:37.850+0000] {fetch_api_data.py:79} WARNING - Failed to fetch data for Dan_Burn_582: 404
[2025-10-29T13:33:38.457+0000] {fetch_api_data.py:79} WARNING - Failed to fetch data for Jayson_Molumby_617: 404
[2025-10-29T13:33:39.094+0000] {fetch_api_data.py:79} WARNING - Failed to fetch data for Tom_Heaton_67: 404
[2025-10-29T13:33:39.739+0000] {fetch_api_data.py:79} WARNING - Failed to fetch data for Nick_Pope_68: 404
[2025-10-29T13:33:40.400+0000] {fetch_api_data.py:79} WARNING - Failed to fetch data for Matthew_Lowton_69: 404
[2025-10-29T13:33:41.057+0000] {fetch_api_data.py:79} WARNING - Failed to fetch data for Ben_Mee_70: 404
[2025-10-29T13:33:41.766+0000] {fetch_api_data.py:79} WARNING - Failed to fetch data for Stephen_Ward_71: 404
[2025-10-29T13:33:42.546+0000] {fetch_api_data.py:79} WARNING - Failed to fetch data for James_Tarkowski_72: 404
[2025-10-29T13:33:43.164+0000] {fetch_api_data.py:79} WARNING - Failed to fetch data for Kevin_Long_73: 404
[2025-10-29T13:33:43.869+0000] {fetch_api_data.py:79} WARNING - Failed to fetch data for Charlie_Taylor_74: 404
[2025-10-29T13:33:44.492+0000] {fetch_api_data.py:79} WARNING - Failed to fetch data for Phil_Bardsley_75: 404
[2025-10-29T13:33:45.110+0000] {fetch_api_data.py:79} WARNING - Failed to fetch data for Johann Berg_Gudmundsson_76: 404
[2025-10-29T13:33:45.699+0000] {fetch_api_data.py:79} WARNING - Failed to fetch data for Steven_Defour_77: 404
[2025-10-29T13:33:46.360+0000] {fetch_api_data.py:79} WARNING - Failed to fetch data for Jeff_Hendrick_78: 404
[2025-10-29T13:33:46.995+0000] {fetch_api_data.py:79} WARNING - Failed to fetch data for Robbie_Brady_79: 404
[2025-10-29T13:33:47.620+0000] {fetch_api_data.py:79} WARNING - Failed to fetch data for Ashley_Westwood_80: 404
[2025-10-29T13:33:48.246+0000] {fetch_api_data.py:79} WARNING - Failed to fetch data for Jonathan_Walters_81: 404
[2025-10-29T13:33:48.857+0000] {fetch_api_data.py:79} WARNING - Failed to fetch data for Jack_Cork_82: 404
[2025-10-29T13:33:49.492+0000] {fetch_api_data.py:79} WARNING - Failed to fetch data for Aaron_Lennon_83: 404
[2025-10-29T13:33:50.523+0000] {fetch_api_data.py:79} WARNING - Failed to fetch data for Sam_Vokes_84: 404
[2025-10-29T13:33:51.511+0000] {fetch_api_data.py:79} WARNING - Failed to fetch data for Ashley_Barnes_85: 404
[2025-10-29T13:33:52.463+0000] {fetch_api_data.py:79} WARNING - Failed to fetch data for Nahki_Wells_86: 404
[2025-10-29T13:33:53.123+0000] {fetch_api_data.py:79} WARNING - Failed to fetch data for Chris_Wood_87: 404
[2025-10-29T13:33:53.752+0000] {fetch_api_data.py:79} WARNING - Failed to fetch data for Anders_Lindegaard_485: 404
[2025-10-29T13:33:54.407+0000] {fetch_api_data.py:79} WARNING - Failed to fetch data for Joe_Hart_490: 404
[2025-10-29T13:33:55.015+0000] {fetch_api_data.py:79} WARNING - Failed to fetch data for Ben_Gibson_491: 404
[2025-10-29T13:33:55.766+0000] {fetch_api_data.py:79} WARNING - Failed to fetch data for Matej_Vydra_495: 404
[2025-10-29T13:33:56.597+0000] {fetch_api_data.py:79} WARNING - Failed to fetch data for Dwight_McNeil_534: 404
[2025-10-29T13:33:57.371+0000] {fetch_api_data.py:79} WARNING - Failed to fetch data for Abd-Al-Ali Morakinyo Olaposi_Koiki_564: 404
[2025-10-29T13:33:58.011+0000] {fetch_api_data.py:79} WARNING - Failed to fetch data for Josh_Benson_583: 404
[2025-10-29T13:33:58.615+0000] {fetch_api_data.py:79} WARNING - Failed to fetch data for Peter_Crouch_590: 404
[2025-10-29T13:33:59.480+0000] {fetch_api_data.py:79} WARNING - Failed to fetch data for Anthony_Driscoll-Glennon_615: 404
[2025-10-29T13:34:00.558+0000] {fetch_api_data.py:79} WARNING - Failed to fetch data for Harry_Arter_33: 404
[2025-10-29T13:34:01.371+0000] {fetch_api_data.py:79} WARNING - Failed to fetch data for Neil_Etheridge_88: 404
[2025-10-29T13:34:02.113+0000] {fetch_api_data.py:79} WARNING - Failed to fetch data for Alex_Smithies_89: 404
[2025-10-29T13:34:02.728+0000] {fetch_api_data.py:79} WARNING - Failed to fetch data for Sean_Morrison_90: 404
[2025-10-29T13:34:03.402+0000] {fetch_api_data.py:79} WARNING - Failed to fetch data for Sol_Bamba_91: 404
[2025-10-29T13:34:04.072+0000] {fetch_api_data.py:79} WARNING - Failed to fetch data for Bruno_Ecuele Manga_92: 404
[2025-10-29T13:34:04.715+0000] {fetch_api_data.py:79} WARNING - Failed to fetch data for Matthew_Connolly_93: 404
[2025-10-29T13:34:05.347+0000] {fetch_api_data.py:79} WARNING - Failed to fetch data for Joe_Bennett_94: 404
[2025-10-29T13:34:06.117+0000] {fetch_api_data.py:79} WARNING - Failed to fetch data for Lee_Peltier_95: 404
[2025-10-29T13:34:06.888+0000] {fetch_api_data.py:79} WARNING - Failed to fetch data for Ashley Darel Jazz_Richards_96: 404
[2025-10-29T13:34:07.733+0000] {fetch_api_data.py:79} WARNING - Failed to fetch data for Greg_Halford_97: 404
[2025-10-29T13:34:08.369+0000] {fetch_api_data.py:79} WARNING - Failed to fetch data for Joe_Ralls_98: 404
[2025-10-29T13:34:08.964+0000] {fetch_api_data.py:79} WARNING - Failed to fetch data for David Junior_Hoilett_99: 404
[2025-10-29T13:34:09.565+0000] {fetch_api_data.py:79} WARNING - Failed to fetch data for Nathaniel_Mendez-Laing_100: 404
[2025-10-29T13:34:10.155+0000] {fetch_api_data.py:79} WARNING - Failed to fetch data for Callum_Paterson_101: 404
[2025-10-29T13:34:10.789+0000] {fetch_api_data.py:79} WARNING - Failed to fetch data for Aron_Gunnarsson_102: 404
[2025-10-29T13:34:11.421+0000] {fetch_api_data.py:79} WARNING - Failed to fetch data for Anthony_Pilkington_103: 404
[2025-10-29T13:34:12.180+0000] {fetch_api_data.py:79} WARNING - Failed to fetch data for Loïc_Damour_104: 404
[2025-10-29T13:34:12.810+0000] {fetch_api_data.py:79} WARNING - Failed to fetch data for Danny_Ward_105: 404
[2025-10-29T13:34:13.422+0000] {fetch_api_data.py:79} WARNING - Failed to fetch data for Josh_Murphy_106: 404
[2025-10-29T13:34:14.146+0000] {fetch_api_data.py:79} WARNING - Failed to fetch data for Kenneth_Zohore_107: 404
[2025-10-29T13:34:14.895+0000] {fetch_api_data.py:79} WARNING - Failed to fetch data for Omar_Bogle_108: 404
[2025-10-29T13:34:15.610+0000] {fetch_api_data.py:79} WARNING - Failed to fetch data for Gary_Madine_109: 404
[2025-10-29T13:34:16.201+0000] {fetch_api_data.py:79} WARNING - Failed to fetch data for Bobby_Reid_110: 404
[2025-10-29T13:34:16.845+0000] {fetch_api_data.py:79} WARNING - Failed to fetch data for Oumar_Niasse_176: 404
[2025-10-29T13:34:17.485+0000] {fetch_api_data.py:79} WARNING - Failed to fetch data for Greg_Cunninghamm_467: 404
[2025-10-29T13:34:18.111+0000] {fetch_api_data.py:79} WARNING - Failed to fetch data for Víctor_Camarasa_504: 404
[2025-10-29T13:34:19.116+0000] {fetch_api_data.py:79} WARNING - Failed to fetch data for Kadeem_Harris_535: 404
[2025-10-29T13:34:19.842+0000] {fetch_api_data.py:79} WARNING - Failed to fetch data for Brian_Murphy_537: 404
[2025-10-29T13:34:20.519+0000] {fetch_api_data.py:79} WARNING - Failed to fetch data for Rhys_Healey_573: 404
[2025-10-29T13:34:21.110+0000] {fetch_api_data.py:79} WARNING - Failed to fetch data for Leandro_Bacuna_589: 404
[2025-10-29T13:34:21.707+0000] {fetch_api_data.py:79} WARNING - Failed to fetch data for Thibaut_Courtois_111: 404
[2025-10-29T13:34:22.518+0000] {fetch_api_data.py:79} WARNING - Failed to fetch data for Willy_Caballero_112: 404
[2025-10-29T13:34:23.268+0000] {fetch_api_data.py:79} WARNING - Failed to fetch data for César_Azpilicueta_113: 404
[2025-10-29T13:34:24.005+0000] {fetch_api_data.py:79} WARNING - Failed to fetch data for Gary_Cahill_114: 404
[2025-10-29T13:34:24.770+0000] {fetch_api_data.py:79} WARNING - Failed to fetch data for Marcos_Alonso_115: 404
[2025-10-29T13:34:25.518+0000] {fetch_api_data.py:79} WARNING - Failed to fetch data for David_Luiz Moreira Marinho_116: 404
[2025-10-29T13:34:26.199+0000] {fetch_api_data.py:79} WARNING - Failed to fetch data for Victor_Moses_117: 404
[2025-10-29T13:34:26.834+0000] {fetch_api_data.py:79} WARNING - Failed to fetch data for Antonio_Rüdiger_118: 404
[2025-10-29T13:34:27.448+0000] {fetch_api_data.py:79} WARNING - Failed to fetch data for Andreas_Christensen_119: 404
[2025-10-29T13:34:28.057+0000] {fetch_api_data.py:79} WARNING - Failed to fetch data for Davide_Zappacosta_120: 404
[2025-10-29T13:34:28.735+0000] {fetch_api_data.py:79} WARNING - Failed to fetch data for Emerson_Palmieri dos Santos_121: 404
[2025-10-29T13:34:29.356+0000] {fetch_api_data.py:79} WARNING - Failed to fetch data for Eden_Hazard_122: 404
[2025-10-29T13:34:29.971+0000] {fetch_api_data.py:79} WARNING - Failed to fetch data for Cesc_Fàbregas_123: 404
[2025-10-29T13:34:30.643+0000] {fetch_api_data.py:79} WARNING - Failed to fetch data for Willian_Borges Da Silva_124: 404
[2025-10-29T13:34:31.241+0000] {fetch_api_data.py:79} WARNING - Failed to fetch data for Pedro_Rodríguez Ledesma_125: 404
[2025-10-29T13:34:31.873+0000] {fetch_api_data.py:79} WARNING - Failed to fetch data for N'Golo_Kanté_126: 404
[2025-10-29T13:34:32.473+0000] {fetch_api_data.py:79} WARNING - Failed to fetch data for Ross_Barkley_127: 404
[2025-10-29T13:34:33.088+0000] {fetch_api_data.py:79} WARNING - Failed to fetch data for Daniel_Drinkwater_128: 404
[2025-10-29T13:34:33.683+0000] {fetch_api_data.py:79} WARNING - Failed to fetch data for Tiemoué_Bakayoko_129: 404
[2025-10-29T13:34:34.329+0000] {fetch_api_data.py:79} WARNING - Failed to fetch data for Ethan_Ampadu_130: 404
[2025-10-29T13:34:35.039+0000] {fetch_api_data.py:79} WARNING - Failed to fetch data for Callum_Hudson-Odoi_131: 404
[2025-10-29T13:34:35.669+0000] {fetch_api_data.py:79} WARNING - Failed to fetch data for Ruben_Loftus-Cheek_132: 404
[2025-10-29T13:34:36.364+0000] {fetch_api_data.py:79} WARNING - Failed to fetch data for Olivier_Giroud_133: 404
[2025-10-29T13:34:36.977+0000] {fetch_api_data.py:79} WARNING - Failed to fetch data for Álvaro_Morata_134: 404
[2025-10-29T13:34:37.576+0000] {fetch_api_data.py:79} WARNING - Failed to fetch data for Jorge Luiz_Frello Filho_459: 404
[2025-10-29T13:34:38.230+0000] {fetch_api_data.py:79} WARNING - Failed to fetch data for Tammy_Abraham_496: 404
[2025-10-29T13:34:38.889+0000] {fetch_api_data.py:79} WARNING - Failed to fetch data for Kepa_Arrizabalaga_498: 404
[2025-10-29T13:34:39.492+0000] {fetch_api_data.py:79} WARNING - Failed to fetch data for Mateo_Kovacic_499: 404
[2025-10-29T13:34:40.098+0000] {fetch_api_data.py:79} WARNING - Failed to fetch data for Gonzalo_Higuaín_579: 404
[2025-10-29T13:34:40.717+0000] {fetch_api_data.py:79} WARNING - Failed to fetch data for Addji Keaninkin Marc-Israel_Guehi_624: 404
[2025-10-29T13:34:41.339+0000] {fetch_api_data.py:79} WARNING - Failed to fetch data for Wayne_Hennessey_135: 404
[2025-10-29T13:34:42.003+0000] {fetch_api_data.py:79} WARNING - Failed to fetch data for Julian_Speroni_136: 404
[2025-10-29T13:34:42.637+0000] {fetch_api_data.py:79} WARNING - Failed to fetch data for Vicente_Guaita_137: 404
[2025-10-29T13:34:43.285+0000] {fetch_api_data.py:79} WARNING - Failed to fetch data for James_Tomkins_138: 404
[2025-10-29T13:34:43.919+0000] {fetch_api_data.py:79} WARNING - Failed to fetch data for Scott_Dann_139: 404
[2025-10-29T13:34:44.539+0000] {fetch_api_data.py:79} WARNING - Failed to fetch data for Martin_Kelly_140: 404
[2025-10-29T13:34:45.134+0000] {fetch_api_data.py:79} WARNING - Failed to fetch data for Jeffrey_Schlupp_141: 404
[2025-10-29T13:34:45.752+0000] {fetch_api_data.py:79} WARNING - Failed to fetch data for Patrick_van Aanholt_142: 404
[2025-10-29T13:34:46.380+0000] {fetch_api_data.py:79} WARNING - Failed to fetch data for Mamadou_Sakho_143: 404
[2025-10-29T13:34:46.961+0000] {fetch_api_data.py:79} WARNING - Failed to fetch data for Jairo_Riedewald_144: 404
[2025-10-29T13:34:47.596+0000] {fetch_api_data.py:79} WARNING - Failed to fetch data for Aaron_Wan-Bissaka_145: 404
[2025-10-29T13:34:48.217+0000] {fetch_api_data.py:79} WARNING - Failed to fetch data for James_McArthur_147: 404
[2025-10-29T13:34:48.856+0000] {fetch_api_data.py:79} WARNING - Failed to fetch data for Bakary_Sako_148: 404
[2025-10-29T13:34:49.482+0000] {fetch_api_data.py:79} WARNING - Failed to fetch data for Andros_Townsend_149: 404
[2025-10-29T13:34:50.113+0000] {fetch_api_data.py:79} WARNING - Failed to fetch data for Luka_Milivojevic_150: 404
[2025-10-29T13:34:50.756+0000] {fetch_api_data.py:79} WARNING - Failed to fetch data for Wilfried_Zaha_151: 404
[2025-10-29T13:34:51.409+0000] {fetch_api_data.py:79} WARNING - Failed to fetch data for Christian_Benteke_152: 404
[2025-10-29T13:34:52.082+0000] {fetch_api_data.py:79} WARNING - Failed to fetch data for Alexander_Sørloth_153: 404
[2025-10-29T13:34:52.694+0000] {fetch_api_data.py:79} WARNING - Failed to fetch data for Cheikhou_Kouyaté_412: 404
[2025-10-29T13:34:53.315+0000] {fetch_api_data.py:79} WARNING - Failed to fetch data for Joel_Ward_441: 404
[2025-10-29T13:34:53.928+0000] {fetch_api_data.py:79} WARNING - Failed to fetch data for Jaroslaw_Jach_442: 404
[2025-10-29T13:34:54.529+0000] {fetch_api_data.py:79} WARNING - Failed to fetch data for Pape_Souaré_443: 404
[2025-10-29T13:34:55.234+0000] {fetch_api_data.py:79} WARNING - Failed to fetch data for Connor_Wickham_444: 404
[2025-10-29T13:34:55.850+0000] {fetch_api_data.py:79} WARNING - Failed to fetch data for Sullay_Kaikai_477: 404
[2025-10-29T13:34:56.567+0000] {fetch_api_data.py:79} WARNING - Failed to fetch data for Max_Meyer_486: 404
[2025-10-29T13:34:57.304+0000] {fetch_api_data.py:79} WARNING - Failed to fetch data for Jordan_Ayew_505: 404
[2025-10-29T13:34:57.930+0000] {fetch_api_data.py:79} WARNING - Failed to fetch data for Joe_Tupper_576: 404
[2025-10-29T13:34:58.541+0000] {fetch_api_data.py:79} WARNING - Failed to fetch data for Lucas_Perri_584: 404
[2025-10-29T13:34:59.218+0000] {fetch_api_data.py:79} WARNING - Failed to fetch data for Michy_Batshuayi_592: 404
[2025-10-29T13:34:59.851+0000] {fetch_api_data.py:79} WARNING - Failed to fetch data for Sam_Woods_609: 404
[2025-10-29T13:35:00.465+0000] {fetch_api_data.py:79} WARNING - Failed to fetch data for Luke_Dreher_618: 404
[2025-10-29T13:35:01.122+0000] {fetch_api_data.py:79} WARNING - Failed to fetch data for Nikola_Tavares_619: 404
[2025-10-29T13:35:01.725+0000] {fetch_api_data.py:79} WARNING - Failed to fetch data for Jordan_Pickford_154: 404
[2025-10-29T13:35:02.347+0000] {fetch_api_data.py:79} WARNING - Failed to fetch data for Maarten_Stekelenburg_155: 404
[2025-10-29T13:35:03.004+0000] {fetch_api_data.py:79} WARNING - Failed to fetch data for Leighton_Baines_156: 404
[2025-10-29T13:35:03.595+0000] {fetch_api_data.py:79} WARNING - Failed to fetch data for Seamus_Coleman_157: 404
[2025-10-29T13:35:04.296+0000] {fetch_api_data.py:79} WARNING - Failed to fetch data for Phil_Jagielka_158: 404
[2025-10-29T13:35:04.926+0000] {fetch_api_data.py:79} WARNING - Failed to fetch data for Ashley_Williams_159: 404
[2025-10-29T13:35:05.512+0000] {fetch_api_data.py:79} WARNING - Failed to fetch data for Mason_Holgate_160: 404
[2025-10-29T13:35:06.148+0000] {fetch_api_data.py:79} WARNING - Failed to fetch data for Jonjoe_Kenny_161: 404
[2025-10-29T13:35:06.737+0000] {fetch_api_data.py:79} WARNING - Failed to fetch data for Michael_Keane_162: 404
[2025-10-29T13:35:07.355+0000] {fetch_api_data.py:79} WARNING - Failed to fetch data for Cuco_Martina_163: 404
[2025-10-29T13:35:08.006+0000] {fetch_api_data.py:79} WARNING - Failed to fetch data for Theo_Walcott_164: 404
[2025-10-29T13:35:08.619+0000] {fetch_api_data.py:79} WARNING - Failed to fetch data for Yannick_Bolasie_165: 404
[2025-10-29T13:35:09.247+0000] {fetch_api_data.py:79} WARNING - Failed to fetch data for James_McCarthy_166: 404
[2025-10-29T13:35:09.831+0000] {fetch_api_data.py:79} WARNING - Failed to fetch data for Morgan_Schneiderlin_167: 404
[2025-10-29T13:35:10.595+0000] {fetch_api_data.py:79} WARNING - Failed to fetch data for Idrissa_Gueye_168: 404
[2025-10-29T13:35:11.289+0000] {fetch_api_data.py:79} WARNING - Failed to fetch data for Tom_Davies_169: 404
[2025-10-29T13:35:11.986+0000] {fetch_api_data.py:79} WARNING - Failed to fetch data for Ademola_Lookman_170: 404
[2025-10-29T13:35:12.584+0000] {fetch_api_data.py:79} WARNING - Failed to fetch data for Davy_Klaassen_171: 404
[2025-10-29T13:35:13.222+0000] {fetch_api_data.py:79} WARNING - Failed to fetch data for Gylfi_Sigurdsson_172: 404
[2025-10-29T13:35:13.884+0000] {fetch_api_data.py:79} WARNING - Failed to fetch data for Nikola_Vlasic_173: 404
[2025-10-29T13:35:14.478+0000] {fetch_api_data.py:79} WARNING - Failed to fetch data for Beni_Baningime_174: 404
[2025-10-29T13:35:15.096+0000] {fetch_api_data.py:79} WARNING - Failed to fetch data for Dominic_Calvert-Lewin_175: 404
[2025-10-29T13:35:15.735+0000] {fetch_api_data.py:79} WARNING - Failed to fetch data for Cenk_Tosun_177: 404
[2025-10-29T13:35:16.331+0000] {fetch_api_data.py:79} WARNING - Failed to fetch data for Richarlison_de Andrade_393: 404
[2025-10-29T13:35:17.022+0000] {fetch_api_data.py:79} WARNING - Failed to fetch data for Kevin_Mirallas_469: 404
[2025-10-29T13:35:17.590+0000] {fetch_api_data.py:79} WARNING - Failed to fetch data for Sandro_Ramírez_470: 404
[2025-10-29T13:35:18.238+0000] {fetch_api_data.py:79} WARNING - Failed to fetch data for Lucas_Digne_484: 404
[2025-10-29T13:35:19.410+0000] {fetch_api_data.py:79} WARNING - Failed to fetch data for Yerry_Mina_506: 404
[2025-10-29T13:35:20.142+0000] {fetch_api_data.py:79} WARNING - Failed to fetch data for Bernard_Anício Caldeira Duarte_507: 404
[2025-10-29T13:35:20.841+0000] {fetch_api_data.py:79} WARNING - Failed to fetch data for André Filipe_Tavares Gomes_508: 404
[2025-10-29T13:35:21.533+0000] {fetch_api_data.py:79} WARNING - Failed to fetch data for Kurt_Zouma_526: 404
[2025-10-29T13:35:22.213+0000] {fetch_api_data.py:79} WARNING - Failed to fetch data for Kieran_Dowell_528: 404
[2025-10-29T13:35:22.928+0000] {fetch_api_data.py:79} WARNING - Failed to fetch data for Tyias_Browning_532: 404
[2025-10-29T13:35:23.549+0000] {fetch_api_data.py:79} WARNING - Failed to fetch data for Calum_Chambers_9: 404
[2025-10-29T13:35:24.163+0000] {fetch_api_data.py:79} WARNING - Failed to fetch data for Marcus_Bettinelli_178: 404
[2025-10-29T13:35:24.771+0000] {fetch_api_data.py:79} WARNING - Failed to fetch data for Tim_Ream_180: 404
[2025-10-29T13:35:25.404+0000] {fetch_api_data.py:79} WARNING - Failed to fetch data for Denis_Odoi_181: 404
[2025-10-29T13:35:26.012+0000] {fetch_api_data.py:79} WARNING - Failed to fetch data for Tom_Cairney_182: 404
[2025-10-29T13:35:26.733+0000] {fetch_api_data.py:79} WARNING - Failed to fetch data for Kevin_McDonald_183: 404
[2025-10-29T13:35:27.368+0000] {fetch_api_data.py:79} WARNING - Failed to fetch data for Ryan_Sessegnon_184: 404
[2025-10-29T13:35:28.023+0000] {fetch_api_data.py:79} WARNING - Failed to fetch data for Stefan_Johansen_185: 404
[2025-10-29T13:35:28.690+0000] {fetch_api_data.py:79} WARNING - Failed to fetch data for Floyd_Ayité_186: 404
[2025-10-29T13:35:29.342+0000] {fetch_api_data.py:79} WARNING - Failed to fetch data for Neeskens_Kebano_187: 404
[2025-10-29T13:35:30.039+0000] {fetch_api_data.py:79} WARNING - Failed to fetch data for Rui Pedro_da Rocha Fonte_188: 404
[2025-10-29T13:35:30.658+0000] {fetch_api_data.py:79} WARNING - Failed to fetch data for Aboubakar_Kamara_189: 404
[2025-10-29T13:35:31.269+0000] {fetch_api_data.py:79} WARNING - Failed to fetch data for Maxime_Le Marchand_455: 404
[2025-10-29T13:35:31.930+0000] {fetch_api_data.py:79} WARNING - Failed to fetch data for Jean Michael_Seri_456: 404
[2025-10-29T13:35:32.574+0000] {fetch_api_data.py:79} WARNING - Failed to fetch data for Cyrus_Christie_460: 404
[2025-10-29T13:35:33.175+0000] {fetch_api_data.py:79} WARNING - Failed to fetch data for Fabricio_Agosto Ramírez_474: 404
[2025-10-29T13:35:33.814+0000] {fetch_api_data.py:79} WARNING - Failed to fetch data for André_Schürrle_478: 404
[2025-10-29T13:35:34.500+0000] {fetch_api_data.py:79} WARNING - Failed to fetch data for Aleksandar_Mitrovic_480: 404
[2025-10-29T13:35:35.216+0000] {fetch_api_data.py:79} WARNING - Failed to fetch data for Alfie_Mawson_487: 404
[2025-10-29T13:35:35.867+0000] {fetch_api_data.py:79} WARNING - Failed to fetch data for Sergio_Rico_509: 404
[2025-10-29T13:35:36.495+0000] {fetch_api_data.py:79} WARNING - Failed to fetch data for Joe_Bryan_510: 404
[2025-10-29T13:35:37.176+0000] {fetch_api_data.py:79} WARNING - Failed to fetch data for Timothy_Fosu-Mensah_511: 404
[2025-10-29T13:35:37.881+0000] {fetch_api_data.py:79} WARNING - Failed to fetch data for André-Frank_Zambo Anguissa_512: 404
[2025-10-29T13:35:38.529+0000] {fetch_api_data.py:79} WARNING - Failed to fetch data for Luciano_Vietto_513: 404
[2025-10-29T13:35:39.171+0000] {fetch_api_data.py:79} WARNING - Failed to fetch data for Ibrahima_Cissé_521: 404
[2025-10-29T13:35:39.849+0000] {fetch_api_data.py:79} WARNING - Failed to fetch data for Zeze Steven_Sessegnon_541: 404
[2025-10-29T13:35:40.459+0000] {fetch_api_data.py:79} WARNING - Failed to fetch data for Ryan_Babel_575: 404
[2025-10-29T13:35:41.094+0000] {fetch_api_data.py:79} WARNING - Failed to fetch data for Håvard_Nordtveit_593: 404
[2025-10-29T13:35:41.764+0000] {fetch_api_data.py:79} WARNING - Failed to fetch data for Lazar_Markovic_594: 404
[2025-10-29T13:35:42.418+0000] {fetch_api_data.py:79} WARNING - Failed to fetch data for Harvey_Elliott_610: 404
[2025-10-29T13:35:43.041+0000] {fetch_api_data.py:79} WARNING - Failed to fetch data for Luca_De La Torre_621: 404
[2025-10-29T13:35:43.664+0000] {fetch_api_data.py:79} WARNING - Failed to fetch data for Jason_Puncheon_146: 404
[2025-10-29T13:35:44.359+0000] {fetch_api_data.py:79} WARNING - Failed to fetch data for Ben_Hamer_190: 404
[2025-10-29T13:35:45.022+0000] {fetch_api_data.py:79} WARNING - Failed to fetch data for Jonas_Lössl_191: 404
[2025-10-29T13:35:45.666+0000] {fetch_api_data.py:79} WARNING - Failed to fetch data for Christopher_Schindler_192: 404
[2025-10-29T13:35:46.237+0000] {fetch_api_data.py:79} WARNING - Failed to fetch data for Chris_Löwe_193: 404
[2025-10-29T13:35:46.837+0000] {fetch_api_data.py:79} WARNING - Failed to fetch data for Tommy_Smith_194: 404
[2025-10-29T13:35:47.431+0000] {fetch_api_data.py:79} WARNING - Failed to fetch data for Mathias_Jorgensen_195: 404
[2025-10-29T13:35:48.161+0000] {fetch_api_data.py:79} WARNING - Failed to fetch data for Scott_Malone_196: 404
[2025-10-29T13:35:48.752+0000] {fetch_api_data.py:79} WARNING - Failed to fetch data for Florent_Hadergjonaj_197: 404
[2025-10-29T13:35:49.352+0000] {fetch_api_data.py:79} WARNING - Failed to fetch data for Terence_Kongolo_198: 404
[2025-10-29T13:35:50.112+0000] {fetch_api_data.py:79} WARNING - Failed to fetch data for Aaron_Mooy_199: 404
[2025-10-29T13:35:50.839+0000] {fetch_api_data.py:79} WARNING - Failed to fetch data for Rajiv_van La Parra_200: 404
[2025-10-29T13:35:51.577+0000] {fetch_api_data.py:79} WARNING - Failed to fetch data for Jonathan_Hogg_201: 404
[2025-10-29T13:35:52.210+0000] {fetch_api_data.py:79} WARNING - Failed to fetch data for Philip_Billing_202: 404
[2025-10-29T13:35:52.820+0000] {fetch_api_data.py:79} WARNING - Failed to fetch data for Tom_Ince_203: 404
[2025-10-29T13:35:53.476+0000] {fetch_api_data.py:79} WARNING - Failed to fetch data for Danny_Williams_204: 404
[2025-10-29T13:35:54.091+0000] {fetch_api_data.py:79} WARNING - Failed to fetch data for Abdelhamid_Sabiri_205: 404
[2025-10-29T13:35:54.649+0000] {fetch_api_data.py:79} WARNING - Failed to fetch data for Alex_Pritchard_206: 404
[2025-10-29T13:35:55.355+0000] {fetch_api_data.py:79} WARNING - Failed to fetch data for Ramadan_Sobhi_207: 404
[2025-10-29T13:35:56.037+0000] {fetch_api_data.py:79} WARNING - Failed to fetch data for Juninho_Bacuna_208: 404
[2025-10-29T13:35:56.705+0000] {fetch_api_data.py:79} WARNING - Failed to fetch data for Collin_Quaner_209: 404
[2025-10-29T13:35:57.632+0000] {fetch_api_data.py:79} WARNING - Failed to fetch data for Laurent_Depoitre_210: 404
[2025-10-29T13:35:58.486+0000] {fetch_api_data.py:79} WARNING - Failed to fetch data for Steve_Mounie_211: 404
[2025-10-29T13:35:59.110+0000] {fetch_api_data.py:79} WARNING - Failed to fetch data for Elias_Kachunga_212: 404
[2025-10-29T13:35:59.769+0000] {fetch_api_data.py:79} WARNING - Failed to fetch data for Erik_Durm_461: 404
[2025-10-29T13:36:00.392+0000] {fetch_api_data.py:79} WARNING - Failed to fetch data for Adama_Diakhaby_471: 404
[2025-10-29T13:36:01.103+0000] {fetch_api_data.py:79} WARNING - Failed to fetch data for Isaac_Mbenza_514: 404
[2025-10-29T13:36:01.750+0000] {fetch_api_data.py:79} WARNING - Failed to fetch data for Jon Gorenc_Stankovic_522: 404
[2025-10-29T13:36:02.407+0000] {fetch_api_data.py:79} WARNING - Failed to fetch data for Ryan_Schofield_533: 404
[2025-10-29T13:36:03.049+0000] {fetch_api_data.py:79} WARNING - Failed to fetch data for Karlan_Grant_585: 404
[2025-10-29T13:36:03.725+0000] {fetch_api_data.py:79} WARNING - Failed to fetch data for Joel_Coleman_598: 404
[2025-10-29T13:36:04.420+0000] {fetch_api_data.py:79} WARNING - Failed to fetch data for Demeaco_Duhaney_601: 404
[2025-10-29T13:36:05.107+0000] {fetch_api_data.py:79} WARNING - Failed to fetch data for Matthew_Daly_606: 404
[2025-10-29T13:36:05.798+0000] {fetch_api_data.py:79} WARNING - Failed to fetch data for Aaron_Rowe_607: 404
[2025-10-29T13:36:06.398+0000] {fetch_api_data.py:79} WARNING - Failed to fetch data for Kasper_Schmeichel_213: 404
[2025-10-29T13:36:07.017+0000] {fetch_api_data.py:79} WARNING - Failed to fetch data for Eldin_Jakupovic_214: 404
[2025-10-29T13:36:07.644+0000] {fetch_api_data.py:79} WARNING - Failed to fetch data for Wes_Morgan_215: 404
[2025-10-29T13:36:08.312+0000] {fetch_api_data.py:79} WARNING - Failed to fetch data for Christian_Fuchs_216: 404
[2025-10-29T13:36:08.947+0000] {fetch_api_data.py:79} WARNING - Failed to fetch data for Danny_Simpson_217: 404
[2025-10-29T13:36:09.624+0000] {fetch_api_data.py:79} WARNING - Failed to fetch data for Yohan_Benalouane_218: 404
[2025-10-29T13:36:10.222+0000] {fetch_api_data.py:79} WARNING - Failed to fetch data for Benjamin_Chilwell_219: 404
[2025-10-29T13:36:10.886+0000] {fetch_api_data.py:79} WARNING - Failed to fetch data for Harry_Maguire_220: 404
[2025-10-29T13:36:11.507+0000] {fetch_api_data.py:79} WARNING - Failed to fetch data for Ricardo Domingos_Barbosa Pereira_221: 404
[2025-10-29T13:36:12.164+0000] {fetch_api_data.py:79} WARNING - Failed to fetch data for Jonny_Evans_222: 404
[2025-10-29T13:36:12.786+0000] {fetch_api_data.py:79} WARNING - Failed to fetch data for Marc_Albrighton_224: 404
[2025-10-29T13:36:13.471+0000] {fetch_api_data.py:79} WARNING - Failed to fetch data for Demarai_Gray_225: 404
[2025-10-29T13:36:14.102+0000] {fetch_api_data.py:79} WARNING - Failed to fetch data for Daniel_Amartey_226: 404
[2025-10-29T13:36:14.815+0000] {fetch_api_data.py:79} WARNING - Failed to fetch data for Wilfred_Ndidi_227: 404
[2025-10-29T13:36:15.401+0000] {fetch_api_data.py:79} WARNING - Failed to fetch data for Vicente_Iborra_228: 404
[2025-10-29T13:36:16.010+0000] {fetch_api_data.py:79} WARNING - Failed to fetch data for Matty_James_229: 404
[2025-10-29T13:36:16.644+0000] {fetch_api_data.py:79} WARNING - Failed to fetch data for Hamza_Choudhury_230: 404
[2025-10-29T13:36:17.251+0000] {fetch_api_data.py:79} WARNING - Failed to fetch data for Adrien Sebastian_Perruchet Silva_231: 404
[2025-10-29T13:36:17.937+0000] {fetch_api_data.py:79} WARNING - Failed to fetch data for Fousseni_Diabaté_232: 404
[2025-10-29T13:36:18.560+0000] {fetch_api_data.py:79} WARNING - Failed to fetch data for James_Maddison_233: 404
[2025-10-29T13:36:19.164+0000] {fetch_api_data.py:79} WARNING - Failed to fetch data for Jamie_Vardy_234: 404
[2025-10-29T13:36:19.820+0000] {fetch_api_data.py:79} WARNING - Failed to fetch data for Shinji_Okazaki_235: 404
[2025-10-29T13:36:20.539+0000] {fetch_api_data.py:79} WARNING - Failed to fetch data for Kelechi_Iheanacho_236: 404
[2025-10-29T13:36:21.183+0000] {fetch_api_data.py:79} WARNING - Failed to fetch data for Danny_Ward_457: 404
[2025-10-29T13:36:21.813+0000] {fetch_api_data.py:79} WARNING - Failed to fetch data for Rachid_Ghezzal_492: 404
[2025-10-29T13:36:22.393+0000] {fetch_api_data.py:79} WARNING - Failed to fetch data for Filip_Benkovic_501: 404
[2025-10-29T13:36:22.974+0000] {fetch_api_data.py:79} WARNING - Failed to fetch data for Çaglar_Söyüncü_515: 404
[2025-10-29T13:36:23.613+0000] {fetch_api_data.py:79} WARNING - Failed to fetch data for Nampalys_Mendy_527: 404
[2025-10-29T13:36:24.202+0000] {fetch_api_data.py:79} WARNING - Failed to fetch data for Josh_Knight_558: 404
[2025-10-29T13:36:24.797+0000] {fetch_api_data.py:79} WARNING - Failed to fetch data for Harvey_Barnes_571: 404
[2025-10-29T13:36:25.428+0000] {fetch_api_data.py:79} WARNING - Failed to fetch data for Youri_Tielemans_591: 404
[2025-10-29T13:36:26.058+0000] {fetch_api_data.py:79} WARNING - Failed to fetch data for Simon_Mignolet_237: 404
[2025-10-29T13:36:26.659+0000] {fetch_api_data.py:79} WARNING - Failed to fetch data for Loris_Karius_238: 404
[2025-10-29T13:36:27.272+0000] {fetch_api_data.py:79} WARNING - Failed to fetch data for Dejan_Lovren_239: 404
[2025-10-29T13:36:27.954+0000] {fetch_api_data.py:79} WARNING - Failed to fetch data for Alberto_Moreno_240: 404
[2025-10-29T13:36:28.623+0000] {fetch_api_data.py:79} WARNING - Failed to fetch data for Joseph_Gomez_242: 404
[2025-10-29T13:36:29.237+0000] {fetch_api_data.py:79} WARNING - Failed to fetch data for Joel_Matip_243: 404
[2025-10-29T13:36:29.851+0000] {fetch_api_data.py:79} WARNING - Failed to fetch data for Ragnar_Klavan_244: 404
[2025-10-29T13:36:30.472+0000] {fetch_api_data.py:79} WARNING - Failed to fetch data for Trent_Alexander-Arnold_245: 404
[2025-10-29T13:36:31.137+0000] {fetch_api_data.py:79} WARNING - Failed to fetch data for Virgil_van Dijk_246: 404
[2025-10-29T13:36:31.803+0000] {fetch_api_data.py:79} WARNING - Failed to fetch data for Andrew_Robertson_247: 404
[2025-10-29T13:36:32.413+0000] {fetch_api_data.py:79} WARNING - Failed to fetch data for Alex_Oxlade-Chamberlain_248: 404
[2025-10-29T13:36:33.029+0000] {fetch_api_data.py:79} WARNING - Failed to fetch data for Jordan_Henderson_249: 404
[2025-10-29T13:36:33.666+0000] {fetch_api_data.py:79} WARNING - Failed to fetch data for Adam_Lallana_250: 404
[2025-10-29T13:36:34.288+0000] {fetch_api_data.py:79} WARNING - Failed to fetch data for Sadio_Mané_251: 404
[2025-10-29T13:36:34.944+0000] {fetch_api_data.py:79} WARNING - Failed to fetch data for Georginio_Wijnaldum_252: 404
[2025-10-29T13:36:35.569+0000] {fetch_api_data.py:79} WARNING - Failed to fetch data for Mohamed_Salah_253: 404
[2025-10-29T13:36:36.136+0000] {fetch_api_data.py:79} WARNING - Failed to fetch data for James_Milner_254: 404
[2025-10-29T13:36:36.796+0000] {fetch_api_data.py:79} WARNING - Failed to fetch data for Fabio Henrique_Tavares_255: 404
[2025-10-29T13:36:37.392+0000] {fetch_api_data.py:79} WARNING - Failed to fetch data for Naby_Keita_256: 404
[2025-10-29T13:36:38.044+0000] {fetch_api_data.py:79} WARNING - Failed to fetch data for Roberto_Firmino_257: 404
[2025-10-29T13:36:38.653+0000] {fetch_api_data.py:79} WARNING - Failed to fetch data for Xherdan_Shaqiri_462: 404
[2025-10-29T13:36:39.281+0000] {fetch_api_data.py:79} WARNING - Failed to fetch data for Alisson_Ramses Becker_468: 404
[2025-10-29T13:36:39.947+0000] {fetch_api_data.py:79} WARNING - Failed to fetch data for Daniel_Sturridge_472: 404
[2025-10-29T13:36:40.731+0000] {fetch_api_data.py:79} WARNING - Failed to fetch data for Divock_Origi_543: 404
[2025-10-29T13:36:41.516+0000] {fetch_api_data.py:79} WARNING - Failed to fetch data for Rafael_Camacho_557: 404
[2025-10-29T13:36:42.288+0000] {fetch_api_data.py:79} WARNING - Failed to fetch data for Curtis_Jones_597: 404
[2025-10-29T13:36:42.943+0000] {fetch_api_data.py:79} WARNING - Failed to fetch data for Riyad_Mahrez_223: 404
[2025-10-29T13:36:43.598+0000] {fetch_api_data.py:79} WARNING - Failed to fetch data for Ederson_Santana de Moraes_260: 404
[2025-10-29T13:36:44.271+0000] {fetch_api_data.py:79} WARNING - Failed to fetch data for Claudio_Bravo_261: 404
[2025-10-29T13:36:45.090+0000] {fetch_api_data.py:79} WARNING - Failed to fetch data for John_Stones_262: 404
[2025-10-29T13:36:45.773+0000] {fetch_api_data.py:79} WARNING - Failed to fetch data for Vincent_Kompany_263: 404
[2025-10-29T13:36:46.383+0000] {fetch_api_data.py:79} WARNING - Failed to fetch data for Nicolás_Otamendi_264: 404
[2025-10-29T13:36:47.013+0000] {fetch_api_data.py:79} WARNING - Failed to fetch data for Kyle_Walker_265: 404
[2025-10-29T13:36:47.692+0000] {fetch_api_data.py:79} WARNING - Failed to fetch data for Danilo Luiz_da Silva_266: 404
[2025-10-29T13:36:48.299+0000] {fetch_api_data.py:79} WARNING - Failed to fetch data for Benjamin_Mendy_267: 404
[2025-10-29T13:36:48.925+0000] {fetch_api_data.py:79} WARNING - Failed to fetch data for Aymeric_Laporte_268: 404
[2025-10-29T13:36:49.515+0000] {fetch_api_data.py:79} WARNING - Failed to fetch data for Fabian_Delph_269: 404
[2025-10-29T13:36:50.086+0000] {fetch_api_data.py:79} WARNING - Failed to fetch data for Raheem_Sterling_270: 404
[2025-10-29T13:36:50.695+0000] {fetch_api_data.py:79} WARNING - Failed to fetch data for David_Silva_271: 404
[2025-10-29T13:36:51.312+0000] {fetch_api_data.py:79} WARNING - Failed to fetch data for Fernando_Luiz Rosa_272: 404
[2025-10-29T13:36:51.931+0000] {fetch_api_data.py:79} WARNING - Failed to fetch data for Kevin_De Bruyne_273: 404
[2025-10-29T13:36:52.529+0000] {fetch_api_data.py:79} WARNING - Failed to fetch data for Ilkay_Gündogan_274: 404
[2025-10-29T13:36:53.163+0000] {fetch_api_data.py:79} WARNING - Failed to fetch data for Leroy_Sané_275: 404
[2025-10-29T13:36:53.814+0000] {fetch_api_data.py:79} WARNING - Failed to fetch data for Bernardo Mota_Veiga de Carvalho e Silva_276: 404
[2025-10-29T13:36:54.526+0000] {fetch_api_data.py:79} WARNING - Failed to fetch data for Phil_Foden_277: 404
[2025-10-29T13:36:55.191+0000] {fetch_api_data.py:79} WARNING - Failed to fetch data for Brahim_Diaz_278: 404
[2025-10-29T13:36:55.858+0000] {fetch_api_data.py:79} WARNING - Failed to fetch data for Oleksandr_Zinchenko_279: 404
[2025-10-29T13:36:56.476+0000] {fetch_api_data.py:79} WARNING - Failed to fetch data for Sergio_Agüero_280: 404
[2025-10-29T13:36:57.285+0000] {fetch_api_data.py:79} WARNING - Failed to fetch data for Gabriel Fernando_de Jesus_281: 404
[2025-10-29T13:36:57.957+0000] {fetch_api_data.py:79} WARNING - Failed to fetch data for Arijanet_Muric_529: 404
[2025-10-29T13:36:58.649+0000] {fetch_api_data.py:79} WARNING - Failed to fetch data for Philippe_Sandler_604: 404
[2025-10-29T13:36:59.403+0000] {fetch_api_data.py:79} WARNING - Failed to fetch data for David_de Gea_282: 404
[2025-10-29T13:37:00.035+0000] {fetch_api_data.py:79} WARNING - Failed to fetch data for Sergio_Romero_283: 404
[2025-10-29T13:37:00.648+0000] {fetch_api_data.py:79} WARNING - Failed to fetch data for Chris_Smalling_284: 404
[2025-10-29T13:37:01.277+0000] {fetch_api_data.py:79} WARNING - Failed to fetch data for Phil_Jones_285: 404
[2025-10-29T13:37:01.876+0000] {fetch_api_data.py:79} WARNING - Failed to fetch data for Luke_Shaw_286: 404
[2025-10-29T13:37:02.554+0000] {fetch_api_data.py:79} WARNING - Failed to fetch data for Marcos_Rojo_287: 404
[2025-10-29T13:37:03.250+0000] {fetch_api_data.py:79} WARNING - Failed to fetch data for Antonio_Valencia_288: 404
[2025-10-29T13:37:03.898+0000] {fetch_api_data.py:79} WARNING - Failed to fetch data for Matteo_Darmian_289: 404
[2025-10-29T13:37:04.755+0000] {fetch_api_data.py:79} WARNING - Failed to fetch data for Daley_Blind_290: 404
[2025-10-29T13:37:05.371+0000] {fetch_api_data.py:79} WARNING - Failed to fetch data for Eric_Bailly_291: 404
[2025-10-29T13:37:05.987+0000] {fetch_api_data.py:79} WARNING - Failed to fetch data for Victor_Lindelöf_292: 404
[2025-10-29T13:37:06.642+0000] {fetch_api_data.py:79} WARNING - Failed to fetch data for Ashley_Young_293: 404
[2025-10-29T13:37:07.271+0000] {fetch_api_data.py:79} WARNING - Failed to fetch data for José Diogo_Dalot Teixeira_294: 404
[2025-10-29T13:37:07.916+0000] {fetch_api_data.py:79} WARNING - Failed to fetch data for Alexis_Sánchez_295: 404
[2025-10-29T13:37:08.601+0000] {fetch_api_data.py:79} WARNING - Failed to fetch data for Nemanja_Matic_296: 404
[2025-10-29T13:37:09.258+0000] {fetch_api_data.py:79} WARNING - Failed to fetch data for Juan_Mata_297: 404
[2025-10-29T13:37:10.010+0000] {fetch_api_data.py:79} WARNING - Failed to fetch data for Marouane_Fellaini_298: 404
[2025-10-29T13:37:10.639+0000] {fetch_api_data.py:79} WARNING - Failed to fetch data for Ander_Herrera_299: 404
[2025-10-29T13:37:11.257+0000] {fetch_api_data.py:79} WARNING - Failed to fetch data for Jesse_Lingard_300: 404
[2025-10-29T13:37:11.871+0000] {fetch_api_data.py:79} WARNING - Failed to fetch data for Anthony_Martial_301: 404
[2025-10-29T13:37:12.629+0000] {fetch_api_data.py:79} WARNING - Failed to fetch data for Paul_Pogba_302: 404
[2025-10-29T13:37:13.266+0000] {fetch_api_data.py:79} WARNING - Failed to fetch data for Scott_McTominay_303: 404
[2025-10-29T13:37:13.842+0000] {fetch_api_data.py:79} WARNING - Failed to fetch data for Frederico_Rodrigues de Paula Santos_304: 404
[2025-10-29T13:37:14.610+0000] {fetch_api_data.py:79} WARNING - Failed to fetch data for Marcus_Rashford_305: 404
[2025-10-29T13:37:15.264+0000] {fetch_api_data.py:79} WARNING - Failed to fetch data for Romelu_Lukaku_306: 404
[2025-10-29T13:37:15.883+0000] {fetch_api_data.py:79} WARNING - Failed to fetch data for Andreas_Pereira_481: 404
[2025-10-29T13:37:16.636+0000] {fetch_api_data.py:79} WARNING - Failed to fetch data for Lee_Grant_520: 404
[2025-10-29T13:37:17.353+0000] {fetch_api_data.py:79} WARNING - Failed to fetch data for Angel_Gomes_568: 404
[2025-10-29T13:37:18.002+0000] {fetch_api_data.py:79} WARNING - Failed to fetch data for James_Garner_602: 404
[2025-10-29T13:37:18.643+0000] {fetch_api_data.py:79} WARNING - Failed to fetch data for Tahith_Chong_603: 404
[2025-10-29T13:37:19.248+0000] {fetch_api_data.py:79} WARNING - Failed to fetch data for Mason_Greenwood_608: 404
[2025-10-29T13:37:19.881+0000] {fetch_api_data.py:79} WARNING - Failed to fetch data for Robert_Elliot_307: 404
[2025-10-29T13:37:20.492+0000] {fetch_api_data.py:79} WARNING - Failed to fetch data for Karl_Darlow_308: 404
[2025-10-29T13:37:21.109+0000] {fetch_api_data.py:79} WARNING - Failed to fetch data for Martin_Dubravka_309: 404
[2025-10-29T13:37:21.802+0000] {fetch_api_data.py:79} WARNING - Failed to fetch data for DeAndre_Yedlin_310: 404
[2025-10-29T13:37:22.382+0000] {fetch_api_data.py:79} WARNING - Failed to fetch data for Ciaran_Clark_311: 404
[2025-10-29T13:37:22.953+0000] {fetch_api_data.py:79} WARNING - Failed to fetch data for Jamaal_Lascelles_312: 404
[2025-10-29T13:37:23.584+0000] {fetch_api_data.py:79} WARNING - Failed to fetch data for Paul_Dummett_313: 404
[2025-10-29T13:37:24.301+0000] {fetch_api_data.py:79} WARNING - Failed to fetch data for Florian_Lejeune_314: 404
[2025-10-29T13:37:25.087+0000] {fetch_api_data.py:79} WARNING - Failed to fetch data for Javier_Manquillo_315: 404
[2025-10-29T13:37:25.770+0000] {fetch_api_data.py:79} WARNING - Failed to fetch data for Chancel_Mbemba_316: 404
[2025-10-29T13:37:26.391+0000] {fetch_api_data.py:79} WARNING - Failed to fetch data for Matt_Ritchie_317: 404
[2025-10-29T13:37:27.032+0000] {fetch_api_data.py:79} WARNING - Failed to fetch data for Jonjo_Shelvey_318: 404
[2025-10-29T13:37:27.816+0000] {fetch_api_data.py:79} WARNING - Failed to fetch data for Mohamed_Diamé_319: 404
[2025-10-29T13:37:28.484+0000] {fetch_api_data.py:79} WARNING - Failed to fetch data for Christian_Atsu_320: 404
[2025-10-29T13:37:29.080+0000] {fetch_api_data.py:79} WARNING - Failed to fetch data for Jacob_Murphy_321: 404
[2025-10-29T13:37:29.671+0000] {fetch_api_data.py:79} WARNING - Failed to fetch data for Mikel_Merino_322: 404
[2025-10-29T13:37:30.305+0000] {fetch_api_data.py:79} WARNING - Failed to fetch data for Isaac_Hayden_323: 404
[2025-10-29T13:37:30.961+0000] {fetch_api_data.py:79} WARNING - Failed to fetch data for Sung-yueng_Ki_324: 404
[2025-10-29T13:37:31.585+0000] {fetch_api_data.py:79} WARNING - Failed to fetch data for Dwight_Gayle_325: 404
[2025-10-29T13:37:32.301+0000] {fetch_api_data.py:79} WARNING - Failed to fetch data for Ayoze_Pérez_326: 404
[2025-10-29T13:37:33.025+0000] {fetch_api_data.py:79} WARNING - Failed to fetch data for Jose Luis_Mato Sanmartín_327: 404
[2025-10-29T13:37:33.660+0000] {fetch_api_data.py:79} WARNING - Failed to fetch data for Robert Kenedy_Nunes do Nascimento_458: 404
[2025-10-29T13:37:34.627+0000] {fetch_api_data.py:79} WARNING - Failed to fetch data for Fabian_Schär_482: 404
[2025-10-29T13:37:35.268+0000] {fetch_api_data.py:79} WARNING - Failed to fetch data for Yoshinori_Muto_488: 404
[2025-10-29T13:37:35.854+0000] {fetch_api_data.py:79} WARNING - Failed to fetch data for Salomón_Rondón_493: 404
[2025-10-29T13:37:36.439+0000] {fetch_api_data.py:79} WARNING - Failed to fetch data for Federico_Fernández_516: 404
[2025-10-29T13:37:37.025+0000] {fetch_api_data.py:79} WARNING - Failed to fetch data for Jamie_Sterry_530: 404
[2025-10-29T13:37:37.631+0000] {fetch_api_data.py:79} WARNING - Failed to fetch data for Sean_Longstaff_531: 404
[2025-10-29T13:37:38.269+0000] {fetch_api_data.py:79} WARNING - Failed to fetch data for Frederick_Woodman_553: 404
[2025-10-29T13:37:38.846+0000] {fetch_api_data.py:79} WARNING - Failed to fetch data for Callum_Roberts_577: 404
[2025-10-29T13:37:39.479+0000] {fetch_api_data.py:79} WARNING - Failed to fetch data for Miguel_Almirón_587: 404
[2025-10-29T13:37:40.089+0000] {fetch_api_data.py:79} WARNING - Failed to fetch data for Antonio_Barreca_588: 404
[2025-10-29T13:37:40.698+0000] {fetch_api_data.py:79} WARNING - Failed to fetch data for Kelland_Watts_622: 404
[2025-10-29T13:37:41.330+0000] {fetch_api_data.py:79} WARNING - Failed to fetch data for Lewis_Cass_623: 404
[2025-10-29T13:37:41.963+0000] {fetch_api_data.py:79} WARNING - Failed to fetch data for Danny_Ings_258: 404
[2025-10-29T13:37:42.637+0000] {fetch_api_data.py:79} WARNING - Failed to fetch data for Alex_McCarthy_328: 404
[2025-10-29T13:37:43.228+0000] {fetch_api_data.py:79} WARNING - Failed to fetch data for Fraser_Forster_329: 404
[2025-10-29T13:37:43.936+0000] {fetch_api_data.py:79} WARNING - Failed to fetch data for Ryan_Bertrand_330: 404
[2025-10-29T13:37:44.623+0000] {fetch_api_data.py:79} WARNING - Failed to fetch data for Maya_Yoshida_331: 404
[2025-10-29T13:37:45.234+0000] {fetch_api_data.py:79} WARNING - Failed to fetch data for Cédric_Soares_332: 404
[2025-10-29T13:37:45.854+0000] {fetch_api_data.py:79} WARNING - Failed to fetch data for Jack_Stephens_333: 404
[2025-10-29T13:37:46.512+0000] {fetch_api_data.py:79} WARNING - Failed to fetch data for Sam_McQueen_334: 404
[2025-10-29T13:37:47.126+0000] {fetch_api_data.py:79} WARNING - Failed to fetch data for Jan_Bednarek_335: 404
[2025-10-29T13:37:47.727+0000] {fetch_api_data.py:79} WARNING - Failed to fetch data for Wesley_Hoedt_336: 404
[2025-10-29T13:37:48.303+0000] {fetch_api_data.py:79} WARNING - Failed to fetch data for Steven_Davis_337: 404
[2025-10-29T13:37:48.926+0000] {fetch_api_data.py:79} WARNING - Failed to fetch data for James_Ward-Prowse_338: 404
[2025-10-29T13:37:49.587+0000] {fetch_api_data.py:79} WARNING - Failed to fetch data for Oriol_Romeu Vidal_339: 404
[2025-10-29T13:37:50.211+0000] {fetch_api_data.py:79} WARNING - Failed to fetch data for Pierre-Emile_Højbjerg_340: 404
[2025-10-29T13:37:50.847+0000] {fetch_api_data.py:79} WARNING - Failed to fetch data for Sofiane_Boufal_341: 404
[2025-10-29T13:37:51.422+0000] {fetch_api_data.py:79} WARNING - Failed to fetch data for Joshua_Sims_342: 404
[2025-10-29T13:37:52.014+0000] {fetch_api_data.py:79} WARNING - Failed to fetch data for Nathan_Redmond_343: 404
[2025-10-29T13:37:52.608+0000] {fetch_api_data.py:79} WARNING - Failed to fetch data for Mario_Lemina_344: 404
[2025-10-29T13:37:53.228+0000] {fetch_api_data.py:79} WARNING - Failed to fetch data for Stuart_Armstrong_345: 404
[2025-10-29T13:37:53.908+0000] {fetch_api_data.py:79} WARNING - Failed to fetch data for Mohamed_Elyounoussi_346: 404
[2025-10-29T13:37:54.622+0000] {fetch_api_data.py:79} WARNING - Failed to fetch data for Shane_Long_347: 404
[2025-10-29T13:37:55.280+0000] {fetch_api_data.py:79} WARNING - Failed to fetch data for Charlie_Austin_348: 404
[2025-10-29T13:37:56.007+0000] {fetch_api_data.py:79} WARNING - Failed to fetch data for Manolo_Gabbiadini_349: 404
[2025-10-29T13:37:56.628+0000] {fetch_api_data.py:79} WARNING - Failed to fetch data for Guido_Carrillo_350: 404
[2025-10-29T13:37:57.272+0000] {fetch_api_data.py:79} WARNING - Failed to fetch data for Angus_Gunn_452: 404
[2025-10-29T13:37:57.918+0000] {fetch_api_data.py:79} WARNING - Failed to fetch data for Jannik_Vestergaard_463: 404
[2025-10-29T13:37:58.558+0000] {fetch_api_data.py:79} WARNING - Failed to fetch data for Matt_Targett_479: 404
[2025-10-29T13:37:59.257+0000] {fetch_api_data.py:79} WARNING - Failed to fetch data for Michael_Obafemi_550: 404
[2025-10-29T13:37:59.883+0000] {fetch_api_data.py:79} WARNING - Failed to fetch data for Yan_Valery_556: 404
[2025-10-29T13:38:00.495+0000] {fetch_api_data.py:79} WARNING - Failed to fetch data for Tyreke_Johnson_562: 404
[2025-10-29T13:38:01.426+0000] {fetch_api_data.py:79} WARNING - Failed to fetch data for Kayne_Ramsay_565: 404
[2025-10-29T13:38:02.192+0000] {fetch_api_data.py:79} WARNING - Failed to fetch data for Callum_Slattery_570: 404
[2025-10-29T13:38:02.801+0000] {fetch_api_data.py:79} WARNING - Failed to fetch data for Sam_Gallagher_574: 404
[2025-10-29T13:38:03.508+0000] {fetch_api_data.py:79} WARNING - Failed to fetch data for Alfie_Jones_595: 404
[2025-10-29T13:38:04.239+0000] {fetch_api_data.py:79} WARNING - Failed to fetch data for Hugo_Lloris_351: 404
[2025-10-29T13:38:04.892+0000] {fetch_api_data.py:79} WARNING - Failed to fetch data for Michel_Vorm_352: 404
[2025-10-29T13:38:05.523+0000] {fetch_api_data.py:79} WARNING - Failed to fetch data for Toby_Alderweireld_353: 404
[2025-10-29T13:38:06.143+0000] {fetch_api_data.py:79} WARNING - Failed to fetch data for Danny_Rose_354: 404
[2025-10-29T13:38:06.763+0000] {fetch_api_data.py:79} WARNING - Failed to fetch data for Jan_Vertonghen_355: 404
[2025-10-29T13:38:07.366+0000] {fetch_api_data.py:79} WARNING - Failed to fetch data for Ben_Davies_356: 404
[2025-10-29T13:38:07.984+0000] {fetch_api_data.py:79} WARNING - Failed to fetch data for Kieran_Trippier_357: 404
[2025-10-29T13:38:08.593+0000] {fetch_api_data.py:79} WARNING - Failed to fetch data for Kyle_Walker-Peters_358: 404
[2025-10-29T13:38:09.350+0000] {fetch_api_data.py:79} WARNING - Failed to fetch data for Davinson_Sánchez_359: 404
[2025-10-29T13:38:09.930+0000] {fetch_api_data.py:79} WARNING - Failed to fetch data for Serge_Aurier_360: 404
[2025-10-29T13:38:10.593+0000] {fetch_api_data.py:79} WARNING - Failed to fetch data for Eric_Dier_361: 404
[2025-10-29T13:38:11.262+0000] {fetch_api_data.py:79} WARNING - Failed to fetch data for Mousa_Dembélé_362: 404
[2025-10-29T13:38:11.842+0000] {fetch_api_data.py:79} WARNING - Failed to fetch data for Erik_Lamela_363: 404
[2025-10-29T13:38:12.498+0000] {fetch_api_data.py:79} WARNING - Failed to fetch data for Christian_Eriksen_364: 404
[2025-10-29T13:38:13.130+0000] {fetch_api_data.py:79} WARNING - Failed to fetch data for Bamidele_Alli_365: 404
[2025-10-29T13:38:13.805+0000] {fetch_api_data.py:79} WARNING - Failed to fetch data for Victor_Wanyama_366: 404
[2025-10-29T13:38:14.613+0000] {fetch_api_data.py:79} WARNING - Failed to fetch data for Heung-Min_Son_367: 404
[2025-10-29T13:38:15.269+0000] {fetch_api_data.py:79} WARNING - Failed to fetch data for Harry_Winks_368: 404
[2025-10-29T13:38:15.896+0000] {fetch_api_data.py:79} WARNING - Failed to fetch data for Moussa_Sissoko_369: 404
[2025-10-29T13:38:16.581+0000] {fetch_api_data.py:79} WARNING - Failed to fetch data for Lucas_Rodrigues Moura da Silva_370: 404
[2025-10-29T13:38:17.265+0000] {fetch_api_data.py:79} WARNING - Failed to fetch data for Fernando_Llorente_371: 404
[2025-10-29T13:38:17.859+0000] {fetch_api_data.py:79} WARNING - Failed to fetch data for Harry_Kane_372: 404
[2025-10-29T13:38:18.466+0000] {fetch_api_data.py:79} WARNING - Failed to fetch data for Georges-Kévin_Nkoudou_497: 404
[2025-10-29T13:38:19.212+0000] {fetch_api_data.py:79} WARNING - Failed to fetch data for Luke_Amos_523: 404
[2025-10-29T13:38:19.797+0000] {fetch_api_data.py:79} WARNING - Failed to fetch data for Paulo_Gazzaniga_536: 404
[2025-10-29T13:38:20.454+0000] {fetch_api_data.py:79} WARNING - Failed to fetch data for Alfie_Whiteman_538: 404
[2025-10-29T13:38:21.097+0000] {fetch_api_data.py:79} WARNING - Failed to fetch data for Oliver_Skipp_540: 404
[2025-10-29T13:38:21.790+0000] {fetch_api_data.py:79} WARNING - Failed to fetch data for Juan_Foyth_549: 404
[2025-10-29T13:38:22.410+0000] {fetch_api_data.py:79} WARNING - Failed to fetch data for Timothy_Eyoma_561: 404
[2025-10-29T13:38:23.356+0000] {fetch_api_data.py:79} WARNING - Failed to fetch data for Kazaiah_Sterling_578: 404
[2025-10-29T13:38:24.029+0000] {fetch_api_data.py:79} WARNING - Failed to fetch data for George_Marsh_612: 404
[2025-10-29T13:38:24.712+0000] {fetch_api_data.py:79} WARNING - Failed to fetch data for Vincent_Janssen_614: 404
[2025-10-29T13:38:25.315+0000] {fetch_api_data.py:79} WARNING - Failed to fetch data for Heurelho_Gomes_373: 404
[2025-10-29T13:38:25.971+0000] {fetch_api_data.py:79} WARNING - Failed to fetch data for Pontus_Dahlberg_374: 404
[2025-10-29T13:38:26.625+0000] {fetch_api_data.py:79} WARNING - Failed to fetch data for Younes_Kaboul_375: 404
[2025-10-29T13:38:27.249+0000] {fetch_api_data.py:79} WARNING - Failed to fetch data for Craig_Cathcart_376: 404
[2025-10-29T13:38:27.933+0000] {fetch_api_data.py:79} WARNING - Failed to fetch data for Sebastian_Prödl_377: 404
[2025-10-29T13:38:28.553+0000] {fetch_api_data.py:79} WARNING - Failed to fetch data for José_Holebas_378: 404
[2025-10-29T13:38:29.233+0000] {fetch_api_data.py:79} WARNING - Failed to fetch data for Miguel_Britos_379: 404
[2025-10-29T13:38:29.904+0000] {fetch_api_data.py:79} WARNING - Failed to fetch data for Christian_Kabasele_380: 404
[2025-10-29T13:38:30.532+0000] {fetch_api_data.py:79} WARNING - Failed to fetch data for Daryl_Janmaat_381: 404
[2025-10-29T13:38:31.151+0000] {fetch_api_data.py:79} WARNING - Failed to fetch data for Adrian_Mariappa_382: 404
[2025-10-29T13:38:31.766+0000] {fetch_api_data.py:79} WARNING - Failed to fetch data for Francisco_Femenía Far_383: 404
[2025-10-29T13:38:32.356+0000] {fetch_api_data.py:79} WARNING - Failed to fetch data for Marvin_Zeegelaar_384: 404
[2025-10-29T13:38:32.980+0000] {fetch_api_data.py:79} WARNING - Failed to fetch data for Marc_Navarro_385: 404
[2025-10-29T13:38:33.610+0000] {fetch_api_data.py:79} WARNING - Failed to fetch data for Adam_Masina_386: 404
[2025-10-29T13:38:34.497+0000] {fetch_api_data.py:79} WARNING - Failed to fetch data for Nathaniel_Chalobah_387: 404
[2025-10-29T13:38:35.210+0000] {fetch_api_data.py:79} WARNING - Failed to fetch data for Tom_Cleverley_388: 404
[2025-10-29T13:38:35.794+0000] {fetch_api_data.py:79} WARNING - Failed to fetch data for Etienne_Capoue_389: 404
[2025-10-29T13:38:36.415+0000] {fetch_api_data.py:79} WARNING - Failed to fetch data for Abdoulaye_Doucouré_390: 404
[2025-10-29T13:38:37.039+0000] {fetch_api_data.py:79} WARNING - Failed to fetch data for Roberto_Pereyra_391: 404
[2025-10-29T13:38:37.609+0000] {fetch_api_data.py:79} WARNING - Failed to fetch data for Will_Hughes_392: 404
[2025-10-29T13:38:38.214+0000] {fetch_api_data.py:79} WARNING - Failed to fetch data for Gerard_Deulofeu_394: 404
[2025-10-29T13:38:38.810+0000] {fetch_api_data.py:79} WARNING - Failed to fetch data for Andre_Gray_395: 404
[2025-10-29T13:38:39.424+0000] {fetch_api_data.py:79} WARNING - Failed to fetch data for Troy_Deeney_396: 404
[2025-10-29T13:38:40.090+0000] {fetch_api_data.py:79} WARNING - Failed to fetch data for Stefano_Okaka_397: 404
[2025-10-29T13:38:40.699+0000] {fetch_api_data.py:79} WARNING - Failed to fetch data for Jerome_Sinclair_398: 404
[2025-10-29T13:38:41.323+0000] {fetch_api_data.py:79} WARNING - Failed to fetch data for Ben_Foster_445: 404
[2025-10-29T13:38:41.931+0000] {fetch_api_data.py:79} WARNING - Failed to fetch data for Ken_Sema_446: 404
[2025-10-29T13:38:42.529+0000] {fetch_api_data.py:79} WARNING - Failed to fetch data for Domingos_Quina_517: 404
[2025-10-29T13:38:43.136+0000] {fetch_api_data.py:79} WARNING - Failed to fetch data for Isaac_Success Ajayi_524: 404
[2025-10-29T13:38:43.756+0000] {fetch_api_data.py:79} WARNING - Failed to fetch data for Ben_Wilmot_544: 404
[2025-10-29T13:38:44.418+0000] {fetch_api_data.py:79} WARNING - Failed to fetch data for Adalberto_Peñaranda_554: 404
[2025-10-29T13:38:45.075+0000] {fetch_api_data.py:79} WARNING - Failed to fetch data for Adrián_San Miguel del Castillo_399: 404
[2025-10-29T13:38:45.692+0000] {fetch_api_data.py:79} WARNING - Failed to fetch data for Lukasz_Fabianski_400: 404
[2025-10-29T13:38:46.317+0000] {fetch_api_data.py:79} WARNING - Failed to fetch data for Winston_Reid_401: 404
[2025-10-29T13:38:46.894+0000] {fetch_api_data.py:79} WARNING - Failed to fetch data for Aaron_Cresswell_402: 404
[2025-10-29T13:38:47.517+0000] {fetch_api_data.py:79} WARNING - Failed to fetch data for Angelo_Ogbonna_403: 404
[2025-10-29T13:38:48.131+0000] {fetch_api_data.py:79} WARNING - Failed to fetch data for Sam_Byram_404: 404
[2025-10-29T13:38:48.787+0000] {fetch_api_data.py:79} WARNING - Failed to fetch data for Pablo_Zabaleta_405: 404
[2025-10-29T13:38:49.396+0000] {fetch_api_data.py:79} WARNING - Failed to fetch data for Declan_Rice_406: 404
[2025-10-29T13:38:50.005+0000] {fetch_api_data.py:79} WARNING - Failed to fetch data for Reece_Oxford_407: 404
[2025-10-29T13:38:50.695+0000] {fetch_api_data.py:79} WARNING - Failed to fetch data for Ryan_Fredericks_408: 404
[2025-10-29T13:38:51.384+0000] {fetch_api_data.py:79} WARNING - Failed to fetch data for Issa_Diop_409: 404
[2025-10-29T13:38:51.997+0000] {fetch_api_data.py:79} WARNING - Failed to fetch data for Arthur_Masuaku_410: 404
[2025-10-29T13:38:52.580+0000] {fetch_api_data.py:79} WARNING - Failed to fetch data for Mark_Noble_411: 404
[2025-10-29T13:38:53.193+0000] {fetch_api_data.py:79} WARNING - Failed to fetch data for Pedro_Obiang_413: 404
[2025-10-29T13:38:53.797+0000] {fetch_api_data.py:79} WARNING - Failed to fetch data for Manuel_Lanzini_414: 404
[2025-10-29T13:38:54.392+0000] {fetch_api_data.py:79} WARNING - Failed to fetch data for Michail_Antonio_415: 404
[2025-10-29T13:38:55.129+0000] {fetch_api_data.py:79} WARNING - Failed to fetch data for Edimilson_Fernandes_416: 404
[2025-10-29T13:38:55.706+0000] {fetch_api_data.py:79} WARNING - Failed to fetch data for Marko_Arnautovic_417: 404
[2025-10-29T13:38:56.362+0000] {fetch_api_data.py:79} WARNING - Failed to fetch data for Andy_Carroll_418: 404
[2025-10-29T13:38:56.961+0000] {fetch_api_data.py:79} WARNING - Failed to fetch data for Javier_Hernández Balcázar_419: 404
[2025-10-29T13:38:57.652+0000] {fetch_api_data.py:79} WARNING - Failed to fetch data for Jordan_Hugill_420: 404
[2025-10-29T13:38:58.308+0000] {fetch_api_data.py:79} WARNING - Failed to fetch data for Jack_Wilshere_447: 404
[2025-10-29T13:38:58.926+0000] {fetch_api_data.py:79} WARNING - Failed to fetch data for Andriy_Yarmolenko_453: 404
[2025-10-29T13:38:59.556+0000] {fetch_api_data.py:79} WARNING - Failed to fetch data for Fabián_Balbuena_464: 404
[2025-10-29T13:39:00.213+0000] {fetch_api_data.py:79} WARNING - Failed to fetch data for Felipe Anderson_Pereira Gomes_465: 404
[2025-10-29T13:39:00.806+0000] {fetch_api_data.py:79} WARNING - Failed to fetch data for Robert_Snodgrass_489: 404
[2025-10-29T13:39:01.493+0000] {fetch_api_data.py:79} WARNING - Failed to fetch data for Lucas_Pérez_502: 404
[2025-10-29T13:39:02.169+0000] {fetch_api_data.py:79} WARNING - Failed to fetch data for Carlos_Sánchez_518: 404
[2025-10-29T13:39:02.821+0000] {fetch_api_data.py:79} WARNING - Failed to fetch data for Grady_Diangana_539: 404
[2025-10-29T13:39:03.434+0000] {fetch_api_data.py:79} WARNING - Failed to fetch data for Joe_Powell_547: 404
[2025-10-29T13:39:04.148+0000] {fetch_api_data.py:79} WARNING - Failed to fetch data for Conor_Coventry_548: 404
[2025-10-29T13:39:04.870+0000] {fetch_api_data.py:79} WARNING - Failed to fetch data for Alexandre Nascimento_Costa Silva_560: 404
[2025-10-29T13:39:05.493+0000] {fetch_api_data.py:79} WARNING - Failed to fetch data for Samir_Nasri_569: 404
[2025-10-29T13:39:06.197+0000] {fetch_api_data.py:79} WARNING - Failed to fetch data for Ben_Johnson_605: 404
[2025-10-29T13:39:06.792+0000] {fetch_api_data.py:79} WARNING - Failed to fetch data for Nathan_Holland_611: 404
[2025-10-29T13:39:07.452+0000] {fetch_api_data.py:79} WARNING - Failed to fetch data for John_Ruddy_421: 404
[2025-10-29T13:39:08.038+0000] {fetch_api_data.py:79} WARNING - Failed to fetch data for Will_Norris_422: 404
[2025-10-29T13:39:08.646+0000] {fetch_api_data.py:79} WARNING - Failed to fetch data for Willy_Boly_423: 404
[2025-10-29T13:39:09.263+0000] {fetch_api_data.py:79} WARNING - Failed to fetch data for Barry_Douglas_424: 404
[2025-10-29T13:39:09.874+0000] {fetch_api_data.py:79} WARNING - Failed to fetch data for Matt_Doherty_425: 404
[2025-10-29T13:39:10.486+0000] {fetch_api_data.py:79} WARNING - Failed to fetch data for Romain_Saïss_426: 404
[2025-10-29T13:39:11.122+0000] {fetch_api_data.py:79} WARNING - Failed to fetch data for Ryan_Bennett_427: 404
[2025-10-29T13:39:11.825+0000] {fetch_api_data.py:79} WARNING - Failed to fetch data for Danny_Batth_428: 404
[2025-10-29T13:39:12.537+0000] {fetch_api_data.py:79} WARNING - Failed to fetch data for Roderick Jefferson_Gonçalves Miranda_429: 404
[2025-10-29T13:39:13.182+0000] {fetch_api_data.py:79} WARNING - Failed to fetch data for Conor_Coady_430: 404
[2025-10-29T13:39:13.798+0000] {fetch_api_data.py:79} WARNING - Failed to fetch data for Rúben Gonçalo_Silva Nascimento Vinagre_431: 404
[2025-10-29T13:39:14.394+0000] {fetch_api_data.py:79} WARNING - Failed to fetch data for Diogo_Jota_432: 404
[2025-10-29T13:39:14.976+0000] {fetch_api_data.py:79} WARNING - Failed to fetch data for Rúben Diogo_da Silva Neves_433: 404
[2025-10-29T13:39:15.721+0000] {fetch_api_data.py:79} WARNING - Failed to fetch data for Ivan_Cavaleiro_434: 404
[2025-10-29T13:39:16.319+0000] {fetch_api_data.py:79} WARNING - Failed to fetch data for Hélder_Costa_435: 404
[2025-10-29T13:39:16.950+0000] {fetch_api_data.py:79} WARNING - Failed to fetch data for Bright_Enobakhare_436: 404
[2025-10-29T13:39:17.637+0000] {fetch_api_data.py:79} WARNING - Failed to fetch data for Raúl_Jiménez_437: 404
[2025-10-29T13:39:18.234+0000] {fetch_api_data.py:79} WARNING - Failed to fetch data for Bonatini Lohner Maia_Bonatini_438: 404
[2025-10-29T13:39:18.838+0000] {fetch_api_data.py:79} WARNING - Failed to fetch data for Morgan_Gibbs-White_448: 404
[2025-10-29T13:39:19.523+0000] {fetch_api_data.py:79} WARNING - Failed to fetch data for Rafa_Mir_449: 404
[2025-10-29T13:39:20.120+0000] {fetch_api_data.py:79} WARNING - Failed to fetch data for Rui Pedro_dos Santos Patrício_454: 404
[2025-10-29T13:39:20.736+0000] {fetch_api_data.py:79} WARNING - Failed to fetch data for João Filipe Iria_Santos Moutinho_475: 404
[2025-10-29T13:39:21.366+0000] {fetch_api_data.py:79} WARNING - Failed to fetch data for Jonathan_Castro Otto_483: 404
[2025-10-29T13:39:21.983+0000] {fetch_api_data.py:79} WARNING - Failed to fetch data for Adama_Traoré_500: 404
[2025-10-29T13:39:22.995+0000] {fetch_api_data.py:79} WARNING - Failed to fetch data for Leander_Dendoncker_519: 404
[2025-10-29T13:39:23.674+0000] {fetch_api_data.py:79} WARNING - Failed to fetch data for Kortney_Hause_525: 404
[2025-10-29T13:39:24.289+0000] {fetch_api_data.py:79} WARNING - Failed to fetch data for Ryan John_Giles_555: 404
[2025-10-29T13:39:24.965+0000] {fetch_api_data.py:79} WARNING - Failed to fetch data for Max_Kilman_567: 404
[2025-10-29T13:39:25.639+0000] {fetch_api_data.py:79} WARNING - Failed to fetch data for Cameron_John_596: 404
[2025-10-29T13:39:25.643+0000] {python.py:183} INFO - Done. Returned value was: []
[2025-10-29T13:39:25.694+0000] {taskinstance.py:1350} INFO - Marking task as SUCCESS. dag_id=fpl_gameweeks_etl, task_id=fetch_players_gw_task, map_index=6, execution_date=20251029T133156, start_date=20251029T133223, end_date=20251029T133925
[2025-10-29T13:39:25.752+0000] {local_task_job_runner.py:225} INFO - Task exited with return code 0
[2025-10-29T13:39:25.800+0000] {taskinstance.py:2653} INFO - 0 downstream tasks scheduled from follow-on schedule check
