[2025-10-26T17:29:02.259+0000] {taskinstance.py:1103} INFO - Dependencies all met for dep_context=non-requeueable deps ti=<TaskInstance: fpl_gameweeks_etl.parse_players_seasons_stats manual__2025-10-26T17:28:38.234556+00:00 [queued]>
[2025-10-26T17:29:02.277+0000] {taskinstance.py:1103} INFO - Dependencies all met for dep_context=requeueable deps ti=<TaskInstance: fpl_gameweeks_etl.parse_players_seasons_stats manual__2025-10-26T17:28:38.234556+00:00 [queued]>
[2025-10-26T17:29:02.277+0000] {taskinstance.py:1308} INFO - Starting attempt 1 of 2
[2025-10-26T17:29:02.424+0000] {taskinstance.py:1327} INFO - Executing <Task(_PythonDecoratedOperator): parse_players_seasons_stats> on 2025-10-26 17:28:38.234556+00:00
[2025-10-26T17:29:02.431+0000] {standard_task_runner.py:57} INFO - Started process 1859 to run task
[2025-10-26T17:29:02.435+0000] {standard_task_runner.py:84} INFO - Running: ['airflow', 'tasks', 'run', 'fpl_gameweeks_etl', 'parse_players_seasons_stats', 'manual__2025-10-26T17:28:38.234556+00:00', '--job-id', '8277', '--raw', '--subdir', 'DAGS_FOLDER/fpl_gameweeks_dag.py', '--cfg-path', '/tmp/tmpjr38b7h7']
[2025-10-26T17:29:02.436+0000] {standard_task_runner.py:85} INFO - Job 8277: Subtask parse_players_seasons_stats
[2025-10-26T17:29:02.515+0000] {task_command.py:410} INFO - Running <TaskInstance: fpl_gameweeks_etl.parse_players_seasons_stats manual__2025-10-26T17:28:38.234556+00:00 [running]> on host 19131f4ed372
[2025-10-26T17:29:02.695+0000] {taskinstance.py:1547} INFO - Exporting env vars: AIRFLOW_CTX_DAG_OWNER='richardilemon' AIRFLOW_CTX_DAG_ID='fpl_gameweeks_etl' AIRFLOW_CTX_TASK_ID='parse_players_seasons_stats' AIRFLOW_CTX_EXECUTION_DATE='2025-10-26T17:28:38.234556+00:00' AIRFLOW_CTX_TRY_NUMBER='1' AIRFLOW_CTX_DAG_RUN_ID='manual__2025-10-26T17:28:38.234556+00:00'
[2025-10-26T17:29:02.697+0000] {taskinstance.py:1824} ERROR - Task failed with exception
Traceback (most recent call last):
  File "/home/airflow/.local/lib/python3.7/site-packages/airflow/decorators/base.py", line 220, in execute
    return_value = super().execute(context)
  File "/home/airflow/.local/lib/python3.7/site-packages/airflow/operators/python.py", line 181, in execute
    return_value = self.execute_callable()
  File "/home/airflow/.local/lib/python3.7/site-packages/airflow/operators/python.py", line 198, in execute_callable
    return self.python_callable(*self.op_args, **self.op_kwargs)
  File "/opt/airflow/dags/fpl_gameweeks_dag.py", line 115, in parse_players_seasons_stats
    return parse_players_seasons(players_gw_stats)
  File "/opt/airflow/scripts/load_player_gameweek_stats.py", line 14, in parse_players_seasons
    players_stats = list(csv.DictReader(StringIO(players_stat["csv"])))
TypeError: string indices must be integers
[2025-10-26T17:29:02.726+0000] {taskinstance.py:1350} INFO - Marking task as UP_FOR_RETRY. dag_id=fpl_gameweeks_etl, task_id=parse_players_seasons_stats, execution_date=20251026T172838, start_date=20251026T172902, end_date=20251026T172902
[2025-10-26T17:29:02.751+0000] {standard_task_runner.py:109} ERROR - Failed to execute job 8277 for task parse_players_seasons_stats (string indices must be integers; 1859)
[2025-10-26T17:29:02.768+0000] {local_task_job_runner.py:225} INFO - Task exited with return code 1
[2025-10-26T17:29:02.829+0000] {taskinstance.py:2653} INFO - 0 downstream tasks scheduled from follow-on schedule check
