[2025-10-29T22:12:13.866+0000] {taskinstance.py:1103} INFO - Dependencies all met for dep_context=non-requeueable deps ti=<TaskInstance: fpl_gameweeks_etl.match_code_task manual__2025-10-29T22:12:05.184228+00:00 [queued]>
[2025-10-29T22:12:13.885+0000] {taskinstance.py:1103} INFO - Dependencies all met for dep_context=requeueable deps ti=<TaskInstance: fpl_gameweeks_etl.match_code_task manual__2025-10-29T22:12:05.184228+00:00 [queued]>
[2025-10-29T22:12:13.886+0000] {taskinstance.py:1308} INFO - Starting attempt 1 of 2
[2025-10-29T22:12:14.154+0000] {taskinstance.py:1327} INFO - Executing <Task(_PythonDecoratedOperator): match_code_task> on 2025-10-29 22:12:05.184228+00:00
[2025-10-29T22:12:14.165+0000] {standard_task_runner.py:57} INFO - Started process 1899 to run task
[2025-10-29T22:12:14.173+0000] {standard_task_runner.py:84} INFO - Running: ['airflow', 'tasks', 'run', 'fpl_gameweeks_etl', 'match_code_task', 'manual__2025-10-29T22:12:05.184228+00:00', '--job-id', '1751', '--raw', '--subdir', 'DAGS_FOLDER/fpl_gameweeks_dag.py', '--cfg-path', '/tmp/tmp6p07xt53']
[2025-10-29T22:12:14.181+0000] {standard_task_runner.py:85} INFO - Job 1751: Subtask match_code_task
[2025-10-29T22:12:14.322+0000] {task_command.py:410} INFO - Running <TaskInstance: fpl_gameweeks_etl.match_code_task manual__2025-10-29T22:12:05.184228+00:00 [running]> on host 27ecd0db3cbd
[2025-10-29T22:12:14.541+0000] {taskinstance.py:1547} INFO - Exporting env vars: AIRFLOW_CTX_DAG_OWNER='richardilemon' AIRFLOW_CTX_DAG_ID='fpl_gameweeks_etl' AIRFLOW_CTX_TASK_ID='match_code_task' AIRFLOW_CTX_EXECUTION_DATE='2025-10-29T22:12:05.184228+00:00' AIRFLOW_CTX_TRY_NUMBER='1' AIRFLOW_CTX_DAG_RUN_ID='manual__2025-10-29T22:12:05.184228+00:00'
[2025-10-29T22:12:14.543+0000] {taskinstance.py:1824} ERROR - Task failed with exception
Traceback (most recent call last):
  File "/home/airflow/.local/lib/python3.7/site-packages/airflow/decorators/base.py", line 220, in execute
    return_value = super().execute(context)
  File "/home/airflow/.local/lib/python3.7/site-packages/airflow/operators/python.py", line 181, in execute
    return_value = self.execute_callable()
  File "/home/airflow/.local/lib/python3.7/site-packages/airflow/operators/python.py", line 198, in execute_callable
    return self.python_callable(*self.op_args, **self.op_kwargs)
  File "/opt/airflow/dags/fpl_gameweeks_dag.py", line 144, in match_code_task
    return match_team_code(fixtures)
  File "/opt/airflow/scripts/load_player_gameweek_stats.py", line 103, in match_team_code
    fixtures = list(csv.DictReader(StringIO(fixtures["csv"])))
  File "/home/airflow/.local/lib/python3.7/site-packages/airflow/models/xcom.py", line 762, in __getitem__
    raise ValueError("only support index access for now")
ValueError: only support index access for now
[2025-10-29T22:12:14.569+0000] {taskinstance.py:1350} INFO - Marking task as UP_FOR_RETRY. dag_id=fpl_gameweeks_etl, task_id=match_code_task, execution_date=20251029T221205, start_date=20251029T221213, end_date=20251029T221214
[2025-10-29T22:12:14.591+0000] {standard_task_runner.py:109} ERROR - Failed to execute job 1751 for task match_code_task (only support index access for now; 1899)
[2025-10-29T22:12:14.627+0000] {local_task_job_runner.py:225} INFO - Task exited with return code 1
[2025-10-29T22:12:15.602+0000] {taskinstance.py:2653} INFO - 0 downstream tasks scheduled from follow-on schedule check
