[2025-10-07T19:36:05.310+0000] {taskinstance.py:1103} INFO - Dependencies all met for dep_context=non-requeueable deps ti=<TaskInstance: fpl_etl_pipeline.insert_teams_data manual__2025-10-07T19:35:55.840131+00:00 [queued]>
[2025-10-07T19:36:05.322+0000] {taskinstance.py:1103} INFO - Dependencies all met for dep_context=requeueable deps ti=<TaskInstance: fpl_etl_pipeline.insert_teams_data manual__2025-10-07T19:35:55.840131+00:00 [queued]>
[2025-10-07T19:36:05.322+0000] {taskinstance.py:1308} INFO - Starting attempt 1 of 2
[2025-10-07T19:36:05.344+0000] {taskinstance.py:1327} INFO - Executing <Task(PythonOperator): insert_teams_data> on 2025-10-07 19:35:55.840131+00:00
[2025-10-07T19:36:05.350+0000] {standard_task_runner.py:57} INFO - Started process 282 to run task
[2025-10-07T19:36:05.354+0000] {standard_task_runner.py:84} INFO - Running: ['airflow', 'tasks', 'run', 'fpl_etl_pipeline', 'insert_teams_data', 'manual__2025-10-07T19:35:55.840131+00:00', '--job-id', '121', '--raw', '--subdir', 'DAGS_FOLDER/fpl_etl_pipeline.py', '--cfg-path', '/tmp/tmpi207l5s2']
[2025-10-07T19:36:05.357+0000] {standard_task_runner.py:85} INFO - Job 121: Subtask insert_teams_data
[2025-10-07T19:36:05.436+0000] {task_command.py:410} INFO - Running <TaskInstance: fpl_etl_pipeline.insert_teams_data manual__2025-10-07T19:35:55.840131+00:00 [running]> on host 00f07cb5c963
[2025-10-07T19:36:05.635+0000] {taskinstance.py:1547} INFO - Exporting env vars: AIRFLOW_CTX_DAG_OWNER='richardilemon' AIRFLOW_CTX_DAG_ID='fpl_etl_pipeline' AIRFLOW_CTX_TASK_ID='insert_teams_data' AIRFLOW_CTX_EXECUTION_DATE='2025-10-07T19:35:55.840131+00:00' AIRFLOW_CTX_TRY_NUMBER='1' AIRFLOW_CTX_DAG_RUN_ID='manual__2025-10-07T19:35:55.840131+00:00'
[2025-10-07T19:36:05.637+0000] {taskinstance.py:1824} ERROR - Task failed with exception
Traceback (most recent call last):
  File "/home/airflow/.local/lib/python3.7/site-packages/airflow/operators/python.py", line 181, in execute
    return_value = self.execute_callable()
  File "/home/airflow/.local/lib/python3.7/site-packages/airflow/operators/python.py", line 198, in execute_callable
    return self.python_callable(*self.op_args, **self.op_kwargs)
TypeError: wrapper() takes 1 positional argument but 2 were given
[2025-10-07T19:36:05.654+0000] {taskinstance.py:1350} INFO - Marking task as UP_FOR_RETRY. dag_id=fpl_etl_pipeline, task_id=insert_teams_data, execution_date=20251007T193555, start_date=20251007T193605, end_date=20251007T193605
[2025-10-07T19:36:05.670+0000] {standard_task_runner.py:109} ERROR - Failed to execute job 121 for task insert_teams_data (wrapper() takes 1 positional argument but 2 were given; 282)
[2025-10-07T19:36:05.687+0000] {local_task_job_runner.py:225} INFO - Task exited with return code 1
[2025-10-07T19:36:05.726+0000] {taskinstance.py:2653} INFO - 0 downstream tasks scheduled from follow-on schedule check
