[2025-10-26T14:18:59.318+0000] {taskinstance.py:1103} INFO - Dependencies all met for dep_context=non-requeueable deps ti=<TaskInstance: fpl_gameweeks_etl.create_gameweeks_table manual__2025-10-26T14:18:57.241710+00:00 [queued]>
[2025-10-26T14:18:59.331+0000] {taskinstance.py:1103} INFO - Dependencies all met for dep_context=requeueable deps ti=<TaskInstance: fpl_gameweeks_etl.create_gameweeks_table manual__2025-10-26T14:18:57.241710+00:00 [queued]>
[2025-10-26T14:18:59.332+0000] {taskinstance.py:1308} INFO - Starting attempt 1 of 2
[2025-10-26T14:18:59.357+0000] {taskinstance.py:1327} INFO - Executing <Task(PostgresOperator): create_gameweeks_table> on 2025-10-26 14:18:57.241710+00:00
[2025-10-26T14:18:59.362+0000] {standard_task_runner.py:57} INFO - Started process 1406 to run task
[2025-10-26T14:18:59.368+0000] {standard_task_runner.py:84} INFO - Running: ['airflow', 'tasks', 'run', 'fpl_gameweeks_etl', 'create_gameweeks_table', 'manual__2025-10-26T14:18:57.241710+00:00', '--job-id', '8066', '--raw', '--subdir', 'DAGS_FOLDER/fpl_gameweeks_dag.py', '--cfg-path', '/tmp/tmp2beextvw']
[2025-10-26T14:18:59.369+0000] {standard_task_runner.py:85} INFO - Job 8066: Subtask create_gameweeks_table
[2025-10-26T14:18:59.624+0000] {task_command.py:410} INFO - Running <TaskInstance: fpl_gameweeks_etl.create_gameweeks_table manual__2025-10-26T14:18:57.241710+00:00 [running]> on host 88ea783d41a3
[2025-10-26T14:18:59.815+0000] {taskinstance.py:1547} INFO - Exporting env vars: AIRFLOW_CTX_DAG_OWNER='richardilemon' AIRFLOW_CTX_DAG_ID='fpl_gameweeks_etl' AIRFLOW_CTX_TASK_ID='create_gameweeks_table' AIRFLOW_CTX_EXECUTION_DATE='2025-10-26T14:18:57.241710+00:00' AIRFLOW_CTX_TRY_NUMBER='1' AIRFLOW_CTX_DAG_RUN_ID='manual__2025-10-26T14:18:57.241710+00:00'
[2025-10-26T14:18:59.819+0000] {sql.py:265} INFO - Executing: 
            CREATE TABLE IF NOT EXISTS game_weeks (
                season TEXT,
                gameweek INTEGER,
                deadline TIMESTAMP,
                PRIMARY KEY (season, gameweek)
            );
        
[2025-10-26T14:18:59.861+0000] {base.py:73} INFO - Using connection ID 'fpl_db_conn' for task execution.
[2025-10-26T14:19:00.113+0000] {base.py:73} INFO - Using connection ID 'fpl_db_conn' for task execution.
[2025-10-26T14:19:00.137+0000] {sql.py:375} INFO - Running statement: 
            CREATE TABLE IF NOT EXISTS game_weeks (
                season TEXT,
                gameweek INTEGER,
                deadline TIMESTAMP,
                PRIMARY KEY (season, gameweek)
            );
        , parameters: None
[2025-10-26T14:19:00.179+0000] {taskinstance.py:1350} INFO - Marking task as SUCCESS. dag_id=fpl_gameweeks_etl, task_id=create_gameweeks_table, execution_date=20251026T141857, start_date=20251026T141859, end_date=20251026T141900
[2025-10-26T14:19:00.270+0000] {local_task_job_runner.py:225} INFO - Task exited with return code 0
[2025-10-26T14:19:01.011+0000] {taskinstance.py:2653} INFO - 7 downstream tasks scheduled from follow-on schedule check
