[2025-10-09T11:44:26.099+0000] {taskinstance.py:1103} INFO - Dependencies all met for dep_context=non-requeueable deps ti=<TaskInstance: fpl_etl_pipeline.create_teams_table manual__2025-10-09T11:44:24.042544+00:00 [queued]>
[2025-10-09T11:44:26.163+0000] {taskinstance.py:1103} INFO - Dependencies all met for dep_context=requeueable deps ti=<TaskInstance: fpl_etl_pipeline.create_teams_table manual__2025-10-09T11:44:24.042544+00:00 [queued]>
[2025-10-09T11:44:26.167+0000] {taskinstance.py:1308} INFO - Starting attempt 1 of 2
[2025-10-09T11:44:26.785+0000] {taskinstance.py:1327} INFO - Executing <Task(PostgresOperator): create_teams_table> on 2025-10-09 11:44:24.042544+00:00
[2025-10-09T11:44:26.806+0000] {standard_task_runner.py:57} INFO - Started process 1682 to run task
[2025-10-09T11:44:26.818+0000] {standard_task_runner.py:84} INFO - Running: ['airflow', 'tasks', 'run', 'fpl_etl_pipeline', 'create_teams_table', 'manual__2025-10-09T11:44:24.042544+00:00', '--job-id', '289', '--raw', '--subdir', 'DAGS_FOLDER/fpl_etl_pipeline.py', '--cfg-path', '/tmp/tmpysqitpf1']
[2025-10-09T11:44:26.830+0000] {standard_task_runner.py:85} INFO - Job 289: Subtask create_teams_table
[2025-10-09T11:44:27.026+0000] {task_command.py:410} INFO - Running <TaskInstance: fpl_etl_pipeline.create_teams_table manual__2025-10-09T11:44:24.042544+00:00 [running]> on host 671762379d36
[2025-10-09T11:44:27.319+0000] {taskinstance.py:1547} INFO - Exporting env vars: AIRFLOW_CTX_DAG_OWNER='richardilemon' AIRFLOW_CTX_DAG_ID='fpl_etl_pipeline' AIRFLOW_CTX_TASK_ID='create_teams_table' AIRFLOW_CTX_EXECUTION_DATE='2025-10-09T11:44:24.042544+00:00' AIRFLOW_CTX_TRY_NUMBER='1' AIRFLOW_CTX_DAG_RUN_ID='manual__2025-10-09T11:44:24.042544+00:00'
[2025-10-09T11:44:27.321+0000] {sql.py:265} INFO - Executing: 
            CREATE TABLE IF NOT EXISTS teams (
                season TEXT,
                code INTEGER,
                id INTEGER,
                name TEXT,
                short_name TEXT,
                strength_overall_home INTEGER,
                strength_overall_away INTEGER,
                strength_attack_home INTEGER,
                strength_attack_away INTEGER,
                strength_defence_home INTEGER,
                strength_defence_away INTEGER,
                strength INTEGER,
                PRIMARY KEY (season, code)
            );
        
[2025-10-09T11:44:27.359+0000] {base.py:73} INFO - Using connection ID 'fpl_db_conn' for task execution.
[2025-10-09T11:44:27.502+0000] {base.py:73} INFO - Using connection ID 'fpl_db_conn' for task execution.
[2025-10-09T11:44:27.514+0000] {sql.py:375} INFO - Running statement: 
            CREATE TABLE IF NOT EXISTS teams (
                season TEXT,
                code INTEGER,
                id INTEGER,
                name TEXT,
                short_name TEXT,
                strength_overall_home INTEGER,
                strength_overall_away INTEGER,
                strength_attack_home INTEGER,
                strength_attack_away INTEGER,
                strength_defence_home INTEGER,
                strength_defence_away INTEGER,
                strength INTEGER,
                PRIMARY KEY (season, code)
            );
        , parameters: None
[2025-10-09T11:44:27.534+0000] {taskinstance.py:1350} INFO - Marking task as SUCCESS. dag_id=fpl_etl_pipeline, task_id=create_teams_table, execution_date=20251009T114424, start_date=20251009T114426, end_date=20251009T114427
[2025-10-09T11:44:27.606+0000] {local_task_job_runner.py:225} INFO - Task exited with return code 0
[2025-10-09T11:44:27.697+0000] {taskinstance.py:2653} INFO - 1 downstream tasks scheduled from follow-on schedule check
