[2025-10-26T10:36:36.373+0000] {taskinstance.py:1103} INFO - Dependencies all met for dep_context=non-requeueable deps ti=<TaskInstance: fpl_gameweeks_etl.extract_players_folder manual__2025-10-26T10:36:09.589303+00:00 [queued]>
[2025-10-26T10:36:36.392+0000] {taskinstance.py:1103} INFO - Dependencies all met for dep_context=requeueable deps ti=<TaskInstance: fpl_gameweeks_etl.extract_players_folder manual__2025-10-26T10:36:09.589303+00:00 [queued]>
[2025-10-26T10:36:36.392+0000] {taskinstance.py:1308} INFO - Starting attempt 1 of 2
[2025-10-26T10:36:36.419+0000] {taskinstance.py:1327} INFO - Executing <Task(_PythonDecoratedOperator): extract_players_folder> on 2025-10-26 10:36:09.589303+00:00
[2025-10-26T10:36:36.424+0000] {standard_task_runner.py:57} INFO - Started process 2943 to run task
[2025-10-26T10:36:36.427+0000] {standard_task_runner.py:84} INFO - Running: ['airflow', 'tasks', 'run', 'fpl_gameweeks_etl', 'extract_players_folder', 'manual__2025-10-26T10:36:09.589303+00:00', '--job-id', '7180', '--raw', '--subdir', 'DAGS_FOLDER/fpl_gameweeks_dag.py', '--cfg-path', '/tmp/tmp7jfnje76']
[2025-10-26T10:36:36.428+0000] {standard_task_runner.py:85} INFO - Job 7180: Subtask extract_players_folder
[2025-10-26T10:36:36.664+0000] {task_command.py:410} INFO - Running <TaskInstance: fpl_gameweeks_etl.extract_players_folder manual__2025-10-26T10:36:09.589303+00:00 [running]> on host d6ecd00cf5eb
[2025-10-26T10:36:37.655+0000] {taskinstance.py:1547} INFO - Exporting env vars: AIRFLOW_CTX_DAG_OWNER='richardilemon' AIRFLOW_CTX_DAG_ID='fpl_gameweeks_etl' AIRFLOW_CTX_TASK_ID='extract_players_folder' AIRFLOW_CTX_EXECUTION_DATE='2025-10-26T10:36:09.589303+00:00' AIRFLOW_CTX_TRY_NUMBER='1' AIRFLOW_CTX_DAG_RUN_ID='manual__2025-10-26T10:36:09.589303+00:00'
[2025-10-26T10:36:37.657+0000] {taskinstance.py:1824} ERROR - Task failed with exception
Traceback (most recent call last):
  File "/home/airflow/.local/lib/python3.7/site-packages/airflow/decorators/base.py", line 220, in execute
    return_value = super().execute(context)
  File "/home/airflow/.local/lib/python3.7/site-packages/airflow/operators/python.py", line 181, in execute
    return_value = self.execute_callable()
  File "/home/airflow/.local/lib/python3.7/site-packages/airflow/operators/python.py", line 198, in execute_callable
    return self.python_callable(*self.op_args, **self.op_kwargs)
  File "/opt/airflow/dags/fpl_gameweeks_dag.py", line 64, in extract_players_folder
    return get_players_folder(players)
  File "/opt/airflow/scripts/load_player_gameweek_stats.py", line 40, in get_players_folder
    players_lists.append(player_name, _)
TypeError: append() takes exactly one argument (2 given)
[2025-10-26T10:36:37.701+0000] {taskinstance.py:1350} INFO - Marking task as UP_FOR_RETRY. dag_id=fpl_gameweeks_etl, task_id=extract_players_folder, execution_date=20251026T103609, start_date=20251026T103636, end_date=20251026T103637
[2025-10-26T10:36:37.749+0000] {standard_task_runner.py:109} ERROR - Failed to execute job 7180 for task extract_players_folder (append() takes exactly one argument (2 given); 2943)
[2025-10-26T10:36:37.805+0000] {local_task_job_runner.py:225} INFO - Task exited with return code 1
[2025-10-26T10:36:38.467+0000] {taskinstance.py:2653} INFO - 0 downstream tasks scheduled from follow-on schedule check
