[2025-10-07T17:17:10.359+0000] {taskinstance.py:1103} INFO - Dependencies all met for dep_context=non-requeueable deps ti=<TaskInstance: fpl_etl_pipeline.create_teams_table manual__2025-10-07T17:17:07.802993+00:00 [queued]>
[2025-10-07T17:17:10.376+0000] {taskinstance.py:1103} INFO - Dependencies all met for dep_context=requeueable deps ti=<TaskInstance: fpl_etl_pipeline.create_teams_table manual__2025-10-07T17:17:07.802993+00:00 [queued]>
[2025-10-07T17:17:10.377+0000] {taskinstance.py:1308} INFO - Starting attempt 1 of 2
[2025-10-07T17:17:10.403+0000] {taskinstance.py:1327} INFO - Executing <Task(PostgresOperator): create_teams_table> on 2025-10-07 17:17:07.802993+00:00
[2025-10-07T17:17:10.411+0000] {standard_task_runner.py:57} INFO - Started process 3340 to run task
[2025-10-07T17:17:10.416+0000] {standard_task_runner.py:84} INFO - Running: ['airflow', 'tasks', 'run', 'fpl_etl_pipeline', 'create_teams_table', 'manual__2025-10-07T17:17:07.802993+00:00', '--job-id', '107', '--raw', '--subdir', 'DAGS_FOLDER/fpl_etl_pipeline.py', '--cfg-path', '/tmp/tmpren6q8y0']
[2025-10-07T17:17:10.419+0000] {standard_task_runner.py:85} INFO - Job 107: Subtask create_teams_table
[2025-10-07T17:17:10.497+0000] {task_command.py:410} INFO - Running <TaskInstance: fpl_etl_pipeline.create_teams_table manual__2025-10-07T17:17:07.802993+00:00 [running]> on host f44e38d8e384
[2025-10-07T17:17:10.698+0000] {taskinstance.py:1547} INFO - Exporting env vars: AIRFLOW_CTX_DAG_OWNER='richardilemon' AIRFLOW_CTX_DAG_ID='fpl_etl_pipeline' AIRFLOW_CTX_TASK_ID='create_teams_table' AIRFLOW_CTX_EXECUTION_DATE='2025-10-07T17:17:07.802993+00:00' AIRFLOW_CTX_TRY_NUMBER='1' AIRFLOW_CTX_DAG_RUN_ID='manual__2025-10-07T17:17:07.802993+00:00'
[2025-10-07T17:17:10.700+0000] {sql.py:265} INFO - Executing: 
        CREATE TABLE IF NOT EXISTS teams (
            season TEXT,
            code INTEGER,
            id INTEGER,
            name TEXT,
            short_name TEXT,
            strength_overall_home INTEGER,
            strength_overall_away INTEGER,
            strength_attack_home INTEGER,
            strength_attack_away INTEGER,
            strength_defence_home INTEGER,
            strength_defence_away INTEGER,
            strength INTEGER,
            PRIMARY KEY (season, code)
        );
[2025-10-07T17:17:10.721+0000] {base.py:73} INFO - Using connection ID 'fpl_db_conn' for task execution.
[2025-10-07T17:17:10.880+0000] {base.py:73} INFO - Using connection ID 'fpl_db_conn' for task execution.
[2025-10-07T17:17:10.893+0000] {sql.py:375} INFO - Running statement: 
        CREATE TABLE IF NOT EXISTS teams (
            season TEXT,
            code INTEGER,
            id INTEGER,
            name TEXT,
            short_name TEXT,
            strength_overall_home INTEGER,
            strength_overall_away INTEGER,
            strength_attack_home INTEGER,
            strength_attack_away INTEGER,
            strength_defence_home INTEGER,
            strength_defence_away INTEGER,
            strength INTEGER,
            PRIMARY KEY (season, code)
        );, parameters: None
[2025-10-07T17:17:10.915+0000] {taskinstance.py:1350} INFO - Marking task as SUCCESS. dag_id=fpl_etl_pipeline, task_id=create_teams_table, execution_date=20251007T171707, start_date=20251007T171710, end_date=20251007T171710
[2025-10-07T17:17:10.949+0000] {local_task_job_runner.py:225} INFO - Task exited with return code 0
[2025-10-07T17:17:10.995+0000] {taskinstance.py:2653} INFO - 1 downstream tasks scheduled from follow-on schedule check
