[2025-10-13T22:53:04.553+0000] {taskinstance.py:1103} INFO - Dependencies all met for dep_context=non-requeueable deps ti=<TaskInstance: fpl_etl_pipeline.create_players_table manual__2025-10-13T22:53:02.560206+00:00 [queued]>
[2025-10-13T22:53:04.577+0000] {taskinstance.py:1103} INFO - Dependencies all met for dep_context=requeueable deps ti=<TaskInstance: fpl_etl_pipeline.create_players_table manual__2025-10-13T22:53:02.560206+00:00 [queued]>
[2025-10-13T22:53:04.577+0000] {taskinstance.py:1308} INFO - Starting attempt 1 of 2
[2025-10-13T22:53:04.608+0000] {taskinstance.py:1327} INFO - Executing <Task(PostgresOperator): create_players_table> on 2025-10-13 22:53:02.560206+00:00
[2025-10-13T22:53:04.617+0000] {standard_task_runner.py:57} INFO - Started process 1740 to run task
[2025-10-13T22:53:04.624+0000] {standard_task_runner.py:84} INFO - Running: ['airflow', 'tasks', 'run', 'fpl_etl_pipeline', 'create_players_table', 'manual__2025-10-13T22:53:02.560206+00:00', '--job-id', '704', '--raw', '--subdir', 'DAGS_FOLDER/fpl_etl_pipeline.py', '--cfg-path', '/tmp/tmpwcgi8ijy']
[2025-10-13T22:53:04.640+0000] {standard_task_runner.py:85} INFO - Job 704: Subtask create_players_table
[2025-10-13T22:53:04.942+0000] {task_command.py:410} INFO - Running <TaskInstance: fpl_etl_pipeline.create_players_table manual__2025-10-13T22:53:02.560206+00:00 [running]> on host 033ad6cd18d9
[2025-10-13T22:53:05.104+0000] {taskinstance.py:1547} INFO - Exporting env vars: AIRFLOW_CTX_DAG_OWNER='richardilemon' AIRFLOW_CTX_DAG_ID='fpl_etl_pipeline' AIRFLOW_CTX_TASK_ID='create_players_table' AIRFLOW_CTX_EXECUTION_DATE='2025-10-13T22:53:02.560206+00:00' AIRFLOW_CTX_TRY_NUMBER='1' AIRFLOW_CTX_DAG_RUN_ID='manual__2025-10-13T22:53:02.560206+00:00'
[2025-10-13T22:53:05.106+0000] {sql.py:265} INFO - Executing: 
            CREATE TABLE IF NOT EXISTS players (
                code INTEGER PRIMARY KEY,
                first_name TEXT,
                second_name TEXT,
                web_name TEXT,
                team_code INTEGER,
                type_name TEXT,
                now_cost INTEGER,
                status TEXT
            );
        
[2025-10-13T22:53:05.136+0000] {base.py:73} INFO - Using connection ID 'fpl_db_conn' for task execution.
[2025-10-13T22:53:05.244+0000] {base.py:73} INFO - Using connection ID 'fpl_db_conn' for task execution.
[2025-10-13T22:53:05.256+0000] {sql.py:375} INFO - Running statement: 
            CREATE TABLE IF NOT EXISTS players (
                code INTEGER PRIMARY KEY,
                first_name TEXT,
                second_name TEXT,
                web_name TEXT,
                team_code INTEGER,
                type_name TEXT,
                now_cost INTEGER,
                status TEXT
            );
        , parameters: None
[2025-10-13T22:53:05.272+0000] {taskinstance.py:1350} INFO - Marking task as SUCCESS. dag_id=fpl_etl_pipeline, task_id=create_players_table, execution_date=20251013T225302, start_date=20251013T225304, end_date=20251013T225305
[2025-10-13T22:53:05.317+0000] {local_task_job_runner.py:225} INFO - Task exited with return code 0
[2025-10-13T22:53:05.507+0000] {taskinstance.py:2653} INFO - 0 downstream tasks scheduled from follow-on schedule check
