[2025-10-26T11:00:46.188+0000] {taskinstance.py:1103} INFO - Dependencies all met for dep_context=non-requeueable deps ti=<TaskInstance: fpl_gameweeks_etl.fetch_players_gw_task manual__2025-10-26T10:45:30.190961+00:00 map_index=472 [queued]>
[2025-10-26T11:00:46.810+0000] {taskinstance.py:1103} INFO - Dependencies all met for dep_context=requeueable deps ti=<TaskInstance: fpl_gameweeks_etl.fetch_players_gw_task manual__2025-10-26T10:45:30.190961+00:00 map_index=472 [queued]>
[2025-10-26T11:00:46.814+0000] {taskinstance.py:1308} INFO - Starting attempt 1 of 2
[2025-10-26T11:00:47.034+0000] {taskinstance.py:1327} INFO - Executing <Mapped(_PythonDecoratedOperator): fetch_players_gw_task> on 2025-10-26 10:45:30.190961+00:00
[2025-10-26T11:00:47.119+0000] {standard_task_runner.py:57} INFO - Started process 5441 to run task
[2025-10-26T11:00:47.146+0000] {standard_task_runner.py:84} INFO - Running: ['airflow', 'tasks', 'run', 'fpl_gameweeks_etl', 'fetch_players_gw_task', 'manual__2025-10-26T10:45:30.190961+00:00', '--job-id', '7727', '--raw', '--subdir', 'DAGS_FOLDER/fpl_gameweeks_dag.py', '--cfg-path', '/tmp/tmp3dos_ru9', '--map-index', '472']
[2025-10-26T11:00:47.148+0000] {standard_task_runner.py:85} INFO - Job 7727: Subtask fetch_players_gw_task
[2025-10-26T11:00:47.472+0000] {task_command.py:410} INFO - Running <TaskInstance: fpl_gameweeks_etl.fetch_players_gw_task manual__2025-10-26T10:45:30.190961+00:00 map_index=472 [running]> on host d6ecd00cf5eb
[2025-10-26T11:00:47.988+0000] {taskinstance.py:1547} INFO - Exporting env vars: AIRFLOW_CTX_DAG_OWNER='richardilemon' AIRFLOW_CTX_DAG_ID='fpl_gameweeks_etl' AIRFLOW_CTX_TASK_ID='fetch_players_gw_task' AIRFLOW_CTX_EXECUTION_DATE='2025-10-26T10:45:30.190961+00:00' AIRFLOW_CTX_TRY_NUMBER='1' AIRFLOW_CTX_DAG_RUN_ID='manual__2025-10-26T10:45:30.190961+00:00'
[2025-10-26T11:00:48.659+0000] {fetch_api_data.py:66} INFO - Requested Url -> https://raw.githubusercontent.com/vaastav/Fantasy-Premier-League/master/data/2018-19/players/W/gw.csv
[2025-10-26T11:00:49.377+0000] {fetch_api_data.py:66} INFO - Requested Url -> https://raw.githubusercontent.com/vaastav/Fantasy-Premier-League/master/data/2018-19/players/e/gw.csv
[2025-10-26T11:00:50.077+0000] {fetch_api_data.py:66} INFO - Requested Url -> https://raw.githubusercontent.com/vaastav/Fantasy-Premier-League/master/data/2018-19/players/s/gw.csv
[2025-10-26T11:00:50.714+0000] {fetch_api_data.py:66} INFO - Requested Url -> https://raw.githubusercontent.com/vaastav/Fantasy-Premier-League/master/data/2018-19/players/l/gw.csv
[2025-10-26T11:00:51.367+0000] {fetch_api_data.py:66} INFO - Requested Url -> https://raw.githubusercontent.com/vaastav/Fantasy-Premier-League/master/data/2018-19/players/e/gw.csv
[2025-10-26T11:00:52.404+0000] {fetch_api_data.py:66} INFO - Requested Url -> https://raw.githubusercontent.com/vaastav/Fantasy-Premier-League/master/data/2018-19/players/y/gw.csv
[2025-10-26T11:00:53.023+0000] {fetch_api_data.py:66} INFO - Requested Url -> https://raw.githubusercontent.com/vaastav/Fantasy-Premier-League/master/data/2018-19/players/_/gw.csv
[2025-10-26T11:00:53.717+0000] {fetch_api_data.py:66} INFO - Requested Url -> https://raw.githubusercontent.com/vaastav/Fantasy-Premier-League/master/data/2018-19/players/H/gw.csv
[2025-10-26T11:00:54.268+0000] {fetch_api_data.py:66} INFO - Requested Url -> https://raw.githubusercontent.com/vaastav/Fantasy-Premier-League/master/data/2018-19/players/o/gw.csv
[2025-10-26T11:00:54.805+0000] {fetch_api_data.py:66} INFO - Requested Url -> https://raw.githubusercontent.com/vaastav/Fantasy-Premier-League/master/data/2018-19/players/e/gw.csv
[2025-10-26T11:00:55.362+0000] {fetch_api_data.py:66} INFO - Requested Url -> https://raw.githubusercontent.com/vaastav/Fantasy-Premier-League/master/data/2018-19/players/d/gw.csv
[2025-10-26T11:00:55.929+0000] {fetch_api_data.py:66} INFO - Requested Url -> https://raw.githubusercontent.com/vaastav/Fantasy-Premier-League/master/data/2018-19/players/t/gw.csv
[2025-10-26T11:00:56.558+0000] {fetch_api_data.py:66} INFO - Requested Url -> https://raw.githubusercontent.com/vaastav/Fantasy-Premier-League/master/data/2018-19/players/_/gw.csv
[2025-10-26T11:00:57.111+0000] {fetch_api_data.py:66} INFO - Requested Url -> https://raw.githubusercontent.com/vaastav/Fantasy-Premier-League/master/data/2018-19/players/3/gw.csv
[2025-10-26T11:00:57.645+0000] {fetch_api_data.py:66} INFO - Requested Url -> https://raw.githubusercontent.com/vaastav/Fantasy-Premier-League/master/data/2018-19/players/3/gw.csv
[2025-10-26T11:00:58.288+0000] {fetch_api_data.py:66} INFO - Requested Url -> https://raw.githubusercontent.com/vaastav/Fantasy-Premier-League/master/data/2018-19/players/6/gw.csv
[2025-10-26T11:00:58.308+0000] {python.py:183} INFO - Done. Returned value was: []
[2025-10-26T11:00:58.542+0000] {taskinstance.py:1350} INFO - Marking task as SUCCESS. dag_id=fpl_gameweeks_etl, task_id=fetch_players_gw_task, map_index=472, execution_date=20251026T104530, start_date=20251026T110046, end_date=20251026T110058
[2025-10-26T11:00:58.620+0000] {local_task_job_runner.py:225} INFO - Task exited with return code 0
