[2025-10-26T11:13:02.346+0000] {taskinstance.py:1103} INFO - Dependencies all met for dep_context=non-requeueable deps ti=<TaskInstance: fpl_gameweeks_etl.fetch_players_gw_task manual__2025-10-26T10:45:30.190961+00:00 map_index=663 [queued]>
[2025-10-26T11:13:02.880+0000] {taskinstance.py:1103} INFO - Dependencies all met for dep_context=requeueable deps ti=<TaskInstance: fpl_gameweeks_etl.fetch_players_gw_task manual__2025-10-26T10:45:30.190961+00:00 map_index=663 [queued]>
[2025-10-26T11:13:02.896+0000] {taskinstance.py:1308} INFO - Starting attempt 1 of 2
[2025-10-26T11:13:03.093+0000] {taskinstance.py:1327} INFO - Executing <Mapped(_PythonDecoratedOperator): fetch_players_gw_task> on 2025-10-26 10:45:30.190961+00:00
[2025-10-26T11:13:03.155+0000] {standard_task_runner.py:57} INFO - Started process 224 to run task
[2025-10-26T11:13:03.181+0000] {standard_task_runner.py:84} INFO - Running: ['airflow', 'tasks', 'run', 'fpl_gameweeks_etl', 'fetch_players_gw_task', 'manual__2025-10-26T10:45:30.190961+00:00', '--job-id', '7926', '--raw', '--subdir', 'DAGS_FOLDER/fpl_gameweeks_dag.py', '--cfg-path', '/tmp/tmpqoacczl3', '--map-index', '663']
[2025-10-26T11:13:03.194+0000] {standard_task_runner.py:85} INFO - Job 7926: Subtask fetch_players_gw_task
[2025-10-26T11:13:03.941+0000] {task_command.py:410} INFO - Running <TaskInstance: fpl_gameweeks_etl.fetch_players_gw_task manual__2025-10-26T10:45:30.190961+00:00 map_index=663 [running]> on host c3dbc1c35cec
[2025-10-26T11:13:10.648+0000] {taskinstance.py:1547} INFO - Exporting env vars: AIRFLOW_CTX_DAG_OWNER='richardilemon' AIRFLOW_CTX_DAG_ID='fpl_gameweeks_etl' AIRFLOW_CTX_TASK_ID='fetch_players_gw_task' AIRFLOW_CTX_EXECUTION_DATE='2025-10-26T10:45:30.190961+00:00' AIRFLOW_CTX_TRY_NUMBER='1' AIRFLOW_CTX_DAG_RUN_ID='manual__2025-10-26T10:45:30.190961+00:00'
[2025-10-26T11:13:11.777+0000] {fetch_api_data.py:66} INFO - Requested Url -> https://raw.githubusercontent.com/vaastav/Fantasy-Premier-League/master/data/2023-24/players/Petr_Cech_1/gw.csv
[2025-10-26T11:13:12.639+0000] {fetch_api_data.py:66} INFO - Requested Url -> https://raw.githubusercontent.com/vaastav/Fantasy-Premier-League/master/data/2023-24/players/Bernd_Leno_2/gw.csv
[2025-10-26T11:13:13.604+0000] {fetch_api_data.py:66} INFO - Requested Url -> https://raw.githubusercontent.com/vaastav/Fantasy-Premier-League/master/data/2023-24/players/Laurent_Koscielny_3/gw.csv
[2025-10-26T11:13:14.319+0000] {fetch_api_data.py:66} INFO - Requested Url -> https://raw.githubusercontent.com/vaastav/Fantasy-Premier-League/master/data/2023-24/players/Héctor_Bellerín_4/gw.csv
[2025-10-26T11:13:15.009+0000] {fetch_api_data.py:66} INFO - Requested Url -> https://raw.githubusercontent.com/vaastav/Fantasy-Premier-League/master/data/2023-24/players/Nacho_Monreal_5/gw.csv
[2025-10-26T11:13:15.832+0000] {fetch_api_data.py:66} INFO - Requested Url -> https://raw.githubusercontent.com/vaastav/Fantasy-Premier-League/master/data/2023-24/players/Rob_Holding_6/gw.csv
[2025-10-26T11:13:16.407+0000] {fetch_api_data.py:66} INFO - Requested Url -> https://raw.githubusercontent.com/vaastav/Fantasy-Premier-League/master/data/2023-24/players/Shkodran_Mustafi_7/gw.csv
[2025-10-26T11:13:17.041+0000] {fetch_api_data.py:66} INFO - Requested Url -> https://raw.githubusercontent.com/vaastav/Fantasy-Premier-League/master/data/2023-24/players/Sead_Kolasinac_8/gw.csv
[2025-10-26T11:13:17.704+0000] {fetch_api_data.py:66} INFO - Requested Url -> https://raw.githubusercontent.com/vaastav/Fantasy-Premier-League/master/data/2023-24/players/Konstantinos_Mavropanos_10/gw.csv
[2025-10-26T11:13:18.349+0000] {fetch_api_data.py:66} INFO - Requested Url -> https://raw.githubusercontent.com/vaastav/Fantasy-Premier-League/master/data/2023-24/players/Stephan_Lichtsteiner_11/gw.csv
[2025-10-26T11:13:18.805+0000] {local_task_job_runner.py:292} WARNING - State of this instance has been externally set to removed. Terminating instance.
[2025-10-26T11:13:18.824+0000] {process_utils.py:135} INFO - Sending Signals.SIGTERM to group 224. PIDs of all processes in the group: [224]
[2025-10-26T11:13:18.831+0000] {process_utils.py:86} INFO - Sending the signal Signals.SIGTERM to group 224
[2025-10-26T11:13:18.835+0000] {taskinstance.py:1517} ERROR - Received SIGTERM. Terminating subprocesses.
[2025-10-26T11:13:19.016+0000] {process_utils.py:79} INFO - Process psutil.Process(pid=224, status='terminated', exitcode=0, started='11:13:02') (224) terminated with exit code 0
