[2025-10-26T14:31:49.831+0000] {taskinstance.py:1103} INFO - Dependencies all met for dep_context=non-requeueable deps ti=<TaskInstance: fpl_gameweeks_etl.parse_gw_stats_table_task manual__2025-10-26T14:18:57.241710+00:00 [queued]>
[2025-10-26T14:31:49.854+0000] {taskinstance.py:1103} INFO - Dependencies all met for dep_context=requeueable deps ti=<TaskInstance: fpl_gameweeks_etl.parse_gw_stats_table_task manual__2025-10-26T14:18:57.241710+00:00 [queued]>
[2025-10-26T14:31:49.855+0000] {taskinstance.py:1308} INFO - Starting attempt 1 of 2
[2025-10-26T14:31:50.054+0000] {taskinstance.py:1327} INFO - Executing <Task(_PythonDecoratedOperator): parse_gw_stats_table_task> on 2025-10-26 14:18:57.241710+00:00
[2025-10-26T14:31:50.060+0000] {standard_task_runner.py:57} INFO - Started process 2254 to run task
[2025-10-26T14:31:50.066+0000] {standard_task_runner.py:84} INFO - Running: ['airflow', 'tasks', 'run', 'fpl_gameweeks_etl', 'parse_gw_stats_table_task', 'manual__2025-10-26T14:18:57.241710+00:00', '--job-id', '8112', '--raw', '--subdir', 'DAGS_FOLDER/fpl_gameweeks_dag.py', '--cfg-path', '/tmp/tmpsvmadmr6']
[2025-10-26T14:31:50.067+0000] {standard_task_runner.py:85} INFO - Job 8112: Subtask parse_gw_stats_table_task
[2025-10-26T14:31:50.181+0000] {task_command.py:410} INFO - Running <TaskInstance: fpl_gameweeks_etl.parse_gw_stats_table_task manual__2025-10-26T14:18:57.241710+00:00 [running]> on host 88ea783d41a3
[2025-10-26T14:31:50.404+0000] {taskinstance.py:1547} INFO - Exporting env vars: AIRFLOW_CTX_DAG_OWNER='richardilemon' AIRFLOW_CTX_DAG_ID='fpl_gameweeks_etl' AIRFLOW_CTX_TASK_ID='parse_gw_stats_table_task' AIRFLOW_CTX_EXECUTION_DATE='2025-10-26T14:18:57.241710+00:00' AIRFLOW_CTX_TRY_NUMBER='1' AIRFLOW_CTX_DAG_RUN_ID='manual__2025-10-26T14:18:57.241710+00:00'
[2025-10-26T14:31:50.406+0000] {taskinstance.py:1824} ERROR - Task failed with exception
Traceback (most recent call last):
  File "/home/airflow/.local/lib/python3.7/site-packages/airflow/decorators/base.py", line 220, in execute
    return_value = super().execute(context)
  File "/home/airflow/.local/lib/python3.7/site-packages/airflow/operators/python.py", line 181, in execute
    return_value = self.execute_callable()
  File "/home/airflow/.local/lib/python3.7/site-packages/airflow/operators/python.py", line 198, in execute_callable
    return self.python_callable(*self.op_args, **self.op_kwargs)
  File "/opt/airflow/dags/fpl_gameweeks_dag.py", line 127, in parse_gw_stats_table_task
    return parse_gw_stats_table(gw_data, fixtures, players_folder)
  File "/opt/airflow/scripts/load_player_gameweek_stats.py", line 59, in parse_gw_stats_table
    for row in gw_data:
TypeError: '_TaskDecorator' object is not iterable
[2025-10-26T14:31:50.435+0000] {taskinstance.py:1350} INFO - Marking task as UP_FOR_RETRY. dag_id=fpl_gameweeks_etl, task_id=parse_gw_stats_table_task, execution_date=20251026T141857, start_date=20251026T143149, end_date=20251026T143150
[2025-10-26T14:31:50.461+0000] {standard_task_runner.py:109} ERROR - Failed to execute job 8112 for task parse_gw_stats_table_task ('_TaskDecorator' object is not iterable; 2254)
[2025-10-26T14:31:50.479+0000] {local_task_job_runner.py:225} INFO - Task exited with return code 1
[2025-10-26T14:31:50.512+0000] {taskinstance.py:2653} INFO - 0 downstream tasks scheduled from follow-on schedule check
