[2025-10-29T09:11:07.377+0000] {taskinstance.py:1103} INFO - Dependencies all met for dep_context=non-requeueable deps ti=<TaskInstance: fpl_gameweeks_etl.fetch_players_gw_task manual__2025-10-29T09:10:41.166618+00:00 map_index=6 [queued]>
[2025-10-29T09:11:07.405+0000] {taskinstance.py:1103} INFO - Dependencies all met for dep_context=requeueable deps ti=<TaskInstance: fpl_gameweeks_etl.fetch_players_gw_task manual__2025-10-29T09:10:41.166618+00:00 map_index=6 [queued]>
[2025-10-29T09:11:07.406+0000] {taskinstance.py:1308} INFO - Starting attempt 1 of 2
[2025-10-29T09:11:07.710+0000] {taskinstance.py:1327} INFO - Executing <Mapped(_PythonDecoratedOperator): fetch_players_gw_task> on 2025-10-29 09:10:41.166618+00:00
[2025-10-29T09:11:07.726+0000] {standard_task_runner.py:57} INFO - Started process 7038 to run task
[2025-10-29T09:11:07.732+0000] {standard_task_runner.py:84} INFO - Running: ['airflow', 'tasks', 'run', 'fpl_gameweeks_etl', 'fetch_players_gw_task', 'manual__2025-10-29T09:10:41.166618+00:00', '--job-id', '677', '--raw', '--subdir', 'DAGS_FOLDER/fpl_gameweeks_dag.py', '--cfg-path', '/tmp/tmpwizspq0f', '--map-index', '6']
[2025-10-29T09:11:07.737+0000] {standard_task_runner.py:85} INFO - Job 677: Subtask fetch_players_gw_task
[2025-10-29T09:11:07.892+0000] {task_command.py:410} INFO - Running <TaskInstance: fpl_gameweeks_etl.fetch_players_gw_task manual__2025-10-29T09:10:41.166618+00:00 map_index=6 [running]> on host dede24b5451e
[2025-10-29T09:11:08.151+0000] {taskinstance.py:1547} INFO - Exporting env vars: AIRFLOW_CTX_DAG_OWNER='richardilemon' AIRFLOW_CTX_DAG_ID='fpl_gameweeks_etl' AIRFLOW_CTX_TASK_ID='fetch_players_gw_task' AIRFLOW_CTX_EXECUTION_DATE='2025-10-29T09:10:41.166618+00:00' AIRFLOW_CTX_TRY_NUMBER='1' AIRFLOW_CTX_DAG_RUN_ID='manual__2025-10-29T09:10:41.166618+00:00'
[2025-10-29T09:11:09.421+0000] {fetch_api_data.py:97} WARNING - Failed to fetch data for Petr_Cech_1: 404
[2025-10-29T09:11:10.482+0000] {fetch_api_data.py:97} WARNING - Failed to fetch data for Bernd_Leno_2: 404
[2025-10-29T09:11:11.917+0000] {fetch_api_data.py:97} WARNING - Failed to fetch data for Laurent_Koscielny_3: 404
[2025-10-29T09:11:13.442+0000] {fetch_api_data.py:97} WARNING - Failed to fetch data for Héctor_Bellerín_4: 404
[2025-10-29T09:11:14.506+0000] {fetch_api_data.py:97} WARNING - Failed to fetch data for Nacho_Monreal_5: 404
[2025-10-29T09:11:16.015+0000] {fetch_api_data.py:97} WARNING - Failed to fetch data for Rob_Holding_6: 404
[2025-10-29T09:11:16.797+0000] {fetch_api_data.py:97} WARNING - Failed to fetch data for Shkodran_Mustafi_7: 404
[2025-10-29T09:11:17.989+0000] {fetch_api_data.py:97} WARNING - Failed to fetch data for Sead_Kolasinac_8: 404
[2025-10-29T09:11:19.409+0000] {fetch_api_data.py:97} WARNING - Failed to fetch data for Konstantinos_Mavropanos_10: 404
[2025-10-29T09:11:21.289+0000] {fetch_api_data.py:97} WARNING - Failed to fetch data for Stephan_Lichtsteiner_11: 404
[2025-10-29T09:11:23.612+0000] {fetch_api_data.py:97} WARNING - Failed to fetch data for Sokratis_Papastathopoulos_12: 404
[2025-10-29T09:11:24.798+0000] {fetch_api_data.py:97} WARNING - Failed to fetch data for Mesut_Özil_13: 404
[2025-10-29T09:11:26.111+0000] {fetch_api_data.py:97} WARNING - Failed to fetch data for Aaron_Ramsey_14: 404
[2025-10-29T09:11:27.314+0000] {fetch_api_data.py:97} WARNING - Failed to fetch data for Alex_Iwobi_15: 404
[2025-10-29T09:11:28.227+0000] {fetch_api_data.py:97} WARNING - Failed to fetch data for Mohamed_Elneny_16: 404
[2025-10-29T09:11:28.916+0000] {fetch_api_data.py:97} WARNING - Failed to fetch data for Granit_Xhaka_17: 404
[2025-10-29T09:11:29.537+0000] {fetch_api_data.py:97} WARNING - Failed to fetch data for Henrikh_Mkhitaryan_18: 404
[2025-10-29T09:11:30.212+0000] {fetch_api_data.py:97} WARNING - Failed to fetch data for Reiss_Nelson_19: 404
[2025-10-29T09:11:30.830+0000] {fetch_api_data.py:97} WARNING - Failed to fetch data for Ainsley_Maitland-Niles_20: 404
[2025-10-29T09:11:31.473+0000] {fetch_api_data.py:97} WARNING - Failed to fetch data for Danny_Welbeck_21: 404
[2025-10-29T09:11:32.083+0000] {fetch_api_data.py:97} WARNING - Failed to fetch data for Alexandre_Lacazette_22: 404
[2025-10-29T09:11:32.662+0000] {fetch_api_data.py:97} WARNING - Failed to fetch data for Pierre-Emerick_Aubameyang_23: 404
[2025-10-29T09:11:33.256+0000] {fetch_api_data.py:97} WARNING - Failed to fetch data for Lucas_Torreira_450: 404
[2025-10-29T09:11:33.939+0000] {fetch_api_data.py:97} WARNING - Failed to fetch data for Matteo_Guendouzi_451: 404
[2025-10-29T09:11:34.634+0000] {fetch_api_data.py:97} WARNING - Failed to fetch data for Emiliano_Martínez_542: 404
[2025-10-29T09:11:35.449+0000] {fetch_api_data.py:97} WARNING - Failed to fetch data for Emile_Smith-Rowe_545: 404
[2025-10-29T09:11:36.175+0000] {fetch_api_data.py:97} WARNING - Failed to fetch data for Zech_Medley_546: 404
[2025-10-29T09:11:36.771+0000] {fetch_api_data.py:97} WARNING - Failed to fetch data for Edward_Nketiah_552: 404
[2025-10-29T09:11:37.384+0000] {fetch_api_data.py:97} WARNING - Failed to fetch data for Bukayo_Saka_563: 404
[2025-10-29T09:11:37.958+0000] {fetch_api_data.py:97} WARNING - Failed to fetch data for Joseph_Willock_566: 404
[2025-10-29T09:11:38.572+0000] {fetch_api_data.py:97} WARNING - Failed to fetch data for Carl_Jenkinson_581: 404
[2025-10-29T09:11:39.259+0000] {fetch_api_data.py:97} WARNING - Failed to fetch data for Denis_Suárez_586: 404
[2025-10-29T09:11:39.914+0000] {fetch_api_data.py:97} WARNING - Failed to fetch data for Asmir_Begovic_24: 404
[2025-10-29T09:11:40.536+0000] {fetch_api_data.py:97} WARNING - Failed to fetch data for Artur_Boruc_25: 404
[2025-10-29T09:11:41.357+0000] {fetch_api_data.py:97} WARNING - Failed to fetch data for Simon_Francis_26: 404
[2025-10-29T09:11:41.943+0000] {fetch_api_data.py:97} WARNING - Failed to fetch data for Steve_Cook_27: 404
[2025-10-29T09:11:42.583+0000] {fetch_api_data.py:97} WARNING - Failed to fetch data for Charlie_Daniels_28: 404
[2025-10-29T09:11:43.185+0000] {fetch_api_data.py:97} WARNING - Failed to fetch data for Adam_Smith_29: 404
[2025-10-29T09:11:43.783+0000] {fetch_api_data.py:97} WARNING - Failed to fetch data for Tyrone_Mings_30: 404
[2025-10-29T09:11:44.413+0000] {fetch_api_data.py:97} WARNING - Failed to fetch data for Nathan_Aké_31: 404
[2025-10-29T09:11:45.028+0000] {fetch_api_data.py:97} WARNING - Failed to fetch data for Jack_Simpson_32: 404
[2025-10-29T09:11:45.601+0000] {fetch_api_data.py:97} WARNING - Failed to fetch data for Marc_Pugh_34: 404
[2025-10-29T09:11:46.168+0000] {fetch_api_data.py:97} WARNING - Failed to fetch data for Andrew_Surman_35: 404
[2025-10-29T09:11:46.844+0000] {fetch_api_data.py:97} WARNING - Failed to fetch data for Junior_Stanislas_36: 404
[2025-10-29T09:11:47.470+0000] {fetch_api_data.py:97} WARNING - Failed to fetch data for Dan_Gosling_37: 404
[2025-10-29T09:11:48.261+0000] {fetch_api_data.py:97} WARNING - Failed to fetch data for Jordon_Ibe_38: 404
[2025-10-29T09:11:48.891+0000] {fetch_api_data.py:97} WARNING - Failed to fetch data for Lewis_Cook_39: 404
[2025-10-29T09:11:49.533+0000] {fetch_api_data.py:97} WARNING - Failed to fetch data for Ryan_Fraser_40: 404
[2025-10-29T09:11:50.170+0000] {fetch_api_data.py:97} WARNING - Failed to fetch data for Emerson_Hyndman_41: 404
[2025-10-29T09:11:50.869+0000] {fetch_api_data.py:97} WARNING - Failed to fetch data for David_Brooks_42: 404
[2025-10-29T09:11:51.450+0000] {fetch_api_data.py:97} WARNING - Failed to fetch data for Callum_Wilson_43: 404
[2025-10-29T09:11:52.030+0000] {fetch_api_data.py:97} WARNING - Failed to fetch data for Lys_Mousset_44: 404
[2025-10-29T09:11:52.645+0000] {fetch_api_data.py:97} WARNING - Failed to fetch data for Joshua_King_45: 404
[2025-10-29T09:11:53.255+0000] {fetch_api_data.py:97} WARNING - Failed to fetch data for Jermain_Defoe_46: 404
[2025-10-29T09:11:53.849+0000] {fetch_api_data.py:97} WARNING - Failed to fetch data for Nathaniel_Clyne_241: 404
[2025-10-29T09:11:54.464+0000] {fetch_api_data.py:97} WARNING - Failed to fetch data for Dominic_Solanke_259: 404
[2025-10-29T09:11:55.112+0000] {fetch_api_data.py:97} WARNING - Failed to fetch data for Diego_Rico_473: 404
[2025-10-29T09:11:55.744+0000] {fetch_api_data.py:97} WARNING - Failed to fetch data for Jefferson_Lerma_494: 404
[2025-10-29T09:11:56.338+0000] {fetch_api_data.py:97} WARNING - Failed to fetch data for Chris_Mepham_580: 404
[2025-10-29T09:11:56.945+0000] {fetch_api_data.py:97} WARNING - Failed to fetch data for Sam_Surridge_599: 404
[2025-10-29T09:11:57.488+0000] {fetch_api_data.py:97} WARNING - Failed to fetch data for Kyle_Taylor_600: 404
[2025-10-29T09:11:58.080+0000] {fetch_api_data.py:97} WARNING - Failed to fetch data for Nnamdi_Ofoborh_613: 404
[2025-10-29T09:11:58.709+0000] {fetch_api_data.py:97} WARNING - Failed to fetch data for Mark_Travers_616: 404
[2025-10-29T09:11:59.454+0000] {fetch_api_data.py:97} WARNING - Failed to fetch data for Matt_Butcher_620: 404
[2025-10-29T09:12:00.016+0000] {fetch_api_data.py:97} WARNING - Failed to fetch data for Mathew_Ryan_47: 404
[2025-10-29T09:12:00.688+0000] {fetch_api_data.py:97} WARNING - Failed to fetch data for Lewis_Dunk_48: 404
[2025-10-29T09:12:01.325+0000] {fetch_api_data.py:97} WARNING - Failed to fetch data for Shane_Duffy_49: 404
[2025-10-29T09:12:01.991+0000] {fetch_api_data.py:97} WARNING - Failed to fetch data for Bruno_Saltor Grau_50: 404
[2025-10-29T09:12:02.671+0000] {fetch_api_data.py:97} WARNING - Failed to fetch data for Gaëtan_Bong_51: 404
[2025-10-29T09:12:03.261+0000] {fetch_api_data.py:97} WARNING - Failed to fetch data for Markus_Suttner_52: 404
[2025-10-29T09:12:03.908+0000] {fetch_api_data.py:97} WARNING - Failed to fetch data for Ezequiel_Schelotto_53: 404
[2025-10-29T09:12:04.543+0000] {fetch_api_data.py:97} WARNING - Failed to fetch data for Leon_Balogun_54: 404
[2025-10-29T09:12:05.177+0000] {fetch_api_data.py:97} WARNING - Failed to fetch data for Anthony_Knockaert_55: 404
[2025-10-29T09:12:05.819+0000] {fetch_api_data.py:97} WARNING - Failed to fetch data for Dale_Stephens_56: 404
[2025-10-29T09:12:06.533+0000] {fetch_api_data.py:97} WARNING - Failed to fetch data for Beram_Kayal_57: 404
[2025-10-29T09:12:07.286+0000] {fetch_api_data.py:97} WARNING - Failed to fetch data for Solomon_March_58: 404
[2025-10-29T09:12:07.860+0000] {fetch_api_data.py:97} WARNING - Failed to fetch data for Pascal_Groß_59: 404
[2025-10-29T09:12:08.447+0000] {fetch_api_data.py:97} WARNING - Failed to fetch data for Davy_Pröpper_60: 404
[2025-10-29T09:12:09.053+0000] {fetch_api_data.py:97} WARNING - Failed to fetch data for José Heriberto_Izquierdo Mena_61: 404
[2025-10-29T09:12:09.652+0000] {fetch_api_data.py:97} WARNING - Failed to fetch data for Glenn_Murray_62: 404
[2025-10-29T09:12:10.303+0000] {fetch_api_data.py:97} WARNING - Failed to fetch data for Tomer_Hemed_63: 404
[2025-10-29T09:12:10.954+0000] {fetch_api_data.py:97} WARNING - Failed to fetch data for Sam_Baldock_64: 404
[2025-10-29T09:12:11.536+0000] {fetch_api_data.py:97} WARNING - Failed to fetch data for Jürgen_Locadia_65: 404
[2025-10-29T09:12:12.132+0000] {fetch_api_data.py:97} WARNING - Failed to fetch data for Florin_Andone_66: 404
[2025-10-29T09:12:12.723+0000] {fetch_api_data.py:97} WARNING - Failed to fetch data for David_Button_179: 404
[2025-10-29T09:12:13.330+0000] {fetch_api_data.py:97} WARNING - Failed to fetch data for Jason_Steele_439: 404
[2025-10-29T09:12:13.970+0000] {fetch_api_data.py:97} WARNING - Failed to fetch data for Bernardo_Fernandes da Silva Junior_440: 404
[2025-10-29T09:12:14.611+0000] {fetch_api_data.py:97} WARNING - Failed to fetch data for Yves_Bissouma_466: 404
[2025-10-29T09:12:15.212+0000] {fetch_api_data.py:97} WARNING - Failed to fetch data for Alireza_Jahanbakhsh_476: 404
[2025-10-29T09:12:15.845+0000] {fetch_api_data.py:97} WARNING - Failed to fetch data for Martín_Montoya_503: 404
[2025-10-29T09:12:16.461+0000] {fetch_api_data.py:97} WARNING - Failed to fetch data for Viktor_Gyokeres_551: 404
[2025-10-29T09:12:17.041+0000] {fetch_api_data.py:97} WARNING - Failed to fetch data for Ben_White_559: 404
[2025-10-29T09:12:17.657+0000] {fetch_api_data.py:97} WARNING - Failed to fetch data for Max_Sanders_572: 404
[2025-10-29T09:12:18.244+0000] {fetch_api_data.py:97} WARNING - Failed to fetch data for Dan_Burn_582: 404
[2025-10-29T09:12:18.825+0000] {fetch_api_data.py:97} WARNING - Failed to fetch data for Jayson_Molumby_617: 404
[2025-10-29T09:12:19.403+0000] {fetch_api_data.py:97} WARNING - Failed to fetch data for Tom_Heaton_67: 404
[2025-10-29T09:12:20.030+0000] {fetch_api_data.py:97} WARNING - Failed to fetch data for Nick_Pope_68: 404
[2025-10-29T09:12:20.693+0000] {fetch_api_data.py:97} WARNING - Failed to fetch data for Matthew_Lowton_69: 404
[2025-10-29T09:12:21.265+0000] {fetch_api_data.py:97} WARNING - Failed to fetch data for Ben_Mee_70: 404
[2025-10-29T09:12:21.856+0000] {fetch_api_data.py:97} WARNING - Failed to fetch data for Stephen_Ward_71: 404
[2025-10-29T09:12:22.452+0000] {fetch_api_data.py:97} WARNING - Failed to fetch data for James_Tarkowski_72: 404
[2025-10-29T09:12:23.039+0000] {fetch_api_data.py:97} WARNING - Failed to fetch data for Kevin_Long_73: 404
[2025-10-29T09:12:23.701+0000] {fetch_api_data.py:97} WARNING - Failed to fetch data for Charlie_Taylor_74: 404
[2025-10-29T09:12:24.266+0000] {fetch_api_data.py:97} WARNING - Failed to fetch data for Phil_Bardsley_75: 404
[2025-10-29T09:12:24.808+0000] {fetch_api_data.py:97} WARNING - Failed to fetch data for Johann Berg_Gudmundsson_76: 404
[2025-10-29T09:12:25.404+0000] {fetch_api_data.py:97} WARNING - Failed to fetch data for Steven_Defour_77: 404
[2025-10-29T09:12:26.017+0000] {fetch_api_data.py:97} WARNING - Failed to fetch data for Jeff_Hendrick_78: 404
[2025-10-29T09:12:26.616+0000] {fetch_api_data.py:97} WARNING - Failed to fetch data for Robbie_Brady_79: 404
[2025-10-29T09:12:27.207+0000] {fetch_api_data.py:97} WARNING - Failed to fetch data for Ashley_Westwood_80: 404
[2025-10-29T09:12:27.810+0000] {fetch_api_data.py:97} WARNING - Failed to fetch data for Jonathan_Walters_81: 404
[2025-10-29T09:12:28.401+0000] {fetch_api_data.py:97} WARNING - Failed to fetch data for Jack_Cork_82: 404
[2025-10-29T09:12:28.978+0000] {fetch_api_data.py:97} WARNING - Failed to fetch data for Aaron_Lennon_83: 404
[2025-10-29T09:12:29.545+0000] {fetch_api_data.py:97} WARNING - Failed to fetch data for Sam_Vokes_84: 404
[2025-10-29T09:12:30.251+0000] {fetch_api_data.py:97} WARNING - Failed to fetch data for Ashley_Barnes_85: 404
[2025-10-29T09:12:30.796+0000] {fetch_api_data.py:97} WARNING - Failed to fetch data for Nahki_Wells_86: 404
[2025-10-29T09:12:31.426+0000] {fetch_api_data.py:97} WARNING - Failed to fetch data for Chris_Wood_87: 404
[2025-10-29T09:12:32.062+0000] {fetch_api_data.py:97} WARNING - Failed to fetch data for Anders_Lindegaard_485: 404
[2025-10-29T09:12:32.629+0000] {fetch_api_data.py:97} WARNING - Failed to fetch data for Joe_Hart_490: 404
[2025-10-29T09:12:33.214+0000] {fetch_api_data.py:97} WARNING - Failed to fetch data for Ben_Gibson_491: 404
[2025-10-29T09:12:33.826+0000] {fetch_api_data.py:97} WARNING - Failed to fetch data for Matej_Vydra_495: 404
[2025-10-29T09:12:34.392+0000] {fetch_api_data.py:97} WARNING - Failed to fetch data for Dwight_McNeil_534: 404
[2025-10-29T09:12:34.980+0000] {fetch_api_data.py:97} WARNING - Failed to fetch data for Abd-Al-Ali Morakinyo Olaposi_Koiki_564: 404
[2025-10-29T09:12:35.561+0000] {fetch_api_data.py:97} WARNING - Failed to fetch data for Josh_Benson_583: 404
[2025-10-29T09:12:36.147+0000] {fetch_api_data.py:97} WARNING - Failed to fetch data for Peter_Crouch_590: 404
[2025-10-29T09:12:36.856+0000] {fetch_api_data.py:97} WARNING - Failed to fetch data for Anthony_Driscoll-Glennon_615: 404
[2025-10-29T09:12:37.537+0000] {fetch_api_data.py:97} WARNING - Failed to fetch data for Harry_Arter_33: 404
[2025-10-29T09:12:38.115+0000] {fetch_api_data.py:97} WARNING - Failed to fetch data for Neil_Etheridge_88: 404
[2025-10-29T09:12:38.845+0000] {fetch_api_data.py:97} WARNING - Failed to fetch data for Alex_Smithies_89: 404
[2025-10-29T09:12:39.549+0000] {fetch_api_data.py:97} WARNING - Failed to fetch data for Sean_Morrison_90: 404
[2025-10-29T09:12:40.416+0000] {fetch_api_data.py:97} WARNING - Failed to fetch data for Sol_Bamba_91: 404
[2025-10-29T09:12:41.606+0000] {fetch_api_data.py:97} WARNING - Failed to fetch data for Bruno_Ecuele Manga_92: 404
[2025-10-29T09:12:42.426+0000] {fetch_api_data.py:97} WARNING - Failed to fetch data for Matthew_Connolly_93: 404
[2025-10-29T09:12:43.112+0000] {fetch_api_data.py:97} WARNING - Failed to fetch data for Joe_Bennett_94: 404
[2025-10-29T09:12:43.756+0000] {fetch_api_data.py:97} WARNING - Failed to fetch data for Lee_Peltier_95: 404
[2025-10-29T09:12:44.374+0000] {fetch_api_data.py:97} WARNING - Failed to fetch data for Ashley Darel Jazz_Richards_96: 404
[2025-10-29T09:12:45.020+0000] {fetch_api_data.py:97} WARNING - Failed to fetch data for Greg_Halford_97: 404
[2025-10-29T09:12:45.610+0000] {fetch_api_data.py:97} WARNING - Failed to fetch data for Joe_Ralls_98: 404
[2025-10-29T09:12:46.640+0000] {fetch_api_data.py:97} WARNING - Failed to fetch data for David Junior_Hoilett_99: 404
[2025-10-29T09:12:47.334+0000] {fetch_api_data.py:97} WARNING - Failed to fetch data for Nathaniel_Mendez-Laing_100: 404
[2025-10-29T09:12:47.980+0000] {fetch_api_data.py:97} WARNING - Failed to fetch data for Callum_Paterson_101: 404
[2025-10-29T09:12:48.561+0000] {fetch_api_data.py:97} WARNING - Failed to fetch data for Aron_Gunnarsson_102: 404
[2025-10-29T09:12:49.153+0000] {fetch_api_data.py:97} WARNING - Failed to fetch data for Anthony_Pilkington_103: 404
[2025-10-29T09:12:49.757+0000] {fetch_api_data.py:97} WARNING - Failed to fetch data for Loïc_Damour_104: 404
[2025-10-29T09:12:50.492+0000] {fetch_api_data.py:97} WARNING - Failed to fetch data for Danny_Ward_105: 404
[2025-10-29T09:12:52.102+0000] {fetch_api_data.py:97} WARNING - Failed to fetch data for Josh_Murphy_106: 404
[2025-10-29T09:12:52.983+0000] {fetch_api_data.py:97} WARNING - Failed to fetch data for Kenneth_Zohore_107: 404
[2025-10-29T09:12:53.899+0000] {fetch_api_data.py:97} WARNING - Failed to fetch data for Omar_Bogle_108: 404
[2025-10-29T09:12:54.490+0000] {fetch_api_data.py:97} WARNING - Failed to fetch data for Gary_Madine_109: 404
[2025-10-29T09:12:55.212+0000] {fetch_api_data.py:97} WARNING - Failed to fetch data for Bobby_Reid_110: 404
[2025-10-29T09:12:56.312+0000] {fetch_api_data.py:97} WARNING - Failed to fetch data for Oumar_Niasse_176: 404
[2025-10-29T09:12:56.932+0000] {fetch_api_data.py:97} WARNING - Failed to fetch data for Greg_Cunninghamm_467: 404
[2025-10-29T09:12:57.709+0000] {fetch_api_data.py:97} WARNING - Failed to fetch data for Víctor_Camarasa_504: 404
[2025-10-29T09:12:58.316+0000] {fetch_api_data.py:97} WARNING - Failed to fetch data for Kadeem_Harris_535: 404
[2025-10-29T09:12:59.358+0000] {fetch_api_data.py:97} WARNING - Failed to fetch data for Brian_Murphy_537: 404
[2025-10-29T09:13:00.341+0000] {fetch_api_data.py:97} WARNING - Failed to fetch data for Rhys_Healey_573: 404
[2025-10-29T09:13:02.366+0000] {fetch_api_data.py:97} WARNING - Failed to fetch data for Leandro_Bacuna_589: 404
[2025-10-29T09:13:03.192+0000] {fetch_api_data.py:97} WARNING - Failed to fetch data for Thibaut_Courtois_111: 404
[2025-10-29T09:13:04.524+0000] {fetch_api_data.py:97} WARNING - Failed to fetch data for Willy_Caballero_112: 404
[2025-10-29T09:13:07.020+0000] {fetch_api_data.py:97} WARNING - Failed to fetch data for César_Azpilicueta_113: 404
[2025-10-29T09:13:07.690+0000] {fetch_api_data.py:97} WARNING - Failed to fetch data for Gary_Cahill_114: 404
[2025-10-29T09:13:08.300+0000] {fetch_api_data.py:97} WARNING - Failed to fetch data for Marcos_Alonso_115: 404
[2025-10-29T09:13:09.069+0000] {fetch_api_data.py:97} WARNING - Failed to fetch data for David_Luiz Moreira Marinho_116: 404
[2025-10-29T09:13:10.645+0000] {fetch_api_data.py:97} WARNING - Failed to fetch data for Victor_Moses_117: 404
[2025-10-29T09:13:12.083+0000] {fetch_api_data.py:97} WARNING - Failed to fetch data for Antonio_Rüdiger_118: 404
[2025-10-29T09:13:13.064+0000] {fetch_api_data.py:97} WARNING - Failed to fetch data for Andreas_Christensen_119: 404
[2025-10-29T09:13:13.918+0000] {fetch_api_data.py:97} WARNING - Failed to fetch data for Davide_Zappacosta_120: 404
[2025-10-29T09:13:14.982+0000] {fetch_api_data.py:97} WARNING - Failed to fetch data for Emerson_Palmieri dos Santos_121: 404
[2025-10-29T09:13:16.068+0000] {fetch_api_data.py:97} WARNING - Failed to fetch data for Eden_Hazard_122: 404
[2025-10-29T09:13:16.875+0000] {fetch_api_data.py:97} WARNING - Failed to fetch data for Cesc_Fàbregas_123: 404
[2025-10-29T09:13:17.550+0000] {fetch_api_data.py:97} WARNING - Failed to fetch data for Willian_Borges Da Silva_124: 404
[2025-10-29T09:13:18.161+0000] {fetch_api_data.py:97} WARNING - Failed to fetch data for Pedro_Rodríguez Ledesma_125: 404
[2025-10-29T09:13:18.864+0000] {fetch_api_data.py:97} WARNING - Failed to fetch data for N'Golo_Kanté_126: 404
[2025-10-29T09:13:19.505+0000] {fetch_api_data.py:97} WARNING - Failed to fetch data for Ross_Barkley_127: 404
[2025-10-29T09:13:20.135+0000] {fetch_api_data.py:97} WARNING - Failed to fetch data for Daniel_Drinkwater_128: 404
[2025-10-29T09:13:20.802+0000] {fetch_api_data.py:97} WARNING - Failed to fetch data for Tiemoué_Bakayoko_129: 404
[2025-10-29T09:13:21.392+0000] {fetch_api_data.py:97} WARNING - Failed to fetch data for Ethan_Ampadu_130: 404
[2025-10-29T09:13:22.049+0000] {fetch_api_data.py:97} WARNING - Failed to fetch data for Callum_Hudson-Odoi_131: 404
[2025-10-29T09:13:22.664+0000] {fetch_api_data.py:97} WARNING - Failed to fetch data for Ruben_Loftus-Cheek_132: 404
[2025-10-29T09:13:23.239+0000] {fetch_api_data.py:97} WARNING - Failed to fetch data for Olivier_Giroud_133: 404
[2025-10-29T09:13:23.834+0000] {fetch_api_data.py:97} WARNING - Failed to fetch data for Álvaro_Morata_134: 404
[2025-10-29T09:13:24.431+0000] {fetch_api_data.py:97} WARNING - Failed to fetch data for Jorge Luiz_Frello Filho_459: 404
[2025-10-29T09:13:25.082+0000] {fetch_api_data.py:97} WARNING - Failed to fetch data for Tammy_Abraham_496: 404
[2025-10-29T09:13:25.695+0000] {fetch_api_data.py:97} WARNING - Failed to fetch data for Kepa_Arrizabalaga_498: 404
[2025-10-29T09:13:26.317+0000] {fetch_api_data.py:97} WARNING - Failed to fetch data for Mateo_Kovacic_499: 404
[2025-10-29T09:13:26.904+0000] {fetch_api_data.py:97} WARNING - Failed to fetch data for Gonzalo_Higuaín_579: 404
[2025-10-29T09:13:27.531+0000] {fetch_api_data.py:97} WARNING - Failed to fetch data for Addji Keaninkin Marc-Israel_Guehi_624: 404
[2025-10-29T09:13:28.109+0000] {fetch_api_data.py:97} WARNING - Failed to fetch data for Wayne_Hennessey_135: 404
[2025-10-29T09:13:28.693+0000] {fetch_api_data.py:97} WARNING - Failed to fetch data for Julian_Speroni_136: 404
[2025-10-29T09:13:29.272+0000] {fetch_api_data.py:97} WARNING - Failed to fetch data for Vicente_Guaita_137: 404
[2025-10-29T09:13:29.894+0000] {fetch_api_data.py:97} WARNING - Failed to fetch data for James_Tomkins_138: 404
[2025-10-29T09:13:30.472+0000] {fetch_api_data.py:97} WARNING - Failed to fetch data for Scott_Dann_139: 404
[2025-10-29T09:13:31.056+0000] {fetch_api_data.py:97} WARNING - Failed to fetch data for Martin_Kelly_140: 404
[2025-10-29T09:13:31.642+0000] {fetch_api_data.py:97} WARNING - Failed to fetch data for Jeffrey_Schlupp_141: 404
[2025-10-29T09:13:32.294+0000] {fetch_api_data.py:97} WARNING - Failed to fetch data for Patrick_van Aanholt_142: 404
[2025-10-29T09:13:32.878+0000] {fetch_api_data.py:97} WARNING - Failed to fetch data for Mamadou_Sakho_143: 404
[2025-10-29T09:13:33.540+0000] {fetch_api_data.py:97} WARNING - Failed to fetch data for Jairo_Riedewald_144: 404
[2025-10-29T09:13:34.149+0000] {fetch_api_data.py:97} WARNING - Failed to fetch data for Aaron_Wan-Bissaka_145: 404
[2025-10-29T09:13:34.744+0000] {fetch_api_data.py:97} WARNING - Failed to fetch data for James_McArthur_147: 404
[2025-10-29T09:13:35.337+0000] {fetch_api_data.py:97} WARNING - Failed to fetch data for Bakary_Sako_148: 404
[2025-10-29T09:13:35.894+0000] {fetch_api_data.py:97} WARNING - Failed to fetch data for Andros_Townsend_149: 404
[2025-10-29T09:13:36.503+0000] {fetch_api_data.py:97} WARNING - Failed to fetch data for Luka_Milivojevic_150: 404
[2025-10-29T09:13:37.115+0000] {fetch_api_data.py:97} WARNING - Failed to fetch data for Wilfried_Zaha_151: 404
[2025-10-29T09:13:37.707+0000] {fetch_api_data.py:97} WARNING - Failed to fetch data for Christian_Benteke_152: 404
[2025-10-29T09:13:38.301+0000] {fetch_api_data.py:97} WARNING - Failed to fetch data for Alexander_Sørloth_153: 404
[2025-10-29T09:13:38.886+0000] {fetch_api_data.py:97} WARNING - Failed to fetch data for Cheikhou_Kouyaté_412: 404
[2025-10-29T09:13:39.464+0000] {fetch_api_data.py:97} WARNING - Failed to fetch data for Joel_Ward_441: 404
[2025-10-29T09:13:40.149+0000] {fetch_api_data.py:97} WARNING - Failed to fetch data for Jaroslaw_Jach_442: 404
[2025-10-29T09:13:40.823+0000] {fetch_api_data.py:97} WARNING - Failed to fetch data for Pape_Souaré_443: 404
[2025-10-29T09:13:41.441+0000] {fetch_api_data.py:97} WARNING - Failed to fetch data for Connor_Wickham_444: 404
[2025-10-29T09:13:42.176+0000] {fetch_api_data.py:97} WARNING - Failed to fetch data for Sullay_Kaikai_477: 404
[2025-10-29T09:13:43.009+0000] {fetch_api_data.py:97} WARNING - Failed to fetch data for Max_Meyer_486: 404
[2025-10-29T09:13:45.243+0000] {fetch_api_data.py:97} WARNING - Failed to fetch data for Jordan_Ayew_505: 404
[2025-10-29T09:13:48.989+0000] {fetch_api_data.py:97} WARNING - Failed to fetch data for Joe_Tupper_576: 404
[2025-10-29T09:13:52.559+0000] {fetch_api_data.py:97} WARNING - Failed to fetch data for Lucas_Perri_584: 404
[2025-10-29T09:13:54.638+0000] {fetch_api_data.py:97} WARNING - Failed to fetch data for Michy_Batshuayi_592: 404
[2025-10-29T09:13:56.634+0000] {fetch_api_data.py:97} WARNING - Failed to fetch data for Sam_Woods_609: 404
[2025-10-29T09:13:58.294+0000] {fetch_api_data.py:97} WARNING - Failed to fetch data for Luke_Dreher_618: 404
[2025-10-29T09:14:03.360+0000] {fetch_api_data.py:97} WARNING - Failed to fetch data for Nikola_Tavares_619: 404
[2025-10-29T09:14:09.185+0000] {fetch_api_data.py:97} WARNING - Failed to fetch data for Jordan_Pickford_154: 404
[2025-10-29T09:14:11.883+0000] {fetch_api_data.py:97} WARNING - Failed to fetch data for Maarten_Stekelenburg_155: 404
[2025-10-29T09:14:14.279+0000] {fetch_api_data.py:97} WARNING - Failed to fetch data for Leighton_Baines_156: 404
[2025-10-29T09:14:18.238+0000] {fetch_api_data.py:97} WARNING - Failed to fetch data for Seamus_Coleman_157: 404
[2025-10-29T09:14:20.251+0000] {fetch_api_data.py:97} WARNING - Failed to fetch data for Phil_Jagielka_158: 404
[2025-10-29T09:14:21.599+0000] {fetch_api_data.py:97} WARNING - Failed to fetch data for Ashley_Williams_159: 404
[2025-10-29T09:14:24.422+0000] {fetch_api_data.py:97} WARNING - Failed to fetch data for Mason_Holgate_160: 404
[2025-10-29T09:14:34.164+0000] {fetch_api_data.py:97} WARNING - Failed to fetch data for Jonjoe_Kenny_161: 404
[2025-10-29T09:14:36.392+0000] {fetch_api_data.py:97} WARNING - Failed to fetch data for Michael_Keane_162: 404
[2025-10-29T09:14:37.618+0000] {fetch_api_data.py:97} WARNING - Failed to fetch data for Cuco_Martina_163: 404
[2025-10-29T09:14:38.796+0000] {fetch_api_data.py:97} WARNING - Failed to fetch data for Theo_Walcott_164: 404
[2025-10-29T09:14:39.643+0000] {fetch_api_data.py:97} WARNING - Failed to fetch data for Yannick_Bolasie_165: 404
[2025-10-29T09:14:40.341+0000] {fetch_api_data.py:97} WARNING - Failed to fetch data for James_McCarthy_166: 404
[2025-10-29T09:14:40.958+0000] {fetch_api_data.py:97} WARNING - Failed to fetch data for Morgan_Schneiderlin_167: 404
[2025-10-29T09:14:41.574+0000] {fetch_api_data.py:97} WARNING - Failed to fetch data for Idrissa_Gueye_168: 404
[2025-10-29T09:14:42.171+0000] {fetch_api_data.py:97} WARNING - Failed to fetch data for Tom_Davies_169: 404
[2025-10-29T09:14:42.802+0000] {fetch_api_data.py:97} WARNING - Failed to fetch data for Ademola_Lookman_170: 404
[2025-10-29T09:14:43.377+0000] {fetch_api_data.py:97} WARNING - Failed to fetch data for Davy_Klaassen_171: 404
[2025-10-29T09:14:43.970+0000] {fetch_api_data.py:97} WARNING - Failed to fetch data for Gylfi_Sigurdsson_172: 404
[2025-10-29T09:14:44.621+0000] {fetch_api_data.py:97} WARNING - Failed to fetch data for Nikola_Vlasic_173: 404
[2025-10-29T09:14:45.259+0000] {fetch_api_data.py:97} WARNING - Failed to fetch data for Beni_Baningime_174: 404
[2025-10-29T09:14:45.922+0000] {fetch_api_data.py:97} WARNING - Failed to fetch data for Dominic_Calvert-Lewin_175: 404
[2025-10-29T09:14:46.607+0000] {fetch_api_data.py:97} WARNING - Failed to fetch data for Cenk_Tosun_177: 404
[2025-10-29T09:14:47.338+0000] {fetch_api_data.py:97} WARNING - Failed to fetch data for Richarlison_de Andrade_393: 404
[2025-10-29T09:14:48.005+0000] {fetch_api_data.py:97} WARNING - Failed to fetch data for Kevin_Mirallas_469: 404
[2025-10-29T09:14:48.681+0000] {fetch_api_data.py:97} WARNING - Failed to fetch data for Sandro_Ramírez_470: 404
[2025-10-29T09:14:49.447+0000] {fetch_api_data.py:97} WARNING - Failed to fetch data for Lucas_Digne_484: 404
[2025-10-29T09:14:50.084+0000] {fetch_api_data.py:97} WARNING - Failed to fetch data for Yerry_Mina_506: 404
[2025-10-29T09:14:50.803+0000] {fetch_api_data.py:97} WARNING - Failed to fetch data for Bernard_Anício Caldeira Duarte_507: 404
[2025-10-29T09:14:51.448+0000] {fetch_api_data.py:97} WARNING - Failed to fetch data for André Filipe_Tavares Gomes_508: 404
[2025-10-29T09:14:52.155+0000] {fetch_api_data.py:97} WARNING - Failed to fetch data for Kurt_Zouma_526: 404
[2025-10-29T09:14:52.915+0000] {fetch_api_data.py:97} WARNING - Failed to fetch data for Kieran_Dowell_528: 404
[2025-10-29T09:14:53.629+0000] {fetch_api_data.py:97} WARNING - Failed to fetch data for Tyias_Browning_532: 404
[2025-10-29T09:14:54.325+0000] {fetch_api_data.py:97} WARNING - Failed to fetch data for Calum_Chambers_9: 404
[2025-10-29T09:14:55.017+0000] {fetch_api_data.py:97} WARNING - Failed to fetch data for Marcus_Bettinelli_178: 404
[2025-10-29T09:14:55.702+0000] {fetch_api_data.py:97} WARNING - Failed to fetch data for Tim_Ream_180: 404
[2025-10-29T09:14:56.386+0000] {fetch_api_data.py:97} WARNING - Failed to fetch data for Denis_Odoi_181: 404
[2025-10-29T09:14:57.119+0000] {fetch_api_data.py:97} WARNING - Failed to fetch data for Tom_Cairney_182: 404
[2025-10-29T09:14:57.927+0000] {fetch_api_data.py:97} WARNING - Failed to fetch data for Kevin_McDonald_183: 404
[2025-10-29T09:14:58.622+0000] {fetch_api_data.py:97} WARNING - Failed to fetch data for Ryan_Sessegnon_184: 404
[2025-10-29T09:14:59.371+0000] {fetch_api_data.py:97} WARNING - Failed to fetch data for Stefan_Johansen_185: 404
[2025-10-29T09:15:00.124+0000] {fetch_api_data.py:97} WARNING - Failed to fetch data for Floyd_Ayité_186: 404
[2025-10-29T09:15:00.903+0000] {fetch_api_data.py:97} WARNING - Failed to fetch data for Neeskens_Kebano_187: 404
[2025-10-29T09:15:01.651+0000] {fetch_api_data.py:97} WARNING - Failed to fetch data for Rui Pedro_da Rocha Fonte_188: 404
[2025-10-29T09:15:02.382+0000] {fetch_api_data.py:97} WARNING - Failed to fetch data for Aboubakar_Kamara_189: 404
[2025-10-29T09:15:03.095+0000] {fetch_api_data.py:97} WARNING - Failed to fetch data for Maxime_Le Marchand_455: 404
[2025-10-29T09:15:03.868+0000] {fetch_api_data.py:97} WARNING - Failed to fetch data for Jean Michael_Seri_456: 404
[2025-10-29T09:15:04.936+0000] {fetch_api_data.py:97} WARNING - Failed to fetch data for Cyrus_Christie_460: 404
[2025-10-29T09:15:05.777+0000] {fetch_api_data.py:97} WARNING - Failed to fetch data for Fabricio_Agosto Ramírez_474: 404
[2025-10-29T09:15:06.613+0000] {fetch_api_data.py:97} WARNING - Failed to fetch data for André_Schürrle_478: 404
[2025-10-29T09:15:07.351+0000] {fetch_api_data.py:97} WARNING - Failed to fetch data for Aleksandar_Mitrovic_480: 404
[2025-10-29T09:15:08.050+0000] {fetch_api_data.py:97} WARNING - Failed to fetch data for Alfie_Mawson_487: 404
[2025-10-29T09:15:08.686+0000] {fetch_api_data.py:97} WARNING - Failed to fetch data for Sergio_Rico_509: 404
[2025-10-29T09:15:09.611+0000] {fetch_api_data.py:97} WARNING - Failed to fetch data for Joe_Bryan_510: 404
[2025-10-29T09:15:10.525+0000] {fetch_api_data.py:97} WARNING - Failed to fetch data for Timothy_Fosu-Mensah_511: 404
[2025-10-29T09:15:11.305+0000] {fetch_api_data.py:97} WARNING - Failed to fetch data for André-Frank_Zambo Anguissa_512: 404
[2025-10-29T09:15:12.241+0000] {fetch_api_data.py:97} WARNING - Failed to fetch data for Luciano_Vietto_513: 404
[2025-10-29T09:15:14.278+0000] {fetch_api_data.py:97} WARNING - Failed to fetch data for Ibrahima_Cissé_521: 404
[2025-10-29T09:15:14.963+0000] {fetch_api_data.py:97} WARNING - Failed to fetch data for Zeze Steven_Sessegnon_541: 404
[2025-10-29T09:15:15.763+0000] {fetch_api_data.py:97} WARNING - Failed to fetch data for Ryan_Babel_575: 404
[2025-10-29T09:15:16.602+0000] {fetch_api_data.py:97} WARNING - Failed to fetch data for Håvard_Nordtveit_593: 404
[2025-10-29T09:15:17.404+0000] {fetch_api_data.py:97} WARNING - Failed to fetch data for Lazar_Markovic_594: 404
[2025-10-29T09:15:18.639+0000] {fetch_api_data.py:97} WARNING - Failed to fetch data for Harvey_Elliott_610: 404
[2025-10-29T09:15:19.333+0000] {fetch_api_data.py:97} WARNING - Failed to fetch data for Luca_De La Torre_621: 404
[2025-10-29T09:15:19.945+0000] {fetch_api_data.py:97} WARNING - Failed to fetch data for Jason_Puncheon_146: 404
[2025-10-29T09:15:20.549+0000] {fetch_api_data.py:97} WARNING - Failed to fetch data for Ben_Hamer_190: 404
[2025-10-29T09:15:21.164+0000] {fetch_api_data.py:97} WARNING - Failed to fetch data for Jonas_Lössl_191: 404
[2025-10-29T09:15:21.752+0000] {fetch_api_data.py:97} WARNING - Failed to fetch data for Christopher_Schindler_192: 404
[2025-10-29T09:15:22.395+0000] {fetch_api_data.py:97} WARNING - Failed to fetch data for Chris_Löwe_193: 404
[2025-10-29T09:15:22.996+0000] {fetch_api_data.py:97} WARNING - Failed to fetch data for Tommy_Smith_194: 404
[2025-10-29T09:15:23.654+0000] {fetch_api_data.py:97} WARNING - Failed to fetch data for Mathias_Jorgensen_195: 404
[2025-10-29T09:15:24.726+0000] {fetch_api_data.py:97} WARNING - Failed to fetch data for Scott_Malone_196: 404
[2025-10-29T09:15:25.347+0000] {fetch_api_data.py:97} WARNING - Failed to fetch data for Florent_Hadergjonaj_197: 404
[2025-10-29T09:15:25.993+0000] {fetch_api_data.py:97} WARNING - Failed to fetch data for Terence_Kongolo_198: 404
[2025-10-29T09:15:26.741+0000] {fetch_api_data.py:97} WARNING - Failed to fetch data for Aaron_Mooy_199: 404
[2025-10-29T09:15:27.420+0000] {fetch_api_data.py:97} WARNING - Failed to fetch data for Rajiv_van La Parra_200: 404
[2025-10-29T09:15:28.001+0000] {fetch_api_data.py:97} WARNING - Failed to fetch data for Jonathan_Hogg_201: 404
[2025-10-29T09:15:28.668+0000] {fetch_api_data.py:97} WARNING - Failed to fetch data for Philip_Billing_202: 404
[2025-10-29T09:15:29.971+0000] {fetch_api_data.py:97} WARNING - Failed to fetch data for Tom_Ince_203: 404
[2025-10-29T09:15:30.966+0000] {fetch_api_data.py:97} WARNING - Failed to fetch data for Danny_Williams_204: 404
[2025-10-29T09:15:31.821+0000] {fetch_api_data.py:97} WARNING - Failed to fetch data for Abdelhamid_Sabiri_205: 404
[2025-10-29T09:15:32.432+0000] {fetch_api_data.py:97} WARNING - Failed to fetch data for Alex_Pritchard_206: 404
[2025-10-29T09:15:33.274+0000] {fetch_api_data.py:97} WARNING - Failed to fetch data for Ramadan_Sobhi_207: 404
[2025-10-29T09:15:33.885+0000] {fetch_api_data.py:97} WARNING - Failed to fetch data for Juninho_Bacuna_208: 404
[2025-10-29T09:15:34.543+0000] {fetch_api_data.py:97} WARNING - Failed to fetch data for Collin_Quaner_209: 404
[2025-10-29T09:15:35.212+0000] {fetch_api_data.py:97} WARNING - Failed to fetch data for Laurent_Depoitre_210: 404
[2025-10-29T09:15:35.777+0000] {fetch_api_data.py:97} WARNING - Failed to fetch data for Steve_Mounie_211: 404
[2025-10-29T09:15:36.510+0000] {fetch_api_data.py:97} WARNING - Failed to fetch data for Elias_Kachunga_212: 404
[2025-10-29T09:15:37.151+0000] {fetch_api_data.py:97} WARNING - Failed to fetch data for Erik_Durm_461: 404
[2025-10-29T09:15:37.782+0000] {fetch_api_data.py:97} WARNING - Failed to fetch data for Adama_Diakhaby_471: 404
[2025-10-29T09:15:38.361+0000] {fetch_api_data.py:97} WARNING - Failed to fetch data for Isaac_Mbenza_514: 404
[2025-10-29T09:15:38.952+0000] {fetch_api_data.py:97} WARNING - Failed to fetch data for Jon Gorenc_Stankovic_522: 404
[2025-10-29T09:15:39.545+0000] {fetch_api_data.py:97} WARNING - Failed to fetch data for Ryan_Schofield_533: 404
[2025-10-29T09:15:40.133+0000] {fetch_api_data.py:97} WARNING - Failed to fetch data for Karlan_Grant_585: 404
[2025-10-29T09:15:40.782+0000] {fetch_api_data.py:97} WARNING - Failed to fetch data for Joel_Coleman_598: 404
[2025-10-29T09:15:41.365+0000] {fetch_api_data.py:97} WARNING - Failed to fetch data for Demeaco_Duhaney_601: 404
[2025-10-29T09:15:42.003+0000] {fetch_api_data.py:97} WARNING - Failed to fetch data for Matthew_Daly_606: 404
[2025-10-29T09:15:42.868+0000] {fetch_api_data.py:97} WARNING - Failed to fetch data for Aaron_Rowe_607: 404
[2025-10-29T09:15:43.500+0000] {fetch_api_data.py:97} WARNING - Failed to fetch data for Kasper_Schmeichel_213: 404
[2025-10-29T09:15:44.176+0000] {fetch_api_data.py:97} WARNING - Failed to fetch data for Eldin_Jakupovic_214: 404
[2025-10-29T09:15:44.851+0000] {fetch_api_data.py:97} WARNING - Failed to fetch data for Wes_Morgan_215: 404
[2025-10-29T09:15:45.538+0000] {fetch_api_data.py:97} WARNING - Failed to fetch data for Christian_Fuchs_216: 404
[2025-10-29T09:15:46.133+0000] {fetch_api_data.py:97} WARNING - Failed to fetch data for Danny_Simpson_217: 404
[2025-10-29T09:15:46.760+0000] {fetch_api_data.py:97} WARNING - Failed to fetch data for Yohan_Benalouane_218: 404
[2025-10-29T09:15:47.348+0000] {fetch_api_data.py:97} WARNING - Failed to fetch data for Benjamin_Chilwell_219: 404
[2025-10-29T09:15:47.943+0000] {fetch_api_data.py:97} WARNING - Failed to fetch data for Harry_Maguire_220: 404
[2025-10-29T09:15:48.543+0000] {fetch_api_data.py:97} WARNING - Failed to fetch data for Ricardo Domingos_Barbosa Pereira_221: 404
[2025-10-29T09:15:49.138+0000] {fetch_api_data.py:97} WARNING - Failed to fetch data for Jonny_Evans_222: 404
[2025-10-29T09:15:49.744+0000] {fetch_api_data.py:97} WARNING - Failed to fetch data for Marc_Albrighton_224: 404
[2025-10-29T09:15:50.672+0000] {fetch_api_data.py:97} WARNING - Failed to fetch data for Demarai_Gray_225: 404
[2025-10-29T09:15:51.312+0000] {fetch_api_data.py:97} WARNING - Failed to fetch data for Daniel_Amartey_226: 404
[2025-10-29T09:15:51.954+0000] {fetch_api_data.py:97} WARNING - Failed to fetch data for Wilfred_Ndidi_227: 404
[2025-10-29T09:15:52.613+0000] {fetch_api_data.py:97} WARNING - Failed to fetch data for Vicente_Iborra_228: 404
[2025-10-29T09:15:53.196+0000] {fetch_api_data.py:97} WARNING - Failed to fetch data for Matty_James_229: 404
[2025-10-29T09:15:53.809+0000] {fetch_api_data.py:97} WARNING - Failed to fetch data for Hamza_Choudhury_230: 404
[2025-10-29T09:15:54.577+0000] {fetch_api_data.py:97} WARNING - Failed to fetch data for Adrien Sebastian_Perruchet Silva_231: 404
[2025-10-29T09:15:55.335+0000] {fetch_api_data.py:97} WARNING - Failed to fetch data for Fousseni_Diabaté_232: 404
[2025-10-29T09:15:58.501+0000] {fetch_api_data.py:97} WARNING - Failed to fetch data for James_Maddison_233: 404
[2025-10-29T09:16:05.524+0000] {fetch_api_data.py:97} WARNING - Failed to fetch data for Jamie_Vardy_234: 404
[2025-10-29T09:16:12.345+0000] {fetch_api_data.py:97} WARNING - Failed to fetch data for Shinji_Okazaki_235: 404
[2025-10-29T09:16:13.212+0000] {fetch_api_data.py:97} WARNING - Failed to fetch data for Kelechi_Iheanacho_236: 404
[2025-10-29T09:16:13.978+0000] {fetch_api_data.py:97} WARNING - Failed to fetch data for Danny_Ward_457: 404
[2025-10-29T09:16:14.761+0000] {fetch_api_data.py:97} WARNING - Failed to fetch data for Rachid_Ghezzal_492: 404
[2025-10-29T09:16:15.434+0000] {fetch_api_data.py:97} WARNING - Failed to fetch data for Filip_Benkovic_501: 404
[2025-10-29T09:16:16.058+0000] {fetch_api_data.py:97} WARNING - Failed to fetch data for Çaglar_Söyüncü_515: 404
[2025-10-29T09:16:16.742+0000] {fetch_api_data.py:97} WARNING - Failed to fetch data for Nampalys_Mendy_527: 404
[2025-10-29T09:16:17.352+0000] {fetch_api_data.py:97} WARNING - Failed to fetch data for Josh_Knight_558: 404
[2025-10-29T09:16:17.939+0000] {fetch_api_data.py:97} WARNING - Failed to fetch data for Harvey_Barnes_571: 404
[2025-10-29T09:16:18.575+0000] {fetch_api_data.py:97} WARNING - Failed to fetch data for Youri_Tielemans_591: 404
[2025-10-29T09:16:19.190+0000] {fetch_api_data.py:97} WARNING - Failed to fetch data for Simon_Mignolet_237: 404
[2025-10-29T09:16:19.774+0000] {fetch_api_data.py:97} WARNING - Failed to fetch data for Loris_Karius_238: 404
[2025-10-29T09:16:20.417+0000] {fetch_api_data.py:97} WARNING - Failed to fetch data for Dejan_Lovren_239: 404
[2025-10-29T09:16:21.040+0000] {fetch_api_data.py:97} WARNING - Failed to fetch data for Alberto_Moreno_240: 404
[2025-10-29T09:16:22.667+0000] {fetch_api_data.py:97} WARNING - Failed to fetch data for Joseph_Gomez_242: 404
[2025-10-29T09:16:28.867+0000] {fetch_api_data.py:97} WARNING - Failed to fetch data for Joel_Matip_243: 404
[2025-10-29T09:16:34.420+0000] {fetch_api_data.py:97} WARNING - Failed to fetch data for Ragnar_Klavan_244: 404
[2025-10-29T09:16:35.489+0000] {fetch_api_data.py:97} WARNING - Failed to fetch data for Trent_Alexander-Arnold_245: 404
[2025-10-29T09:16:36.473+0000] {fetch_api_data.py:97} WARNING - Failed to fetch data for Virgil_van Dijk_246: 404
[2025-10-29T09:16:37.363+0000] {fetch_api_data.py:97} WARNING - Failed to fetch data for Andrew_Robertson_247: 404
[2025-10-29T09:16:38.243+0000] {fetch_api_data.py:97} WARNING - Failed to fetch data for Alex_Oxlade-Chamberlain_248: 404
[2025-10-29T09:16:38.891+0000] {fetch_api_data.py:97} WARNING - Failed to fetch data for Jordan_Henderson_249: 404
[2025-10-29T09:16:39.540+0000] {fetch_api_data.py:97} WARNING - Failed to fetch data for Adam_Lallana_250: 404
[2025-10-29T09:16:40.177+0000] {fetch_api_data.py:97} WARNING - Failed to fetch data for Sadio_Mané_251: 404
[2025-10-29T09:16:40.971+0000] {fetch_api_data.py:97} WARNING - Failed to fetch data for Georginio_Wijnaldum_252: 404
[2025-10-29T09:16:41.620+0000] {fetch_api_data.py:97} WARNING - Failed to fetch data for Mohamed_Salah_253: 404
[2025-10-29T09:16:42.976+0000] {fetch_api_data.py:97} WARNING - Failed to fetch data for James_Milner_254: 404
[2025-10-29T09:16:43.709+0000] {fetch_api_data.py:97} WARNING - Failed to fetch data for Fabio Henrique_Tavares_255: 404
[2025-10-29T09:16:44.321+0000] {fetch_api_data.py:97} WARNING - Failed to fetch data for Naby_Keita_256: 404
[2025-10-29T09:16:44.999+0000] {fetch_api_data.py:97} WARNING - Failed to fetch data for Roberto_Firmino_257: 404
[2025-10-29T09:16:46.385+0000] {fetch_api_data.py:97} WARNING - Failed to fetch data for Xherdan_Shaqiri_462: 404
[2025-10-29T09:16:46.987+0000] {fetch_api_data.py:97} WARNING - Failed to fetch data for Alisson_Ramses Becker_468: 404
[2025-10-29T09:16:47.859+0000] {fetch_api_data.py:97} WARNING - Failed to fetch data for Daniel_Sturridge_472: 404
[2025-10-29T09:16:48.733+0000] {fetch_api_data.py:97} WARNING - Failed to fetch data for Divock_Origi_543: 404
[2025-10-29T09:16:49.383+0000] {fetch_api_data.py:97} WARNING - Failed to fetch data for Rafael_Camacho_557: 404
[2025-10-29T09:16:49.986+0000] {fetch_api_data.py:97} WARNING - Failed to fetch data for Curtis_Jones_597: 404
[2025-10-29T09:16:50.721+0000] {fetch_api_data.py:97} WARNING - Failed to fetch data for Riyad_Mahrez_223: 404
[2025-10-29T09:16:51.477+0000] {fetch_api_data.py:97} WARNING - Failed to fetch data for Ederson_Santana de Moraes_260: 404
[2025-10-29T09:16:52.108+0000] {fetch_api_data.py:97} WARNING - Failed to fetch data for Claudio_Bravo_261: 404
[2025-10-29T09:16:52.860+0000] {fetch_api_data.py:97} WARNING - Failed to fetch data for John_Stones_262: 404
[2025-10-29T09:16:53.530+0000] {fetch_api_data.py:97} WARNING - Failed to fetch data for Vincent_Kompany_263: 404
[2025-10-29T09:16:54.269+0000] {fetch_api_data.py:97} WARNING - Failed to fetch data for Nicolás_Otamendi_264: 404
[2025-10-29T09:16:54.836+0000] {fetch_api_data.py:97} WARNING - Failed to fetch data for Kyle_Walker_265: 404
[2025-10-29T09:16:55.423+0000] {fetch_api_data.py:97} WARNING - Failed to fetch data for Danilo Luiz_da Silva_266: 404
[2025-10-29T09:16:56.021+0000] {fetch_api_data.py:97} WARNING - Failed to fetch data for Benjamin_Mendy_267: 404
[2025-10-29T09:16:56.587+0000] {fetch_api_data.py:97} WARNING - Failed to fetch data for Aymeric_Laporte_268: 404
[2025-10-29T09:16:57.165+0000] {fetch_api_data.py:97} WARNING - Failed to fetch data for Fabian_Delph_269: 404
[2025-10-29T09:16:57.825+0000] {fetch_api_data.py:97} WARNING - Failed to fetch data for Raheem_Sterling_270: 404
[2025-10-29T09:16:58.441+0000] {fetch_api_data.py:97} WARNING - Failed to fetch data for David_Silva_271: 404
[2025-10-29T09:16:59.085+0000] {fetch_api_data.py:97} WARNING - Failed to fetch data for Fernando_Luiz Rosa_272: 404
[2025-10-29T09:16:59.738+0000] {fetch_api_data.py:97} WARNING - Failed to fetch data for Kevin_De Bruyne_273: 404
[2025-10-29T09:17:00.338+0000] {fetch_api_data.py:97} WARNING - Failed to fetch data for Ilkay_Gündogan_274: 404
[2025-10-29T09:17:00.898+0000] {fetch_api_data.py:97} WARNING - Failed to fetch data for Leroy_Sané_275: 404
[2025-10-29T09:17:01.615+0000] {fetch_api_data.py:97} WARNING - Failed to fetch data for Bernardo Mota_Veiga de Carvalho e Silva_276: 404
[2025-10-29T09:17:02.333+0000] {fetch_api_data.py:97} WARNING - Failed to fetch data for Phil_Foden_277: 404
[2025-10-29T09:17:02.957+0000] {fetch_api_data.py:97} WARNING - Failed to fetch data for Brahim_Diaz_278: 404
[2025-10-29T09:17:03.617+0000] {fetch_api_data.py:97} WARNING - Failed to fetch data for Oleksandr_Zinchenko_279: 404
[2025-10-29T09:17:04.239+0000] {fetch_api_data.py:97} WARNING - Failed to fetch data for Sergio_Agüero_280: 404
[2025-10-29T09:17:05.083+0000] {fetch_api_data.py:97} WARNING - Failed to fetch data for Gabriel Fernando_de Jesus_281: 404
[2025-10-29T09:17:05.702+0000] {fetch_api_data.py:97} WARNING - Failed to fetch data for Arijanet_Muric_529: 404
[2025-10-29T09:17:06.306+0000] {fetch_api_data.py:97} WARNING - Failed to fetch data for Philippe_Sandler_604: 404
[2025-10-29T09:17:06.939+0000] {fetch_api_data.py:97} WARNING - Failed to fetch data for David_de Gea_282: 404
[2025-10-29T09:17:07.718+0000] {fetch_api_data.py:97} WARNING - Failed to fetch data for Sergio_Romero_283: 404
[2025-10-29T09:17:08.358+0000] {fetch_api_data.py:97} WARNING - Failed to fetch data for Chris_Smalling_284: 404
[2025-10-29T09:17:09.015+0000] {fetch_api_data.py:97} WARNING - Failed to fetch data for Phil_Jones_285: 404
[2025-10-29T09:17:09.830+0000] {fetch_api_data.py:97} WARNING - Failed to fetch data for Luke_Shaw_286: 404
[2025-10-29T09:17:10.542+0000] {fetch_api_data.py:97} WARNING - Failed to fetch data for Marcos_Rojo_287: 404
[2025-10-29T09:17:11.519+0000] {fetch_api_data.py:97} WARNING - Failed to fetch data for Antonio_Valencia_288: 404
[2025-10-29T09:17:12.984+0000] {fetch_api_data.py:97} WARNING - Failed to fetch data for Matteo_Darmian_289: 404
[2025-10-29T09:17:13.963+0000] {fetch_api_data.py:97} WARNING - Failed to fetch data for Daley_Blind_290: 404
[2025-10-29T09:17:14.970+0000] {fetch_api_data.py:97} WARNING - Failed to fetch data for Eric_Bailly_291: 404
[2025-10-29T09:17:15.679+0000] {fetch_api_data.py:97} WARNING - Failed to fetch data for Victor_Lindelöf_292: 404
[2025-10-29T09:17:16.367+0000] {fetch_api_data.py:97} WARNING - Failed to fetch data for Ashley_Young_293: 404
[2025-10-29T09:17:17.267+0000] {fetch_api_data.py:97} WARNING - Failed to fetch data for José Diogo_Dalot Teixeira_294: 404
[2025-10-29T09:17:18.777+0000] {fetch_api_data.py:97} WARNING - Failed to fetch data for Alexis_Sánchez_295: 404
[2025-10-29T09:17:19.876+0000] {fetch_api_data.py:97} WARNING - Failed to fetch data for Nemanja_Matic_296: 404
[2025-10-29T09:17:21.033+0000] {fetch_api_data.py:97} WARNING - Failed to fetch data for Juan_Mata_297: 404
[2025-10-29T09:17:21.726+0000] {fetch_api_data.py:97} WARNING - Failed to fetch data for Marouane_Fellaini_298: 404
[2025-10-29T09:17:22.417+0000] {fetch_api_data.py:97} WARNING - Failed to fetch data for Ander_Herrera_299: 404
[2025-10-29T09:17:23.042+0000] {fetch_api_data.py:97} WARNING - Failed to fetch data for Jesse_Lingard_300: 404
[2025-10-29T09:17:23.669+0000] {fetch_api_data.py:97} WARNING - Failed to fetch data for Anthony_Martial_301: 404
[2025-10-29T09:17:24.320+0000] {fetch_api_data.py:97} WARNING - Failed to fetch data for Paul_Pogba_302: 404
[2025-10-29T09:17:25.000+0000] {fetch_api_data.py:97} WARNING - Failed to fetch data for Scott_McTominay_303: 404
[2025-10-29T09:17:25.691+0000] {fetch_api_data.py:97} WARNING - Failed to fetch data for Frederico_Rodrigues de Paula Santos_304: 404
[2025-10-29T09:17:26.357+0000] {fetch_api_data.py:97} WARNING - Failed to fetch data for Marcus_Rashford_305: 404
[2025-10-29T09:17:27.004+0000] {fetch_api_data.py:97} WARNING - Failed to fetch data for Romelu_Lukaku_306: 404
[2025-10-29T09:17:27.603+0000] {fetch_api_data.py:97} WARNING - Failed to fetch data for Andreas_Pereira_481: 404
[2025-10-29T09:17:28.286+0000] {fetch_api_data.py:97} WARNING - Failed to fetch data for Lee_Grant_520: 404
[2025-10-29T09:17:29.082+0000] {fetch_api_data.py:97} WARNING - Failed to fetch data for Angel_Gomes_568: 404
[2025-10-29T09:17:30.145+0000] {fetch_api_data.py:97} WARNING - Failed to fetch data for James_Garner_602: 404
[2025-10-29T09:17:31.056+0000] {fetch_api_data.py:97} WARNING - Failed to fetch data for Tahith_Chong_603: 404
[2025-10-29T09:17:31.658+0000] {fetch_api_data.py:97} WARNING - Failed to fetch data for Mason_Greenwood_608: 404
[2025-10-29T09:17:32.399+0000] {fetch_api_data.py:97} WARNING - Failed to fetch data for Robert_Elliot_307: 404
[2025-10-29T09:17:33.148+0000] {fetch_api_data.py:97} WARNING - Failed to fetch data for Karl_Darlow_308: 404
[2025-10-29T09:17:33.781+0000] {fetch_api_data.py:97} WARNING - Failed to fetch data for Martin_Dubravka_309: 404
[2025-10-29T09:17:34.415+0000] {fetch_api_data.py:97} WARNING - Failed to fetch data for DeAndre_Yedlin_310: 404
[2025-10-29T09:17:35.042+0000] {fetch_api_data.py:97} WARNING - Failed to fetch data for Ciaran_Clark_311: 404
[2025-10-29T09:17:35.627+0000] {fetch_api_data.py:97} WARNING - Failed to fetch data for Jamaal_Lascelles_312: 404
[2025-10-29T09:17:36.232+0000] {fetch_api_data.py:97} WARNING - Failed to fetch data for Paul_Dummett_313: 404
[2025-10-29T09:17:36.826+0000] {fetch_api_data.py:97} WARNING - Failed to fetch data for Florian_Lejeune_314: 404
[2025-10-29T09:17:37.480+0000] {fetch_api_data.py:97} WARNING - Failed to fetch data for Javier_Manquillo_315: 404
[2025-10-29T09:17:38.094+0000] {fetch_api_data.py:97} WARNING - Failed to fetch data for Chancel_Mbemba_316: 404
[2025-10-29T09:17:38.835+0000] {fetch_api_data.py:97} WARNING - Failed to fetch data for Matt_Ritchie_317: 404
[2025-10-29T09:17:39.452+0000] {fetch_api_data.py:97} WARNING - Failed to fetch data for Jonjo_Shelvey_318: 404
[2025-10-29T09:17:40.031+0000] {fetch_api_data.py:97} WARNING - Failed to fetch data for Mohamed_Diamé_319: 404
[2025-10-29T09:17:40.683+0000] {fetch_api_data.py:97} WARNING - Failed to fetch data for Christian_Atsu_320: 404
[2025-10-29T09:17:41.378+0000] {fetch_api_data.py:97} WARNING - Failed to fetch data for Jacob_Murphy_321: 404
[2025-10-29T09:17:41.963+0000] {fetch_api_data.py:97} WARNING - Failed to fetch data for Mikel_Merino_322: 404
[2025-10-29T09:17:42.542+0000] {fetch_api_data.py:97} WARNING - Failed to fetch data for Isaac_Hayden_323: 404
[2025-10-29T09:17:43.182+0000] {fetch_api_data.py:97} WARNING - Failed to fetch data for Sung-yueng_Ki_324: 404
[2025-10-29T09:17:43.944+0000] {fetch_api_data.py:97} WARNING - Failed to fetch data for Dwight_Gayle_325: 404
[2025-10-29T09:17:44.631+0000] {fetch_api_data.py:97} WARNING - Failed to fetch data for Ayoze_Pérez_326: 404
[2025-10-29T09:17:45.513+0000] {fetch_api_data.py:97} WARNING - Failed to fetch data for Jose Luis_Mato Sanmartín_327: 404
[2025-10-29T09:17:46.632+0000] {fetch_api_data.py:97} WARNING - Failed to fetch data for Robert Kenedy_Nunes do Nascimento_458: 404
[2025-10-29T09:17:47.423+0000] {fetch_api_data.py:97} WARNING - Failed to fetch data for Fabian_Schär_482: 404
[2025-10-29T09:17:48.035+0000] {fetch_api_data.py:97} WARNING - Failed to fetch data for Yoshinori_Muto_488: 404
[2025-10-29T09:17:48.685+0000] {fetch_api_data.py:97} WARNING - Failed to fetch data for Salomón_Rondón_493: 404
[2025-10-29T09:17:49.266+0000] {fetch_api_data.py:97} WARNING - Failed to fetch data for Federico_Fernández_516: 404
[2025-10-29T09:17:49.985+0000] {fetch_api_data.py:97} WARNING - Failed to fetch data for Jamie_Sterry_530: 404
[2025-10-29T09:17:50.701+0000] {fetch_api_data.py:97} WARNING - Failed to fetch data for Sean_Longstaff_531: 404
[2025-10-29T09:17:51.345+0000] {fetch_api_data.py:97} WARNING - Failed to fetch data for Frederick_Woodman_553: 404
[2025-10-29T09:17:51.964+0000] {fetch_api_data.py:97} WARNING - Failed to fetch data for Callum_Roberts_577: 404
[2025-10-29T09:17:52.604+0000] {fetch_api_data.py:97} WARNING - Failed to fetch data for Miguel_Almirón_587: 404
[2025-10-29T09:17:53.262+0000] {fetch_api_data.py:97} WARNING - Failed to fetch data for Antonio_Barreca_588: 404
[2025-10-29T09:17:53.907+0000] {fetch_api_data.py:97} WARNING - Failed to fetch data for Kelland_Watts_622: 404
[2025-10-29T09:17:54.487+0000] {fetch_api_data.py:97} WARNING - Failed to fetch data for Lewis_Cass_623: 404
[2025-10-29T09:17:55.086+0000] {fetch_api_data.py:97} WARNING - Failed to fetch data for Danny_Ings_258: 404
[2025-10-29T09:17:55.721+0000] {fetch_api_data.py:97} WARNING - Failed to fetch data for Alex_McCarthy_328: 404
[2025-10-29T09:17:56.328+0000] {fetch_api_data.py:97} WARNING - Failed to fetch data for Fraser_Forster_329: 404
[2025-10-29T09:17:56.907+0000] {fetch_api_data.py:97} WARNING - Failed to fetch data for Ryan_Bertrand_330: 404
[2025-10-29T09:17:57.519+0000] {fetch_api_data.py:97} WARNING - Failed to fetch data for Maya_Yoshida_331: 404
[2025-10-29T09:17:58.103+0000] {fetch_api_data.py:97} WARNING - Failed to fetch data for Cédric_Soares_332: 404
[2025-10-29T09:17:58.767+0000] {fetch_api_data.py:97} WARNING - Failed to fetch data for Jack_Stephens_333: 404
[2025-10-29T09:17:59.470+0000] {fetch_api_data.py:97} WARNING - Failed to fetch data for Sam_McQueen_334: 404
[2025-10-29T09:18:00.065+0000] {fetch_api_data.py:97} WARNING - Failed to fetch data for Jan_Bednarek_335: 404
[2025-10-29T09:18:00.725+0000] {fetch_api_data.py:97} WARNING - Failed to fetch data for Wesley_Hoedt_336: 404
[2025-10-29T09:18:01.359+0000] {fetch_api_data.py:97} WARNING - Failed to fetch data for Steven_Davis_337: 404
[2025-10-29T09:18:01.996+0000] {fetch_api_data.py:97} WARNING - Failed to fetch data for James_Ward-Prowse_338: 404
[2025-10-29T09:18:02.620+0000] {fetch_api_data.py:97} WARNING - Failed to fetch data for Oriol_Romeu Vidal_339: 404
[2025-10-29T09:18:03.209+0000] {fetch_api_data.py:97} WARNING - Failed to fetch data for Pierre-Emile_Højbjerg_340: 404
[2025-10-29T09:18:03.818+0000] {fetch_api_data.py:97} WARNING - Failed to fetch data for Sofiane_Boufal_341: 404
[2025-10-29T09:18:04.494+0000] {fetch_api_data.py:97} WARNING - Failed to fetch data for Joshua_Sims_342: 404
[2025-10-29T09:18:05.075+0000] {fetch_api_data.py:97} WARNING - Failed to fetch data for Nathan_Redmond_343: 404
[2025-10-29T09:18:05.688+0000] {fetch_api_data.py:97} WARNING - Failed to fetch data for Mario_Lemina_344: 404
[2025-10-29T09:18:06.279+0000] {fetch_api_data.py:97} WARNING - Failed to fetch data for Stuart_Armstrong_345: 404
[2025-10-29T09:18:06.877+0000] {fetch_api_data.py:97} WARNING - Failed to fetch data for Mohamed_Elyounoussi_346: 404
[2025-10-29T09:18:07.543+0000] {fetch_api_data.py:97} WARNING - Failed to fetch data for Shane_Long_347: 404
[2025-10-29T09:18:08.250+0000] {fetch_api_data.py:97} WARNING - Failed to fetch data for Charlie_Austin_348: 404
[2025-10-29T09:18:08.937+0000] {fetch_api_data.py:97} WARNING - Failed to fetch data for Manolo_Gabbiadini_349: 404
[2025-10-29T09:18:09.598+0000] {fetch_api_data.py:97} WARNING - Failed to fetch data for Guido_Carrillo_350: 404
[2025-10-29T09:18:10.240+0000] {fetch_api_data.py:97} WARNING - Failed to fetch data for Angus_Gunn_452: 404
[2025-10-29T09:18:10.980+0000] {fetch_api_data.py:97} WARNING - Failed to fetch data for Jannik_Vestergaard_463: 404
[2025-10-29T09:18:11.810+0000] {fetch_api_data.py:97} WARNING - Failed to fetch data for Matt_Targett_479: 404
[2025-10-29T09:18:12.486+0000] {fetch_api_data.py:97} WARNING - Failed to fetch data for Michael_Obafemi_550: 404
[2025-10-29T09:18:13.108+0000] {fetch_api_data.py:97} WARNING - Failed to fetch data for Yan_Valery_556: 404
[2025-10-29T09:18:13.726+0000] {fetch_api_data.py:97} WARNING - Failed to fetch data for Tyreke_Johnson_562: 404
[2025-10-29T09:18:14.358+0000] {fetch_api_data.py:97} WARNING - Failed to fetch data for Kayne_Ramsay_565: 404
[2025-10-29T09:18:14.934+0000] {fetch_api_data.py:97} WARNING - Failed to fetch data for Callum_Slattery_570: 404
[2025-10-29T09:18:15.818+0000] {fetch_api_data.py:97} WARNING - Failed to fetch data for Sam_Gallagher_574: 404
[2025-10-29T09:18:16.497+0000] {fetch_api_data.py:97} WARNING - Failed to fetch data for Alfie_Jones_595: 404
[2025-10-29T09:18:17.119+0000] {fetch_api_data.py:97} WARNING - Failed to fetch data for Hugo_Lloris_351: 404
[2025-10-29T09:18:17.783+0000] {fetch_api_data.py:97} WARNING - Failed to fetch data for Michel_Vorm_352: 404
[2025-10-29T09:18:18.439+0000] {fetch_api_data.py:97} WARNING - Failed to fetch data for Toby_Alderweireld_353: 404
[2025-10-29T09:18:19.216+0000] {fetch_api_data.py:97} WARNING - Failed to fetch data for Danny_Rose_354: 404
[2025-10-29T09:18:20.099+0000] {fetch_api_data.py:97} WARNING - Failed to fetch data for Jan_Vertonghen_355: 404
[2025-10-29T09:18:21.181+0000] {fetch_api_data.py:97} WARNING - Failed to fetch data for Ben_Davies_356: 404
[2025-10-29T09:18:21.865+0000] {fetch_api_data.py:97} WARNING - Failed to fetch data for Kieran_Trippier_357: 404
[2025-10-29T09:18:22.484+0000] {fetch_api_data.py:97} WARNING - Failed to fetch data for Kyle_Walker-Peters_358: 404
[2025-10-29T09:18:23.184+0000] {fetch_api_data.py:97} WARNING - Failed to fetch data for Davinson_Sánchez_359: 404
[2025-10-29T09:18:23.819+0000] {fetch_api_data.py:97} WARNING - Failed to fetch data for Serge_Aurier_360: 404
[2025-10-29T09:18:24.418+0000] {fetch_api_data.py:97} WARNING - Failed to fetch data for Eric_Dier_361: 404
[2025-10-29T09:18:25.044+0000] {fetch_api_data.py:97} WARNING - Failed to fetch data for Mousa_Dembélé_362: 404
[2025-10-29T09:18:25.674+0000] {fetch_api_data.py:97} WARNING - Failed to fetch data for Erik_Lamela_363: 404
[2025-10-29T09:18:26.311+0000] {fetch_api_data.py:97} WARNING - Failed to fetch data for Christian_Eriksen_364: 404
[2025-10-29T09:18:26.910+0000] {fetch_api_data.py:97} WARNING - Failed to fetch data for Bamidele_Alli_365: 404
[2025-10-29T09:18:27.520+0000] {fetch_api_data.py:97} WARNING - Failed to fetch data for Victor_Wanyama_366: 404
[2025-10-29T09:18:28.204+0000] {fetch_api_data.py:97} WARNING - Failed to fetch data for Heung-Min_Son_367: 404
[2025-10-29T09:18:28.845+0000] {fetch_api_data.py:97} WARNING - Failed to fetch data for Harry_Winks_368: 404
[2025-10-29T09:18:29.534+0000] {fetch_api_data.py:97} WARNING - Failed to fetch data for Moussa_Sissoko_369: 404
[2025-10-29T09:18:30.178+0000] {fetch_api_data.py:97} WARNING - Failed to fetch data for Lucas_Rodrigues Moura da Silva_370: 404
[2025-10-29T09:18:30.779+0000] {fetch_api_data.py:97} WARNING - Failed to fetch data for Fernando_Llorente_371: 404
[2025-10-29T09:18:31.404+0000] {fetch_api_data.py:97} WARNING - Failed to fetch data for Harry_Kane_372: 404
[2025-10-29T09:18:32.137+0000] {fetch_api_data.py:97} WARNING - Failed to fetch data for Georges-Kévin_Nkoudou_497: 404
[2025-10-29T09:18:32.738+0000] {fetch_api_data.py:97} WARNING - Failed to fetch data for Luke_Amos_523: 404
[2025-10-29T09:18:33.477+0000] {fetch_api_data.py:97} WARNING - Failed to fetch data for Paulo_Gazzaniga_536: 404
[2025-10-29T09:18:34.566+0000] {fetch_api_data.py:97} WARNING - Failed to fetch data for Alfie_Whiteman_538: 404
[2025-10-29T09:18:35.669+0000] {fetch_api_data.py:97} WARNING - Failed to fetch data for Oliver_Skipp_540: 404
[2025-10-29T09:18:36.327+0000] {fetch_api_data.py:97} WARNING - Failed to fetch data for Juan_Foyth_549: 404
[2025-10-29T09:18:36.941+0000] {fetch_api_data.py:97} WARNING - Failed to fetch data for Timothy_Eyoma_561: 404
[2025-10-29T09:18:37.621+0000] {fetch_api_data.py:97} WARNING - Failed to fetch data for Kazaiah_Sterling_578: 404
[2025-10-29T09:18:38.318+0000] {fetch_api_data.py:97} WARNING - Failed to fetch data for George_Marsh_612: 404
[2025-10-29T09:18:38.962+0000] {fetch_api_data.py:97} WARNING - Failed to fetch data for Vincent_Janssen_614: 404
[2025-10-29T09:18:39.694+0000] {fetch_api_data.py:97} WARNING - Failed to fetch data for Heurelho_Gomes_373: 404
[2025-10-29T09:18:40.316+0000] {fetch_api_data.py:97} WARNING - Failed to fetch data for Pontus_Dahlberg_374: 404
[2025-10-29T09:18:40.902+0000] {fetch_api_data.py:97} WARNING - Failed to fetch data for Younes_Kaboul_375: 404
[2025-10-29T09:18:41.524+0000] {fetch_api_data.py:97} WARNING - Failed to fetch data for Craig_Cathcart_376: 404
[2025-10-29T09:18:42.129+0000] {fetch_api_data.py:97} WARNING - Failed to fetch data for Sebastian_Prödl_377: 404
[2025-10-29T09:18:42.800+0000] {fetch_api_data.py:97} WARNING - Failed to fetch data for José_Holebas_378: 404
[2025-10-29T09:18:43.461+0000] {fetch_api_data.py:97} WARNING - Failed to fetch data for Miguel_Britos_379: 404
[2025-10-29T09:18:44.090+0000] {fetch_api_data.py:97} WARNING - Failed to fetch data for Christian_Kabasele_380: 404
[2025-10-29T09:18:44.795+0000] {fetch_api_data.py:97} WARNING - Failed to fetch data for Daryl_Janmaat_381: 404
[2025-10-29T09:18:45.375+0000] {fetch_api_data.py:97} WARNING - Failed to fetch data for Adrian_Mariappa_382: 404
[2025-10-29T09:18:46.117+0000] {fetch_api_data.py:97} WARNING - Failed to fetch data for Francisco_Femenía Far_383: 404
[2025-10-29T09:18:46.972+0000] {fetch_api_data.py:97} WARNING - Failed to fetch data for Marvin_Zeegelaar_384: 404
[2025-10-29T09:18:47.881+0000] {fetch_api_data.py:97} WARNING - Failed to fetch data for Marc_Navarro_385: 404
[2025-10-29T09:18:48.529+0000] {fetch_api_data.py:97} WARNING - Failed to fetch data for Adam_Masina_386: 404
[2025-10-29T09:18:49.150+0000] {fetch_api_data.py:97} WARNING - Failed to fetch data for Nathaniel_Chalobah_387: 404
[2025-10-29T09:18:49.806+0000] {fetch_api_data.py:97} WARNING - Failed to fetch data for Tom_Cleverley_388: 404
[2025-10-29T09:18:50.452+0000] {fetch_api_data.py:97} WARNING - Failed to fetch data for Etienne_Capoue_389: 404
[2025-10-29T09:18:51.080+0000] {fetch_api_data.py:97} WARNING - Failed to fetch data for Abdoulaye_Doucouré_390: 404
[2025-10-29T09:18:51.695+0000] {fetch_api_data.py:97} WARNING - Failed to fetch data for Roberto_Pereyra_391: 404
[2025-10-29T09:18:52.331+0000] {fetch_api_data.py:97} WARNING - Failed to fetch data for Will_Hughes_392: 404
[2025-10-29T09:18:53.008+0000] {fetch_api_data.py:97} WARNING - Failed to fetch data for Gerard_Deulofeu_394: 404
[2025-10-29T09:18:53.738+0000] {fetch_api_data.py:97} WARNING - Failed to fetch data for Andre_Gray_395: 404
[2025-10-29T09:18:54.400+0000] {fetch_api_data.py:97} WARNING - Failed to fetch data for Troy_Deeney_396: 404
[2025-10-29T09:18:55.016+0000] {fetch_api_data.py:97} WARNING - Failed to fetch data for Stefano_Okaka_397: 404
[2025-10-29T09:18:55.612+0000] {fetch_api_data.py:97} WARNING - Failed to fetch data for Jerome_Sinclair_398: 404
[2025-10-29T09:18:56.234+0000] {fetch_api_data.py:97} WARNING - Failed to fetch data for Ben_Foster_445: 404
[2025-10-29T09:18:56.834+0000] {fetch_api_data.py:97} WARNING - Failed to fetch data for Ken_Sema_446: 404
[2025-10-29T09:18:57.428+0000] {fetch_api_data.py:97} WARNING - Failed to fetch data for Domingos_Quina_517: 404
[2025-10-29T09:18:58.006+0000] {fetch_api_data.py:97} WARNING - Failed to fetch data for Isaac_Success Ajayi_524: 404
[2025-10-29T09:18:58.653+0000] {fetch_api_data.py:97} WARNING - Failed to fetch data for Ben_Wilmot_544: 404
[2025-10-29T09:18:59.292+0000] {fetch_api_data.py:97} WARNING - Failed to fetch data for Adalberto_Peñaranda_554: 404
[2025-10-29T09:19:00.040+0000] {fetch_api_data.py:97} WARNING - Failed to fetch data for Adrián_San Miguel del Castillo_399: 404
[2025-10-29T09:19:00.724+0000] {fetch_api_data.py:97} WARNING - Failed to fetch data for Lukasz_Fabianski_400: 404
[2025-10-29T09:19:01.307+0000] {fetch_api_data.py:97} WARNING - Failed to fetch data for Winston_Reid_401: 404
[2025-10-29T09:19:01.999+0000] {fetch_api_data.py:97} WARNING - Failed to fetch data for Aaron_Cresswell_402: 404
[2025-10-29T09:19:02.683+0000] {fetch_api_data.py:97} WARNING - Failed to fetch data for Angelo_Ogbonna_403: 404
[2025-10-29T09:19:03.326+0000] {fetch_api_data.py:97} WARNING - Failed to fetch data for Sam_Byram_404: 404
[2025-10-29T09:19:03.941+0000] {fetch_api_data.py:97} WARNING - Failed to fetch data for Pablo_Zabaleta_405: 404
[2025-10-29T09:19:04.545+0000] {fetch_api_data.py:97} WARNING - Failed to fetch data for Declan_Rice_406: 404
[2025-10-29T09:19:05.142+0000] {fetch_api_data.py:97} WARNING - Failed to fetch data for Reece_Oxford_407: 404
[2025-10-29T09:19:05.709+0000] {fetch_api_data.py:97} WARNING - Failed to fetch data for Ryan_Fredericks_408: 404
[2025-10-29T09:19:06.332+0000] {fetch_api_data.py:97} WARNING - Failed to fetch data for Issa_Diop_409: 404
[2025-10-29T09:19:06.933+0000] {fetch_api_data.py:97} WARNING - Failed to fetch data for Arthur_Masuaku_410: 404
[2025-10-29T09:19:07.550+0000] {fetch_api_data.py:97} WARNING - Failed to fetch data for Mark_Noble_411: 404
[2025-10-29T09:19:08.191+0000] {fetch_api_data.py:97} WARNING - Failed to fetch data for Pedro_Obiang_413: 404
[2025-10-29T09:19:08.828+0000] {fetch_api_data.py:97} WARNING - Failed to fetch data for Manuel_Lanzini_414: 404
[2025-10-29T09:19:09.477+0000] {fetch_api_data.py:97} WARNING - Failed to fetch data for Michail_Antonio_415: 404
[2025-10-29T09:19:10.178+0000] {fetch_api_data.py:97} WARNING - Failed to fetch data for Edimilson_Fernandes_416: 404
[2025-10-29T09:19:10.848+0000] {fetch_api_data.py:97} WARNING - Failed to fetch data for Marko_Arnautovic_417: 404
[2025-10-29T09:19:11.557+0000] {fetch_api_data.py:97} WARNING - Failed to fetch data for Andy_Carroll_418: 404
[2025-10-29T09:19:12.237+0000] {fetch_api_data.py:97} WARNING - Failed to fetch data for Javier_Hernández Balcázar_419: 404
[2025-10-29T09:19:12.919+0000] {fetch_api_data.py:97} WARNING - Failed to fetch data for Jordan_Hugill_420: 404
[2025-10-29T09:19:13.691+0000] {fetch_api_data.py:97} WARNING - Failed to fetch data for Jack_Wilshere_447: 404
[2025-10-29T09:19:14.449+0000] {fetch_api_data.py:97} WARNING - Failed to fetch data for Andriy_Yarmolenko_453: 404
[2025-10-29T09:19:15.136+0000] {fetch_api_data.py:97} WARNING - Failed to fetch data for Fabián_Balbuena_464: 404
[2025-10-29T09:19:15.800+0000] {fetch_api_data.py:97} WARNING - Failed to fetch data for Felipe Anderson_Pereira Gomes_465: 404
[2025-10-29T09:19:16.427+0000] {fetch_api_data.py:97} WARNING - Failed to fetch data for Robert_Snodgrass_489: 404
[2025-10-29T09:19:17.089+0000] {fetch_api_data.py:97} WARNING - Failed to fetch data for Lucas_Pérez_502: 404
[2025-10-29T09:19:17.723+0000] {fetch_api_data.py:97} WARNING - Failed to fetch data for Carlos_Sánchez_518: 404
[2025-10-29T09:19:18.393+0000] {fetch_api_data.py:97} WARNING - Failed to fetch data for Grady_Diangana_539: 404
[2025-10-29T09:19:19.121+0000] {fetch_api_data.py:97} WARNING - Failed to fetch data for Joe_Powell_547: 404
[2025-10-29T09:19:19.837+0000] {fetch_api_data.py:97} WARNING - Failed to fetch data for Conor_Coventry_548: 404
[2025-10-29T09:19:20.663+0000] {fetch_api_data.py:97} WARNING - Failed to fetch data for Alexandre Nascimento_Costa Silva_560: 404
[2025-10-29T09:19:21.378+0000] {fetch_api_data.py:97} WARNING - Failed to fetch data for Samir_Nasri_569: 404
[2025-10-29T09:19:22.069+0000] {fetch_api_data.py:97} WARNING - Failed to fetch data for Ben_Johnson_605: 404
[2025-10-29T09:19:22.811+0000] {fetch_api_data.py:97} WARNING - Failed to fetch data for Nathan_Holland_611: 404
[2025-10-29T09:19:23.446+0000] {fetch_api_data.py:97} WARNING - Failed to fetch data for John_Ruddy_421: 404
[2025-10-29T09:19:24.171+0000] {fetch_api_data.py:97} WARNING - Failed to fetch data for Will_Norris_422: 404
[2025-10-29T09:19:24.826+0000] {fetch_api_data.py:97} WARNING - Failed to fetch data for Willy_Boly_423: 404
[2025-10-29T09:19:25.452+0000] {fetch_api_data.py:97} WARNING - Failed to fetch data for Barry_Douglas_424: 404
[2025-10-29T09:19:26.075+0000] {fetch_api_data.py:97} WARNING - Failed to fetch data for Matt_Doherty_425: 404
[2025-10-29T09:19:26.707+0000] {fetch_api_data.py:97} WARNING - Failed to fetch data for Romain_Saïss_426: 404
[2025-10-29T09:19:27.280+0000] {fetch_api_data.py:97} WARNING - Failed to fetch data for Ryan_Bennett_427: 404
[2025-10-29T09:19:27.863+0000] {fetch_api_data.py:97} WARNING - Failed to fetch data for Danny_Batth_428: 404
[2025-10-29T09:19:28.562+0000] {fetch_api_data.py:97} WARNING - Failed to fetch data for Roderick Jefferson_Gonçalves Miranda_429: 404
[2025-10-29T09:19:29.280+0000] {fetch_api_data.py:97} WARNING - Failed to fetch data for Conor_Coady_430: 404
[2025-10-29T09:19:29.864+0000] {fetch_api_data.py:97} WARNING - Failed to fetch data for Rúben Gonçalo_Silva Nascimento Vinagre_431: 404
[2025-10-29T09:19:30.464+0000] {fetch_api_data.py:97} WARNING - Failed to fetch data for Diogo_Jota_432: 404
[2025-10-29T09:19:31.053+0000] {fetch_api_data.py:97} WARNING - Failed to fetch data for Rúben Diogo_da Silva Neves_433: 404
[2025-10-29T09:19:31.746+0000] {fetch_api_data.py:97} WARNING - Failed to fetch data for Ivan_Cavaleiro_434: 404
[2025-10-29T09:19:32.429+0000] {fetch_api_data.py:97} WARNING - Failed to fetch data for Hélder_Costa_435: 404
[2025-10-29T09:19:33.208+0000] {fetch_api_data.py:97} WARNING - Failed to fetch data for Bright_Enobakhare_436: 404
[2025-10-29T09:19:33.920+0000] {fetch_api_data.py:97} WARNING - Failed to fetch data for Raúl_Jiménez_437: 404
[2025-10-29T09:19:34.538+0000] {fetch_api_data.py:97} WARNING - Failed to fetch data for Bonatini Lohner Maia_Bonatini_438: 404
[2025-10-29T09:19:35.307+0000] {fetch_api_data.py:97} WARNING - Failed to fetch data for Morgan_Gibbs-White_448: 404
[2025-10-29T09:19:36.950+0000] {fetch_api_data.py:97} WARNING - Failed to fetch data for Rafa_Mir_449: 404
[2025-10-29T09:19:37.819+0000] {fetch_api_data.py:97} WARNING - Failed to fetch data for Rui Pedro_dos Santos Patrício_454: 404
[2025-10-29T09:19:38.593+0000] {fetch_api_data.py:97} WARNING - Failed to fetch data for João Filipe Iria_Santos Moutinho_475: 404
[2025-10-29T09:19:39.296+0000] {fetch_api_data.py:97} WARNING - Failed to fetch data for Jonathan_Castro Otto_483: 404
[2025-10-29T09:19:40.062+0000] {fetch_api_data.py:97} WARNING - Failed to fetch data for Adama_Traoré_500: 404
[2025-10-29T09:19:41.070+0000] {fetch_api_data.py:97} WARNING - Failed to fetch data for Leander_Dendoncker_519: 404
[2025-10-29T09:19:42.072+0000] {fetch_api_data.py:97} WARNING - Failed to fetch data for Kortney_Hause_525: 404
[2025-10-29T09:19:42.988+0000] {fetch_api_data.py:97} WARNING - Failed to fetch data for Ryan John_Giles_555: 404
[2025-10-29T09:19:43.745+0000] {fetch_api_data.py:97} WARNING - Failed to fetch data for Max_Kilman_567: 404
[2025-10-29T09:19:44.687+0000] {fetch_api_data.py:97} WARNING - Failed to fetch data for Cameron_John_596: 404
[2025-10-29T09:19:44.690+0000] {python.py:183} INFO - Done. Returned value was: []
[2025-10-29T09:19:44.742+0000] {taskinstance.py:1350} INFO - Marking task as SUCCESS. dag_id=fpl_gameweeks_etl, task_id=fetch_players_gw_task, map_index=6, execution_date=20251029T091041, start_date=20251029T091107, end_date=20251029T091944
[2025-10-29T09:19:44.816+0000] {local_task_job_runner.py:225} INFO - Task exited with return code 0
[2025-10-29T09:19:44.849+0000] {taskinstance.py:2653} INFO - 0 downstream tasks scheduled from follow-on schedule check
