[2025-10-13T18:20:10.426+0000] {taskinstance.py:1103} INFO - Dependencies all met for dep_context=non-requeueable deps ti=<TaskInstance: fpl_etl_pipeline.parse_fixtures_task manual__2025-10-13T18:19:48.031252+00:00 map_index=6 [queued]>
[2025-10-13T18:20:10.994+0000] {taskinstance.py:1103} INFO - Dependencies all met for dep_context=requeueable deps ti=<TaskInstance: fpl_etl_pipeline.parse_fixtures_task manual__2025-10-13T18:19:48.031252+00:00 map_index=6 [queued]>
[2025-10-13T18:20:10.998+0000] {taskinstance.py:1308} INFO - Starting attempt 1 of 2
[2025-10-13T18:20:11.070+0000] {taskinstance.py:1327} INFO - Executing <Mapped(_PythonDecoratedOperator): parse_fixtures_task> on 2025-10-13 18:19:48.031252+00:00
[2025-10-13T18:20:11.083+0000] {standard_task_runner.py:57} INFO - Started process 1001 to run task
[2025-10-13T18:20:11.093+0000] {standard_task_runner.py:84} INFO - Running: ['airflow', 'tasks', 'run', 'fpl_etl_pipeline', 'parse_fixtures_task', 'manual__2025-10-13T18:19:48.031252+00:00', '--job-id', '486', '--raw', '--subdir', 'DAGS_FOLDER/fpl_etl_pipeline.py', '--cfg-path', '/tmp/tmp36_jfo0y', '--map-index', '6']
[2025-10-13T18:20:11.105+0000] {standard_task_runner.py:85} INFO - Job 486: Subtask parse_fixtures_task
[2025-10-13T18:20:11.292+0000] {task_command.py:410} INFO - Running <TaskInstance: fpl_etl_pipeline.parse_fixtures_task manual__2025-10-13T18:19:48.031252+00:00 map_index=6 [running]> on host 9326c79de8dc
[2025-10-13T18:20:11.802+0000] {taskinstance.py:1547} INFO - Exporting env vars: AIRFLOW_CTX_DAG_OWNER='richardilemon' AIRFLOW_CTX_DAG_ID='fpl_etl_pipeline' AIRFLOW_CTX_TASK_ID='parse_fixtures_task' AIRFLOW_CTX_EXECUTION_DATE='2025-10-13T18:19:48.031252+00:00' AIRFLOW_CTX_TRY_NUMBER='1' AIRFLOW_CTX_DAG_RUN_ID='manual__2025-10-13T18:19:48.031252+00:00'
[2025-10-13T18:20:11.817+0000] {taskinstance.py:1824} ERROR - Task failed with exception
Traceback (most recent call last):
  File "/home/airflow/.local/lib/python3.7/site-packages/airflow/decorators/base.py", line 220, in execute
    return_value = super().execute(context)
  File "/home/airflow/.local/lib/python3.7/site-packages/airflow/operators/python.py", line 181, in execute
    return_value = self.execute_callable()
  File "/home/airflow/.local/lib/python3.7/site-packages/airflow/operators/python.py", line 198, in execute_callable
    return self.python_callable(*self.op_args, **self.op_kwargs)
  File "/opt/airflow/dags/fpl_etl_pipeline.py", line 134, in parse_fixtures_task
    return parse_fixtures(fixtures_data)
TypeError: parse_fixtures() missing 1 required positional argument: 'season'
[2025-10-13T18:20:11.887+0000] {taskinstance.py:1350} INFO - Marking task as UP_FOR_RETRY. dag_id=fpl_etl_pipeline, task_id=parse_fixtures_task, map_index=6, execution_date=20251013T181948, start_date=20251013T182010, end_date=20251013T182011
[2025-10-13T18:20:11.934+0000] {standard_task_runner.py:109} ERROR - Failed to execute job 486 for task parse_fixtures_task (parse_fixtures() missing 1 required positional argument: 'season'; 1001)
[2025-10-13T18:20:11.963+0000] {local_task_job_runner.py:225} INFO - Task exited with return code 1
[2025-10-13T18:20:12.381+0000] {taskinstance.py:2653} INFO - 0 downstream tasks scheduled from follow-on schedule check
