[2025-10-07T18:48:18.553+0000] {taskinstance.py:1103} INFO - Dependencies all met for dep_context=non-requeueable deps ti=<TaskInstance: fpl_etl_pipeline.insert_teams_data manual__2025-10-07T18:48:09.530337+00:00 [queued]>
[2025-10-07T18:48:18.575+0000] {taskinstance.py:1103} INFO - Dependencies all met for dep_context=requeueable deps ti=<TaskInstance: fpl_etl_pipeline.insert_teams_data manual__2025-10-07T18:48:09.530337+00:00 [queued]>
[2025-10-07T18:48:18.576+0000] {taskinstance.py:1308} INFO - Starting attempt 1 of 2
[2025-10-07T18:48:18.609+0000] {taskinstance.py:1327} INFO - Executing <Task(PythonOperator): insert_teams_data> on 2025-10-07 18:48:09.530337+00:00
[2025-10-07T18:48:18.616+0000] {standard_task_runner.py:57} INFO - Started process 5670 to run task
[2025-10-07T18:48:18.620+0000] {standard_task_runner.py:84} INFO - Running: ['airflow', 'tasks', 'run', 'fpl_etl_pipeline', 'insert_teams_data', 'manual__2025-10-07T18:48:09.530337+00:00', '--job-id', '116', '--raw', '--subdir', 'DAGS_FOLDER/fpl_etl_pipeline.py', '--cfg-path', '/tmp/tmpz5z0ehf1']
[2025-10-07T18:48:18.624+0000] {standard_task_runner.py:85} INFO - Job 116: Subtask insert_teams_data
[2025-10-07T18:48:18.692+0000] {task_command.py:410} INFO - Running <TaskInstance: fpl_etl_pipeline.insert_teams_data manual__2025-10-07T18:48:09.530337+00:00 [running]> on host f44e38d8e384
[2025-10-07T18:48:18.844+0000] {taskinstance.py:1547} INFO - Exporting env vars: AIRFLOW_CTX_DAG_OWNER='richardilemon' AIRFLOW_CTX_DAG_ID='fpl_etl_pipeline' AIRFLOW_CTX_TASK_ID='insert_teams_data' AIRFLOW_CTX_EXECUTION_DATE='2025-10-07T18:48:09.530337+00:00' AIRFLOW_CTX_TRY_NUMBER='1' AIRFLOW_CTX_DAG_RUN_ID='manual__2025-10-07T18:48:09.530337+00:00'
[2025-10-07T18:48:18.878+0000] {base.py:73} INFO - Using connection ID 'fpl_db_conn' for task execution.
[2025-10-07T18:48:18.890+0000] {db_config.py:33} INFO - Database Connection Established
[2025-10-07T18:48:18.891+0000] {db_config.py:40} ERROR - Failed to connect to database: insert_teams() got an unexpected keyword argument 'conf'
[2025-10-07T18:48:18.892+0000] {taskinstance.py:1824} ERROR - Task failed with exception
Traceback (most recent call last):
  File "/home/airflow/.local/lib/python3.7/site-packages/airflow/operators/python.py", line 181, in execute
    return_value = self.execute_callable()
  File "/home/airflow/.local/lib/python3.7/site-packages/airflow/operators/python.py", line 198, in execute_callable
    return self.python_callable(*self.op_args, **self.op_kwargs)
  File "/opt/airflow/scripts/db_config.py", line 35, in wrapper
    result = func(connection, *args, **kwargs)  # fetch_teams_data(_connection)
TypeError: insert_teams() got an unexpected keyword argument 'conf'
[2025-10-07T18:48:18.912+0000] {taskinstance.py:1350} INFO - Marking task as UP_FOR_RETRY. dag_id=fpl_etl_pipeline, task_id=insert_teams_data, execution_date=20251007T184809, start_date=20251007T184818, end_date=20251007T184818
[2025-10-07T18:48:18.930+0000] {standard_task_runner.py:109} ERROR - Failed to execute job 116 for task insert_teams_data (insert_teams() got an unexpected keyword argument 'conf'; 5670)
[2025-10-07T18:48:18.953+0000] {local_task_job_runner.py:225} INFO - Task exited with return code 1
[2025-10-07T18:48:18.982+0000] {taskinstance.py:2653} INFO - 0 downstream tasks scheduled from follow-on schedule check
