[2025-10-30T12:34:26.175+0000] {taskinstance.py:1103} INFO - Dependencies all met for dep_context=non-requeueable deps ti=<TaskInstance: fpl_teams_history_etl.fetch_teams_history_task manual__2025-10-30T12:34:23.334368+00:00 map_index=4 [queued]>
[2025-10-30T12:34:26.192+0000] {taskinstance.py:1103} INFO - Dependencies all met for dep_context=requeueable deps ti=<TaskInstance: fpl_teams_history_etl.fetch_teams_history_task manual__2025-10-30T12:34:23.334368+00:00 map_index=4 [queued]>
[2025-10-30T12:34:26.193+0000] {taskinstance.py:1308} INFO - Starting attempt 1 of 2
[2025-10-30T12:34:26.237+0000] {taskinstance.py:1327} INFO - Executing <Mapped(_PythonDecoratedOperator): fetch_teams_history_task> on 2025-10-30 12:34:23.334368+00:00
[2025-10-30T12:34:26.248+0000] {standard_task_runner.py:57} INFO - Started process 5506 to run task
[2025-10-30T12:34:26.262+0000] {standard_task_runner.py:84} INFO - Running: ['airflow', 'tasks', 'run', 'fpl_teams_history_etl', 'fetch_teams_history_task', 'manual__2025-10-30T12:34:23.334368+00:00', '--job-id', '2467', '--raw', '--subdir', 'DAGS_FOLDER/fpl_teams_history_etl.py', '--cfg-path', '/tmp/tmpek_d3qkm', '--map-index', '4']
[2025-10-30T12:34:26.264+0000] {standard_task_runner.py:85} INFO - Job 2467: Subtask fetch_teams_history_task
[2025-10-30T12:34:26.464+0000] {task_command.py:410} INFO - Running <TaskInstance: fpl_teams_history_etl.fetch_teams_history_task manual__2025-10-30T12:34:23.334368+00:00 map_index=4 [running]> on host 9cff18210c47
[2025-10-30T12:34:26.768+0000] {taskinstance.py:1547} INFO - Exporting env vars: AIRFLOW_CTX_DAG_OWNER='richardilemon' AIRFLOW_CTX_DAG_ID='fpl_teams_history_etl' AIRFLOW_CTX_TASK_ID='fetch_teams_history_task' AIRFLOW_CTX_EXECUTION_DATE='2025-10-30T12:34:23.334368+00:00' AIRFLOW_CTX_TRY_NUMBER='1' AIRFLOW_CTX_DAG_RUN_ID='manual__2025-10-30T12:34:23.334368+00:00'
[2025-10-30T12:34:26.775+0000] {taskinstance.py:1824} ERROR - Task failed with exception
Traceback (most recent call last):
  File "/home/airflow/.local/lib/python3.7/site-packages/airflow/decorators/base.py", line 220, in execute
    return_value = super().execute(context)
  File "/home/airflow/.local/lib/python3.7/site-packages/airflow/operators/python.py", line 181, in execute
    return_value = self.execute_callable()
  File "/home/airflow/.local/lib/python3.7/site-packages/airflow/operators/python.py", line 198, in execute_callable
    return self.python_callable(*self.op_args, **self.op_kwargs)
  File "/opt/airflow/dags/fpl_teams_history_etl.py", line 56, in fetch_teams_history_task
    return fetch_data_from_api(season, category=None, endpoint=Variable.get("FPL_TEAMS_DATAPATH"), player_folder=None)
NameError: name 'Variable' is not defined
[2025-10-30T12:34:26.812+0000] {taskinstance.py:1350} INFO - Marking task as UP_FOR_RETRY. dag_id=fpl_teams_history_etl, task_id=fetch_teams_history_task, map_index=4, execution_date=20251030T123423, start_date=20251030T123426, end_date=20251030T123426
[2025-10-30T12:34:26.842+0000] {standard_task_runner.py:109} ERROR - Failed to execute job 2467 for task fetch_teams_history_task (name 'Variable' is not defined; 5506)
[2025-10-30T12:34:26.878+0000] {local_task_job_runner.py:225} INFO - Task exited with return code 1
[2025-10-30T12:34:26.980+0000] {taskinstance.py:2653} INFO - 0 downstream tasks scheduled from follow-on schedule check
