[2025-10-25T22:18:57.459+0000] {taskinstance.py:1103} INFO - Dependencies all met for dep_context=non-requeueable deps ti=<TaskInstance: fpl_teams_etl.fetch_teams_task manual__2025-10-25T22:18:55.704311+00:00 [queued]>
[2025-10-25T22:18:57.478+0000] {taskinstance.py:1103} INFO - Dependencies all met for dep_context=requeueable deps ti=<TaskInstance: fpl_teams_etl.fetch_teams_task manual__2025-10-25T22:18:55.704311+00:00 [queued]>
[2025-10-25T22:18:57.479+0000] {taskinstance.py:1308} INFO - Starting attempt 1 of 2
[2025-10-25T22:18:57.529+0000] {taskinstance.py:1327} INFO - Executing <Task(_PythonDecoratedOperator): fetch_teams_task> on 2025-10-25 22:18:55.704311+00:00
[2025-10-25T22:18:57.535+0000] {standard_task_runner.py:57} INFO - Started process 7347 to run task
[2025-10-25T22:18:57.542+0000] {standard_task_runner.py:84} INFO - Running: ['airflow', 'tasks', 'run', 'fpl_teams_etl', 'fetch_teams_task', 'manual__2025-10-25T22:18:55.704311+00:00', '--job-id', '6527', '--raw', '--subdir', 'DAGS_FOLDER/fpl_teams_dag.py', '--cfg-path', '/tmp/tmpctzqhi5r']
[2025-10-25T22:18:57.546+0000] {standard_task_runner.py:85} INFO - Job 6527: Subtask fetch_teams_task
[2025-10-25T22:18:57.833+0000] {task_command.py:410} INFO - Running <TaskInstance: fpl_teams_etl.fetch_teams_task manual__2025-10-25T22:18:55.704311+00:00 [running]> on host 754e4af34fcd
[2025-10-25T22:18:57.975+0000] {taskinstance.py:1547} INFO - Exporting env vars: AIRFLOW_CTX_DAG_OWNER='richardilemon' AIRFLOW_CTX_DAG_ID='fpl_teams_etl' AIRFLOW_CTX_TASK_ID='fetch_teams_task' AIRFLOW_CTX_EXECUTION_DATE='2025-10-25T22:18:55.704311+00:00' AIRFLOW_CTX_TRY_NUMBER='1' AIRFLOW_CTX_DAG_RUN_ID='manual__2025-10-25T22:18:55.704311+00:00'
[2025-10-25T22:18:57.977+0000] {taskinstance.py:1824} ERROR - Task failed with exception
Traceback (most recent call last):
  File "/home/airflow/.local/lib/python3.7/site-packages/airflow/decorators/base.py", line 220, in execute
    return_value = super().execute(context)
  File "/home/airflow/.local/lib/python3.7/site-packages/airflow/operators/python.py", line 181, in execute
    return_value = self.execute_callable()
  File "/home/airflow/.local/lib/python3.7/site-packages/airflow/operators/python.py", line 198, in execute_callable
    return self.python_callable(*self.op_args, **self.op_kwargs)
  File "/opt/airflow/dags/fpl_teams_dag.py", line 92, in fetch_teams_task
    teams = fetch_api_data(season, category)
TypeError: 'module' object is not callable
[2025-10-25T22:18:57.996+0000] {taskinstance.py:1350} INFO - Marking task as UP_FOR_RETRY. dag_id=fpl_teams_etl, task_id=fetch_teams_task, execution_date=20251025T221855, start_date=20251025T221857, end_date=20251025T221857
[2025-10-25T22:18:58.016+0000] {standard_task_runner.py:109} ERROR - Failed to execute job 6527 for task fetch_teams_task ('module' object is not callable; 7347)
[2025-10-25T22:18:58.075+0000] {local_task_job_runner.py:225} INFO - Task exited with return code 1
[2025-10-25T22:18:58.263+0000] {taskinstance.py:2653} INFO - 0 downstream tasks scheduled from follow-on schedule check
