[2025-10-07T17:17:14.989+0000] {taskinstance.py:1103} INFO - Dependencies all met for dep_context=non-requeueable deps ti=<TaskInstance: fpl_etl_pipeline.insert_teams_data manual__2025-10-07T17:17:07.802993+00:00 [queued]>
[2025-10-07T17:17:15.010+0000] {taskinstance.py:1103} INFO - Dependencies all met for dep_context=requeueable deps ti=<TaskInstance: fpl_etl_pipeline.insert_teams_data manual__2025-10-07T17:17:07.802993+00:00 [queued]>
[2025-10-07T17:17:15.011+0000] {taskinstance.py:1308} INFO - Starting attempt 1 of 2
[2025-10-07T17:17:15.040+0000] {taskinstance.py:1327} INFO - Executing <Task(PythonOperator): insert_teams_data> on 2025-10-07 17:17:07.802993+00:00
[2025-10-07T17:17:15.046+0000] {standard_task_runner.py:57} INFO - Started process 3373 to run task
[2025-10-07T17:17:15.051+0000] {standard_task_runner.py:84} INFO - Running: ['airflow', 'tasks', 'run', 'fpl_etl_pipeline', 'insert_teams_data', 'manual__2025-10-07T17:17:07.802993+00:00', '--job-id', '109', '--raw', '--subdir', 'DAGS_FOLDER/fpl_etl_pipeline.py', '--cfg-path', '/tmp/tmp6k8bv2l7']
[2025-10-07T17:17:15.055+0000] {standard_task_runner.py:85} INFO - Job 109: Subtask insert_teams_data
[2025-10-07T17:17:15.129+0000] {task_command.py:410} INFO - Running <TaskInstance: fpl_etl_pipeline.insert_teams_data manual__2025-10-07T17:17:07.802993+00:00 [running]> on host f44e38d8e384
[2025-10-07T17:17:15.262+0000] {taskinstance.py:1547} INFO - Exporting env vars: AIRFLOW_CTX_DAG_OWNER='richardilemon' AIRFLOW_CTX_DAG_ID='fpl_etl_pipeline' AIRFLOW_CTX_TASK_ID='insert_teams_data' AIRFLOW_CTX_EXECUTION_DATE='2025-10-07T17:17:07.802993+00:00' AIRFLOW_CTX_TRY_NUMBER='1' AIRFLOW_CTX_DAG_RUN_ID='manual__2025-10-07T17:17:07.802993+00:00'
[2025-10-07T17:17:15.264+0000] {taskinstance.py:1824} ERROR - Task failed with exception
Traceback (most recent call last):
  File "/home/airflow/.local/lib/python3.7/site-packages/airflow/operators/python.py", line 179, in execute
    self.op_kwargs = self.determine_kwargs(context)
  File "/home/airflow/.local/lib/python3.7/site-packages/airflow/operators/python.py", line 190, in determine_kwargs
    return KeywordParameters.determine(self.python_callable, self.op_args, context).unpacking()
  File "/home/airflow/.local/lib/python3.7/site-packages/airflow/utils/operator_helpers.py", line 161, in determine
    raise ValueError(f"The key {name!r} in args is a part of kwargs and therefore reserved.")
ValueError: The key 'conn' in args is a part of kwargs and therefore reserved.
[2025-10-07T17:17:15.279+0000] {taskinstance.py:1350} INFO - Marking task as UP_FOR_RETRY. dag_id=fpl_etl_pipeline, task_id=insert_teams_data, execution_date=20251007T171707, start_date=20251007T171714, end_date=20251007T171715
[2025-10-07T17:17:15.297+0000] {standard_task_runner.py:109} ERROR - Failed to execute job 109 for task insert_teams_data (The key 'conn' in args is a part of kwargs and therefore reserved.; 3373)
[2025-10-07T17:17:15.344+0000] {local_task_job_runner.py:225} INFO - Task exited with return code 1
[2025-10-07T17:17:15.380+0000] {taskinstance.py:2653} INFO - 0 downstream tasks scheduled from follow-on schedule check
