[2025-10-29T09:15:15.536+0000] {taskinstance.py:1103} INFO - Dependencies all met for dep_context=non-requeueable deps ti=<TaskInstance: fpl_gameweeks_etl.fetch_players_gw_task manual__2025-10-29T09:14:44.646155+00:00 map_index=3 [queued]>
[2025-10-29T09:15:15.576+0000] {taskinstance.py:1103} INFO - Dependencies all met for dep_context=requeueable deps ti=<TaskInstance: fpl_gameweeks_etl.fetch_players_gw_task manual__2025-10-29T09:14:44.646155+00:00 map_index=3 [queued]>
[2025-10-29T09:15:15.577+0000] {taskinstance.py:1308} INFO - Starting attempt 1 of 2
[2025-10-29T09:15:15.990+0000] {taskinstance.py:1327} INFO - Executing <Mapped(_PythonDecoratedOperator): fetch_players_gw_task> on 2025-10-29 09:14:44.646155+00:00
[2025-10-29T09:15:16.000+0000] {standard_task_runner.py:57} INFO - Started process 7370 to run task
[2025-10-29T09:15:16.014+0000] {standard_task_runner.py:84} INFO - Running: ['airflow', 'tasks', 'run', 'fpl_gameweeks_etl', 'fetch_players_gw_task', 'manual__2025-10-29T09:14:44.646155+00:00', '--job-id', '723', '--raw', '--subdir', 'DAGS_FOLDER/fpl_gameweeks_dag.py', '--cfg-path', '/tmp/tmp1big_hbm', '--map-index', '3']
[2025-10-29T09:15:16.022+0000] {standard_task_runner.py:85} INFO - Job 723: Subtask fetch_players_gw_task
[2025-10-29T09:15:16.188+0000] {task_command.py:410} INFO - Running <TaskInstance: fpl_gameweeks_etl.fetch_players_gw_task manual__2025-10-29T09:14:44.646155+00:00 map_index=3 [running]> on host dede24b5451e
[2025-10-29T09:15:16.500+0000] {taskinstance.py:1547} INFO - Exporting env vars: AIRFLOW_CTX_DAG_OWNER='richardilemon' AIRFLOW_CTX_DAG_ID='fpl_gameweeks_etl' AIRFLOW_CTX_TASK_ID='fetch_players_gw_task' AIRFLOW_CTX_EXECUTION_DATE='2025-10-29T09:14:44.646155+00:00' AIRFLOW_CTX_TRY_NUMBER='1' AIRFLOW_CTX_DAG_RUN_ID='manual__2025-10-29T09:14:44.646155+00:00'
[2025-10-29T09:15:17.291+0000] {fetch_api_data.py:97} WARNING - Failed to fetch data for Petr_Cech_1: 404
[2025-10-29T09:15:18.633+0000] {fetch_api_data.py:97} WARNING - Failed to fetch data for Bernd_Leno_2: 404
[2025-10-29T09:15:19.291+0000] {fetch_api_data.py:97} WARNING - Failed to fetch data for Laurent_Koscielny_3: 404
[2025-10-29T09:15:19.890+0000] {fetch_api_data.py:97} WARNING - Failed to fetch data for Héctor_Bellerín_4: 404
[2025-10-29T09:15:20.564+0000] {fetch_api_data.py:97} WARNING - Failed to fetch data for Nacho_Monreal_5: 404
[2025-10-29T09:15:21.216+0000] {fetch_api_data.py:97} WARNING - Failed to fetch data for Rob_Holding_6: 404
[2025-10-29T09:15:21.820+0000] {fetch_api_data.py:97} WARNING - Failed to fetch data for Shkodran_Mustafi_7: 404
[2025-10-29T09:15:22.417+0000] {fetch_api_data.py:97} WARNING - Failed to fetch data for Sead_Kolasinac_8: 404
[2025-10-29T09:15:23.057+0000] {fetch_api_data.py:97} WARNING - Failed to fetch data for Konstantinos_Mavropanos_10: 404
[2025-10-29T09:15:23.725+0000] {fetch_api_data.py:97} WARNING - Failed to fetch data for Stephan_Lichtsteiner_11: 404
[2025-10-29T09:15:24.746+0000] {fetch_api_data.py:97} WARNING - Failed to fetch data for Sokratis_Papastathopoulos_12: 404
[2025-10-29T09:15:25.402+0000] {fetch_api_data.py:97} WARNING - Failed to fetch data for Mesut_Özil_13: 404
[2025-10-29T09:15:26.024+0000] {fetch_api_data.py:97} WARNING - Failed to fetch data for Aaron_Ramsey_14: 404
[2025-10-29T09:15:26.747+0000] {fetch_api_data.py:97} WARNING - Failed to fetch data for Alex_Iwobi_15: 404
[2025-10-29T09:15:27.421+0000] {fetch_api_data.py:97} WARNING - Failed to fetch data for Mohamed_Elneny_16: 404
[2025-10-29T09:15:28.051+0000] {fetch_api_data.py:97} WARNING - Failed to fetch data for Granit_Xhaka_17: 404
[2025-10-29T09:15:28.724+0000] {fetch_api_data.py:97} WARNING - Failed to fetch data for Henrikh_Mkhitaryan_18: 404
[2025-10-29T09:15:29.969+0000] {fetch_api_data.py:97} WARNING - Failed to fetch data for Reiss_Nelson_19: 404
[2025-10-29T09:15:30.948+0000] {fetch_api_data.py:97} WARNING - Failed to fetch data for Ainsley_Maitland-Niles_20: 404
[2025-10-29T09:15:31.821+0000] {fetch_api_data.py:97} WARNING - Failed to fetch data for Danny_Welbeck_21: 404
[2025-10-29T09:15:32.442+0000] {fetch_api_data.py:97} WARNING - Failed to fetch data for Alexandre_Lacazette_22: 404
[2025-10-29T09:15:33.265+0000] {fetch_api_data.py:97} WARNING - Failed to fetch data for Pierre-Emerick_Aubameyang_23: 404
[2025-10-29T09:15:33.840+0000] {fetch_api_data.py:97} WARNING - Failed to fetch data for Lucas_Torreira_450: 404
[2025-10-29T09:15:34.430+0000] {fetch_api_data.py:97} WARNING - Failed to fetch data for Matteo_Guendouzi_451: 404
[2025-10-29T09:15:35.021+0000] {fetch_api_data.py:97} WARNING - Failed to fetch data for Emiliano_Martínez_542: 404
[2025-10-29T09:15:35.676+0000] {fetch_api_data.py:97} WARNING - Failed to fetch data for Emile_Smith-Rowe_545: 404
[2025-10-29T09:15:36.491+0000] {fetch_api_data.py:97} WARNING - Failed to fetch data for Zech_Medley_546: 404
[2025-10-29T09:15:37.132+0000] {fetch_api_data.py:97} WARNING - Failed to fetch data for Edward_Nketiah_552: 404
[2025-10-29T09:15:37.733+0000] {fetch_api_data.py:97} WARNING - Failed to fetch data for Bukayo_Saka_563: 404
[2025-10-29T09:15:38.317+0000] {fetch_api_data.py:97} WARNING - Failed to fetch data for Joseph_Willock_566: 404
[2025-10-29T09:15:38.914+0000] {fetch_api_data.py:97} WARNING - Failed to fetch data for Carl_Jenkinson_581: 404
[2025-10-29T09:15:39.521+0000] {fetch_api_data.py:97} WARNING - Failed to fetch data for Denis_Suárez_586: 404
[2025-10-29T09:15:40.139+0000] {fetch_api_data.py:97} WARNING - Failed to fetch data for Asmir_Begovic_24: 404
[2025-10-29T09:15:40.770+0000] {fetch_api_data.py:97} WARNING - Failed to fetch data for Artur_Boruc_25: 404
[2025-10-29T09:15:41.382+0000] {fetch_api_data.py:97} WARNING - Failed to fetch data for Simon_Francis_26: 404
[2025-10-29T09:15:42.030+0000] {fetch_api_data.py:97} WARNING - Failed to fetch data for Steve_Cook_27: 404
[2025-10-29T09:15:42.873+0000] {fetch_api_data.py:97} WARNING - Failed to fetch data for Charlie_Daniels_28: 404
[2025-10-29T09:15:43.507+0000] {fetch_api_data.py:97} WARNING - Failed to fetch data for Adam_Smith_29: 404
[2025-10-29T09:15:44.180+0000] {fetch_api_data.py:97} WARNING - Failed to fetch data for Tyrone_Mings_30: 404
[2025-10-29T09:15:44.857+0000] {fetch_api_data.py:97} WARNING - Failed to fetch data for Nathan_Aké_31: 404
[2025-10-29T09:15:45.547+0000] {fetch_api_data.py:97} WARNING - Failed to fetch data for Jack_Simpson_32: 404
[2025-10-29T09:15:46.234+0000] {fetch_api_data.py:97} WARNING - Failed to fetch data for Marc_Pugh_34: 404
[2025-10-29T09:15:46.812+0000] {fetch_api_data.py:97} WARNING - Failed to fetch data for Andrew_Surman_35: 404
[2025-10-29T09:15:47.426+0000] {fetch_api_data.py:97} WARNING - Failed to fetch data for Junior_Stanislas_36: 404
[2025-10-29T09:15:48.018+0000] {fetch_api_data.py:97} WARNING - Failed to fetch data for Dan_Gosling_37: 404
[2025-10-29T09:15:48.605+0000] {fetch_api_data.py:97} WARNING - Failed to fetch data for Jordon_Ibe_38: 404
[2025-10-29T09:15:49.193+0000] {fetch_api_data.py:97} WARNING - Failed to fetch data for Lewis_Cook_39: 404
[2025-10-29T09:15:49.800+0000] {fetch_api_data.py:97} WARNING - Failed to fetch data for Ryan_Fraser_40: 404
[2025-10-29T09:15:50.668+0000] {fetch_api_data.py:97} WARNING - Failed to fetch data for Emerson_Hyndman_41: 404
[2025-10-29T09:15:51.249+0000] {fetch_api_data.py:97} WARNING - Failed to fetch data for David_Brooks_42: 404
[2025-10-29T09:15:51.828+0000] {fetch_api_data.py:97} WARNING - Failed to fetch data for Callum_Wilson_43: 404
[2025-10-29T09:15:52.497+0000] {fetch_api_data.py:97} WARNING - Failed to fetch data for Lys_Mousset_44: 404
[2025-10-29T09:15:53.130+0000] {fetch_api_data.py:97} WARNING - Failed to fetch data for Joshua_King_45: 404
[2025-10-29T09:15:53.773+0000] {fetch_api_data.py:97} WARNING - Failed to fetch data for Jermain_Defoe_46: 404
[2025-10-29T09:15:54.582+0000] {fetch_api_data.py:97} WARNING - Failed to fetch data for Nathaniel_Clyne_241: 404
[2025-10-29T09:15:55.280+0000] {fetch_api_data.py:97} WARNING - Failed to fetch data for Dominic_Solanke_259: 404
[2025-10-29T09:15:58.501+0000] {fetch_api_data.py:97} WARNING - Failed to fetch data for Diego_Rico_473: 404
[2025-10-29T09:16:05.524+0000] {fetch_api_data.py:97} WARNING - Failed to fetch data for Jefferson_Lerma_494: 404
[2025-10-29T09:16:12.345+0000] {fetch_api_data.py:97} WARNING - Failed to fetch data for Chris_Mepham_580: 404
[2025-10-29T09:16:13.211+0000] {fetch_api_data.py:97} WARNING - Failed to fetch data for Sam_Surridge_599: 404
[2025-10-29T09:16:13.986+0000] {fetch_api_data.py:97} WARNING - Failed to fetch data for Kyle_Taylor_600: 404
[2025-10-29T09:16:14.764+0000] {fetch_api_data.py:97} WARNING - Failed to fetch data for Nnamdi_Ofoborh_613: 404
[2025-10-29T09:16:15.447+0000] {fetch_api_data.py:97} WARNING - Failed to fetch data for Mark_Travers_616: 404
[2025-10-29T09:16:16.057+0000] {fetch_api_data.py:97} WARNING - Failed to fetch data for Matt_Butcher_620: 404
[2025-10-29T09:16:16.655+0000] {fetch_api_data.py:97} WARNING - Failed to fetch data for Mathew_Ryan_47: 404
[2025-10-29T09:16:17.259+0000] {fetch_api_data.py:97} WARNING - Failed to fetch data for Lewis_Dunk_48: 404
[2025-10-29T09:16:17.868+0000] {fetch_api_data.py:97} WARNING - Failed to fetch data for Shane_Duffy_49: 404
[2025-10-29T09:16:18.479+0000] {fetch_api_data.py:97} WARNING - Failed to fetch data for Bruno_Saltor Grau_50: 404
[2025-10-29T09:16:19.109+0000] {fetch_api_data.py:97} WARNING - Failed to fetch data for Gaëtan_Bong_51: 404
[2025-10-29T09:16:19.700+0000] {fetch_api_data.py:97} WARNING - Failed to fetch data for Markus_Suttner_52: 404
[2025-10-29T09:16:20.417+0000] {fetch_api_data.py:97} WARNING - Failed to fetch data for Ezequiel_Schelotto_53: 404
[2025-10-29T09:16:21.053+0000] {fetch_api_data.py:97} WARNING - Failed to fetch data for Leon_Balogun_54: 404
[2025-10-29T09:16:22.895+0000] {fetch_api_data.py:97} WARNING - Failed to fetch data for Anthony_Knockaert_55: 404
[2025-10-29T09:16:30.051+0000] {fetch_api_data.py:97} WARNING - Failed to fetch data for Dale_Stephens_56: 404
[2025-10-29T09:16:34.423+0000] {fetch_api_data.py:97} WARNING - Failed to fetch data for Beram_Kayal_57: 404
[2025-10-29T09:16:35.483+0000] {fetch_api_data.py:97} WARNING - Failed to fetch data for Solomon_March_58: 404
[2025-10-29T09:16:36.418+0000] {fetch_api_data.py:97} WARNING - Failed to fetch data for Pascal_Groß_59: 404
[2025-10-29T09:16:37.338+0000] {fetch_api_data.py:97} WARNING - Failed to fetch data for Davy_Pröpper_60: 404
[2025-10-29T09:16:38.274+0000] {fetch_api_data.py:97} WARNING - Failed to fetch data for José Heriberto_Izquierdo Mena_61: 404
[2025-10-29T09:16:38.907+0000] {fetch_api_data.py:97} WARNING - Failed to fetch data for Glenn_Murray_62: 404
[2025-10-29T09:16:39.583+0000] {fetch_api_data.py:97} WARNING - Failed to fetch data for Tomer_Hemed_63: 404
[2025-10-29T09:16:40.439+0000] {fetch_api_data.py:97} WARNING - Failed to fetch data for Sam_Baldock_64: 404
[2025-10-29T09:16:41.115+0000] {fetch_api_data.py:97} WARNING - Failed to fetch data for Jürgen_Locadia_65: 404
[2025-10-29T09:16:42.066+0000] {fetch_api_data.py:97} WARNING - Failed to fetch data for Florin_Andone_66: 404
[2025-10-29T09:16:43.186+0000] {fetch_api_data.py:97} WARNING - Failed to fetch data for David_Button_179: 404
[2025-10-29T09:16:44.019+0000] {fetch_api_data.py:97} WARNING - Failed to fetch data for Jason_Steele_439: 404
[2025-10-29T09:16:44.626+0000] {fetch_api_data.py:97} WARNING - Failed to fetch data for Bernardo_Fernandes da Silva Junior_440: 404
[2025-10-29T09:16:45.273+0000] {fetch_api_data.py:97} WARNING - Failed to fetch data for Yves_Bissouma_466: 404
[2025-10-29T09:16:46.599+0000] {fetch_api_data.py:97} WARNING - Failed to fetch data for Alireza_Jahanbakhsh_476: 404
[2025-10-29T09:16:47.218+0000] {fetch_api_data.py:97} WARNING - Failed to fetch data for Martín_Montoya_503: 404
[2025-10-29T09:16:48.223+0000] {fetch_api_data.py:97} WARNING - Failed to fetch data for Viktor_Gyokeres_551: 404
[2025-10-29T09:16:49.002+0000] {fetch_api_data.py:97} WARNING - Failed to fetch data for Ben_White_559: 404
[2025-10-29T09:16:49.666+0000] {fetch_api_data.py:97} WARNING - Failed to fetch data for Max_Sanders_572: 404
[2025-10-29T09:16:50.261+0000] {fetch_api_data.py:97} WARNING - Failed to fetch data for Dan_Burn_582: 404
[2025-10-29T09:16:51.076+0000] {fetch_api_data.py:97} WARNING - Failed to fetch data for Jayson_Molumby_617: 404
[2025-10-29T09:16:51.775+0000] {fetch_api_data.py:97} WARNING - Failed to fetch data for Tom_Heaton_67: 404
[2025-10-29T09:16:52.546+0000] {fetch_api_data.py:97} WARNING - Failed to fetch data for Nick_Pope_68: 404
[2025-10-29T09:16:53.331+0000] {fetch_api_data.py:97} WARNING - Failed to fetch data for Matthew_Lowton_69: 404
[2025-10-29T09:16:53.949+0000] {fetch_api_data.py:97} WARNING - Failed to fetch data for Ben_Mee_70: 404
[2025-10-29T09:16:54.547+0000] {fetch_api_data.py:97} WARNING - Failed to fetch data for Stephen_Ward_71: 404
[2025-10-29T09:16:55.130+0000] {fetch_api_data.py:97} WARNING - Failed to fetch data for James_Tarkowski_72: 404
[2025-10-29T09:16:55.695+0000] {fetch_api_data.py:97} WARNING - Failed to fetch data for Kevin_Long_73: 404
[2025-10-29T09:16:56.344+0000] {fetch_api_data.py:97} WARNING - Failed to fetch data for Charlie_Taylor_74: 404
[2025-10-29T09:16:56.955+0000] {fetch_api_data.py:97} WARNING - Failed to fetch data for Phil_Bardsley_75: 404
[2025-10-29T09:16:57.608+0000] {fetch_api_data.py:97} WARNING - Failed to fetch data for Johann Berg_Gudmundsson_76: 404
[2025-10-29T09:16:58.187+0000] {fetch_api_data.py:97} WARNING - Failed to fetch data for Steven_Defour_77: 404
[2025-10-29T09:16:58.765+0000] {fetch_api_data.py:97} WARNING - Failed to fetch data for Jeff_Hendrick_78: 404
[2025-10-29T09:16:59.465+0000] {fetch_api_data.py:97} WARNING - Failed to fetch data for Robbie_Brady_79: 404
[2025-10-29T09:17:00.103+0000] {fetch_api_data.py:97} WARNING - Failed to fetch data for Ashley_Westwood_80: 404
[2025-10-29T09:17:00.651+0000] {fetch_api_data.py:97} WARNING - Failed to fetch data for Jonathan_Walters_81: 404
[2025-10-29T09:17:01.265+0000] {fetch_api_data.py:97} WARNING - Failed to fetch data for Jack_Cork_82: 404
[2025-10-29T09:17:01.910+0000] {fetch_api_data.py:97} WARNING - Failed to fetch data for Aaron_Lennon_83: 404
[2025-10-29T09:17:02.560+0000] {fetch_api_data.py:97} WARNING - Failed to fetch data for Sam_Vokes_84: 404
[2025-10-29T09:17:03.210+0000] {fetch_api_data.py:97} WARNING - Failed to fetch data for Ashley_Barnes_85: 404
[2025-10-29T09:17:03.901+0000] {fetch_api_data.py:97} WARNING - Failed to fetch data for Nahki_Wells_86: 404
[2025-10-29T09:17:04.790+0000] {fetch_api_data.py:97} WARNING - Failed to fetch data for Chris_Wood_87: 404
[2025-10-29T09:17:05.474+0000] {fetch_api_data.py:97} WARNING - Failed to fetch data for Anders_Lindegaard_485: 404
[2025-10-29T09:17:06.162+0000] {fetch_api_data.py:97} WARNING - Failed to fetch data for Joe_Hart_490: 404
[2025-10-29T09:17:06.862+0000] {fetch_api_data.py:97} WARNING - Failed to fetch data for Ben_Gibson_491: 404
[2025-10-29T09:17:07.560+0000] {fetch_api_data.py:97} WARNING - Failed to fetch data for Matej_Vydra_495: 404
[2025-10-29T09:17:08.357+0000] {fetch_api_data.py:97} WARNING - Failed to fetch data for Dwight_McNeil_534: 404
[2025-10-29T09:17:09.015+0000] {fetch_api_data.py:97} WARNING - Failed to fetch data for Abd-Al-Ali Morakinyo Olaposi_Koiki_564: 404
[2025-10-29T09:17:09.797+0000] {fetch_api_data.py:97} WARNING - Failed to fetch data for Josh_Benson_583: 404
[2025-10-29T09:17:10.515+0000] {fetch_api_data.py:97} WARNING - Failed to fetch data for Peter_Crouch_590: 404
[2025-10-29T09:17:11.159+0000] {fetch_api_data.py:97} WARNING - Failed to fetch data for Anthony_Driscoll-Glennon_615: 404
[2025-10-29T09:17:12.353+0000] {fetch_api_data.py:97} WARNING - Failed to fetch data for Harry_Arter_33: 404
[2025-10-29T09:17:13.569+0000] {fetch_api_data.py:97} WARNING - Failed to fetch data for Neil_Etheridge_88: 404
[2025-10-29T09:17:14.498+0000] {fetch_api_data.py:97} WARNING - Failed to fetch data for Alex_Smithies_89: 404
[2025-10-29T09:17:15.477+0000] {fetch_api_data.py:97} WARNING - Failed to fetch data for Sean_Morrison_90: 404
[2025-10-29T09:17:16.121+0000] {fetch_api_data.py:97} WARNING - Failed to fetch data for Sol_Bamba_91: 404
[2025-10-29T09:17:16.977+0000] {fetch_api_data.py:97} WARNING - Failed to fetch data for Bruno_Ecuele Manga_92: 404
[2025-10-29T09:17:18.377+0000] {fetch_api_data.py:97} WARNING - Failed to fetch data for Matthew_Connolly_93: 404
[2025-10-29T09:17:19.340+0000] {fetch_api_data.py:97} WARNING - Failed to fetch data for Joe_Bennett_94: 404
[2025-10-29T09:17:20.471+0000] {fetch_api_data.py:97} WARNING - Failed to fetch data for Lee_Peltier_95: 404
[2025-10-29T09:17:21.249+0000] {fetch_api_data.py:97} WARNING - Failed to fetch data for Ashley Darel Jazz_Richards_96: 404
[2025-10-29T09:17:21.840+0000] {fetch_api_data.py:97} WARNING - Failed to fetch data for Greg_Halford_97: 404
[2025-10-29T09:17:22.513+0000] {fetch_api_data.py:97} WARNING - Failed to fetch data for Joe_Ralls_98: 404
[2025-10-29T09:17:23.119+0000] {fetch_api_data.py:97} WARNING - Failed to fetch data for David Junior_Hoilett_99: 404
[2025-10-29T09:17:23.698+0000] {fetch_api_data.py:97} WARNING - Failed to fetch data for Nathaniel_Mendez-Laing_100: 404
[2025-10-29T09:17:24.290+0000] {fetch_api_data.py:97} WARNING - Failed to fetch data for Callum_Paterson_101: 404
[2025-10-29T09:17:24.950+0000] {fetch_api_data.py:97} WARNING - Failed to fetch data for Aron_Gunnarsson_102: 404
[2025-10-29T09:17:25.569+0000] {fetch_api_data.py:97} WARNING - Failed to fetch data for Anthony_Pilkington_103: 404
[2025-10-29T09:17:26.217+0000] {fetch_api_data.py:97} WARNING - Failed to fetch data for Loïc_Damour_104: 404
[2025-10-29T09:17:26.867+0000] {fetch_api_data.py:97} WARNING - Failed to fetch data for Danny_Ward_105: 404
[2025-10-29T09:17:27.473+0000] {fetch_api_data.py:97} WARNING - Failed to fetch data for Josh_Murphy_106: 404
[2025-10-29T09:17:28.236+0000] {fetch_api_data.py:97} WARNING - Failed to fetch data for Kenneth_Zohore_107: 404
[2025-10-29T09:17:29.050+0000] {fetch_api_data.py:97} WARNING - Failed to fetch data for Omar_Bogle_108: 404
[2025-10-29T09:17:30.061+0000] {fetch_api_data.py:97} WARNING - Failed to fetch data for Gary_Madine_109: 404
[2025-10-29T09:17:30.963+0000] {fetch_api_data.py:97} WARNING - Failed to fetch data for Bobby_Reid_110: 404
[2025-10-29T09:17:31.559+0000] {fetch_api_data.py:97} WARNING - Failed to fetch data for Oumar_Niasse_176: 404
[2025-10-29T09:17:32.192+0000] {fetch_api_data.py:97} WARNING - Failed to fetch data for Greg_Cunninghamm_467: 404
[2025-10-29T09:17:32.788+0000] {fetch_api_data.py:97} WARNING - Failed to fetch data for Víctor_Camarasa_504: 404
[2025-10-29T09:17:33.596+0000] {fetch_api_data.py:97} WARNING - Failed to fetch data for Kadeem_Harris_535: 404
[2025-10-29T09:17:34.231+0000] {fetch_api_data.py:97} WARNING - Failed to fetch data for Brian_Murphy_537: 404
[2025-10-29T09:17:34.957+0000] {fetch_api_data.py:97} WARNING - Failed to fetch data for Rhys_Healey_573: 404
[2025-10-29T09:17:35.569+0000] {fetch_api_data.py:97} WARNING - Failed to fetch data for Leandro_Bacuna_589: 404
[2025-10-29T09:17:36.161+0000] {fetch_api_data.py:97} WARNING - Failed to fetch data for Thibaut_Courtois_111: 404
[2025-10-29T09:17:36.808+0000] {fetch_api_data.py:97} WARNING - Failed to fetch data for Willy_Caballero_112: 404
[2025-10-29T09:17:37.456+0000] {fetch_api_data.py:97} WARNING - Failed to fetch data for César_Azpilicueta_113: 404
[2025-10-29T09:17:38.046+0000] {fetch_api_data.py:97} WARNING - Failed to fetch data for Gary_Cahill_114: 404
[2025-10-29T09:17:38.775+0000] {fetch_api_data.py:97} WARNING - Failed to fetch data for Marcos_Alonso_115: 404
[2025-10-29T09:17:39.397+0000] {fetch_api_data.py:97} WARNING - Failed to fetch data for David_Luiz Moreira Marinho_116: 404
[2025-10-29T09:17:39.977+0000] {fetch_api_data.py:97} WARNING - Failed to fetch data for Victor_Moses_117: 404
[2025-10-29T09:17:40.593+0000] {fetch_api_data.py:97} WARNING - Failed to fetch data for Antonio_Rüdiger_118: 404
[2025-10-29T09:17:41.217+0000] {fetch_api_data.py:97} WARNING - Failed to fetch data for Andreas_Christensen_119: 404
[2025-10-29T09:17:41.803+0000] {fetch_api_data.py:97} WARNING - Failed to fetch data for Davide_Zappacosta_120: 404
[2025-10-29T09:17:42.357+0000] {fetch_api_data.py:97} WARNING - Failed to fetch data for Emerson_Palmieri dos Santos_121: 404
[2025-10-29T09:17:42.950+0000] {fetch_api_data.py:97} WARNING - Failed to fetch data for Eden_Hazard_122: 404
[2025-10-29T09:17:43.608+0000] {fetch_api_data.py:97} WARNING - Failed to fetch data for Cesc_Fàbregas_123: 404
[2025-10-29T09:17:44.219+0000] {fetch_api_data.py:97} WARNING - Failed to fetch data for Willian_Borges Da Silva_124: 404
[2025-10-29T09:17:44.913+0000] {fetch_api_data.py:97} WARNING - Failed to fetch data for Pedro_Rodríguez Ledesma_125: 404
[2025-10-29T09:17:45.807+0000] {fetch_api_data.py:97} WARNING - Failed to fetch data for N'Golo_Kanté_126: 404
[2025-10-29T09:17:46.964+0000] {fetch_api_data.py:97} WARNING - Failed to fetch data for Ross_Barkley_127: 404
[2025-10-29T09:17:47.634+0000] {fetch_api_data.py:97} WARNING - Failed to fetch data for Daniel_Drinkwater_128: 404
[2025-10-29T09:17:48.188+0000] {fetch_api_data.py:97} WARNING - Failed to fetch data for Tiemoué_Bakayoko_129: 404
[2025-10-29T09:17:48.862+0000] {fetch_api_data.py:97} WARNING - Failed to fetch data for Ethan_Ampadu_130: 404
[2025-10-29T09:17:49.485+0000] {fetch_api_data.py:97} WARNING - Failed to fetch data for Callum_Hudson-Odoi_131: 404
[2025-10-29T09:17:50.045+0000] {fetch_api_data.py:90} INFO - Players Data --> [OrderedDict([('assists', '0'), ('bonus', '0'), ('bps', '0'), ('clean_sheets', '0'), ('creativity', '0.0'), ('element', '132'), ('fixture', '3'), ('goals_conceded', '0'), ('goals_scored', '0'), ('ict_index', '0.0'), ('influence', '0.0'), ('kickoff_time', '2021-08-14T14:00:00Z'), ('minutes', '0'), ('opponent_team', '7'), ('own_goals', '0'), ('penalties_missed', '0'), ('penalties_saved', '0'), ('red_cards', '0'), ('round', '1'), ('saves', '0'), ('selected', '7043'), ('team_a_score', '0'), ('team_h_score', '3'), ('threat', '0.0'), ('total_points', '0'), ('transfers_balance', '0'), ('transfers_in', '0'), ('transfers_out', '0'), ('value', '55'), ('was_home', 'True'), ('yellow_cards', '0')]), OrderedDict([('assists', '0'), ('bonus', '0'), ('bps', '0'), ('clean_sheets', '0'), ('creativity', '0.0'), ('element', '132'), ('fixture', '18'), ('goals_conceded', '0'), ('goals_scored', '0'), ('ict_index', '0.0'), ('influence', '0.0'), ('kickoff_time', '2021-08-22T15:30:00Z'), ('minutes', '0'), ('opponent_team', '1'), ('own_goals', '0'), ('penalties_missed', '0'), ('penalties_saved', '0'), ('red_cards', '0'), ('round', '2'), ('saves', '0'), ('selected', '6439'), ('team_a_score', '2'), ('team_h_score', '0'), ('threat', '0.0'), ('total_points', '0'), ('transfers_balance', '-1646'), ('transfers_in', '111'), ('transfers_out', '1757'), ('value', '55'), ('was_home', 'False'), ('yellow_cards', '0')]), OrderedDict([('assists', '0'), ('bonus', '0'), ('bps', '0'), ('clean_sheets', '0'), ('creativity', '0.0'), ('element', '132'), ('fixture', '23'), ('goals_conceded', '0'), ('goals_scored', '0'), ('ict_index', '0.0'), ('influence', '0.0'), ('kickoff_time', '2021-08-28T16:30:00Z'), ('minutes', '0'), ('opponent_team', '11'), ('own_goals', '0'), ('penalties_missed', '0'), ('penalties_saved', '0'), ('red_cards', '0'), ('round', '3'), ('saves', '0'), ('selected', '5094'), ('team_a_score', '1'), ('team_h_score', '1'), ('threat', '0.0'), ('total_points', '0'), ('transfers_balance', '-1421'), ('transfers_in', '26'), ('transfers_out', '1447'), ('value', '54'), ('was_home', 'False'), ('yellow_cards', '0')]), OrderedDict([('assists', '0'), ('bonus', '0'), ('bps', '0'), ('clean_sheets', '0'), ('creativity', '0.0'), ('element', '132'), ('fixture', '33'), ('goals_conceded', '0'), ('goals_scored', '0'), ('ict_index', '0.0'), ('influence', '0.0'), ('kickoff_time', '2021-09-11T16:30:00Z'), ('minutes', '0'), ('opponent_team', '2'), ('own_goals', '0'), ('penalties_missed', '0'), ('penalties_saved', '0'), ('red_cards', '0'), ('round', '4'), ('saves', '0'), ('selected', '5008'), ('team_a_score', '0'), ('team_h_score', '3'), ('threat', '0.0'), ('total_points', '0'), ('transfers_balance', '-379'), ('transfers_in', '191'), ('transfers_out', '570'), ('value', '54'), ('was_home', 'True'), ('yellow_cards', '0')]), OrderedDict([('assists', '0'), ('bonus', '0'), ('bps', '0'), ('clean_sheets', '0'), ('creativity', '0.0'), ('element', '132'), ('fixture', '48'), ('goals_conceded', '0'), ('goals_scored', '0'), ('ict_index', '0.0'), ('influence', '0.0'), ('kickoff_time', '2021-09-19T15:30:00Z'), ('minutes', '0'), ('opponent_team', '17'), ('own_goals', '0'), ('penalties_missed', '0'), ('penalties_saved', '0'), ('red_cards', '0'), ('round', '5'), ('saves', '0'), ('selected', '4987'), ('team_a_score', '3'), ('team_h_score', '0'), ('threat', '0.0'), ('total_points', '0'), ('transfers_balance', '-194'), ('transfers_in', '196'), ('transfers_out', '390'), ('value', '54'), ('was_home', 'False'), ('yellow_cards', '0')]), OrderedDict([('assists', '0'), ('bonus', '0'), ('bps', '4'), ('clean_sheets', '0'), ('creativity', '0.8'), ('element', '132'), ('fixture', '53'), ('goals_conceded', '0'), ('goals_scored', '0'), ('ict_index', '0.4'), ('influence', '3.6'), ('kickoff_time', '2021-09-25T11:30:00Z'), ('minutes', '14'), ('opponent_team', '12'), ('own_goals', '0'), ('penalties_missed', '0'), ('penalties_saved', '0'), ('red_cards', '0'), ('round', '6'), ('saves', '0'), ('selected', '4897'), ('team_a_score', '1'), ('team_h_score', '0'), ('threat', '0.0'), ('total_points', '1'), ('transfers_balance', '-209'), ('transfers_in', '161'), ('transfers_out', '370'), ('value', '54'), ('was_home', 'True'), ('yellow_cards', '0')]), OrderedDict([('assists', '1'), ('bonus', '1'), ('bps', '25'), ('clean_sheets', '0'), ('creativity', '21.9'), ('element', '132'), ('fixture', '63'), ('goals_conceded', '1'), ('goals_scored', '0'), ('ict_index', '5.9'), ('influence', '27.6'), ('kickoff_time', '2021-10-02T14:00:00Z'), ('minutes', '82'), ('opponent_team', '16'), ('own_goals', '0'), ('penalties_missed', '0'), ('penalties_saved', '0'), ('red_cards', '0'), ('round', '7'), ('saves', '0'), ('selected', '5392'), ('team_a_score', '1'), ('team_h_score', '3'), ('threat', '9.0'), ('total_points', '6'), ('transfers_balance', '319'), ('transfers_in', '593'), ('transfers_out', '274'), ('value', '54'), ('was_home', 'True'), ('yellow_cards', '0')]), OrderedDict([('assists', '0'), ('bonus', '0'), ('bps', '15'), ('clean_sheets', '1'), ('creativity', '8.8'), ('element', '132'), ('fixture', '73'), ('goals_conceded', '0'), ('goals_scored', '0'), ('ict_index', '3.3'), ('influence', '23.8'), ('kickoff_time', '2021-10-16T16:30:00Z'), ('minutes', '90'), ('opponent_team', '3'), ('own_goals', '0'), ('penalties_missed', '0'), ('penalties_saved', '0'), ('red_cards', '0'), ('round', '8'), ('saves', '0'), ('selected', '7486'), ('team_a_score', '1'), ('team_h_score', '0'), ('threat', '0.0'), ('total_points', '3'), ('transfers_balance', '1652'), ('transfers_in', '2220'), ('transfers_out', '568'), ('value', '54'), ('was_home', 'False'), ('yellow_cards', '0')]), OrderedDict([('assists', '1'), ('bonus', '0'), ('bps', '17'), ('clean_sheets', '0'), ('creativity', '11.4'), ('element', '132'), ('fixture', '84'), ('goals_conceded', '0'), ('goals_scored', '0'), ('ict_index', '5.7'), ('influence', '29.8'), ('kickoff_time', '2021-10-23T11:30:00Z'), ('minutes', '26'), ('opponent_team', '15'), ('own_goals', '0'), ('penalties_missed', '0'), ('penalties_saved', '0'), ('red_cards', '0'), ('round', '9'), ('saves', '0'), ('selected', '12746'), ('team_a_score', '0'), ('team_h_score', '7'), ('threat', '16.0'), ('total_points', '4'), ('transfers_balance', '4862'), ('transfers_in', '6039'), ('transfers_out', '1177'), ('value', '54'), ('was_home', 'True'), ('yellow_cards', '0')]), OrderedDict([('assists', '1'), ('bonus', '0'), ('bps', '11'), ('clean_sheets', '0'), ('creativity', '3.4'), ('element', '132'), ('fixture', '96'), ('goals_conceded', '0'), ('goals_scored', '0'), ('ict_index', '2.7'), ('influence', '5.8'), ('kickoff_time', '2021-10-30T14:00:00Z'), ('minutes', '26'), ('opponent_team', '14'), ('own_goals', '0'), ('penalties_missed', '0'), ('penalties_saved', '0'), ('red_cards', '0'), ('round', '10'), ('saves', '0'), ('selected', '12923'), ('team_a_score', '3'), ('team_h_score', '0'), ('threat', '18.0'), ('total_points', '4'), ('transfers_balance', '161'), ('transfers_in', '3526'), ('transfers_out', '3365'), ('value', '54'), ('was_home', 'False'), ('yellow_cards', '0')]), OrderedDict([('assists', '0'), ('bonus', '0'), ('bps', '1'), ('clean_sheets', '0'), ('creativity', '1.1'), ('element', '132'), ('fixture', '104'), ('goals_conceded', '1'), ('goals_scored', '0'), ('ict_index', '0.5'), ('influence', '2.2'), ('kickoff_time', '2021-11-06T15:00:00Z'), ('minutes', '17'), ('opponent_team', '5'), ('own_goals', '0'), ('penalties_missed', '0'), ('penalties_saved', '0'), ('red_cards', '0'), ('round', '11'), ('saves', '0'), ('selected', '15564'), ('team_a_score', '1'), ('team_h_score', '1'), ('threat', '2.0'), ('total_points', '1'), ('transfers_balance', '2262'), ('transfers_in', '3917'), ('transfers_out', '1655'), ('value', '54'), ('was_home', 'True'), ('yellow_cards', '0')]), OrderedDict([('assists', '0'), ('bonus', '0'), ('bps', '3'), ('clean_sheets', '0'), ('creativity', '0.6'), ('element', '132'), ('fixture', '113'), ('goals_conceded', '0'), ('goals_scored', '0'), ('ict_index', '0.3'), ('influence', '2.8'), ('kickoff_time', '2021-11-20T12:30:00Z'), ('minutes', '13'), ('opponent_team', '9'), ('own_goals', '0'), ('penalties_missed', '0'), ('penalties_saved', '0'), ('red_cards', '0'), ('round', '12'), ('saves', '0'), ('selected', '14785'), ('team_a_score', '3'), ('team_h_score', '0'), ('threat', '0.0'), ('total_points', '1'), ('transfers_balance', '-1021'), ('transfers_in', '1963'), ('transfers_out', '2984'), ('value', '54'), ('was_home', 'False'), ('yellow_cards', '0')]), OrderedDict([('assists', '0'), ('bonus', '0'), ('bps', '10'), ('clean_sheets', '0'), ('creativity', '3.8'), ('element', '132'), ('fixture', '125'), ('goals_conceded', '1'), ('goals_scored', '0'), ('ict_index', '2.5'), ('influence', '4.8'), ('kickoff_time', '2021-11-28T16:30:00Z'), ('minutes', '90'), ('opponent_team', '13'), ('own_goals', '0'), ('penalties_missed', '0'), ('penalties_saved', '0'), ('red_cards', '0'), ('round', '13'), ('saves', '0'), ('selected', '14306'), ('team_a_score', '1'), ('team_h_score', '1'), ('threat', '16.0'), ('total_points', '2'), ('transfers_balance', '-629'), ('transfers_in', '1743'), ('transfers_out', '2372'), ('value', '54'), ('was_home', 'True'), ('yellow_cards', '0')]), OrderedDict([('assists', '0'), ('bonus', '0'), ('bps', '9'), ('clean_sheets', '0'), ('creativity', '16.3'), ('element', '132'), ('fixture', '135'), ('goals_conceded', '1'), ('goals_scored', '0'), ('ict_index', '2.8'), ('influence', '3.6'), ('kickoff_time', '2021-12-01T19:30:00Z'), ('minutes', '90'), ('opponent_team', '18'), ('own_goals', '0'), ('penalties_missed', '0'), ('penalties_saved', '0'), ('red_cards', '0'), ('round', '14'), ('saves', '0'), ('selected', '15747'), ('team_a_score', '2'), ('team_h_score', '1'), ('threat', '8.0'), ('total_points', '2'), ('transfers_balance', '1239'), ('transfers_in', '2437'), ('transfers_out', '1198'), ('value', '54'), ('was_home', 'False'), ('yellow_cards', '0')]), OrderedDict([('assists', '0'), ('bonus', '0'), ('bps', '15'), ('clean_sheets', '0'), ('creativity', '31.3'), ('element', '132'), ('fixture', '149'), ('goals_conceded', '3'), ('goals_scored', '0'), ('ict_index', '8.1'), ('influence', '18.4'), ('kickoff_time', '2021-12-04T12:30:00Z'), ('minutes', '90'), ('opponent_team', '19'), ('own_goals', '0'), ('penalties_missed', '0'), ('penalties_saved', '0'), ('red_cards', '0'), ('round', '15'), ('saves', '0'), ('selected', '15499'), ('team_a_score', '2'), ('team_h_score', '3'), ('threat', '31.0'), ('total_points', '2'), ('transfers_balance', '-377'), ('transfers_in', '1824'), ('transfers_out', '2201'), ('value', '54'), ('was_home', 'False'), ('yellow_cards', '0')]), OrderedDict([('assists', '0'), ('bonus', '0'), ('bps', '10'), ('clean_sheets', '0'), ('creativity', '9.5'), ('element', '132'), ('fixture', '155'), ('goals_conceded', '2'), ('goals_scored', '0'), ('ict_index', '5.5'), ('influence', '16.2'), ('kickoff_time', '2021-12-11T15:00:00Z'), ('minutes', '90'), ('opponent_team', '10'), ('own_goals', '0'), ('penalties_missed', '0'), ('penalties_saved', '0'), ('red_cards', '0'), ('round', '16'), ('saves', '0'), ('selected', '16153'), ('team_a_score', '2'), ('team_h_score', '3'), ('threat', '29.0'), ('total_points', '2'), ('transfers_balance', '383'), ('transfers_in', '2365'), ('transfers_out', '1982'), ('value', '54'), ('was_home', 'True'), ('yellow_cards', '0')]), OrderedDict([('assists', '0'), ('bonus', '0'), ('bps', '10'), ('clean_sheets', '1'), ('creativity', '3.9'), ('element', '132'), ('fixture', '168'), ('goals_conceded', '0'), ('goals_scored', '0'), ('ict_index', '1.5'), ('influence', '2.4'), ('kickoff_time', '2021-12-16T19:45:00Z'), ('minutes', '64'), ('opponent_team', '8'), ('own_goals', '0'), ('penalties_missed', '0'), ('penalties_saved', '0'), ('red_cards', '0'), ('round', '17'), ('saves', '0'), ('selected', '14993'), ('team_a_score', '1'), ('team_h_score', '1'), ('threat', '9.0'), ('total_points', '2'), ('transfers_balance', '-1175'), ('transfers_in', '701'), ('transfers_out', '1876'), ('value', '54'), ('was_home', 'True'), ('yellow_cards', '1')]), OrderedDict([('assists', '0'), ('bonus', '0'), ('bps', '0'), ('clean_sheets', '0'), ('creativity', '0.0'), ('element', '132'), ('fixture', '180'), ('goals_conceded', '0'), ('goals_scored', '0'), ('ict_index', '0.0'), ('influence', '0.0'), ('kickoff_time', '2021-12-19T14:00:00Z'), ('minutes', '0'), ('opponent_team', '20'), ('own_goals', '0'), ('penalties_missed', '0'), ('penalties_saved', '0'), ('red_cards', '0'), ('round', '18'), ('saves', '0'), ('selected', '13856'), ('team_a_score', '0'), ('team_h_score', '0'), ('threat', '0.0'), ('total_points', '0'), ('transfers_balance', '-1133'), ('transfers_in', '615'), ('transfers_out', '1748'), ('value', '54'), ('was_home', 'False'), ('yellow_cards', '0')]), OrderedDict([('assists', '0'), ('bonus', '0'), ('bps', '0'), ('clean_sheets', '0'), ('creativity', '0.0'), ('element', '132'), ('fixture', '181'), ('goals_conceded', '0'), ('goals_scored', '0'), ('ict_index', '0.0'), ('influence', '0.0'), ('kickoff_time', '2021-12-26T17:30:00Z'), ('minutes', '0'), ('opponent_team', '2'), ('own_goals', '0'), ('penalties_missed', '0'), ('penalties_saved', '0'), ('red_cards', '0'), ('round', '19'), ('saves', '0'), ('selected', '11522'), ('team_a_score', '3'), ('team_h_score', '1'), ('threat', '0.0'), ('total_points', '0'), ('transfers_balance', '-2076'), ('transfers_in', '45'), ('transfers_out', '2121'), ('value', '54'), ('was_home', 'False'), ('yellow_cards', '0')]), OrderedDict([('assists', '0'), ('bonus', '0'), ('bps', '0'), ('clean_sheets', '0'), ('creativity', '0.0'), ('element', '132'), ('fixture', '193'), ('goals_conceded', '0'), ('goals_scored', '0'), ('ict_index', '0.0'), ('influence', '0.0'), ('kickoff_time', '2021-12-29T19:30:00Z'), ('minutes', '0'), ('opponent_team', '4'), ('own_goals', '0'), ('penalties_missed', '0'), ('penalties_saved', '0'), ('red_cards', '0'), ('round', '20'), ('saves', '0'), ('selected', '11075'), ('team_a_score', '1'), ('team_h_score', '1'), ('threat', '0.0'), ('total_points', '0'), ('transfers_balance', '-791'), ('transfers_in', '24'), ('transfers_out', '815'), ('value', '54'), ('was_home', 'True'), ('yellow_cards', '0')]), OrderedDict([('assists', '0'), ('bonus', '0'), ('bps', '0'), ('clean_sheets', '0'), ('creativity', '0.0'), ('element', '132'), ('fixture', '203'), ('goals_conceded', '0'), ('goals_scored', '0'), ('ict_index', '0.0'), ('influence', '0.0'), ('kickoff_time', '2022-01-02T16:30:00Z'), ('minutes', '0'), ('opponent_team', '11'), ('own_goals', '0'), ('penalties_missed', '0'), ('penalties_saved', '0'), ('red_cards', '0'), ('round', '21'), ('saves', '0'), ('selected', '10208'), ('team_a_score', '2'), ('team_h_score', '2'), ('threat', '0.0'), ('total_points', '0'), ('transfers_balance', '-938'), ('transfers_in', '28'), ('transfers_out', '966'), ('value', '54'), ('was_home', 'True'), ('yellow_cards', '0')]), OrderedDict([('assists', '0'), ('bonus', '0'), ('bps', '0'), ('clean_sheets', '0'), ('creativity', '0.0'), ('element', '132'), ('fixture', '215'), ('goals_conceded', '0'), ('goals_scored', '0'), ('ict_index', '0.0'), ('influence', '0.0'), ('kickoff_time', '2022-01-15T12:30:00Z'), ('minutes', '0'), ('opponent_team', '12'), ('own_goals', '0'), ('penalties_missed', '0'), ('penalties_saved', '0'), ('red_cards', '0'), ('round', '22'), ('saves', '0'), ('selected', '9863'), ('team_a_score', '0'), ('team_h_score', '1'), ('threat', '0.0'), ('total_points', '0'), ('transfers_balance', '-517'), ('transfers_in', '206'), ('transfers_out', '723'), ('value', '54'), ('was_home', 'False'), ('yellow_cards', '0')]), OrderedDict([('assists', '0'), ('bonus', '0'), ('bps', '0'), ('clean_sheets', '0'), ('creativity', '0.0'), ('element', '132'), ('fixture', '232'), ('goals_conceded', '0'), ('goals_scored', '0'), ('ict_index', '0.0'), ('influence', '0.0'), ('kickoff_time', '2022-01-18T20:00:00Z'), ('minutes', '0'), ('opponent_team', '4'), ('own_goals', '0'), ('penalties_missed', '0'), ('penalties_saved', '0'), ('red_cards', '0'), ('round', '22'), ('saves', '0'), ('selected', '9863'), ('team_a_score', '1'), ('team_h_score', '1'), ('threat', '0.0'), ('total_points', '0'), ('transfers_balance', '-517'), ('transfers_in', '206'), ('transfers_out', '723'), ('value', '54'), ('was_home', 'False'), ('yellow_cards', '0')]), OrderedDict([('assists', '0'), ('bonus', '0'), ('bps', '0'), ('clean_sheets', '0'), ('creativity', '0.0'), ('element', '132'), ('fixture', '223'), ('goals_conceded', '0'), ('goals_scored', '0'), ('ict_index', '0.0'), ('influence', '0.0'), ('kickoff_time', '2022-01-23T16:30:00Z'), ('minutes', '0'), ('opponent_team', '17'), ('own_goals', '0'), ('penalties_missed', '0'), ('penalties_saved', '0'), ('red_cards', '0'), ('round', '23'), ('saves', '0'), ('selected', '9637'), ('team_a_score', '0'), ('team_h_score', '2'), ('threat', '0.0'), ('total_points', '0'), ('transfers_balance', '-293'), ('transfers_in', '85'), ('transfers_out', '378'), ('value', '54'), ('was_home', 'True'), ('yellow_cards', '0')]), OrderedDict([('assists', '0'), ('bonus', '0'), ('bps', '1'), ('clean_sheets', '0'), ('creativity', '0.3'), ('element', '132'), ('fixture', '254'), ('goals_conceded', '0'), ('goals_scored', '0'), ('ict_index', '0.0'), ('influence', '0.0'), ('kickoff_time', '2022-02-19T15:00:00Z'), ('minutes', '16'), ('opponent_team', '7'), ('own_goals', '0'), ('penalties_missed', '0'), ('penalties_saved', '0'), ('red_cards', '0'), ('round', '26'), ('saves', '0'), ('selected', '9186'), ('team_a_score', '1'), ('team_h_score', '0'), ('threat', '0.0'), ('total_points', '1'), ('transfers_balance', '-97'), ('transfers_in', '84'), ('transfers_out', '181'), ('value', '54'), ('was_home', 'False'), ('yellow_cards', '0')]), OrderedDict([('assists', '0'), ('bonus', '0'), ('bps', '0'), ('clean_sheets', '0'), ('creativity', '1.1'), ('element', '132'), ('fixture', '272'), ('goals_conceded', '0'), ('goals_scored', '0'), ('ict_index', '0.3'), ('influence', '1.8'), ('kickoff_time', '2022-03-05T15:00:00Z'), ('minutes', '20'), ('opponent_team', '5'), ('own_goals', '0'), ('penalties_missed', '0'), ('penalties_saved', '0'), ('red_cards', '0'), ('round', '28'), ('saves', '0'), ('selected', '9193'), ('team_a_score', '4'), ('team_h_score', '0'), ('threat', '0.0'), ('total_points', '1'), ('transfers_balance', '-4'), ('transfers_in', '156'), ('transfers_out', '160'), ('value', '54'), ('was_home', 'False'), ('yellow_cards', '0')]), OrderedDict([('assists', '0'), ('bonus', '0'), ('bps', '9'), ('clean_sheets', '0'), ('creativity', '12.9'), ('element', '132'), ('fixture', '297'), ('goals_conceded', '1'), ('goals_scored', '0'), ('ict_index', '2.6'), ('influence', '9.4'), ('kickoff_time', '2022-03-10T19:30:00Z'), ('minutes', '45'), ('opponent_team', '15'), ('own_goals', '0'), ('penalties_missed', '0'), ('penalties_saved', '0'), ('red_cards', '0'), ('round', '28'), ('saves', '0'), ('selected', '9193'), ('team_a_score', '3'), ('team_h_score', '1'), ('threat', '4.0'), ('total_points', '1'), ('transfers_balance', '-4'), ('transfers_in', '156'), ('transfers_out', '160'), ('value', '54'), ('was_home', 'False'), ('yellow_cards', '0')]), OrderedDict([('assists', '0'), ('bonus', '0'), ('bps', '0'), ('clean_sheets', '0'), ('creativity', '0.0'), ('element', '132'), ('fixture', '284'), ('goals_conceded', '0'), ('goals_scored', '0'), ('ict_index', '0.0'), ('influence', '0.0'), ('kickoff_time', '2022-03-13T14:00:00Z'), ('minutes', '0'), ('opponent_team', '14'), ('own_goals', '0'), ('penalties_missed', '0'), ('penalties_saved', '0'), ('red_cards', '0'), ('round', '29'), ('saves', '0'), ('selected', '9126'), ('team_a_score', '0'), ('team_h_score', '1'), ('threat', '0.0'), ('total_points', '0'), ('transfers_balance', '-84'), ('transfers_in', '106'), ('transfers_out', '190'), ('value', '54'), ('was_home', 'True'), ('yellow_cards', '0')]), OrderedDict([('assists', '0'), ('bonus', '0'), ('bps', '15'), ('clean_sheets', '0'), ('creativity', '27.2'), ('element', '132'), ('fixture', '303'), ('goals_conceded', '4'), ('goals_scored', '0'), ('ict_index', '5.7'), ('influence', '18.8'), ('kickoff_time', '2022-04-02T14:00:00Z'), ('minutes', '90'), ('opponent_team', '3'), ('own_goals', '0'), ('penalties_missed', '0'), ('penalties_saved', '0'), ('red_cards', '0'), ('round', '31'), ('saves', '0'), ('selected', '9052'), ('team_a_score', '4'), ('team_h_score', '1'), ('threat', '11.0'), ('total_points', '2'), ('transfers_balance', '-52'), ('transfers_in', '70'), ('transfers_out', '122'), ('value', '54'), ('was_home', 'True'), ('yellow_cards', '0')]), OrderedDict([('assists', '0'), ('bonus', '0'), ('bps', '17'), ('clean_sheets', '1'), ('creativity', '17.6'), ('element', '132'), ('fixture', '319'), ('goals_conceded', '0'), ('goals_scored', '0'), ('ict_index', '6.1'), ('influence', '22.2'), ('kickoff_time', '2022-04-09T14:00:00Z'), ('minutes', '90'), ('opponent_team', '16'), ('own_goals', '0'), ('penalties_missed', '0'), ('penalties_saved', '0'), ('red_cards', '0'), ('round', '32'), ('saves', '0'), ('selected', '9085'), ('team_a_score', '6'), ('team_h_score', '0'), ('threat', '21.0'), ('total_points', '3'), ('transfers_balance', '-5'), ('transfers_in', '66'), ('transfers_out', '71'), ('value', '54'), ('was_home', 'False'), ('yellow_cards', '0')]), OrderedDict([('assists', '0'), ('bonus', '0'), ('bps', '14'), ('clean_sheets', '0'), ('creativity', '19.2'), ('element', '132'), ('fixture', '243'), ('goals_conceded', '4'), ('goals_scored', '0'), ('ict_index', '4.0'), ('influence', '16.6'), ('kickoff_time', '2022-04-20T18:45:00Z'), ('minutes', '90'), ('opponent_team', '1'), ('own_goals', '0'), ('penalties_missed', '0'), ('penalties_saved', '0'), ('red_cards', '0'), ('round', '33'), ('saves', '0'), ('selected', '9276'), ('team_a_score', '4'), ('team_h_score', '2'), ('threat', '4.0'), ('total_points', '2'), ('transfers_balance', '138'), ('transfers_in', '262'), ('transfers_out', '124'), ('value', '54'), ('was_home', 'True'), ('yellow_cards', '0')]), OrderedDict([('assists', '0'), ('bonus', '0'), ('bps', '14'), ('clean_sheets', '1'), ('creativity', '50.2'), ('element', '132'), ('fixture', '335'), ('goals_conceded', '0'), ('goals_scored', '0'), ('ict_index', '8.8'), ('influence', '20.0'), ('kickoff_time', '2022-04-24T13:00:00Z'), ('minutes', '75'), ('opponent_team', '19'), ('own_goals', '0'), ('penalties_missed', '0'), ('penalties_saved', '0'), ('red_cards', '0'), ('round', '34'), ('saves', '0'), ('selected', '16738'), ('team_a_score', '0'), ('team_h_score', '1'), ('threat', '18.0'), ('total_points', '3'), ('transfers_balance', '7175'), ('transfers_in', '7511'), ('transfers_out', '336'), ('value', '54'), ('was_home', 'True'), ('yellow_cards', '0')]), OrderedDict([('assists', '0'), ('bonus', '0'), ('bps', '3'), ('clean_sheets', '0'), ('creativity', '0.3'), ('element', '132'), ('fixture', '364'), ('goals_conceded', '0'), ('goals_scored', '0'), ('ict_index', '0.6'), ('influence', '5.4'), ('kickoff_time', '2022-04-28T18:45:00Z'), ('minutes', '8'), ('opponent_team', '13'), ('own_goals', '0'), ('penalties_missed', '0'), ('penalties_saved', '0'), ('red_cards', '0'), ('round', '34'), ('saves', '0'), ('selected', '16738'), ('team_a_score', '1'), ('team_h_score', '1'), ('threat', '0.0'), ('total_points', '1'), ('transfers_balance', '7175'), ('transfers_in', '7511'), ('transfers_out', '336'), ('value', '54'), ('was_home', 'False'), ('yellow_cards', '0')]), OrderedDict([('assists', '0'), ('bonus', '0'), ('bps', '19'), ('clean_sheets', '0'), ('creativity', '17.3'), ('element', '132'), ('fixture', '342'), ('goals_conceded', '1'), ('goals_scored', '0'), ('ict_index', '5.6'), ('influence', '23.8'), ('kickoff_time', '2022-05-01T13:00:00Z'), ('minutes', '90'), ('opponent_team', '8'), ('own_goals', '0'), ('penalties_missed', '0'), ('penalties_saved', '0'), ('red_cards', '0'), ('round', '35'), ('saves', '0'), ('selected', '15713'), ('team_a_score', '0'), ('team_h_score', '1'), ('threat', '15.0'), ('total_points', '2'), ('transfers_balance', '-874'), ('transfers_in', '859'), ('transfers_out', '1733'), ('value', '54'), ('was_home', 'False'), ('yellow_cards', '0')]), OrderedDict([('assists', '0'), ('bonus', '0'), ('bps', '14'), ('clean_sheets', '0'), ('creativity', '2.9'), ('element', '132'), ('fixture', '355'), ('goals_conceded', '2'), ('goals_scored', '0'), ('ict_index', '2.0'), ('influence', '15.4'), ('kickoff_time', '2022-05-07T14:00:00Z'), ('minutes', '90'), ('opponent_team', '20'), ('own_goals', '0'), ('penalties_missed', '0'), ('penalties_saved', '0'), ('red_cards', '0'), ('round', '36'), ('saves', '0'), ('selected', '16483'), ('team_a_score', '2'), ('team_h_score', '2'), ('threat', '2.0'), ('total_points', '2'), ('transfers_balance', '605'), ('transfers_in', '2123'), ('transfers_out', '1518'), ('value', '54'), ('was_home', 'True'), ('yellow_cards', '0')]), OrderedDict([('assists', '0'), ('bonus', '0'), ('bps', '11'), ('clean_sheets', '1'), ('creativity', '17.0'), ('element', '132'), ('fixture', '323'), ('goals_conceded', '0'), ('goals_scored', '0'), ('ict_index', '2.5'), ('influence', '4.6'), ('kickoff_time', '2022-05-11T18:30:00Z'), ('minutes', '60'), ('opponent_team', '10'), ('own_goals', '0'), ('penalties_missed', '0'), ('penalties_saved', '0'), ('red_cards', '0'), ('round', '36'), ('saves', '0'), ('selected', '16483'), ('team_a_score', '3'), ('team_h_score', '0'), ('threat', '3.0'), ('total_points', '3'), ('transfers_balance', '605'), ('transfers_in', '2123'), ('transfers_out', '1518'), ('value', '54'), ('was_home', 'False'), ('yellow_cards', '0')]), OrderedDict([('assists', '0'), ('bonus', '0'), ('bps', '4'), ('clean_sheets', '0'), ('creativity', '12.3'), ('element', '132'), ('fixture', '264'), ('goals_conceded', '0'), ('goals_scored', '0'), ('ict_index', '1.8'), ('influence', '3.8'), ('kickoff_time', '2022-05-19T19:00:00Z'), ('minutes', '18'), ('opponent_team', '9'), ('own_goals', '0'), ('penalties_missed', '0'), ('penalties_saved', '0'), ('red_cards', '0'), ('round', '37'), ('saves', '0'), ('selected', '14951'), ('team_a_score', '1'), ('team_h_score', '1'), ('threat', '2.0'), ('total_points', '1'), ('transfers_balance', '-1026'), ('transfers_in', '742'), ('transfers_out', '1768'), ('value', '54'), ('was_home', 'True'), ('yellow_cards', '0')]), OrderedDict([('assists', '0'), ('bonus', '0'), ('bps', '0'), ('clean_sheets', '0'), ('creativity', '0.0'), ('element', '132'), ('fixture', '375'), ('goals_conceded', '0'), ('goals_scored', '0'), ('ict_index', '0.0'), ('influence', '0.0'), ('kickoff_time', '2022-05-22T15:00:00Z'), ('minutes', '0'), ('opponent_team', '18'), ('own_goals', '0'), ('penalties_missed', '0'), ('penalties_saved', '0'), ('red_cards', '0'), ('round', '38'), ('saves', '0'), ('selected', '14858'), ('team_a_score', '1'), ('team_h_score', '2'), ('threat', '0.0'), ('total_points', '0'), ('transfers_balance', '-518'), ('transfers_in', '702'), ('transfers_out', '1220'), ('value', '54'), ('was_home', 'True'), ('yellow_cards', '0')])]
[2025-10-29T09:17:50.050+0000] {logging_mixin.py:150} INFO - OrderedDict([('assists', '0'), ('bonus', '0'), ('bps', '0'), ('clean_sheets', '0'), ('creativity', '0.0'), ('element', '132'), ('fixture', '375'), ('goals_conceded', '0'), ('goals_scored', '0'), ('ict_index', '0.0'), ('influence', '0.0'), ('kickoff_time', '2022-05-22T15:00:00Z'), ('minutes', '0'), ('opponent_team', '18'), ('own_goals', '0'), ('penalties_missed', '0'), ('penalties_saved', '0'), ('red_cards', '0'), ('round', '38'), ('saves', '0'), ('selected', '14858'), ('team_a_score', '1'), ('team_h_score', '2'), ('threat', '0.0'), ('total_points', '0'), ('transfers_balance', '-518'), ('transfers_in', '702'), ('transfers_out', '1220'), ('value', '54'), ('was_home', 'True'), ('yellow_cards', '0'), ('player_name', 'Loftus-Cheek 132')])
[2025-10-29T09:17:50.809+0000] {fetch_api_data.py:97} WARNING - Failed to fetch data for Olivier_Giroud_133: 404
[2025-10-29T09:17:51.395+0000] {fetch_api_data.py:97} WARNING - Failed to fetch data for Álvaro_Morata_134: 404
[2025-10-29T09:17:52.009+0000] {fetch_api_data.py:97} WARNING - Failed to fetch data for Jorge Luiz_Frello Filho_459: 404
[2025-10-29T09:17:52.604+0000] {fetch_api_data.py:97} WARNING - Failed to fetch data for Tammy_Abraham_496: 404
[2025-10-29T09:17:53.255+0000] {fetch_api_data.py:97} WARNING - Failed to fetch data for Kepa_Arrizabalaga_498: 404
[2025-10-29T09:17:53.855+0000] {fetch_api_data.py:97} WARNING - Failed to fetch data for Mateo_Kovacic_499: 404
[2025-10-29T09:17:54.443+0000] {fetch_api_data.py:97} WARNING - Failed to fetch data for Gonzalo_Higuaín_579: 404
[2025-10-29T09:17:55.073+0000] {fetch_api_data.py:97} WARNING - Failed to fetch data for Addji Keaninkin Marc-Israel_Guehi_624: 404
[2025-10-29T09:17:55.749+0000] {fetch_api_data.py:97} WARNING - Failed to fetch data for Wayne_Hennessey_135: 404
[2025-10-29T09:17:56.393+0000] {fetch_api_data.py:97} WARNING - Failed to fetch data for Julian_Speroni_136: 404
[2025-10-29T09:17:56.979+0000] {fetch_api_data.py:97} WARNING - Failed to fetch data for Vicente_Guaita_137: 404
[2025-10-29T09:17:57.653+0000] {fetch_api_data.py:97} WARNING - Failed to fetch data for James_Tomkins_138: 404
[2025-10-29T09:17:58.256+0000] {fetch_api_data.py:97} WARNING - Failed to fetch data for Scott_Dann_139: 404
[2025-10-29T09:17:58.946+0000] {fetch_api_data.py:97} WARNING - Failed to fetch data for Martin_Kelly_140: 404
[2025-10-29T09:17:59.589+0000] {fetch_api_data.py:97} WARNING - Failed to fetch data for Jeffrey_Schlupp_141: 404
[2025-10-29T09:18:00.194+0000] {fetch_api_data.py:97} WARNING - Failed to fetch data for Patrick_van Aanholt_142: 404
[2025-10-29T09:18:00.843+0000] {fetch_api_data.py:97} WARNING - Failed to fetch data for Mamadou_Sakho_143: 404
[2025-10-29T09:18:01.438+0000] {fetch_api_data.py:97} WARNING - Failed to fetch data for Jairo_Riedewald_144: 404
[2025-10-29T09:18:02.016+0000] {fetch_api_data.py:97} WARNING - Failed to fetch data for Aaron_Wan-Bissaka_145: 404
[2025-10-29T09:18:02.620+0000] {fetch_api_data.py:97} WARNING - Failed to fetch data for James_McArthur_147: 404
[2025-10-29T09:18:03.288+0000] {fetch_api_data.py:97} WARNING - Failed to fetch data for Bakary_Sako_148: 404
[2025-10-29T09:18:03.984+0000] {fetch_api_data.py:97} WARNING - Failed to fetch data for Andros_Townsend_149: 404
[2025-10-29T09:18:04.643+0000] {fetch_api_data.py:97} WARNING - Failed to fetch data for Luka_Milivojevic_150: 404
[2025-10-29T09:18:05.340+0000] {fetch_api_data.py:97} WARNING - Failed to fetch data for Wilfried_Zaha_151: 404
[2025-10-29T09:18:05.905+0000] {fetch_api_data.py:97} WARNING - Failed to fetch data for Christian_Benteke_152: 404
[2025-10-29T09:18:06.547+0000] {fetch_api_data.py:97} WARNING - Failed to fetch data for Alexander_Sørloth_153: 404
[2025-10-29T09:18:07.134+0000] {fetch_api_data.py:97} WARNING - Failed to fetch data for Cheikhou_Kouyaté_412: 404
[2025-10-29T09:18:07.776+0000] {fetch_api_data.py:97} WARNING - Failed to fetch data for Joel_Ward_441: 404
[2025-10-29T09:18:08.431+0000] {fetch_api_data.py:97} WARNING - Failed to fetch data for Jaroslaw_Jach_442: 404
[2025-10-29T09:18:09.057+0000] {fetch_api_data.py:97} WARNING - Failed to fetch data for Pape_Souaré_443: 404
[2025-10-29T09:18:09.689+0000] {fetch_api_data.py:97} WARNING - Failed to fetch data for Connor_Wickham_444: 404
[2025-10-29T09:18:10.278+0000] {fetch_api_data.py:97} WARNING - Failed to fetch data for Sullay_Kaikai_477: 404
[2025-10-29T09:18:10.894+0000] {fetch_api_data.py:97} WARNING - Failed to fetch data for Max_Meyer_486: 404
[2025-10-29T09:18:11.778+0000] {fetch_api_data.py:97} WARNING - Failed to fetch data for Jordan_Ayew_505: 404
[2025-10-29T09:18:12.359+0000] {fetch_api_data.py:97} WARNING - Failed to fetch data for Joe_Tupper_576: 404
[2025-10-29T09:18:13.024+0000] {fetch_api_data.py:97} WARNING - Failed to fetch data for Lucas_Perri_584: 404
[2025-10-29T09:18:13.648+0000] {fetch_api_data.py:97} WARNING - Failed to fetch data for Michy_Batshuayi_592: 404
[2025-10-29T09:18:14.253+0000] {fetch_api_data.py:97} WARNING - Failed to fetch data for Sam_Woods_609: 404
[2025-10-29T09:18:14.869+0000] {fetch_api_data.py:97} WARNING - Failed to fetch data for Luke_Dreher_618: 404
[2025-10-29T09:18:15.770+0000] {fetch_api_data.py:97} WARNING - Failed to fetch data for Nikola_Tavares_619: 404
[2025-10-29T09:18:16.498+0000] {fetch_api_data.py:97} WARNING - Failed to fetch data for Jordan_Pickford_154: 404
[2025-10-29T09:18:17.215+0000] {fetch_api_data.py:97} WARNING - Failed to fetch data for Maarten_Stekelenburg_155: 404
[2025-10-29T09:18:17.866+0000] {fetch_api_data.py:97} WARNING - Failed to fetch data for Leighton_Baines_156: 404
[2025-10-29T09:18:18.490+0000] {fetch_api_data.py:97} WARNING - Failed to fetch data for Seamus_Coleman_157: 404
[2025-10-29T09:18:19.509+0000] {fetch_api_data.py:97} WARNING - Failed to fetch data for Phil_Jagielka_158: 404
[2025-10-29T09:18:20.482+0000] {fetch_api_data.py:97} WARNING - Failed to fetch data for Ashley_Williams_159: 404
[2025-10-29T09:18:21.323+0000] {fetch_api_data.py:97} WARNING - Failed to fetch data for Mason_Holgate_160: 404
[2025-10-29T09:18:21.924+0000] {fetch_api_data.py:97} WARNING - Failed to fetch data for Jonjoe_Kenny_161: 404
[2025-10-29T09:18:22.523+0000] {fetch_api_data.py:97} WARNING - Failed to fetch data for Michael_Keane_162: 404
[2025-10-29T09:18:23.247+0000] {fetch_api_data.py:97} WARNING - Failed to fetch data for Cuco_Martina_163: 404
[2025-10-29T09:18:23.858+0000] {fetch_api_data.py:97} WARNING - Failed to fetch data for Theo_Walcott_164: 404
[2025-10-29T09:18:24.484+0000] {fetch_api_data.py:97} WARNING - Failed to fetch data for Yannick_Bolasie_165: 404
[2025-10-29T09:18:25.191+0000] {fetch_api_data.py:97} WARNING - Failed to fetch data for James_McCarthy_166: 404
[2025-10-29T09:18:25.776+0000] {fetch_api_data.py:97} WARNING - Failed to fetch data for Morgan_Schneiderlin_167: 404
[2025-10-29T09:18:26.399+0000] {fetch_api_data.py:97} WARNING - Failed to fetch data for Idrissa_Gueye_168: 404
[2025-10-29T09:18:26.989+0000] {fetch_api_data.py:97} WARNING - Failed to fetch data for Tom_Davies_169: 404
[2025-10-29T09:18:27.530+0000] {fetch_api_data.py:97} WARNING - Failed to fetch data for Ademola_Lookman_170: 404
[2025-10-29T09:18:28.186+0000] {fetch_api_data.py:97} WARNING - Failed to fetch data for Davy_Klaassen_171: 404
[2025-10-29T09:18:28.794+0000] {fetch_api_data.py:97} WARNING - Failed to fetch data for Gylfi_Sigurdsson_172: 404
[2025-10-29T09:18:29.443+0000] {fetch_api_data.py:97} WARNING - Failed to fetch data for Nikola_Vlasic_173: 404
[2025-10-29T09:18:30.079+0000] {fetch_api_data.py:97} WARNING - Failed to fetch data for Beni_Baningime_174: 404
[2025-10-29T09:18:30.730+0000] {fetch_api_data.py:97} WARNING - Failed to fetch data for Dominic_Calvert-Lewin_175: 404
[2025-10-29T09:18:31.314+0000] {fetch_api_data.py:97} WARNING - Failed to fetch data for Cenk_Tosun_177: 404
[2025-10-29T09:18:31.908+0000] {fetch_api_data.py:97} WARNING - Failed to fetch data for Richarlison_de Andrade_393: 404
[2025-10-29T09:18:32.639+0000] {fetch_api_data.py:97} WARNING - Failed to fetch data for Kevin_Mirallas_469: 404
[2025-10-29T09:18:33.398+0000] {fetch_api_data.py:97} WARNING - Failed to fetch data for Sandro_Ramírez_470: 404
[2025-10-29T09:18:34.229+0000] {fetch_api_data.py:97} WARNING - Failed to fetch data for Lucas_Digne_484: 404
[2025-10-29T09:18:35.670+0000] {fetch_api_data.py:97} WARNING - Failed to fetch data for Yerry_Mina_506: 404
[2025-10-29T09:18:36.308+0000] {fetch_api_data.py:97} WARNING - Failed to fetch data for Bernard_Anício Caldeira Duarte_507: 404
[2025-10-29T09:18:36.935+0000] {fetch_api_data.py:97} WARNING - Failed to fetch data for André Filipe_Tavares Gomes_508: 404
[2025-10-29T09:18:37.585+0000] {fetch_api_data.py:97} WARNING - Failed to fetch data for Kurt_Zouma_526: 404
[2025-10-29T09:18:38.287+0000] {fetch_api_data.py:97} WARNING - Failed to fetch data for Kieran_Dowell_528: 404
[2025-10-29T09:18:38.899+0000] {fetch_api_data.py:97} WARNING - Failed to fetch data for Tyias_Browning_532: 404
[2025-10-29T09:18:39.471+0000] {fetch_api_data.py:97} WARNING - Failed to fetch data for Calum_Chambers_9: 404
[2025-10-29T09:18:40.034+0000] {fetch_api_data.py:97} WARNING - Failed to fetch data for Marcus_Bettinelli_178: 404
[2025-10-29T09:18:40.642+0000] {fetch_api_data.py:97} WARNING - Failed to fetch data for Tim_Ream_180: 404
[2025-10-29T09:18:41.205+0000] {fetch_api_data.py:97} WARNING - Failed to fetch data for Denis_Odoi_181: 404
[2025-10-29T09:18:41.858+0000] {fetch_api_data.py:97} WARNING - Failed to fetch data for Tom_Cairney_182: 404
[2025-10-29T09:18:42.465+0000] {fetch_api_data.py:97} WARNING - Failed to fetch data for Kevin_McDonald_183: 404
[2025-10-29T09:18:43.060+0000] {fetch_api_data.py:97} WARNING - Failed to fetch data for Ryan_Sessegnon_184: 404
[2025-10-29T09:18:43.644+0000] {fetch_api_data.py:97} WARNING - Failed to fetch data for Stefan_Johansen_185: 404
[2025-10-29T09:18:44.231+0000] {fetch_api_data.py:97} WARNING - Failed to fetch data for Floyd_Ayité_186: 404
[2025-10-29T09:18:44.806+0000] {fetch_api_data.py:97} WARNING - Failed to fetch data for Neeskens_Kebano_187: 404
[2025-10-29T09:18:45.505+0000] {fetch_api_data.py:97} WARNING - Failed to fetch data for Rui Pedro_da Rocha Fonte_188: 404
[2025-10-29T09:18:46.149+0000] {fetch_api_data.py:97} WARNING - Failed to fetch data for Aboubakar_Kamara_189: 404
[2025-10-29T09:18:47.197+0000] {fetch_api_data.py:97} WARNING - Failed to fetch data for Maxime_Le Marchand_455: 404
[2025-10-29T09:18:48.041+0000] {fetch_api_data.py:97} WARNING - Failed to fetch data for Jean Michael_Seri_456: 404
[2025-10-29T09:18:48.715+0000] {fetch_api_data.py:97} WARNING - Failed to fetch data for Cyrus_Christie_460: 404
[2025-10-29T09:18:49.480+0000] {fetch_api_data.py:97} WARNING - Failed to fetch data for Fabricio_Agosto Ramírez_474: 404
[2025-10-29T09:18:50.116+0000] {fetch_api_data.py:97} WARNING - Failed to fetch data for André_Schürrle_478: 404
[2025-10-29T09:18:50.819+0000] {fetch_api_data.py:97} WARNING - Failed to fetch data for Aleksandar_Mitrovic_480: 404
[2025-10-29T09:18:51.486+0000] {fetch_api_data.py:97} WARNING - Failed to fetch data for Alfie_Mawson_487: 404
[2025-10-29T09:18:52.120+0000] {fetch_api_data.py:97} WARNING - Failed to fetch data for Sergio_Rico_509: 404
[2025-10-29T09:18:52.812+0000] {fetch_api_data.py:97} WARNING - Failed to fetch data for Joe_Bryan_510: 404
[2025-10-29T09:18:53.524+0000] {fetch_api_data.py:97} WARNING - Failed to fetch data for Timothy_Fosu-Mensah_511: 404
[2025-10-29T09:18:54.125+0000] {fetch_api_data.py:97} WARNING - Failed to fetch data for André-Frank_Zambo Anguissa_512: 404
[2025-10-29T09:18:54.790+0000] {fetch_api_data.py:97} WARNING - Failed to fetch data for Luciano_Vietto_513: 404
[2025-10-29T09:18:55.379+0000] {fetch_api_data.py:97} WARNING - Failed to fetch data for Ibrahima_Cissé_521: 404
[2025-10-29T09:18:55.941+0000] {fetch_api_data.py:97} WARNING - Failed to fetch data for Zeze Steven_Sessegnon_541: 404
[2025-10-29T09:18:56.492+0000] {fetch_api_data.py:97} WARNING - Failed to fetch data for Ryan_Babel_575: 404
[2025-10-29T09:18:57.086+0000] {fetch_api_data.py:97} WARNING - Failed to fetch data for Håvard_Nordtveit_593: 404
[2025-10-29T09:18:57.729+0000] {fetch_api_data.py:97} WARNING - Failed to fetch data for Lazar_Markovic_594: 404
[2025-10-29T09:18:58.341+0000] {fetch_api_data.py:97} WARNING - Failed to fetch data for Harvey_Elliott_610: 404
[2025-10-29T09:18:58.955+0000] {fetch_api_data.py:97} WARNING - Failed to fetch data for Luca_De La Torre_621: 404
[2025-10-29T09:18:59.559+0000] {fetch_api_data.py:97} WARNING - Failed to fetch data for Jason_Puncheon_146: 404
[2025-10-29T09:19:00.223+0000] {fetch_api_data.py:97} WARNING - Failed to fetch data for Ben_Hamer_190: 404
[2025-10-29T09:19:00.893+0000] {fetch_api_data.py:97} WARNING - Failed to fetch data for Jonas_Lössl_191: 404
[2025-10-29T09:19:01.508+0000] {fetch_api_data.py:97} WARNING - Failed to fetch data for Christopher_Schindler_192: 404
[2025-10-29T09:19:02.179+0000] {fetch_api_data.py:97} WARNING - Failed to fetch data for Chris_Löwe_193: 404
[2025-10-29T09:19:02.814+0000] {fetch_api_data.py:97} WARNING - Failed to fetch data for Tommy_Smith_194: 404
[2025-10-29T09:19:03.386+0000] {fetch_api_data.py:97} WARNING - Failed to fetch data for Mathias_Jorgensen_195: 404
[2025-10-29T09:19:03.991+0000] {fetch_api_data.py:97} WARNING - Failed to fetch data for Scott_Malone_196: 404
[2025-10-29T09:19:04.580+0000] {fetch_api_data.py:97} WARNING - Failed to fetch data for Florent_Hadergjonaj_197: 404
[2025-10-29T09:19:05.213+0000] {fetch_api_data.py:97} WARNING - Failed to fetch data for Terence_Kongolo_198: 404
[2025-10-29T09:19:05.838+0000] {fetch_api_data.py:97} WARNING - Failed to fetch data for Aaron_Mooy_199: 404
[2025-10-29T09:19:06.411+0000] {fetch_api_data.py:97} WARNING - Failed to fetch data for Rajiv_van La Parra_200: 404
[2025-10-29T09:19:06.982+0000] {fetch_api_data.py:97} WARNING - Failed to fetch data for Jonathan_Hogg_201: 404
[2025-10-29T09:19:07.568+0000] {fetch_api_data.py:97} WARNING - Failed to fetch data for Philip_Billing_202: 404
[2025-10-29T09:19:08.170+0000] {fetch_api_data.py:97} WARNING - Failed to fetch data for Tom_Ince_203: 404
[2025-10-29T09:19:08.868+0000] {fetch_api_data.py:97} WARNING - Failed to fetch data for Danny_Williams_204: 404
[2025-10-29T09:19:09.236+0000] {local_task_job_runner.py:292} WARNING - State of this instance has been externally set to failed. Terminating instance.
[2025-10-29T09:19:09.247+0000] {process_utils.py:135} INFO - Sending Signals.SIGTERM to group 7370. PIDs of all processes in the group: [7370]
[2025-10-29T09:19:09.249+0000] {process_utils.py:86} INFO - Sending the signal Signals.SIGTERM to group 7370
[2025-10-29T09:19:09.251+0000] {taskinstance.py:1517} ERROR - Received SIGTERM. Terminating subprocesses.
[2025-10-29T09:19:09.385+0000] {process_utils.py:79} INFO - Process psutil.Process(pid=7370, status='terminated', exitcode=0, started='09:15:15') (7370) terminated with exit code 0
