[2025-10-07T09:17:11.331+0000] {taskinstance.py:1103} INFO - Dependencies all met for dep_context=non-requeueable deps ti=<TaskInstance: fpl_etl_pipeline.create_teams_table manual__2025-10-07T09:17:04.360140+00:00 [queued]>
[2025-10-07T09:17:11.350+0000] {taskinstance.py:1103} INFO - Dependencies all met for dep_context=requeueable deps ti=<TaskInstance: fpl_etl_pipeline.create_teams_table manual__2025-10-07T09:17:04.360140+00:00 [queued]>
[2025-10-07T09:17:11.351+0000] {taskinstance.py:1308} INFO - Starting attempt 1 of 2
[2025-10-07T09:17:11.380+0000] {taskinstance.py:1327} INFO - Executing <Task(PythonOperator): create_teams_table> on 2025-10-07 09:17:04.360140+00:00
[2025-10-07T09:17:11.388+0000] {standard_task_runner.py:57} INFO - Started process 2992 to run task
[2025-10-07T09:17:11.393+0000] {standard_task_runner.py:84} INFO - Running: ['airflow', 'tasks', 'run', 'fpl_etl_pipeline', 'create_teams_table', 'manual__2025-10-07T09:17:04.360140+00:00', '--job-id', '56', '--raw', '--subdir', 'DAGS_FOLDER/fpl_etl_pipeline.py', '--cfg-path', '/tmp/tmpa15brx_8']
[2025-10-07T09:17:11.396+0000] {standard_task_runner.py:85} INFO - Job 56: Subtask create_teams_table
[2025-10-07T09:17:11.491+0000] {task_command.py:410} INFO - Running <TaskInstance: fpl_etl_pipeline.create_teams_table manual__2025-10-07T09:17:04.360140+00:00 [running]> on host 87086c9410a5
[2025-10-07T09:17:11.637+0000] {taskinstance.py:1547} INFO - Exporting env vars: AIRFLOW_CTX_DAG_OWNER='richardilemon' AIRFLOW_CTX_DAG_ID='fpl_etl_pipeline' AIRFLOW_CTX_TASK_ID='create_teams_table' AIRFLOW_CTX_EXECUTION_DATE='2025-10-07T09:17:04.360140+00:00' AIRFLOW_CTX_TRY_NUMBER='1' AIRFLOW_CTX_DAG_RUN_ID='manual__2025-10-07T09:17:04.360140+00:00'
[2025-10-07T09:17:11.639+0000] {taskinstance.py:1824} ERROR - Task failed with exception
Traceback (most recent call last):
  File "/home/airflow/.local/lib/python3.7/site-packages/airflow/operators/python.py", line 181, in execute
    return_value = self.execute_callable()
  File "/home/airflow/.local/lib/python3.7/site-packages/airflow/operators/python.py", line 198, in execute_callable
    return self.python_callable(*self.op_args, **self.op_kwargs)
  File "/opt/airflow/dags/fpl_etl_pipeline.py", line 91, in <lambda>
    python_callable=lambda: create_teams_table(),
TypeError: 'PythonOperator' object is not callable
[2025-10-07T09:17:11.662+0000] {taskinstance.py:1350} INFO - Marking task as UP_FOR_RETRY. dag_id=fpl_etl_pipeline, task_id=create_teams_table, execution_date=20251007T091704, start_date=20251007T091711, end_date=20251007T091711
[2025-10-07T09:17:11.681+0000] {standard_task_runner.py:109} ERROR - Failed to execute job 56 for task create_teams_table ('PythonOperator' object is not callable; 2992)
[2025-10-07T09:17:11.726+0000] {local_task_job_runner.py:225} INFO - Task exited with return code 1
[2025-10-07T09:17:11.758+0000] {taskinstance.py:2653} INFO - 0 downstream tasks scheduled from follow-on schedule check
