[2025-10-09T11:55:16.861+0000] {taskinstance.py:1103} INFO - Dependencies all met for dep_context=non-requeueable deps ti=<TaskInstance: fpl_etl_pipeline.create_fixtures_table manual__2025-10-09T11:50:04.621529+00:00 [queued]>
[2025-10-09T11:55:16.880+0000] {taskinstance.py:1103} INFO - Dependencies all met for dep_context=requeueable deps ti=<TaskInstance: fpl_etl_pipeline.create_fixtures_table manual__2025-10-09T11:50:04.621529+00:00 [queued]>
[2025-10-09T11:55:16.881+0000] {taskinstance.py:1308} INFO - Starting attempt 1 of 2
[2025-10-09T11:55:17.024+0000] {taskinstance.py:1327} INFO - Executing <Task(PostgresOperator): create_fixtures_table> on 2025-10-09 11:50:04.621529+00:00
[2025-10-09T11:55:17.038+0000] {standard_task_runner.py:57} INFO - Started process 1889 to run task
[2025-10-09T11:55:17.057+0000] {standard_task_runner.py:84} INFO - Running: ['airflow', 'tasks', 'run', 'fpl_etl_pipeline', 'create_fixtures_table', 'manual__2025-10-09T11:50:04.621529+00:00', '--job-id', '342', '--raw', '--subdir', 'DAGS_FOLDER/fpl_etl_pipeline.py', '--cfg-path', '/tmp/tmp48nw2gaz']
[2025-10-09T11:55:17.071+0000] {standard_task_runner.py:85} INFO - Job 342: Subtask create_fixtures_table
[2025-10-09T11:55:17.359+0000] {task_command.py:410} INFO - Running <TaskInstance: fpl_etl_pipeline.create_fixtures_table manual__2025-10-09T11:50:04.621529+00:00 [running]> on host 671762379d36
[2025-10-09T11:55:17.529+0000] {taskinstance.py:1547} INFO - Exporting env vars: AIRFLOW_CTX_DAG_OWNER='richardilemon' AIRFLOW_CTX_DAG_ID='fpl_etl_pipeline' AIRFLOW_CTX_TASK_ID='create_fixtures_table' AIRFLOW_CTX_EXECUTION_DATE='2025-10-09T11:50:04.621529+00:00' AIRFLOW_CTX_TRY_NUMBER='1' AIRFLOW_CTX_DAG_RUN_ID='manual__2025-10-09T11:50:04.621529+00:00'
[2025-10-09T11:55:17.530+0000] {sql.py:265} INFO - Executing: 
            CREATE TABLE IF NOT EXISTS fixtures (
                code INTEGER PRIMARY KEY,
                season TEXT,
                gameweek INTEGER,
                kickoff_time TIMESTAMP WITH TIME ZONE,
                team_h_code INTEGER,
                team_a_code INTEGER,
                team_h_score INTEGER,
                team_a_score INTEGER,
                team_h_difficulty INTEGER,
                team_a_difficulty INTEGER
            );
        
[2025-10-09T11:55:17.552+0000] {base.py:73} INFO - Using connection ID 'fpl_db_conn' for task execution.
[2025-10-09T11:55:17.689+0000] {base.py:73} INFO - Using connection ID 'fpl_db_conn' for task execution.
[2025-10-09T11:55:17.702+0000] {sql.py:375} INFO - Running statement: 
            CREATE TABLE IF NOT EXISTS fixtures (
                code INTEGER PRIMARY KEY,
                season TEXT,
                gameweek INTEGER,
                kickoff_time TIMESTAMP WITH TIME ZONE,
                team_h_code INTEGER,
                team_a_code INTEGER,
                team_h_score INTEGER,
                team_a_score INTEGER,
                team_h_difficulty INTEGER,
                team_a_difficulty INTEGER
            );
        , parameters: None
[2025-10-09T11:55:17.721+0000] {taskinstance.py:1350} INFO - Marking task as SUCCESS. dag_id=fpl_etl_pipeline, task_id=create_fixtures_table, execution_date=20251009T115004, start_date=20251009T115516, end_date=20251009T115517
[2025-10-09T11:55:17.750+0000] {local_task_job_runner.py:225} INFO - Task exited with return code 0
[2025-10-09T11:55:17.814+0000] {taskinstance.py:2653} INFO - 1 downstream tasks scheduled from follow-on schedule check
