[2025-10-29T09:02:05.013+0000] {taskinstance.py:1103} INFO - Dependencies all met for dep_context=non-requeueable deps ti=<TaskInstance: fpl_gameweeks_etl.fetch_players_gw_task manual__2025-10-29T09:01:40.856212+00:00 map_index=6 [queued]>
[2025-10-29T09:02:05.038+0000] {taskinstance.py:1103} INFO - Dependencies all met for dep_context=requeueable deps ti=<TaskInstance: fpl_gameweeks_etl.fetch_players_gw_task manual__2025-10-29T09:01:40.856212+00:00 map_index=6 [queued]>
[2025-10-29T09:02:05.040+0000] {taskinstance.py:1308} INFO - Starting attempt 1 of 2
[2025-10-29T09:02:05.343+0000] {taskinstance.py:1327} INFO - Executing <Mapped(_PythonDecoratedOperator): fetch_players_gw_task> on 2025-10-29 09:01:40.856212+00:00
[2025-10-29T09:02:05.356+0000] {standard_task_runner.py:57} INFO - Started process 6038 to run task
[2025-10-29T09:02:05.363+0000] {standard_task_runner.py:84} INFO - Running: ['airflow', 'tasks', 'run', 'fpl_gameweeks_etl', 'fetch_players_gw_task', 'manual__2025-10-29T09:01:40.856212+00:00', '--job-id', '447', '--raw', '--subdir', 'DAGS_FOLDER/fpl_gameweeks_dag.py', '--cfg-path', '/tmp/tmp7p35fxcs', '--map-index', '6']
[2025-10-29T09:02:05.364+0000] {standard_task_runner.py:85} INFO - Job 447: Subtask fetch_players_gw_task
[2025-10-29T09:02:05.495+0000] {task_command.py:410} INFO - Running <TaskInstance: fpl_gameweeks_etl.fetch_players_gw_task manual__2025-10-29T09:01:40.856212+00:00 map_index=6 [running]> on host dede24b5451e
[2025-10-29T09:02:05.768+0000] {taskinstance.py:1547} INFO - Exporting env vars: AIRFLOW_CTX_DAG_OWNER='richardilemon' AIRFLOW_CTX_DAG_ID='fpl_gameweeks_etl' AIRFLOW_CTX_TASK_ID='fetch_players_gw_task' AIRFLOW_CTX_EXECUTION_DATE='2025-10-29T09:01:40.856212+00:00' AIRFLOW_CTX_TRY_NUMBER='1' AIRFLOW_CTX_DAG_RUN_ID='manual__2025-10-29T09:01:40.856212+00:00'
[2025-10-29T09:02:06.432+0000] {fetch_api_data.py:96} WARNING - Failed to fetch data for Petr_Cech_1: 404
[2025-10-29T09:02:07.145+0000] {fetch_api_data.py:96} WARNING - Failed to fetch data for Bernd_Leno_2: 404
[2025-10-29T09:02:07.819+0000] {fetch_api_data.py:96} WARNING - Failed to fetch data for Laurent_Koscielny_3: 404
[2025-10-29T09:02:08.430+0000] {fetch_api_data.py:96} WARNING - Failed to fetch data for Héctor_Bellerín_4: 404
[2025-10-29T09:02:09.139+0000] {fetch_api_data.py:96} WARNING - Failed to fetch data for Nacho_Monreal_5: 404
[2025-10-29T09:02:09.768+0000] {fetch_api_data.py:96} WARNING - Failed to fetch data for Rob_Holding_6: 404
[2025-10-29T09:02:10.349+0000] {fetch_api_data.py:96} WARNING - Failed to fetch data for Shkodran_Mustafi_7: 404
[2025-10-29T09:02:11.195+0000] {fetch_api_data.py:96} WARNING - Failed to fetch data for Sead_Kolasinac_8: 404
[2025-10-29T09:02:12.478+0000] {fetch_api_data.py:96} WARNING - Failed to fetch data for Konstantinos_Mavropanos_10: 404
[2025-10-29T09:02:13.783+0000] {fetch_api_data.py:96} WARNING - Failed to fetch data for Stephan_Lichtsteiner_11: 404
[2025-10-29T09:02:14.842+0000] {fetch_api_data.py:96} WARNING - Failed to fetch data for Sokratis_Papastathopoulos_12: 404
[2025-10-29T09:02:15.629+0000] {fetch_api_data.py:96} WARNING - Failed to fetch data for Mesut_Özil_13: 404
[2025-10-29T09:02:16.337+0000] {fetch_api_data.py:96} WARNING - Failed to fetch data for Aaron_Ramsey_14: 404
[2025-10-29T09:02:17.044+0000] {fetch_api_data.py:96} WARNING - Failed to fetch data for Alex_Iwobi_15: 404
[2025-10-29T09:02:18.020+0000] {fetch_api_data.py:96} WARNING - Failed to fetch data for Mohamed_Elneny_16: 404
[2025-10-29T09:02:19.358+0000] {fetch_api_data.py:96} WARNING - Failed to fetch data for Granit_Xhaka_17: 404
[2025-10-29T09:02:19.998+0000] {fetch_api_data.py:96} WARNING - Failed to fetch data for Henrikh_Mkhitaryan_18: 404
[2025-10-29T09:02:20.827+0000] {fetch_api_data.py:96} WARNING - Failed to fetch data for Reiss_Nelson_19: 404
[2025-10-29T09:02:21.642+0000] {fetch_api_data.py:96} WARNING - Failed to fetch data for Ainsley_Maitland-Niles_20: 404
[2025-10-29T09:02:22.487+0000] {fetch_api_data.py:96} WARNING - Failed to fetch data for Danny_Welbeck_21: 404
[2025-10-29T09:02:23.465+0000] {fetch_api_data.py:96} WARNING - Failed to fetch data for Alexandre_Lacazette_22: 404
[2025-10-29T09:02:24.244+0000] {fetch_api_data.py:96} WARNING - Failed to fetch data for Pierre-Emerick_Aubameyang_23: 404
[2025-10-29T09:02:25.036+0000] {fetch_api_data.py:96} WARNING - Failed to fetch data for Lucas_Torreira_450: 404
[2025-10-29T09:02:25.935+0000] {fetch_api_data.py:96} WARNING - Failed to fetch data for Matteo_Guendouzi_451: 404
[2025-10-29T09:02:26.790+0000] {fetch_api_data.py:96} WARNING - Failed to fetch data for Emiliano_Martínez_542: 404
[2025-10-29T09:02:27.607+0000] {fetch_api_data.py:96} WARNING - Failed to fetch data for Emile_Smith-Rowe_545: 404
[2025-10-29T09:02:28.589+0000] {fetch_api_data.py:96} WARNING - Failed to fetch data for Zech_Medley_546: 404
[2025-10-29T09:02:29.998+0000] {fetch_api_data.py:96} WARNING - Failed to fetch data for Edward_Nketiah_552: 404
[2025-10-29T09:02:31.209+0000] {fetch_api_data.py:96} WARNING - Failed to fetch data for Bukayo_Saka_563: 404
[2025-10-29T09:02:32.084+0000] {fetch_api_data.py:96} WARNING - Failed to fetch data for Joseph_Willock_566: 404
[2025-10-29T09:02:33.002+0000] {fetch_api_data.py:96} WARNING - Failed to fetch data for Carl_Jenkinson_581: 404
[2025-10-29T09:02:33.941+0000] {fetch_api_data.py:96} WARNING - Failed to fetch data for Denis_Suárez_586: 404
[2025-10-29T09:02:35.359+0000] {fetch_api_data.py:96} WARNING - Failed to fetch data for Asmir_Begovic_24: 404
[2025-10-29T09:02:36.335+0000] {fetch_api_data.py:96} WARNING - Failed to fetch data for Artur_Boruc_25: 404
[2025-10-29T09:02:37.281+0000] {fetch_api_data.py:96} WARNING - Failed to fetch data for Simon_Francis_26: 404
[2025-10-29T09:02:37.961+0000] {fetch_api_data.py:96} WARNING - Failed to fetch data for Steve_Cook_27: 404
[2025-10-29T09:02:38.635+0000] {fetch_api_data.py:96} WARNING - Failed to fetch data for Charlie_Daniels_28: 404
[2025-10-29T09:02:39.326+0000] {fetch_api_data.py:96} WARNING - Failed to fetch data for Adam_Smith_29: 404
[2025-10-29T09:02:40.020+0000] {fetch_api_data.py:96} WARNING - Failed to fetch data for Tyrone_Mings_30: 404
[2025-10-29T09:02:41.128+0000] {fetch_api_data.py:96} WARNING - Failed to fetch data for Nathan_Aké_31: 404
[2025-10-29T09:02:42.077+0000] {fetch_api_data.py:96} WARNING - Failed to fetch data for Jack_Simpson_32: 404
[2025-10-29T09:02:42.956+0000] {fetch_api_data.py:96} WARNING - Failed to fetch data for Marc_Pugh_34: 404
[2025-10-29T09:02:43.830+0000] {fetch_api_data.py:96} WARNING - Failed to fetch data for Andrew_Surman_35: 404
[2025-10-29T09:02:44.456+0000] {fetch_api_data.py:96} WARNING - Failed to fetch data for Junior_Stanislas_36: 404
[2025-10-29T09:02:45.225+0000] {fetch_api_data.py:96} WARNING - Failed to fetch data for Dan_Gosling_37: 404
[2025-10-29T09:02:45.994+0000] {fetch_api_data.py:96} WARNING - Failed to fetch data for Jordon_Ibe_38: 404
[2025-10-29T09:02:46.673+0000] {fetch_api_data.py:96} WARNING - Failed to fetch data for Lewis_Cook_39: 404
[2025-10-29T09:02:47.281+0000] {fetch_api_data.py:96} WARNING - Failed to fetch data for Ryan_Fraser_40: 404
[2025-10-29T09:02:47.995+0000] {fetch_api_data.py:96} WARNING - Failed to fetch data for Emerson_Hyndman_41: 404
[2025-10-29T09:02:48.568+0000] {fetch_api_data.py:96} WARNING - Failed to fetch data for David_Brooks_42: 404
[2025-10-29T09:02:49.186+0000] {fetch_api_data.py:96} WARNING - Failed to fetch data for Callum_Wilson_43: 404
[2025-10-29T09:02:49.862+0000] {fetch_api_data.py:96} WARNING - Failed to fetch data for Lys_Mousset_44: 404
[2025-10-29T09:02:50.466+0000] {fetch_api_data.py:96} WARNING - Failed to fetch data for Joshua_King_45: 404
[2025-10-29T09:02:51.071+0000] {fetch_api_data.py:96} WARNING - Failed to fetch data for Jermain_Defoe_46: 404
[2025-10-29T09:02:51.687+0000] {fetch_api_data.py:96} WARNING - Failed to fetch data for Nathaniel_Clyne_241: 404
[2025-10-29T09:02:52.361+0000] {fetch_api_data.py:96} WARNING - Failed to fetch data for Dominic_Solanke_259: 404
[2025-10-29T09:02:53.055+0000] {fetch_api_data.py:96} WARNING - Failed to fetch data for Diego_Rico_473: 404
[2025-10-29T09:02:53.645+0000] {fetch_api_data.py:96} WARNING - Failed to fetch data for Jefferson_Lerma_494: 404
[2025-10-29T09:02:54.264+0000] {fetch_api_data.py:96} WARNING - Failed to fetch data for Chris_Mepham_580: 404
[2025-10-29T09:02:54.948+0000] {fetch_api_data.py:96} WARNING - Failed to fetch data for Sam_Surridge_599: 404
[2025-10-29T09:02:55.600+0000] {fetch_api_data.py:96} WARNING - Failed to fetch data for Kyle_Taylor_600: 404
[2025-10-29T09:02:56.235+0000] {fetch_api_data.py:96} WARNING - Failed to fetch data for Nnamdi_Ofoborh_613: 404
[2025-10-29T09:02:56.953+0000] {fetch_api_data.py:96} WARNING - Failed to fetch data for Mark_Travers_616: 404
[2025-10-29T09:02:57.523+0000] {fetch_api_data.py:96} WARNING - Failed to fetch data for Matt_Butcher_620: 404
[2025-10-29T09:02:58.099+0000] {fetch_api_data.py:96} WARNING - Failed to fetch data for Mathew_Ryan_47: 404
[2025-10-29T09:02:58.733+0000] {fetch_api_data.py:96} WARNING - Failed to fetch data for Lewis_Dunk_48: 404
[2025-10-29T09:02:59.321+0000] {fetch_api_data.py:96} WARNING - Failed to fetch data for Shane_Duffy_49: 404
[2025-10-29T09:02:59.964+0000] {fetch_api_data.py:96} WARNING - Failed to fetch data for Bruno_Saltor Grau_50: 404
[2025-10-29T09:03:00.540+0000] {fetch_api_data.py:96} WARNING - Failed to fetch data for Gaëtan_Bong_51: 404
[2025-10-29T09:03:01.139+0000] {fetch_api_data.py:96} WARNING - Failed to fetch data for Markus_Suttner_52: 404
[2025-10-29T09:03:01.751+0000] {fetch_api_data.py:96} WARNING - Failed to fetch data for Ezequiel_Schelotto_53: 404
[2025-10-29T09:03:02.335+0000] {fetch_api_data.py:96} WARNING - Failed to fetch data for Leon_Balogun_54: 404
[2025-10-29T09:03:02.948+0000] {fetch_api_data.py:96} WARNING - Failed to fetch data for Anthony_Knockaert_55: 404
[2025-10-29T09:03:03.618+0000] {fetch_api_data.py:96} WARNING - Failed to fetch data for Dale_Stephens_56: 404
[2025-10-29T09:03:04.219+0000] {fetch_api_data.py:96} WARNING - Failed to fetch data for Beram_Kayal_57: 404
[2025-10-29T09:03:04.811+0000] {fetch_api_data.py:96} WARNING - Failed to fetch data for Solomon_March_58: 404
[2025-10-29T09:03:05.482+0000] {fetch_api_data.py:96} WARNING - Failed to fetch data for Pascal_Groß_59: 404
[2025-10-29T09:03:06.244+0000] {fetch_api_data.py:96} WARNING - Failed to fetch data for Davy_Pröpper_60: 404
[2025-10-29T09:03:06.838+0000] {fetch_api_data.py:96} WARNING - Failed to fetch data for José Heriberto_Izquierdo Mena_61: 404
[2025-10-29T09:03:07.471+0000] {fetch_api_data.py:96} WARNING - Failed to fetch data for Glenn_Murray_62: 404
[2025-10-29T09:03:08.122+0000] {fetch_api_data.py:96} WARNING - Failed to fetch data for Tomer_Hemed_63: 404
[2025-10-29T09:03:08.727+0000] {fetch_api_data.py:96} WARNING - Failed to fetch data for Sam_Baldock_64: 404
[2025-10-29T09:03:09.345+0000] {fetch_api_data.py:96} WARNING - Failed to fetch data for Jürgen_Locadia_65: 404
[2025-10-29T09:03:09.933+0000] {fetch_api_data.py:96} WARNING - Failed to fetch data for Florin_Andone_66: 404
[2025-10-29T09:03:10.517+0000] {fetch_api_data.py:96} WARNING - Failed to fetch data for David_Button_179: 404
[2025-10-29T09:03:11.206+0000] {fetch_api_data.py:96} WARNING - Failed to fetch data for Jason_Steele_439: 404
[2025-10-29T09:03:11.851+0000] {fetch_api_data.py:96} WARNING - Failed to fetch data for Bernardo_Fernandes da Silva Junior_440: 404
[2025-10-29T09:03:12.504+0000] {fetch_api_data.py:96} WARNING - Failed to fetch data for Yves_Bissouma_466: 404
[2025-10-29T09:03:13.061+0000] {fetch_api_data.py:96} WARNING - Failed to fetch data for Alireza_Jahanbakhsh_476: 404
[2025-10-29T09:03:13.775+0000] {fetch_api_data.py:96} WARNING - Failed to fetch data for Martín_Montoya_503: 404
[2025-10-29T09:03:14.574+0000] {fetch_api_data.py:96} WARNING - Failed to fetch data for Viktor_Gyokeres_551: 404
[2025-10-29T09:03:15.426+0000] {fetch_api_data.py:96} WARNING - Failed to fetch data for Ben_White_559: 404
[2025-10-29T09:03:16.042+0000] {fetch_api_data.py:96} WARNING - Failed to fetch data for Max_Sanders_572: 404
[2025-10-29T09:03:16.654+0000] {fetch_api_data.py:96} WARNING - Failed to fetch data for Dan_Burn_582: 404
[2025-10-29T09:03:17.290+0000] {fetch_api_data.py:96} WARNING - Failed to fetch data for Jayson_Molumby_617: 404
[2025-10-29T09:03:17.878+0000] {fetch_api_data.py:96} WARNING - Failed to fetch data for Tom_Heaton_67: 404
[2025-10-29T09:03:18.497+0000] {fetch_api_data.py:96} WARNING - Failed to fetch data for Nick_Pope_68: 404
[2025-10-29T09:03:19.200+0000] {fetch_api_data.py:96} WARNING - Failed to fetch data for Matthew_Lowton_69: 404
[2025-10-29T09:03:19.845+0000] {fetch_api_data.py:96} WARNING - Failed to fetch data for Ben_Mee_70: 404
[2025-10-29T09:03:20.484+0000] {fetch_api_data.py:96} WARNING - Failed to fetch data for Stephen_Ward_71: 404
[2025-10-29T09:03:21.076+0000] {fetch_api_data.py:96} WARNING - Failed to fetch data for James_Tarkowski_72: 404
[2025-10-29T09:03:21.687+0000] {fetch_api_data.py:96} WARNING - Failed to fetch data for Kevin_Long_73: 404
[2025-10-29T09:03:22.281+0000] {fetch_api_data.py:96} WARNING - Failed to fetch data for Charlie_Taylor_74: 404
[2025-10-29T09:03:22.901+0000] {fetch_api_data.py:96} WARNING - Failed to fetch data for Phil_Bardsley_75: 404
[2025-10-29T09:03:23.511+0000] {fetch_api_data.py:96} WARNING - Failed to fetch data for Johann Berg_Gudmundsson_76: 404
[2025-10-29T09:03:24.112+0000] {fetch_api_data.py:96} WARNING - Failed to fetch data for Steven_Defour_77: 404
[2025-10-29T09:03:24.723+0000] {fetch_api_data.py:96} WARNING - Failed to fetch data for Jeff_Hendrick_78: 404
[2025-10-29T09:03:25.325+0000] {fetch_api_data.py:96} WARNING - Failed to fetch data for Robbie_Brady_79: 404
[2025-10-29T09:03:25.977+0000] {fetch_api_data.py:96} WARNING - Failed to fetch data for Ashley_Westwood_80: 404
[2025-10-29T09:03:26.698+0000] {fetch_api_data.py:96} WARNING - Failed to fetch data for Jonathan_Walters_81: 404
[2025-10-29T09:03:27.302+0000] {fetch_api_data.py:96} WARNING - Failed to fetch data for Jack_Cork_82: 404
[2025-10-29T09:03:27.944+0000] {fetch_api_data.py:96} WARNING - Failed to fetch data for Aaron_Lennon_83: 404
[2025-10-29T09:03:28.585+0000] {fetch_api_data.py:96} WARNING - Failed to fetch data for Sam_Vokes_84: 404
[2025-10-29T09:03:29.235+0000] {fetch_api_data.py:96} WARNING - Failed to fetch data for Ashley_Barnes_85: 404
[2025-10-29T09:03:29.878+0000] {fetch_api_data.py:96} WARNING - Failed to fetch data for Nahki_Wells_86: 404
[2025-10-29T09:03:30.514+0000] {fetch_api_data.py:96} WARNING - Failed to fetch data for Chris_Wood_87: 404
[2025-10-29T09:03:31.143+0000] {fetch_api_data.py:96} WARNING - Failed to fetch data for Anders_Lindegaard_485: 404
[2025-10-29T09:03:31.721+0000] {fetch_api_data.py:96} WARNING - Failed to fetch data for Joe_Hart_490: 404
[2025-10-29T09:03:32.309+0000] {fetch_api_data.py:96} WARNING - Failed to fetch data for Ben_Gibson_491: 404
[2025-10-29T09:03:32.946+0000] {fetch_api_data.py:96} WARNING - Failed to fetch data for Matej_Vydra_495: 404
[2025-10-29T09:03:33.539+0000] {fetch_api_data.py:96} WARNING - Failed to fetch data for Dwight_McNeil_534: 404
[2025-10-29T09:03:34.170+0000] {fetch_api_data.py:96} WARNING - Failed to fetch data for Abd-Al-Ali Morakinyo Olaposi_Koiki_564: 404
[2025-10-29T09:03:34.760+0000] {fetch_api_data.py:96} WARNING - Failed to fetch data for Josh_Benson_583: 404
[2025-10-29T09:03:35.503+0000] {fetch_api_data.py:96} WARNING - Failed to fetch data for Peter_Crouch_590: 404
[2025-10-29T09:03:36.098+0000] {fetch_api_data.py:96} WARNING - Failed to fetch data for Anthony_Driscoll-Glennon_615: 404
[2025-10-29T09:03:36.717+0000] {fetch_api_data.py:96} WARNING - Failed to fetch data for Harry_Arter_33: 404
[2025-10-29T09:03:37.305+0000] {fetch_api_data.py:96} WARNING - Failed to fetch data for Neil_Etheridge_88: 404
[2025-10-29T09:03:37.974+0000] {fetch_api_data.py:96} WARNING - Failed to fetch data for Alex_Smithies_89: 404
[2025-10-29T09:03:38.596+0000] {fetch_api_data.py:96} WARNING - Failed to fetch data for Sean_Morrison_90: 404
[2025-10-29T09:03:39.205+0000] {fetch_api_data.py:96} WARNING - Failed to fetch data for Sol_Bamba_91: 404
[2025-10-29T09:03:39.834+0000] {fetch_api_data.py:96} WARNING - Failed to fetch data for Bruno_Ecuele Manga_92: 404
[2025-10-29T09:03:40.442+0000] {fetch_api_data.py:96} WARNING - Failed to fetch data for Matthew_Connolly_93: 404
[2025-10-29T09:03:41.027+0000] {fetch_api_data.py:96} WARNING - Failed to fetch data for Joe_Bennett_94: 404
[2025-10-29T09:03:41.642+0000] {fetch_api_data.py:96} WARNING - Failed to fetch data for Lee_Peltier_95: 404
[2025-10-29T09:03:42.277+0000] {fetch_api_data.py:96} WARNING - Failed to fetch data for Ashley Darel Jazz_Richards_96: 404
[2025-10-29T09:03:42.962+0000] {fetch_api_data.py:96} WARNING - Failed to fetch data for Greg_Halford_97: 404
[2025-10-29T09:03:43.629+0000] {fetch_api_data.py:96} WARNING - Failed to fetch data for Joe_Ralls_98: 404
[2025-10-29T09:03:44.260+0000] {fetch_api_data.py:96} WARNING - Failed to fetch data for David Junior_Hoilett_99: 404
[2025-10-29T09:03:44.900+0000] {fetch_api_data.py:96} WARNING - Failed to fetch data for Nathaniel_Mendez-Laing_100: 404
[2025-10-29T09:03:45.962+0000] {fetch_api_data.py:96} WARNING - Failed to fetch data for Callum_Paterson_101: 404
[2025-10-29T09:03:46.652+0000] {fetch_api_data.py:96} WARNING - Failed to fetch data for Aron_Gunnarsson_102: 404
[2025-10-29T09:03:46.666+0000] {local_task_job_runner.py:292} WARNING - State of this instance has been externally set to failed. Terminating instance.
[2025-10-29T09:03:46.677+0000] {process_utils.py:135} INFO - Sending Signals.SIGTERM to group 6038. PIDs of all processes in the group: [6038]
[2025-10-29T09:03:46.679+0000] {process_utils.py:86} INFO - Sending the signal Signals.SIGTERM to group 6038
[2025-10-29T09:03:46.705+0000] {taskinstance.py:1517} ERROR - Received SIGTERM. Terminating subprocesses.
[2025-10-29T09:03:46.711+0000] {variable.py:277} ERROR - Unable to retrieve variable from secrets backend (MetastoreBackend). Checking subsequent secrets backend.
Traceback (most recent call last):
  File "/home/airflow/.local/lib/python3.7/site-packages/airflow/models/variable.py", line 270, in get_variable_from_secrets
    var_val = secrets_backend.get_variable(key=key)
  File "/home/airflow/.local/lib/python3.7/site-packages/airflow/utils/session.py", line 76, in wrapper
    return func(*args, session=session, **kwargs)
  File "/home/airflow/.local/lib/python3.7/site-packages/airflow/secrets/metastore.py", line 68, in get_variable
    var_value = session.query(Variable).filter(Variable.key == key).first()
  File "/home/airflow/.local/lib/python3.7/site-packages/sqlalchemy/orm/query.py", line 2824, in first
    return self.limit(1)._iter().first()
  File "/home/airflow/.local/lib/python3.7/site-packages/sqlalchemy/orm/query.py", line 2919, in _iter
    execution_options={"_sa_orm_load_options": self.load_options},
  File "/home/airflow/.local/lib/python3.7/site-packages/sqlalchemy/orm/session.py", line 1716, in execute
    conn = self._connection_for_bind(bind)
  File "/home/airflow/.local/lib/python3.7/site-packages/sqlalchemy/orm/session.py", line 1556, in _connection_for_bind
    engine, execution_options
  File "/home/airflow/.local/lib/python3.7/site-packages/sqlalchemy/orm/session.py", line 750, in _connection_for_bind
    conn = bind.connect()
  File "/home/airflow/.local/lib/python3.7/site-packages/sqlalchemy/engine/base.py", line 3325, in connect
    return self._connection_cls(self, close_with_result=close_with_result)
  File "/home/airflow/.local/lib/python3.7/site-packages/sqlalchemy/engine/base.py", line 96, in __init__
    else engine.raw_connection()
  File "/home/airflow/.local/lib/python3.7/site-packages/sqlalchemy/engine/base.py", line 3404, in raw_connection
    return self._wrap_pool_connect(self.pool.connect, _connection)
  File "/home/airflow/.local/lib/python3.7/site-packages/sqlalchemy/engine/base.py", line 3371, in _wrap_pool_connect
    return fn()
  File "/home/airflow/.local/lib/python3.7/site-packages/sqlalchemy/pool/base.py", line 327, in connect
    return _ConnectionFairy._checkout(self)
  File "/home/airflow/.local/lib/python3.7/site-packages/sqlalchemy/pool/base.py", line 894, in _checkout
    fairy = _ConnectionRecord.checkout(pool)
  File "/home/airflow/.local/lib/python3.7/site-packages/sqlalchemy/pool/base.py", line 493, in checkout
    rec = pool._do_get()
  File "/home/airflow/.local/lib/python3.7/site-packages/sqlalchemy/pool/impl.py", line 256, in _do_get
    return self._create_connection()
  File "/home/airflow/.local/lib/python3.7/site-packages/sqlalchemy/pool/base.py", line 273, in _create_connection
    return _ConnectionRecord(self)
  File "/home/airflow/.local/lib/python3.7/site-packages/sqlalchemy/pool/base.py", line 388, in __init__
    self.__connect()
  File "/home/airflow/.local/lib/python3.7/site-packages/sqlalchemy/pool/base.py", line 691, in __connect
    pool.logger.debug("Error on connect(): %s", e)
  File "/home/airflow/.local/lib/python3.7/site-packages/sqlalchemy/util/langhelpers.py", line 72, in __exit__
    with_traceback=exc_tb,
  File "/home/airflow/.local/lib/python3.7/site-packages/sqlalchemy/util/compat.py", line 211, in raise_
    raise exception
  File "/home/airflow/.local/lib/python3.7/site-packages/sqlalchemy/pool/base.py", line 686, in __connect
    self.dbapi_connection = connection = pool._invoke_creator(self)
  File "/home/airflow/.local/lib/python3.7/site-packages/sqlalchemy/engine/create.py", line 574, in connect
    return dialect.connect(*cargs, **cparams)
  File "/home/airflow/.local/lib/python3.7/site-packages/sqlalchemy/engine/default.py", line 598, in connect
    return self.dbapi.connect(*cargs, **cparams)
  File "/home/airflow/.local/lib/python3.7/site-packages/psycopg2/__init__.py", line 122, in connect
    conn = _connect(dsn, connection_factory=connection_factory, **kwasync)
  File "/home/airflow/.local/lib/python3.7/site-packages/airflow/models/taskinstance.py", line 1519, in signal_handler
    raise AirflowException("Task received SIGTERM signal")
airflow.exceptions.AirflowException: Task received SIGTERM signal
[2025-10-29T09:03:46.778+0000] {taskinstance.py:1824} ERROR - Task failed with exception
Traceback (most recent call last):
  File "/home/airflow/.local/lib/python3.7/site-packages/airflow/decorators/base.py", line 220, in execute
    return_value = super().execute(context)
  File "/home/airflow/.local/lib/python3.7/site-packages/airflow/operators/python.py", line 181, in execute
    return_value = self.execute_callable()
  File "/home/airflow/.local/lib/python3.7/site-packages/airflow/operators/python.py", line 198, in execute_callable
    return self.python_callable(*self.op_args, **self.op_kwargs)
  File "/opt/airflow/dags/fpl_gameweeks_dag.py", line 110, in fetch_players_gw_task
    season, category=None, endpoint=endpoint, player_folder=player_folder
  File "/opt/airflow/scripts/utils/fetch_api_data.py", line 83, in fetch_data_from_api
    url = f"{Variable.get('FIXTURES_BASE_URL')}{season}/players/{player}/{endpoint}"
  File "/home/airflow/.local/lib/python3.7/site-packages/airflow/models/variable.py", line 142, in get
    raise KeyError(f"Variable {key} does not exist")
KeyError: 'Variable FIXTURES_BASE_URL does not exist'
[2025-10-29T09:03:46.845+0000] {taskinstance.py:1350} INFO - Marking task as FAILED. dag_id=fpl_gameweeks_etl, task_id=fetch_players_gw_task, map_index=6, execution_date=20251029T090140, start_date=20251029T090205, end_date=20251029T090346
[2025-10-29T09:03:46.907+0000] {standard_task_runner.py:109} ERROR - Failed to execute job 447 for task fetch_players_gw_task ('Variable FIXTURES_BASE_URL does not exist'; 6038)
[2025-10-29T09:03:46.980+0000] {process_utils.py:79} INFO - Process psutil.Process(pid=6038, status='terminated', exitcode=1, started='09:02:04') (6038) terminated with exit code 1
