[2025-10-26T11:03:11.278+0000] {taskinstance.py:1103} INFO - Dependencies all met for dep_context=non-requeueable deps ti=<TaskInstance: fpl_gameweeks_etl.fetch_players_gw_task manual__2025-10-26T10:45:30.190961+00:00 map_index=525 [queued]>
[2025-10-26T11:03:11.392+0000] {taskinstance.py:1103} INFO - Dependencies all met for dep_context=requeueable deps ti=<TaskInstance: fpl_gameweeks_etl.fetch_players_gw_task manual__2025-10-26T10:45:30.190961+00:00 map_index=525 [queued]>
[2025-10-26T11:03:11.393+0000] {taskinstance.py:1308} INFO - Starting attempt 1 of 2
[2025-10-26T11:03:11.419+0000] {taskinstance.py:1327} INFO - Executing <Mapped(_PythonDecoratedOperator): fetch_players_gw_task> on 2025-10-26 10:45:30.190961+00:00
[2025-10-26T11:03:11.429+0000] {standard_task_runner.py:57} INFO - Started process 347 to run task
[2025-10-26T11:03:11.433+0000] {standard_task_runner.py:84} INFO - Running: ['airflow', 'tasks', 'run', 'fpl_gameweeks_etl', 'fetch_players_gw_task', 'manual__2025-10-26T10:45:30.190961+00:00', '--job-id', '7784', '--raw', '--subdir', 'DAGS_FOLDER/fpl_gameweeks_dag.py', '--cfg-path', '/tmp/tmpqczyoxgt', '--map-index', '525']
[2025-10-26T11:03:11.434+0000] {standard_task_runner.py:85} INFO - Job 7784: Subtask fetch_players_gw_task
[2025-10-26T11:03:11.551+0000] {task_command.py:410} INFO - Running <TaskInstance: fpl_gameweeks_etl.fetch_players_gw_task manual__2025-10-26T10:45:30.190961+00:00 map_index=525 [running]> on host 9845efddf180
[2025-10-26T11:03:13.019+0000] {taskinstance.py:1547} INFO - Exporting env vars: AIRFLOW_CTX_DAG_OWNER='richardilemon' AIRFLOW_CTX_DAG_ID='fpl_gameweeks_etl' AIRFLOW_CTX_TASK_ID='fetch_players_gw_task' AIRFLOW_CTX_EXECUTION_DATE='2025-10-26T10:45:30.190961+00:00' AIRFLOW_CTX_TRY_NUMBER='1' AIRFLOW_CTX_DAG_RUN_ID='manual__2025-10-26T10:45:30.190961+00:00'
[2025-10-26T11:03:13.545+0000] {fetch_api_data.py:66} INFO - Requested Url -> https://raw.githubusercontent.com/vaastav/Fantasy-Premier-League/master/data/2018-19/players/T/gw.csv
[2025-10-26T11:03:14.187+0000] {fetch_api_data.py:66} INFO - Requested Url -> https://raw.githubusercontent.com/vaastav/Fantasy-Premier-League/master/data/2018-19/players/i/gw.csv
[2025-10-26T11:03:14.666+0000] {fetch_api_data.py:66} INFO - Requested Url -> https://raw.githubusercontent.com/vaastav/Fantasy-Premier-League/master/data/2018-19/players/m/gw.csv
[2025-10-26T11:03:15.315+0000] {fetch_api_data.py:66} INFO - Requested Url -> https://raw.githubusercontent.com/vaastav/Fantasy-Premier-League/master/data/2018-19/players/o/gw.csv
[2025-10-26T11:03:16.080+0000] {fetch_api_data.py:66} INFO - Requested Url -> https://raw.githubusercontent.com/vaastav/Fantasy-Premier-League/master/data/2018-19/players/t/gw.csv
[2025-10-26T11:03:16.701+0000] {fetch_api_data.py:66} INFO - Requested Url -> https://raw.githubusercontent.com/vaastav/Fantasy-Premier-League/master/data/2018-19/players/h/gw.csv
[2025-10-26T11:03:17.275+0000] {fetch_api_data.py:66} INFO - Requested Url -> https://raw.githubusercontent.com/vaastav/Fantasy-Premier-League/master/data/2018-19/players/y/gw.csv
[2025-10-26T11:03:18.045+0000] {fetch_api_data.py:66} INFO - Requested Url -> https://raw.githubusercontent.com/vaastav/Fantasy-Premier-League/master/data/2018-19/players/_/gw.csv
[2025-10-26T11:03:25.581+0000] {fetch_api_data.py:66} INFO - Requested Url -> https://raw.githubusercontent.com/vaastav/Fantasy-Premier-League/master/data/2018-19/players/E/gw.csv
[2025-10-26T11:03:32.039+0000] {fetch_api_data.py:66} INFO - Requested Url -> https://raw.githubusercontent.com/vaastav/Fantasy-Premier-League/master/data/2018-19/players/y/gw.csv
[2025-10-26T11:03:35.202+0000] {fetch_api_data.py:66} INFO - Requested Url -> https://raw.githubusercontent.com/vaastav/Fantasy-Premier-League/master/data/2018-19/players/o/gw.csv
[2025-10-26T11:03:37.042+0000] {fetch_api_data.py:66} INFO - Requested Url -> https://raw.githubusercontent.com/vaastav/Fantasy-Premier-League/master/data/2018-19/players/m/gw.csv
[2025-10-26T11:03:39.209+0000] {fetch_api_data.py:66} INFO - Requested Url -> https://raw.githubusercontent.com/vaastav/Fantasy-Premier-League/master/data/2018-19/players/a/gw.csv
[2025-10-26T11:03:40.314+0000] {fetch_api_data.py:66} INFO - Requested Url -> https://raw.githubusercontent.com/vaastav/Fantasy-Premier-League/master/data/2018-19/players/_/gw.csv
[2025-10-26T11:03:41.440+0000] {fetch_api_data.py:66} INFO - Requested Url -> https://raw.githubusercontent.com/vaastav/Fantasy-Premier-League/master/data/2018-19/players/5/gw.csv
[2025-10-26T11:03:42.344+0000] {fetch_api_data.py:66} INFO - Requested Url -> https://raw.githubusercontent.com/vaastav/Fantasy-Premier-League/master/data/2018-19/players/6/gw.csv
[2025-10-26T11:03:43.924+0000] {fetch_api_data.py:66} INFO - Requested Url -> https://raw.githubusercontent.com/vaastav/Fantasy-Premier-League/master/data/2018-19/players/1/gw.csv
[2025-10-26T11:03:43.933+0000] {python.py:183} INFO - Done. Returned value was: []
[2025-10-26T11:03:44.071+0000] {taskinstance.py:1350} INFO - Marking task as SUCCESS. dag_id=fpl_gameweeks_etl, task_id=fetch_players_gw_task, map_index=525, execution_date=20251026T104530, start_date=20251026T110311, end_date=20251026T110344
[2025-10-26T11:03:44.221+0000] {local_task_job_runner.py:225} INFO - Task exited with return code 0
[2025-10-26T11:04:31.608+0000] {taskinstance.py:2653} INFO - 0 downstream tasks scheduled from follow-on schedule check
