[2025-10-29T13:32:55.348+0000] {taskinstance.py:1103} INFO - Dependencies all met for dep_context=non-requeueable deps ti=<TaskInstance: fpl_gameweeks_etl.fetch_players_gw_task manual__2025-10-29T13:32:15.187132+00:00 map_index=6 [queued]>
[2025-10-29T13:32:55.394+0000] {taskinstance.py:1103} INFO - Dependencies all met for dep_context=requeueable deps ti=<TaskInstance: fpl_gameweeks_etl.fetch_players_gw_task manual__2025-10-29T13:32:15.187132+00:00 map_index=6 [queued]>
[2025-10-29T13:32:55.396+0000] {taskinstance.py:1308} INFO - Starting attempt 1 of 2
[2025-10-29T13:32:56.070+0000] {taskinstance.py:1327} INFO - Executing <Mapped(_PythonDecoratedOperator): fetch_players_gw_task> on 2025-10-29 13:32:15.187132+00:00
[2025-10-29T13:32:56.096+0000] {standard_task_runner.py:57} INFO - Started process 13944 to run task
[2025-10-29T13:32:56.106+0000] {standard_task_runner.py:84} INFO - Running: ['airflow', 'tasks', 'run', 'fpl_gameweeks_etl', 'fetch_players_gw_task', 'manual__2025-10-29T13:32:15.187132+00:00', '--job-id', '989', '--raw', '--subdir', 'DAGS_FOLDER/fpl_gameweeks_dag.py', '--cfg-path', '/tmp/tmpninldyd1', '--map-index', '6']
[2025-10-29T13:32:56.111+0000] {standard_task_runner.py:85} INFO - Job 989: Subtask fetch_players_gw_task
[2025-10-29T13:32:56.410+0000] {task_command.py:410} INFO - Running <TaskInstance: fpl_gameweeks_etl.fetch_players_gw_task manual__2025-10-29T13:32:15.187132+00:00 map_index=6 [running]> on host dede24b5451e
[2025-10-29T13:32:56.968+0000] {taskinstance.py:1547} INFO - Exporting env vars: AIRFLOW_CTX_DAG_OWNER='richardilemon' AIRFLOW_CTX_DAG_ID='fpl_gameweeks_etl' AIRFLOW_CTX_TASK_ID='fetch_players_gw_task' AIRFLOW_CTX_EXECUTION_DATE='2025-10-29T13:32:15.187132+00:00' AIRFLOW_CTX_TRY_NUMBER='1' AIRFLOW_CTX_DAG_RUN_ID='manual__2025-10-29T13:32:15.187132+00:00'
[2025-10-29T13:32:57.602+0000] {fetch_api_data.py:79} WARNING - Failed to fetch data for Petr_Cech_1: 404
[2025-10-29T13:32:58.138+0000] {fetch_api_data.py:79} WARNING - Failed to fetch data for Bernd_Leno_2: 404
[2025-10-29T13:32:58.667+0000] {fetch_api_data.py:79} WARNING - Failed to fetch data for Laurent_Koscielny_3: 404
[2025-10-29T13:32:59.157+0000] {fetch_api_data.py:79} WARNING - Failed to fetch data for Héctor_Bellerín_4: 404
[2025-10-29T13:32:59.711+0000] {fetch_api_data.py:79} WARNING - Failed to fetch data for Nacho_Monreal_5: 404
[2025-10-29T13:33:00.192+0000] {fetch_api_data.py:79} WARNING - Failed to fetch data for Rob_Holding_6: 404
[2025-10-29T13:33:00.690+0000] {fetch_api_data.py:79} WARNING - Failed to fetch data for Shkodran_Mustafi_7: 404
[2025-10-29T13:33:01.240+0000] {fetch_api_data.py:79} WARNING - Failed to fetch data for Sead_Kolasinac_8: 404
[2025-10-29T13:33:01.737+0000] {fetch_api_data.py:79} WARNING - Failed to fetch data for Konstantinos_Mavropanos_10: 404
[2025-10-29T13:33:02.251+0000] {fetch_api_data.py:79} WARNING - Failed to fetch data for Stephan_Lichtsteiner_11: 404
[2025-10-29T13:33:02.764+0000] {fetch_api_data.py:79} WARNING - Failed to fetch data for Sokratis_Papastathopoulos_12: 404
[2025-10-29T13:33:03.251+0000] {fetch_api_data.py:79} WARNING - Failed to fetch data for Mesut_Özil_13: 404
[2025-10-29T13:33:03.770+0000] {fetch_api_data.py:79} WARNING - Failed to fetch data for Aaron_Ramsey_14: 404
[2025-10-29T13:33:04.405+0000] {fetch_api_data.py:79} WARNING - Failed to fetch data for Alex_Iwobi_15: 404
[2025-10-29T13:33:05.078+0000] {fetch_api_data.py:79} WARNING - Failed to fetch data for Mohamed_Elneny_16: 404
[2025-10-29T13:33:05.588+0000] {fetch_api_data.py:79} WARNING - Failed to fetch data for Granit_Xhaka_17: 404
[2025-10-29T13:33:06.086+0000] {fetch_api_data.py:79} WARNING - Failed to fetch data for Henrikh_Mkhitaryan_18: 404
[2025-10-29T13:33:06.605+0000] {fetch_api_data.py:79} WARNING - Failed to fetch data for Reiss_Nelson_19: 404
[2025-10-29T13:33:07.082+0000] {fetch_api_data.py:79} WARNING - Failed to fetch data for Ainsley_Maitland-Niles_20: 404
[2025-10-29T13:33:07.543+0000] {fetch_api_data.py:79} WARNING - Failed to fetch data for Danny_Welbeck_21: 404
[2025-10-29T13:33:08.078+0000] {fetch_api_data.py:79} WARNING - Failed to fetch data for Alexandre_Lacazette_22: 404
[2025-10-29T13:33:08.553+0000] {fetch_api_data.py:79} WARNING - Failed to fetch data for Pierre-Emerick_Aubameyang_23: 404
[2025-10-29T13:33:09.054+0000] {fetch_api_data.py:79} WARNING - Failed to fetch data for Lucas_Torreira_450: 404
[2025-10-29T13:33:09.516+0000] {fetch_api_data.py:79} WARNING - Failed to fetch data for Matteo_Guendouzi_451: 404
[2025-10-29T13:33:10.021+0000] {fetch_api_data.py:79} WARNING - Failed to fetch data for Emiliano_Martínez_542: 404
[2025-10-29T13:33:10.521+0000] {fetch_api_data.py:79} WARNING - Failed to fetch data for Emile_Smith-Rowe_545: 404
[2025-10-29T13:33:11.170+0000] {fetch_api_data.py:79} WARNING - Failed to fetch data for Zech_Medley_546: 404
[2025-10-29T13:33:11.738+0000] {fetch_api_data.py:79} WARNING - Failed to fetch data for Edward_Nketiah_552: 404
[2025-10-29T13:33:12.206+0000] {fetch_api_data.py:79} WARNING - Failed to fetch data for Bukayo_Saka_563: 404
[2025-10-29T13:33:12.688+0000] {fetch_api_data.py:79} WARNING - Failed to fetch data for Joseph_Willock_566: 404
[2025-10-29T13:33:13.211+0000] {fetch_api_data.py:79} WARNING - Failed to fetch data for Carl_Jenkinson_581: 404
[2025-10-29T13:33:13.783+0000] {fetch_api_data.py:79} WARNING - Failed to fetch data for Denis_Suárez_586: 404
[2025-10-29T13:33:14.534+0000] {fetch_api_data.py:79} WARNING - Failed to fetch data for Asmir_Begovic_24: 404
[2025-10-29T13:33:15.142+0000] {fetch_api_data.py:79} WARNING - Failed to fetch data for Artur_Boruc_25: 404
[2025-10-29T13:33:16.022+0000] {fetch_api_data.py:79} WARNING - Failed to fetch data for Simon_Francis_26: 404
[2025-10-29T13:33:16.489+0000] {fetch_api_data.py:79} WARNING - Failed to fetch data for Steve_Cook_27: 404
[2025-10-29T13:33:17.048+0000] {fetch_api_data.py:79} WARNING - Failed to fetch data for Charlie_Daniels_28: 404
[2025-10-29T13:33:17.572+0000] {fetch_api_data.py:79} WARNING - Failed to fetch data for Adam_Smith_29: 404
[2025-10-29T13:33:18.099+0000] {fetch_api_data.py:79} WARNING - Failed to fetch data for Tyrone_Mings_30: 404
[2025-10-29T13:33:18.602+0000] {fetch_api_data.py:79} WARNING - Failed to fetch data for Nathan_Aké_31: 404
[2025-10-29T13:33:19.093+0000] {fetch_api_data.py:79} WARNING - Failed to fetch data for Jack_Simpson_32: 404
[2025-10-29T13:33:19.744+0000] {fetch_api_data.py:79} WARNING - Failed to fetch data for Marc_Pugh_34: 404
[2025-10-29T13:33:20.403+0000] {fetch_api_data.py:79} WARNING - Failed to fetch data for Andrew_Surman_35: 404
[2025-10-29T13:33:20.845+0000] {fetch_api_data.py:79} WARNING - Failed to fetch data for Junior_Stanislas_36: 404
[2025-10-29T13:33:21.362+0000] {fetch_api_data.py:79} WARNING - Failed to fetch data for Dan_Gosling_37: 404
[2025-10-29T13:33:21.877+0000] {fetch_api_data.py:79} WARNING - Failed to fetch data for Jordon_Ibe_38: 404
[2025-10-29T13:33:22.610+0000] {fetch_api_data.py:79} WARNING - Failed to fetch data for Lewis_Cook_39: 404
[2025-10-29T13:33:23.458+0000] {fetch_api_data.py:79} WARNING - Failed to fetch data for Ryan_Fraser_40: 404
[2025-10-29T13:33:23.964+0000] {fetch_api_data.py:79} WARNING - Failed to fetch data for Emerson_Hyndman_41: 404
[2025-10-29T13:33:24.516+0000] {fetch_api_data.py:79} WARNING - Failed to fetch data for David_Brooks_42: 404
[2025-10-29T13:33:25.034+0000] {fetch_api_data.py:79} WARNING - Failed to fetch data for Callum_Wilson_43: 404
[2025-10-29T13:33:25.562+0000] {fetch_api_data.py:79} WARNING - Failed to fetch data for Lys_Mousset_44: 404
[2025-10-29T13:33:26.149+0000] {fetch_api_data.py:79} WARNING - Failed to fetch data for Joshua_King_45: 404
[2025-10-29T13:33:26.998+0000] {fetch_api_data.py:79} WARNING - Failed to fetch data for Jermain_Defoe_46: 404
[2025-10-29T13:33:27.499+0000] {fetch_api_data.py:79} WARNING - Failed to fetch data for Nathaniel_Clyne_241: 404
[2025-10-29T13:33:28.001+0000] {fetch_api_data.py:79} WARNING - Failed to fetch data for Dominic_Solanke_259: 404
[2025-10-29T13:33:28.555+0000] {fetch_api_data.py:79} WARNING - Failed to fetch data for Diego_Rico_473: 404
[2025-10-29T13:33:29.060+0000] {fetch_api_data.py:79} WARNING - Failed to fetch data for Jefferson_Lerma_494: 404
[2025-10-29T13:33:29.555+0000] {fetch_api_data.py:79} WARNING - Failed to fetch data for Chris_Mepham_580: 404
[2025-10-29T13:33:30.009+0000] {fetch_api_data.py:79} WARNING - Failed to fetch data for Sam_Surridge_599: 404
[2025-10-29T13:33:30.640+0000] {fetch_api_data.py:79} WARNING - Failed to fetch data for Kyle_Taylor_600: 404
[2025-10-29T13:33:31.301+0000] {fetch_api_data.py:79} WARNING - Failed to fetch data for Nnamdi_Ofoborh_613: 404
[2025-10-29T13:33:31.879+0000] {fetch_api_data.py:79} WARNING - Failed to fetch data for Mark_Travers_616: 404
[2025-10-29T13:33:32.357+0000] {fetch_api_data.py:79} WARNING - Failed to fetch data for Matt_Butcher_620: 404
[2025-10-29T13:33:32.837+0000] {fetch_api_data.py:79} WARNING - Failed to fetch data for Mathew_Ryan_47: 404
[2025-10-29T13:33:33.324+0000] {fetch_api_data.py:79} WARNING - Failed to fetch data for Lewis_Dunk_48: 404
[2025-10-29T13:33:33.770+0000] {fetch_api_data.py:79} WARNING - Failed to fetch data for Shane_Duffy_49: 404
[2025-10-29T13:33:34.317+0000] {fetch_api_data.py:79} WARNING - Failed to fetch data for Bruno_Saltor Grau_50: 404
[2025-10-29T13:33:34.800+0000] {fetch_api_data.py:79} WARNING - Failed to fetch data for Gaëtan_Bong_51: 404
[2025-10-29T13:33:35.254+0000] {fetch_api_data.py:79} WARNING - Failed to fetch data for Markus_Suttner_52: 404
[2025-10-29T13:33:35.936+0000] {fetch_api_data.py:79} WARNING - Failed to fetch data for Ezequiel_Schelotto_53: 404
[2025-10-29T13:33:36.723+0000] {fetch_api_data.py:79} WARNING - Failed to fetch data for Leon_Balogun_54: 404
[2025-10-29T13:33:37.295+0000] {fetch_api_data.py:79} WARNING - Failed to fetch data for Anthony_Knockaert_55: 404
[2025-10-29T13:33:37.791+0000] {fetch_api_data.py:79} WARNING - Failed to fetch data for Dale_Stephens_56: 404
[2025-10-29T13:33:38.252+0000] {fetch_api_data.py:79} WARNING - Failed to fetch data for Beram_Kayal_57: 404
[2025-10-29T13:33:38.731+0000] {fetch_api_data.py:79} WARNING - Failed to fetch data for Solomon_March_58: 404
[2025-10-29T13:33:39.229+0000] {fetch_api_data.py:79} WARNING - Failed to fetch data for Pascal_Groß_59: 404
[2025-10-29T13:33:39.735+0000] {fetch_api_data.py:79} WARNING - Failed to fetch data for Davy_Pröpper_60: 404
[2025-10-29T13:33:40.247+0000] {fetch_api_data.py:79} WARNING - Failed to fetch data for José Heriberto_Izquierdo Mena_61: 404
[2025-10-29T13:33:40.730+0000] {fetch_api_data.py:79} WARNING - Failed to fetch data for Glenn_Murray_62: 404
[2025-10-29T13:33:41.247+0000] {fetch_api_data.py:79} WARNING - Failed to fetch data for Tomer_Hemed_63: 404
[2025-10-29T13:33:41.801+0000] {fetch_api_data.py:79} WARNING - Failed to fetch data for Sam_Baldock_64: 404
[2025-10-29T13:33:42.409+0000] {fetch_api_data.py:79} WARNING - Failed to fetch data for Jürgen_Locadia_65: 404
[2025-10-29T13:33:42.930+0000] {fetch_api_data.py:79} WARNING - Failed to fetch data for Florin_Andone_66: 404
[2025-10-29T13:33:43.404+0000] {fetch_api_data.py:79} WARNING - Failed to fetch data for David_Button_179: 404
[2025-10-29T13:33:43.962+0000] {fetch_api_data.py:79} WARNING - Failed to fetch data for Jason_Steele_439: 404
[2025-10-29T13:33:44.531+0000] {fetch_api_data.py:79} WARNING - Failed to fetch data for Bernardo_Fernandes da Silva Junior_440: 404
[2025-10-29T13:33:45.058+0000] {fetch_api_data.py:79} WARNING - Failed to fetch data for Yves_Bissouma_466: 404
[2025-10-29T13:33:45.570+0000] {fetch_api_data.py:79} WARNING - Failed to fetch data for Alireza_Jahanbakhsh_476: 404
[2025-10-29T13:33:46.054+0000] {fetch_api_data.py:79} WARNING - Failed to fetch data for Martín_Montoya_503: 404
[2025-10-29T13:33:46.557+0000] {fetch_api_data.py:79} WARNING - Failed to fetch data for Viktor_Gyokeres_551: 404
[2025-10-29T13:33:47.002+0000] {fetch_api_data.py:79} WARNING - Failed to fetch data for Ben_White_559: 404
[2025-10-29T13:33:47.521+0000] {fetch_api_data.py:79} WARNING - Failed to fetch data for Max_Sanders_572: 404
[2025-10-29T13:33:48.014+0000] {fetch_api_data.py:79} WARNING - Failed to fetch data for Dan_Burn_582: 404
[2025-10-29T13:33:48.489+0000] {fetch_api_data.py:79} WARNING - Failed to fetch data for Jayson_Molumby_617: 404
[2025-10-29T13:33:49.001+0000] {fetch_api_data.py:79} WARNING - Failed to fetch data for Tom_Heaton_67: 404
[2025-10-29T13:33:49.507+0000] {fetch_api_data.py:79} WARNING - Failed to fetch data for Nick_Pope_68: 404
[2025-10-29T13:33:50.336+0000] {fetch_api_data.py:79} WARNING - Failed to fetch data for Matthew_Lowton_69: 404
[2025-10-29T13:33:51.106+0000] {fetch_api_data.py:79} WARNING - Failed to fetch data for Ben_Mee_70: 404
[2025-10-29T13:33:51.933+0000] {fetch_api_data.py:79} WARNING - Failed to fetch data for Stephen_Ward_71: 404
[2025-10-29T13:33:52.599+0000] {fetch_api_data.py:79} WARNING - Failed to fetch data for James_Tarkowski_72: 404
[2025-10-29T13:33:53.070+0000] {fetch_api_data.py:79} WARNING - Failed to fetch data for Kevin_Long_73: 404
[2025-10-29T13:33:53.534+0000] {fetch_api_data.py:79} WARNING - Failed to fetch data for Charlie_Taylor_74: 404
[2025-10-29T13:33:53.997+0000] {fetch_api_data.py:79} WARNING - Failed to fetch data for Phil_Bardsley_75: 404
[2025-10-29T13:33:54.484+0000] {fetch_api_data.py:79} WARNING - Failed to fetch data for Johann Berg_Gudmundsson_76: 404
[2025-10-29T13:33:54.997+0000] {fetch_api_data.py:79} WARNING - Failed to fetch data for Steven_Defour_77: 404
[2025-10-29T13:33:55.442+0000] {fetch_api_data.py:79} WARNING - Failed to fetch data for Jeff_Hendrick_78: 404
[2025-10-29T13:33:55.954+0000] {fetch_api_data.py:79} WARNING - Failed to fetch data for Robbie_Brady_79: 404
[2025-10-29T13:33:56.875+0000] {fetch_api_data.py:79} WARNING - Failed to fetch data for Ashley_Westwood_80: 404
[2025-10-29T13:33:57.377+0000] {fetch_api_data.py:79} WARNING - Failed to fetch data for Jonathan_Walters_81: 404
[2025-10-29T13:33:57.872+0000] {fetch_api_data.py:79} WARNING - Failed to fetch data for Jack_Cork_82: 404
[2025-10-29T13:33:58.352+0000] {fetch_api_data.py:79} WARNING - Failed to fetch data for Aaron_Lennon_83: 404
[2025-10-29T13:33:58.861+0000] {fetch_api_data.py:79} WARNING - Failed to fetch data for Sam_Vokes_84: 404
[2025-10-29T13:33:59.817+0000] {fetch_api_data.py:79} WARNING - Failed to fetch data for Ashley_Barnes_85: 404
[2025-10-29T13:34:00.605+0000] {fetch_api_data.py:79} WARNING - Failed to fetch data for Nahki_Wells_86: 404
[2025-10-29T13:34:01.191+0000] {fetch_api_data.py:79} WARNING - Failed to fetch data for Chris_Wood_87: 404
[2025-10-29T13:34:01.732+0000] {fetch_api_data.py:79} WARNING - Failed to fetch data for Anders_Lindegaard_485: 404
[2025-10-29T13:34:02.274+0000] {fetch_api_data.py:79} WARNING - Failed to fetch data for Joe_Hart_490: 404
[2025-10-29T13:34:02.798+0000] {fetch_api_data.py:79} WARNING - Failed to fetch data for Ben_Gibson_491: 404
[2025-10-29T13:34:03.303+0000] {fetch_api_data.py:79} WARNING - Failed to fetch data for Matej_Vydra_495: 404
[2025-10-29T13:34:03.762+0000] {fetch_api_data.py:79} WARNING - Failed to fetch data for Dwight_McNeil_534: 404
[2025-10-29T13:34:05.395+0000] {fetch_api_data.py:79} WARNING - Failed to fetch data for Abd-Al-Ali Morakinyo Olaposi_Koiki_564: 404
[2025-10-29T13:34:05.998+0000] {fetch_api_data.py:79} WARNING - Failed to fetch data for Josh_Benson_583: 404
[2025-10-29T13:34:06.609+0000] {fetch_api_data.py:79} WARNING - Failed to fetch data for Peter_Crouch_590: 404
[2025-10-29T13:34:07.333+0000] {fetch_api_data.py:79} WARNING - Failed to fetch data for Anthony_Driscoll-Glennon_615: 404
[2025-10-29T13:34:07.916+0000] {fetch_api_data.py:79} WARNING - Failed to fetch data for Harry_Arter_33: 404
[2025-10-29T13:34:08.418+0000] {fetch_api_data.py:79} WARNING - Failed to fetch data for Neil_Etheridge_88: 404
[2025-10-29T13:34:08.932+0000] {fetch_api_data.py:79} WARNING - Failed to fetch data for Alex_Smithies_89: 404
[2025-10-29T13:34:09.418+0000] {fetch_api_data.py:79} WARNING - Failed to fetch data for Sean_Morrison_90: 404
[2025-10-29T13:34:09.920+0000] {fetch_api_data.py:79} WARNING - Failed to fetch data for Sol_Bamba_91: 404
[2025-10-29T13:34:10.440+0000] {fetch_api_data.py:79} WARNING - Failed to fetch data for Bruno_Ecuele Manga_92: 404
[2025-10-29T13:34:10.910+0000] {fetch_api_data.py:79} WARNING - Failed to fetch data for Matthew_Connolly_93: 404
[2025-10-29T13:34:11.435+0000] {fetch_api_data.py:79} WARNING - Failed to fetch data for Joe_Bennett_94: 404
[2025-10-29T13:34:12.049+0000] {fetch_api_data.py:79} WARNING - Failed to fetch data for Lee_Peltier_95: 404
[2025-10-29T13:34:12.587+0000] {fetch_api_data.py:79} WARNING - Failed to fetch data for Ashley Darel Jazz_Richards_96: 404
[2025-10-29T13:34:13.086+0000] {fetch_api_data.py:79} WARNING - Failed to fetch data for Greg_Halford_97: 404
[2025-10-29T13:34:13.587+0000] {fetch_api_data.py:79} WARNING - Failed to fetch data for Joe_Ralls_98: 404
[2025-10-29T13:34:14.200+0000] {fetch_api_data.py:79} WARNING - Failed to fetch data for David Junior_Hoilett_99: 404
[2025-10-29T13:34:14.937+0000] {fetch_api_data.py:79} WARNING - Failed to fetch data for Nathaniel_Mendez-Laing_100: 404
[2025-10-29T13:34:15.521+0000] {fetch_api_data.py:79} WARNING - Failed to fetch data for Callum_Paterson_101: 404
[2025-10-29T13:34:16.041+0000] {fetch_api_data.py:79} WARNING - Failed to fetch data for Aron_Gunnarsson_102: 404
[2025-10-29T13:34:16.539+0000] {fetch_api_data.py:79} WARNING - Failed to fetch data for Anthony_Pilkington_103: 404
[2025-10-29T13:34:17.014+0000] {fetch_api_data.py:79} WARNING - Failed to fetch data for Loïc_Damour_104: 404
[2025-10-29T13:34:17.515+0000] {fetch_api_data.py:79} WARNING - Failed to fetch data for Danny_Ward_105: 404
[2025-10-29T13:34:18.009+0000] {fetch_api_data.py:79} WARNING - Failed to fetch data for Josh_Murphy_106: 404
[2025-10-29T13:34:18.609+0000] {fetch_api_data.py:79} WARNING - Failed to fetch data for Kenneth_Zohore_107: 404
[2025-10-29T13:34:19.481+0000] {fetch_api_data.py:79} WARNING - Failed to fetch data for Omar_Bogle_108: 404
[2025-10-29T13:34:19.971+0000] {fetch_api_data.py:79} WARNING - Failed to fetch data for Gary_Madine_109: 404
[2025-10-29T13:34:20.443+0000] {fetch_api_data.py:79} WARNING - Failed to fetch data for Bobby_Reid_110: 404
[2025-10-29T13:34:20.893+0000] {fetch_api_data.py:79} WARNING - Failed to fetch data for Oumar_Niasse_176: 404
[2025-10-29T13:34:21.399+0000] {fetch_api_data.py:79} WARNING - Failed to fetch data for Greg_Cunninghamm_467: 404
[2025-10-29T13:34:21.935+0000] {fetch_api_data.py:79} WARNING - Failed to fetch data for Víctor_Camarasa_504: 404
[2025-10-29T13:34:22.548+0000] {fetch_api_data.py:79} WARNING - Failed to fetch data for Kadeem_Harris_535: 404
[2025-10-29T13:34:23.189+0000] {fetch_api_data.py:79} WARNING - Failed to fetch data for Brian_Murphy_537: 404
[2025-10-29T13:34:23.785+0000] {fetch_api_data.py:79} WARNING - Failed to fetch data for Rhys_Healey_573: 404
[2025-10-29T13:34:24.360+0000] {fetch_api_data.py:79} WARNING - Failed to fetch data for Leandro_Bacuna_589: 404
[2025-10-29T13:34:24.973+0000] {fetch_api_data.py:79} WARNING - Failed to fetch data for Thibaut_Courtois_111: 404
[2025-10-29T13:34:25.605+0000] {fetch_api_data.py:79} WARNING - Failed to fetch data for Willy_Caballero_112: 404
[2025-10-29T13:34:26.155+0000] {fetch_api_data.py:79} WARNING - Failed to fetch data for César_Azpilicueta_113: 404
[2025-10-29T13:34:26.675+0000] {fetch_api_data.py:79} WARNING - Failed to fetch data for Gary_Cahill_114: 404
[2025-10-29T13:34:27.168+0000] {fetch_api_data.py:79} WARNING - Failed to fetch data for Marcos_Alonso_115: 404
[2025-10-29T13:34:27.648+0000] {fetch_api_data.py:79} WARNING - Failed to fetch data for David_Luiz Moreira Marinho_116: 404
[2025-10-29T13:34:28.163+0000] {fetch_api_data.py:79} WARNING - Failed to fetch data for Victor_Moses_117: 404
[2025-10-29T13:34:28.625+0000] {fetch_api_data.py:79} WARNING - Failed to fetch data for Antonio_Rüdiger_118: 404
[2025-10-29T13:34:29.099+0000] {fetch_api_data.py:79} WARNING - Failed to fetch data for Andreas_Christensen_119: 404
[2025-10-29T13:34:29.595+0000] {fetch_api_data.py:79} WARNING - Failed to fetch data for Davide_Zappacosta_120: 404
[2025-10-29T13:34:30.126+0000] {fetch_api_data.py:79} WARNING - Failed to fetch data for Emerson_Palmieri dos Santos_121: 404
[2025-10-29T13:34:30.634+0000] {fetch_api_data.py:79} WARNING - Failed to fetch data for Eden_Hazard_122: 404
[2025-10-29T13:34:31.129+0000] {fetch_api_data.py:79} WARNING - Failed to fetch data for Cesc_Fàbregas_123: 404
[2025-10-29T13:34:31.576+0000] {fetch_api_data.py:79} WARNING - Failed to fetch data for Willian_Borges Da Silva_124: 404
[2025-10-29T13:34:32.110+0000] {fetch_api_data.py:79} WARNING - Failed to fetch data for Pedro_Rodríguez Ledesma_125: 404
[2025-10-29T13:34:32.612+0000] {fetch_api_data.py:79} WARNING - Failed to fetch data for N'Golo_Kanté_126: 404
[2025-10-29T13:34:33.114+0000] {fetch_api_data.py:79} WARNING - Failed to fetch data for Ross_Barkley_127: 404
[2025-10-29T13:34:33.593+0000] {fetch_api_data.py:79} WARNING - Failed to fetch data for Daniel_Drinkwater_128: 404
[2025-10-29T13:34:34.083+0000] {fetch_api_data.py:79} WARNING - Failed to fetch data for Tiemoué_Bakayoko_129: 404
[2025-10-29T13:34:34.616+0000] {fetch_api_data.py:79} WARNING - Failed to fetch data for Ethan_Ampadu_130: 404
[2025-10-29T13:34:35.159+0000] {fetch_api_data.py:79} WARNING - Failed to fetch data for Callum_Hudson-Odoi_131: 404
[2025-10-29T13:34:35.691+0000] {fetch_api_data.py:79} WARNING - Failed to fetch data for Ruben_Loftus-Cheek_132: 404
[2025-10-29T13:34:36.362+0000] {fetch_api_data.py:79} WARNING - Failed to fetch data for Olivier_Giroud_133: 404
[2025-10-29T13:34:36.979+0000] {fetch_api_data.py:79} WARNING - Failed to fetch data for Álvaro_Morata_134: 404
[2025-10-29T13:34:37.563+0000] {fetch_api_data.py:79} WARNING - Failed to fetch data for Jorge Luiz_Frello Filho_459: 404
[2025-10-29T13:34:38.219+0000] {fetch_api_data.py:79} WARNING - Failed to fetch data for Tammy_Abraham_496: 404
[2025-10-29T13:34:38.885+0000] {fetch_api_data.py:79} WARNING - Failed to fetch data for Kepa_Arrizabalaga_498: 404
[2025-10-29T13:34:39.493+0000] {fetch_api_data.py:79} WARNING - Failed to fetch data for Mateo_Kovacic_499: 404
[2025-10-29T13:34:40.092+0000] {fetch_api_data.py:79} WARNING - Failed to fetch data for Gonzalo_Higuaín_579: 404
[2025-10-29T13:34:40.722+0000] {fetch_api_data.py:79} WARNING - Failed to fetch data for Addji Keaninkin Marc-Israel_Guehi_624: 404
[2025-10-29T13:34:41.330+0000] {fetch_api_data.py:79} WARNING - Failed to fetch data for Wayne_Hennessey_135: 404
[2025-10-29T13:34:42.000+0000] {fetch_api_data.py:79} WARNING - Failed to fetch data for Julian_Speroni_136: 404
[2025-10-29T13:34:42.637+0000] {fetch_api_data.py:79} WARNING - Failed to fetch data for Vicente_Guaita_137: 404
[2025-10-29T13:34:43.284+0000] {fetch_api_data.py:79} WARNING - Failed to fetch data for James_Tomkins_138: 404
[2025-10-29T13:34:43.918+0000] {fetch_api_data.py:79} WARNING - Failed to fetch data for Scott_Dann_139: 404
[2025-10-29T13:34:44.536+0000] {fetch_api_data.py:79} WARNING - Failed to fetch data for Martin_Kelly_140: 404
[2025-10-29T13:34:45.138+0000] {fetch_api_data.py:79} WARNING - Failed to fetch data for Jeffrey_Schlupp_141: 404
[2025-10-29T13:34:45.758+0000] {fetch_api_data.py:79} WARNING - Failed to fetch data for Patrick_van Aanholt_142: 404
[2025-10-29T13:34:46.380+0000] {fetch_api_data.py:79} WARNING - Failed to fetch data for Mamadou_Sakho_143: 404
[2025-10-29T13:34:46.990+0000] {fetch_api_data.py:79} WARNING - Failed to fetch data for Jairo_Riedewald_144: 404
[2025-10-29T13:34:47.596+0000] {fetch_api_data.py:79} WARNING - Failed to fetch data for Aaron_Wan-Bissaka_145: 404
[2025-10-29T13:34:48.205+0000] {fetch_api_data.py:79} WARNING - Failed to fetch data for James_McArthur_147: 404
[2025-10-29T13:34:48.849+0000] {fetch_api_data.py:79} WARNING - Failed to fetch data for Bakary_Sako_148: 404
[2025-10-29T13:34:49.482+0000] {fetch_api_data.py:79} WARNING - Failed to fetch data for Andros_Townsend_149: 404
[2025-10-29T13:34:50.112+0000] {fetch_api_data.py:79} WARNING - Failed to fetch data for Luka_Milivojevic_150: 404
[2025-10-29T13:34:50.755+0000] {fetch_api_data.py:79} WARNING - Failed to fetch data for Wilfried_Zaha_151: 404
[2025-10-29T13:34:51.411+0000] {fetch_api_data.py:79} WARNING - Failed to fetch data for Christian_Benteke_152: 404
[2025-10-29T13:34:52.091+0000] {fetch_api_data.py:79} WARNING - Failed to fetch data for Alexander_Sørloth_153: 404
[2025-10-29T13:34:52.681+0000] {fetch_api_data.py:79} WARNING - Failed to fetch data for Cheikhou_Kouyaté_412: 404
[2025-10-29T13:34:53.309+0000] {fetch_api_data.py:79} WARNING - Failed to fetch data for Joel_Ward_441: 404
[2025-10-29T13:34:53.933+0000] {fetch_api_data.py:79} WARNING - Failed to fetch data for Jaroslaw_Jach_442: 404
[2025-10-29T13:34:54.536+0000] {fetch_api_data.py:79} WARNING - Failed to fetch data for Pape_Souaré_443: 404
[2025-10-29T13:34:55.230+0000] {fetch_api_data.py:79} WARNING - Failed to fetch data for Connor_Wickham_444: 404
[2025-10-29T13:34:55.850+0000] {fetch_api_data.py:79} WARNING - Failed to fetch data for Sullay_Kaikai_477: 404
[2025-10-29T13:34:56.564+0000] {fetch_api_data.py:79} WARNING - Failed to fetch data for Max_Meyer_486: 404
[2025-10-29T13:34:57.293+0000] {fetch_api_data.py:79} WARNING - Failed to fetch data for Jordan_Ayew_505: 404
[2025-10-29T13:34:57.927+0000] {fetch_api_data.py:79} WARNING - Failed to fetch data for Joe_Tupper_576: 404
[2025-10-29T13:34:58.540+0000] {fetch_api_data.py:79} WARNING - Failed to fetch data for Lucas_Perri_584: 404
[2025-10-29T13:34:59.223+0000] {fetch_api_data.py:79} WARNING - Failed to fetch data for Michy_Batshuayi_592: 404
[2025-10-29T13:34:59.849+0000] {fetch_api_data.py:79} WARNING - Failed to fetch data for Sam_Woods_609: 404
[2025-10-29T13:35:00.475+0000] {fetch_api_data.py:79} WARNING - Failed to fetch data for Luke_Dreher_618: 404
[2025-10-29T13:35:01.120+0000] {fetch_api_data.py:79} WARNING - Failed to fetch data for Nikola_Tavares_619: 404
[2025-10-29T13:35:01.724+0000] {fetch_api_data.py:79} WARNING - Failed to fetch data for Jordan_Pickford_154: 404
[2025-10-29T13:35:02.347+0000] {fetch_api_data.py:79} WARNING - Failed to fetch data for Maarten_Stekelenburg_155: 404
[2025-10-29T13:35:02.989+0000] {fetch_api_data.py:79} WARNING - Failed to fetch data for Leighton_Baines_156: 404
[2025-10-29T13:35:03.591+0000] {fetch_api_data.py:79} WARNING - Failed to fetch data for Seamus_Coleman_157: 404
[2025-10-29T13:35:04.290+0000] {fetch_api_data.py:79} WARNING - Failed to fetch data for Phil_Jagielka_158: 404
[2025-10-29T13:35:04.921+0000] {fetch_api_data.py:79} WARNING - Failed to fetch data for Ashley_Williams_159: 404
[2025-10-29T13:35:05.516+0000] {fetch_api_data.py:79} WARNING - Failed to fetch data for Mason_Holgate_160: 404
[2025-10-29T13:35:06.129+0000] {fetch_api_data.py:79} WARNING - Failed to fetch data for Jonjoe_Kenny_161: 404
[2025-10-29T13:35:06.738+0000] {fetch_api_data.py:79} WARNING - Failed to fetch data for Michael_Keane_162: 404
[2025-10-29T13:35:07.350+0000] {fetch_api_data.py:79} WARNING - Failed to fetch data for Cuco_Martina_163: 404
[2025-10-29T13:35:08.013+0000] {fetch_api_data.py:79} WARNING - Failed to fetch data for Theo_Walcott_164: 404
[2025-10-29T13:35:08.614+0000] {fetch_api_data.py:79} WARNING - Failed to fetch data for Yannick_Bolasie_165: 404
[2025-10-29T13:35:09.240+0000] {fetch_api_data.py:79} WARNING - Failed to fetch data for James_McCarthy_166: 404
[2025-10-29T13:35:09.830+0000] {fetch_api_data.py:79} WARNING - Failed to fetch data for Morgan_Schneiderlin_167: 404
[2025-10-29T13:35:10.593+0000] {fetch_api_data.py:79} WARNING - Failed to fetch data for Idrissa_Gueye_168: 404
[2025-10-29T13:35:11.289+0000] {fetch_api_data.py:79} WARNING - Failed to fetch data for Tom_Davies_169: 404
[2025-10-29T13:35:11.986+0000] {fetch_api_data.py:79} WARNING - Failed to fetch data for Ademola_Lookman_170: 404
[2025-10-29T13:35:12.576+0000] {fetch_api_data.py:79} WARNING - Failed to fetch data for Davy_Klaassen_171: 404
[2025-10-29T13:35:13.234+0000] {fetch_api_data.py:79} WARNING - Failed to fetch data for Gylfi_Sigurdsson_172: 404
[2025-10-29T13:35:13.883+0000] {fetch_api_data.py:79} WARNING - Failed to fetch data for Nikola_Vlasic_173: 404
[2025-10-29T13:35:14.479+0000] {fetch_api_data.py:79} WARNING - Failed to fetch data for Beni_Baningime_174: 404
[2025-10-29T13:35:15.089+0000] {fetch_api_data.py:79} WARNING - Failed to fetch data for Dominic_Calvert-Lewin_175: 404
[2025-10-29T13:35:15.735+0000] {fetch_api_data.py:79} WARNING - Failed to fetch data for Cenk_Tosun_177: 404
[2025-10-29T13:35:16.349+0000] {fetch_api_data.py:79} WARNING - Failed to fetch data for Richarlison_de Andrade_393: 404
[2025-10-29T13:35:17.025+0000] {fetch_api_data.py:79} WARNING - Failed to fetch data for Kevin_Mirallas_469: 404
[2025-10-29T13:35:17.589+0000] {fetch_api_data.py:79} WARNING - Failed to fetch data for Sandro_Ramírez_470: 404
[2025-10-29T13:35:18.225+0000] {fetch_api_data.py:79} WARNING - Failed to fetch data for Lucas_Digne_484: 404
[2025-10-29T13:35:19.413+0000] {fetch_api_data.py:79} WARNING - Failed to fetch data for Yerry_Mina_506: 404
[2025-10-29T13:35:20.130+0000] {fetch_api_data.py:79} WARNING - Failed to fetch data for Bernard_Anício Caldeira Duarte_507: 404
[2025-10-29T13:35:20.845+0000] {fetch_api_data.py:79} WARNING - Failed to fetch data for André Filipe_Tavares Gomes_508: 404
[2025-10-29T13:35:21.531+0000] {fetch_api_data.py:79} WARNING - Failed to fetch data for Kurt_Zouma_526: 404
[2025-10-29T13:35:22.214+0000] {fetch_api_data.py:79} WARNING - Failed to fetch data for Kieran_Dowell_528: 404
[2025-10-29T13:35:22.928+0000] {fetch_api_data.py:79} WARNING - Failed to fetch data for Tyias_Browning_532: 404
[2025-10-29T13:35:23.548+0000] {fetch_api_data.py:79} WARNING - Failed to fetch data for Calum_Chambers_9: 404
[2025-10-29T13:35:24.155+0000] {fetch_api_data.py:79} WARNING - Failed to fetch data for Marcus_Bettinelli_178: 404
[2025-10-29T13:35:24.779+0000] {fetch_api_data.py:79} WARNING - Failed to fetch data for Tim_Ream_180: 404
[2025-10-29T13:35:25.404+0000] {fetch_api_data.py:79} WARNING - Failed to fetch data for Denis_Odoi_181: 404
[2025-10-29T13:35:26.025+0000] {fetch_api_data.py:79} WARNING - Failed to fetch data for Tom_Cairney_182: 404
[2025-10-29T13:35:26.726+0000] {fetch_api_data.py:79} WARNING - Failed to fetch data for Kevin_McDonald_183: 404
[2025-10-29T13:35:27.368+0000] {fetch_api_data.py:79} WARNING - Failed to fetch data for Ryan_Sessegnon_184: 404
[2025-10-29T13:35:28.027+0000] {fetch_api_data.py:79} WARNING - Failed to fetch data for Stefan_Johansen_185: 404
[2025-10-29T13:35:28.690+0000] {fetch_api_data.py:79} WARNING - Failed to fetch data for Floyd_Ayité_186: 404
[2025-10-29T13:35:29.335+0000] {fetch_api_data.py:79} WARNING - Failed to fetch data for Neeskens_Kebano_187: 404
[2025-10-29T13:35:30.036+0000] {fetch_api_data.py:79} WARNING - Failed to fetch data for Rui Pedro_da Rocha Fonte_188: 404
[2025-10-29T13:35:30.657+0000] {fetch_api_data.py:79} WARNING - Failed to fetch data for Aboubakar_Kamara_189: 404
[2025-10-29T13:35:31.269+0000] {fetch_api_data.py:79} WARNING - Failed to fetch data for Maxime_Le Marchand_455: 404
[2025-10-29T13:35:31.921+0000] {fetch_api_data.py:79} WARNING - Failed to fetch data for Jean Michael_Seri_456: 404
[2025-10-29T13:35:32.563+0000] {fetch_api_data.py:79} WARNING - Failed to fetch data for Cyrus_Christie_460: 404
[2025-10-29T13:35:33.167+0000] {fetch_api_data.py:79} WARNING - Failed to fetch data for Fabricio_Agosto Ramírez_474: 404
[2025-10-29T13:35:33.812+0000] {fetch_api_data.py:79} WARNING - Failed to fetch data for André_Schürrle_478: 404
[2025-10-29T13:35:34.499+0000] {fetch_api_data.py:79} WARNING - Failed to fetch data for Aleksandar_Mitrovic_480: 404
[2025-10-29T13:35:35.212+0000] {fetch_api_data.py:79} WARNING - Failed to fetch data for Alfie_Mawson_487: 404
[2025-10-29T13:35:35.852+0000] {fetch_api_data.py:79} WARNING - Failed to fetch data for Sergio_Rico_509: 404
[2025-10-29T13:35:36.495+0000] {fetch_api_data.py:79} WARNING - Failed to fetch data for Joe_Bryan_510: 404
[2025-10-29T13:35:37.176+0000] {fetch_api_data.py:79} WARNING - Failed to fetch data for Timothy_Fosu-Mensah_511: 404
[2025-10-29T13:35:37.881+0000] {fetch_api_data.py:79} WARNING - Failed to fetch data for André-Frank_Zambo Anguissa_512: 404
[2025-10-29T13:35:38.529+0000] {fetch_api_data.py:79} WARNING - Failed to fetch data for Luciano_Vietto_513: 404
[2025-10-29T13:35:39.175+0000] {fetch_api_data.py:79} WARNING - Failed to fetch data for Ibrahima_Cissé_521: 404
[2025-10-29T13:35:39.848+0000] {fetch_api_data.py:79} WARNING - Failed to fetch data for Zeze Steven_Sessegnon_541: 404
[2025-10-29T13:35:40.458+0000] {fetch_api_data.py:79} WARNING - Failed to fetch data for Ryan_Babel_575: 404
[2025-10-29T13:35:41.096+0000] {fetch_api_data.py:79} WARNING - Failed to fetch data for Håvard_Nordtveit_593: 404
[2025-10-29T13:35:41.768+0000] {fetch_api_data.py:79} WARNING - Failed to fetch data for Lazar_Markovic_594: 404
[2025-10-29T13:35:42.438+0000] {fetch_api_data.py:79} WARNING - Failed to fetch data for Harvey_Elliott_610: 404
[2025-10-29T13:35:43.035+0000] {fetch_api_data.py:79} WARNING - Failed to fetch data for Luca_De La Torre_621: 404
[2025-10-29T13:35:43.678+0000] {fetch_api_data.py:79} WARNING - Failed to fetch data for Jason_Puncheon_146: 404
[2025-10-29T13:35:44.358+0000] {fetch_api_data.py:79} WARNING - Failed to fetch data for Ben_Hamer_190: 404
[2025-10-29T13:35:45.018+0000] {fetch_api_data.py:79} WARNING - Failed to fetch data for Jonas_Lössl_191: 404
[2025-10-29T13:35:45.662+0000] {fetch_api_data.py:79} WARNING - Failed to fetch data for Christopher_Schindler_192: 404
[2025-10-29T13:35:46.244+0000] {fetch_api_data.py:79} WARNING - Failed to fetch data for Chris_Löwe_193: 404
[2025-10-29T13:35:46.841+0000] {fetch_api_data.py:79} WARNING - Failed to fetch data for Tommy_Smith_194: 404
[2025-10-29T13:35:47.431+0000] {fetch_api_data.py:79} WARNING - Failed to fetch data for Mathias_Jorgensen_195: 404
[2025-10-29T13:35:48.158+0000] {fetch_api_data.py:79} WARNING - Failed to fetch data for Scott_Malone_196: 404
[2025-10-29T13:35:48.757+0000] {fetch_api_data.py:79} WARNING - Failed to fetch data for Florent_Hadergjonaj_197: 404
[2025-10-29T13:35:49.402+0000] {fetch_api_data.py:79} WARNING - Failed to fetch data for Terence_Kongolo_198: 404
[2025-10-29T13:35:50.112+0000] {fetch_api_data.py:79} WARNING - Failed to fetch data for Aaron_Mooy_199: 404
[2025-10-29T13:35:50.829+0000] {fetch_api_data.py:79} WARNING - Failed to fetch data for Rajiv_van La Parra_200: 404
[2025-10-29T13:35:51.571+0000] {fetch_api_data.py:79} WARNING - Failed to fetch data for Jonathan_Hogg_201: 404
[2025-10-29T13:35:52.210+0000] {fetch_api_data.py:79} WARNING - Failed to fetch data for Philip_Billing_202: 404
[2025-10-29T13:35:52.815+0000] {fetch_api_data.py:79} WARNING - Failed to fetch data for Tom_Ince_203: 404
[2025-10-29T13:35:53.476+0000] {fetch_api_data.py:79} WARNING - Failed to fetch data for Danny_Williams_204: 404
[2025-10-29T13:35:54.084+0000] {fetch_api_data.py:79} WARNING - Failed to fetch data for Abdelhamid_Sabiri_205: 404
[2025-10-29T13:35:54.649+0000] {fetch_api_data.py:79} WARNING - Failed to fetch data for Alex_Pritchard_206: 404
[2025-10-29T13:35:55.355+0000] {fetch_api_data.py:79} WARNING - Failed to fetch data for Ramadan_Sobhi_207: 404
[2025-10-29T13:35:56.036+0000] {fetch_api_data.py:79} WARNING - Failed to fetch data for Juninho_Bacuna_208: 404
[2025-10-29T13:35:56.703+0000] {fetch_api_data.py:79} WARNING - Failed to fetch data for Collin_Quaner_209: 404
[2025-10-29T13:35:57.632+0000] {fetch_api_data.py:79} WARNING - Failed to fetch data for Laurent_Depoitre_210: 404
[2025-10-29T13:35:58.490+0000] {fetch_api_data.py:79} WARNING - Failed to fetch data for Steve_Mounie_211: 404
[2025-10-29T13:35:59.102+0000] {fetch_api_data.py:79} WARNING - Failed to fetch data for Elias_Kachunga_212: 404
[2025-10-29T13:35:59.769+0000] {fetch_api_data.py:79} WARNING - Failed to fetch data for Erik_Durm_461: 404
[2025-10-29T13:36:00.394+0000] {fetch_api_data.py:79} WARNING - Failed to fetch data for Adama_Diakhaby_471: 404
[2025-10-29T13:36:01.097+0000] {fetch_api_data.py:79} WARNING - Failed to fetch data for Isaac_Mbenza_514: 404
[2025-10-29T13:36:01.758+0000] {fetch_api_data.py:79} WARNING - Failed to fetch data for Jon Gorenc_Stankovic_522: 404
[2025-10-29T13:36:02.401+0000] {fetch_api_data.py:79} WARNING - Failed to fetch data for Ryan_Schofield_533: 404
[2025-10-29T13:36:03.049+0000] {fetch_api_data.py:79} WARNING - Failed to fetch data for Karlan_Grant_585: 404
[2025-10-29T13:36:03.724+0000] {fetch_api_data.py:79} WARNING - Failed to fetch data for Joel_Coleman_598: 404
[2025-10-29T13:36:04.412+0000] {fetch_api_data.py:79} WARNING - Failed to fetch data for Demeaco_Duhaney_601: 404
[2025-10-29T13:36:05.113+0000] {fetch_api_data.py:79} WARNING - Failed to fetch data for Matthew_Daly_606: 404
[2025-10-29T13:36:05.798+0000] {fetch_api_data.py:79} WARNING - Failed to fetch data for Aaron_Rowe_607: 404
[2025-10-29T13:36:06.398+0000] {fetch_api_data.py:79} WARNING - Failed to fetch data for Kasper_Schmeichel_213: 404
[2025-10-29T13:36:07.003+0000] {fetch_api_data.py:79} WARNING - Failed to fetch data for Eldin_Jakupovic_214: 404
[2025-10-29T13:36:07.611+0000] {fetch_api_data.py:79} WARNING - Failed to fetch data for Wes_Morgan_215: 404
[2025-10-29T13:36:08.313+0000] {fetch_api_data.py:79} WARNING - Failed to fetch data for Christian_Fuchs_216: 404
[2025-10-29T13:36:08.950+0000] {fetch_api_data.py:79} WARNING - Failed to fetch data for Danny_Simpson_217: 404
[2025-10-29T13:36:09.615+0000] {fetch_api_data.py:79} WARNING - Failed to fetch data for Yohan_Benalouane_218: 404
[2025-10-29T13:36:10.211+0000] {fetch_api_data.py:79} WARNING - Failed to fetch data for Benjamin_Chilwell_219: 404
[2025-10-29T13:36:10.886+0000] {fetch_api_data.py:79} WARNING - Failed to fetch data for Harry_Maguire_220: 404
[2025-10-29T13:36:11.511+0000] {fetch_api_data.py:79} WARNING - Failed to fetch data for Ricardo Domingos_Barbosa Pereira_221: 404
[2025-10-29T13:36:12.166+0000] {fetch_api_data.py:79} WARNING - Failed to fetch data for Jonny_Evans_222: 404
[2025-10-29T13:36:12.786+0000] {fetch_api_data.py:79} WARNING - Failed to fetch data for Marc_Albrighton_224: 404
[2025-10-29T13:36:13.476+0000] {fetch_api_data.py:79} WARNING - Failed to fetch data for Demarai_Gray_225: 404
[2025-10-29T13:36:14.101+0000] {fetch_api_data.py:79} WARNING - Failed to fetch data for Daniel_Amartey_226: 404
[2025-10-29T13:36:14.809+0000] {fetch_api_data.py:79} WARNING - Failed to fetch data for Wilfred_Ndidi_227: 404
[2025-10-29T13:36:15.401+0000] {fetch_api_data.py:79} WARNING - Failed to fetch data for Vicente_Iborra_228: 404
[2025-10-29T13:36:16.010+0000] {fetch_api_data.py:79} WARNING - Failed to fetch data for Matty_James_229: 404
[2025-10-29T13:36:16.651+0000] {fetch_api_data.py:79} WARNING - Failed to fetch data for Hamza_Choudhury_230: 404
[2025-10-29T13:36:17.251+0000] {fetch_api_data.py:79} WARNING - Failed to fetch data for Adrien Sebastian_Perruchet Silva_231: 404
[2025-10-29T13:36:17.939+0000] {fetch_api_data.py:79} WARNING - Failed to fetch data for Fousseni_Diabaté_232: 404
[2025-10-29T13:36:18.560+0000] {fetch_api_data.py:79} WARNING - Failed to fetch data for James_Maddison_233: 404
[2025-10-29T13:36:19.159+0000] {fetch_api_data.py:79} WARNING - Failed to fetch data for Jamie_Vardy_234: 404
[2025-10-29T13:36:19.827+0000] {fetch_api_data.py:79} WARNING - Failed to fetch data for Shinji_Okazaki_235: 404
[2025-10-29T13:36:20.533+0000] {fetch_api_data.py:79} WARNING - Failed to fetch data for Kelechi_Iheanacho_236: 404
[2025-10-29T13:36:21.183+0000] {fetch_api_data.py:79} WARNING - Failed to fetch data for Danny_Ward_457: 404
[2025-10-29T13:36:21.818+0000] {fetch_api_data.py:79} WARNING - Failed to fetch data for Rachid_Ghezzal_492: 404
[2025-10-29T13:36:22.398+0000] {fetch_api_data.py:79} WARNING - Failed to fetch data for Filip_Benkovic_501: 404
[2025-10-29T13:36:22.974+0000] {fetch_api_data.py:79} WARNING - Failed to fetch data for Çaglar_Söyüncü_515: 404
[2025-10-29T13:36:23.613+0000] {fetch_api_data.py:79} WARNING - Failed to fetch data for Nampalys_Mendy_527: 404
[2025-10-29T13:36:24.210+0000] {fetch_api_data.py:79} WARNING - Failed to fetch data for Josh_Knight_558: 404
[2025-10-29T13:36:24.797+0000] {fetch_api_data.py:79} WARNING - Failed to fetch data for Harvey_Barnes_571: 404
[2025-10-29T13:36:25.430+0000] {fetch_api_data.py:79} WARNING - Failed to fetch data for Youri_Tielemans_591: 404
[2025-10-29T13:36:26.058+0000] {fetch_api_data.py:79} WARNING - Failed to fetch data for Simon_Mignolet_237: 404
[2025-10-29T13:36:26.654+0000] {fetch_api_data.py:79} WARNING - Failed to fetch data for Loris_Karius_238: 404
[2025-10-29T13:36:27.283+0000] {fetch_api_data.py:79} WARNING - Failed to fetch data for Dejan_Lovren_239: 404
[2025-10-29T13:36:27.954+0000] {fetch_api_data.py:79} WARNING - Failed to fetch data for Alberto_Moreno_240: 404
[2025-10-29T13:36:28.617+0000] {fetch_api_data.py:79} WARNING - Failed to fetch data for Joseph_Gomez_242: 404
[2025-10-29T13:36:29.230+0000] {fetch_api_data.py:79} WARNING - Failed to fetch data for Joel_Matip_243: 404
[2025-10-29T13:36:29.851+0000] {fetch_api_data.py:79} WARNING - Failed to fetch data for Ragnar_Klavan_244: 404
[2025-10-29T13:36:30.472+0000] {fetch_api_data.py:79} WARNING - Failed to fetch data for Trent_Alexander-Arnold_245: 404
[2025-10-29T13:36:31.133+0000] {fetch_api_data.py:79} WARNING - Failed to fetch data for Virgil_van Dijk_246: 404
[2025-10-29T13:36:31.802+0000] {fetch_api_data.py:79} WARNING - Failed to fetch data for Andrew_Robertson_247: 404
[2025-10-29T13:36:32.413+0000] {fetch_api_data.py:79} WARNING - Failed to fetch data for Alex_Oxlade-Chamberlain_248: 404
[2025-10-29T13:36:33.029+0000] {fetch_api_data.py:79} WARNING - Failed to fetch data for Jordan_Henderson_249: 404
[2025-10-29T13:36:33.647+0000] {fetch_api_data.py:79} WARNING - Failed to fetch data for Adam_Lallana_250: 404
[2025-10-29T13:36:34.286+0000] {fetch_api_data.py:79} WARNING - Failed to fetch data for Sadio_Mané_251: 404
[2025-10-29T13:36:34.943+0000] {fetch_api_data.py:79} WARNING - Failed to fetch data for Georginio_Wijnaldum_252: 404
[2025-10-29T13:36:35.570+0000] {fetch_api_data.py:79} WARNING - Failed to fetch data for Mohamed_Salah_253: 404
[2025-10-29T13:36:36.146+0000] {fetch_api_data.py:79} WARNING - Failed to fetch data for James_Milner_254: 404
[2025-10-29T13:36:36.795+0000] {fetch_api_data.py:79} WARNING - Failed to fetch data for Fabio Henrique_Tavares_255: 404
[2025-10-29T13:36:37.396+0000] {fetch_api_data.py:79} WARNING - Failed to fetch data for Naby_Keita_256: 404
[2025-10-29T13:36:38.044+0000] {fetch_api_data.py:79} WARNING - Failed to fetch data for Roberto_Firmino_257: 404
[2025-10-29T13:36:38.661+0000] {fetch_api_data.py:79} WARNING - Failed to fetch data for Xherdan_Shaqiri_462: 404
[2025-10-29T13:36:39.289+0000] {fetch_api_data.py:79} WARNING - Failed to fetch data for Alisson_Ramses Becker_468: 404
[2025-10-29T13:36:40.004+0000] {fetch_api_data.py:79} WARNING - Failed to fetch data for Daniel_Sturridge_472: 404
[2025-10-29T13:36:40.730+0000] {fetch_api_data.py:79} WARNING - Failed to fetch data for Divock_Origi_543: 404
[2025-10-29T13:36:41.520+0000] {fetch_api_data.py:79} WARNING - Failed to fetch data for Rafael_Camacho_557: 404
[2025-10-29T13:36:42.288+0000] {fetch_api_data.py:79} WARNING - Failed to fetch data for Curtis_Jones_597: 404
[2025-10-29T13:36:42.950+0000] {fetch_api_data.py:79} WARNING - Failed to fetch data for Riyad_Mahrez_223: 404
[2025-10-29T13:36:43.592+0000] {fetch_api_data.py:79} WARNING - Failed to fetch data for Ederson_Santana de Moraes_260: 404
[2025-10-29T13:36:44.266+0000] {fetch_api_data.py:79} WARNING - Failed to fetch data for Claudio_Bravo_261: 404
[2025-10-29T13:36:45.089+0000] {fetch_api_data.py:79} WARNING - Failed to fetch data for John_Stones_262: 404
[2025-10-29T13:36:45.766+0000] {fetch_api_data.py:79} WARNING - Failed to fetch data for Vincent_Kompany_263: 404
[2025-10-29T13:36:46.379+0000] {fetch_api_data.py:79} WARNING - Failed to fetch data for Nicolás_Otamendi_264: 404
[2025-10-29T13:36:47.013+0000] {fetch_api_data.py:79} WARNING - Failed to fetch data for Kyle_Walker_265: 404
[2025-10-29T13:36:47.701+0000] {fetch_api_data.py:79} WARNING - Failed to fetch data for Danilo Luiz_da Silva_266: 404
[2025-10-29T13:36:48.299+0000] {fetch_api_data.py:79} WARNING - Failed to fetch data for Benjamin_Mendy_267: 404
[2025-10-29T13:36:48.937+0000] {fetch_api_data.py:79} WARNING - Failed to fetch data for Aymeric_Laporte_268: 404
[2025-10-29T13:36:49.514+0000] {fetch_api_data.py:79} WARNING - Failed to fetch data for Fabian_Delph_269: 404
[2025-10-29T13:36:50.085+0000] {fetch_api_data.py:79} WARNING - Failed to fetch data for Raheem_Sterling_270: 404
[2025-10-29T13:36:50.701+0000] {fetch_api_data.py:79} WARNING - Failed to fetch data for David_Silva_271: 404
[2025-10-29T13:36:51.317+0000] {fetch_api_data.py:79} WARNING - Failed to fetch data for Fernando_Luiz Rosa_272: 404
[2025-10-29T13:36:51.931+0000] {fetch_api_data.py:79} WARNING - Failed to fetch data for Kevin_De Bruyne_273: 404
[2025-10-29T13:36:52.529+0000] {fetch_api_data.py:79} WARNING - Failed to fetch data for Ilkay_Gündogan_274: 404
[2025-10-29T13:36:53.167+0000] {fetch_api_data.py:79} WARNING - Failed to fetch data for Leroy_Sané_275: 404
[2025-10-29T13:36:53.804+0000] {fetch_api_data.py:79} WARNING - Failed to fetch data for Bernardo Mota_Veiga de Carvalho e Silva_276: 404
[2025-10-29T13:36:54.523+0000] {fetch_api_data.py:79} WARNING - Failed to fetch data for Phil_Foden_277: 404
[2025-10-29T13:36:55.194+0000] {fetch_api_data.py:79} WARNING - Failed to fetch data for Brahim_Diaz_278: 404
[2025-10-29T13:36:55.858+0000] {fetch_api_data.py:79} WARNING - Failed to fetch data for Oleksandr_Zinchenko_279: 404
[2025-10-29T13:36:56.484+0000] {fetch_api_data.py:79} WARNING - Failed to fetch data for Sergio_Agüero_280: 404
[2025-10-29T13:36:57.285+0000] {fetch_api_data.py:79} WARNING - Failed to fetch data for Gabriel Fernando_de Jesus_281: 404
[2025-10-29T13:36:57.969+0000] {fetch_api_data.py:79} WARNING - Failed to fetch data for Arijanet_Muric_529: 404
[2025-10-29T13:36:58.662+0000] {fetch_api_data.py:79} WARNING - Failed to fetch data for Philippe_Sandler_604: 404
[2025-10-29T13:36:59.403+0000] {fetch_api_data.py:79} WARNING - Failed to fetch data for David_de Gea_282: 404
[2025-10-29T13:37:00.041+0000] {fetch_api_data.py:79} WARNING - Failed to fetch data for Sergio_Romero_283: 404
[2025-10-29T13:37:00.643+0000] {fetch_api_data.py:79} WARNING - Failed to fetch data for Chris_Smalling_284: 404
[2025-10-29T13:37:01.287+0000] {fetch_api_data.py:79} WARNING - Failed to fetch data for Phil_Jones_285: 404
[2025-10-29T13:37:01.877+0000] {fetch_api_data.py:79} WARNING - Failed to fetch data for Luke_Shaw_286: 404
[2025-10-29T13:37:02.560+0000] {fetch_api_data.py:79} WARNING - Failed to fetch data for Marcos_Rojo_287: 404
[2025-10-29T13:37:03.242+0000] {fetch_api_data.py:79} WARNING - Failed to fetch data for Antonio_Valencia_288: 404
[2025-10-29T13:37:03.894+0000] {fetch_api_data.py:79} WARNING - Failed to fetch data for Matteo_Darmian_289: 404
[2025-10-29T13:37:04.754+0000] {fetch_api_data.py:79} WARNING - Failed to fetch data for Daley_Blind_290: 404
[2025-10-29T13:37:05.374+0000] {fetch_api_data.py:79} WARNING - Failed to fetch data for Eric_Bailly_291: 404
[2025-10-29T13:37:05.987+0000] {fetch_api_data.py:79} WARNING - Failed to fetch data for Victor_Lindelöf_292: 404
[2025-10-29T13:37:06.630+0000] {fetch_api_data.py:79} WARNING - Failed to fetch data for Ashley_Young_293: 404
[2025-10-29T13:37:07.271+0000] {fetch_api_data.py:79} WARNING - Failed to fetch data for José Diogo_Dalot Teixeira_294: 404
[2025-10-29T13:37:07.916+0000] {fetch_api_data.py:79} WARNING - Failed to fetch data for Alexis_Sánchez_295: 404
[2025-10-29T13:37:08.602+0000] {fetch_api_data.py:79} WARNING - Failed to fetch data for Nemanja_Matic_296: 404
[2025-10-29T13:37:09.268+0000] {fetch_api_data.py:79} WARNING - Failed to fetch data for Juan_Mata_297: 404
[2025-10-29T13:37:10.017+0000] {fetch_api_data.py:79} WARNING - Failed to fetch data for Marouane_Fellaini_298: 404
[2025-10-29T13:37:10.628+0000] {fetch_api_data.py:79} WARNING - Failed to fetch data for Ander_Herrera_299: 404
[2025-10-29T13:37:11.268+0000] {fetch_api_data.py:79} WARNING - Failed to fetch data for Jesse_Lingard_300: 404
[2025-10-29T13:37:11.871+0000] {fetch_api_data.py:79} WARNING - Failed to fetch data for Anthony_Martial_301: 404
[2025-10-29T13:37:12.634+0000] {fetch_api_data.py:79} WARNING - Failed to fetch data for Paul_Pogba_302: 404
[2025-10-29T13:37:13.261+0000] {fetch_api_data.py:79} WARNING - Failed to fetch data for Scott_McTominay_303: 404
[2025-10-29T13:37:13.843+0000] {fetch_api_data.py:79} WARNING - Failed to fetch data for Frederico_Rodrigues de Paula Santos_304: 404
[2025-10-29T13:37:14.609+0000] {fetch_api_data.py:79} WARNING - Failed to fetch data for Marcus_Rashford_305: 404
[2025-10-29T13:37:15.265+0000] {fetch_api_data.py:79} WARNING - Failed to fetch data for Romelu_Lukaku_306: 404
[2025-10-29T13:37:15.880+0000] {fetch_api_data.py:79} WARNING - Failed to fetch data for Andreas_Pereira_481: 404
[2025-10-29T13:37:16.615+0000] {fetch_api_data.py:79} WARNING - Failed to fetch data for Lee_Grant_520: 404
[2025-10-29T13:37:17.353+0000] {fetch_api_data.py:79} WARNING - Failed to fetch data for Angel_Gomes_568: 404
[2025-10-29T13:37:18.006+0000] {fetch_api_data.py:79} WARNING - Failed to fetch data for James_Garner_602: 404
[2025-10-29T13:37:18.649+0000] {fetch_api_data.py:79} WARNING - Failed to fetch data for Tahith_Chong_603: 404
[2025-10-29T13:37:19.254+0000] {fetch_api_data.py:79} WARNING - Failed to fetch data for Mason_Greenwood_608: 404
[2025-10-29T13:37:19.881+0000] {fetch_api_data.py:79} WARNING - Failed to fetch data for Robert_Elliot_307: 404
[2025-10-29T13:37:20.557+0000] {fetch_api_data.py:79} WARNING - Failed to fetch data for Karl_Darlow_308: 404
[2025-10-29T13:37:21.114+0000] {fetch_api_data.py:79} WARNING - Failed to fetch data for Martin_Dubravka_309: 404
[2025-10-29T13:37:21.799+0000] {fetch_api_data.py:79} WARNING - Failed to fetch data for DeAndre_Yedlin_310: 404
[2025-10-29T13:37:22.383+0000] {fetch_api_data.py:79} WARNING - Failed to fetch data for Ciaran_Clark_311: 404
[2025-10-29T13:37:22.950+0000] {fetch_api_data.py:79} WARNING - Failed to fetch data for Jamaal_Lascelles_312: 404
[2025-10-29T13:37:23.582+0000] {fetch_api_data.py:79} WARNING - Failed to fetch data for Paul_Dummett_313: 404
[2025-10-29T13:37:24.314+0000] {fetch_api_data.py:79} WARNING - Failed to fetch data for Florian_Lejeune_314: 404
[2025-10-29T13:37:25.087+0000] {fetch_api_data.py:79} WARNING - Failed to fetch data for Javier_Manquillo_315: 404
[2025-10-29T13:37:25.775+0000] {fetch_api_data.py:79} WARNING - Failed to fetch data for Chancel_Mbemba_316: 404
[2025-10-29T13:37:26.377+0000] {fetch_api_data.py:79} WARNING - Failed to fetch data for Matt_Ritchie_317: 404
[2025-10-29T13:37:27.032+0000] {fetch_api_data.py:79} WARNING - Failed to fetch data for Jonjo_Shelvey_318: 404
[2025-10-29T13:37:27.806+0000] {fetch_api_data.py:79} WARNING - Failed to fetch data for Mohamed_Diamé_319: 404
[2025-10-29T13:37:28.490+0000] {fetch_api_data.py:79} WARNING - Failed to fetch data for Christian_Atsu_320: 404
[2025-10-29T13:37:29.109+0000] {fetch_api_data.py:79} WARNING - Failed to fetch data for Jacob_Murphy_321: 404
[2025-10-29T13:37:29.676+0000] {fetch_api_data.py:79} WARNING - Failed to fetch data for Mikel_Merino_322: 404
[2025-10-29T13:37:30.305+0000] {fetch_api_data.py:79} WARNING - Failed to fetch data for Isaac_Hayden_323: 404
[2025-10-29T13:37:30.956+0000] {fetch_api_data.py:79} WARNING - Failed to fetch data for Sung-yueng_Ki_324: 404
[2025-10-29T13:37:31.585+0000] {fetch_api_data.py:79} WARNING - Failed to fetch data for Dwight_Gayle_325: 404
[2025-10-29T13:37:32.323+0000] {fetch_api_data.py:79} WARNING - Failed to fetch data for Ayoze_Pérez_326: 404
[2025-10-29T13:37:33.025+0000] {fetch_api_data.py:79} WARNING - Failed to fetch data for Jose Luis_Mato Sanmartín_327: 404
[2025-10-29T13:37:33.665+0000] {fetch_api_data.py:79} WARNING - Failed to fetch data for Robert Kenedy_Nunes do Nascimento_458: 404
[2025-10-29T13:37:34.635+0000] {fetch_api_data.py:79} WARNING - Failed to fetch data for Fabian_Schär_482: 404
[2025-10-29T13:37:35.271+0000] {fetch_api_data.py:79} WARNING - Failed to fetch data for Yoshinori_Muto_488: 404
[2025-10-29T13:37:35.854+0000] {fetch_api_data.py:79} WARNING - Failed to fetch data for Salomón_Rondón_493: 404
[2025-10-29T13:37:36.436+0000] {fetch_api_data.py:79} WARNING - Failed to fetch data for Federico_Fernández_516: 404
[2025-10-29T13:37:37.031+0000] {fetch_api_data.py:79} WARNING - Failed to fetch data for Jamie_Sterry_530: 404
[2025-10-29T13:37:37.631+0000] {fetch_api_data.py:79} WARNING - Failed to fetch data for Sean_Longstaff_531: 404
[2025-10-29T13:37:38.269+0000] {fetch_api_data.py:79} WARNING - Failed to fetch data for Frederick_Woodman_553: 404
[2025-10-29T13:37:38.850+0000] {fetch_api_data.py:79} WARNING - Failed to fetch data for Callum_Roberts_577: 404
[2025-10-29T13:37:39.482+0000] {fetch_api_data.py:79} WARNING - Failed to fetch data for Miguel_Almirón_587: 404
[2025-10-29T13:37:40.093+0000] {fetch_api_data.py:79} WARNING - Failed to fetch data for Antonio_Barreca_588: 404
[2025-10-29T13:37:40.698+0000] {fetch_api_data.py:79} WARNING - Failed to fetch data for Kelland_Watts_622: 404
[2025-10-29T13:37:41.330+0000] {fetch_api_data.py:79} WARNING - Failed to fetch data for Lewis_Cass_623: 404
[2025-10-29T13:37:41.963+0000] {fetch_api_data.py:79} WARNING - Failed to fetch data for Danny_Ings_258: 404
[2025-10-29T13:37:42.640+0000] {fetch_api_data.py:79} WARNING - Failed to fetch data for Alex_McCarthy_328: 404
[2025-10-29T13:37:43.238+0000] {fetch_api_data.py:79} WARNING - Failed to fetch data for Fraser_Forster_329: 404
[2025-10-29T13:37:43.936+0000] {fetch_api_data.py:79} WARNING - Failed to fetch data for Ryan_Bertrand_330: 404
[2025-10-29T13:37:44.623+0000] {fetch_api_data.py:79} WARNING - Failed to fetch data for Maya_Yoshida_331: 404
[2025-10-29T13:37:45.245+0000] {fetch_api_data.py:79} WARNING - Failed to fetch data for Cédric_Soares_332: 404
[2025-10-29T13:37:45.872+0000] {fetch_api_data.py:79} WARNING - Failed to fetch data for Jack_Stephens_333: 404
[2025-10-29T13:37:46.514+0000] {fetch_api_data.py:79} WARNING - Failed to fetch data for Sam_McQueen_334: 404
[2025-10-29T13:37:47.125+0000] {fetch_api_data.py:79} WARNING - Failed to fetch data for Jan_Bednarek_335: 404
[2025-10-29T13:37:47.720+0000] {fetch_api_data.py:79} WARNING - Failed to fetch data for Wesley_Hoedt_336: 404
[2025-10-29T13:37:48.303+0000] {fetch_api_data.py:79} WARNING - Failed to fetch data for Steven_Davis_337: 404
[2025-10-29T13:37:48.926+0000] {fetch_api_data.py:79} WARNING - Failed to fetch data for James_Ward-Prowse_338: 404
[2025-10-29T13:37:49.597+0000] {fetch_api_data.py:79} WARNING - Failed to fetch data for Oriol_Romeu Vidal_339: 404
[2025-10-29T13:37:50.210+0000] {fetch_api_data.py:79} WARNING - Failed to fetch data for Pierre-Emile_Højbjerg_340: 404
[2025-10-29T13:37:50.847+0000] {fetch_api_data.py:79} WARNING - Failed to fetch data for Sofiane_Boufal_341: 404
[2025-10-29T13:37:51.412+0000] {fetch_api_data.py:79} WARNING - Failed to fetch data for Joshua_Sims_342: 404
[2025-10-29T13:37:52.002+0000] {fetch_api_data.py:79} WARNING - Failed to fetch data for Nathan_Redmond_343: 404
[2025-10-29T13:37:52.619+0000] {fetch_api_data.py:79} WARNING - Failed to fetch data for Mario_Lemina_344: 404
[2025-10-29T13:37:53.225+0000] {fetch_api_data.py:79} WARNING - Failed to fetch data for Stuart_Armstrong_345: 404
[2025-10-29T13:37:53.901+0000] {fetch_api_data.py:79} WARNING - Failed to fetch data for Mohamed_Elyounoussi_346: 404
[2025-10-29T13:37:54.622+0000] {fetch_api_data.py:79} WARNING - Failed to fetch data for Shane_Long_347: 404
[2025-10-29T13:37:55.272+0000] {fetch_api_data.py:79} WARNING - Failed to fetch data for Charlie_Austin_348: 404
[2025-10-29T13:37:56.008+0000] {fetch_api_data.py:79} WARNING - Failed to fetch data for Manolo_Gabbiadini_349: 404
[2025-10-29T13:37:56.624+0000] {fetch_api_data.py:79} WARNING - Failed to fetch data for Guido_Carrillo_350: 404
[2025-10-29T13:37:57.275+0000] {fetch_api_data.py:79} WARNING - Failed to fetch data for Angus_Gunn_452: 404
[2025-10-29T13:37:57.925+0000] {fetch_api_data.py:79} WARNING - Failed to fetch data for Jannik_Vestergaard_463: 404
[2025-10-29T13:37:58.573+0000] {fetch_api_data.py:79} WARNING - Failed to fetch data for Matt_Targett_479: 404
[2025-10-29T13:37:59.262+0000] {fetch_api_data.py:79} WARNING - Failed to fetch data for Michael_Obafemi_550: 404
[2025-10-29T13:37:59.883+0000] {fetch_api_data.py:79} WARNING - Failed to fetch data for Yan_Valery_556: 404
[2025-10-29T13:38:00.507+0000] {fetch_api_data.py:79} WARNING - Failed to fetch data for Tyreke_Johnson_562: 404
[2025-10-29T13:38:01.416+0000] {fetch_api_data.py:79} WARNING - Failed to fetch data for Kayne_Ramsay_565: 404
[2025-10-29T13:38:02.186+0000] {fetch_api_data.py:79} WARNING - Failed to fetch data for Callum_Slattery_570: 404
[2025-10-29T13:38:02.801+0000] {fetch_api_data.py:79} WARNING - Failed to fetch data for Sam_Gallagher_574: 404
[2025-10-29T13:38:03.515+0000] {fetch_api_data.py:79} WARNING - Failed to fetch data for Alfie_Jones_595: 404
[2025-10-29T13:38:04.240+0000] {fetch_api_data.py:79} WARNING - Failed to fetch data for Hugo_Lloris_351: 404
[2025-10-29T13:38:04.899+0000] {fetch_api_data.py:79} WARNING - Failed to fetch data for Michel_Vorm_352: 404
[2025-10-29T13:38:05.531+0000] {fetch_api_data.py:79} WARNING - Failed to fetch data for Toby_Alderweireld_353: 404
[2025-10-29T13:38:06.151+0000] {fetch_api_data.py:79} WARNING - Failed to fetch data for Danny_Rose_354: 404
[2025-10-29T13:38:06.770+0000] {fetch_api_data.py:79} WARNING - Failed to fetch data for Jan_Vertonghen_355: 404
[2025-10-29T13:38:07.362+0000] {fetch_api_data.py:79} WARNING - Failed to fetch data for Ben_Davies_356: 404
[2025-10-29T13:38:07.990+0000] {fetch_api_data.py:79} WARNING - Failed to fetch data for Kieran_Trippier_357: 404
[2025-10-29T13:38:08.590+0000] {fetch_api_data.py:79} WARNING - Failed to fetch data for Kyle_Walker-Peters_358: 404
[2025-10-29T13:38:09.350+0000] {fetch_api_data.py:79} WARNING - Failed to fetch data for Davinson_Sánchez_359: 404
[2025-10-29T13:38:09.932+0000] {fetch_api_data.py:79} WARNING - Failed to fetch data for Serge_Aurier_360: 404
[2025-10-29T13:38:10.593+0000] {fetch_api_data.py:79} WARNING - Failed to fetch data for Eric_Dier_361: 404
[2025-10-29T13:38:11.263+0000] {fetch_api_data.py:79} WARNING - Failed to fetch data for Mousa_Dembélé_362: 404
[2025-10-29T13:38:11.842+0000] {fetch_api_data.py:79} WARNING - Failed to fetch data for Erik_Lamela_363: 404
[2025-10-29T13:38:12.489+0000] {fetch_api_data.py:79} WARNING - Failed to fetch data for Christian_Eriksen_364: 404
[2025-10-29T13:38:13.130+0000] {fetch_api_data.py:79} WARNING - Failed to fetch data for Bamidele_Alli_365: 404
[2025-10-29T13:38:13.805+0000] {fetch_api_data.py:79} WARNING - Failed to fetch data for Victor_Wanyama_366: 404
[2025-10-29T13:38:14.611+0000] {fetch_api_data.py:79} WARNING - Failed to fetch data for Heung-Min_Son_367: 404
[2025-10-29T13:38:15.269+0000] {fetch_api_data.py:79} WARNING - Failed to fetch data for Harry_Winks_368: 404
[2025-10-29T13:38:15.896+0000] {fetch_api_data.py:79} WARNING - Failed to fetch data for Moussa_Sissoko_369: 404
[2025-10-29T13:38:16.581+0000] {fetch_api_data.py:79} WARNING - Failed to fetch data for Lucas_Rodrigues Moura da Silva_370: 404
[2025-10-29T13:38:17.262+0000] {fetch_api_data.py:79} WARNING - Failed to fetch data for Fernando_Llorente_371: 404
[2025-10-29T13:38:17.859+0000] {fetch_api_data.py:79} WARNING - Failed to fetch data for Harry_Kane_372: 404
[2025-10-29T13:38:18.471+0000] {fetch_api_data.py:79} WARNING - Failed to fetch data for Georges-Kévin_Nkoudou_497: 404
[2025-10-29T13:38:19.208+0000] {fetch_api_data.py:79} WARNING - Failed to fetch data for Luke_Amos_523: 404
[2025-10-29T13:38:19.797+0000] {fetch_api_data.py:79} WARNING - Failed to fetch data for Paulo_Gazzaniga_536: 404
[2025-10-29T13:38:20.451+0000] {fetch_api_data.py:79} WARNING - Failed to fetch data for Alfie_Whiteman_538: 404
[2025-10-29T13:38:21.105+0000] {fetch_api_data.py:79} WARNING - Failed to fetch data for Oliver_Skipp_540: 404
[2025-10-29T13:38:21.795+0000] {fetch_api_data.py:79} WARNING - Failed to fetch data for Juan_Foyth_549: 404
[2025-10-29T13:38:22.410+0000] {fetch_api_data.py:79} WARNING - Failed to fetch data for Timothy_Eyoma_561: 404
[2025-10-29T13:38:23.348+0000] {fetch_api_data.py:79} WARNING - Failed to fetch data for Kazaiah_Sterling_578: 404
[2025-10-29T13:38:24.029+0000] {fetch_api_data.py:79} WARNING - Failed to fetch data for George_Marsh_612: 404
[2025-10-29T13:38:24.712+0000] {fetch_api_data.py:79} WARNING - Failed to fetch data for Vincent_Janssen_614: 404
[2025-10-29T13:38:25.315+0000] {fetch_api_data.py:79} WARNING - Failed to fetch data for Heurelho_Gomes_373: 404
[2025-10-29T13:38:25.973+0000] {fetch_api_data.py:79} WARNING - Failed to fetch data for Pontus_Dahlberg_374: 404
[2025-10-29T13:38:26.623+0000] {fetch_api_data.py:79} WARNING - Failed to fetch data for Younes_Kaboul_375: 404
[2025-10-29T13:38:27.256+0000] {fetch_api_data.py:79} WARNING - Failed to fetch data for Craig_Cathcart_376: 404
[2025-10-29T13:38:27.932+0000] {fetch_api_data.py:79} WARNING - Failed to fetch data for Sebastian_Prödl_377: 404
[2025-10-29T13:38:28.562+0000] {fetch_api_data.py:79} WARNING - Failed to fetch data for José_Holebas_378: 404
[2025-10-29T13:38:29.207+0000] {fetch_api_data.py:79} WARNING - Failed to fetch data for Miguel_Britos_379: 404
[2025-10-29T13:38:29.904+0000] {fetch_api_data.py:79} WARNING - Failed to fetch data for Christian_Kabasele_380: 404
[2025-10-29T13:38:30.526+0000] {fetch_api_data.py:79} WARNING - Failed to fetch data for Daryl_Janmaat_381: 404
[2025-10-29T13:38:31.130+0000] {fetch_api_data.py:79} WARNING - Failed to fetch data for Adrian_Mariappa_382: 404
[2025-10-29T13:38:31.766+0000] {fetch_api_data.py:79} WARNING - Failed to fetch data for Francisco_Femenía Far_383: 404
[2025-10-29T13:38:32.335+0000] {fetch_api_data.py:79} WARNING - Failed to fetch data for Marvin_Zeegelaar_384: 404
[2025-10-29T13:38:32.980+0000] {fetch_api_data.py:79} WARNING - Failed to fetch data for Marc_Navarro_385: 404
[2025-10-29T13:38:33.598+0000] {fetch_api_data.py:79} WARNING - Failed to fetch data for Adam_Masina_386: 404
[2025-10-29T13:38:34.498+0000] {fetch_api_data.py:79} WARNING - Failed to fetch data for Nathaniel_Chalobah_387: 404
[2025-10-29T13:38:35.210+0000] {fetch_api_data.py:79} WARNING - Failed to fetch data for Tom_Cleverley_388: 404
[2025-10-29T13:38:35.790+0000] {fetch_api_data.py:79} WARNING - Failed to fetch data for Etienne_Capoue_389: 404
[2025-10-29T13:38:36.415+0000] {fetch_api_data.py:79} WARNING - Failed to fetch data for Abdoulaye_Doucouré_390: 404
[2025-10-29T13:38:37.052+0000] {fetch_api_data.py:79} WARNING - Failed to fetch data for Roberto_Pereyra_391: 404
[2025-10-29T13:38:37.632+0000] {fetch_api_data.py:79} WARNING - Failed to fetch data for Will_Hughes_392: 404
[2025-10-29T13:38:38.214+0000] {fetch_api_data.py:79} WARNING - Failed to fetch data for Gerard_Deulofeu_394: 404
[2025-10-29T13:38:38.810+0000] {fetch_api_data.py:79} WARNING - Failed to fetch data for Andre_Gray_395: 404
[2025-10-29T13:38:39.419+0000] {fetch_api_data.py:79} WARNING - Failed to fetch data for Troy_Deeney_396: 404
[2025-10-29T13:38:40.090+0000] {fetch_api_data.py:79} WARNING - Failed to fetch data for Stefano_Okaka_397: 404
[2025-10-29T13:38:40.697+0000] {fetch_api_data.py:79} WARNING - Failed to fetch data for Jerome_Sinclair_398: 404
[2025-10-29T13:38:41.321+0000] {fetch_api_data.py:79} WARNING - Failed to fetch data for Ben_Foster_445: 404
[2025-10-29T13:38:41.931+0000] {fetch_api_data.py:79} WARNING - Failed to fetch data for Ken_Sema_446: 404
[2025-10-29T13:38:42.529+0000] {fetch_api_data.py:79} WARNING - Failed to fetch data for Domingos_Quina_517: 404
[2025-10-29T13:38:43.159+0000] {fetch_api_data.py:79} WARNING - Failed to fetch data for Isaac_Success Ajayi_524: 404
[2025-10-29T13:38:43.756+0000] {fetch_api_data.py:79} WARNING - Failed to fetch data for Ben_Wilmot_544: 404
[2025-10-29T13:38:44.419+0000] {fetch_api_data.py:79} WARNING - Failed to fetch data for Adalberto_Peñaranda_554: 404
[2025-10-29T13:38:45.076+0000] {fetch_api_data.py:79} WARNING - Failed to fetch data for Adrián_San Miguel del Castillo_399: 404
[2025-10-29T13:38:45.698+0000] {fetch_api_data.py:79} WARNING - Failed to fetch data for Lukasz_Fabianski_400: 404
[2025-10-29T13:38:46.319+0000] {fetch_api_data.py:79} WARNING - Failed to fetch data for Winston_Reid_401: 404
[2025-10-29T13:38:46.891+0000] {fetch_api_data.py:79} WARNING - Failed to fetch data for Aaron_Cresswell_402: 404
[2025-10-29T13:38:47.522+0000] {fetch_api_data.py:79} WARNING - Failed to fetch data for Angelo_Ogbonna_403: 404
[2025-10-29T13:38:48.131+0000] {fetch_api_data.py:79} WARNING - Failed to fetch data for Sam_Byram_404: 404
[2025-10-29T13:38:48.789+0000] {fetch_api_data.py:79} WARNING - Failed to fetch data for Pablo_Zabaleta_405: 404
[2025-10-29T13:38:49.404+0000] {fetch_api_data.py:79} WARNING - Failed to fetch data for Declan_Rice_406: 404
[2025-10-29T13:38:50.014+0000] {fetch_api_data.py:79} WARNING - Failed to fetch data for Reece_Oxford_407: 404
[2025-10-29T13:38:50.695+0000] {fetch_api_data.py:79} WARNING - Failed to fetch data for Ryan_Fredericks_408: 404
[2025-10-29T13:38:51.407+0000] {fetch_api_data.py:79} WARNING - Failed to fetch data for Issa_Diop_409: 404
[2025-10-29T13:38:51.997+0000] {fetch_api_data.py:79} WARNING - Failed to fetch data for Arthur_Masuaku_410: 404
[2025-10-29T13:38:52.574+0000] {fetch_api_data.py:79} WARNING - Failed to fetch data for Mark_Noble_411: 404
[2025-10-29T13:38:53.197+0000] {fetch_api_data.py:79} WARNING - Failed to fetch data for Pedro_Obiang_413: 404
[2025-10-29T13:38:53.797+0000] {fetch_api_data.py:79} WARNING - Failed to fetch data for Manuel_Lanzini_414: 404
[2025-10-29T13:38:54.392+0000] {fetch_api_data.py:79} WARNING - Failed to fetch data for Michail_Antonio_415: 404
[2025-10-29T13:38:55.129+0000] {fetch_api_data.py:79} WARNING - Failed to fetch data for Edimilson_Fernandes_416: 404
[2025-10-29T13:38:55.716+0000] {fetch_api_data.py:79} WARNING - Failed to fetch data for Marko_Arnautovic_417: 404
[2025-10-29T13:38:56.362+0000] {fetch_api_data.py:79} WARNING - Failed to fetch data for Andy_Carroll_418: 404
[2025-10-29T13:38:56.961+0000] {fetch_api_data.py:79} WARNING - Failed to fetch data for Javier_Hernández Balcázar_419: 404
[2025-10-29T13:38:57.655+0000] {fetch_api_data.py:79} WARNING - Failed to fetch data for Jordan_Hugill_420: 404
[2025-10-29T13:38:58.313+0000] {fetch_api_data.py:79} WARNING - Failed to fetch data for Jack_Wilshere_447: 404
[2025-10-29T13:38:58.936+0000] {fetch_api_data.py:79} WARNING - Failed to fetch data for Andriy_Yarmolenko_453: 404
[2025-10-29T13:38:59.555+0000] {fetch_api_data.py:79} WARNING - Failed to fetch data for Fabián_Balbuena_464: 404
[2025-10-29T13:39:00.217+0000] {fetch_api_data.py:79} WARNING - Failed to fetch data for Felipe Anderson_Pereira Gomes_465: 404
[2025-10-29T13:39:00.812+0000] {fetch_api_data.py:79} WARNING - Failed to fetch data for Robert_Snodgrass_489: 404
[2025-10-29T13:39:01.496+0000] {fetch_api_data.py:79} WARNING - Failed to fetch data for Lucas_Pérez_502: 404
[2025-10-29T13:39:02.169+0000] {fetch_api_data.py:79} WARNING - Failed to fetch data for Carlos_Sánchez_518: 404
[2025-10-29T13:39:02.822+0000] {fetch_api_data.py:79} WARNING - Failed to fetch data for Grady_Diangana_539: 404
[2025-10-29T13:39:03.433+0000] {fetch_api_data.py:79} WARNING - Failed to fetch data for Joe_Powell_547: 404
[2025-10-29T13:39:04.146+0000] {fetch_api_data.py:79} WARNING - Failed to fetch data for Conor_Coventry_548: 404
[2025-10-29T13:39:04.870+0000] {fetch_api_data.py:79} WARNING - Failed to fetch data for Alexandre Nascimento_Costa Silva_560: 404
[2025-10-29T13:39:05.493+0000] {fetch_api_data.py:79} WARNING - Failed to fetch data for Samir_Nasri_569: 404
[2025-10-29T13:39:06.197+0000] {fetch_api_data.py:79} WARNING - Failed to fetch data for Ben_Johnson_605: 404
[2025-10-29T13:39:06.792+0000] {fetch_api_data.py:79} WARNING - Failed to fetch data for Nathan_Holland_611: 404
[2025-10-29T13:39:07.450+0000] {fetch_api_data.py:79} WARNING - Failed to fetch data for John_Ruddy_421: 404
[2025-10-29T13:39:08.038+0000] {fetch_api_data.py:79} WARNING - Failed to fetch data for Will_Norris_422: 404
[2025-10-29T13:39:08.653+0000] {fetch_api_data.py:79} WARNING - Failed to fetch data for Willy_Boly_423: 404
[2025-10-29T13:39:09.263+0000] {fetch_api_data.py:79} WARNING - Failed to fetch data for Barry_Douglas_424: 404
[2025-10-29T13:39:09.872+0000] {fetch_api_data.py:79} WARNING - Failed to fetch data for Matt_Doherty_425: 404
[2025-10-29T13:39:10.486+0000] {fetch_api_data.py:79} WARNING - Failed to fetch data for Romain_Saïss_426: 404
[2025-10-29T13:39:11.131+0000] {fetch_api_data.py:79} WARNING - Failed to fetch data for Ryan_Bennett_427: 404
[2025-10-29T13:39:11.814+0000] {fetch_api_data.py:79} WARNING - Failed to fetch data for Danny_Batth_428: 404
[2025-10-29T13:39:12.536+0000] {fetch_api_data.py:79} WARNING - Failed to fetch data for Roderick Jefferson_Gonçalves Miranda_429: 404
[2025-10-29T13:39:13.167+0000] {fetch_api_data.py:79} WARNING - Failed to fetch data for Conor_Coady_430: 404
[2025-10-29T13:39:13.798+0000] {fetch_api_data.py:79} WARNING - Failed to fetch data for Rúben Gonçalo_Silva Nascimento Vinagre_431: 404
[2025-10-29T13:39:14.406+0000] {fetch_api_data.py:79} WARNING - Failed to fetch data for Diogo_Jota_432: 404
[2025-10-29T13:39:14.976+0000] {fetch_api_data.py:79} WARNING - Failed to fetch data for Rúben Diogo_da Silva Neves_433: 404
[2025-10-29T13:39:15.716+0000] {fetch_api_data.py:79} WARNING - Failed to fetch data for Ivan_Cavaleiro_434: 404
[2025-10-29T13:39:16.319+0000] {fetch_api_data.py:79} WARNING - Failed to fetch data for Hélder_Costa_435: 404
[2025-10-29T13:39:16.949+0000] {fetch_api_data.py:79} WARNING - Failed to fetch data for Bright_Enobakhare_436: 404
[2025-10-29T13:39:17.637+0000] {fetch_api_data.py:79} WARNING - Failed to fetch data for Raúl_Jiménez_437: 404
[2025-10-29T13:39:18.226+0000] {fetch_api_data.py:79} WARNING - Failed to fetch data for Bonatini Lohner Maia_Bonatini_438: 404
[2025-10-29T13:39:18.837+0000] {fetch_api_data.py:79} WARNING - Failed to fetch data for Morgan_Gibbs-White_448: 404
[2025-10-29T13:39:19.517+0000] {fetch_api_data.py:79} WARNING - Failed to fetch data for Rafa_Mir_449: 404
[2025-10-29T13:39:20.120+0000] {fetch_api_data.py:79} WARNING - Failed to fetch data for Rui Pedro_dos Santos Patrício_454: 404
[2025-10-29T13:39:20.736+0000] {fetch_api_data.py:79} WARNING - Failed to fetch data for João Filipe Iria_Santos Moutinho_475: 404
[2025-10-29T13:39:21.354+0000] {fetch_api_data.py:79} WARNING - Failed to fetch data for Jonathan_Castro Otto_483: 404
[2025-10-29T13:39:21.983+0000] {fetch_api_data.py:79} WARNING - Failed to fetch data for Adama_Traoré_500: 404
[2025-10-29T13:39:22.995+0000] {fetch_api_data.py:79} WARNING - Failed to fetch data for Leander_Dendoncker_519: 404
[2025-10-29T13:39:23.675+0000] {fetch_api_data.py:79} WARNING - Failed to fetch data for Kortney_Hause_525: 404
[2025-10-29T13:39:24.288+0000] {fetch_api_data.py:79} WARNING - Failed to fetch data for Ryan John_Giles_555: 404
[2025-10-29T13:39:24.973+0000] {fetch_api_data.py:79} WARNING - Failed to fetch data for Max_Kilman_567: 404
[2025-10-29T13:39:25.632+0000] {fetch_api_data.py:79} WARNING - Failed to fetch data for Cameron_John_596: 404
[2025-10-29T13:39:25.635+0000] {python.py:183} INFO - Done. Returned value was: []
[2025-10-29T13:39:25.689+0000] {taskinstance.py:1350} INFO - Marking task as SUCCESS. dag_id=fpl_gameweeks_etl, task_id=fetch_players_gw_task, map_index=6, execution_date=20251029T133215, start_date=20251029T133255, end_date=20251029T133925
[2025-10-29T13:39:25.761+0000] {local_task_job_runner.py:225} INFO - Task exited with return code 0
[2025-10-29T13:39:25.807+0000] {taskinstance.py:2653} INFO - 0 downstream tasks scheduled from follow-on schedule check
