[2025-10-29T13:45:04.074+0000] {taskinstance.py:1103} INFO - Dependencies all met for dep_context=non-requeueable deps ti=<TaskInstance: fpl_gameweeks_etl.parse_gw_stats_table_task manual__2025-10-29T13:32:15.187132+00:00 [queued]>
[2025-10-29T13:45:04.095+0000] {taskinstance.py:1103} INFO - Dependencies all met for dep_context=requeueable deps ti=<TaskInstance: fpl_gameweeks_etl.parse_gw_stats_table_task manual__2025-10-29T13:32:15.187132+00:00 [queued]>
[2025-10-29T13:45:04.096+0000] {taskinstance.py:1308} INFO - Starting attempt 2 of 2
[2025-10-29T13:45:04.367+0000] {taskinstance.py:1327} INFO - Executing <Task(_PythonDecoratedOperator): parse_gw_stats_table_task> on 2025-10-29 13:32:15.187132+00:00
[2025-10-29T13:45:04.377+0000] {standard_task_runner.py:57} INFO - Started process 14668 to run task
[2025-10-29T13:45:04.383+0000] {standard_task_runner.py:84} INFO - Running: ['airflow', 'tasks', 'run', 'fpl_gameweeks_etl', 'parse_gw_stats_table_task', 'manual__2025-10-29T13:32:15.187132+00:00', '--job-id', '998', '--raw', '--subdir', 'DAGS_FOLDER/fpl_gameweeks_dag.py', '--cfg-path', '/tmp/tmpsz2dzijx']
[2025-10-29T13:45:04.385+0000] {standard_task_runner.py:85} INFO - Job 998: Subtask parse_gw_stats_table_task
[2025-10-29T13:45:04.489+0000] {task_command.py:410} INFO - Running <TaskInstance: fpl_gameweeks_etl.parse_gw_stats_table_task manual__2025-10-29T13:32:15.187132+00:00 [running]> on host dede24b5451e
[2025-10-29T13:45:05.099+0000] {taskinstance.py:1547} INFO - Exporting env vars: AIRFLOW_CTX_DAG_OWNER='richardilemon' AIRFLOW_CTX_DAG_ID='fpl_gameweeks_etl' AIRFLOW_CTX_TASK_ID='parse_gw_stats_table_task' AIRFLOW_CTX_EXECUTION_DATE='2025-10-29T13:32:15.187132+00:00' AIRFLOW_CTX_TRY_NUMBER='2' AIRFLOW_CTX_DAG_RUN_ID='manual__2025-10-29T13:32:15.187132+00:00'
[2025-10-29T13:45:06.538+0000] {taskinstance.py:1824} ERROR - Task failed with exception
Traceback (most recent call last):
  File "/home/airflow/.local/lib/python3.7/site-packages/airflow/decorators/base.py", line 220, in execute
    return_value = super().execute(context)
  File "/home/airflow/.local/lib/python3.7/site-packages/airflow/operators/python.py", line 181, in execute
    return_value = self.execute_callable()
  File "/home/airflow/.local/lib/python3.7/site-packages/airflow/operators/python.py", line 198, in execute_callable
    return self.python_callable(*self.op_args, **self.op_kwargs)
  File "/opt/airflow/dags/fpl_gameweeks_dag.py", line 128, in parse_gw_stats_table_task
    return parse_gw_stats_table(gw_data, fixtures)
  File "/opt/airflow/scripts/load_player_gameweek_stats.py", line 81, in parse_gw_stats_table
    gameweek = int(row["round"])
TypeError: list indices must be integers or slices, not str
[2025-10-29T13:45:06.551+0000] {taskinstance.py:1350} INFO - Marking task as FAILED. dag_id=fpl_gameweeks_etl, task_id=parse_gw_stats_table_task, execution_date=20251029T133215, start_date=20251029T134504, end_date=20251029T134506
[2025-10-29T13:45:06.574+0000] {standard_task_runner.py:109} ERROR - Failed to execute job 998 for task parse_gw_stats_table_task (list indices must be integers or slices, not str; 14668)
[2025-10-29T13:45:06.603+0000] {local_task_job_runner.py:225} INFO - Task exited with return code 1
[2025-10-29T13:45:06.640+0000] {taskinstance.py:2653} INFO - 0 downstream tasks scheduled from follow-on schedule check
