[2025-10-29T23:16:00.282+0000] {taskinstance.py:1103} INFO - Dependencies all met for dep_context=non-requeueable deps ti=<TaskInstance: fpl_fixtures_pipeline.create_fixtures_table manual__2025-10-29T23:15:55.776005+00:00 [queued]>
[2025-10-29T23:16:00.440+0000] {taskinstance.py:1103} INFO - Dependencies all met for dep_context=requeueable deps ti=<TaskInstance: fpl_fixtures_pipeline.create_fixtures_table manual__2025-10-29T23:15:55.776005+00:00 [queued]>
[2025-10-29T23:16:00.445+0000] {taskinstance.py:1308} INFO - Starting attempt 1 of 2
[2025-10-29T23:16:00.476+0000] {taskinstance.py:1327} INFO - Executing <Task(PostgresOperator): create_fixtures_table> on 2025-10-29 23:15:55.776005+00:00
[2025-10-29T23:16:00.483+0000] {standard_task_runner.py:57} INFO - Started process 6121 to run task
[2025-10-29T23:16:00.489+0000] {standard_task_runner.py:84} INFO - Running: ['airflow', 'tasks', 'run', 'fpl_fixtures_pipeline', 'create_fixtures_table', 'manual__2025-10-29T23:15:55.776005+00:00', '--job-id', '1992', '--raw', '--subdir', 'DAGS_FOLDER/fixtures_dag.py', '--cfg-path', '/tmp/tmpevw4pna6']
[2025-10-29T23:16:00.491+0000] {standard_task_runner.py:85} INFO - Job 1992: Subtask create_fixtures_table
[2025-10-29T23:16:00.604+0000] {task_command.py:410} INFO - Running <TaskInstance: fpl_fixtures_pipeline.create_fixtures_table manual__2025-10-29T23:15:55.776005+00:00 [running]> on host 27ecd0db3cbd
[2025-10-29T23:16:00.776+0000] {taskinstance.py:1547} INFO - Exporting env vars: AIRFLOW_CTX_DAG_OWNER='richardilemon' AIRFLOW_CTX_DAG_ID='fpl_fixtures_pipeline' AIRFLOW_CTX_TASK_ID='create_fixtures_table' AIRFLOW_CTX_EXECUTION_DATE='2025-10-29T23:15:55.776005+00:00' AIRFLOW_CTX_TRY_NUMBER='1' AIRFLOW_CTX_DAG_RUN_ID='manual__2025-10-29T23:15:55.776005+00:00'
[2025-10-29T23:16:00.777+0000] {sql.py:265} INFO - Executing: 
            CREATE TABLE IF NOT EXISTS fixtures (
                code INTEGER PRIMARY KEY,
                season TEXT,
                gameweek INTEGER,
                kickoff_time TIMESTAMP WITH TIME ZONE,
                team_h_code INTEGER,
                team_a_code INTEGER,
                team_h_score INTEGER,
                team_a_score INTEGER,
                team_h_difficulty INTEGER,
                team_a_difficulty INTEGER
            );
[2025-10-29T23:16:00.799+0000] {base.py:73} INFO - Using connection ID 'fpl_db_conn' for task execution.
[2025-10-29T23:16:00.909+0000] {base.py:73} INFO - Using connection ID 'fpl_db_conn' for task execution.
[2025-10-29T23:16:00.920+0000] {sql.py:375} INFO - Running statement: 
            CREATE TABLE IF NOT EXISTS fixtures (
                code INTEGER PRIMARY KEY,
                season TEXT,
                gameweek INTEGER,
                kickoff_time TIMESTAMP WITH TIME ZONE,
                team_h_code INTEGER,
                team_a_code INTEGER,
                team_h_score INTEGER,
                team_a_score INTEGER,
                team_h_difficulty INTEGER,
                team_a_difficulty INTEGER
            );, parameters: None
[2025-10-29T23:16:00.944+0000] {taskinstance.py:1350} INFO - Marking task as SUCCESS. dag_id=fpl_fixtures_pipeline, task_id=create_fixtures_table, execution_date=20251029T231555, start_date=20251029T231600, end_date=20251029T231600
[2025-10-29T23:16:00.982+0000] {local_task_job_runner.py:225} INFO - Task exited with return code 0
[2025-10-29T23:16:01.048+0000] {taskinstance.py:2653} INFO - 7 downstream tasks scheduled from follow-on schedule check
