[2025-10-07T01:10:28.968+0000] {taskinstance.py:1103} INFO - Dependencies all met for dep_context=non-requeueable deps ti=<TaskInstance: fpl_etl_pipeline.create_teams_table manual__2025-10-07T01:10:22.694009+00:00 [queued]>
[2025-10-07T01:10:28.978+0000] {taskinstance.py:1103} INFO - Dependencies all met for dep_context=requeueable deps ti=<TaskInstance: fpl_etl_pipeline.create_teams_table manual__2025-10-07T01:10:22.694009+00:00 [queued]>
[2025-10-07T01:10:28.979+0000] {taskinstance.py:1308} INFO - Starting attempt 1 of 2
[2025-10-07T01:10:29.001+0000] {taskinstance.py:1327} INFO - Executing <Task(PythonOperator): create_teams_table> on 2025-10-07 01:10:22.694009+00:00
[2025-10-07T01:10:29.008+0000] {standard_task_runner.py:57} INFO - Started process 2196 to run task
[2025-10-07T01:10:29.011+0000] {standard_task_runner.py:84} INFO - Running: ['airflow', 'tasks', 'run', 'fpl_etl_pipeline', 'create_teams_table', 'manual__2025-10-07T01:10:22.694009+00:00', '--job-id', '32', '--raw', '--subdir', 'DAGS_FOLDER/fpl_etl_pipeline.py', '--cfg-path', '/tmp/tmp5gq1tvui']
[2025-10-07T01:10:29.014+0000] {standard_task_runner.py:85} INFO - Job 32: Subtask create_teams_table
[2025-10-07T01:10:29.089+0000] {task_command.py:410} INFO - Running <TaskInstance: fpl_etl_pipeline.create_teams_table manual__2025-10-07T01:10:22.694009+00:00 [running]> on host 3bca3fdb3451
[2025-10-07T01:10:29.220+0000] {taskinstance.py:1547} INFO - Exporting env vars: AIRFLOW_CTX_DAG_OWNER='richardilemon' AIRFLOW_CTX_DAG_ID='fpl_etl_pipeline' AIRFLOW_CTX_TASK_ID='create_teams_table' AIRFLOW_CTX_EXECUTION_DATE='2025-10-07T01:10:22.694009+00:00' AIRFLOW_CTX_TRY_NUMBER='1' AIRFLOW_CTX_DAG_RUN_ID='manual__2025-10-07T01:10:22.694009+00:00'
[2025-10-07T01:10:29.258+0000] {taskinstance.py:1824} ERROR - Task failed with exception
Traceback (most recent call last):
  File "/home/airflow/.local/lib/python3.7/site-packages/airflow/operators/python.py", line 181, in execute
    return_value = self.execute_callable()
  File "/home/airflow/.local/lib/python3.7/site-packages/airflow/operators/python.py", line 198, in execute_callable
    return self.python_callable(*self.op_args, **self.op_kwargs)
  File "/opt/airflow/scripts/load_teams_live.py", line 32, in create_teams_table
    with conn.cursor() as cur:
  File "/home/airflow/.local/lib/python3.7/site-packages/airflow/utils/context.py", line 126, in __getattr__
    self.var = Connection.get_connection_from_secrets(key)
  File "/home/airflow/.local/lib/python3.7/site-packages/airflow/models/connection.py", line 463, in get_connection_from_secrets
    raise AirflowNotFoundException(f"The conn_id `{conn_id}` isn't defined")
airflow.exceptions.AirflowNotFoundException: The conn_id `cursor` isn't defined
[2025-10-07T01:10:29.272+0000] {taskinstance.py:1350} INFO - Marking task as UP_FOR_RETRY. dag_id=fpl_etl_pipeline, task_id=create_teams_table, execution_date=20251007T011022, start_date=20251007T011028, end_date=20251007T011029
[2025-10-07T01:10:29.292+0000] {standard_task_runner.py:109} ERROR - Failed to execute job 32 for task create_teams_table (The conn_id `cursor` isn't defined; 2196)
[2025-10-07T01:10:29.306+0000] {local_task_job_runner.py:225} INFO - Task exited with return code 1
[2025-10-07T01:10:29.353+0000] {taskinstance.py:2653} INFO - 0 downstream tasks scheduled from follow-on schedule check
