[2025-10-29T19:19:22.456+0000] {taskinstance.py:1103} INFO - Dependencies all met for dep_context=non-requeueable deps ti=<TaskInstance: fpl_gameweeks_etl.create_gameweeks_table manual__2025-10-29T19:19:20.452072+00:00 [queued]>
[2025-10-29T19:19:22.479+0000] {taskinstance.py:1103} INFO - Dependencies all met for dep_context=requeueable deps ti=<TaskInstance: fpl_gameweeks_etl.create_gameweeks_table manual__2025-10-29T19:19:20.452072+00:00 [queued]>
[2025-10-29T19:19:22.480+0000] {taskinstance.py:1308} INFO - Starting attempt 1 of 2
[2025-10-29T19:19:22.526+0000] {taskinstance.py:1327} INFO - Executing <Task(PostgresOperator): create_gameweeks_table> on 2025-10-29 19:19:20.452072+00:00
[2025-10-29T19:19:22.535+0000] {standard_task_runner.py:57} INFO - Started process 5275 to run task
[2025-10-29T19:19:22.547+0000] {standard_task_runner.py:84} INFO - Running: ['airflow', 'tasks', 'run', 'fpl_gameweeks_etl', 'create_gameweeks_table', 'manual__2025-10-29T19:19:20.452072+00:00', '--job-id', '1547', '--raw', '--subdir', 'DAGS_FOLDER/fpl_gameweeks_dag.py', '--cfg-path', '/tmp/tmpgk2uejda']
[2025-10-29T19:19:22.554+0000] {standard_task_runner.py:85} INFO - Job 1547: Subtask create_gameweeks_table
[2025-10-29T19:19:23.356+0000] {task_command.py:410} INFO - Running <TaskInstance: fpl_gameweeks_etl.create_gameweeks_table manual__2025-10-29T19:19:20.452072+00:00 [running]> on host ac7f9a73de40
[2025-10-29T19:19:23.623+0000] {taskinstance.py:1547} INFO - Exporting env vars: AIRFLOW_CTX_DAG_OWNER='richardilemon' AIRFLOW_CTX_DAG_ID='fpl_gameweeks_etl' AIRFLOW_CTX_TASK_ID='create_gameweeks_table' AIRFLOW_CTX_EXECUTION_DATE='2025-10-29T19:19:20.452072+00:00' AIRFLOW_CTX_TRY_NUMBER='1' AIRFLOW_CTX_DAG_RUN_ID='manual__2025-10-29T19:19:20.452072+00:00'
[2025-10-29T19:19:23.625+0000] {sql.py:265} INFO - Executing: 
            CREATE TABLE IF NOT EXISTS game_weeks (
                season TEXT,
                gameweek INTEGER,
                deadline TIMESTAMP,
                PRIMARY KEY (season, gameweek)
            );
        
[2025-10-29T19:19:23.653+0000] {base.py:73} INFO - Using connection ID 'fpl_db_conn' for task execution.
[2025-10-29T19:19:23.752+0000] {base.py:73} INFO - Using connection ID 'fpl_db_conn' for task execution.
[2025-10-29T19:19:23.762+0000] {sql.py:375} INFO - Running statement: 
            CREATE TABLE IF NOT EXISTS game_weeks (
                season TEXT,
                gameweek INTEGER,
                deadline TIMESTAMP,
                PRIMARY KEY (season, gameweek)
            );
        , parameters: None
[2025-10-29T19:19:23.794+0000] {taskinstance.py:1350} INFO - Marking task as SUCCESS. dag_id=fpl_gameweeks_etl, task_id=create_gameweeks_table, execution_date=20251029T191920, start_date=20251029T191922, end_date=20251029T191923
[2025-10-29T19:19:23.896+0000] {local_task_job_runner.py:225} INFO - Task exited with return code 0
[2025-10-29T19:19:24.187+0000] {taskinstance.py:2653} INFO - 7 downstream tasks scheduled from follow-on schedule check
