[2025-10-29T09:15:15.479+0000] {taskinstance.py:1103} INFO - Dependencies all met for dep_context=non-requeueable deps ti=<TaskInstance: fpl_gameweeks_etl.fetch_players_gw_task manual__2025-10-29T09:14:44.646155+00:00 map_index=6 [queued]>
[2025-10-29T09:15:15.509+0000] {taskinstance.py:1103} INFO - Dependencies all met for dep_context=requeueable deps ti=<TaskInstance: fpl_gameweeks_etl.fetch_players_gw_task manual__2025-10-29T09:14:44.646155+00:00 map_index=6 [queued]>
[2025-10-29T09:15:15.510+0000] {taskinstance.py:1308} INFO - Starting attempt 1 of 2
[2025-10-29T09:15:15.910+0000] {taskinstance.py:1327} INFO - Executing <Mapped(_PythonDecoratedOperator): fetch_players_gw_task> on 2025-10-29 09:14:44.646155+00:00
[2025-10-29T09:15:15.929+0000] {standard_task_runner.py:57} INFO - Started process 7366 to run task
[2025-10-29T09:15:15.938+0000] {standard_task_runner.py:84} INFO - Running: ['airflow', 'tasks', 'run', 'fpl_gameweeks_etl', 'fetch_players_gw_task', 'manual__2025-10-29T09:14:44.646155+00:00', '--job-id', '720', '--raw', '--subdir', 'DAGS_FOLDER/fpl_gameweeks_dag.py', '--cfg-path', '/tmp/tmp4o2d4922', '--map-index', '6']
[2025-10-29T09:15:15.943+0000] {standard_task_runner.py:85} INFO - Job 720: Subtask fetch_players_gw_task
[2025-10-29T09:15:16.120+0000] {task_command.py:410} INFO - Running <TaskInstance: fpl_gameweeks_etl.fetch_players_gw_task manual__2025-10-29T09:14:44.646155+00:00 map_index=6 [running]> on host dede24b5451e
[2025-10-29T09:15:16.412+0000] {taskinstance.py:1547} INFO - Exporting env vars: AIRFLOW_CTX_DAG_OWNER='richardilemon' AIRFLOW_CTX_DAG_ID='fpl_gameweeks_etl' AIRFLOW_CTX_TASK_ID='fetch_players_gw_task' AIRFLOW_CTX_EXECUTION_DATE='2025-10-29T09:14:44.646155+00:00' AIRFLOW_CTX_TRY_NUMBER='1' AIRFLOW_CTX_DAG_RUN_ID='manual__2025-10-29T09:14:44.646155+00:00'
[2025-10-29T09:15:17.215+0000] {fetch_api_data.py:97} WARNING - Failed to fetch data for Petr_Cech_1: 404
[2025-10-29T09:15:18.441+0000] {fetch_api_data.py:97} WARNING - Failed to fetch data for Bernd_Leno_2: 404
[2025-10-29T09:15:19.122+0000] {fetch_api_data.py:97} WARNING - Failed to fetch data for Laurent_Koscielny_3: 404
[2025-10-29T09:15:19.740+0000] {fetch_api_data.py:97} WARNING - Failed to fetch data for Héctor_Bellerín_4: 404
[2025-10-29T09:15:20.326+0000] {fetch_api_data.py:97} WARNING - Failed to fetch data for Nacho_Monreal_5: 404
[2025-10-29T09:15:21.011+0000] {fetch_api_data.py:97} WARNING - Failed to fetch data for Rob_Holding_6: 404
[2025-10-29T09:15:21.609+0000] {fetch_api_data.py:97} WARNING - Failed to fetch data for Shkodran_Mustafi_7: 404
[2025-10-29T09:15:22.164+0000] {fetch_api_data.py:97} WARNING - Failed to fetch data for Sead_Kolasinac_8: 404
[2025-10-29T09:15:22.798+0000] {fetch_api_data.py:97} WARNING - Failed to fetch data for Konstantinos_Mavropanos_10: 404
[2025-10-29T09:15:23.410+0000] {fetch_api_data.py:97} WARNING - Failed to fetch data for Stephan_Lichtsteiner_11: 404
[2025-10-29T09:15:24.449+0000] {fetch_api_data.py:97} WARNING - Failed to fetch data for Sokratis_Papastathopoulos_12: 404
[2025-10-29T09:15:25.086+0000] {fetch_api_data.py:97} WARNING - Failed to fetch data for Mesut_Özil_13: 404
[2025-10-29T09:15:25.650+0000] {fetch_api_data.py:97} WARNING - Failed to fetch data for Aaron_Ramsey_14: 404
[2025-10-29T09:15:26.237+0000] {fetch_api_data.py:97} WARNING - Failed to fetch data for Alex_Iwobi_15: 404
[2025-10-29T09:15:26.946+0000] {fetch_api_data.py:97} WARNING - Failed to fetch data for Mohamed_Elneny_16: 404
[2025-10-29T09:15:27.559+0000] {fetch_api_data.py:97} WARNING - Failed to fetch data for Granit_Xhaka_17: 404
[2025-10-29T09:15:28.217+0000] {fetch_api_data.py:97} WARNING - Failed to fetch data for Henrikh_Mkhitaryan_18: 404
[2025-10-29T09:15:28.933+0000] {fetch_api_data.py:97} WARNING - Failed to fetch data for Reiss_Nelson_19: 404
[2025-10-29T09:15:30.292+0000] {fetch_api_data.py:97} WARNING - Failed to fetch data for Ainsley_Maitland-Niles_20: 404
[2025-10-29T09:15:31.472+0000] {fetch_api_data.py:97} WARNING - Failed to fetch data for Danny_Welbeck_21: 404
[2025-10-29T09:15:32.060+0000] {fetch_api_data.py:97} WARNING - Failed to fetch data for Alexandre_Lacazette_22: 404
[2025-10-29T09:15:32.946+0000] {fetch_api_data.py:97} WARNING - Failed to fetch data for Pierre-Emerick_Aubameyang_23: 404
[2025-10-29T09:15:33.553+0000] {fetch_api_data.py:97} WARNING - Failed to fetch data for Lucas_Torreira_450: 404
[2025-10-29T09:15:34.140+0000] {fetch_api_data.py:97} WARNING - Failed to fetch data for Matteo_Guendouzi_451: 404
[2025-10-29T09:15:34.734+0000] {fetch_api_data.py:97} WARNING - Failed to fetch data for Emiliano_Martínez_542: 404
[2025-10-29T09:15:35.352+0000] {fetch_api_data.py:97} WARNING - Failed to fetch data for Emile_Smith-Rowe_545: 404
[2025-10-29T09:15:35.966+0000] {fetch_api_data.py:97} WARNING - Failed to fetch data for Zech_Medley_546: 404
[2025-10-29T09:15:36.786+0000] {fetch_api_data.py:97} WARNING - Failed to fetch data for Edward_Nketiah_552: 404
[2025-10-29T09:15:37.357+0000] {fetch_api_data.py:97} WARNING - Failed to fetch data for Bukayo_Saka_563: 404
[2025-10-29T09:15:38.022+0000] {fetch_api_data.py:97} WARNING - Failed to fetch data for Joseph_Willock_566: 404
[2025-10-29T09:15:38.641+0000] {fetch_api_data.py:97} WARNING - Failed to fetch data for Carl_Jenkinson_581: 404
[2025-10-29T09:15:39.227+0000] {fetch_api_data.py:97} WARNING - Failed to fetch data for Denis_Suárez_586: 404
[2025-10-29T09:15:39.829+0000] {fetch_api_data.py:97} WARNING - Failed to fetch data for Asmir_Begovic_24: 404
[2025-10-29T09:15:40.463+0000] {fetch_api_data.py:97} WARNING - Failed to fetch data for Artur_Boruc_25: 404
[2025-10-29T09:15:41.150+0000] {fetch_api_data.py:97} WARNING - Failed to fetch data for Simon_Francis_26: 404
[2025-10-29T09:15:41.755+0000] {fetch_api_data.py:97} WARNING - Failed to fetch data for Steve_Cook_27: 404
[2025-10-29T09:15:42.634+0000] {fetch_api_data.py:97} WARNING - Failed to fetch data for Charlie_Daniels_28: 404
[2025-10-29T09:15:43.258+0000] {fetch_api_data.py:97} WARNING - Failed to fetch data for Adam_Smith_29: 404
[2025-10-29T09:15:44.011+0000] {fetch_api_data.py:97} WARNING - Failed to fetch data for Tyrone_Mings_30: 404
[2025-10-29T09:15:44.667+0000] {fetch_api_data.py:97} WARNING - Failed to fetch data for Nathan_Aké_31: 404
[2025-10-29T09:15:45.358+0000] {fetch_api_data.py:97} WARNING - Failed to fetch data for Jack_Simpson_32: 404
[2025-10-29T09:15:45.985+0000] {fetch_api_data.py:97} WARNING - Failed to fetch data for Marc_Pugh_34: 404
[2025-10-29T09:15:46.567+0000] {fetch_api_data.py:97} WARNING - Failed to fetch data for Andrew_Surman_35: 404
[2025-10-29T09:15:47.179+0000] {fetch_api_data.py:97} WARNING - Failed to fetch data for Junior_Stanislas_36: 404
[2025-10-29T09:15:47.808+0000] {fetch_api_data.py:97} WARNING - Failed to fetch data for Dan_Gosling_37: 404
[2025-10-29T09:15:48.380+0000] {fetch_api_data.py:97} WARNING - Failed to fetch data for Jordon_Ibe_38: 404
[2025-10-29T09:15:49.012+0000] {fetch_api_data.py:97} WARNING - Failed to fetch data for Lewis_Cook_39: 404
[2025-10-29T09:15:49.648+0000] {fetch_api_data.py:97} WARNING - Failed to fetch data for Ryan_Fraser_40: 404
[2025-10-29T09:15:50.488+0000] {fetch_api_data.py:97} WARNING - Failed to fetch data for Emerson_Hyndman_41: 404
[2025-10-29T09:15:51.293+0000] {fetch_api_data.py:97} WARNING - Failed to fetch data for David_Brooks_42: 404
[2025-10-29T09:15:51.904+0000] {fetch_api_data.py:97} WARNING - Failed to fetch data for Callum_Wilson_43: 404
[2025-10-29T09:15:52.495+0000] {fetch_api_data.py:97} WARNING - Failed to fetch data for Lys_Mousset_44: 404
[2025-10-29T09:15:53.154+0000] {fetch_api_data.py:97} WARNING - Failed to fetch data for Joshua_King_45: 404
[2025-10-29T09:15:53.809+0000] {fetch_api_data.py:97} WARNING - Failed to fetch data for Jermain_Defoe_46: 404
[2025-10-29T09:15:54.591+0000] {fetch_api_data.py:97} WARNING - Failed to fetch data for Nathaniel_Clyne_241: 404
[2025-10-29T09:15:55.255+0000] {fetch_api_data.py:97} WARNING - Failed to fetch data for Dominic_Solanke_259: 404
[2025-10-29T09:15:58.422+0000] {fetch_api_data.py:97} WARNING - Failed to fetch data for Diego_Rico_473: 404
[2025-10-29T09:16:05.520+0000] {fetch_api_data.py:97} WARNING - Failed to fetch data for Jefferson_Lerma_494: 404
[2025-10-29T09:16:12.352+0000] {fetch_api_data.py:97} WARNING - Failed to fetch data for Chris_Mepham_580: 404
[2025-10-29T09:16:13.237+0000] {fetch_api_data.py:97} WARNING - Failed to fetch data for Sam_Surridge_599: 404
[2025-10-29T09:16:13.979+0000] {fetch_api_data.py:97} WARNING - Failed to fetch data for Kyle_Taylor_600: 404
[2025-10-29T09:16:14.733+0000] {fetch_api_data.py:97} WARNING - Failed to fetch data for Nnamdi_Ofoborh_613: 404
[2025-10-29T09:16:15.450+0000] {fetch_api_data.py:97} WARNING - Failed to fetch data for Mark_Travers_616: 404
[2025-10-29T09:16:16.058+0000] {fetch_api_data.py:97} WARNING - Failed to fetch data for Matt_Butcher_620: 404
[2025-10-29T09:16:16.639+0000] {fetch_api_data.py:97} WARNING - Failed to fetch data for Mathew_Ryan_47: 404
[2025-10-29T09:16:17.262+0000] {fetch_api_data.py:97} WARNING - Failed to fetch data for Lewis_Dunk_48: 404
[2025-10-29T09:16:17.874+0000] {fetch_api_data.py:97} WARNING - Failed to fetch data for Shane_Duffy_49: 404
[2025-10-29T09:16:18.514+0000] {fetch_api_data.py:97} WARNING - Failed to fetch data for Bruno_Saltor Grau_50: 404
[2025-10-29T09:16:19.085+0000] {fetch_api_data.py:97} WARNING - Failed to fetch data for Gaëtan_Bong_51: 404
[2025-10-29T09:16:19.690+0000] {fetch_api_data.py:97} WARNING - Failed to fetch data for Markus_Suttner_52: 404
[2025-10-29T09:16:20.394+0000] {fetch_api_data.py:97} WARNING - Failed to fetch data for Ezequiel_Schelotto_53: 404
[2025-10-29T09:16:21.040+0000] {fetch_api_data.py:97} WARNING - Failed to fetch data for Leon_Balogun_54: 404
[2025-10-29T09:16:22.587+0000] {fetch_api_data.py:97} WARNING - Failed to fetch data for Anthony_Knockaert_55: 404
[2025-10-29T09:16:28.901+0000] {fetch_api_data.py:97} WARNING - Failed to fetch data for Dale_Stephens_56: 404
[2025-10-29T09:16:34.426+0000] {fetch_api_data.py:97} WARNING - Failed to fetch data for Beram_Kayal_57: 404
[2025-10-29T09:16:35.487+0000] {fetch_api_data.py:97} WARNING - Failed to fetch data for Solomon_March_58: 404
[2025-10-29T09:16:36.428+0000] {fetch_api_data.py:97} WARNING - Failed to fetch data for Pascal_Groß_59: 404
[2025-10-29T09:16:37.374+0000] {fetch_api_data.py:97} WARNING - Failed to fetch data for Davy_Pröpper_60: 404
[2025-10-29T09:16:38.188+0000] {fetch_api_data.py:97} WARNING - Failed to fetch data for José Heriberto_Izquierdo Mena_61: 404
[2025-10-29T09:16:38.817+0000] {fetch_api_data.py:97} WARNING - Failed to fetch data for Glenn_Murray_62: 404
[2025-10-29T09:16:39.436+0000] {fetch_api_data.py:97} WARNING - Failed to fetch data for Tomer_Hemed_63: 404
[2025-10-29T09:16:40.112+0000] {fetch_api_data.py:97} WARNING - Failed to fetch data for Sam_Baldock_64: 404
[2025-10-29T09:16:40.962+0000] {fetch_api_data.py:97} WARNING - Failed to fetch data for Jürgen_Locadia_65: 404
[2025-10-29T09:16:41.639+0000] {fetch_api_data.py:97} WARNING - Failed to fetch data for Florin_Andone_66: 404
[2025-10-29T09:16:43.015+0000] {fetch_api_data.py:97} WARNING - Failed to fetch data for David_Button_179: 404
[2025-10-29T09:16:43.837+0000] {fetch_api_data.py:97} WARNING - Failed to fetch data for Jason_Steele_439: 404
[2025-10-29T09:16:44.507+0000] {fetch_api_data.py:97} WARNING - Failed to fetch data for Bernardo_Fernandes da Silva Junior_440: 404
[2025-10-29T09:16:45.267+0000] {fetch_api_data.py:97} WARNING - Failed to fetch data for Yves_Bissouma_466: 404
[2025-10-29T09:16:46.630+0000] {fetch_api_data.py:97} WARNING - Failed to fetch data for Alireza_Jahanbakhsh_476: 404
[2025-10-29T09:16:47.294+0000] {fetch_api_data.py:97} WARNING - Failed to fetch data for Martín_Montoya_503: 404
[2025-10-29T09:16:48.270+0000] {fetch_api_data.py:97} WARNING - Failed to fetch data for Viktor_Gyokeres_551: 404
[2025-10-29T09:16:48.970+0000] {fetch_api_data.py:97} WARNING - Failed to fetch data for Ben_White_559: 404
[2025-10-29T09:16:49.589+0000] {fetch_api_data.py:97} WARNING - Failed to fetch data for Max_Sanders_572: 404
[2025-10-29T09:16:50.204+0000] {fetch_api_data.py:97} WARNING - Failed to fetch data for Dan_Burn_582: 404
[2025-10-29T09:16:51.063+0000] {fetch_api_data.py:97} WARNING - Failed to fetch data for Jayson_Molumby_617: 404
[2025-10-29T09:16:51.698+0000] {fetch_api_data.py:97} WARNING - Failed to fetch data for Tom_Heaton_67: 404
[2025-10-29T09:16:52.419+0000] {fetch_api_data.py:97} WARNING - Failed to fetch data for Nick_Pope_68: 404
[2025-10-29T09:16:53.126+0000] {fetch_api_data.py:97} WARNING - Failed to fetch data for Matthew_Lowton_69: 404
[2025-10-29T09:16:53.746+0000] {fetch_api_data.py:97} WARNING - Failed to fetch data for Ben_Mee_70: 404
[2025-10-29T09:16:54.389+0000] {fetch_api_data.py:97} WARNING - Failed to fetch data for Stephen_Ward_71: 404
[2025-10-29T09:16:54.964+0000] {fetch_api_data.py:97} WARNING - Failed to fetch data for James_Tarkowski_72: 404
[2025-10-29T09:16:55.565+0000] {fetch_api_data.py:97} WARNING - Failed to fetch data for Kevin_Long_73: 404
[2025-10-29T09:16:56.204+0000] {fetch_api_data.py:97} WARNING - Failed to fetch data for Charlie_Taylor_74: 404
[2025-10-29T09:16:56.784+0000] {fetch_api_data.py:97} WARNING - Failed to fetch data for Phil_Bardsley_75: 404
[2025-10-29T09:16:57.552+0000] {fetch_api_data.py:97} WARNING - Failed to fetch data for Johann Berg_Gudmundsson_76: 404
[2025-10-29T09:16:58.120+0000] {fetch_api_data.py:97} WARNING - Failed to fetch data for Steven_Defour_77: 404
[2025-10-29T09:16:58.708+0000] {fetch_api_data.py:97} WARNING - Failed to fetch data for Jeff_Hendrick_78: 404
[2025-10-29T09:16:59.337+0000] {fetch_api_data.py:97} WARNING - Failed to fetch data for Robbie_Brady_79: 404
[2025-10-29T09:16:59.996+0000] {fetch_api_data.py:97} WARNING - Failed to fetch data for Ashley_Westwood_80: 404
[2025-10-29T09:17:00.618+0000] {fetch_api_data.py:97} WARNING - Failed to fetch data for Jonathan_Walters_81: 404
[2025-10-29T09:17:01.230+0000] {fetch_api_data.py:97} WARNING - Failed to fetch data for Jack_Cork_82: 404
[2025-10-29T09:17:01.821+0000] {fetch_api_data.py:97} WARNING - Failed to fetch data for Aaron_Lennon_83: 404
[2025-10-29T09:17:02.415+0000] {fetch_api_data.py:97} WARNING - Failed to fetch data for Sam_Vokes_84: 404
[2025-10-29T09:17:03.038+0000] {fetch_api_data.py:97} WARNING - Failed to fetch data for Ashley_Barnes_85: 404
[2025-10-29T09:17:03.688+0000] {fetch_api_data.py:97} WARNING - Failed to fetch data for Nahki_Wells_86: 404
[2025-10-29T09:17:04.344+0000] {fetch_api_data.py:97} WARNING - Failed to fetch data for Chris_Wood_87: 404
[2025-10-29T09:17:05.127+0000] {fetch_api_data.py:97} WARNING - Failed to fetch data for Anders_Lindegaard_485: 404
[2025-10-29T09:17:05.797+0000] {fetch_api_data.py:97} WARNING - Failed to fetch data for Joe_Hart_490: 404
[2025-10-29T09:17:06.413+0000] {fetch_api_data.py:97} WARNING - Failed to fetch data for Ben_Gibson_491: 404
[2025-10-29T09:17:06.988+0000] {fetch_api_data.py:97} WARNING - Failed to fetch data for Matej_Vydra_495: 404
[2025-10-29T09:17:07.750+0000] {fetch_api_data.py:97} WARNING - Failed to fetch data for Dwight_McNeil_534: 404
[2025-10-29T09:17:08.510+0000] {fetch_api_data.py:97} WARNING - Failed to fetch data for Abd-Al-Ali Morakinyo Olaposi_Koiki_564: 404
[2025-10-29T09:17:09.182+0000] {fetch_api_data.py:97} WARNING - Failed to fetch data for Josh_Benson_583: 404
[2025-10-29T09:17:09.841+0000] {fetch_api_data.py:97} WARNING - Failed to fetch data for Peter_Crouch_590: 404
[2025-10-29T09:17:10.555+0000] {fetch_api_data.py:97} WARNING - Failed to fetch data for Anthony_Driscoll-Glennon_615: 404
[2025-10-29T09:17:11.405+0000] {fetch_api_data.py:97} WARNING - Failed to fetch data for Harry_Arter_33: 404
[2025-10-29T09:17:12.516+0000] {fetch_api_data.py:97} WARNING - Failed to fetch data for Neil_Etheridge_88: 404
[2025-10-29T09:17:13.570+0000] {fetch_api_data.py:97} WARNING - Failed to fetch data for Alex_Smithies_89: 404
[2025-10-29T09:17:14.497+0000] {fetch_api_data.py:97} WARNING - Failed to fetch data for Sean_Morrison_90: 404
[2025-10-29T09:17:15.478+0000] {fetch_api_data.py:97} WARNING - Failed to fetch data for Sol_Bamba_91: 404
[2025-10-29T09:17:16.118+0000] {fetch_api_data.py:97} WARNING - Failed to fetch data for Bruno_Ecuele Manga_92: 404
[2025-10-29T09:17:17.048+0000] {fetch_api_data.py:97} WARNING - Failed to fetch data for Matthew_Connolly_93: 404
[2025-10-29T09:17:18.377+0000] {fetch_api_data.py:97} WARNING - Failed to fetch data for Joe_Bennett_94: 404
[2025-10-29T09:17:19.640+0000] {fetch_api_data.py:97} WARNING - Failed to fetch data for Lee_Peltier_95: 404
[2025-10-29T09:17:20.762+0000] {fetch_api_data.py:97} WARNING - Failed to fetch data for Ashley Darel Jazz_Richards_96: 404
[2025-10-29T09:17:21.421+0000] {fetch_api_data.py:97} WARNING - Failed to fetch data for Greg_Halford_97: 404
[2025-10-29T09:17:22.046+0000] {fetch_api_data.py:97} WARNING - Failed to fetch data for Joe_Ralls_98: 404
[2025-10-29T09:17:22.729+0000] {fetch_api_data.py:97} WARNING - Failed to fetch data for David Junior_Hoilett_99: 404
[2025-10-29T09:17:23.399+0000] {fetch_api_data.py:97} WARNING - Failed to fetch data for Nathaniel_Mendez-Laing_100: 404
[2025-10-29T09:17:24.177+0000] {fetch_api_data.py:97} WARNING - Failed to fetch data for Callum_Paterson_101: 404
[2025-10-29T09:17:24.847+0000] {fetch_api_data.py:97} WARNING - Failed to fetch data for Aron_Gunnarsson_102: 404
[2025-10-29T09:17:25.525+0000] {fetch_api_data.py:97} WARNING - Failed to fetch data for Anthony_Pilkington_103: 404
[2025-10-29T09:17:26.208+0000] {fetch_api_data.py:97} WARNING - Failed to fetch data for Loïc_Damour_104: 404
[2025-10-29T09:17:26.868+0000] {fetch_api_data.py:97} WARNING - Failed to fetch data for Danny_Ward_105: 404
[2025-10-29T09:17:27.473+0000] {fetch_api_data.py:97} WARNING - Failed to fetch data for Josh_Murphy_106: 404
[2025-10-29T09:17:28.235+0000] {fetch_api_data.py:97} WARNING - Failed to fetch data for Kenneth_Zohore_107: 404
[2025-10-29T09:17:29.050+0000] {fetch_api_data.py:97} WARNING - Failed to fetch data for Omar_Bogle_108: 404
[2025-10-29T09:17:30.122+0000] {fetch_api_data.py:97} WARNING - Failed to fetch data for Gary_Madine_109: 404
[2025-10-29T09:17:30.963+0000] {fetch_api_data.py:97} WARNING - Failed to fetch data for Bobby_Reid_110: 404
[2025-10-29T09:17:31.560+0000] {fetch_api_data.py:97} WARNING - Failed to fetch data for Oumar_Niasse_176: 404
[2025-10-29T09:17:32.192+0000] {fetch_api_data.py:97} WARNING - Failed to fetch data for Greg_Cunninghamm_467: 404
[2025-10-29T09:17:32.804+0000] {fetch_api_data.py:97} WARNING - Failed to fetch data for Víctor_Camarasa_504: 404
[2025-10-29T09:17:33.629+0000] {fetch_api_data.py:97} WARNING - Failed to fetch data for Kadeem_Harris_535: 404
[2025-10-29T09:17:34.245+0000] {fetch_api_data.py:97} WARNING - Failed to fetch data for Brian_Murphy_537: 404
[2025-10-29T09:17:34.838+0000] {fetch_api_data.py:97} WARNING - Failed to fetch data for Rhys_Healey_573: 404
[2025-10-29T09:17:35.432+0000] {fetch_api_data.py:97} WARNING - Failed to fetch data for Leandro_Bacuna_589: 404
[2025-10-29T09:17:36.013+0000] {fetch_api_data.py:97} WARNING - Failed to fetch data for Thibaut_Courtois_111: 404
[2025-10-29T09:17:36.630+0000] {fetch_api_data.py:97} WARNING - Failed to fetch data for Willy_Caballero_112: 404
[2025-10-29T09:17:37.213+0000] {fetch_api_data.py:97} WARNING - Failed to fetch data for César_Azpilicueta_113: 404
[2025-10-29T09:17:37.793+0000] {fetch_api_data.py:97} WARNING - Failed to fetch data for Gary_Cahill_114: 404
[2025-10-29T09:17:38.563+0000] {fetch_api_data.py:97} WARNING - Failed to fetch data for Marcos_Alonso_115: 404
[2025-10-29T09:17:39.217+0000] {fetch_api_data.py:97} WARNING - Failed to fetch data for David_Luiz Moreira Marinho_116: 404
[2025-10-29T09:17:39.829+0000] {fetch_api_data.py:97} WARNING - Failed to fetch data for Victor_Moses_117: 404
[2025-10-29T09:17:40.438+0000] {fetch_api_data.py:97} WARNING - Failed to fetch data for Antonio_Rüdiger_118: 404
[2025-10-29T09:17:41.030+0000] {fetch_api_data.py:97} WARNING - Failed to fetch data for Andreas_Christensen_119: 404
[2025-10-29T09:17:41.636+0000] {fetch_api_data.py:97} WARNING - Failed to fetch data for Davide_Zappacosta_120: 404
[2025-10-29T09:17:42.256+0000] {fetch_api_data.py:97} WARNING - Failed to fetch data for Emerson_Palmieri dos Santos_121: 404
[2025-10-29T09:17:42.886+0000] {fetch_api_data.py:97} WARNING - Failed to fetch data for Eden_Hazard_122: 404
[2025-10-29T09:17:43.557+0000] {fetch_api_data.py:97} WARNING - Failed to fetch data for Cesc_Fàbregas_123: 404
[2025-10-29T09:17:44.199+0000] {fetch_api_data.py:97} WARNING - Failed to fetch data for Willian_Borges Da Silva_124: 404
[2025-10-29T09:17:44.808+0000] {fetch_api_data.py:97} WARNING - Failed to fetch data for Pedro_Rodríguez Ledesma_125: 404
[2025-10-29T09:17:45.532+0000] {fetch_api_data.py:97} WARNING - Failed to fetch data for N'Golo_Kanté_126: 404
[2025-10-29T09:17:46.192+0000] {fetch_api_data.py:97} WARNING - Failed to fetch data for Ross_Barkley_127: 404
[2025-10-29T09:17:47.355+0000] {fetch_api_data.py:97} WARNING - Failed to fetch data for Daniel_Drinkwater_128: 404
[2025-10-29T09:17:47.993+0000] {fetch_api_data.py:97} WARNING - Failed to fetch data for Tiemoué_Bakayoko_129: 404
[2025-10-29T09:17:48.625+0000] {fetch_api_data.py:97} WARNING - Failed to fetch data for Ethan_Ampadu_130: 404
[2025-10-29T09:17:49.224+0000] {fetch_api_data.py:97} WARNING - Failed to fetch data for Callum_Hudson-Odoi_131: 404
[2025-10-29T09:17:49.911+0000] {fetch_api_data.py:97} WARNING - Failed to fetch data for Ruben_Loftus-Cheek_132: 404
[2025-10-29T09:17:50.556+0000] {fetch_api_data.py:97} WARNING - Failed to fetch data for Olivier_Giroud_133: 404
[2025-10-29T09:17:51.196+0000] {fetch_api_data.py:97} WARNING - Failed to fetch data for Álvaro_Morata_134: 404
[2025-10-29T09:17:51.784+0000] {fetch_api_data.py:97} WARNING - Failed to fetch data for Jorge Luiz_Frello Filho_459: 404
[2025-10-29T09:17:52.385+0000] {fetch_api_data.py:97} WARNING - Failed to fetch data for Tammy_Abraham_496: 404
[2025-10-29T09:17:52.986+0000] {fetch_api_data.py:97} WARNING - Failed to fetch data for Kepa_Arrizabalaga_498: 404
[2025-10-29T09:17:53.612+0000] {fetch_api_data.py:97} WARNING - Failed to fetch data for Mateo_Kovacic_499: 404
[2025-10-29T09:17:54.188+0000] {fetch_api_data.py:97} WARNING - Failed to fetch data for Gonzalo_Higuaín_579: 404
[2025-10-29T09:17:54.763+0000] {fetch_api_data.py:97} WARNING - Failed to fetch data for Addji Keaninkin Marc-Israel_Guehi_624: 404
[2025-10-29T09:17:55.338+0000] {fetch_api_data.py:97} WARNING - Failed to fetch data for Wayne_Hennessey_135: 404
[2025-10-29T09:17:55.917+0000] {fetch_api_data.py:97} WARNING - Failed to fetch data for Julian_Speroni_136: 404
[2025-10-29T09:17:56.509+0000] {fetch_api_data.py:97} WARNING - Failed to fetch data for Vicente_Guaita_137: 404
[2025-10-29T09:17:57.102+0000] {fetch_api_data.py:97} WARNING - Failed to fetch data for James_Tomkins_138: 404
[2025-10-29T09:17:57.780+0000] {fetch_api_data.py:97} WARNING - Failed to fetch data for Scott_Dann_139: 404
[2025-10-29T09:17:58.388+0000] {fetch_api_data.py:97} WARNING - Failed to fetch data for Martin_Kelly_140: 404
[2025-10-29T09:17:59.025+0000] {fetch_api_data.py:97} WARNING - Failed to fetch data for Jeffrey_Schlupp_141: 404
[2025-10-29T09:17:59.659+0000] {fetch_api_data.py:97} WARNING - Failed to fetch data for Patrick_van Aanholt_142: 404
[2025-10-29T09:18:00.258+0000] {fetch_api_data.py:97} WARNING - Failed to fetch data for Mamadou_Sakho_143: 404
[2025-10-29T09:18:00.884+0000] {fetch_api_data.py:97} WARNING - Failed to fetch data for Jairo_Riedewald_144: 404
[2025-10-29T09:18:01.518+0000] {fetch_api_data.py:97} WARNING - Failed to fetch data for Aaron_Wan-Bissaka_145: 404
[2025-10-29T09:18:02.185+0000] {fetch_api_data.py:97} WARNING - Failed to fetch data for James_McArthur_147: 404
[2025-10-29T09:18:02.805+0000] {fetch_api_data.py:97} WARNING - Failed to fetch data for Bakary_Sako_148: 404
[2025-10-29T09:18:03.453+0000] {fetch_api_data.py:97} WARNING - Failed to fetch data for Andros_Townsend_149: 404
[2025-10-29T09:18:04.100+0000] {fetch_api_data.py:97} WARNING - Failed to fetch data for Luka_Milivojevic_150: 404
[2025-10-29T09:18:04.673+0000] {fetch_api_data.py:97} WARNING - Failed to fetch data for Wilfried_Zaha_151: 404
[2025-10-29T09:18:05.363+0000] {fetch_api_data.py:97} WARNING - Failed to fetch data for Christian_Benteke_152: 404
[2025-10-29T09:18:06.038+0000] {fetch_api_data.py:97} WARNING - Failed to fetch data for Alexander_Sørloth_153: 404
[2025-10-29T09:18:06.639+0000] {fetch_api_data.py:97} WARNING - Failed to fetch data for Cheikhou_Kouyaté_412: 404
[2025-10-29T09:18:07.297+0000] {fetch_api_data.py:97} WARNING - Failed to fetch data for Joel_Ward_441: 404
[2025-10-29T09:18:07.985+0000] {fetch_api_data.py:97} WARNING - Failed to fetch data for Jaroslaw_Jach_442: 404
[2025-10-29T09:18:08.741+0000] {fetch_api_data.py:97} WARNING - Failed to fetch data for Pape_Souaré_443: 404
[2025-10-29T09:18:09.373+0000] {fetch_api_data.py:97} WARNING - Failed to fetch data for Connor_Wickham_444: 404
[2025-10-29T09:18:10.085+0000] {fetch_api_data.py:97} WARNING - Failed to fetch data for Sullay_Kaikai_477: 404
[2025-10-29T09:18:10.712+0000] {fetch_api_data.py:97} WARNING - Failed to fetch data for Max_Meyer_486: 404
[2025-10-29T09:18:11.534+0000] {fetch_api_data.py:97} WARNING - Failed to fetch data for Jordan_Ayew_505: 404
[2025-10-29T09:18:12.152+0000] {fetch_api_data.py:97} WARNING - Failed to fetch data for Joe_Tupper_576: 404
[2025-10-29T09:18:12.833+0000] {fetch_api_data.py:97} WARNING - Failed to fetch data for Lucas_Perri_584: 404
[2025-10-29T09:18:13.425+0000] {fetch_api_data.py:97} WARNING - Failed to fetch data for Michy_Batshuayi_592: 404
[2025-10-29T09:18:14.031+0000] {fetch_api_data.py:97} WARNING - Failed to fetch data for Sam_Woods_609: 404
[2025-10-29T09:18:14.632+0000] {fetch_api_data.py:97} WARNING - Failed to fetch data for Luke_Dreher_618: 404
[2025-10-29T09:18:15.244+0000] {fetch_api_data.py:97} WARNING - Failed to fetch data for Nikola_Tavares_619: 404
[2025-10-29T09:18:16.015+0000] {fetch_api_data.py:97} WARNING - Failed to fetch data for Jordan_Pickford_154: 404
[2025-10-29T09:18:16.738+0000] {fetch_api_data.py:97} WARNING - Failed to fetch data for Maarten_Stekelenburg_155: 404
[2025-10-29T09:18:17.399+0000] {fetch_api_data.py:97} WARNING - Failed to fetch data for Leighton_Baines_156: 404
[2025-10-29T09:18:17.975+0000] {fetch_api_data.py:97} WARNING - Failed to fetch data for Seamus_Coleman_157: 404
[2025-10-29T09:18:18.647+0000] {fetch_api_data.py:97} WARNING - Failed to fetch data for Phil_Jagielka_158: 404
[2025-10-29T09:18:19.534+0000] {fetch_api_data.py:97} WARNING - Failed to fetch data for Ashley_Williams_159: 404
[2025-10-29T09:18:20.557+0000] {fetch_api_data.py:97} WARNING - Failed to fetch data for Mason_Holgate_160: 404
[2025-10-29T09:18:21.524+0000] {fetch_api_data.py:97} WARNING - Failed to fetch data for Jonjoe_Kenny_161: 404
[2025-10-29T09:18:22.104+0000] {fetch_api_data.py:97} WARNING - Failed to fetch data for Michael_Keane_162: 404
[2025-10-29T09:18:22.751+0000] {fetch_api_data.py:97} WARNING - Failed to fetch data for Cuco_Martina_163: 404
[2025-10-29T09:18:23.402+0000] {fetch_api_data.py:97} WARNING - Failed to fetch data for Theo_Walcott_164: 404
[2025-10-29T09:18:24.016+0000] {fetch_api_data.py:97} WARNING - Failed to fetch data for Yannick_Bolasie_165: 404
[2025-10-29T09:18:24.713+0000] {fetch_api_data.py:97} WARNING - Failed to fetch data for James_McCarthy_166: 404
[2025-10-29T09:18:25.304+0000] {fetch_api_data.py:97} WARNING - Failed to fetch data for Morgan_Schneiderlin_167: 404
[2025-10-29T09:18:25.926+0000] {fetch_api_data.py:97} WARNING - Failed to fetch data for Idrissa_Gueye_168: 404
[2025-10-29T09:18:26.589+0000] {fetch_api_data.py:97} WARNING - Failed to fetch data for Tom_Davies_169: 404
[2025-10-29T09:18:27.200+0000] {fetch_api_data.py:97} WARNING - Failed to fetch data for Ademola_Lookman_170: 404
[2025-10-29T09:18:27.820+0000] {fetch_api_data.py:97} WARNING - Failed to fetch data for Davy_Klaassen_171: 404
[2025-10-29T09:18:28.449+0000] {fetch_api_data.py:97} WARNING - Failed to fetch data for Gylfi_Sigurdsson_172: 404
[2025-10-29T09:18:29.070+0000] {fetch_api_data.py:97} WARNING - Failed to fetch data for Nikola_Vlasic_173: 404
[2025-10-29T09:18:29.685+0000] {fetch_api_data.py:97} WARNING - Failed to fetch data for Beni_Baningime_174: 404
[2025-10-29T09:18:30.369+0000] {fetch_api_data.py:97} WARNING - Failed to fetch data for Dominic_Calvert-Lewin_175: 404
[2025-10-29T09:18:31.008+0000] {fetch_api_data.py:97} WARNING - Failed to fetch data for Cenk_Tosun_177: 404
[2025-10-29T09:18:31.626+0000] {fetch_api_data.py:97} WARNING - Failed to fetch data for Richarlison_de Andrade_393: 404
[2025-10-29T09:18:32.207+0000] {fetch_api_data.py:97} WARNING - Failed to fetch data for Kevin_Mirallas_469: 404
[2025-10-29T09:18:32.790+0000] {fetch_api_data.py:97} WARNING - Failed to fetch data for Sandro_Ramírez_470: 404
[2025-10-29T09:18:33.594+0000] {fetch_api_data.py:97} WARNING - Failed to fetch data for Lucas_Digne_484: 404
[2025-10-29T09:18:34.916+0000] {fetch_api_data.py:97} WARNING - Failed to fetch data for Yerry_Mina_506: 404
[2025-10-29T09:18:35.889+0000] {fetch_api_data.py:97} WARNING - Failed to fetch data for Bernard_Anício Caldeira Duarte_507: 404
[2025-10-29T09:18:36.582+0000] {fetch_api_data.py:97} WARNING - Failed to fetch data for André Filipe_Tavares Gomes_508: 404
[2025-10-29T09:18:37.300+0000] {fetch_api_data.py:97} WARNING - Failed to fetch data for Kurt_Zouma_526: 404
[2025-10-29T09:18:38.020+0000] {fetch_api_data.py:97} WARNING - Failed to fetch data for Kieran_Dowell_528: 404
[2025-10-29T09:18:38.695+0000] {fetch_api_data.py:97} WARNING - Failed to fetch data for Tyias_Browning_532: 404
[2025-10-29T09:18:39.341+0000] {fetch_api_data.py:97} WARNING - Failed to fetch data for Calum_Chambers_9: 404
[2025-10-29T09:18:39.939+0000] {fetch_api_data.py:97} WARNING - Failed to fetch data for Marcus_Bettinelli_178: 404
[2025-10-29T09:18:40.557+0000] {fetch_api_data.py:97} WARNING - Failed to fetch data for Tim_Ream_180: 404
[2025-10-29T09:18:41.124+0000] {fetch_api_data.py:97} WARNING - Failed to fetch data for Denis_Odoi_181: 404
[2025-10-29T09:18:41.707+0000] {fetch_api_data.py:97} WARNING - Failed to fetch data for Tom_Cairney_182: 404
[2025-10-29T09:18:42.278+0000] {fetch_api_data.py:97} WARNING - Failed to fetch data for Kevin_McDonald_183: 404
[2025-10-29T09:18:42.863+0000] {fetch_api_data.py:97} WARNING - Failed to fetch data for Ryan_Sessegnon_184: 404
[2025-10-29T09:18:43.459+0000] {fetch_api_data.py:97} WARNING - Failed to fetch data for Stefan_Johansen_185: 404
[2025-10-29T09:18:44.097+0000] {fetch_api_data.py:97} WARNING - Failed to fetch data for Floyd_Ayité_186: 404
[2025-10-29T09:18:44.807+0000] {fetch_api_data.py:97} WARNING - Failed to fetch data for Neeskens_Kebano_187: 404
[2025-10-29T09:18:45.444+0000] {fetch_api_data.py:97} WARNING - Failed to fetch data for Rui Pedro_da Rocha Fonte_188: 404
[2025-10-29T09:18:46.028+0000] {fetch_api_data.py:97} WARNING - Failed to fetch data for Aboubakar_Kamara_189: 404
[2025-10-29T09:18:46.920+0000] {fetch_api_data.py:97} WARNING - Failed to fetch data for Maxime_Le Marchand_455: 404
[2025-10-29T09:18:47.644+0000] {fetch_api_data.py:97} WARNING - Failed to fetch data for Jean Michael_Seri_456: 404
[2025-10-29T09:18:48.268+0000] {fetch_api_data.py:97} WARNING - Failed to fetch data for Cyrus_Christie_460: 404
[2025-10-29T09:18:48.896+0000] {fetch_api_data.py:97} WARNING - Failed to fetch data for Fabricio_Agosto Ramírez_474: 404
[2025-10-29T09:18:49.523+0000] {fetch_api_data.py:97} WARNING - Failed to fetch data for André_Schürrle_478: 404
[2025-10-29T09:18:50.118+0000] {fetch_api_data.py:97} WARNING - Failed to fetch data for Aleksandar_Mitrovic_480: 404
[2025-10-29T09:18:50.795+0000] {fetch_api_data.py:97} WARNING - Failed to fetch data for Alfie_Mawson_487: 404
[2025-10-29T09:18:51.426+0000] {fetch_api_data.py:97} WARNING - Failed to fetch data for Sergio_Rico_509: 404
[2025-10-29T09:18:52.061+0000] {fetch_api_data.py:97} WARNING - Failed to fetch data for Joe_Bryan_510: 404
[2025-10-29T09:18:52.674+0000] {fetch_api_data.py:97} WARNING - Failed to fetch data for Timothy_Fosu-Mensah_511: 404
[2025-10-29T09:18:53.317+0000] {fetch_api_data.py:97} WARNING - Failed to fetch data for André-Frank_Zambo Anguissa_512: 404
[2025-10-29T09:18:53.934+0000] {fetch_api_data.py:97} WARNING - Failed to fetch data for Luciano_Vietto_513: 404
[2025-10-29T09:18:54.540+0000] {fetch_api_data.py:97} WARNING - Failed to fetch data for Ibrahima_Cissé_521: 404
[2025-10-29T09:18:55.156+0000] {fetch_api_data.py:97} WARNING - Failed to fetch data for Zeze Steven_Sessegnon_541: 404
[2025-10-29T09:18:55.714+0000] {fetch_api_data.py:97} WARNING - Failed to fetch data for Ryan_Babel_575: 404
[2025-10-29T09:18:56.315+0000] {fetch_api_data.py:97} WARNING - Failed to fetch data for Håvard_Nordtveit_593: 404
[2025-10-29T09:18:56.916+0000] {fetch_api_data.py:97} WARNING - Failed to fetch data for Lazar_Markovic_594: 404
[2025-10-29T09:18:57.499+0000] {fetch_api_data.py:97} WARNING - Failed to fetch data for Harvey_Elliott_610: 404
[2025-10-29T09:18:58.184+0000] {fetch_api_data.py:97} WARNING - Failed to fetch data for Luca_De La Torre_621: 404
[2025-10-29T09:18:58.833+0000] {fetch_api_data.py:97} WARNING - Failed to fetch data for Jason_Puncheon_146: 404
[2025-10-29T09:18:59.408+0000] {fetch_api_data.py:97} WARNING - Failed to fetch data for Ben_Hamer_190: 404
[2025-10-29T09:19:00.052+0000] {fetch_api_data.py:97} WARNING - Failed to fetch data for Jonas_Lössl_191: 404
[2025-10-29T09:19:00.717+0000] {fetch_api_data.py:97} WARNING - Failed to fetch data for Christopher_Schindler_192: 404
[2025-10-29T09:19:01.355+0000] {fetch_api_data.py:97} WARNING - Failed to fetch data for Chris_Löwe_193: 404
[2025-10-29T09:19:01.966+0000] {fetch_api_data.py:97} WARNING - Failed to fetch data for Tommy_Smith_194: 404
[2025-10-29T09:19:02.654+0000] {fetch_api_data.py:97} WARNING - Failed to fetch data for Mathias_Jorgensen_195: 404
[2025-10-29T09:19:03.218+0000] {fetch_api_data.py:97} WARNING - Failed to fetch data for Scott_Malone_196: 404
[2025-10-29T09:19:03.845+0000] {fetch_api_data.py:97} WARNING - Failed to fetch data for Florent_Hadergjonaj_197: 404
[2025-10-29T09:19:04.481+0000] {fetch_api_data.py:97} WARNING - Failed to fetch data for Terence_Kongolo_198: 404
[2025-10-29T09:19:05.063+0000] {fetch_api_data.py:97} WARNING - Failed to fetch data for Aaron_Mooy_199: 404
[2025-10-29T09:19:05.644+0000] {fetch_api_data.py:97} WARNING - Failed to fetch data for Rajiv_van La Parra_200: 404
[2025-10-29T09:19:06.231+0000] {fetch_api_data.py:97} WARNING - Failed to fetch data for Jonathan_Hogg_201: 404
[2025-10-29T09:19:06.837+0000] {fetch_api_data.py:97} WARNING - Failed to fetch data for Philip_Billing_202: 404
[2025-10-29T09:19:07.440+0000] {fetch_api_data.py:97} WARNING - Failed to fetch data for Tom_Ince_203: 404
[2025-10-29T09:19:08.131+0000] {fetch_api_data.py:97} WARNING - Failed to fetch data for Danny_Williams_204: 404
[2025-10-29T09:19:08.758+0000] {fetch_api_data.py:97} WARNING - Failed to fetch data for Abdelhamid_Sabiri_205: 404
[2025-10-29T09:19:09.371+0000] {local_task_job_runner.py:292} WARNING - State of this instance has been externally set to failed. Terminating instance.
[2025-10-29T09:19:09.390+0000] {process_utils.py:135} INFO - Sending Signals.SIGTERM to group 7366. PIDs of all processes in the group: [7366]
[2025-10-29T09:19:09.400+0000] {process_utils.py:86} INFO - Sending the signal Signals.SIGTERM to group 7366
[2025-10-29T09:19:09.404+0000] {taskinstance.py:1517} ERROR - Received SIGTERM. Terminating subprocesses.
[2025-10-29T09:19:09.798+0000] {process_utils.py:79} INFO - Process psutil.Process(pid=7366, status='terminated', exitcode=0, started='09:15:15') (7366) terminated with exit code 0
