[2025-10-29T18:06:57.058+0000] {taskinstance.py:1103} INFO - Dependencies all met for dep_context=non-requeueable deps ti=<TaskInstance: fpl_gameweeks_etl.fetch_players_gw_task manual__2025-10-29T18:06:31.278658+00:00 map_index=3 [queued]>
[2025-10-29T18:06:57.085+0000] {taskinstance.py:1103} INFO - Dependencies all met for dep_context=requeueable deps ti=<TaskInstance: fpl_gameweeks_etl.fetch_players_gw_task manual__2025-10-29T18:06:31.278658+00:00 map_index=3 [queued]>
[2025-10-29T18:06:57.086+0000] {taskinstance.py:1308} INFO - Starting attempt 1 of 2
[2025-10-29T18:06:57.384+0000] {taskinstance.py:1327} INFO - Executing <Mapped(_PythonDecoratedOperator): fetch_players_gw_task> on 2025-10-29 18:06:31.278658+00:00
[2025-10-29T18:06:57.397+0000] {standard_task_runner.py:57} INFO - Started process 691 to run task
[2025-10-29T18:06:57.410+0000] {standard_task_runner.py:84} INFO - Running: ['airflow', 'tasks', 'run', 'fpl_gameweeks_etl', 'fetch_players_gw_task', 'manual__2025-10-29T18:06:31.278658+00:00', '--job-id', '1411', '--raw', '--subdir', 'DAGS_FOLDER/fpl_gameweeks_dag.py', '--cfg-path', '/tmp/tmphi1vh0i5', '--map-index', '3']
[2025-10-29T18:06:57.412+0000] {standard_task_runner.py:85} INFO - Job 1411: Subtask fetch_players_gw_task
[2025-10-29T18:06:57.576+0000] {task_command.py:410} INFO - Running <TaskInstance: fpl_gameweeks_etl.fetch_players_gw_task manual__2025-10-29T18:06:31.278658+00:00 map_index=3 [running]> on host ac7f9a73de40
[2025-10-29T18:06:57.895+0000] {taskinstance.py:1547} INFO - Exporting env vars: AIRFLOW_CTX_DAG_OWNER='richardilemon' AIRFLOW_CTX_DAG_ID='fpl_gameweeks_etl' AIRFLOW_CTX_TASK_ID='fetch_players_gw_task' AIRFLOW_CTX_EXECUTION_DATE='2025-10-29T18:06:31.278658+00:00' AIRFLOW_CTX_TRY_NUMBER='1' AIRFLOW_CTX_DAG_RUN_ID='manual__2025-10-29T18:06:31.278658+00:00'
[2025-10-29T18:06:58.768+0000] {fetch_api_data.py:98} WARNING - Failed to fetch data for Petr_Cech_1: 404
[2025-10-29T18:06:59.818+0000] {fetch_api_data.py:98} WARNING - Failed to fetch data for Bernd_Leno_2: 404
[2025-10-29T18:07:00.810+0000] {fetch_api_data.py:98} WARNING - Failed to fetch data for Laurent_Koscielny_3: 404
[2025-10-29T18:07:01.444+0000] {fetch_api_data.py:98} WARNING - Failed to fetch data for Héctor_Bellerín_4: 404
[2025-10-29T18:07:02.052+0000] {fetch_api_data.py:98} WARNING - Failed to fetch data for Nacho_Monreal_5: 404
[2025-10-29T18:07:02.694+0000] {fetch_api_data.py:98} WARNING - Failed to fetch data for Rob_Holding_6: 404
[2025-10-29T18:07:03.319+0000] {fetch_api_data.py:98} WARNING - Failed to fetch data for Shkodran_Mustafi_7: 404
[2025-10-29T18:07:03.958+0000] {fetch_api_data.py:98} WARNING - Failed to fetch data for Sead_Kolasinac_8: 404
[2025-10-29T18:07:04.621+0000] {fetch_api_data.py:98} WARNING - Failed to fetch data for Konstantinos_Mavropanos_10: 404
[2025-10-29T18:07:05.216+0000] {fetch_api_data.py:98} WARNING - Failed to fetch data for Stephan_Lichtsteiner_11: 404
[2025-10-29T18:07:05.836+0000] {fetch_api_data.py:98} WARNING - Failed to fetch data for Sokratis_Papastathopoulos_12: 404
[2025-10-29T18:07:06.445+0000] {fetch_api_data.py:98} WARNING - Failed to fetch data for Mesut_Özil_13: 404
[2025-10-29T18:07:07.066+0000] {fetch_api_data.py:98} WARNING - Failed to fetch data for Aaron_Ramsey_14: 404
[2025-10-29T18:07:07.691+0000] {fetch_api_data.py:98} WARNING - Failed to fetch data for Alex_Iwobi_15: 404
[2025-10-29T18:07:08.331+0000] {fetch_api_data.py:98} WARNING - Failed to fetch data for Mohamed_Elneny_16: 404
[2025-10-29T18:07:08.944+0000] {fetch_api_data.py:98} WARNING - Failed to fetch data for Granit_Xhaka_17: 404
[2025-10-29T18:07:09.583+0000] {fetch_api_data.py:98} WARNING - Failed to fetch data for Henrikh_Mkhitaryan_18: 404
[2025-10-29T18:07:10.172+0000] {fetch_api_data.py:98} WARNING - Failed to fetch data for Reiss_Nelson_19: 404
[2025-10-29T18:07:10.837+0000] {fetch_api_data.py:98} WARNING - Failed to fetch data for Ainsley_Maitland-Niles_20: 404
[2025-10-29T18:07:11.564+0000] {fetch_api_data.py:98} WARNING - Failed to fetch data for Danny_Welbeck_21: 404
[2025-10-29T18:07:12.206+0000] {fetch_api_data.py:98} WARNING - Failed to fetch data for Alexandre_Lacazette_22: 404
[2025-10-29T18:07:12.805+0000] {fetch_api_data.py:98} WARNING - Failed to fetch data for Pierre-Emerick_Aubameyang_23: 404
[2025-10-29T18:07:13.461+0000] {fetch_api_data.py:98} WARNING - Failed to fetch data for Lucas_Torreira_450: 404
[2025-10-29T18:07:14.062+0000] {fetch_api_data.py:98} WARNING - Failed to fetch data for Matteo_Guendouzi_451: 404
[2025-10-29T18:07:14.667+0000] {fetch_api_data.py:98} WARNING - Failed to fetch data for Emiliano_Martínez_542: 404
[2025-10-29T18:07:15.333+0000] {fetch_api_data.py:98} WARNING - Failed to fetch data for Emile_Smith-Rowe_545: 404
[2025-10-29T18:07:15.927+0000] {fetch_api_data.py:98} WARNING - Failed to fetch data for Zech_Medley_546: 404
[2025-10-29T18:07:16.567+0000] {fetch_api_data.py:98} WARNING - Failed to fetch data for Edward_Nketiah_552: 404
[2025-10-29T18:07:17.207+0000] {fetch_api_data.py:98} WARNING - Failed to fetch data for Bukayo_Saka_563: 404
[2025-10-29T18:07:17.815+0000] {fetch_api_data.py:98} WARNING - Failed to fetch data for Joseph_Willock_566: 404
[2025-10-29T18:07:18.405+0000] {fetch_api_data.py:98} WARNING - Failed to fetch data for Carl_Jenkinson_581: 404
[2025-10-29T18:07:19.005+0000] {fetch_api_data.py:98} WARNING - Failed to fetch data for Denis_Suárez_586: 404
[2025-10-29T18:07:19.602+0000] {fetch_api_data.py:98} WARNING - Failed to fetch data for Asmir_Begovic_24: 404
[2025-10-29T18:07:20.276+0000] {fetch_api_data.py:98} WARNING - Failed to fetch data for Artur_Boruc_25: 404
[2025-10-29T18:07:20.890+0000] {fetch_api_data.py:98} WARNING - Failed to fetch data for Simon_Francis_26: 404
[2025-10-29T18:07:21.497+0000] {fetch_api_data.py:98} WARNING - Failed to fetch data for Steve_Cook_27: 404
[2025-10-29T18:07:22.105+0000] {fetch_api_data.py:98} WARNING - Failed to fetch data for Charlie_Daniels_28: 404
[2025-10-29T18:07:22.769+0000] {fetch_api_data.py:98} WARNING - Failed to fetch data for Adam_Smith_29: 404
[2025-10-29T18:07:23.430+0000] {fetch_api_data.py:98} WARNING - Failed to fetch data for Tyrone_Mings_30: 404
[2025-10-29T18:07:24.158+0000] {fetch_api_data.py:98} WARNING - Failed to fetch data for Nathan_Aké_31: 404
[2025-10-29T18:07:24.766+0000] {fetch_api_data.py:98} WARNING - Failed to fetch data for Jack_Simpson_32: 404
[2025-10-29T18:07:25.378+0000] {fetch_api_data.py:98} WARNING - Failed to fetch data for Marc_Pugh_34: 404
[2025-10-29T18:07:26.039+0000] {fetch_api_data.py:98} WARNING - Failed to fetch data for Andrew_Surman_35: 404
[2025-10-29T18:07:26.740+0000] {fetch_api_data.py:98} WARNING - Failed to fetch data for Junior_Stanislas_36: 404
[2025-10-29T18:07:27.373+0000] {fetch_api_data.py:98} WARNING - Failed to fetch data for Dan_Gosling_37: 404
[2025-10-29T18:07:28.003+0000] {fetch_api_data.py:98} WARNING - Failed to fetch data for Jordon_Ibe_38: 404
[2025-10-29T18:07:28.651+0000] {fetch_api_data.py:98} WARNING - Failed to fetch data for Lewis_Cook_39: 404
[2025-10-29T18:07:29.407+0000] {fetch_api_data.py:98} WARNING - Failed to fetch data for Ryan_Fraser_40: 404
[2025-10-29T18:07:30.099+0000] {fetch_api_data.py:98} WARNING - Failed to fetch data for Emerson_Hyndman_41: 404
[2025-10-29T18:07:30.769+0000] {fetch_api_data.py:98} WARNING - Failed to fetch data for David_Brooks_42: 404
[2025-10-29T18:07:31.438+0000] {fetch_api_data.py:98} WARNING - Failed to fetch data for Callum_Wilson_43: 404
[2025-10-29T18:07:32.091+0000] {fetch_api_data.py:98} WARNING - Failed to fetch data for Lys_Mousset_44: 404
[2025-10-29T18:07:32.716+0000] {fetch_api_data.py:98} WARNING - Failed to fetch data for Joshua_King_45: 404
[2025-10-29T18:07:33.304+0000] {fetch_api_data.py:98} WARNING - Failed to fetch data for Jermain_Defoe_46: 404
[2025-10-29T18:07:33.943+0000] {fetch_api_data.py:98} WARNING - Failed to fetch data for Nathaniel_Clyne_241: 404
[2025-10-29T18:07:34.566+0000] {fetch_api_data.py:98} WARNING - Failed to fetch data for Dominic_Solanke_259: 404
[2025-10-29T18:07:35.230+0000] {fetch_api_data.py:98} WARNING - Failed to fetch data for Diego_Rico_473: 404
[2025-10-29T18:07:35.806+0000] {fetch_api_data.py:98} WARNING - Failed to fetch data for Jefferson_Lerma_494: 404
[2025-10-29T18:07:36.425+0000] {fetch_api_data.py:98} WARNING - Failed to fetch data for Chris_Mepham_580: 404
[2025-10-29T18:07:37.064+0000] {fetch_api_data.py:98} WARNING - Failed to fetch data for Sam_Surridge_599: 404
[2025-10-29T18:07:37.659+0000] {fetch_api_data.py:98} WARNING - Failed to fetch data for Kyle_Taylor_600: 404
[2025-10-29T18:07:38.355+0000] {fetch_api_data.py:98} WARNING - Failed to fetch data for Nnamdi_Ofoborh_613: 404
[2025-10-29T18:07:38.966+0000] {fetch_api_data.py:98} WARNING - Failed to fetch data for Mark_Travers_616: 404
[2025-10-29T18:07:39.555+0000] {fetch_api_data.py:98} WARNING - Failed to fetch data for Matt_Butcher_620: 404
[2025-10-29T18:07:40.135+0000] {fetch_api_data.py:98} WARNING - Failed to fetch data for Mathew_Ryan_47: 404
[2025-10-29T18:07:40.775+0000] {fetch_api_data.py:98} WARNING - Failed to fetch data for Lewis_Dunk_48: 404
[2025-10-29T18:07:41.404+0000] {fetch_api_data.py:98} WARNING - Failed to fetch data for Shane_Duffy_49: 404
[2025-10-29T18:07:41.967+0000] {fetch_api_data.py:98} WARNING - Failed to fetch data for Bruno_Saltor Grau_50: 404
[2025-10-29T18:07:42.576+0000] {fetch_api_data.py:98} WARNING - Failed to fetch data for Gaëtan_Bong_51: 404
[2025-10-29T18:07:43.198+0000] {fetch_api_data.py:98} WARNING - Failed to fetch data for Markus_Suttner_52: 404
[2025-10-29T18:07:43.838+0000] {fetch_api_data.py:98} WARNING - Failed to fetch data for Ezequiel_Schelotto_53: 404
[2025-10-29T18:07:44.449+0000] {fetch_api_data.py:98} WARNING - Failed to fetch data for Leon_Balogun_54: 404
[2025-10-29T18:07:45.059+0000] {fetch_api_data.py:98} WARNING - Failed to fetch data for Anthony_Knockaert_55: 404
[2025-10-29T18:07:45.802+0000] {fetch_api_data.py:98} WARNING - Failed to fetch data for Dale_Stephens_56: 404
[2025-10-29T18:07:46.482+0000] {fetch_api_data.py:98} WARNING - Failed to fetch data for Beram_Kayal_57: 404
[2025-10-29T18:07:47.141+0000] {fetch_api_data.py:98} WARNING - Failed to fetch data for Solomon_March_58: 404
[2025-10-29T18:07:47.783+0000] {fetch_api_data.py:98} WARNING - Failed to fetch data for Pascal_Groß_59: 404
[2025-10-29T18:07:48.422+0000] {fetch_api_data.py:98} WARNING - Failed to fetch data for Davy_Pröpper_60: 404
[2025-10-29T18:07:49.024+0000] {fetch_api_data.py:98} WARNING - Failed to fetch data for José Heriberto_Izquierdo Mena_61: 404
[2025-10-29T18:07:49.679+0000] {fetch_api_data.py:98} WARNING - Failed to fetch data for Glenn_Murray_62: 404
[2025-10-29T18:07:50.311+0000] {fetch_api_data.py:98} WARNING - Failed to fetch data for Tomer_Hemed_63: 404
[2025-10-29T18:07:50.962+0000] {fetch_api_data.py:98} WARNING - Failed to fetch data for Sam_Baldock_64: 404
[2025-10-29T18:07:51.562+0000] {fetch_api_data.py:98} WARNING - Failed to fetch data for Jürgen_Locadia_65: 404
[2025-10-29T18:07:52.128+0000] {fetch_api_data.py:98} WARNING - Failed to fetch data for Florin_Andone_66: 404
[2025-10-29T18:07:52.696+0000] {fetch_api_data.py:98} WARNING - Failed to fetch data for David_Button_179: 404
[2025-10-29T18:07:53.327+0000] {fetch_api_data.py:98} WARNING - Failed to fetch data for Jason_Steele_439: 404
[2025-10-29T18:07:53.884+0000] {fetch_api_data.py:98} WARNING - Failed to fetch data for Bernardo_Fernandes da Silva Junior_440: 404
[2025-10-29T18:07:54.499+0000] {fetch_api_data.py:98} WARNING - Failed to fetch data for Yves_Bissouma_466: 404
[2025-10-29T18:07:55.168+0000] {fetch_api_data.py:98} WARNING - Failed to fetch data for Alireza_Jahanbakhsh_476: 404
[2025-10-29T18:07:56.161+0000] {fetch_api_data.py:98} WARNING - Failed to fetch data for Martín_Montoya_503: 404
[2025-10-29T18:07:56.796+0000] {fetch_api_data.py:98} WARNING - Failed to fetch data for Viktor_Gyokeres_551: 404
[2025-10-29T18:07:57.437+0000] {fetch_api_data.py:98} WARNING - Failed to fetch data for Ben_White_559: 404
[2025-10-29T18:07:58.082+0000] {fetch_api_data.py:98} WARNING - Failed to fetch data for Max_Sanders_572: 404
[2025-10-29T18:07:58.665+0000] {fetch_api_data.py:98} WARNING - Failed to fetch data for Dan_Burn_582: 404
[2025-10-29T18:07:59.562+0000] {fetch_api_data.py:98} WARNING - Failed to fetch data for Jayson_Molumby_617: 404
[2025-10-29T18:08:00.154+0000] {fetch_api_data.py:98} WARNING - Failed to fetch data for Tom_Heaton_67: 404
[2025-10-29T18:08:00.805+0000] {fetch_api_data.py:98} WARNING - Failed to fetch data for Nick_Pope_68: 404
[2025-10-29T18:08:01.393+0000] {fetch_api_data.py:98} WARNING - Failed to fetch data for Matthew_Lowton_69: 404
[2025-10-29T18:08:02.019+0000] {fetch_api_data.py:98} WARNING - Failed to fetch data for Ben_Mee_70: 404
[2025-10-29T18:08:02.763+0000] {fetch_api_data.py:98} WARNING - Failed to fetch data for Stephen_Ward_71: 404
[2025-10-29T18:08:03.407+0000] {fetch_api_data.py:98} WARNING - Failed to fetch data for James_Tarkowski_72: 404
[2025-10-29T18:08:04.023+0000] {fetch_api_data.py:98} WARNING - Failed to fetch data for Kevin_Long_73: 404
[2025-10-29T18:08:04.618+0000] {fetch_api_data.py:98} WARNING - Failed to fetch data for Charlie_Taylor_74: 404
[2025-10-29T18:08:05.238+0000] {fetch_api_data.py:98} WARNING - Failed to fetch data for Phil_Bardsley_75: 404
[2025-10-29T18:08:05.888+0000] {fetch_api_data.py:98} WARNING - Failed to fetch data for Johann Berg_Gudmundsson_76: 404
[2025-10-29T18:08:06.494+0000] {fetch_api_data.py:98} WARNING - Failed to fetch data for Steven_Defour_77: 404
[2025-10-29T18:08:07.172+0000] {fetch_api_data.py:98} WARNING - Failed to fetch data for Jeff_Hendrick_78: 404
[2025-10-29T18:08:07.782+0000] {fetch_api_data.py:98} WARNING - Failed to fetch data for Robbie_Brady_79: 404
[2025-10-29T18:08:08.403+0000] {fetch_api_data.py:98} WARNING - Failed to fetch data for Ashley_Westwood_80: 404
[2025-10-29T18:08:08.983+0000] {fetch_api_data.py:98} WARNING - Failed to fetch data for Jonathan_Walters_81: 404
[2025-10-29T18:08:09.614+0000] {fetch_api_data.py:98} WARNING - Failed to fetch data for Jack_Cork_82: 404
[2025-10-29T18:08:10.203+0000] {fetch_api_data.py:98} WARNING - Failed to fetch data for Aaron_Lennon_83: 404
[2025-10-29T18:08:10.833+0000] {fetch_api_data.py:98} WARNING - Failed to fetch data for Sam_Vokes_84: 404
[2025-10-29T18:08:11.518+0000] {fetch_api_data.py:98} WARNING - Failed to fetch data for Ashley_Barnes_85: 404
[2025-10-29T18:08:12.124+0000] {fetch_api_data.py:98} WARNING - Failed to fetch data for Nahki_Wells_86: 404
[2025-10-29T18:08:12.719+0000] {fetch_api_data.py:98} WARNING - Failed to fetch data for Chris_Wood_87: 404
[2025-10-29T18:08:13.320+0000] {fetch_api_data.py:98} WARNING - Failed to fetch data for Anders_Lindegaard_485: 404
[2025-10-29T18:08:13.919+0000] {fetch_api_data.py:98} WARNING - Failed to fetch data for Joe_Hart_490: 404
[2025-10-29T18:08:14.519+0000] {fetch_api_data.py:98} WARNING - Failed to fetch data for Ben_Gibson_491: 404
[2025-10-29T18:08:15.125+0000] {fetch_api_data.py:98} WARNING - Failed to fetch data for Matej_Vydra_495: 404
[2025-10-29T18:08:15.728+0000] {fetch_api_data.py:98} WARNING - Failed to fetch data for Dwight_McNeil_534: 404
[2025-10-29T18:08:16.447+0000] {fetch_api_data.py:98} WARNING - Failed to fetch data for Abd-Al-Ali Morakinyo Olaposi_Koiki_564: 404
[2025-10-29T18:08:17.016+0000] {fetch_api_data.py:98} WARNING - Failed to fetch data for Josh_Benson_583: 404
[2025-10-29T18:08:17.644+0000] {fetch_api_data.py:98} WARNING - Failed to fetch data for Peter_Crouch_590: 404
[2025-10-29T18:08:18.521+0000] {fetch_api_data.py:98} WARNING - Failed to fetch data for Anthony_Driscoll-Glennon_615: 404
[2025-10-29T18:08:19.610+0000] {fetch_api_data.py:98} WARNING - Failed to fetch data for Harry_Arter_33: 404
[2025-10-29T18:08:20.619+0000] {fetch_api_data.py:98} WARNING - Failed to fetch data for Neil_Etheridge_88: 404
[2025-10-29T18:08:21.564+0000] {fetch_api_data.py:98} WARNING - Failed to fetch data for Alex_Smithies_89: 404
[2025-10-29T18:08:22.284+0000] {fetch_api_data.py:98} WARNING - Failed to fetch data for Sean_Morrison_90: 404
[2025-10-29T18:08:23.201+0000] {fetch_api_data.py:98} WARNING - Failed to fetch data for Sol_Bamba_91: 404
[2025-10-29T18:08:23.971+0000] {fetch_api_data.py:98} WARNING - Failed to fetch data for Bruno_Ecuele Manga_92: 404
[2025-10-29T18:08:24.988+0000] {fetch_api_data.py:98} WARNING - Failed to fetch data for Matthew_Connolly_93: 404
[2025-10-29T18:08:25.651+0000] {fetch_api_data.py:98} WARNING - Failed to fetch data for Joe_Bennett_94: 404
[2025-10-29T18:08:26.292+0000] {fetch_api_data.py:98} WARNING - Failed to fetch data for Lee_Peltier_95: 404
[2025-10-29T18:08:26.938+0000] {fetch_api_data.py:98} WARNING - Failed to fetch data for Ashley Darel Jazz_Richards_96: 404
[2025-10-29T18:08:27.818+0000] {fetch_api_data.py:98} WARNING - Failed to fetch data for Greg_Halford_97: 404
[2025-10-29T18:08:28.834+0000] {fetch_api_data.py:98} WARNING - Failed to fetch data for Joe_Ralls_98: 404
[2025-10-29T18:08:29.644+0000] {fetch_api_data.py:98} WARNING - Failed to fetch data for David Junior_Hoilett_99: 404
[2025-10-29T18:08:30.343+0000] {fetch_api_data.py:98} WARNING - Failed to fetch data for Nathaniel_Mendez-Laing_100: 404
[2025-10-29T18:08:31.087+0000] {fetch_api_data.py:98} WARNING - Failed to fetch data for Callum_Paterson_101: 404
[2025-10-29T18:08:32.177+0000] {fetch_api_data.py:98} WARNING - Failed to fetch data for Aron_Gunnarsson_102: 404
[2025-10-29T18:08:32.879+0000] {fetch_api_data.py:98} WARNING - Failed to fetch data for Anthony_Pilkington_103: 404
[2025-10-29T18:08:33.749+0000] {fetch_api_data.py:98} WARNING - Failed to fetch data for Loïc_Damour_104: 404
[2025-10-29T18:08:34.721+0000] {fetch_api_data.py:98} WARNING - Failed to fetch data for Danny_Ward_105: 404
[2025-10-29T18:08:35.465+0000] {fetch_api_data.py:98} WARNING - Failed to fetch data for Josh_Murphy_106: 404
[2025-10-29T18:08:36.155+0000] {fetch_api_data.py:98} WARNING - Failed to fetch data for Kenneth_Zohore_107: 404
[2025-10-29T18:08:36.799+0000] {fetch_api_data.py:98} WARNING - Failed to fetch data for Omar_Bogle_108: 404
[2025-10-29T18:08:37.479+0000] {fetch_api_data.py:98} WARNING - Failed to fetch data for Gary_Madine_109: 404
[2025-10-29T18:08:38.193+0000] {fetch_api_data.py:98} WARNING - Failed to fetch data for Bobby_Reid_110: 404
[2025-10-29T18:08:38.830+0000] {fetch_api_data.py:98} WARNING - Failed to fetch data for Oumar_Niasse_176: 404
[2025-10-29T18:08:39.400+0000] {fetch_api_data.py:98} WARNING - Failed to fetch data for Greg_Cunninghamm_467: 404
[2025-10-29T18:08:40.060+0000] {fetch_api_data.py:98} WARNING - Failed to fetch data for Víctor_Camarasa_504: 404
[2025-10-29T18:08:40.767+0000] {fetch_api_data.py:98} WARNING - Failed to fetch data for Kadeem_Harris_535: 404
[2025-10-29T18:08:41.493+0000] {fetch_api_data.py:98} WARNING - Failed to fetch data for Brian_Murphy_537: 404
[2025-10-29T18:08:42.509+0000] {fetch_api_data.py:98} WARNING - Failed to fetch data for Rhys_Healey_573: 404
[2025-10-29T18:08:43.575+0000] {fetch_api_data.py:98} WARNING - Failed to fetch data for Leandro_Bacuna_589: 404
[2025-10-29T18:08:44.281+0000] {fetch_api_data.py:98} WARNING - Failed to fetch data for Thibaut_Courtois_111: 404
[2025-10-29T18:08:45.572+0000] {fetch_api_data.py:98} WARNING - Failed to fetch data for Willy_Caballero_112: 404
[2025-10-29T18:08:46.522+0000] {fetch_api_data.py:98} WARNING - Failed to fetch data for César_Azpilicueta_113: 404
[2025-10-29T18:08:47.960+0000] {fetch_api_data.py:98} WARNING - Failed to fetch data for Gary_Cahill_114: 404
[2025-10-29T18:08:48.842+0000] {fetch_api_data.py:98} WARNING - Failed to fetch data for Marcos_Alonso_115: 404
[2025-10-29T18:08:49.548+0000] {fetch_api_data.py:98} WARNING - Failed to fetch data for David_Luiz Moreira Marinho_116: 404
[2025-10-29T18:08:50.694+0000] {fetch_api_data.py:98} WARNING - Failed to fetch data for Victor_Moses_117: 404
[2025-10-29T18:08:51.502+0000] {fetch_api_data.py:98} WARNING - Failed to fetch data for Antonio_Rüdiger_118: 404
[2025-10-29T18:08:52.252+0000] {fetch_api_data.py:98} WARNING - Failed to fetch data for Andreas_Christensen_119: 404
[2025-10-29T18:08:53.122+0000] {fetch_api_data.py:98} WARNING - Failed to fetch data for Davide_Zappacosta_120: 404
[2025-10-29T18:08:54.012+0000] {fetch_api_data.py:98} WARNING - Failed to fetch data for Emerson_Palmieri dos Santos_121: 404
[2025-10-29T18:08:54.804+0000] {fetch_api_data.py:98} WARNING - Failed to fetch data for Eden_Hazard_122: 404
[2025-10-29T18:08:55.418+0000] {fetch_api_data.py:98} WARNING - Failed to fetch data for Cesc_Fàbregas_123: 404
[2025-10-29T18:08:56.163+0000] {fetch_api_data.py:98} WARNING - Failed to fetch data for Willian_Borges Da Silva_124: 404
[2025-10-29T18:08:56.974+0000] {fetch_api_data.py:98} WARNING - Failed to fetch data for Pedro_Rodríguez Ledesma_125: 404
[2025-10-29T18:08:57.735+0000] {fetch_api_data.py:98} WARNING - Failed to fetch data for N'Golo_Kanté_126: 404
[2025-10-29T18:08:58.799+0000] {fetch_api_data.py:98} WARNING - Failed to fetch data for Ross_Barkley_127: 404
[2025-10-29T18:08:59.685+0000] {fetch_api_data.py:98} WARNING - Failed to fetch data for Daniel_Drinkwater_128: 404
[2025-10-29T18:09:00.770+0000] {fetch_api_data.py:98} WARNING - Failed to fetch data for Tiemoué_Bakayoko_129: 404
[2025-10-29T18:09:01.589+0000] {fetch_api_data.py:98} WARNING - Failed to fetch data for Ethan_Ampadu_130: 404
[2025-10-29T18:09:02.735+0000] {fetch_api_data.py:98} WARNING - Failed to fetch data for Callum_Hudson-Odoi_131: 404
[2025-10-29T18:09:03.795+0000] {fetch_api_data.py:92} INFO - Players Data --> [OrderedDict([('assists', '0'), ('bonus', '0'), ('bps', '0'), ('clean_sheets', '0'), ('creativity', '0.0'), ('element', '132'), ('fixture', '3'), ('goals_conceded', '0'), ('goals_scored', '0'), ('ict_index', '0.0'), ('influence', '0.0'), ('kickoff_time', '2021-08-14T14:00:00Z'), ('minutes', '0'), ('opponent_team', '7'), ('own_goals', '0'), ('penalties_missed', '0'), ('penalties_saved', '0'), ('red_cards', '0'), ('round', '1'), ('saves', '0'), ('selected', '7043'), ('team_a_score', '0'), ('team_h_score', '3'), ('threat', '0.0'), ('total_points', '0'), ('transfers_balance', '0'), ('transfers_in', '0'), ('transfers_out', '0'), ('value', '55'), ('was_home', 'True'), ('yellow_cards', '0')]), OrderedDict([('assists', '0'), ('bonus', '0'), ('bps', '0'), ('clean_sheets', '0'), ('creativity', '0.0'), ('element', '132'), ('fixture', '18'), ('goals_conceded', '0'), ('goals_scored', '0'), ('ict_index', '0.0'), ('influence', '0.0'), ('kickoff_time', '2021-08-22T15:30:00Z'), ('minutes', '0'), ('opponent_team', '1'), ('own_goals', '0'), ('penalties_missed', '0'), ('penalties_saved', '0'), ('red_cards', '0'), ('round', '2'), ('saves', '0'), ('selected', '6439'), ('team_a_score', '2'), ('team_h_score', '0'), ('threat', '0.0'), ('total_points', '0'), ('transfers_balance', '-1646'), ('transfers_in', '111'), ('transfers_out', '1757'), ('value', '55'), ('was_home', 'False'), ('yellow_cards', '0')]), OrderedDict([('assists', '0'), ('bonus', '0'), ('bps', '0'), ('clean_sheets', '0'), ('creativity', '0.0'), ('element', '132'), ('fixture', '23'), ('goals_conceded', '0'), ('goals_scored', '0'), ('ict_index', '0.0'), ('influence', '0.0'), ('kickoff_time', '2021-08-28T16:30:00Z'), ('minutes', '0'), ('opponent_team', '11'), ('own_goals', '0'), ('penalties_missed', '0'), ('penalties_saved', '0'), ('red_cards', '0'), ('round', '3'), ('saves', '0'), ('selected', '5094'), ('team_a_score', '1'), ('team_h_score', '1'), ('threat', '0.0'), ('total_points', '0'), ('transfers_balance', '-1421'), ('transfers_in', '26'), ('transfers_out', '1447'), ('value', '54'), ('was_home', 'False'), ('yellow_cards', '0')]), OrderedDict([('assists', '0'), ('bonus', '0'), ('bps', '0'), ('clean_sheets', '0'), ('creativity', '0.0'), ('element', '132'), ('fixture', '33'), ('goals_conceded', '0'), ('goals_scored', '0'), ('ict_index', '0.0'), ('influence', '0.0'), ('kickoff_time', '2021-09-11T16:30:00Z'), ('minutes', '0'), ('opponent_team', '2'), ('own_goals', '0'), ('penalties_missed', '0'), ('penalties_saved', '0'), ('red_cards', '0'), ('round', '4'), ('saves', '0'), ('selected', '5008'), ('team_a_score', '0'), ('team_h_score', '3'), ('threat', '0.0'), ('total_points', '0'), ('transfers_balance', '-379'), ('transfers_in', '191'), ('transfers_out', '570'), ('value', '54'), ('was_home', 'True'), ('yellow_cards', '0')]), OrderedDict([('assists', '0'), ('bonus', '0'), ('bps', '0'), ('clean_sheets', '0'), ('creativity', '0.0'), ('element', '132'), ('fixture', '48'), ('goals_conceded', '0'), ('goals_scored', '0'), ('ict_index', '0.0'), ('influence', '0.0'), ('kickoff_time', '2021-09-19T15:30:00Z'), ('minutes', '0'), ('opponent_team', '17'), ('own_goals', '0'), ('penalties_missed', '0'), ('penalties_saved', '0'), ('red_cards', '0'), ('round', '5'), ('saves', '0'), ('selected', '4987'), ('team_a_score', '3'), ('team_h_score', '0'), ('threat', '0.0'), ('total_points', '0'), ('transfers_balance', '-194'), ('transfers_in', '196'), ('transfers_out', '390'), ('value', '54'), ('was_home', 'False'), ('yellow_cards', '0')]), OrderedDict([('assists', '0'), ('bonus', '0'), ('bps', '4'), ('clean_sheets', '0'), ('creativity', '0.8'), ('element', '132'), ('fixture', '53'), ('goals_conceded', '0'), ('goals_scored', '0'), ('ict_index', '0.4'), ('influence', '3.6'), ('kickoff_time', '2021-09-25T11:30:00Z'), ('minutes', '14'), ('opponent_team', '12'), ('own_goals', '0'), ('penalties_missed', '0'), ('penalties_saved', '0'), ('red_cards', '0'), ('round', '6'), ('saves', '0'), ('selected', '4897'), ('team_a_score', '1'), ('team_h_score', '0'), ('threat', '0.0'), ('total_points', '1'), ('transfers_balance', '-209'), ('transfers_in', '161'), ('transfers_out', '370'), ('value', '54'), ('was_home', 'True'), ('yellow_cards', '0')]), OrderedDict([('assists', '1'), ('bonus', '1'), ('bps', '25'), ('clean_sheets', '0'), ('creativity', '21.9'), ('element', '132'), ('fixture', '63'), ('goals_conceded', '1'), ('goals_scored', '0'), ('ict_index', '5.9'), ('influence', '27.6'), ('kickoff_time', '2021-10-02T14:00:00Z'), ('minutes', '82'), ('opponent_team', '16'), ('own_goals', '0'), ('penalties_missed', '0'), ('penalties_saved', '0'), ('red_cards', '0'), ('round', '7'), ('saves', '0'), ('selected', '5392'), ('team_a_score', '1'), ('team_h_score', '3'), ('threat', '9.0'), ('total_points', '6'), ('transfers_balance', '319'), ('transfers_in', '593'), ('transfers_out', '274'), ('value', '54'), ('was_home', 'True'), ('yellow_cards', '0')]), OrderedDict([('assists', '0'), ('bonus', '0'), ('bps', '15'), ('clean_sheets', '1'), ('creativity', '8.8'), ('element', '132'), ('fixture', '73'), ('goals_conceded', '0'), ('goals_scored', '0'), ('ict_index', '3.3'), ('influence', '23.8'), ('kickoff_time', '2021-10-16T16:30:00Z'), ('minutes', '90'), ('opponent_team', '3'), ('own_goals', '0'), ('penalties_missed', '0'), ('penalties_saved', '0'), ('red_cards', '0'), ('round', '8'), ('saves', '0'), ('selected', '7486'), ('team_a_score', '1'), ('team_h_score', '0'), ('threat', '0.0'), ('total_points', '3'), ('transfers_balance', '1652'), ('transfers_in', '2220'), ('transfers_out', '568'), ('value', '54'), ('was_home', 'False'), ('yellow_cards', '0')]), OrderedDict([('assists', '1'), ('bonus', '0'), ('bps', '17'), ('clean_sheets', '0'), ('creativity', '11.4'), ('element', '132'), ('fixture', '84'), ('goals_conceded', '0'), ('goals_scored', '0'), ('ict_index', '5.7'), ('influence', '29.8'), ('kickoff_time', '2021-10-23T11:30:00Z'), ('minutes', '26'), ('opponent_team', '15'), ('own_goals', '0'), ('penalties_missed', '0'), ('penalties_saved', '0'), ('red_cards', '0'), ('round', '9'), ('saves', '0'), ('selected', '12746'), ('team_a_score', '0'), ('team_h_score', '7'), ('threat', '16.0'), ('total_points', '4'), ('transfers_balance', '4862'), ('transfers_in', '6039'), ('transfers_out', '1177'), ('value', '54'), ('was_home', 'True'), ('yellow_cards', '0')]), OrderedDict([('assists', '1'), ('bonus', '0'), ('bps', '11'), ('clean_sheets', '0'), ('creativity', '3.4'), ('element', '132'), ('fixture', '96'), ('goals_conceded', '0'), ('goals_scored', '0'), ('ict_index', '2.7'), ('influence', '5.8'), ('kickoff_time', '2021-10-30T14:00:00Z'), ('minutes', '26'), ('opponent_team', '14'), ('own_goals', '0'), ('penalties_missed', '0'), ('penalties_saved', '0'), ('red_cards', '0'), ('round', '10'), ('saves', '0'), ('selected', '12923'), ('team_a_score', '3'), ('team_h_score', '0'), ('threat', '18.0'), ('total_points', '4'), ('transfers_balance', '161'), ('transfers_in', '3526'), ('transfers_out', '3365'), ('value', '54'), ('was_home', 'False'), ('yellow_cards', '0')]), OrderedDict([('assists', '0'), ('bonus', '0'), ('bps', '1'), ('clean_sheets', '0'), ('creativity', '1.1'), ('element', '132'), ('fixture', '104'), ('goals_conceded', '1'), ('goals_scored', '0'), ('ict_index', '0.5'), ('influence', '2.2'), ('kickoff_time', '2021-11-06T15:00:00Z'), ('minutes', '17'), ('opponent_team', '5'), ('own_goals', '0'), ('penalties_missed', '0'), ('penalties_saved', '0'), ('red_cards', '0'), ('round', '11'), ('saves', '0'), ('selected', '15564'), ('team_a_score', '1'), ('team_h_score', '1'), ('threat', '2.0'), ('total_points', '1'), ('transfers_balance', '2262'), ('transfers_in', '3917'), ('transfers_out', '1655'), ('value', '54'), ('was_home', 'True'), ('yellow_cards', '0')]), OrderedDict([('assists', '0'), ('bonus', '0'), ('bps', '3'), ('clean_sheets', '0'), ('creativity', '0.6'), ('element', '132'), ('fixture', '113'), ('goals_conceded', '0'), ('goals_scored', '0'), ('ict_index', '0.3'), ('influence', '2.8'), ('kickoff_time', '2021-11-20T12:30:00Z'), ('minutes', '13'), ('opponent_team', '9'), ('own_goals', '0'), ('penalties_missed', '0'), ('penalties_saved', '0'), ('red_cards', '0'), ('round', '12'), ('saves', '0'), ('selected', '14785'), ('team_a_score', '3'), ('team_h_score', '0'), ('threat', '0.0'), ('total_points', '1'), ('transfers_balance', '-1021'), ('transfers_in', '1963'), ('transfers_out', '2984'), ('value', '54'), ('was_home', 'False'), ('yellow_cards', '0')]), OrderedDict([('assists', '0'), ('bonus', '0'), ('bps', '10'), ('clean_sheets', '0'), ('creativity', '3.8'), ('element', '132'), ('fixture', '125'), ('goals_conceded', '1'), ('goals_scored', '0'), ('ict_index', '2.5'), ('influence', '4.8'), ('kickoff_time', '2021-11-28T16:30:00Z'), ('minutes', '90'), ('opponent_team', '13'), ('own_goals', '0'), ('penalties_missed', '0'), ('penalties_saved', '0'), ('red_cards', '0'), ('round', '13'), ('saves', '0'), ('selected', '14306'), ('team_a_score', '1'), ('team_h_score', '1'), ('threat', '16.0'), ('total_points', '2'), ('transfers_balance', '-629'), ('transfers_in', '1743'), ('transfers_out', '2372'), ('value', '54'), ('was_home', 'True'), ('yellow_cards', '0')]), OrderedDict([('assists', '0'), ('bonus', '0'), ('bps', '9'), ('clean_sheets', '0'), ('creativity', '16.3'), ('element', '132'), ('fixture', '135'), ('goals_conceded', '1'), ('goals_scored', '0'), ('ict_index', '2.8'), ('influence', '3.6'), ('kickoff_time', '2021-12-01T19:30:00Z'), ('minutes', '90'), ('opponent_team', '18'), ('own_goals', '0'), ('penalties_missed', '0'), ('penalties_saved', '0'), ('red_cards', '0'), ('round', '14'), ('saves', '0'), ('selected', '15747'), ('team_a_score', '2'), ('team_h_score', '1'), ('threat', '8.0'), ('total_points', '2'), ('transfers_balance', '1239'), ('transfers_in', '2437'), ('transfers_out', '1198'), ('value', '54'), ('was_home', 'False'), ('yellow_cards', '0')]), OrderedDict([('assists', '0'), ('bonus', '0'), ('bps', '15'), ('clean_sheets', '0'), ('creativity', '31.3'), ('element', '132'), ('fixture', '149'), ('goals_conceded', '3'), ('goals_scored', '0'), ('ict_index', '8.1'), ('influence', '18.4'), ('kickoff_time', '2021-12-04T12:30:00Z'), ('minutes', '90'), ('opponent_team', '19'), ('own_goals', '0'), ('penalties_missed', '0'), ('penalties_saved', '0'), ('red_cards', '0'), ('round', '15'), ('saves', '0'), ('selected', '15499'), ('team_a_score', '2'), ('team_h_score', '3'), ('threat', '31.0'), ('total_points', '2'), ('transfers_balance', '-377'), ('transfers_in', '1824'), ('transfers_out', '2201'), ('value', '54'), ('was_home', 'False'), ('yellow_cards', '0')]), OrderedDict([('assists', '0'), ('bonus', '0'), ('bps', '10'), ('clean_sheets', '0'), ('creativity', '9.5'), ('element', '132'), ('fixture', '155'), ('goals_conceded', '2'), ('goals_scored', '0'), ('ict_index', '5.5'), ('influence', '16.2'), ('kickoff_time', '2021-12-11T15:00:00Z'), ('minutes', '90'), ('opponent_team', '10'), ('own_goals', '0'), ('penalties_missed', '0'), ('penalties_saved', '0'), ('red_cards', '0'), ('round', '16'), ('saves', '0'), ('selected', '16153'), ('team_a_score', '2'), ('team_h_score', '3'), ('threat', '29.0'), ('total_points', '2'), ('transfers_balance', '383'), ('transfers_in', '2365'), ('transfers_out', '1982'), ('value', '54'), ('was_home', 'True'), ('yellow_cards', '0')]), OrderedDict([('assists', '0'), ('bonus', '0'), ('bps', '10'), ('clean_sheets', '1'), ('creativity', '3.9'), ('element', '132'), ('fixture', '168'), ('goals_conceded', '0'), ('goals_scored', '0'), ('ict_index', '1.5'), ('influence', '2.4'), ('kickoff_time', '2021-12-16T19:45:00Z'), ('minutes', '64'), ('opponent_team', '8'), ('own_goals', '0'), ('penalties_missed', '0'), ('penalties_saved', '0'), ('red_cards', '0'), ('round', '17'), ('saves', '0'), ('selected', '14993'), ('team_a_score', '1'), ('team_h_score', '1'), ('threat', '9.0'), ('total_points', '2'), ('transfers_balance', '-1175'), ('transfers_in', '701'), ('transfers_out', '1876'), ('value', '54'), ('was_home', 'True'), ('yellow_cards', '1')]), OrderedDict([('assists', '0'), ('bonus', '0'), ('bps', '0'), ('clean_sheets', '0'), ('creativity', '0.0'), ('element', '132'), ('fixture', '180'), ('goals_conceded', '0'), ('goals_scored', '0'), ('ict_index', '0.0'), ('influence', '0.0'), ('kickoff_time', '2021-12-19T14:00:00Z'), ('minutes', '0'), ('opponent_team', '20'), ('own_goals', '0'), ('penalties_missed', '0'), ('penalties_saved', '0'), ('red_cards', '0'), ('round', '18'), ('saves', '0'), ('selected', '13856'), ('team_a_score', '0'), ('team_h_score', '0'), ('threat', '0.0'), ('total_points', '0'), ('transfers_balance', '-1133'), ('transfers_in', '615'), ('transfers_out', '1748'), ('value', '54'), ('was_home', 'False'), ('yellow_cards', '0')]), OrderedDict([('assists', '0'), ('bonus', '0'), ('bps', '0'), ('clean_sheets', '0'), ('creativity', '0.0'), ('element', '132'), ('fixture', '181'), ('goals_conceded', '0'), ('goals_scored', '0'), ('ict_index', '0.0'), ('influence', '0.0'), ('kickoff_time', '2021-12-26T17:30:00Z'), ('minutes', '0'), ('opponent_team', '2'), ('own_goals', '0'), ('penalties_missed', '0'), ('penalties_saved', '0'), ('red_cards', '0'), ('round', '19'), ('saves', '0'), ('selected', '11522'), ('team_a_score', '3'), ('team_h_score', '1'), ('threat', '0.0'), ('total_points', '0'), ('transfers_balance', '-2076'), ('transfers_in', '45'), ('transfers_out', '2121'), ('value', '54'), ('was_home', 'False'), ('yellow_cards', '0')]), OrderedDict([('assists', '0'), ('bonus', '0'), ('bps', '0'), ('clean_sheets', '0'), ('creativity', '0.0'), ('element', '132'), ('fixture', '193'), ('goals_conceded', '0'), ('goals_scored', '0'), ('ict_index', '0.0'), ('influence', '0.0'), ('kickoff_time', '2021-12-29T19:30:00Z'), ('minutes', '0'), ('opponent_team', '4'), ('own_goals', '0'), ('penalties_missed', '0'), ('penalties_saved', '0'), ('red_cards', '0'), ('round', '20'), ('saves', '0'), ('selected', '11075'), ('team_a_score', '1'), ('team_h_score', '1'), ('threat', '0.0'), ('total_points', '0'), ('transfers_balance', '-791'), ('transfers_in', '24'), ('transfers_out', '815'), ('value', '54'), ('was_home', 'True'), ('yellow_cards', '0')]), OrderedDict([('assists', '0'), ('bonus', '0'), ('bps', '0'), ('clean_sheets', '0'), ('creativity', '0.0'), ('element', '132'), ('fixture', '203'), ('goals_conceded', '0'), ('goals_scored', '0'), ('ict_index', '0.0'), ('influence', '0.0'), ('kickoff_time', '2022-01-02T16:30:00Z'), ('minutes', '0'), ('opponent_team', '11'), ('own_goals', '0'), ('penalties_missed', '0'), ('penalties_saved', '0'), ('red_cards', '0'), ('round', '21'), ('saves', '0'), ('selected', '10208'), ('team_a_score', '2'), ('team_h_score', '2'), ('threat', '0.0'), ('total_points', '0'), ('transfers_balance', '-938'), ('transfers_in', '28'), ('transfers_out', '966'), ('value', '54'), ('was_home', 'True'), ('yellow_cards', '0')]), OrderedDict([('assists', '0'), ('bonus', '0'), ('bps', '0'), ('clean_sheets', '0'), ('creativity', '0.0'), ('element', '132'), ('fixture', '215'), ('goals_conceded', '0'), ('goals_scored', '0'), ('ict_index', '0.0'), ('influence', '0.0'), ('kickoff_time', '2022-01-15T12:30:00Z'), ('minutes', '0'), ('opponent_team', '12'), ('own_goals', '0'), ('penalties_missed', '0'), ('penalties_saved', '0'), ('red_cards', '0'), ('round', '22'), ('saves', '0'), ('selected', '9863'), ('team_a_score', '0'), ('team_h_score', '1'), ('threat', '0.0'), ('total_points', '0'), ('transfers_balance', '-517'), ('transfers_in', '206'), ('transfers_out', '723'), ('value', '54'), ('was_home', 'False'), ('yellow_cards', '0')]), OrderedDict([('assists', '0'), ('bonus', '0'), ('bps', '0'), ('clean_sheets', '0'), ('creativity', '0.0'), ('element', '132'), ('fixture', '232'), ('goals_conceded', '0'), ('goals_scored', '0'), ('ict_index', '0.0'), ('influence', '0.0'), ('kickoff_time', '2022-01-18T20:00:00Z'), ('minutes', '0'), ('opponent_team', '4'), ('own_goals', '0'), ('penalties_missed', '0'), ('penalties_saved', '0'), ('red_cards', '0'), ('round', '22'), ('saves', '0'), ('selected', '9863'), ('team_a_score', '1'), ('team_h_score', '1'), ('threat', '0.0'), ('total_points', '0'), ('transfers_balance', '-517'), ('transfers_in', '206'), ('transfers_out', '723'), ('value', '54'), ('was_home', 'False'), ('yellow_cards', '0')]), OrderedDict([('assists', '0'), ('bonus', '0'), ('bps', '0'), ('clean_sheets', '0'), ('creativity', '0.0'), ('element', '132'), ('fixture', '223'), ('goals_conceded', '0'), ('goals_scored', '0'), ('ict_index', '0.0'), ('influence', '0.0'), ('kickoff_time', '2022-01-23T16:30:00Z'), ('minutes', '0'), ('opponent_team', '17'), ('own_goals', '0'), ('penalties_missed', '0'), ('penalties_saved', '0'), ('red_cards', '0'), ('round', '23'), ('saves', '0'), ('selected', '9637'), ('team_a_score', '0'), ('team_h_score', '2'), ('threat', '0.0'), ('total_points', '0'), ('transfers_balance', '-293'), ('transfers_in', '85'), ('transfers_out', '378'), ('value', '54'), ('was_home', 'True'), ('yellow_cards', '0')]), OrderedDict([('assists', '0'), ('bonus', '0'), ('bps', '1'), ('clean_sheets', '0'), ('creativity', '0.3'), ('element', '132'), ('fixture', '254'), ('goals_conceded', '0'), ('goals_scored', '0'), ('ict_index', '0.0'), ('influence', '0.0'), ('kickoff_time', '2022-02-19T15:00:00Z'), ('minutes', '16'), ('opponent_team', '7'), ('own_goals', '0'), ('penalties_missed', '0'), ('penalties_saved', '0'), ('red_cards', '0'), ('round', '26'), ('saves', '0'), ('selected', '9186'), ('team_a_score', '1'), ('team_h_score', '0'), ('threat', '0.0'), ('total_points', '1'), ('transfers_balance', '-97'), ('transfers_in', '84'), ('transfers_out', '181'), ('value', '54'), ('was_home', 'False'), ('yellow_cards', '0')]), OrderedDict([('assists', '0'), ('bonus', '0'), ('bps', '0'), ('clean_sheets', '0'), ('creativity', '1.1'), ('element', '132'), ('fixture', '272'), ('goals_conceded', '0'), ('goals_scored', '0'), ('ict_index', '0.3'), ('influence', '1.8'), ('kickoff_time', '2022-03-05T15:00:00Z'), ('minutes', '20'), ('opponent_team', '5'), ('own_goals', '0'), ('penalties_missed', '0'), ('penalties_saved', '0'), ('red_cards', '0'), ('round', '28'), ('saves', '0'), ('selected', '9193'), ('team_a_score', '4'), ('team_h_score', '0'), ('threat', '0.0'), ('total_points', '1'), ('transfers_balance', '-4'), ('transfers_in', '156'), ('transfers_out', '160'), ('value', '54'), ('was_home', 'False'), ('yellow_cards', '0')]), OrderedDict([('assists', '0'), ('bonus', '0'), ('bps', '9'), ('clean_sheets', '0'), ('creativity', '12.9'), ('element', '132'), ('fixture', '297'), ('goals_conceded', '1'), ('goals_scored', '0'), ('ict_index', '2.6'), ('influence', '9.4'), ('kickoff_time', '2022-03-10T19:30:00Z'), ('minutes', '45'), ('opponent_team', '15'), ('own_goals', '0'), ('penalties_missed', '0'), ('penalties_saved', '0'), ('red_cards', '0'), ('round', '28'), ('saves', '0'), ('selected', '9193'), ('team_a_score', '3'), ('team_h_score', '1'), ('threat', '4.0'), ('total_points', '1'), ('transfers_balance', '-4'), ('transfers_in', '156'), ('transfers_out', '160'), ('value', '54'), ('was_home', 'False'), ('yellow_cards', '0')]), OrderedDict([('assists', '0'), ('bonus', '0'), ('bps', '0'), ('clean_sheets', '0'), ('creativity', '0.0'), ('element', '132'), ('fixture', '284'), ('goals_conceded', '0'), ('goals_scored', '0'), ('ict_index', '0.0'), ('influence', '0.0'), ('kickoff_time', '2022-03-13T14:00:00Z'), ('minutes', '0'), ('opponent_team', '14'), ('own_goals', '0'), ('penalties_missed', '0'), ('penalties_saved', '0'), ('red_cards', '0'), ('round', '29'), ('saves', '0'), ('selected', '9126'), ('team_a_score', '0'), ('team_h_score', '1'), ('threat', '0.0'), ('total_points', '0'), ('transfers_balance', '-84'), ('transfers_in', '106'), ('transfers_out', '190'), ('value', '54'), ('was_home', 'True'), ('yellow_cards', '0')]), OrderedDict([('assists', '0'), ('bonus', '0'), ('bps', '15'), ('clean_sheets', '0'), ('creativity', '27.2'), ('element', '132'), ('fixture', '303'), ('goals_conceded', '4'), ('goals_scored', '0'), ('ict_index', '5.7'), ('influence', '18.8'), ('kickoff_time', '2022-04-02T14:00:00Z'), ('minutes', '90'), ('opponent_team', '3'), ('own_goals', '0'), ('penalties_missed', '0'), ('penalties_saved', '0'), ('red_cards', '0'), ('round', '31'), ('saves', '0'), ('selected', '9052'), ('team_a_score', '4'), ('team_h_score', '1'), ('threat', '11.0'), ('total_points', '2'), ('transfers_balance', '-52'), ('transfers_in', '70'), ('transfers_out', '122'), ('value', '54'), ('was_home', 'True'), ('yellow_cards', '0')]), OrderedDict([('assists', '0'), ('bonus', '0'), ('bps', '17'), ('clean_sheets', '1'), ('creativity', '17.6'), ('element', '132'), ('fixture', '319'), ('goals_conceded', '0'), ('goals_scored', '0'), ('ict_index', '6.1'), ('influence', '22.2'), ('kickoff_time', '2022-04-09T14:00:00Z'), ('minutes', '90'), ('opponent_team', '16'), ('own_goals', '0'), ('penalties_missed', '0'), ('penalties_saved', '0'), ('red_cards', '0'), ('round', '32'), ('saves', '0'), ('selected', '9085'), ('team_a_score', '6'), ('team_h_score', '0'), ('threat', '21.0'), ('total_points', '3'), ('transfers_balance', '-5'), ('transfers_in', '66'), ('transfers_out', '71'), ('value', '54'), ('was_home', 'False'), ('yellow_cards', '0')]), OrderedDict([('assists', '0'), ('bonus', '0'), ('bps', '14'), ('clean_sheets', '0'), ('creativity', '19.2'), ('element', '132'), ('fixture', '243'), ('goals_conceded', '4'), ('goals_scored', '0'), ('ict_index', '4.0'), ('influence', '16.6'), ('kickoff_time', '2022-04-20T18:45:00Z'), ('minutes', '90'), ('opponent_team', '1'), ('own_goals', '0'), ('penalties_missed', '0'), ('penalties_saved', '0'), ('red_cards', '0'), ('round', '33'), ('saves', '0'), ('selected', '9276'), ('team_a_score', '4'), ('team_h_score', '2'), ('threat', '4.0'), ('total_points', '2'), ('transfers_balance', '138'), ('transfers_in', '262'), ('transfers_out', '124'), ('value', '54'), ('was_home', 'True'), ('yellow_cards', '0')]), OrderedDict([('assists', '0'), ('bonus', '0'), ('bps', '14'), ('clean_sheets', '1'), ('creativity', '50.2'), ('element', '132'), ('fixture', '335'), ('goals_conceded', '0'), ('goals_scored', '0'), ('ict_index', '8.8'), ('influence', '20.0'), ('kickoff_time', '2022-04-24T13:00:00Z'), ('minutes', '75'), ('opponent_team', '19'), ('own_goals', '0'), ('penalties_missed', '0'), ('penalties_saved', '0'), ('red_cards', '0'), ('round', '34'), ('saves', '0'), ('selected', '16738'), ('team_a_score', '0'), ('team_h_score', '1'), ('threat', '18.0'), ('total_points', '3'), ('transfers_balance', '7175'), ('transfers_in', '7511'), ('transfers_out', '336'), ('value', '54'), ('was_home', 'True'), ('yellow_cards', '0')]), OrderedDict([('assists', '0'), ('bonus', '0'), ('bps', '3'), ('clean_sheets', '0'), ('creativity', '0.3'), ('element', '132'), ('fixture', '364'), ('goals_conceded', '0'), ('goals_scored', '0'), ('ict_index', '0.6'), ('influence', '5.4'), ('kickoff_time', '2022-04-28T18:45:00Z'), ('minutes', '8'), ('opponent_team', '13'), ('own_goals', '0'), ('penalties_missed', '0'), ('penalties_saved', '0'), ('red_cards', '0'), ('round', '34'), ('saves', '0'), ('selected', '16738'), ('team_a_score', '1'), ('team_h_score', '1'), ('threat', '0.0'), ('total_points', '1'), ('transfers_balance', '7175'), ('transfers_in', '7511'), ('transfers_out', '336'), ('value', '54'), ('was_home', 'False'), ('yellow_cards', '0')]), OrderedDict([('assists', '0'), ('bonus', '0'), ('bps', '19'), ('clean_sheets', '0'), ('creativity', '17.3'), ('element', '132'), ('fixture', '342'), ('goals_conceded', '1'), ('goals_scored', '0'), ('ict_index', '5.6'), ('influence', '23.8'), ('kickoff_time', '2022-05-01T13:00:00Z'), ('minutes', '90'), ('opponent_team', '8'), ('own_goals', '0'), ('penalties_missed', '0'), ('penalties_saved', '0'), ('red_cards', '0'), ('round', '35'), ('saves', '0'), ('selected', '15713'), ('team_a_score', '0'), ('team_h_score', '1'), ('threat', '15.0'), ('total_points', '2'), ('transfers_balance', '-874'), ('transfers_in', '859'), ('transfers_out', '1733'), ('value', '54'), ('was_home', 'False'), ('yellow_cards', '0')]), OrderedDict([('assists', '0'), ('bonus', '0'), ('bps', '14'), ('clean_sheets', '0'), ('creativity', '2.9'), ('element', '132'), ('fixture', '355'), ('goals_conceded', '2'), ('goals_scored', '0'), ('ict_index', '2.0'), ('influence', '15.4'), ('kickoff_time', '2022-05-07T14:00:00Z'), ('minutes', '90'), ('opponent_team', '20'), ('own_goals', '0'), ('penalties_missed', '0'), ('penalties_saved', '0'), ('red_cards', '0'), ('round', '36'), ('saves', '0'), ('selected', '16483'), ('team_a_score', '2'), ('team_h_score', '2'), ('threat', '2.0'), ('total_points', '2'), ('transfers_balance', '605'), ('transfers_in', '2123'), ('transfers_out', '1518'), ('value', '54'), ('was_home', 'True'), ('yellow_cards', '0')]), OrderedDict([('assists', '0'), ('bonus', '0'), ('bps', '11'), ('clean_sheets', '1'), ('creativity', '17.0'), ('element', '132'), ('fixture', '323'), ('goals_conceded', '0'), ('goals_scored', '0'), ('ict_index', '2.5'), ('influence', '4.6'), ('kickoff_time', '2022-05-11T18:30:00Z'), ('minutes', '60'), ('opponent_team', '10'), ('own_goals', '0'), ('penalties_missed', '0'), ('penalties_saved', '0'), ('red_cards', '0'), ('round', '36'), ('saves', '0'), ('selected', '16483'), ('team_a_score', '3'), ('team_h_score', '0'), ('threat', '3.0'), ('total_points', '3'), ('transfers_balance', '605'), ('transfers_in', '2123'), ('transfers_out', '1518'), ('value', '54'), ('was_home', 'False'), ('yellow_cards', '0')]), OrderedDict([('assists', '0'), ('bonus', '0'), ('bps', '4'), ('clean_sheets', '0'), ('creativity', '12.3'), ('element', '132'), ('fixture', '264'), ('goals_conceded', '0'), ('goals_scored', '0'), ('ict_index', '1.8'), ('influence', '3.8'), ('kickoff_time', '2022-05-19T19:00:00Z'), ('minutes', '18'), ('opponent_team', '9'), ('own_goals', '0'), ('penalties_missed', '0'), ('penalties_saved', '0'), ('red_cards', '0'), ('round', '37'), ('saves', '0'), ('selected', '14951'), ('team_a_score', '1'), ('team_h_score', '1'), ('threat', '2.0'), ('total_points', '1'), ('transfers_balance', '-1026'), ('transfers_in', '742'), ('transfers_out', '1768'), ('value', '54'), ('was_home', 'True'), ('yellow_cards', '0')]), OrderedDict([('assists', '0'), ('bonus', '0'), ('bps', '0'), ('clean_sheets', '0'), ('creativity', '0.0'), ('element', '132'), ('fixture', '375'), ('goals_conceded', '0'), ('goals_scored', '0'), ('ict_index', '0.0'), ('influence', '0.0'), ('kickoff_time', '2022-05-22T15:00:00Z'), ('minutes', '0'), ('opponent_team', '18'), ('own_goals', '0'), ('penalties_missed', '0'), ('penalties_saved', '0'), ('red_cards', '0'), ('round', '38'), ('saves', '0'), ('selected', '14858'), ('team_a_score', '1'), ('team_h_score', '2'), ('threat', '0.0'), ('total_points', '0'), ('transfers_balance', '-518'), ('transfers_in', '702'), ('transfers_out', '1220'), ('value', '54'), ('was_home', 'True'), ('yellow_cards', '0')])]
[2025-10-29T18:09:04.520+0000] {fetch_api_data.py:98} WARNING - Failed to fetch data for Olivier_Giroud_133: 404
[2025-10-29T18:09:05.358+0000] {fetch_api_data.py:98} WARNING - Failed to fetch data for Álvaro_Morata_134: 404
[2025-10-29T18:09:06.127+0000] {fetch_api_data.py:98} WARNING - Failed to fetch data for Jorge Luiz_Frello Filho_459: 404
[2025-10-29T18:09:06.883+0000] {fetch_api_data.py:98} WARNING - Failed to fetch data for Tammy_Abraham_496: 404
[2025-10-29T18:09:07.774+0000] {fetch_api_data.py:98} WARNING - Failed to fetch data for Kepa_Arrizabalaga_498: 404
[2025-10-29T18:09:08.363+0000] {fetch_api_data.py:98} WARNING - Failed to fetch data for Mateo_Kovacic_499: 404
[2025-10-29T18:09:09.003+0000] {fetch_api_data.py:98} WARNING - Failed to fetch data for Gonzalo_Higuaín_579: 404
[2025-10-29T18:09:09.728+0000] {fetch_api_data.py:98} WARNING - Failed to fetch data for Addji Keaninkin Marc-Israel_Guehi_624: 404
[2025-10-29T18:09:10.348+0000] {fetch_api_data.py:98} WARNING - Failed to fetch data for Wayne_Hennessey_135: 404
[2025-10-29T18:09:11.010+0000] {fetch_api_data.py:98} WARNING - Failed to fetch data for Julian_Speroni_136: 404
[2025-10-29T18:09:11.659+0000] {fetch_api_data.py:98} WARNING - Failed to fetch data for Vicente_Guaita_137: 404
[2025-10-29T18:09:12.295+0000] {fetch_api_data.py:98} WARNING - Failed to fetch data for James_Tomkins_138: 404
[2025-10-29T18:09:12.917+0000] {fetch_api_data.py:98} WARNING - Failed to fetch data for Scott_Dann_139: 404
[2025-10-29T18:09:13.494+0000] {fetch_api_data.py:98} WARNING - Failed to fetch data for Martin_Kelly_140: 404
[2025-10-29T18:09:14.196+0000] {fetch_api_data.py:98} WARNING - Failed to fetch data for Jeffrey_Schlupp_141: 404
[2025-10-29T18:09:14.855+0000] {fetch_api_data.py:98} WARNING - Failed to fetch data for Patrick_van Aanholt_142: 404
[2025-10-29T18:09:15.442+0000] {fetch_api_data.py:98} WARNING - Failed to fetch data for Mamadou_Sakho_143: 404
[2025-10-29T18:09:16.051+0000] {fetch_api_data.py:98} WARNING - Failed to fetch data for Jairo_Riedewald_144: 404
[2025-10-29T18:09:16.686+0000] {fetch_api_data.py:98} WARNING - Failed to fetch data for Aaron_Wan-Bissaka_145: 404
[2025-10-29T18:09:17.294+0000] {fetch_api_data.py:98} WARNING - Failed to fetch data for James_McArthur_147: 404
[2025-10-29T18:09:17.918+0000] {fetch_api_data.py:98} WARNING - Failed to fetch data for Bakary_Sako_148: 404
[2025-10-29T18:09:18.571+0000] {fetch_api_data.py:98} WARNING - Failed to fetch data for Andros_Townsend_149: 404
[2025-10-29T18:09:19.157+0000] {fetch_api_data.py:98} WARNING - Failed to fetch data for Luka_Milivojevic_150: 404
[2025-10-29T18:09:19.944+0000] {fetch_api_data.py:98} WARNING - Failed to fetch data for Wilfried_Zaha_151: 404
[2025-10-29T18:09:20.637+0000] {fetch_api_data.py:98} WARNING - Failed to fetch data for Christian_Benteke_152: 404
[2025-10-29T18:09:21.227+0000] {fetch_api_data.py:98} WARNING - Failed to fetch data for Alexander_Sørloth_153: 404
[2025-10-29T18:09:21.877+0000] {fetch_api_data.py:98} WARNING - Failed to fetch data for Cheikhou_Kouyaté_412: 404
[2025-10-29T18:09:22.533+0000] {fetch_api_data.py:98} WARNING - Failed to fetch data for Joel_Ward_441: 404
[2025-10-29T18:09:23.119+0000] {fetch_api_data.py:98} WARNING - Failed to fetch data for Jaroslaw_Jach_442: 404
[2025-10-29T18:09:23.752+0000] {fetch_api_data.py:98} WARNING - Failed to fetch data for Pape_Souaré_443: 404
[2025-10-29T18:09:24.336+0000] {fetch_api_data.py:98} WARNING - Failed to fetch data for Connor_Wickham_444: 404
[2025-10-29T18:09:24.978+0000] {fetch_api_data.py:98} WARNING - Failed to fetch data for Sullay_Kaikai_477: 404
[2025-10-29T18:09:25.563+0000] {fetch_api_data.py:98} WARNING - Failed to fetch data for Max_Meyer_486: 404
[2025-10-29T18:09:26.216+0000] {fetch_api_data.py:98} WARNING - Failed to fetch data for Jordan_Ayew_505: 404
[2025-10-29T18:09:26.838+0000] {fetch_api_data.py:98} WARNING - Failed to fetch data for Joe_Tupper_576: 404
[2025-10-29T18:09:27.451+0000] {fetch_api_data.py:98} WARNING - Failed to fetch data for Lucas_Perri_584: 404
[2025-10-29T18:09:28.097+0000] {fetch_api_data.py:98} WARNING - Failed to fetch data for Michy_Batshuayi_592: 404
[2025-10-29T18:09:28.756+0000] {fetch_api_data.py:98} WARNING - Failed to fetch data for Sam_Woods_609: 404
[2025-10-29T18:09:29.378+0000] {fetch_api_data.py:98} WARNING - Failed to fetch data for Luke_Dreher_618: 404
[2025-10-29T18:09:30.047+0000] {fetch_api_data.py:98} WARNING - Failed to fetch data for Nikola_Tavares_619: 404
[2025-10-29T18:09:30.685+0000] {fetch_api_data.py:98} WARNING - Failed to fetch data for Jordan_Pickford_154: 404
[2025-10-29T18:09:31.299+0000] {fetch_api_data.py:98} WARNING - Failed to fetch data for Maarten_Stekelenburg_155: 404
[2025-10-29T18:09:31.941+0000] {fetch_api_data.py:98} WARNING - Failed to fetch data for Leighton_Baines_156: 404
[2025-10-29T18:09:32.647+0000] {fetch_api_data.py:98} WARNING - Failed to fetch data for Seamus_Coleman_157: 404
[2025-10-29T18:09:33.314+0000] {fetch_api_data.py:98} WARNING - Failed to fetch data for Phil_Jagielka_158: 404
[2025-10-29T18:09:34.457+0000] {fetch_api_data.py:98} WARNING - Failed to fetch data for Ashley_Williams_159: 404
[2025-10-29T18:09:35.552+0000] {fetch_api_data.py:98} WARNING - Failed to fetch data for Mason_Holgate_160: 404
[2025-10-29T18:09:37.656+0000] {fetch_api_data.py:98} WARNING - Failed to fetch data for Jonjoe_Kenny_161: 404
[2025-10-29T18:09:39.840+0000] {fetch_api_data.py:98} WARNING - Failed to fetch data for Michael_Keane_162: 404
[2025-10-29T18:09:40.897+0000] {fetch_api_data.py:98} WARNING - Failed to fetch data for Cuco_Martina_163: 404
[2025-10-29T18:09:41.599+0000] {fetch_api_data.py:98} WARNING - Failed to fetch data for Theo_Walcott_164: 404
[2025-10-29T18:09:42.212+0000] {fetch_api_data.py:98} WARNING - Failed to fetch data for Yannick_Bolasie_165: 404
[2025-10-29T18:09:42.894+0000] {fetch_api_data.py:98} WARNING - Failed to fetch data for James_McCarthy_166: 404
[2025-10-29T18:09:43.518+0000] {fetch_api_data.py:98} WARNING - Failed to fetch data for Morgan_Schneiderlin_167: 404
[2025-10-29T18:09:44.162+0000] {fetch_api_data.py:98} WARNING - Failed to fetch data for Idrissa_Gueye_168: 404
[2025-10-29T18:09:44.774+0000] {fetch_api_data.py:98} WARNING - Failed to fetch data for Tom_Davies_169: 404
[2025-10-29T18:09:45.771+0000] {fetch_api_data.py:98} WARNING - Failed to fetch data for Ademola_Lookman_170: 404
[2025-10-29T18:09:46.554+0000] {fetch_api_data.py:98} WARNING - Failed to fetch data for Davy_Klaassen_171: 404
[2025-10-29T18:09:47.262+0000] {fetch_api_data.py:98} WARNING - Failed to fetch data for Gylfi_Sigurdsson_172: 404
[2025-10-29T18:09:47.923+0000] {fetch_api_data.py:98} WARNING - Failed to fetch data for Nikola_Vlasic_173: 404
[2025-10-29T18:09:48.801+0000] {fetch_api_data.py:98} WARNING - Failed to fetch data for Beni_Baningime_174: 404
[2025-10-29T18:09:49.520+0000] {fetch_api_data.py:98} WARNING - Failed to fetch data for Dominic_Calvert-Lewin_175: 404
[2025-10-29T18:09:50.213+0000] {fetch_api_data.py:98} WARNING - Failed to fetch data for Cenk_Tosun_177: 404
[2025-10-29T18:09:50.854+0000] {fetch_api_data.py:98} WARNING - Failed to fetch data for Richarlison_de Andrade_393: 404
[2025-10-29T18:09:51.460+0000] {fetch_api_data.py:98} WARNING - Failed to fetch data for Kevin_Mirallas_469: 404
[2025-10-29T18:09:52.062+0000] {fetch_api_data.py:98} WARNING - Failed to fetch data for Sandro_Ramírez_470: 404
[2025-10-29T18:09:52.729+0000] {fetch_api_data.py:98} WARNING - Failed to fetch data for Lucas_Digne_484: 404
[2025-10-29T18:09:53.431+0000] {fetch_api_data.py:98} WARNING - Failed to fetch data for Yerry_Mina_506: 404
[2025-10-29T18:09:54.063+0000] {fetch_api_data.py:98} WARNING - Failed to fetch data for Bernard_Anício Caldeira Duarte_507: 404
[2025-10-29T18:09:54.667+0000] {fetch_api_data.py:98} WARNING - Failed to fetch data for André Filipe_Tavares Gomes_508: 404
[2025-10-29T18:09:55.258+0000] {fetch_api_data.py:98} WARNING - Failed to fetch data for Kurt_Zouma_526: 404
[2025-10-29T18:09:55.879+0000] {fetch_api_data.py:98} WARNING - Failed to fetch data for Kieran_Dowell_528: 404
[2025-10-29T18:09:56.470+0000] {fetch_api_data.py:98} WARNING - Failed to fetch data for Tyias_Browning_532: 404
[2025-10-29T18:09:57.062+0000] {fetch_api_data.py:98} WARNING - Failed to fetch data for Calum_Chambers_9: 404
[2025-10-29T18:09:57.718+0000] {fetch_api_data.py:98} WARNING - Failed to fetch data for Marcus_Bettinelli_178: 404
[2025-10-29T18:09:58.339+0000] {fetch_api_data.py:98} WARNING - Failed to fetch data for Tim_Ream_180: 404
[2025-10-29T18:09:59.752+0000] {fetch_api_data.py:98} WARNING - Failed to fetch data for Denis_Odoi_181: 404
[2025-10-29T18:10:00.369+0000] {fetch_api_data.py:98} WARNING - Failed to fetch data for Tom_Cairney_182: 404
[2025-10-29T18:10:01.032+0000] {fetch_api_data.py:98} WARNING - Failed to fetch data for Kevin_McDonald_183: 404
[2025-10-29T18:10:01.627+0000] {fetch_api_data.py:98} WARNING - Failed to fetch data for Ryan_Sessegnon_184: 404
[2025-10-29T18:10:02.197+0000] {fetch_api_data.py:98} WARNING - Failed to fetch data for Stefan_Johansen_185: 404
[2025-10-29T18:10:02.914+0000] {fetch_api_data.py:98} WARNING - Failed to fetch data for Floyd_Ayité_186: 404
[2025-10-29T18:10:03.495+0000] {fetch_api_data.py:98} WARNING - Failed to fetch data for Neeskens_Kebano_187: 404
[2025-10-29T18:10:04.132+0000] {fetch_api_data.py:98} WARNING - Failed to fetch data for Rui Pedro_da Rocha Fonte_188: 404
[2025-10-29T18:10:04.751+0000] {fetch_api_data.py:98} WARNING - Failed to fetch data for Aboubakar_Kamara_189: 404
[2025-10-29T18:10:05.409+0000] {fetch_api_data.py:98} WARNING - Failed to fetch data for Maxime_Le Marchand_455: 404
[2025-10-29T18:10:06.040+0000] {fetch_api_data.py:98} WARNING - Failed to fetch data for Jean Michael_Seri_456: 404
[2025-10-29T18:10:06.658+0000] {fetch_api_data.py:98} WARNING - Failed to fetch data for Cyrus_Christie_460: 404
[2025-10-29T18:10:07.313+0000] {fetch_api_data.py:98} WARNING - Failed to fetch data for Fabricio_Agosto Ramírez_474: 404
[2025-10-29T18:10:07.912+0000] {fetch_api_data.py:98} WARNING - Failed to fetch data for André_Schürrle_478: 404
[2025-10-29T18:10:08.520+0000] {fetch_api_data.py:98} WARNING - Failed to fetch data for Aleksandar_Mitrovic_480: 404
[2025-10-29T18:10:09.214+0000] {fetch_api_data.py:98} WARNING - Failed to fetch data for Alfie_Mawson_487: 404
[2025-10-29T18:10:09.832+0000] {fetch_api_data.py:98} WARNING - Failed to fetch data for Sergio_Rico_509: 404
[2025-10-29T18:10:10.519+0000] {fetch_api_data.py:98} WARNING - Failed to fetch data for Joe_Bryan_510: 404
[2025-10-29T18:10:11.093+0000] {fetch_api_data.py:98} WARNING - Failed to fetch data for Timothy_Fosu-Mensah_511: 404
[2025-10-29T18:10:11.700+0000] {fetch_api_data.py:98} WARNING - Failed to fetch data for André-Frank_Zambo Anguissa_512: 404
[2025-10-29T18:10:12.374+0000] {fetch_api_data.py:98} WARNING - Failed to fetch data for Luciano_Vietto_513: 404
[2025-10-29T18:10:13.071+0000] {fetch_api_data.py:98} WARNING - Failed to fetch data for Ibrahima_Cissé_521: 404
[2025-10-29T18:10:13.735+0000] {fetch_api_data.py:98} WARNING - Failed to fetch data for Zeze Steven_Sessegnon_541: 404
[2025-10-29T18:10:14.449+0000] {fetch_api_data.py:98} WARNING - Failed to fetch data for Ryan_Babel_575: 404
[2025-10-29T18:10:15.136+0000] {fetch_api_data.py:98} WARNING - Failed to fetch data for Håvard_Nordtveit_593: 404
[2025-10-29T18:10:15.852+0000] {fetch_api_data.py:98} WARNING - Failed to fetch data for Lazar_Markovic_594: 404
[2025-10-29T18:10:16.555+0000] {fetch_api_data.py:98} WARNING - Failed to fetch data for Harvey_Elliott_610: 404
[2025-10-29T18:10:17.130+0000] {fetch_api_data.py:98} WARNING - Failed to fetch data for Luca_De La Torre_621: 404
[2025-10-29T18:10:17.753+0000] {fetch_api_data.py:98} WARNING - Failed to fetch data for Jason_Puncheon_146: 404
[2025-10-29T18:10:18.429+0000] {fetch_api_data.py:98} WARNING - Failed to fetch data for Ben_Hamer_190: 404
[2025-10-29T18:10:19.033+0000] {fetch_api_data.py:98} WARNING - Failed to fetch data for Jonas_Lössl_191: 404
[2025-10-29T18:10:19.649+0000] {fetch_api_data.py:98} WARNING - Failed to fetch data for Christopher_Schindler_192: 404
[2025-10-29T18:10:20.250+0000] {fetch_api_data.py:98} WARNING - Failed to fetch data for Chris_Löwe_193: 404
[2025-10-29T18:10:20.898+0000] {fetch_api_data.py:98} WARNING - Failed to fetch data for Tommy_Smith_194: 404
[2025-10-29T18:10:21.630+0000] {fetch_api_data.py:98} WARNING - Failed to fetch data for Mathias_Jorgensen_195: 404
[2025-10-29T18:10:22.245+0000] {fetch_api_data.py:98} WARNING - Failed to fetch data for Scott_Malone_196: 404
[2025-10-29T18:10:22.962+0000] {fetch_api_data.py:98} WARNING - Failed to fetch data for Florent_Hadergjonaj_197: 404
[2025-10-29T18:10:23.978+0000] {fetch_api_data.py:98} WARNING - Failed to fetch data for Terence_Kongolo_198: 404
[2025-10-29T18:10:24.901+0000] {fetch_api_data.py:98} WARNING - Failed to fetch data for Aaron_Mooy_199: 404
[2025-10-29T18:10:25.692+0000] {fetch_api_data.py:98} WARNING - Failed to fetch data for Rajiv_van La Parra_200: 404
[2025-10-29T18:10:26.815+0000] {fetch_api_data.py:98} WARNING - Failed to fetch data for Jonathan_Hogg_201: 404
[2025-10-29T18:10:27.637+0000] {fetch_api_data.py:98} WARNING - Failed to fetch data for Philip_Billing_202: 404
[2025-10-29T18:10:29.145+0000] {fetch_api_data.py:98} WARNING - Failed to fetch data for Tom_Ince_203: 404
[2025-10-29T18:10:31.393+0000] {fetch_api_data.py:98} WARNING - Failed to fetch data for Danny_Williams_204: 404
[2025-10-29T18:10:32.807+0000] {fetch_api_data.py:98} WARNING - Failed to fetch data for Abdelhamid_Sabiri_205: 404
[2025-10-29T18:10:34.049+0000] {fetch_api_data.py:98} WARNING - Failed to fetch data for Alex_Pritchard_206: 404
[2025-10-29T18:10:34.805+0000] {fetch_api_data.py:98} WARNING - Failed to fetch data for Ramadan_Sobhi_207: 404
[2025-10-29T18:10:35.631+0000] {fetch_api_data.py:98} WARNING - Failed to fetch data for Juninho_Bacuna_208: 404
[2025-10-29T18:10:36.337+0000] {fetch_api_data.py:98} WARNING - Failed to fetch data for Collin_Quaner_209: 404
[2025-10-29T18:10:36.967+0000] {fetch_api_data.py:98} WARNING - Failed to fetch data for Laurent_Depoitre_210: 404
[2025-10-29T18:10:37.890+0000] {fetch_api_data.py:98} WARNING - Failed to fetch data for Steve_Mounie_211: 404
[2025-10-29T18:10:38.518+0000] {fetch_api_data.py:98} WARNING - Failed to fetch data for Elias_Kachunga_212: 404
[2025-10-29T18:10:39.376+0000] {fetch_api_data.py:98} WARNING - Failed to fetch data for Erik_Durm_461: 404
[2025-10-29T18:10:40.821+0000] {fetch_api_data.py:98} WARNING - Failed to fetch data for Adama_Diakhaby_471: 404
[2025-10-29T18:10:41.534+0000] {fetch_api_data.py:98} WARNING - Failed to fetch data for Isaac_Mbenza_514: 404
[2025-10-29T18:10:42.151+0000] {fetch_api_data.py:98} WARNING - Failed to fetch data for Jon Gorenc_Stankovic_522: 404
[2025-10-29T18:10:42.808+0000] {fetch_api_data.py:98} WARNING - Failed to fetch data for Ryan_Schofield_533: 404
[2025-10-29T18:10:43.886+0000] {fetch_api_data.py:98} WARNING - Failed to fetch data for Karlan_Grant_585: 404
[2025-10-29T18:10:44.975+0000] {fetch_api_data.py:98} WARNING - Failed to fetch data for Joel_Coleman_598: 404
[2025-10-29T18:10:46.174+0000] {fetch_api_data.py:98} WARNING - Failed to fetch data for Demeaco_Duhaney_601: 404
[2025-10-29T18:10:46.838+0000] {fetch_api_data.py:98} WARNING - Failed to fetch data for Matthew_Daly_606: 404
[2025-10-29T18:10:47.613+0000] {fetch_api_data.py:98} WARNING - Failed to fetch data for Aaron_Rowe_607: 404
[2025-10-29T18:10:48.562+0000] {fetch_api_data.py:98} WARNING - Failed to fetch data for Kasper_Schmeichel_213: 404
[2025-10-29T18:10:49.364+0000] {fetch_api_data.py:98} WARNING - Failed to fetch data for Eldin_Jakupovic_214: 404
[2025-10-29T18:10:50.181+0000] {fetch_api_data.py:98} WARNING - Failed to fetch data for Wes_Morgan_215: 404
[2025-10-29T18:10:50.966+0000] {fetch_api_data.py:98} WARNING - Failed to fetch data for Christian_Fuchs_216: 404
[2025-10-29T18:10:51.638+0000] {fetch_api_data.py:98} WARNING - Failed to fetch data for Danny_Simpson_217: 404
[2025-10-29T18:10:52.270+0000] {fetch_api_data.py:98} WARNING - Failed to fetch data for Yohan_Benalouane_218: 404
[2025-10-29T18:10:52.866+0000] {fetch_api_data.py:98} WARNING - Failed to fetch data for Benjamin_Chilwell_219: 404
[2025-10-29T18:10:53.499+0000] {fetch_api_data.py:98} WARNING - Failed to fetch data for Harry_Maguire_220: 404
[2025-10-29T18:10:54.163+0000] {fetch_api_data.py:98} WARNING - Failed to fetch data for Ricardo Domingos_Barbosa Pereira_221: 404
[2025-10-29T18:10:54.806+0000] {fetch_api_data.py:98} WARNING - Failed to fetch data for Jonny_Evans_222: 404
[2025-10-29T18:10:55.399+0000] {fetch_api_data.py:98} WARNING - Failed to fetch data for Marc_Albrighton_224: 404
[2025-10-29T18:10:56.057+0000] {fetch_api_data.py:98} WARNING - Failed to fetch data for Demarai_Gray_225: 404
[2025-10-29T18:10:56.671+0000] {fetch_api_data.py:98} WARNING - Failed to fetch data for Daniel_Amartey_226: 404
[2025-10-29T18:10:57.341+0000] {fetch_api_data.py:98} WARNING - Failed to fetch data for Wilfred_Ndidi_227: 404
[2025-10-29T18:10:58.134+0000] {fetch_api_data.py:98} WARNING - Failed to fetch data for Vicente_Iborra_228: 404
[2025-10-29T18:10:59.377+0000] {fetch_api_data.py:98} WARNING - Failed to fetch data for Matty_James_229: 404
[2025-10-29T18:11:00.537+0000] {fetch_api_data.py:98} WARNING - Failed to fetch data for Hamza_Choudhury_230: 404
[2025-10-29T18:11:02.569+0000] {fetch_api_data.py:98} WARNING - Failed to fetch data for Adrien Sebastian_Perruchet Silva_231: 404
[2025-10-29T18:11:03.693+0000] {fetch_api_data.py:98} WARNING - Failed to fetch data for Fousseni_Diabaté_232: 404
[2025-10-29T18:11:05.489+0000] {fetch_api_data.py:98} WARNING - Failed to fetch data for James_Maddison_233: 404
[2025-10-29T18:11:06.408+0000] {fetch_api_data.py:98} WARNING - Failed to fetch data for Jamie_Vardy_234: 404
[2025-10-29T18:11:07.871+0000] {fetch_api_data.py:98} WARNING - Failed to fetch data for Shinji_Okazaki_235: 404
[2025-10-29T18:11:08.542+0000] {fetch_api_data.py:98} WARNING - Failed to fetch data for Kelechi_Iheanacho_236: 404
[2025-10-29T18:11:09.239+0000] {fetch_api_data.py:98} WARNING - Failed to fetch data for Danny_Ward_457: 404
[2025-10-29T18:11:11.534+0000] {fetch_api_data.py:98} WARNING - Failed to fetch data for Rachid_Ghezzal_492: 404
[2025-10-29T18:11:12.648+0000] {fetch_api_data.py:98} WARNING - Failed to fetch data for Filip_Benkovic_501: 404
[2025-10-29T18:11:13.253+0000] {fetch_api_data.py:98} WARNING - Failed to fetch data for Çaglar_Söyüncü_515: 404
[2025-10-29T18:11:13.878+0000] {fetch_api_data.py:98} WARNING - Failed to fetch data for Nampalys_Mendy_527: 404
[2025-10-29T18:11:14.484+0000] {fetch_api_data.py:98} WARNING - Failed to fetch data for Josh_Knight_558: 404
[2025-10-29T18:11:15.092+0000] {fetch_api_data.py:98} WARNING - Failed to fetch data for Harvey_Barnes_571: 404
[2025-10-29T18:11:15.719+0000] {fetch_api_data.py:98} WARNING - Failed to fetch data for Youri_Tielemans_591: 404
[2025-10-29T18:11:16.375+0000] {fetch_api_data.py:98} WARNING - Failed to fetch data for Simon_Mignolet_237: 404
[2025-10-29T18:11:16.968+0000] {fetch_api_data.py:98} WARNING - Failed to fetch data for Loris_Karius_238: 404
[2025-10-29T18:11:17.562+0000] {fetch_api_data.py:98} WARNING - Failed to fetch data for Dejan_Lovren_239: 404
[2025-10-29T18:11:18.165+0000] {fetch_api_data.py:98} WARNING - Failed to fetch data for Alberto_Moreno_240: 404
[2025-10-29T18:11:18.799+0000] {fetch_api_data.py:98} WARNING - Failed to fetch data for Joseph_Gomez_242: 404
[2025-10-29T18:11:19.385+0000] {fetch_api_data.py:98} WARNING - Failed to fetch data for Joel_Matip_243: 404
[2025-10-29T18:11:19.972+0000] {fetch_api_data.py:98} WARNING - Failed to fetch data for Ragnar_Klavan_244: 404
[2025-10-29T18:11:20.641+0000] {fetch_api_data.py:98} WARNING - Failed to fetch data for Trent_Alexander-Arnold_245: 404
[2025-10-29T18:11:21.249+0000] {fetch_api_data.py:98} WARNING - Failed to fetch data for Virgil_van Dijk_246: 404
[2025-10-29T18:11:21.885+0000] {fetch_api_data.py:98} WARNING - Failed to fetch data for Andrew_Robertson_247: 404
[2025-10-29T18:11:22.622+0000] {fetch_api_data.py:98} WARNING - Failed to fetch data for Alex_Oxlade-Chamberlain_248: 404
[2025-10-29T18:11:23.295+0000] {fetch_api_data.py:98} WARNING - Failed to fetch data for Jordan_Henderson_249: 404
[2025-10-29T18:11:23.882+0000] {fetch_api_data.py:98} WARNING - Failed to fetch data for Adam_Lallana_250: 404
[2025-10-29T18:11:24.471+0000] {fetch_api_data.py:98} WARNING - Failed to fetch data for Sadio_Mané_251: 404
[2025-10-29T18:11:25.074+0000] {fetch_api_data.py:98} WARNING - Failed to fetch data for Georginio_Wijnaldum_252: 404
[2025-10-29T18:11:25.689+0000] {fetch_api_data.py:98} WARNING - Failed to fetch data for Mohamed_Salah_253: 404
[2025-10-29T18:11:26.319+0000] {fetch_api_data.py:98} WARNING - Failed to fetch data for James_Milner_254: 404
[2025-10-29T18:11:26.961+0000] {fetch_api_data.py:98} WARNING - Failed to fetch data for Fabio Henrique_Tavares_255: 404
[2025-10-29T18:11:27.526+0000] {fetch_api_data.py:98} WARNING - Failed to fetch data for Naby_Keita_256: 404
[2025-10-29T18:11:28.163+0000] {fetch_api_data.py:98} WARNING - Failed to fetch data for Roberto_Firmino_257: 404
[2025-10-29T18:11:28.762+0000] {fetch_api_data.py:98} WARNING - Failed to fetch data for Xherdan_Shaqiri_462: 404
[2025-10-29T18:11:29.346+0000] {fetch_api_data.py:98} WARNING - Failed to fetch data for Alisson_Ramses Becker_468: 404
[2025-10-29T18:11:30.000+0000] {fetch_api_data.py:98} WARNING - Failed to fetch data for Daniel_Sturridge_472: 404
[2025-10-29T18:11:30.620+0000] {fetch_api_data.py:98} WARNING - Failed to fetch data for Divock_Origi_543: 404
[2025-10-29T18:11:31.212+0000] {fetch_api_data.py:98} WARNING - Failed to fetch data for Rafael_Camacho_557: 404
[2025-10-29T18:11:31.817+0000] {fetch_api_data.py:98} WARNING - Failed to fetch data for Curtis_Jones_597: 404
[2025-10-29T18:11:32.529+0000] {fetch_api_data.py:98} WARNING - Failed to fetch data for Riyad_Mahrez_223: 404
[2025-10-29T18:11:33.132+0000] {fetch_api_data.py:98} WARNING - Failed to fetch data for Ederson_Santana de Moraes_260: 404
[2025-10-29T18:11:33.744+0000] {fetch_api_data.py:98} WARNING - Failed to fetch data for Claudio_Bravo_261: 404
[2025-10-29T18:11:34.354+0000] {fetch_api_data.py:98} WARNING - Failed to fetch data for John_Stones_262: 404
[2025-10-29T18:11:35.042+0000] {fetch_api_data.py:98} WARNING - Failed to fetch data for Vincent_Kompany_263: 404
[2025-10-29T18:11:35.663+0000] {local_task_job_runner.py:292} WARNING - State of this instance has been externally set to failed. Terminating instance.
[2025-10-29T18:11:35.672+0000] {process_utils.py:135} INFO - Sending Signals.SIGTERM to group 691. PIDs of all processes in the group: [691]
[2025-10-29T18:11:35.686+0000] {process_utils.py:86} INFO - Sending the signal Signals.SIGTERM to group 691
[2025-10-29T18:11:35.688+0000] {taskinstance.py:1517} ERROR - Received SIGTERM. Terminating subprocesses.
[2025-10-29T18:11:35.825+0000] {process_utils.py:79} INFO - Process psutil.Process(pid=691, status='terminated', exitcode=0, started='18:06:56') (691) terminated with exit code 0
