[2025-05-09T12:33:03.158+0000] {logging_mixin.py:150} INFO - Changing /opt/airflow/logs/dag_id=fpl_etl_pipeline/run_id=scheduled__2025-05-08T00:00:00+00:00/task_id=load_teams permission to 509
[2025-05-09T12:33:03.160+0000] {logging_mixin.py:150} INFO - Failed to change /opt/airflow/logs/dag_id=fpl_etl_pipeline/run_id=scheduled__2025-05-08T00:00:00+00:00/task_id=load_teams permission to 509: [Errno 1] Operation not permitted: '/opt/airflow/logs/dag_id=fpl_etl_pipeline/run_id=scheduled__2025-05-08T00:00:00+00:00/task_id=load_teams'
[2025-05-09T12:33:03.289+0000] {logging_mixin.py:150} INFO - Changing /opt/airflow/logs/dag_id=fpl_etl_pipeline/run_id=scheduled__2025-05-08T00:00:00+00:00/task_id=load_teams permission to 509
[2025-05-09T12:33:03.291+0000] {logging_mixin.py:150} INFO - Failed to change /opt/airflow/logs/dag_id=fpl_etl_pipeline/run_id=scheduled__2025-05-08T00:00:00+00:00/task_id=load_teams permission to 509: [Errno 1] Operation not permitted: '/opt/airflow/logs/dag_id=fpl_etl_pipeline/run_id=scheduled__2025-05-08T00:00:00+00:00/task_id=load_teams'
[2025-05-09T12:33:03.452+0000] {taskinstance.py:1103} INFO - Dependencies all met for dep_context=non-requeueable deps ti=<TaskInstance: fpl_etl_pipeline.load_teams scheduled__2025-05-08T00:00:00+00:00 [queued]>
[2025-05-09T12:33:03.495+0000] {taskinstance.py:1103} INFO - Dependencies all met for dep_context=requeueable deps ti=<TaskInstance: fpl_etl_pipeline.load_teams scheduled__2025-05-08T00:00:00+00:00 [queued]>
[2025-05-09T12:33:03.496+0000] {taskinstance.py:1308} INFO - Starting attempt 1 of 2
[2025-05-09T12:33:03.565+0000] {taskinstance.py:1327} INFO - Executing <Task(PythonOperator): load_teams> on 2025-05-08 00:00:00+00:00
[2025-05-09T12:33:03.590+0000] {standard_task_runner.py:57} INFO - Started process 189 to run task
[2025-05-09T12:33:03.609+0000] {standard_task_runner.py:84} INFO - Running: ['airflow', 'tasks', 'run', 'fpl_etl_pipeline', 'load_teams', 'scheduled__2025-05-08T00:00:00+00:00', '--job-id', '20', '--raw', '--subdir', 'DAGS_FOLDER/fpl_etl_pipeline.py', '--cfg-path', '/tmp/tmp75fi8vj_']
[2025-05-09T12:33:03.618+0000] {standard_task_runner.py:85} INFO - Job 20: Subtask load_teams
[2025-05-09T12:33:03.875+0000] {logging_mixin.py:150} INFO - Changing /opt/airflow/logs/dag_id=fpl_etl_pipeline/run_id=scheduled__2025-05-08T00:00:00+00:00/task_id=load_teams permission to 509
[2025-05-09T12:33:03.877+0000] {logging_mixin.py:150} INFO - Failed to change /opt/airflow/logs/dag_id=fpl_etl_pipeline/run_id=scheduled__2025-05-08T00:00:00+00:00/task_id=load_teams permission to 509: [Errno 1] Operation not permitted: '/opt/airflow/logs/dag_id=fpl_etl_pipeline/run_id=scheduled__2025-05-08T00:00:00+00:00/task_id=load_teams'
[2025-05-09T12:33:03.881+0000] {task_command.py:410} INFO - Running <TaskInstance: fpl_etl_pipeline.load_teams scheduled__2025-05-08T00:00:00+00:00 [running]> on host 15039a0aaf98
[2025-05-09T12:33:04.288+0000] {taskinstance.py:1547} INFO - Exporting env vars: AIRFLOW_CTX_DAG_OWNER='richardilemon' AIRFLOW_CTX_DAG_ID='fpl_etl_pipeline' AIRFLOW_CTX_TASK_ID='load_teams' AIRFLOW_CTX_EXECUTION_DATE='2025-05-08T00:00:00+00:00' AIRFLOW_CTX_TRY_NUMBER='1' AIRFLOW_CTX_DAG_RUN_ID='scheduled__2025-05-08T00:00:00+00:00'
[2025-05-09T12:33:04.294+0000] {logging_mixin.py:150} INFO - Creating teams table...
[2025-05-09T12:33:04.301+0000] {logging_mixin.py:150} INFO - Fetching teams for 2016-17...
[2025-05-09T12:33:51.534+0000] {logging_mixin.py:150} INFO - ⚠️ Failed to fetch teams.csv for 2016-17: ('Connection aborted.', OSError(0, 'Error'))
[2025-05-09T12:33:51.538+0000] {logging_mixin.py:150} INFO - ⚠️ Skipping 2016-17: No CSV data.
[2025-05-09T12:33:51.539+0000] {logging_mixin.py:150} INFO - Fetching teams for 2017-18...
[2025-05-09T12:34:43.279+0000] {logging_mixin.py:150} INFO - ⚠️ Failed to fetch teams.csv for 2017-18: ('Connection aborted.', OSError(0, 'Error'))
[2025-05-09T12:34:43.282+0000] {logging_mixin.py:150} INFO - ⚠️ Skipping 2017-18: No CSV data.
[2025-05-09T12:34:43.283+0000] {logging_mixin.py:150} INFO - Fetching teams for 2018-19...
[2025-05-09T12:35:31.931+0000] {logging_mixin.py:150} INFO - ⚠️ Failed to fetch teams.csv for 2018-19: ('Connection aborted.', OSError(0, 'Error'))
[2025-05-09T12:35:31.933+0000] {logging_mixin.py:150} INFO - ⚠️ Skipping 2018-19: No CSV data.
[2025-05-09T12:35:31.934+0000] {logging_mixin.py:150} INFO - Fetching teams for 2019-20...
[2025-05-09T12:35:46.702+0000] {logging_mixin.py:150} INFO - ⚠️ Failed to fetch teams.csv for 2019-20: ('Connection aborted.', OSError(0, 'Error'))
[2025-05-09T12:35:49.041+0000] {logging_mixin.py:150} INFO - ⚠️ Skipping 2019-20: No CSV data.
[2025-05-09T12:35:49.061+0000] {logging_mixin.py:150} INFO - Fetching teams for 2020-21...
[2025-05-09T12:38:45.109+0000] {logging_mixin.py:150} INFO - ⚠️ Failed to fetch teams.csv for 2020-21: ('Connection aborted.', OSError(0, 'Error'))
[2025-05-09T12:38:45.113+0000] {logging_mixin.py:150} INFO - ⚠️ Skipping 2020-21: No CSV data.
[2025-05-09T12:38:45.116+0000] {logging_mixin.py:150} INFO - Fetching teams for 2021-22...
[2025-05-09T12:39:31.220+0000] {logging_mixin.py:150} INFO - ⚠️ Failed to fetch teams.csv for 2021-22: ('Connection aborted.', OSError(0, 'Error'))
[2025-05-09T12:39:31.223+0000] {logging_mixin.py:150} INFO - ⚠️ Skipping 2021-22: No CSV data.
[2025-05-09T12:39:31.225+0000] {logging_mixin.py:150} INFO - Fetching teams for 2022-23...
[2025-05-09T12:40:18.416+0000] {logging_mixin.py:150} INFO - ⚠️ Failed to fetch teams.csv for 2022-23: ('Connection aborted.', OSError(0, 'Error'))
[2025-05-09T12:40:18.418+0000] {logging_mixin.py:150} INFO - ⚠️ Skipping 2022-23: No CSV data.
[2025-05-09T12:40:18.420+0000] {logging_mixin.py:150} INFO - Fetching teams for 2023-24...
[2025-05-09T12:41:16.047+0000] {logging_mixin.py:150} INFO - ⚠️ Failed to fetch teams.csv for 2023-24: ('Connection aborted.', OSError(0, 'Error'))
[2025-05-09T12:41:16.047+0000] {logging_mixin.py:150} INFO - ⚠️ Skipping 2023-24: No CSV data.
[2025-05-09T12:41:16.048+0000] {logging_mixin.py:150} INFO - Fetching teams for 2024-25...
[2025-05-09T12:42:15.145+0000] {logging_mixin.py:150} INFO - ⚠️ Failed to fetch teams.csv for 2024-25: ('Connection aborted.', OSError(0, 'Error'))
[2025-05-09T12:42:15.146+0000] {logging_mixin.py:150} INFO - ⚠️ Skipping 2024-25: No CSV data.
[2025-05-09T12:42:15.146+0000] {logging_mixin.py:150} INFO - ✅ Teams history loaded successfully.
[2025-05-09T12:42:15.155+0000] {logging_mixin.py:150} INFO - Creating teams table...
[2025-05-09T12:42:15.156+0000] {logging_mixin.py:150} INFO - Fetching teams data...
[2025-05-09T12:42:19.183+0000] {logging_mixin.py:150} INFO - Inserting 20 teams into database for season 2024-25...
[2025-05-09T12:42:19.198+0000] {logging_mixin.py:150} INFO - ✅ Teams data loaded successfully.
[2025-05-09T12:42:19.199+0000] {python.py:183} INFO - Done. Returned value was: None
[2025-05-09T12:42:19.222+0000] {taskinstance.py:1350} INFO - Marking task as SUCCESS. dag_id=fpl_etl_pipeline, task_id=load_teams, execution_date=20250508T000000, start_date=20250509T123303, end_date=20250509T124219
[2025-05-09T12:42:19.263+0000] {local_task_job_runner.py:225} INFO - Task exited with return code 0
[2025-05-09T12:42:19.308+0000] {taskinstance.py:2653} INFO - 1 downstream tasks scheduled from follow-on schedule check
