[2025-10-07T00:25:43.006+0000] {taskinstance.py:1103} INFO - Dependencies all met for dep_context=non-requeueable deps ti=<TaskInstance: fpl_etl_pipeline.fetch_teams manual__2025-10-07T00:25:40.607889+00:00 [queued]>
[2025-10-07T00:25:43.026+0000] {taskinstance.py:1103} INFO - Dependencies all met for dep_context=requeueable deps ti=<TaskInstance: fpl_etl_pipeline.fetch_teams manual__2025-10-07T00:25:40.607889+00:00 [queued]>
[2025-10-07T00:25:43.027+0000] {taskinstance.py:1308} INFO - Starting attempt 1 of 2
[2025-10-07T00:25:43.056+0000] {taskinstance.py:1327} INFO - Executing <Task(PythonOperator): fetch_teams> on 2025-10-07 00:25:40.607889+00:00
[2025-10-07T00:25:43.067+0000] {standard_task_runner.py:57} INFO - Started process 985 to run task
[2025-10-07T00:25:43.073+0000] {standard_task_runner.py:84} INFO - Running: ['airflow', 'tasks', 'run', 'fpl_etl_pipeline', 'fetch_teams', 'manual__2025-10-07T00:25:40.607889+00:00', '--job-id', '17', '--raw', '--subdir', 'DAGS_FOLDER/fpl_etl_pipeline.py', '--cfg-path', '/tmp/tmpkqei6w0q']
[2025-10-07T00:25:43.076+0000] {standard_task_runner.py:85} INFO - Job 17: Subtask fetch_teams
[2025-10-07T00:25:43.204+0000] {task_command.py:410} INFO - Running <TaskInstance: fpl_etl_pipeline.fetch_teams manual__2025-10-07T00:25:40.607889+00:00 [running]> on host 3bca3fdb3451
[2025-10-07T00:25:43.370+0000] {taskinstance.py:1547} INFO - Exporting env vars: AIRFLOW_CTX_DAG_OWNER='richardilemon' AIRFLOW_CTX_DAG_ID='fpl_etl_pipeline' AIRFLOW_CTX_TASK_ID='fetch_teams' AIRFLOW_CTX_EXECUTION_DATE='2025-10-07T00:25:40.607889+00:00' AIRFLOW_CTX_TRY_NUMBER='1' AIRFLOW_CTX_DAG_RUN_ID='manual__2025-10-07T00:25:40.607889+00:00'
[2025-10-07T00:25:43.397+0000] {base.py:73} INFO - Using connection ID 'fpl_db_conn' for task execution.
[2025-10-07T00:25:43.409+0000] {db_config.py:33} INFO - Database Connection Established
[2025-10-07T00:25:44.604+0000] {python.py:183} INFO - Done. Returned value was: (<connection object at 0x7f69022dd590; dsn: 'user=richardilemon password=xxx dbname='' host=postgres port=5433', closed: 0>, [{'code': 3, 'draw': 0, 'form': None, 'id': 1, 'loss': 0, 'name': 'Arsenal', 'played': 0, 'points': 0, 'position': 1, 'short_name': 'ARS', 'strength': 4, 'team_division': None, 'unavailable': False, 'win': 0, 'strength_overall_home': 1320, 'strength_overall_away': 1325, 'strength_attack_home': 1350, 'strength_attack_away': 1350, 'strength_defence_home': 1290, 'strength_defence_away': 1300, 'pulse_id': 1}, {'code': 7, 'draw': 0, 'form': None, 'id': 2, 'loss': 0, 'name': 'Aston Villa', 'played': 0, 'points': 0, 'position': 13, 'short_name': 'AVL', 'strength': 3, 'team_division': None, 'unavailable': False, 'win': 0, 'strength_overall_home': 1125, 'strength_overall_away': 1250, 'strength_attack_home': 1110, 'strength_attack_away': 1200, 'strength_defence_home': 1140, 'strength_defence_away': 1300, 'pulse_id': 2}, {'code': 90, 'draw': 0, 'form': None, 'id': 3, 'loss': 0, 'name': 'Burnley', 'played': 0, 'points': 0, 'position': 18, 'short_name': 'BUR', 'strength': 2, 'team_division': None, 'unavailable': False, 'win': 0, 'strength_overall_home': 1050, 'strength_overall_away': 1050, 'strength_attack_home': 1050, 'strength_attack_away': 1050, 'strength_defence_home': 1050, 'strength_defence_away': 1050, 'pulse_id': 43}, {'code': 91, 'draw': 0, 'form': None, 'id': 4, 'loss': 0, 'name': 'Bournemouth', 'played': 0, 'points': 0, 'position': 4, 'short_name': 'BOU', 'strength': 3, 'team_division': None, 'unavailable': False, 'win': 0, 'strength_overall_home': 1150, 'strength_overall_away': 1180, 'strength_attack_home': 1100, 'strength_attack_away': 1160, 'strength_defence_home': 1200, 'strength_defence_away': 1200, 'pulse_id': 127}, {'code': 94, 'draw': 0, 'form': None, 'id': 5, 'loss': 0, 'name': 'Brentford', 'played': 0, 'points': 0, 'position': 16, 'short_name': 'BRE', 'strength': 3, 'team_division': None, 'unavailable': False, 'win': 0, 'strength_overall_home': 1120, 'strength_overall_away': 1185, 'strength_attack_home': 1080, 'strength_attack_away': 1080, 'strength_defence_home': 1160, 'strength_defence_away': 1290, 'pulse_id': 130}, {'code': 36, 'draw': 0, 'form': None, 'id': 6, 'loss': 0, 'name': 'Brighton', 'played': 0, 'points': 0, 'position': 12, 'short_name': 'BHA', 'strength': 3, 'team_division': None, 'unavailable': False, 'win': 0, 'strength_overall_home': 1150, 'strength_overall_away': 1175, 'strength_attack_home': 1090, 'strength_attack_away': 1140, 'strength_defence_home': 1210, 'strength_defence_away': 1210, 'pulse_id': 131}, {'code': 8, 'draw': 0, 'form': None, 'id': 7, 'loss': 0, 'name': 'Chelsea', 'played': 0, 'points': 0, 'position': 7, 'short_name': 'CHE', 'strength': 4, 'team_division': None, 'unavailable': False, 'win': 0, 'strength_overall_home': 1185, 'strength_overall_away': 1245, 'strength_attack_home': 1150, 'strength_attack_away': 1190, 'strength_defence_home': 1220, 'strength_defence_away': 1300, 'pulse_id': 4}, {'code': 31, 'draw': 0, 'form': None, 'id': 8, 'loss': 0, 'name': 'Crystal Palace', 'played': 0, 'points': 0, 'position': 6, 'short_name': 'CRY', 'strength': 3, 'team_division': None, 'unavailable': False, 'win': 0, 'strength_overall_home': 1140, 'strength_overall_away': 1160, 'strength_attack_home': 1120, 'strength_attack_away': 1130, 'strength_defence_home': 1160, 'strength_defence_away': 1190, 'pulse_id': 6}, {'code': 11, 'draw': 0, 'form': None, 'id': 9, 'loss': 0, 'name': 'Everton', 'played': 0, 'points': 0, 'position': 8, 'short_name': 'EVE', 'strength': 3, 'team_division': None, 'unavailable': False, 'win': 0, 'strength_overall_home': 1100, 'strength_overall_away': 1115, 'strength_attack_home': 1140, 'strength_attack_away': 1140, 'strength_defence_home': 1060, 'strength_defence_away': 1090, 'pulse_id': 7}, {'code': 54, 'draw': 0, 'form': None, 'id': 10, 'loss': 0, 'name': 'Fulham', 'played': 0, 'points': 0, 'position': 14, 'short_name': 'FUL', 'strength': 3, 'team_division': None, 'unavailable': False, 'win': 0, 'strength_overall_home': 1125, 'strength_overall_away': 1125, 'strength_attack_home': 1130, 'strength_attack_away': 1130, 'strength_defence_home': 1120, 'strength_defence_away': 1120, 'pulse_id': 34}, {'code': 2, 'draw': 0, 'form': None, 'id': 11, 'loss': 0, 'name': 'Leeds', 'played': 0, 'points': 0, 'position': 15, 'short_name': 'LEE', 'strength': 2, 'team_division': None, 'unavailable': False, 'win': 0, 'strength_overall_home': 1050, 'strength_overall_away': 1075, 'strength_attack_home': 1050, 'strength_attack_away': 1050, 'strength_defence_home': 1050, 'strength_defence_away': 1100, 'pulse_id': 9}, {'code': 14, 'draw': 0, 'form': None, 'id': 12, 'loss': 0, 'name': 'Liverpool', 'played': 0, 'points': 0, 'position': 2, 'short_name': 'LIV', 'strength': 5, 'team_division': None, 'unavailable': False, 'win': 0, 'strength_overall_home': 1335, 'strength_overall_away': 1355, 'strength_attack_home': 1290, 'strength_attack_away': 1330, 'strength_defence_home': 1380, 'strength_defence_away': 1380, 'pulse_id': 10}, {'code': 43, 'draw': 0, 'form': None, 'id': 13, 'loss': 0, 'name': 'Man City', 'played': 0, 'points': 0, 'position': 5, 'short_name': 'MCI', 'strength': 4, 'team_division': None, 'unavailable': False, 'win': 0, 'strength_overall_home': 1275, 'strength_overall_away': 1315, 'strength_attack_home': 1250, 'strength_attack_away': 1250, 'strength_defence_home': 1300, 'strength_defence_away': 1380, 'pulse_id': 11}, {'code': 1, 'draw': 0, 'form': None, 'id': 14, 'loss': 0, 'name': 'Man Utd', 'played': 0, 'points': 0, 'position': 10, 'short_name': 'MUN', 'strength': 3, 'team_division': None, 'unavailable': False, 'win': 0, 'strength_overall_home': 1105, 'strength_overall_away': 1125, 'strength_attack_home': 1110, 'strength_attack_away': 1110, 'strength_defence_home': 1100, 'strength_defence_away': 1140, 'pulse_id': 12}, {'code': 4, 'draw': 0, 'form': None, 'id': 15, 'loss': 0, 'name': 'Newcastle', 'played': 0, 'points': 0, 'position': 11, 'short_name': 'NEW', 'strength': 4, 'team_division': None, 'unavailable': False, 'win': 0, 'strength_overall_home': 1185, 'strength_overall_away': 1245, 'strength_attack_home': 1130, 'strength_attack_away': 1170, 'strength_defence_home': 1240, 'strength_defence_away': 1320, 'pulse_id': 23}, {'code': 17, 'draw': 0, 'form': None, 'id': 16, 'loss': 0, 'name': "Nott'm Forest", 'played': 0, 'points': 0, 'position': 17, 'short_name': 'NFO', 'strength': 3, 'team_division': None, 'unavailable': False, 'win': 0, 'strength_overall_home': 1165, 'strength_overall_away': 1205, 'strength_attack_home': 1150, 'strength_attack_away': 1230, 'strength_defence_home': 1180, 'strength_defence_away': 1180, 'pulse_id': 15}, {'code': 56, 'draw': 0, 'form': None, 'id': 17, 'loss': 0, 'name': 'Sunderland', 'played': 0, 'points': 0, 'position': 9, 'short_name': 'SUN', 'strength': 2, 'team_division': None, 'unavailable': False, 'win': 0, 'strength_overall_home': 1050, 'strength_overall_away': 1050, 'strength_attack_home': 1050, 'strength_attack_away': 1050, 'strength_defence_home': 1050, 'strength_defence_away': 1050, 'pulse_id': 29}, {'code': 6, 'draw': 0, 'form': None, 'id': 18, 'loss': 0, 'name': 'Spurs', 'played': 0, 'points': 0, 'position': 3, 'short_name': 'TOT', 'strength': 3, 'team_division': None, 'unavailable': False, 'win': 0, 'strength_overall_home': 1130, 'strength_overall_away': 1175, 'strength_attack_home': 1100, 'strength_attack_away': 1100, 'strength_defence_home': 1160, 'strength_defence_away': 1250, 'pulse_id': 21}, {'code': 21, 'draw': 0, 'form': None, 'id': 19, 'loss': 0, 'name': 'West Ham', 'played': 0, 'points': 0, 'position': 19, 'short_name': 'WHU', 'strength': 3, 'team_division': None, 'unavailable': False, 'win': 0, 'strength_overall_home': 1100, 'strength_overall_away': 1100, 'strength_attack_home': 1100, 'strength_attack_away': 1100, 'strength_defence_home': 1100, 'strength_defence_away': 1100, 'pulse_id': 25}, {'code': 39, 'draw': 0, 'form': None, 'id': 20, 'loss': 0, 'name': 'Wolves', 'played': 0, 'points': 0, 'position': 20, 'short_name': 'WOL', 'strength': 3, 'team_division': None, 'unavailable': False, 'win': 0, 'strength_overall_home': 1100, 'strength_overall_away': 1125, 'strength_attack_home': 1080, 'strength_attack_away': 1100, 'strength_defence_home': 1120, 'strength_defence_away': 1150, 'pulse_id': 38}])
[2025-10-07T00:25:44.682+0000] {xcom.py:640} ERROR - Object of type tuple is not JSON serializable. If you are using pickle instead of JSON for XCom, then you need to enable pickle support for XCom in your airflow config or make sure to decorate your object with attr.
[2025-10-07T00:25:44.691+0000] {taskinstance.py:1824} ERROR - Task failed with exception
Traceback (most recent call last):
  File "/home/airflow/.local/lib/python3.7/site-packages/airflow/utils/json.py", line 91, in default
    return serialize(o)
  File "/home/airflow/.local/lib/python3.7/site-packages/airflow/serialization/serde.py", line 145, in serialize
    return encode(classname, version, serialize(data, depth + 1))
  File "/home/airflow/.local/lib/python3.7/site-packages/airflow/serialization/serde.py", line 124, in serialize
    return [serialize(d, depth + 1) for d in o]
  File "/home/airflow/.local/lib/python3.7/site-packages/airflow/serialization/serde.py", line 124, in <listcomp>
    return [serialize(d, depth + 1) for d in o]
  File "/home/airflow/.local/lib/python3.7/site-packages/airflow/serialization/serde.py", line 172, in serialize
    raise TypeError(f"cannot serialize object of type {cls}")
TypeError: cannot serialize object of type <class 'psycopg2.extensions.connection'>

During handling of the above exception, another exception occurred:

Traceback (most recent call last):
  File "/home/airflow/.local/lib/python3.7/site-packages/airflow/utils/session.py", line 73, in wrapper
    return func(*args, **kwargs)
  File "/home/airflow/.local/lib/python3.7/site-packages/airflow/models/taskinstance.py", line 2361, in xcom_push
    session=session,
  File "/home/airflow/.local/lib/python3.7/site-packages/airflow/utils/session.py", line 73, in wrapper
    return func(*args, **kwargs)
  File "/home/airflow/.local/lib/python3.7/site-packages/airflow/models/xcom.py", line 243, in set
    map_index=map_index,
  File "/home/airflow/.local/lib/python3.7/site-packages/airflow/models/xcom.py", line 632, in serialize_value
    return json.dumps(value, cls=XComEncoder).encode("UTF-8")
  File "/usr/local/lib/python3.7/json/__init__.py", line 238, in dumps
    **kw).encode(obj)
  File "/home/airflow/.local/lib/python3.7/site-packages/airflow/utils/json.py", line 102, in encode
    o = self.default(o)
  File "/home/airflow/.local/lib/python3.7/site-packages/airflow/utils/json.py", line 93, in default
    return super().default(o)
  File "/usr/local/lib/python3.7/json/encoder.py", line 179, in default
    raise TypeError(f'Object of type {o.__class__.__name__} '
TypeError: Object of type tuple is not JSON serializable
[2025-10-07T00:25:44.770+0000] {taskinstance.py:1350} INFO - Marking task as UP_FOR_RETRY. dag_id=fpl_etl_pipeline, task_id=fetch_teams, execution_date=20251007T002540, start_date=20251007T002543, end_date=20251007T002544
[2025-10-07T00:25:44.847+0000] {standard_task_runner.py:109} ERROR - Failed to execute job 17 for task fetch_teams (Object of type tuple is not JSON serializable; 985)
[2025-10-07T00:25:44.907+0000] {local_task_job_runner.py:225} INFO - Task exited with return code 1
[2025-10-07T00:25:44.983+0000] {taskinstance.py:2653} INFO - 0 downstream tasks scheduled from follow-on schedule check
