[2025-10-07T16:18:57.484+0000] {taskinstance.py:1103} INFO - Dependencies all met for dep_context=non-requeueable deps ti=<TaskInstance: fpl_etl_pipeline.create_teams_table manual__2025-10-07T16:18:55.325038+00:00 [queued]>
[2025-10-07T16:18:57.497+0000] {taskinstance.py:1103} INFO - Dependencies all met for dep_context=requeueable deps ti=<TaskInstance: fpl_etl_pipeline.create_teams_table manual__2025-10-07T16:18:55.325038+00:00 [queued]>
[2025-10-07T16:18:57.498+0000] {taskinstance.py:1308} INFO - Starting attempt 1 of 2
[2025-10-07T16:18:57.521+0000] {taskinstance.py:1327} INFO - Executing <Task(PostgresOperator): create_teams_table> on 2025-10-07 16:18:55.325038+00:00
[2025-10-07T16:18:57.526+0000] {standard_task_runner.py:57} INFO - Started process 1695 to run task
[2025-10-07T16:18:57.530+0000] {standard_task_runner.py:84} INFO - Running: ['airflow', 'tasks', 'run', 'fpl_etl_pipeline', 'create_teams_table', 'manual__2025-10-07T16:18:55.325038+00:00', '--job-id', '94', '--raw', '--subdir', 'DAGS_FOLDER/fpl_etl_pipeline.py', '--cfg-path', '/tmp/tmpmx6c81u2']
[2025-10-07T16:18:57.532+0000] {standard_task_runner.py:85} INFO - Job 94: Subtask create_teams_table
[2025-10-07T16:18:57.603+0000] {task_command.py:410} INFO - Running <TaskInstance: fpl_etl_pipeline.create_teams_table manual__2025-10-07T16:18:55.325038+00:00 [running]> on host f44e38d8e384
[2025-10-07T16:18:57.769+0000] {taskinstance.py:1547} INFO - Exporting env vars: AIRFLOW_CTX_DAG_OWNER='richardilemon' AIRFLOW_CTX_DAG_ID='fpl_etl_pipeline' AIRFLOW_CTX_TASK_ID='create_teams_table' AIRFLOW_CTX_EXECUTION_DATE='2025-10-07T16:18:55.325038+00:00' AIRFLOW_CTX_TRY_NUMBER='1' AIRFLOW_CTX_DAG_RUN_ID='manual__2025-10-07T16:18:55.325038+00:00'
[2025-10-07T16:18:57.771+0000] {sql.py:265} INFO - Executing: 
        CREATE TABLE IF NOT EXISTS teams (
            season TEXT,
            code INTEGER,
            id INTEGER,
            name TEXT,
            short_name TEXT,
            strength_overall_home INTEGER,
            strength_overall_away INTEGER,
            strength_attack_home INTEGER,
            strength_attack_away INTEGER,
            strength_defence_home INTEGER,
            strength_defence_away INTEGER,
            strength INTEGER,
            PRIMARY KEY (season, code)
        );
[2025-10-07T16:18:57.790+0000] {base.py:73} INFO - Using connection ID 'fpl_db_conn' for task execution.
[2025-10-07T16:18:57.908+0000] {base.py:73} INFO - Using connection ID 'fpl_db_conn' for task execution.
[2025-10-07T16:18:57.920+0000] {sql.py:375} INFO - Running statement: 
        CREATE TABLE IF NOT EXISTS teams (
            season TEXT,
            code INTEGER,
            id INTEGER,
            name TEXT,
            short_name TEXT,
            strength_overall_home INTEGER,
            strength_overall_away INTEGER,
            strength_attack_home INTEGER,
            strength_attack_away INTEGER,
            strength_defence_home INTEGER,
            strength_defence_away INTEGER,
            strength INTEGER,
            PRIMARY KEY (season, code)
        );, parameters: None
[2025-10-07T16:18:57.941+0000] {taskinstance.py:1350} INFO - Marking task as SUCCESS. dag_id=fpl_etl_pipeline, task_id=create_teams_table, execution_date=20251007T161855, start_date=20251007T161857, end_date=20251007T161857
[2025-10-07T16:18:57.983+0000] {local_task_job_runner.py:225} INFO - Task exited with return code 0
[2025-10-07T16:18:58.022+0000] {taskinstance.py:2653} INFO - 1 downstream tasks scheduled from follow-on schedule check
