[2025-10-07T09:44:42.684+0000] {taskinstance.py:1103} INFO - Dependencies all met for dep_context=non-requeueable deps ti=<TaskInstance: fpl_etl_pipeline.create_teams_table manual__2025-10-07T09:39:34.749701+00:00 [queued]>
[2025-10-07T09:44:42.699+0000] {taskinstance.py:1103} INFO - Dependencies all met for dep_context=requeueable deps ti=<TaskInstance: fpl_etl_pipeline.create_teams_table manual__2025-10-07T09:39:34.749701+00:00 [queued]>
[2025-10-07T09:44:42.699+0000] {taskinstance.py:1308} INFO - Starting attempt 2 of 2
[2025-10-07T09:44:42.722+0000] {taskinstance.py:1327} INFO - Executing <Task(PythonOperator): create_teams_table> on 2025-10-07 09:39:34.749701+00:00
[2025-10-07T09:44:42.727+0000] {standard_task_runner.py:57} INFO - Started process 3909 to run task
[2025-10-07T09:44:42.732+0000] {standard_task_runner.py:84} INFO - Running: ['airflow', 'tasks', 'run', 'fpl_etl_pipeline', 'create_teams_table', 'manual__2025-10-07T09:39:34.749701+00:00', '--job-id', '75', '--raw', '--subdir', 'DAGS_FOLDER/fpl_etl_pipeline.py', '--cfg-path', '/tmp/tmpmu9_aj39']
[2025-10-07T09:44:42.736+0000] {standard_task_runner.py:85} INFO - Job 75: Subtask create_teams_table
[2025-10-07T09:44:42.811+0000] {task_command.py:410} INFO - Running <TaskInstance: fpl_etl_pipeline.create_teams_table manual__2025-10-07T09:39:34.749701+00:00 [running]> on host 87086c9410a5
[2025-10-07T09:44:42.968+0000] {taskinstance.py:1547} INFO - Exporting env vars: AIRFLOW_CTX_DAG_OWNER='richardilemon' AIRFLOW_CTX_DAG_ID='fpl_etl_pipeline' AIRFLOW_CTX_TASK_ID='create_teams_table' AIRFLOW_CTX_EXECUTION_DATE='2025-10-07T09:39:34.749701+00:00' AIRFLOW_CTX_TRY_NUMBER='2' AIRFLOW_CTX_DAG_RUN_ID='manual__2025-10-07T09:39:34.749701+00:00'
[2025-10-07T09:44:43.003+0000] {base.py:73} INFO - Using connection ID 'fpl_db_conn' for task execution.
[2025-10-07T09:44:43.017+0000] {db_config.py:33} INFO - Database Connection Established
[2025-10-07T09:44:43.018+0000] {db_config.py:43} ERROR - Failed to connect to database: create_teams_table() got multiple values for keyword argument 'conn'
[2025-10-07T09:44:43.019+0000] {taskinstance.py:1824} ERROR - Task failed with exception
Traceback (most recent call last):
  File "/home/airflow/.local/lib/python3.7/site-packages/airflow/operators/python.py", line 181, in execute
    return_value = self.execute_callable()
  File "/home/airflow/.local/lib/python3.7/site-packages/airflow/operators/python.py", line 198, in execute_callable
    return self.python_callable(*self.op_args, **self.op_kwargs)
  File "/opt/airflow/scripts/db_config.py", line 35, in wrapper
    result = func(conn=conn, *args, **kwargs)  # fetch_teams_data(_connection)
TypeError: create_teams_table() got multiple values for keyword argument 'conn'
[2025-10-07T09:44:43.043+0000] {taskinstance.py:1350} INFO - Marking task as FAILED. dag_id=fpl_etl_pipeline, task_id=create_teams_table, execution_date=20251007T093934, start_date=20251007T094442, end_date=20251007T094443
[2025-10-07T09:44:43.064+0000] {standard_task_runner.py:109} ERROR - Failed to execute job 75 for task create_teams_table (create_teams_table() got multiple values for keyword argument 'conn'; 3909)
[2025-10-07T09:44:43.105+0000] {local_task_job_runner.py:225} INFO - Task exited with return code 1
[2025-10-07T09:44:43.135+0000] {taskinstance.py:2653} INFO - 0 downstream tasks scheduled from follow-on schedule check
