[2025-10-29T22:32:33.447+0000] {taskinstance.py:1103} INFO - Dependencies all met for dep_context=non-requeueable deps ti=<TaskInstance: fpl_gameweeks_etl.match_code_task manual__2025-10-29T22:32:25.405623+00:00 [queued]>
[2025-10-29T22:32:33.467+0000] {taskinstance.py:1103} INFO - Dependencies all met for dep_context=requeueable deps ti=<TaskInstance: fpl_gameweeks_etl.match_code_task manual__2025-10-29T22:32:25.405623+00:00 [queued]>
[2025-10-29T22:32:33.468+0000] {taskinstance.py:1308} INFO - Starting attempt 1 of 2
[2025-10-29T22:32:33.496+0000] {taskinstance.py:1327} INFO - Executing <Task(_PythonDecoratedOperator): match_code_task> on 2025-10-29 22:32:25.405623+00:00
[2025-10-29T22:32:33.502+0000] {standard_task_runner.py:57} INFO - Started process 3424 to run task
[2025-10-29T22:32:33.509+0000] {standard_task_runner.py:84} INFO - Running: ['airflow', 'tasks', 'run', 'fpl_gameweeks_etl', 'match_code_task', 'manual__2025-10-29T22:32:25.405623+00:00', '--job-id', '1916', '--raw', '--subdir', 'DAGS_FOLDER/fpl_gameweeks_dag.py', '--cfg-path', '/tmp/tmp_cni88jz']
[2025-10-29T22:32:33.511+0000] {standard_task_runner.py:85} INFO - Job 1916: Subtask match_code_task
[2025-10-29T22:32:33.922+0000] {task_command.py:410} INFO - Running <TaskInstance: fpl_gameweeks_etl.match_code_task manual__2025-10-29T22:32:25.405623+00:00 [running]> on host 27ecd0db3cbd
[2025-10-29T22:32:34.171+0000] {taskinstance.py:1547} INFO - Exporting env vars: AIRFLOW_CTX_DAG_OWNER='richardilemon' AIRFLOW_CTX_DAG_ID='fpl_gameweeks_etl' AIRFLOW_CTX_TASK_ID='match_code_task' AIRFLOW_CTX_EXECUTION_DATE='2025-10-29T22:32:25.405623+00:00' AIRFLOW_CTX_TRY_NUMBER='1' AIRFLOW_CTX_DAG_RUN_ID='manual__2025-10-29T22:32:25.405623+00:00'
[2025-10-29T22:32:34.172+0000] {taskinstance.py:1824} ERROR - Task failed with exception
Traceback (most recent call last):
  File "/home/airflow/.local/lib/python3.7/site-packages/airflow/decorators/base.py", line 220, in execute
    return_value = super().execute(context)
  File "/home/airflow/.local/lib/python3.7/site-packages/airflow/operators/python.py", line 181, in execute
    return_value = self.execute_callable()
  File "/home/airflow/.local/lib/python3.7/site-packages/airflow/operators/python.py", line 198, in execute_callable
    return self.python_callable(*self.op_args, **self.op_kwargs)
  File "/opt/airflow/dags/fpl_gameweeks_dag.py", line 144, in match_code_task
    return match_team_code(fixtures)
  File "/opt/airflow/scripts/load_player_gameweek_stats.py", line 103, in match_team_code
    fixtures = list(fixtures.get("csv"))
AttributeError: 'LazyXComAccess' object has no attribute 'get'
[2025-10-29T22:32:34.195+0000] {taskinstance.py:1350} INFO - Marking task as UP_FOR_RETRY. dag_id=fpl_gameweeks_etl, task_id=match_code_task, execution_date=20251029T223225, start_date=20251029T223233, end_date=20251029T223234
[2025-10-29T22:32:34.211+0000] {standard_task_runner.py:109} ERROR - Failed to execute job 1916 for task match_code_task ('LazyXComAccess' object has no attribute 'get'; 3424)
[2025-10-29T22:32:34.247+0000] {local_task_job_runner.py:225} INFO - Task exited with return code 1
[2025-10-29T22:32:37.065+0000] {taskinstance.py:2653} INFO - 0 downstream tasks scheduled from follow-on schedule check
