[2025-10-29T22:37:36.094+0000] {taskinstance.py:1103} INFO - Dependencies all met for dep_context=non-requeueable deps ti=<TaskInstance: fpl_gameweeks_etl.match_code_task manual__2025-10-29T22:32:25.405623+00:00 [queued]>
[2025-10-29T22:37:36.155+0000] {taskinstance.py:1103} INFO - Dependencies all met for dep_context=requeueable deps ti=<TaskInstance: fpl_gameweeks_etl.match_code_task manual__2025-10-29T22:32:25.405623+00:00 [queued]>
[2025-10-29T22:37:36.157+0000] {taskinstance.py:1308} INFO - Starting attempt 2 of 2
[2025-10-29T22:37:36.481+0000] {taskinstance.py:1327} INFO - Executing <Task(_PythonDecoratedOperator): match_code_task> on 2025-10-29 22:32:25.405623+00:00
[2025-10-29T22:37:36.487+0000] {standard_task_runner.py:57} INFO - Started process 3771 to run task
[2025-10-29T22:37:36.494+0000] {standard_task_runner.py:84} INFO - Running: ['airflow', 'tasks', 'run', 'fpl_gameweeks_etl', 'match_code_task', 'manual__2025-10-29T22:32:25.405623+00:00', '--job-id', '1942', '--raw', '--subdir', 'DAGS_FOLDER/fpl_gameweeks_dag.py', '--cfg-path', '/tmp/tmp8p7xmo85']
[2025-10-29T22:37:36.496+0000] {standard_task_runner.py:85} INFO - Job 1942: Subtask match_code_task
[2025-10-29T22:37:36.764+0000] {task_command.py:410} INFO - Running <TaskInstance: fpl_gameweeks_etl.match_code_task manual__2025-10-29T22:32:25.405623+00:00 [running]> on host 27ecd0db3cbd
[2025-10-29T22:37:37.139+0000] {taskinstance.py:1547} INFO - Exporting env vars: AIRFLOW_CTX_DAG_OWNER='richardilemon' AIRFLOW_CTX_DAG_ID='fpl_gameweeks_etl' AIRFLOW_CTX_TASK_ID='match_code_task' AIRFLOW_CTX_EXECUTION_DATE='2025-10-29T22:32:25.405623+00:00' AIRFLOW_CTX_TRY_NUMBER='2' AIRFLOW_CTX_DAG_RUN_ID='manual__2025-10-29T22:32:25.405623+00:00'
[2025-10-29T22:37:37.144+0000] {taskinstance.py:1824} ERROR - Task failed with exception
Traceback (most recent call last):
  File "/home/airflow/.local/lib/python3.7/site-packages/airflow/decorators/base.py", line 220, in execute
    return_value = super().execute(context)
  File "/home/airflow/.local/lib/python3.7/site-packages/airflow/operators/python.py", line 181, in execute
    return_value = self.execute_callable()
  File "/home/airflow/.local/lib/python3.7/site-packages/airflow/operators/python.py", line 198, in execute_callable
    return self.python_callable(*self.op_args, **self.op_kwargs)
  File "/opt/airflow/dags/fpl_gameweeks_dag.py", line 144, in match_code_task
    return match_team_code(fixtures)
  File "/opt/airflow/scripts/load_player_gameweek_stats.py", line 103, in match_team_code
    kickoff_time = datetime.strptime(kickoff_time_str, "%Y-%m-%dT%H:%M:%SZ")
TypeError: strptime() argument 1 must be str, not None
[2025-10-29T22:37:37.189+0000] {taskinstance.py:1350} INFO - Marking task as FAILED. dag_id=fpl_gameweeks_etl, task_id=match_code_task, execution_date=20251029T223225, start_date=20251029T223736, end_date=20251029T223737
[2025-10-29T22:37:37.241+0000] {standard_task_runner.py:109} ERROR - Failed to execute job 1942 for task match_code_task (strptime() argument 1 must be str, not None; 3771)
[2025-10-29T22:37:37.271+0000] {local_task_job_runner.py:225} INFO - Task exited with return code 1
[2025-10-29T22:37:37.323+0000] {taskinstance.py:2653} INFO - 0 downstream tasks scheduled from follow-on schedule check
