[2025-10-26T08:30:07.056+0000] {taskinstance.py:1103} INFO - Dependencies all met for dep_context=non-requeueable deps ti=<TaskInstance: fpl_players_etl.load_players_task scheduled__2025-10-25T00:00:00+00:00 [queued]>
[2025-10-26T08:30:07.072+0000] {taskinstance.py:1103} INFO - Dependencies all met for dep_context=requeueable deps ti=<TaskInstance: fpl_players_etl.load_players_task scheduled__2025-10-25T00:00:00+00:00 [queued]>
[2025-10-26T08:30:07.073+0000] {taskinstance.py:1308} INFO - Starting attempt 1 of 2
[2025-10-26T08:30:07.120+0000] {taskinstance.py:1327} INFO - Executing <Task(_PythonDecoratedOperator): load_players_task> on 2025-10-25 00:00:00+00:00
[2025-10-26T08:30:07.132+0000] {standard_task_runner.py:57} INFO - Started process 624 to run task
[2025-10-26T08:30:07.140+0000] {standard_task_runner.py:84} INFO - Running: ['airflow', 'tasks', 'run', 'fpl_players_etl', 'load_players_task', 'scheduled__2025-10-25T00:00:00+00:00', '--job-id', '6725', '--raw', '--subdir', 'DAGS_FOLDER/fpl_players_dag.py', '--cfg-path', '/tmp/tmp7zzlzcdr']
[2025-10-26T08:30:07.595+0000] {standard_task_runner.py:85} INFO - Job 6725: Subtask load_players_task
[2025-10-26T08:30:07.766+0000] {task_command.py:410} INFO - Running <TaskInstance: fpl_players_etl.load_players_task scheduled__2025-10-25T00:00:00+00:00 [running]> on host accc60bed825
[2025-10-26T08:30:08.156+0000] {taskinstance.py:1547} INFO - Exporting env vars: AIRFLOW_CTX_DAG_OWNER='richardilemon' AIRFLOW_CTX_DAG_ID='fpl_players_etl' AIRFLOW_CTX_TASK_ID='load_players_task' AIRFLOW_CTX_EXECUTION_DATE='2025-10-25T00:00:00+00:00' AIRFLOW_CTX_TRY_NUMBER='1' AIRFLOW_CTX_DAG_RUN_ID='scheduled__2025-10-25T00:00:00+00:00'
[2025-10-26T08:30:08.185+0000] {base.py:73} INFO - Using connection ID 'fpl_db_conn' for task execution.
[2025-10-26T08:30:08.201+0000] {db_config.py:51} INFO - Database Connection Established
[2025-10-26T08:30:08.202+0000] {db_config.py:61} ERROR - Failed to connect to database: 'NoneType' object is not iterable
[2025-10-26T08:30:08.203+0000] {taskinstance.py:1824} ERROR - Task failed with exception
Traceback (most recent call last):
  File "/home/airflow/.local/lib/python3.7/site-packages/airflow/decorators/base.py", line 220, in execute
    return_value = super().execute(context)
  File "/home/airflow/.local/lib/python3.7/site-packages/airflow/operators/python.py", line 181, in execute
    return_value = self.execute_callable()
  File "/home/airflow/.local/lib/python3.7/site-packages/airflow/operators/python.py", line 198, in execute_callable
    return self.python_callable(*self.op_args, **self.op_kwargs)
  File "/opt/airflow/dags/fpl_players_dag.py", line 58, in load_players_task
    return load_players(players)
  File "/opt/airflow/scripts/utils/db_config.py", line 53, in wrapper
    result = func(connection, *args, **kwargs)  # fetch_teams_data(_connection)
  File "/opt/airflow/scripts/load_players.py", line 23, in load_players
    for player in players:
TypeError: 'NoneType' object is not iterable
[2025-10-26T08:30:08.316+0000] {taskinstance.py:1350} INFO - Marking task as UP_FOR_RETRY. dag_id=fpl_players_etl, task_id=load_players_task, execution_date=20251025T000000, start_date=20251026T083007, end_date=20251026T083008
[2025-10-26T08:30:08.342+0000] {standard_task_runner.py:109} ERROR - Failed to execute job 6725 for task load_players_task ('NoneType' object is not iterable; 624)
[2025-10-26T08:30:08.368+0000] {local_task_job_runner.py:225} INFO - Task exited with return code 1
[2025-10-26T08:30:08.651+0000] {taskinstance.py:2653} INFO - 0 downstream tasks scheduled from follow-on schedule check
