[2025-10-09T11:46:36.794+0000] {taskinstance.py:1103} INFO - Dependencies all met for dep_context=non-requeueable deps ti=<TaskInstance: fpl_etl_pipeline.create_gameweeks_table manual__2025-10-09T11:46:21.649999+00:00 [queued]>
[2025-10-09T11:46:36.946+0000] {taskinstance.py:1103} INFO - Dependencies all met for dep_context=requeueable deps ti=<TaskInstance: fpl_etl_pipeline.create_gameweeks_table manual__2025-10-09T11:46:21.649999+00:00 [queued]>
[2025-10-09T11:46:36.947+0000] {taskinstance.py:1308} INFO - Starting attempt 1 of 2
[2025-10-09T11:46:36.971+0000] {taskinstance.py:1327} INFO - Executing <Task(PostgresOperator): create_gameweeks_table> on 2025-10-09 11:46:21.649999+00:00
[2025-10-09T11:46:36.976+0000] {standard_task_runner.py:57} INFO - Started process 1751 to run task
[2025-10-09T11:46:36.980+0000] {standard_task_runner.py:84} INFO - Running: ['airflow', 'tasks', 'run', 'fpl_etl_pipeline', 'create_gameweeks_table', 'manual__2025-10-09T11:46:21.649999+00:00', '--job-id', '313', '--raw', '--subdir', 'DAGS_FOLDER/fpl_etl_pipeline.py', '--cfg-path', '/tmp/tmptw7z_bq0']
[2025-10-09T11:46:36.981+0000] {standard_task_runner.py:85} INFO - Job 313: Subtask create_gameweeks_table
[2025-10-09T11:46:37.065+0000] {task_command.py:410} INFO - Running <TaskInstance: fpl_etl_pipeline.create_gameweeks_table manual__2025-10-09T11:46:21.649999+00:00 [running]> on host 671762379d36
[2025-10-09T11:46:37.235+0000] {taskinstance.py:1547} INFO - Exporting env vars: AIRFLOW_CTX_DAG_OWNER='richardilemon' AIRFLOW_CTX_DAG_ID='fpl_etl_pipeline' AIRFLOW_CTX_TASK_ID='create_gameweeks_table' AIRFLOW_CTX_EXECUTION_DATE='2025-10-09T11:46:21.649999+00:00' AIRFLOW_CTX_TRY_NUMBER='1' AIRFLOW_CTX_DAG_RUN_ID='manual__2025-10-09T11:46:21.649999+00:00'
[2025-10-09T11:46:37.236+0000] {sql.py:265} INFO - Executing: 
            CREATE TABLE IF NOT EXISTS game_weeks (
                season TEXT,
                gameweek INTEGER,
                deadline TIMESTAMP,
                PRIMARY KEY (season, gameweek)
            );
        
[2025-10-09T11:46:37.252+0000] {base.py:73} INFO - Using connection ID 'fpl_db_conn' for task execution.
[2025-10-09T11:46:37.355+0000] {base.py:73} INFO - Using connection ID 'fpl_db_conn' for task execution.
[2025-10-09T11:46:37.367+0000] {sql.py:375} INFO - Running statement: 
            CREATE TABLE IF NOT EXISTS game_weeks (
                season TEXT,
                gameweek INTEGER,
                deadline TIMESTAMP,
                PRIMARY KEY (season, gameweek)
            );
        , parameters: None
[2025-10-09T11:46:37.385+0000] {taskinstance.py:1350} INFO - Marking task as SUCCESS. dag_id=fpl_etl_pipeline, task_id=create_gameweeks_table, execution_date=20251009T114621, start_date=20251009T114636, end_date=20251009T114637
[2025-10-09T11:46:37.432+0000] {local_task_job_runner.py:225} INFO - Task exited with return code 0
[2025-10-09T11:46:37.511+0000] {taskinstance.py:2653} INFO - 6 downstream tasks scheduled from follow-on schedule check
