[2025-10-29T09:54:01.335+0000] {taskinstance.py:1103} INFO - Dependencies all met for dep_context=non-requeueable deps ti=<TaskInstance: fpl_gameweeks_etl.create_gameweeks_table manual__2025-10-29T09:53:59.418865+00:00 [queued]>
[2025-10-29T09:54:01.362+0000] {taskinstance.py:1103} INFO - Dependencies all met for dep_context=requeueable deps ti=<TaskInstance: fpl_gameweeks_etl.create_gameweeks_table manual__2025-10-29T09:53:59.418865+00:00 [queued]>
[2025-10-29T09:54:01.363+0000] {taskinstance.py:1308} INFO - Starting attempt 1 of 2
[2025-10-29T09:54:01.408+0000] {taskinstance.py:1327} INFO - Executing <Task(PostgresOperator): create_gameweeks_table> on 2025-10-29 09:53:59.418865+00:00
[2025-10-29T09:54:01.420+0000] {standard_task_runner.py:57} INFO - Started process 9773 to run task
[2025-10-29T09:54:01.430+0000] {standard_task_runner.py:84} INFO - Running: ['airflow', 'tasks', 'run', 'fpl_gameweeks_etl', 'create_gameweeks_table', 'manual__2025-10-29T09:53:59.418865+00:00', '--job-id', '776', '--raw', '--subdir', 'DAGS_FOLDER/fpl_gameweeks_dag.py', '--cfg-path', '/tmp/tmpsbbc47yb']
[2025-10-29T09:54:01.433+0000] {standard_task_runner.py:85} INFO - Job 776: Subtask create_gameweeks_table
[2025-10-29T09:54:02.126+0000] {task_command.py:410} INFO - Running <TaskInstance: fpl_gameweeks_etl.create_gameweeks_table manual__2025-10-29T09:53:59.418865+00:00 [running]> on host dede24b5451e
[2025-10-29T09:54:02.453+0000] {taskinstance.py:1547} INFO - Exporting env vars: AIRFLOW_CTX_DAG_OWNER='richardilemon' AIRFLOW_CTX_DAG_ID='fpl_gameweeks_etl' AIRFLOW_CTX_TASK_ID='create_gameweeks_table' AIRFLOW_CTX_EXECUTION_DATE='2025-10-29T09:53:59.418865+00:00' AIRFLOW_CTX_TRY_NUMBER='1' AIRFLOW_CTX_DAG_RUN_ID='manual__2025-10-29T09:53:59.418865+00:00'
[2025-10-29T09:54:02.457+0000] {sql.py:265} INFO - Executing: 
            CREATE TABLE IF NOT EXISTS game_weeks (
                season TEXT,
                gameweek INTEGER,
                deadline TIMESTAMP,
                PRIMARY KEY (season, gameweek)
            );
        
[2025-10-29T09:54:02.488+0000] {base.py:73} INFO - Using connection ID 'fpl_db_conn' for task execution.
[2025-10-29T09:54:02.591+0000] {base.py:73} INFO - Using connection ID 'fpl_db_conn' for task execution.
[2025-10-29T09:54:02.602+0000] {sql.py:375} INFO - Running statement: 
            CREATE TABLE IF NOT EXISTS game_weeks (
                season TEXT,
                gameweek INTEGER,
                deadline TIMESTAMP,
                PRIMARY KEY (season, gameweek)
            );
        , parameters: None
[2025-10-29T09:54:02.618+0000] {taskinstance.py:1350} INFO - Marking task as SUCCESS. dag_id=fpl_gameweeks_etl, task_id=create_gameweeks_table, execution_date=20251029T095359, start_date=20251029T095401, end_date=20251029T095402
[2025-10-29T09:54:02.665+0000] {local_task_job_runner.py:225} INFO - Task exited with return code 0
[2025-10-29T09:54:02.904+0000] {taskinstance.py:2653} INFO - 7 downstream tasks scheduled from follow-on schedule check
