[2025-10-29T10:17:09.880+0000] {taskinstance.py:1103} INFO - Dependencies all met for dep_context=non-requeueable deps ti=<TaskInstance: fpl_gameweeks_etl.fetch_players_gw_task manual__2025-10-29T10:16:47.335875+00:00 map_index=6 [queued]>
[2025-10-29T10:17:09.904+0000] {taskinstance.py:1103} INFO - Dependencies all met for dep_context=requeueable deps ti=<TaskInstance: fpl_gameweeks_etl.fetch_players_gw_task manual__2025-10-29T10:16:47.335875+00:00 map_index=6 [queued]>
[2025-10-29T10:17:09.905+0000] {taskinstance.py:1308} INFO - Starting attempt 1 of 2
[2025-10-29T10:17:10.262+0000] {taskinstance.py:1327} INFO - Executing <Mapped(_PythonDecoratedOperator): fetch_players_gw_task> on 2025-10-29 10:16:47.335875+00:00
[2025-10-29T10:17:10.273+0000] {standard_task_runner.py:57} INFO - Started process 11409 to run task
[2025-10-29T10:17:10.284+0000] {standard_task_runner.py:84} INFO - Running: ['airflow', 'tasks', 'run', 'fpl_gameweeks_etl', 'fetch_players_gw_task', 'manual__2025-10-29T10:16:47.335875+00:00', '--job-id', '913', '--raw', '--subdir', 'DAGS_FOLDER/fpl_gameweeks_dag.py', '--cfg-path', '/tmp/tmp137102wi', '--map-index', '6']
[2025-10-29T10:17:10.286+0000] {standard_task_runner.py:85} INFO - Job 913: Subtask fetch_players_gw_task
[2025-10-29T10:17:10.455+0000] {task_command.py:410} INFO - Running <TaskInstance: fpl_gameweeks_etl.fetch_players_gw_task manual__2025-10-29T10:16:47.335875+00:00 map_index=6 [running]> on host dede24b5451e
[2025-10-29T10:17:10.768+0000] {taskinstance.py:1547} INFO - Exporting env vars: AIRFLOW_CTX_DAG_OWNER='richardilemon' AIRFLOW_CTX_DAG_ID='fpl_gameweeks_etl' AIRFLOW_CTX_TASK_ID='fetch_players_gw_task' AIRFLOW_CTX_EXECUTION_DATE='2025-10-29T10:16:47.335875+00:00' AIRFLOW_CTX_TRY_NUMBER='1' AIRFLOW_CTX_DAG_RUN_ID='manual__2025-10-29T10:16:47.335875+00:00'
[2025-10-29T10:17:11.493+0000] {fetch_api_data.py:79} WARNING - Failed to fetch data for Petr_Cech_1: 404
[2025-10-29T10:17:12.159+0000] {fetch_api_data.py:79} WARNING - Failed to fetch data for Bernd_Leno_2: 404
[2025-10-29T10:17:12.769+0000] {fetch_api_data.py:79} WARNING - Failed to fetch data for Laurent_Koscielny_3: 404
[2025-10-29T10:17:13.463+0000] {fetch_api_data.py:79} WARNING - Failed to fetch data for Héctor_Bellerín_4: 404
[2025-10-29T10:17:14.045+0000] {fetch_api_data.py:79} WARNING - Failed to fetch data for Nacho_Monreal_5: 404
[2025-10-29T10:17:14.632+0000] {fetch_api_data.py:79} WARNING - Failed to fetch data for Rob_Holding_6: 404
[2025-10-29T10:17:15.241+0000] {fetch_api_data.py:79} WARNING - Failed to fetch data for Shkodran_Mustafi_7: 404
[2025-10-29T10:17:15.834+0000] {fetch_api_data.py:79} WARNING - Failed to fetch data for Sead_Kolasinac_8: 404
[2025-10-29T10:17:16.770+0000] {fetch_api_data.py:79} WARNING - Failed to fetch data for Konstantinos_Mavropanos_10: 404
[2025-10-29T10:17:17.813+0000] {fetch_api_data.py:79} WARNING - Failed to fetch data for Stephan_Lichtsteiner_11: 404
[2025-10-29T10:17:18.491+0000] {fetch_api_data.py:79} WARNING - Failed to fetch data for Sokratis_Papastathopoulos_12: 404
[2025-10-29T10:17:19.107+0000] {fetch_api_data.py:79} WARNING - Failed to fetch data for Mesut_Özil_13: 404
[2025-10-29T10:17:19.699+0000] {fetch_api_data.py:79} WARNING - Failed to fetch data for Aaron_Ramsey_14: 404
[2025-10-29T10:17:20.291+0000] {fetch_api_data.py:79} WARNING - Failed to fetch data for Alex_Iwobi_15: 404
[2025-10-29T10:17:20.882+0000] {fetch_api_data.py:79} WARNING - Failed to fetch data for Mohamed_Elneny_16: 404
[2025-10-29T10:17:21.554+0000] {fetch_api_data.py:79} WARNING - Failed to fetch data for Granit_Xhaka_17: 404
[2025-10-29T10:17:22.211+0000] {fetch_api_data.py:79} WARNING - Failed to fetch data for Henrikh_Mkhitaryan_18: 404
[2025-10-29T10:17:22.772+0000] {fetch_api_data.py:79} WARNING - Failed to fetch data for Reiss_Nelson_19: 404
[2025-10-29T10:17:23.544+0000] {fetch_api_data.py:79} WARNING - Failed to fetch data for Ainsley_Maitland-Niles_20: 404
[2025-10-29T10:17:24.160+0000] {fetch_api_data.py:79} WARNING - Failed to fetch data for Danny_Welbeck_21: 404
[2025-10-29T10:17:24.757+0000] {fetch_api_data.py:79} WARNING - Failed to fetch data for Alexandre_Lacazette_22: 404
[2025-10-29T10:17:25.347+0000] {fetch_api_data.py:79} WARNING - Failed to fetch data for Pierre-Emerick_Aubameyang_23: 404
[2025-10-29T10:17:25.923+0000] {fetch_api_data.py:79} WARNING - Failed to fetch data for Lucas_Torreira_450: 404
[2025-10-29T10:17:26.558+0000] {fetch_api_data.py:79} WARNING - Failed to fetch data for Matteo_Guendouzi_451: 404
[2025-10-29T10:17:27.152+0000] {fetch_api_data.py:79} WARNING - Failed to fetch data for Emiliano_Martínez_542: 404
[2025-10-29T10:17:27.734+0000] {fetch_api_data.py:79} WARNING - Failed to fetch data for Emile_Smith-Rowe_545: 404
[2025-10-29T10:17:28.379+0000] {fetch_api_data.py:79} WARNING - Failed to fetch data for Zech_Medley_546: 404
[2025-10-29T10:17:28.997+0000] {fetch_api_data.py:79} WARNING - Failed to fetch data for Edward_Nketiah_552: 404
[2025-10-29T10:17:29.590+0000] {fetch_api_data.py:79} WARNING - Failed to fetch data for Bukayo_Saka_563: 404
[2025-10-29T10:17:30.293+0000] {fetch_api_data.py:79} WARNING - Failed to fetch data for Joseph_Willock_566: 404
[2025-10-29T10:17:30.921+0000] {fetch_api_data.py:79} WARNING - Failed to fetch data for Carl_Jenkinson_581: 404
[2025-10-29T10:17:31.594+0000] {fetch_api_data.py:79} WARNING - Failed to fetch data for Denis_Suárez_586: 404
[2025-10-29T10:17:32.211+0000] {fetch_api_data.py:79} WARNING - Failed to fetch data for Asmir_Begovic_24: 404
[2025-10-29T10:17:32.818+0000] {fetch_api_data.py:79} WARNING - Failed to fetch data for Artur_Boruc_25: 404
[2025-10-29T10:17:33.441+0000] {fetch_api_data.py:79} WARNING - Failed to fetch data for Simon_Francis_26: 404
[2025-10-29T10:17:34.026+0000] {fetch_api_data.py:79} WARNING - Failed to fetch data for Steve_Cook_27: 404
[2025-10-29T10:17:34.664+0000] {fetch_api_data.py:79} WARNING - Failed to fetch data for Charlie_Daniels_28: 404
[2025-10-29T10:17:35.258+0000] {fetch_api_data.py:79} WARNING - Failed to fetch data for Adam_Smith_29: 404
[2025-10-29T10:17:35.841+0000] {fetch_api_data.py:79} WARNING - Failed to fetch data for Tyrone_Mings_30: 404
[2025-10-29T10:17:36.580+0000] {fetch_api_data.py:79} WARNING - Failed to fetch data for Nathan_Aké_31: 404
[2025-10-29T10:17:37.172+0000] {fetch_api_data.py:79} WARNING - Failed to fetch data for Jack_Simpson_32: 404
[2025-10-29T10:17:37.755+0000] {fetch_api_data.py:79} WARNING - Failed to fetch data for Marc_Pugh_34: 404
[2025-10-29T10:17:38.356+0000] {fetch_api_data.py:79} WARNING - Failed to fetch data for Andrew_Surman_35: 404
[2025-10-29T10:17:38.976+0000] {fetch_api_data.py:79} WARNING - Failed to fetch data for Junior_Stanislas_36: 404
[2025-10-29T10:17:39.580+0000] {fetch_api_data.py:79} WARNING - Failed to fetch data for Dan_Gosling_37: 404
[2025-10-29T10:17:40.183+0000] {fetch_api_data.py:79} WARNING - Failed to fetch data for Jordon_Ibe_38: 404
[2025-10-29T10:17:40.792+0000] {fetch_api_data.py:79} WARNING - Failed to fetch data for Lewis_Cook_39: 404
[2025-10-29T10:17:42.100+0000] {fetch_api_data.py:79} WARNING - Failed to fetch data for Ryan_Fraser_40: 404
[2025-10-29T10:17:42.794+0000] {fetch_api_data.py:79} WARNING - Failed to fetch data for Emerson_Hyndman_41: 404
[2025-10-29T10:17:43.430+0000] {fetch_api_data.py:79} WARNING - Failed to fetch data for David_Brooks_42: 404
[2025-10-29T10:17:44.163+0000] {fetch_api_data.py:79} WARNING - Failed to fetch data for Callum_Wilson_43: 404
[2025-10-29T10:17:44.982+0000] {fetch_api_data.py:79} WARNING - Failed to fetch data for Lys_Mousset_44: 404
[2025-10-29T10:17:45.568+0000] {fetch_api_data.py:79} WARNING - Failed to fetch data for Joshua_King_45: 404
[2025-10-29T10:17:46.224+0000] {fetch_api_data.py:79} WARNING - Failed to fetch data for Jermain_Defoe_46: 404
[2025-10-29T10:17:47.228+0000] {fetch_api_data.py:79} WARNING - Failed to fetch data for Nathaniel_Clyne_241: 404
[2025-10-29T10:17:47.996+0000] {fetch_api_data.py:79} WARNING - Failed to fetch data for Dominic_Solanke_259: 404
[2025-10-29T10:17:48.789+0000] {fetch_api_data.py:79} WARNING - Failed to fetch data for Diego_Rico_473: 404
[2025-10-29T10:17:49.361+0000] {fetch_api_data.py:79} WARNING - Failed to fetch data for Jefferson_Lerma_494: 404
[2025-10-29T10:17:49.957+0000] {fetch_api_data.py:79} WARNING - Failed to fetch data for Chris_Mepham_580: 404
[2025-10-29T10:17:50.671+0000] {fetch_api_data.py:79} WARNING - Failed to fetch data for Sam_Surridge_599: 404
[2025-10-29T10:17:51.266+0000] {fetch_api_data.py:79} WARNING - Failed to fetch data for Kyle_Taylor_600: 404
[2025-10-29T10:17:51.866+0000] {fetch_api_data.py:79} WARNING - Failed to fetch data for Nnamdi_Ofoborh_613: 404
[2025-10-29T10:17:52.486+0000] {fetch_api_data.py:79} WARNING - Failed to fetch data for Mark_Travers_616: 404
[2025-10-29T10:17:53.100+0000] {fetch_api_data.py:79} WARNING - Failed to fetch data for Matt_Butcher_620: 404
[2025-10-29T10:17:53.672+0000] {fetch_api_data.py:79} WARNING - Failed to fetch data for Mathew_Ryan_47: 404
[2025-10-29T10:17:54.292+0000] {fetch_api_data.py:79} WARNING - Failed to fetch data for Lewis_Dunk_48: 404
[2025-10-29T10:17:55.261+0000] {fetch_api_data.py:79} WARNING - Failed to fetch data for Shane_Duffy_49: 404
[2025-10-29T10:17:55.845+0000] {fetch_api_data.py:79} WARNING - Failed to fetch data for Bruno_Saltor Grau_50: 404
[2025-10-29T10:17:56.468+0000] {fetch_api_data.py:79} WARNING - Failed to fetch data for Gaëtan_Bong_51: 404
[2025-10-29T10:17:57.074+0000] {fetch_api_data.py:79} WARNING - Failed to fetch data for Markus_Suttner_52: 404
[2025-10-29T10:17:57.676+0000] {fetch_api_data.py:79} WARNING - Failed to fetch data for Ezequiel_Schelotto_53: 404
[2025-10-29T10:17:58.249+0000] {fetch_api_data.py:79} WARNING - Failed to fetch data for Leon_Balogun_54: 404
[2025-10-29T10:17:58.861+0000] {fetch_api_data.py:79} WARNING - Failed to fetch data for Anthony_Knockaert_55: 404
[2025-10-29T10:17:59.466+0000] {fetch_api_data.py:79} WARNING - Failed to fetch data for Dale_Stephens_56: 404
[2025-10-29T10:18:00.151+0000] {fetch_api_data.py:79} WARNING - Failed to fetch data for Beram_Kayal_57: 404
[2025-10-29T10:18:00.758+0000] {fetch_api_data.py:79} WARNING - Failed to fetch data for Solomon_March_58: 404
[2025-10-29T10:18:01.413+0000] {fetch_api_data.py:79} WARNING - Failed to fetch data for Pascal_Groß_59: 404
[2025-10-29T10:18:02.026+0000] {fetch_api_data.py:79} WARNING - Failed to fetch data for Davy_Pröpper_60: 404
[2025-10-29T10:18:02.607+0000] {fetch_api_data.py:79} WARNING - Failed to fetch data for José Heriberto_Izquierdo Mena_61: 404
[2025-10-29T10:18:03.184+0000] {fetch_api_data.py:79} WARNING - Failed to fetch data for Glenn_Murray_62: 404
[2025-10-29T10:18:03.764+0000] {fetch_api_data.py:79} WARNING - Failed to fetch data for Tomer_Hemed_63: 404
[2025-10-29T10:18:04.373+0000] {fetch_api_data.py:79} WARNING - Failed to fetch data for Sam_Baldock_64: 404
[2025-10-29T10:18:04.999+0000] {fetch_api_data.py:79} WARNING - Failed to fetch data for Jürgen_Locadia_65: 404
[2025-10-29T10:18:05.549+0000] {fetch_api_data.py:79} WARNING - Failed to fetch data for Florin_Andone_66: 404
[2025-10-29T10:18:06.140+0000] {fetch_api_data.py:79} WARNING - Failed to fetch data for David_Button_179: 404
[2025-10-29T10:18:06.745+0000] {fetch_api_data.py:79} WARNING - Failed to fetch data for Jason_Steele_439: 404
[2025-10-29T10:18:07.335+0000] {fetch_api_data.py:79} WARNING - Failed to fetch data for Bernardo_Fernandes da Silva Junior_440: 404
[2025-10-29T10:18:07.912+0000] {fetch_api_data.py:79} WARNING - Failed to fetch data for Yves_Bissouma_466: 404
[2025-10-29T10:18:08.545+0000] {fetch_api_data.py:79} WARNING - Failed to fetch data for Alireza_Jahanbakhsh_476: 404
[2025-10-29T10:18:09.159+0000] {fetch_api_data.py:79} WARNING - Failed to fetch data for Martín_Montoya_503: 404
[2025-10-29T10:18:09.750+0000] {fetch_api_data.py:79} WARNING - Failed to fetch data for Viktor_Gyokeres_551: 404
[2025-10-29T10:18:10.374+0000] {fetch_api_data.py:79} WARNING - Failed to fetch data for Ben_White_559: 404
[2025-10-29T10:18:11.015+0000] {fetch_api_data.py:79} WARNING - Failed to fetch data for Max_Sanders_572: 404
[2025-10-29T10:18:11.585+0000] {fetch_api_data.py:79} WARNING - Failed to fetch data for Dan_Burn_582: 404
[2025-10-29T10:18:12.187+0000] {fetch_api_data.py:79} WARNING - Failed to fetch data for Jayson_Molumby_617: 404
[2025-10-29T10:18:12.807+0000] {fetch_api_data.py:79} WARNING - Failed to fetch data for Tom_Heaton_67: 404
[2025-10-29T10:18:13.419+0000] {fetch_api_data.py:79} WARNING - Failed to fetch data for Nick_Pope_68: 404
[2025-10-29T10:18:14.077+0000] {fetch_api_data.py:79} WARNING - Failed to fetch data for Matthew_Lowton_69: 404
[2025-10-29T10:18:14.671+0000] {fetch_api_data.py:79} WARNING - Failed to fetch data for Ben_Mee_70: 404
[2025-10-29T10:18:15.259+0000] {fetch_api_data.py:79} WARNING - Failed to fetch data for Stephen_Ward_71: 404
[2025-10-29T10:18:15.868+0000] {fetch_api_data.py:79} WARNING - Failed to fetch data for James_Tarkowski_72: 404
[2025-10-29T10:18:16.505+0000] {fetch_api_data.py:79} WARNING - Failed to fetch data for Kevin_Long_73: 404
[2025-10-29T10:18:17.089+0000] {fetch_api_data.py:79} WARNING - Failed to fetch data for Charlie_Taylor_74: 404
[2025-10-29T10:18:17.702+0000] {fetch_api_data.py:79} WARNING - Failed to fetch data for Phil_Bardsley_75: 404
[2025-10-29T10:18:18.295+0000] {fetch_api_data.py:79} WARNING - Failed to fetch data for Johann Berg_Gudmundsson_76: 404
[2025-10-29T10:18:18.971+0000] {fetch_api_data.py:79} WARNING - Failed to fetch data for Steven_Defour_77: 404
[2025-10-29T10:18:19.570+0000] {fetch_api_data.py:79} WARNING - Failed to fetch data for Jeff_Hendrick_78: 404
[2025-10-29T10:18:20.153+0000] {fetch_api_data.py:79} WARNING - Failed to fetch data for Robbie_Brady_79: 404
[2025-10-29T10:18:20.737+0000] {fetch_api_data.py:79} WARNING - Failed to fetch data for Ashley_Westwood_80: 404
[2025-10-29T10:18:21.353+0000] {fetch_api_data.py:79} WARNING - Failed to fetch data for Jonathan_Walters_81: 404
[2025-10-29T10:18:21.995+0000] {fetch_api_data.py:79} WARNING - Failed to fetch data for Jack_Cork_82: 404
[2025-10-29T10:18:22.590+0000] {fetch_api_data.py:79} WARNING - Failed to fetch data for Aaron_Lennon_83: 404
[2025-10-29T10:18:23.247+0000] {fetch_api_data.py:79} WARNING - Failed to fetch data for Sam_Vokes_84: 404
[2025-10-29T10:18:23.953+0000] {fetch_api_data.py:79} WARNING - Failed to fetch data for Ashley_Barnes_85: 404
[2025-10-29T10:18:24.614+0000] {fetch_api_data.py:79} WARNING - Failed to fetch data for Nahki_Wells_86: 404
[2025-10-29T10:18:25.478+0000] {fetch_api_data.py:79} WARNING - Failed to fetch data for Chris_Wood_87: 404
[2025-10-29T10:18:26.272+0000] {fetch_api_data.py:79} WARNING - Failed to fetch data for Anders_Lindegaard_485: 404
[2025-10-29T10:18:27.416+0000] {fetch_api_data.py:79} WARNING - Failed to fetch data for Joe_Hart_490: 404
[2025-10-29T10:18:28.445+0000] {fetch_api_data.py:79} WARNING - Failed to fetch data for Ben_Gibson_491: 404
[2025-10-29T10:18:29.100+0000] {fetch_api_data.py:79} WARNING - Failed to fetch data for Matej_Vydra_495: 404
[2025-10-29T10:18:29.834+0000] {fetch_api_data.py:79} WARNING - Failed to fetch data for Dwight_McNeil_534: 404
[2025-10-29T10:18:30.581+0000] {fetch_api_data.py:79} WARNING - Failed to fetch data for Abd-Al-Ali Morakinyo Olaposi_Koiki_564: 404
[2025-10-29T10:18:31.229+0000] {fetch_api_data.py:79} WARNING - Failed to fetch data for Josh_Benson_583: 404
[2025-10-29T10:18:31.859+0000] {fetch_api_data.py:79} WARNING - Failed to fetch data for Peter_Crouch_590: 404
[2025-10-29T10:18:32.772+0000] {fetch_api_data.py:79} WARNING - Failed to fetch data for Anthony_Driscoll-Glennon_615: 404
[2025-10-29T10:18:33.417+0000] {fetch_api_data.py:79} WARNING - Failed to fetch data for Harry_Arter_33: 404
[2025-10-29T10:18:34.034+0000] {fetch_api_data.py:79} WARNING - Failed to fetch data for Neil_Etheridge_88: 404
[2025-10-29T10:18:34.630+0000] {fetch_api_data.py:79} WARNING - Failed to fetch data for Alex_Smithies_89: 404
[2025-10-29T10:18:35.262+0000] {fetch_api_data.py:79} WARNING - Failed to fetch data for Sean_Morrison_90: 404
[2025-10-29T10:18:36.195+0000] {fetch_api_data.py:79} WARNING - Failed to fetch data for Sol_Bamba_91: 404
[2025-10-29T10:18:36.927+0000] {fetch_api_data.py:79} WARNING - Failed to fetch data for Bruno_Ecuele Manga_92: 404
[2025-10-29T10:18:37.826+0000] {fetch_api_data.py:79} WARNING - Failed to fetch data for Matthew_Connolly_93: 404
[2025-10-29T10:18:38.446+0000] {fetch_api_data.py:79} WARNING - Failed to fetch data for Joe_Bennett_94: 404
[2025-10-29T10:18:39.041+0000] {fetch_api_data.py:79} WARNING - Failed to fetch data for Lee_Peltier_95: 404
[2025-10-29T10:18:39.647+0000] {fetch_api_data.py:79} WARNING - Failed to fetch data for Ashley Darel Jazz_Richards_96: 404
[2025-10-29T10:18:40.261+0000] {fetch_api_data.py:79} WARNING - Failed to fetch data for Greg_Halford_97: 404
[2025-10-29T10:18:40.842+0000] {fetch_api_data.py:79} WARNING - Failed to fetch data for Joe_Ralls_98: 404
[2025-10-29T10:18:41.798+0000] {fetch_api_data.py:79} WARNING - Failed to fetch data for David Junior_Hoilett_99: 404
[2025-10-29T10:18:42.456+0000] {fetch_api_data.py:79} WARNING - Failed to fetch data for Nathaniel_Mendez-Laing_100: 404
[2025-10-29T10:18:43.102+0000] {fetch_api_data.py:79} WARNING - Failed to fetch data for Callum_Paterson_101: 404
[2025-10-29T10:18:43.905+0000] {fetch_api_data.py:79} WARNING - Failed to fetch data for Aron_Gunnarsson_102: 404
[2025-10-29T10:18:44.865+0000] {fetch_api_data.py:79} WARNING - Failed to fetch data for Anthony_Pilkington_103: 404
[2025-10-29T10:18:46.177+0000] {fetch_api_data.py:79} WARNING - Failed to fetch data for Loïc_Damour_104: 404
[2025-10-29T10:18:47.389+0000] {fetch_api_data.py:79} WARNING - Failed to fetch data for Danny_Ward_105: 404
[2025-10-29T10:18:48.398+0000] {fetch_api_data.py:79} WARNING - Failed to fetch data for Josh_Murphy_106: 404
[2025-10-29T10:18:49.184+0000] {fetch_api_data.py:79} WARNING - Failed to fetch data for Kenneth_Zohore_107: 404
[2025-10-29T10:18:49.763+0000] {fetch_api_data.py:79} WARNING - Failed to fetch data for Omar_Bogle_108: 404
[2025-10-29T10:18:50.583+0000] {fetch_api_data.py:79} WARNING - Failed to fetch data for Gary_Madine_109: 404
[2025-10-29T10:18:51.253+0000] {fetch_api_data.py:79} WARNING - Failed to fetch data for Bobby_Reid_110: 404
[2025-10-29T10:18:51.857+0000] {fetch_api_data.py:79} WARNING - Failed to fetch data for Oumar_Niasse_176: 404
[2025-10-29T10:18:52.620+0000] {fetch_api_data.py:79} WARNING - Failed to fetch data for Greg_Cunninghamm_467: 404
[2025-10-29T10:18:53.474+0000] {fetch_api_data.py:79} WARNING - Failed to fetch data for Víctor_Camarasa_504: 404
[2025-10-29T10:18:54.284+0000] {fetch_api_data.py:79} WARNING - Failed to fetch data for Kadeem_Harris_535: 404
[2025-10-29T10:18:54.878+0000] {fetch_api_data.py:79} WARNING - Failed to fetch data for Brian_Murphy_537: 404
[2025-10-29T10:18:55.621+0000] {fetch_api_data.py:79} WARNING - Failed to fetch data for Rhys_Healey_573: 404
[2025-10-29T10:18:56.741+0000] {fetch_api_data.py:79} WARNING - Failed to fetch data for Leandro_Bacuna_589: 404
[2025-10-29T10:18:57.756+0000] {fetch_api_data.py:79} WARNING - Failed to fetch data for Thibaut_Courtois_111: 404
[2025-10-29T10:18:58.513+0000] {fetch_api_data.py:79} WARNING - Failed to fetch data for Willy_Caballero_112: 404
[2025-10-29T10:18:59.140+0000] {fetch_api_data.py:79} WARNING - Failed to fetch data for César_Azpilicueta_113: 404
[2025-10-29T10:18:59.726+0000] {fetch_api_data.py:79} WARNING - Failed to fetch data for Gary_Cahill_114: 404
[2025-10-29T10:19:00.340+0000] {fetch_api_data.py:79} WARNING - Failed to fetch data for Marcos_Alonso_115: 404
[2025-10-29T10:19:00.997+0000] {fetch_api_data.py:79} WARNING - Failed to fetch data for David_Luiz Moreira Marinho_116: 404
[2025-10-29T10:19:01.669+0000] {fetch_api_data.py:79} WARNING - Failed to fetch data for Victor_Moses_117: 404
[2025-10-29T10:19:02.315+0000] {fetch_api_data.py:79} WARNING - Failed to fetch data for Antonio_Rüdiger_118: 404
[2025-10-29T10:19:03.140+0000] {fetch_api_data.py:79} WARNING - Failed to fetch data for Andreas_Christensen_119: 404
[2025-10-29T10:19:03.736+0000] {fetch_api_data.py:79} WARNING - Failed to fetch data for Davide_Zappacosta_120: 404
[2025-10-29T10:19:04.349+0000] {fetch_api_data.py:79} WARNING - Failed to fetch data for Emerson_Palmieri dos Santos_121: 404
[2025-10-29T10:19:05.005+0000] {fetch_api_data.py:79} WARNING - Failed to fetch data for Eden_Hazard_122: 404
[2025-10-29T10:19:05.650+0000] {fetch_api_data.py:79} WARNING - Failed to fetch data for Cesc_Fàbregas_123: 404
[2025-10-29T10:19:06.363+0000] {fetch_api_data.py:79} WARNING - Failed to fetch data for Willian_Borges Da Silva_124: 404
[2025-10-29T10:19:06.992+0000] {fetch_api_data.py:79} WARNING - Failed to fetch data for Pedro_Rodríguez Ledesma_125: 404
[2025-10-29T10:19:07.620+0000] {fetch_api_data.py:79} WARNING - Failed to fetch data for N'Golo_Kanté_126: 404
[2025-10-29T10:19:08.270+0000] {fetch_api_data.py:79} WARNING - Failed to fetch data for Ross_Barkley_127: 404
[2025-10-29T10:19:08.918+0000] {fetch_api_data.py:79} WARNING - Failed to fetch data for Daniel_Drinkwater_128: 404
[2025-10-29T10:19:09.490+0000] {fetch_api_data.py:79} WARNING - Failed to fetch data for Tiemoué_Bakayoko_129: 404
[2025-10-29T10:19:10.149+0000] {fetch_api_data.py:79} WARNING - Failed to fetch data for Ethan_Ampadu_130: 404
[2025-10-29T10:19:10.761+0000] {fetch_api_data.py:79} WARNING - Failed to fetch data for Callum_Hudson-Odoi_131: 404
[2025-10-29T10:19:11.500+0000] {fetch_api_data.py:79} WARNING - Failed to fetch data for Ruben_Loftus-Cheek_132: 404
[2025-10-29T10:19:12.230+0000] {fetch_api_data.py:79} WARNING - Failed to fetch data for Olivier_Giroud_133: 404
[2025-10-29T10:19:12.819+0000] {fetch_api_data.py:79} WARNING - Failed to fetch data for Álvaro_Morata_134: 404
[2025-10-29T10:19:13.438+0000] {fetch_api_data.py:79} WARNING - Failed to fetch data for Jorge Luiz_Frello Filho_459: 404
[2025-10-29T10:19:14.035+0000] {fetch_api_data.py:79} WARNING - Failed to fetch data for Tammy_Abraham_496: 404
[2025-10-29T10:19:14.643+0000] {fetch_api_data.py:79} WARNING - Failed to fetch data for Kepa_Arrizabalaga_498: 404
[2025-10-29T10:19:15.228+0000] {fetch_api_data.py:79} WARNING - Failed to fetch data for Mateo_Kovacic_499: 404
[2025-10-29T10:19:15.806+0000] {fetch_api_data.py:79} WARNING - Failed to fetch data for Gonzalo_Higuaín_579: 404
[2025-10-29T10:19:16.395+0000] {fetch_api_data.py:79} WARNING - Failed to fetch data for Addji Keaninkin Marc-Israel_Guehi_624: 404
[2025-10-29T10:19:17.109+0000] {fetch_api_data.py:79} WARNING - Failed to fetch data for Wayne_Hennessey_135: 404
[2025-10-29T10:19:17.762+0000] {fetch_api_data.py:79} WARNING - Failed to fetch data for Julian_Speroni_136: 404
[2025-10-29T10:19:18.347+0000] {fetch_api_data.py:79} WARNING - Failed to fetch data for Vicente_Guaita_137: 404
[2025-10-29T10:19:18.947+0000] {fetch_api_data.py:79} WARNING - Failed to fetch data for James_Tomkins_138: 404
[2025-10-29T10:19:19.631+0000] {fetch_api_data.py:79} WARNING - Failed to fetch data for Scott_Dann_139: 404
[2025-10-29T10:19:20.231+0000] {fetch_api_data.py:79} WARNING - Failed to fetch data for Martin_Kelly_140: 404
[2025-10-29T10:19:20.933+0000] {fetch_api_data.py:79} WARNING - Failed to fetch data for Jeffrey_Schlupp_141: 404
[2025-10-29T10:19:21.489+0000] {fetch_api_data.py:79} WARNING - Failed to fetch data for Patrick_van Aanholt_142: 404
[2025-10-29T10:19:22.131+0000] {fetch_api_data.py:79} WARNING - Failed to fetch data for Mamadou_Sakho_143: 404
[2025-10-29T10:19:22.860+0000] {fetch_api_data.py:79} WARNING - Failed to fetch data for Jairo_Riedewald_144: 404
[2025-10-29T10:19:23.465+0000] {fetch_api_data.py:79} WARNING - Failed to fetch data for Aaron_Wan-Bissaka_145: 404
[2025-10-29T10:19:24.066+0000] {fetch_api_data.py:79} WARNING - Failed to fetch data for James_McArthur_147: 404
[2025-10-29T10:19:24.663+0000] {fetch_api_data.py:79} WARNING - Failed to fetch data for Bakary_Sako_148: 404
[2025-10-29T10:19:25.352+0000] {fetch_api_data.py:79} WARNING - Failed to fetch data for Andros_Townsend_149: 404
[2025-10-29T10:19:25.968+0000] {fetch_api_data.py:79} WARNING - Failed to fetch data for Luka_Milivojevic_150: 404
[2025-10-29T10:19:26.848+0000] {fetch_api_data.py:79} WARNING - Failed to fetch data for Wilfried_Zaha_151: 404
[2025-10-29T10:19:27.506+0000] {fetch_api_data.py:79} WARNING - Failed to fetch data for Christian_Benteke_152: 404
[2025-10-29T10:19:28.184+0000] {fetch_api_data.py:79} WARNING - Failed to fetch data for Alexander_Sørloth_153: 404
[2025-10-29T10:19:28.864+0000] {fetch_api_data.py:79} WARNING - Failed to fetch data for Cheikhou_Kouyaté_412: 404
[2025-10-29T10:19:29.605+0000] {fetch_api_data.py:79} WARNING - Failed to fetch data for Joel_Ward_441: 404
[2025-10-29T10:19:30.358+0000] {fetch_api_data.py:79} WARNING - Failed to fetch data for Jaroslaw_Jach_442: 404
[2025-10-29T10:19:31.000+0000] {fetch_api_data.py:79} WARNING - Failed to fetch data for Pape_Souaré_443: 404
[2025-10-29T10:19:31.961+0000] {fetch_api_data.py:79} WARNING - Failed to fetch data for Connor_Wickham_444: 404
[2025-10-29T10:19:32.915+0000] {fetch_api_data.py:79} WARNING - Failed to fetch data for Sullay_Kaikai_477: 404
[2025-10-29T10:19:33.587+0000] {fetch_api_data.py:79} WARNING - Failed to fetch data for Max_Meyer_486: 404
[2025-10-29T10:19:34.630+0000] {fetch_api_data.py:79} WARNING - Failed to fetch data for Jordan_Ayew_505: 404
[2025-10-29T10:19:35.483+0000] {fetch_api_data.py:79} WARNING - Failed to fetch data for Joe_Tupper_576: 404
[2025-10-29T10:19:36.209+0000] {fetch_api_data.py:79} WARNING - Failed to fetch data for Lucas_Perri_584: 404
[2025-10-29T10:19:37.087+0000] {fetch_api_data.py:79} WARNING - Failed to fetch data for Michy_Batshuayi_592: 404
[2025-10-29T10:19:37.902+0000] {fetch_api_data.py:79} WARNING - Failed to fetch data for Sam_Woods_609: 404
[2025-10-29T10:19:38.594+0000] {fetch_api_data.py:79} WARNING - Failed to fetch data for Luke_Dreher_618: 404
[2025-10-29T10:19:39.351+0000] {fetch_api_data.py:79} WARNING - Failed to fetch data for Nikola_Tavares_619: 404
[2025-10-29T10:19:40.095+0000] {fetch_api_data.py:79} WARNING - Failed to fetch data for Jordan_Pickford_154: 404
[2025-10-29T10:19:40.698+0000] {fetch_api_data.py:79} WARNING - Failed to fetch data for Maarten_Stekelenburg_155: 404
[2025-10-29T10:19:41.307+0000] {fetch_api_data.py:79} WARNING - Failed to fetch data for Leighton_Baines_156: 404
[2025-10-29T10:19:42.182+0000] {fetch_api_data.py:79} WARNING - Failed to fetch data for Seamus_Coleman_157: 404
[2025-10-29T10:19:42.872+0000] {fetch_api_data.py:79} WARNING - Failed to fetch data for Phil_Jagielka_158: 404
[2025-10-29T10:19:43.743+0000] {fetch_api_data.py:79} WARNING - Failed to fetch data for Ashley_Williams_159: 404
[2025-10-29T10:19:44.515+0000] {fetch_api_data.py:79} WARNING - Failed to fetch data for Mason_Holgate_160: 404
[2025-10-29T10:19:45.169+0000] {fetch_api_data.py:79} WARNING - Failed to fetch data for Jonjoe_Kenny_161: 404
[2025-10-29T10:19:45.945+0000] {fetch_api_data.py:79} WARNING - Failed to fetch data for Michael_Keane_162: 404
[2025-10-29T10:19:46.828+0000] {fetch_api_data.py:79} WARNING - Failed to fetch data for Cuco_Martina_163: 404
[2025-10-29T10:19:48.634+0000] {fetch_api_data.py:79} WARNING - Failed to fetch data for Theo_Walcott_164: 404
[2025-10-29T10:19:49.397+0000] {fetch_api_data.py:79} WARNING - Failed to fetch data for Yannick_Bolasie_165: 404
[2025-10-29T10:19:50.417+0000] {fetch_api_data.py:79} WARNING - Failed to fetch data for James_McCarthy_166: 404
[2025-10-29T10:19:51.102+0000] {fetch_api_data.py:79} WARNING - Failed to fetch data for Morgan_Schneiderlin_167: 404
[2025-10-29T10:19:51.913+0000] {fetch_api_data.py:79} WARNING - Failed to fetch data for Idrissa_Gueye_168: 404
[2025-10-29T10:19:52.508+0000] {fetch_api_data.py:79} WARNING - Failed to fetch data for Tom_Davies_169: 404
[2025-10-29T10:19:53.104+0000] {fetch_api_data.py:79} WARNING - Failed to fetch data for Ademola_Lookman_170: 404
[2025-10-29T10:19:53.760+0000] {fetch_api_data.py:79} WARNING - Failed to fetch data for Davy_Klaassen_171: 404
[2025-10-29T10:19:54.433+0000] {fetch_api_data.py:79} WARNING - Failed to fetch data for Gylfi_Sigurdsson_172: 404
[2025-10-29T10:19:55.107+0000] {fetch_api_data.py:79} WARNING - Failed to fetch data for Nikola_Vlasic_173: 404
[2025-10-29T10:19:55.702+0000] {fetch_api_data.py:79} WARNING - Failed to fetch data for Beni_Baningime_174: 404
[2025-10-29T10:19:56.318+0000] {fetch_api_data.py:79} WARNING - Failed to fetch data for Dominic_Calvert-Lewin_175: 404
[2025-10-29T10:19:56.942+0000] {fetch_api_data.py:79} WARNING - Failed to fetch data for Cenk_Tosun_177: 404
[2025-10-29T10:19:57.652+0000] {fetch_api_data.py:79} WARNING - Failed to fetch data for Richarlison_de Andrade_393: 404
[2025-10-29T10:19:58.378+0000] {fetch_api_data.py:79} WARNING - Failed to fetch data for Kevin_Mirallas_469: 404
[2025-10-29T10:20:00.239+0000] {fetch_api_data.py:79} WARNING - Failed to fetch data for Sandro_Ramírez_470: 404
[2025-10-29T10:20:02.287+0000] {fetch_api_data.py:79} WARNING - Failed to fetch data for Lucas_Digne_484: 404
[2025-10-29T10:20:03.035+0000] {fetch_api_data.py:79} WARNING - Failed to fetch data for Yerry_Mina_506: 404
[2025-10-29T10:20:03.735+0000] {fetch_api_data.py:79} WARNING - Failed to fetch data for Bernard_Anício Caldeira Duarte_507: 404
[2025-10-29T10:20:04.354+0000] {fetch_api_data.py:79} WARNING - Failed to fetch data for André Filipe_Tavares Gomes_508: 404
[2025-10-29T10:20:04.967+0000] {fetch_api_data.py:79} WARNING - Failed to fetch data for Kurt_Zouma_526: 404
[2025-10-29T10:20:05.551+0000] {fetch_api_data.py:79} WARNING - Failed to fetch data for Kieran_Dowell_528: 404
[2025-10-29T10:20:06.153+0000] {fetch_api_data.py:79} WARNING - Failed to fetch data for Tyias_Browning_532: 404
[2025-10-29T10:20:06.729+0000] {fetch_api_data.py:79} WARNING - Failed to fetch data for Calum_Chambers_9: 404
[2025-10-29T10:20:07.378+0000] {fetch_api_data.py:79} WARNING - Failed to fetch data for Marcus_Bettinelli_178: 404
[2025-10-29T10:20:07.974+0000] {fetch_api_data.py:79} WARNING - Failed to fetch data for Tim_Ream_180: 404
[2025-10-29T10:20:08.581+0000] {fetch_api_data.py:79} WARNING - Failed to fetch data for Denis_Odoi_181: 404
[2025-10-29T10:20:09.164+0000] {fetch_api_data.py:79} WARNING - Failed to fetch data for Tom_Cairney_182: 404
[2025-10-29T10:20:09.760+0000] {fetch_api_data.py:79} WARNING - Failed to fetch data for Kevin_McDonald_183: 404
[2025-10-29T10:20:10.428+0000] {fetch_api_data.py:79} WARNING - Failed to fetch data for Ryan_Sessegnon_184: 404
[2025-10-29T10:20:11.015+0000] {fetch_api_data.py:79} WARNING - Failed to fetch data for Stefan_Johansen_185: 404
[2025-10-29T10:20:11.663+0000] {fetch_api_data.py:79} WARNING - Failed to fetch data for Floyd_Ayité_186: 404
[2025-10-29T10:20:12.306+0000] {fetch_api_data.py:79} WARNING - Failed to fetch data for Neeskens_Kebano_187: 404
[2025-10-29T10:20:12.904+0000] {fetch_api_data.py:79} WARNING - Failed to fetch data for Rui Pedro_da Rocha Fonte_188: 404
[2025-10-29T10:20:13.532+0000] {fetch_api_data.py:79} WARNING - Failed to fetch data for Aboubakar_Kamara_189: 404
[2025-10-29T10:20:14.167+0000] {fetch_api_data.py:79} WARNING - Failed to fetch data for Maxime_Le Marchand_455: 404
[2025-10-29T10:20:14.769+0000] {fetch_api_data.py:79} WARNING - Failed to fetch data for Jean Michael_Seri_456: 404
[2025-10-29T10:20:15.398+0000] {fetch_api_data.py:79} WARNING - Failed to fetch data for Cyrus_Christie_460: 404
[2025-10-29T10:20:16.081+0000] {fetch_api_data.py:79} WARNING - Failed to fetch data for Fabricio_Agosto Ramírez_474: 404
[2025-10-29T10:20:16.899+0000] {fetch_api_data.py:79} WARNING - Failed to fetch data for André_Schürrle_478: 404
[2025-10-29T10:20:17.635+0000] {fetch_api_data.py:79} WARNING - Failed to fetch data for Aleksandar_Mitrovic_480: 404
[2025-10-29T10:20:18.311+0000] {fetch_api_data.py:79} WARNING - Failed to fetch data for Alfie_Mawson_487: 404
[2025-10-29T10:20:20.282+0000] {fetch_api_data.py:79} WARNING - Failed to fetch data for Sergio_Rico_509: 404
[2025-10-29T10:20:21.096+0000] {fetch_api_data.py:79} WARNING - Failed to fetch data for Joe_Bryan_510: 404
[2025-10-29T10:20:22.245+0000] {fetch_api_data.py:79} WARNING - Failed to fetch data for Timothy_Fosu-Mensah_511: 404
[2025-10-29T10:20:23.009+0000] {fetch_api_data.py:79} WARNING - Failed to fetch data for André-Frank_Zambo Anguissa_512: 404
[2025-10-29T10:20:23.638+0000] {fetch_api_data.py:79} WARNING - Failed to fetch data for Luciano_Vietto_513: 404
[2025-10-29T10:20:24.272+0000] {fetch_api_data.py:79} WARNING - Failed to fetch data for Ibrahima_Cissé_521: 404
[2025-10-29T10:20:24.866+0000] {fetch_api_data.py:79} WARNING - Failed to fetch data for Zeze Steven_Sessegnon_541: 404
[2025-10-29T10:20:25.464+0000] {fetch_api_data.py:79} WARNING - Failed to fetch data for Ryan_Babel_575: 404
[2025-10-29T10:20:26.229+0000] {fetch_api_data.py:79} WARNING - Failed to fetch data for Håvard_Nordtveit_593: 404
[2025-10-29T10:20:26.872+0000] {fetch_api_data.py:79} WARNING - Failed to fetch data for Lazar_Markovic_594: 404
[2025-10-29T10:20:27.509+0000] {fetch_api_data.py:79} WARNING - Failed to fetch data for Harvey_Elliott_610: 404
[2025-10-29T10:20:28.086+0000] {fetch_api_data.py:79} WARNING - Failed to fetch data for Luca_De La Torre_621: 404
[2025-10-29T10:20:28.674+0000] {fetch_api_data.py:79} WARNING - Failed to fetch data for Jason_Puncheon_146: 404
[2025-10-29T10:20:29.294+0000] {fetch_api_data.py:79} WARNING - Failed to fetch data for Ben_Hamer_190: 404
[2025-10-29T10:20:29.894+0000] {fetch_api_data.py:79} WARNING - Failed to fetch data for Jonas_Lössl_191: 404
[2025-10-29T10:20:30.517+0000] {fetch_api_data.py:79} WARNING - Failed to fetch data for Christopher_Schindler_192: 404
[2025-10-29T10:20:31.122+0000] {fetch_api_data.py:79} WARNING - Failed to fetch data for Chris_Löwe_193: 404
[2025-10-29T10:20:31.906+0000] {fetch_api_data.py:79} WARNING - Failed to fetch data for Tommy_Smith_194: 404
[2025-10-29T10:20:32.594+0000] {fetch_api_data.py:79} WARNING - Failed to fetch data for Mathias_Jorgensen_195: 404
[2025-10-29T10:20:33.239+0000] {fetch_api_data.py:79} WARNING - Failed to fetch data for Scott_Malone_196: 404
[2025-10-29T10:20:33.840+0000] {fetch_api_data.py:79} WARNING - Failed to fetch data for Florent_Hadergjonaj_197: 404
[2025-10-29T10:20:34.500+0000] {fetch_api_data.py:79} WARNING - Failed to fetch data for Terence_Kongolo_198: 404
[2025-10-29T10:20:35.137+0000] {fetch_api_data.py:79} WARNING - Failed to fetch data for Aaron_Mooy_199: 404
[2025-10-29T10:20:35.723+0000] {fetch_api_data.py:79} WARNING - Failed to fetch data for Rajiv_van La Parra_200: 404
[2025-10-29T10:20:36.321+0000] {fetch_api_data.py:79} WARNING - Failed to fetch data for Jonathan_Hogg_201: 404
[2025-10-29T10:20:36.910+0000] {fetch_api_data.py:79} WARNING - Failed to fetch data for Philip_Billing_202: 404
[2025-10-29T10:20:37.507+0000] {fetch_api_data.py:79} WARNING - Failed to fetch data for Tom_Ince_203: 404
[2025-10-29T10:20:38.163+0000] {fetch_api_data.py:79} WARNING - Failed to fetch data for Danny_Williams_204: 404
[2025-10-29T10:20:38.779+0000] {fetch_api_data.py:79} WARNING - Failed to fetch data for Abdelhamid_Sabiri_205: 404
[2025-10-29T10:20:39.402+0000] {fetch_api_data.py:79} WARNING - Failed to fetch data for Alex_Pritchard_206: 404
[2025-10-29T10:20:39.976+0000] {fetch_api_data.py:79} WARNING - Failed to fetch data for Ramadan_Sobhi_207: 404
[2025-10-29T10:20:40.780+0000] {fetch_api_data.py:79} WARNING - Failed to fetch data for Juninho_Bacuna_208: 404
[2025-10-29T10:20:42.159+0000] {fetch_api_data.py:79} WARNING - Failed to fetch data for Collin_Quaner_209: 404
[2025-10-29T10:20:43.107+0000] {fetch_api_data.py:79} WARNING - Failed to fetch data for Laurent_Depoitre_210: 404
[2025-10-29T10:20:43.716+0000] {fetch_api_data.py:79} WARNING - Failed to fetch data for Steve_Mounie_211: 404
[2025-10-29T10:20:44.360+0000] {fetch_api_data.py:79} WARNING - Failed to fetch data for Elias_Kachunga_212: 404
[2025-10-29T10:20:45.247+0000] {fetch_api_data.py:79} WARNING - Failed to fetch data for Erik_Durm_461: 404
[2025-10-29T10:20:46.123+0000] {fetch_api_data.py:79} WARNING - Failed to fetch data for Adama_Diakhaby_471: 404
[2025-10-29T10:20:46.694+0000] {fetch_api_data.py:79} WARNING - Failed to fetch data for Isaac_Mbenza_514: 404
[2025-10-29T10:20:47.292+0000] {fetch_api_data.py:79} WARNING - Failed to fetch data for Jon Gorenc_Stankovic_522: 404
[2025-10-29T10:20:47.867+0000] {fetch_api_data.py:79} WARNING - Failed to fetch data for Ryan_Schofield_533: 404
[2025-10-29T10:20:48.482+0000] {fetch_api_data.py:79} WARNING - Failed to fetch data for Karlan_Grant_585: 404
[2025-10-29T10:20:49.086+0000] {fetch_api_data.py:79} WARNING - Failed to fetch data for Joel_Coleman_598: 404
[2025-10-29T10:20:49.671+0000] {fetch_api_data.py:79} WARNING - Failed to fetch data for Demeaco_Duhaney_601: 404
[2025-10-29T10:20:50.295+0000] {fetch_api_data.py:79} WARNING - Failed to fetch data for Matthew_Daly_606: 404
[2025-10-29T10:20:50.910+0000] {fetch_api_data.py:79} WARNING - Failed to fetch data for Aaron_Rowe_607: 404
[2025-10-29T10:20:51.516+0000] {fetch_api_data.py:79} WARNING - Failed to fetch data for Kasper_Schmeichel_213: 404
[2025-10-29T10:20:52.126+0000] {fetch_api_data.py:79} WARNING - Failed to fetch data for Eldin_Jakupovic_214: 404
[2025-10-29T10:20:52.757+0000] {fetch_api_data.py:79} WARNING - Failed to fetch data for Wes_Morgan_215: 404
[2025-10-29T10:20:53.318+0000] {fetch_api_data.py:79} WARNING - Failed to fetch data for Christian_Fuchs_216: 404
[2025-10-29T10:20:53.944+0000] {fetch_api_data.py:79} WARNING - Failed to fetch data for Danny_Simpson_217: 404
[2025-10-29T10:20:54.498+0000] {fetch_api_data.py:79} WARNING - Failed to fetch data for Yohan_Benalouane_218: 404
[2025-10-29T10:20:55.110+0000] {fetch_api_data.py:79} WARNING - Failed to fetch data for Benjamin_Chilwell_219: 404
[2025-10-29T10:20:55.706+0000] {fetch_api_data.py:79} WARNING - Failed to fetch data for Harry_Maguire_220: 404
[2025-10-29T10:20:56.282+0000] {fetch_api_data.py:79} WARNING - Failed to fetch data for Ricardo Domingos_Barbosa Pereira_221: 404
[2025-10-29T10:20:56.859+0000] {fetch_api_data.py:79} WARNING - Failed to fetch data for Jonny_Evans_222: 404
[2025-10-29T10:20:57.461+0000] {fetch_api_data.py:79} WARNING - Failed to fetch data for Marc_Albrighton_224: 404
[2025-10-29T10:20:58.112+0000] {fetch_api_data.py:79} WARNING - Failed to fetch data for Demarai_Gray_225: 404
[2025-10-29T10:20:58.757+0000] {fetch_api_data.py:79} WARNING - Failed to fetch data for Daniel_Amartey_226: 404
[2025-10-29T10:20:59.463+0000] {fetch_api_data.py:79} WARNING - Failed to fetch data for Wilfred_Ndidi_227: 404
[2025-10-29T10:21:00.139+0000] {fetch_api_data.py:79} WARNING - Failed to fetch data for Vicente_Iborra_228: 404
[2025-10-29T10:21:00.878+0000] {fetch_api_data.py:79} WARNING - Failed to fetch data for Matty_James_229: 404
[2025-10-29T10:21:01.620+0000] {fetch_api_data.py:79} WARNING - Failed to fetch data for Hamza_Choudhury_230: 404
[2025-10-29T10:21:02.286+0000] {fetch_api_data.py:79} WARNING - Failed to fetch data for Adrien Sebastian_Perruchet Silva_231: 404
[2025-10-29T10:21:03.202+0000] {fetch_api_data.py:79} WARNING - Failed to fetch data for Fousseni_Diabaté_232: 404
[2025-10-29T10:21:03.997+0000] {fetch_api_data.py:79} WARNING - Failed to fetch data for James_Maddison_233: 404
[2025-10-29T10:21:04.622+0000] {fetch_api_data.py:79} WARNING - Failed to fetch data for Jamie_Vardy_234: 404
[2025-10-29T10:21:05.224+0000] {fetch_api_data.py:79} WARNING - Failed to fetch data for Shinji_Okazaki_235: 404
[2025-10-29T10:21:05.816+0000] {fetch_api_data.py:79} WARNING - Failed to fetch data for Kelechi_Iheanacho_236: 404
[2025-10-29T10:21:06.442+0000] {fetch_api_data.py:79} WARNING - Failed to fetch data for Danny_Ward_457: 404
[2025-10-29T10:21:07.054+0000] {fetch_api_data.py:79} WARNING - Failed to fetch data for Rachid_Ghezzal_492: 404
[2025-10-29T10:21:07.676+0000] {fetch_api_data.py:79} WARNING - Failed to fetch data for Filip_Benkovic_501: 404
[2025-10-29T10:21:09.252+0000] {fetch_api_data.py:79} WARNING - Failed to fetch data for Çaglar_Söyüncü_515: 404
[2025-10-29T10:21:11.244+0000] {fetch_api_data.py:79} WARNING - Failed to fetch data for Nampalys_Mendy_527: 404
[2025-10-29T10:21:12.391+0000] {fetch_api_data.py:79} WARNING - Failed to fetch data for Josh_Knight_558: 404
[2025-10-29T10:21:13.072+0000] {fetch_api_data.py:79} WARNING - Failed to fetch data for Harvey_Barnes_571: 404
[2025-10-29T10:21:13.817+0000] {fetch_api_data.py:79} WARNING - Failed to fetch data for Youri_Tielemans_591: 404
[2025-10-29T10:21:14.711+0000] {fetch_api_data.py:79} WARNING - Failed to fetch data for Simon_Mignolet_237: 404
[2025-10-29T10:21:15.603+0000] {fetch_api_data.py:79} WARNING - Failed to fetch data for Loris_Karius_238: 404
[2025-10-29T10:21:16.492+0000] {fetch_api_data.py:79} WARNING - Failed to fetch data for Dejan_Lovren_239: 404
[2025-10-29T10:21:17.096+0000] {fetch_api_data.py:79} WARNING - Failed to fetch data for Alberto_Moreno_240: 404
[2025-10-29T10:21:17.734+0000] {fetch_api_data.py:79} WARNING - Failed to fetch data for Joseph_Gomez_242: 404
[2025-10-29T10:21:18.343+0000] {fetch_api_data.py:79} WARNING - Failed to fetch data for Joel_Matip_243: 404
[2025-10-29T10:21:18.982+0000] {fetch_api_data.py:79} WARNING - Failed to fetch data for Ragnar_Klavan_244: 404
[2025-10-29T10:21:19.719+0000] {fetch_api_data.py:79} WARNING - Failed to fetch data for Trent_Alexander-Arnold_245: 404
[2025-10-29T10:21:20.312+0000] {fetch_api_data.py:79} WARNING - Failed to fetch data for Virgil_van Dijk_246: 404
[2025-10-29T10:21:20.908+0000] {fetch_api_data.py:79} WARNING - Failed to fetch data for Andrew_Robertson_247: 404
[2025-10-29T10:21:21.640+0000] {fetch_api_data.py:79} WARNING - Failed to fetch data for Alex_Oxlade-Chamberlain_248: 404
[2025-10-29T10:21:22.293+0000] {fetch_api_data.py:79} WARNING - Failed to fetch data for Jordan_Henderson_249: 404
[2025-10-29T10:21:22.902+0000] {fetch_api_data.py:79} WARNING - Failed to fetch data for Adam_Lallana_250: 404
[2025-10-29T10:21:23.548+0000] {fetch_api_data.py:79} WARNING - Failed to fetch data for Sadio_Mané_251: 404
[2025-10-29T10:21:24.277+0000] {fetch_api_data.py:79} WARNING - Failed to fetch data for Georginio_Wijnaldum_252: 404
[2025-10-29T10:21:24.918+0000] {fetch_api_data.py:79} WARNING - Failed to fetch data for Mohamed_Salah_253: 404
[2025-10-29T10:21:25.537+0000] {fetch_api_data.py:79} WARNING - Failed to fetch data for James_Milner_254: 404
[2025-10-29T10:21:26.102+0000] {fetch_api_data.py:79} WARNING - Failed to fetch data for Fabio Henrique_Tavares_255: 404
[2025-10-29T10:21:26.791+0000] {fetch_api_data.py:79} WARNING - Failed to fetch data for Naby_Keita_256: 404
[2025-10-29T10:21:27.432+0000] {fetch_api_data.py:79} WARNING - Failed to fetch data for Roberto_Firmino_257: 404
[2025-10-29T10:21:28.020+0000] {fetch_api_data.py:79} WARNING - Failed to fetch data for Xherdan_Shaqiri_462: 404
[2025-10-29T10:21:28.595+0000] {fetch_api_data.py:79} WARNING - Failed to fetch data for Alisson_Ramses Becker_468: 404
[2025-10-29T10:21:29.185+0000] {fetch_api_data.py:79} WARNING - Failed to fetch data for Daniel_Sturridge_472: 404
[2025-10-29T10:21:29.793+0000] {fetch_api_data.py:79} WARNING - Failed to fetch data for Divock_Origi_543: 404
[2025-10-29T10:21:30.470+0000] {fetch_api_data.py:79} WARNING - Failed to fetch data for Rafael_Camacho_557: 404
[2025-10-29T10:21:31.070+0000] {fetch_api_data.py:79} WARNING - Failed to fetch data for Curtis_Jones_597: 404
[2025-10-29T10:21:31.648+0000] {fetch_api_data.py:79} WARNING - Failed to fetch data for Riyad_Mahrez_223: 404
[2025-10-29T10:21:32.234+0000] {fetch_api_data.py:79} WARNING - Failed to fetch data for Ederson_Santana de Moraes_260: 404
[2025-10-29T10:21:32.871+0000] {fetch_api_data.py:79} WARNING - Failed to fetch data for Claudio_Bravo_261: 404
[2025-10-29T10:21:33.480+0000] {fetch_api_data.py:79} WARNING - Failed to fetch data for John_Stones_262: 404
[2025-10-29T10:21:34.076+0000] {fetch_api_data.py:79} WARNING - Failed to fetch data for Vincent_Kompany_263: 404
[2025-10-29T10:21:34.671+0000] {fetch_api_data.py:79} WARNING - Failed to fetch data for Nicolás_Otamendi_264: 404
[2025-10-29T10:21:35.256+0000] {fetch_api_data.py:79} WARNING - Failed to fetch data for Kyle_Walker_265: 404
[2025-10-29T10:21:35.829+0000] {fetch_api_data.py:79} WARNING - Failed to fetch data for Danilo Luiz_da Silva_266: 404
[2025-10-29T10:21:36.431+0000] {fetch_api_data.py:79} WARNING - Failed to fetch data for Benjamin_Mendy_267: 404
[2025-10-29T10:21:37.039+0000] {fetch_api_data.py:79} WARNING - Failed to fetch data for Aymeric_Laporte_268: 404
[2025-10-29T10:21:37.631+0000] {fetch_api_data.py:79} WARNING - Failed to fetch data for Fabian_Delph_269: 404
[2025-10-29T10:21:38.233+0000] {fetch_api_data.py:79} WARNING - Failed to fetch data for Raheem_Sterling_270: 404
[2025-10-29T10:21:38.825+0000] {fetch_api_data.py:79} WARNING - Failed to fetch data for David_Silva_271: 404
[2025-10-29T10:21:39.480+0000] {fetch_api_data.py:79} WARNING - Failed to fetch data for Fernando_Luiz Rosa_272: 404
[2025-10-29T10:21:40.173+0000] {fetch_api_data.py:79} WARNING - Failed to fetch data for Kevin_De Bruyne_273: 404
[2025-10-29T10:21:41.496+0000] {fetch_api_data.py:79} WARNING - Failed to fetch data for Ilkay_Gündogan_274: 404
[2025-10-29T10:21:42.284+0000] {fetch_api_data.py:79} WARNING - Failed to fetch data for Leroy_Sané_275: 404
[2025-10-29T10:21:42.870+0000] {fetch_api_data.py:79} WARNING - Failed to fetch data for Bernardo Mota_Veiga de Carvalho e Silva_276: 404
[2025-10-29T10:21:43.481+0000] {fetch_api_data.py:79} WARNING - Failed to fetch data for Phil_Foden_277: 404
[2025-10-29T10:21:44.138+0000] {fetch_api_data.py:79} WARNING - Failed to fetch data for Brahim_Diaz_278: 404
[2025-10-29T10:21:45.096+0000] {fetch_api_data.py:79} WARNING - Failed to fetch data for Oleksandr_Zinchenko_279: 404
[2025-10-29T10:21:45.754+0000] {fetch_api_data.py:79} WARNING - Failed to fetch data for Sergio_Agüero_280: 404
[2025-10-29T10:21:46.344+0000] {fetch_api_data.py:79} WARNING - Failed to fetch data for Gabriel Fernando_de Jesus_281: 404
[2025-10-29T10:21:46.970+0000] {fetch_api_data.py:79} WARNING - Failed to fetch data for Arijanet_Muric_529: 404
[2025-10-29T10:21:47.549+0000] {fetch_api_data.py:79} WARNING - Failed to fetch data for Philippe_Sandler_604: 404
[2025-10-29T10:21:48.206+0000] {fetch_api_data.py:79} WARNING - Failed to fetch data for David_de Gea_282: 404
[2025-10-29T10:21:48.773+0000] {fetch_api_data.py:79} WARNING - Failed to fetch data for Sergio_Romero_283: 404
[2025-10-29T10:21:49.369+0000] {fetch_api_data.py:79} WARNING - Failed to fetch data for Chris_Smalling_284: 404
[2025-10-29T10:21:49.947+0000] {fetch_api_data.py:79} WARNING - Failed to fetch data for Phil_Jones_285: 404
[2025-10-29T10:21:50.522+0000] {fetch_api_data.py:79} WARNING - Failed to fetch data for Luke_Shaw_286: 404
[2025-10-29T10:21:51.110+0000] {fetch_api_data.py:79} WARNING - Failed to fetch data for Marcos_Rojo_287: 404
[2025-10-29T10:21:51.714+0000] {fetch_api_data.py:79} WARNING - Failed to fetch data for Antonio_Valencia_288: 404
[2025-10-29T10:21:52.287+0000] {fetch_api_data.py:79} WARNING - Failed to fetch data for Matteo_Darmian_289: 404
[2025-10-29T10:21:52.883+0000] {fetch_api_data.py:79} WARNING - Failed to fetch data for Daley_Blind_290: 404
[2025-10-29T10:21:53.500+0000] {fetch_api_data.py:79} WARNING - Failed to fetch data for Eric_Bailly_291: 404
[2025-10-29T10:21:54.138+0000] {fetch_api_data.py:79} WARNING - Failed to fetch data for Victor_Lindelöf_292: 404
[2025-10-29T10:21:54.818+0000] {fetch_api_data.py:79} WARNING - Failed to fetch data for Ashley_Young_293: 404
[2025-10-29T10:21:55.462+0000] {fetch_api_data.py:79} WARNING - Failed to fetch data for José Diogo_Dalot Teixeira_294: 404
[2025-10-29T10:21:56.050+0000] {fetch_api_data.py:79} WARNING - Failed to fetch data for Alexis_Sánchez_295: 404
[2025-10-29T10:21:56.701+0000] {fetch_api_data.py:79} WARNING - Failed to fetch data for Nemanja_Matic_296: 404
[2025-10-29T10:21:57.343+0000] {fetch_api_data.py:79} WARNING - Failed to fetch data for Juan_Mata_297: 404
[2025-10-29T10:21:57.957+0000] {fetch_api_data.py:79} WARNING - Failed to fetch data for Marouane_Fellaini_298: 404
[2025-10-29T10:21:58.543+0000] {fetch_api_data.py:79} WARNING - Failed to fetch data for Ander_Herrera_299: 404
[2025-10-29T10:21:59.114+0000] {fetch_api_data.py:79} WARNING - Failed to fetch data for Jesse_Lingard_300: 404
[2025-10-29T10:21:59.788+0000] {fetch_api_data.py:79} WARNING - Failed to fetch data for Anthony_Martial_301: 404
[2025-10-29T10:22:00.377+0000] {fetch_api_data.py:79} WARNING - Failed to fetch data for Paul_Pogba_302: 404
[2025-10-29T10:22:00.961+0000] {fetch_api_data.py:79} WARNING - Failed to fetch data for Scott_McTominay_303: 404
[2025-10-29T10:22:01.588+0000] {fetch_api_data.py:79} WARNING - Failed to fetch data for Frederico_Rodrigues de Paula Santos_304: 404
[2025-10-29T10:22:02.312+0000] {fetch_api_data.py:79} WARNING - Failed to fetch data for Marcus_Rashford_305: 404
[2025-10-29T10:22:02.925+0000] {fetch_api_data.py:79} WARNING - Failed to fetch data for Romelu_Lukaku_306: 404
[2025-10-29T10:22:03.563+0000] {fetch_api_data.py:79} WARNING - Failed to fetch data for Andreas_Pereira_481: 404
[2025-10-29T10:22:04.147+0000] {fetch_api_data.py:79} WARNING - Failed to fetch data for Lee_Grant_520: 404
[2025-10-29T10:22:04.787+0000] {fetch_api_data.py:79} WARNING - Failed to fetch data for Angel_Gomes_568: 404
[2025-10-29T10:22:05.361+0000] {fetch_api_data.py:79} WARNING - Failed to fetch data for James_Garner_602: 404
[2025-10-29T10:22:05.953+0000] {fetch_api_data.py:79} WARNING - Failed to fetch data for Tahith_Chong_603: 404
[2025-10-29T10:22:06.601+0000] {fetch_api_data.py:79} WARNING - Failed to fetch data for Mason_Greenwood_608: 404
[2025-10-29T10:22:07.469+0000] {fetch_api_data.py:79} WARNING - Failed to fetch data for Robert_Elliot_307: 404
[2025-10-29T10:22:08.057+0000] {fetch_api_data.py:79} WARNING - Failed to fetch data for Karl_Darlow_308: 404
[2025-10-29T10:22:08.674+0000] {fetch_api_data.py:79} WARNING - Failed to fetch data for Martin_Dubravka_309: 404
[2025-10-29T10:22:09.325+0000] {fetch_api_data.py:79} WARNING - Failed to fetch data for DeAndre_Yedlin_310: 404
[2025-10-29T10:22:09.891+0000] {fetch_api_data.py:79} WARNING - Failed to fetch data for Ciaran_Clark_311: 404
[2025-10-29T10:22:10.481+0000] {fetch_api_data.py:79} WARNING - Failed to fetch data for Jamaal_Lascelles_312: 404
[2025-10-29T10:22:11.115+0000] {fetch_api_data.py:79} WARNING - Failed to fetch data for Paul_Dummett_313: 404
[2025-10-29T10:22:11.705+0000] {fetch_api_data.py:79} WARNING - Failed to fetch data for Florian_Lejeune_314: 404
[2025-10-29T10:22:12.351+0000] {fetch_api_data.py:79} WARNING - Failed to fetch data for Javier_Manquillo_315: 404
[2025-10-29T10:22:13.059+0000] {fetch_api_data.py:79} WARNING - Failed to fetch data for Chancel_Mbemba_316: 404
[2025-10-29T10:22:13.640+0000] {fetch_api_data.py:79} WARNING - Failed to fetch data for Matt_Ritchie_317: 404
[2025-10-29T10:22:14.262+0000] {fetch_api_data.py:79} WARNING - Failed to fetch data for Jonjo_Shelvey_318: 404
[2025-10-29T10:22:14.838+0000] {fetch_api_data.py:79} WARNING - Failed to fetch data for Mohamed_Diamé_319: 404
[2025-10-29T10:22:15.442+0000] {fetch_api_data.py:79} WARNING - Failed to fetch data for Christian_Atsu_320: 404
[2025-10-29T10:22:16.070+0000] {fetch_api_data.py:79} WARNING - Failed to fetch data for Jacob_Murphy_321: 404
[2025-10-29T10:22:16.716+0000] {fetch_api_data.py:79} WARNING - Failed to fetch data for Mikel_Merino_322: 404
[2025-10-29T10:22:17.351+0000] {fetch_api_data.py:79} WARNING - Failed to fetch data for Isaac_Hayden_323: 404
[2025-10-29T10:22:17.945+0000] {fetch_api_data.py:79} WARNING - Failed to fetch data for Sung-yueng_Ki_324: 404
[2025-10-29T10:22:18.666+0000] {fetch_api_data.py:79} WARNING - Failed to fetch data for Dwight_Gayle_325: 404
[2025-10-29T10:22:19.246+0000] {fetch_api_data.py:79} WARNING - Failed to fetch data for Ayoze_Pérez_326: 404
[2025-10-29T10:22:19.863+0000] {fetch_api_data.py:79} WARNING - Failed to fetch data for Jose Luis_Mato Sanmartín_327: 404
[2025-10-29T10:22:20.666+0000] {fetch_api_data.py:79} WARNING - Failed to fetch data for Robert Kenedy_Nunes do Nascimento_458: 404
[2025-10-29T10:22:21.327+0000] {fetch_api_data.py:79} WARNING - Failed to fetch data for Fabian_Schär_482: 404
[2025-10-29T10:22:21.980+0000] {fetch_api_data.py:79} WARNING - Failed to fetch data for Yoshinori_Muto_488: 404
[2025-10-29T10:22:22.595+0000] {fetch_api_data.py:79} WARNING - Failed to fetch data for Salomón_Rondón_493: 404
[2025-10-29T10:22:23.221+0000] {fetch_api_data.py:79} WARNING - Failed to fetch data for Federico_Fernández_516: 404
[2025-10-29T10:22:23.932+0000] {fetch_api_data.py:79} WARNING - Failed to fetch data for Jamie_Sterry_530: 404
[2025-10-29T10:22:24.584+0000] {fetch_api_data.py:79} WARNING - Failed to fetch data for Sean_Longstaff_531: 404
[2025-10-29T10:22:25.197+0000] {fetch_api_data.py:79} WARNING - Failed to fetch data for Frederick_Woodman_553: 404
[2025-10-29T10:22:25.785+0000] {fetch_api_data.py:79} WARNING - Failed to fetch data for Callum_Roberts_577: 404
[2025-10-29T10:22:26.382+0000] {fetch_api_data.py:79} WARNING - Failed to fetch data for Miguel_Almirón_587: 404
[2025-10-29T10:22:27.003+0000] {fetch_api_data.py:79} WARNING - Failed to fetch data for Antonio_Barreca_588: 404
[2025-10-29T10:22:27.575+0000] {fetch_api_data.py:79} WARNING - Failed to fetch data for Kelland_Watts_622: 404
[2025-10-29T10:22:28.198+0000] {fetch_api_data.py:79} WARNING - Failed to fetch data for Lewis_Cass_623: 404
[2025-10-29T10:22:28.836+0000] {fetch_api_data.py:79} WARNING - Failed to fetch data for Danny_Ings_258: 404
[2025-10-29T10:22:29.476+0000] {fetch_api_data.py:79} WARNING - Failed to fetch data for Alex_McCarthy_328: 404
[2025-10-29T10:22:30.056+0000] {fetch_api_data.py:79} WARNING - Failed to fetch data for Fraser_Forster_329: 404
[2025-10-29T10:22:30.617+0000] {fetch_api_data.py:79} WARNING - Failed to fetch data for Ryan_Bertrand_330: 404
[2025-10-29T10:22:31.256+0000] {fetch_api_data.py:79} WARNING - Failed to fetch data for Maya_Yoshida_331: 404
[2025-10-29T10:22:31.918+0000] {fetch_api_data.py:79} WARNING - Failed to fetch data for Cédric_Soares_332: 404
[2025-10-29T10:22:32.531+0000] {fetch_api_data.py:79} WARNING - Failed to fetch data for Jack_Stephens_333: 404
[2025-10-29T10:22:33.141+0000] {fetch_api_data.py:79} WARNING - Failed to fetch data for Sam_McQueen_334: 404
[2025-10-29T10:22:33.728+0000] {fetch_api_data.py:79} WARNING - Failed to fetch data for Jan_Bednarek_335: 404
[2025-10-29T10:22:34.349+0000] {fetch_api_data.py:79} WARNING - Failed to fetch data for Wesley_Hoedt_336: 404
[2025-10-29T10:22:34.939+0000] {fetch_api_data.py:79} WARNING - Failed to fetch data for Steven_Davis_337: 404
[2025-10-29T10:22:35.532+0000] {fetch_api_data.py:79} WARNING - Failed to fetch data for James_Ward-Prowse_338: 404
[2025-10-29T10:22:36.151+0000] {fetch_api_data.py:79} WARNING - Failed to fetch data for Oriol_Romeu Vidal_339: 404
[2025-10-29T10:22:36.745+0000] {fetch_api_data.py:79} WARNING - Failed to fetch data for Pierre-Emile_Højbjerg_340: 404
[2025-10-29T10:22:37.386+0000] {fetch_api_data.py:79} WARNING - Failed to fetch data for Sofiane_Boufal_341: 404
[2025-10-29T10:22:38.052+0000] {fetch_api_data.py:79} WARNING - Failed to fetch data for Joshua_Sims_342: 404
[2025-10-29T10:22:38.632+0000] {fetch_api_data.py:79} WARNING - Failed to fetch data for Nathan_Redmond_343: 404
[2025-10-29T10:22:39.273+0000] {fetch_api_data.py:79} WARNING - Failed to fetch data for Mario_Lemina_344: 404
[2025-10-29T10:22:39.911+0000] {fetch_api_data.py:79} WARNING - Failed to fetch data for Stuart_Armstrong_345: 404
[2025-10-29T10:22:40.529+0000] {fetch_api_data.py:79} WARNING - Failed to fetch data for Mohamed_Elyounoussi_346: 404
[2025-10-29T10:22:41.151+0000] {fetch_api_data.py:79} WARNING - Failed to fetch data for Shane_Long_347: 404
[2025-10-29T10:22:41.798+0000] {fetch_api_data.py:79} WARNING - Failed to fetch data for Charlie_Austin_348: 404
[2025-10-29T10:22:42.433+0000] {fetch_api_data.py:79} WARNING - Failed to fetch data for Manolo_Gabbiadini_349: 404
[2025-10-29T10:22:43.059+0000] {fetch_api_data.py:79} WARNING - Failed to fetch data for Guido_Carrillo_350: 404
[2025-10-29T10:22:43.703+0000] {fetch_api_data.py:79} WARNING - Failed to fetch data for Angus_Gunn_452: 404
[2025-10-29T10:22:44.302+0000] {fetch_api_data.py:79} WARNING - Failed to fetch data for Jannik_Vestergaard_463: 404
[2025-10-29T10:22:44.999+0000] {fetch_api_data.py:79} WARNING - Failed to fetch data for Matt_Targett_479: 404
[2025-10-29T10:22:45.818+0000] {fetch_api_data.py:79} WARNING - Failed to fetch data for Michael_Obafemi_550: 404
[2025-10-29T10:22:46.731+0000] {fetch_api_data.py:79} WARNING - Failed to fetch data for Yan_Valery_556: 404
[2025-10-29T10:22:47.441+0000] {fetch_api_data.py:79} WARNING - Failed to fetch data for Tyreke_Johnson_562: 404
[2025-10-29T10:22:48.071+0000] {fetch_api_data.py:79} WARNING - Failed to fetch data for Kayne_Ramsay_565: 404
[2025-10-29T10:22:48.689+0000] {fetch_api_data.py:79} WARNING - Failed to fetch data for Callum_Slattery_570: 404
[2025-10-29T10:22:49.255+0000] {fetch_api_data.py:79} WARNING - Failed to fetch data for Sam_Gallagher_574: 404
[2025-10-29T10:22:49.832+0000] {fetch_api_data.py:79} WARNING - Failed to fetch data for Alfie_Jones_595: 404
[2025-10-29T10:22:50.421+0000] {fetch_api_data.py:79} WARNING - Failed to fetch data for Hugo_Lloris_351: 404
[2025-10-29T10:22:51.056+0000] {fetch_api_data.py:79} WARNING - Failed to fetch data for Michel_Vorm_352: 404
[2025-10-29T10:22:51.685+0000] {fetch_api_data.py:79} WARNING - Failed to fetch data for Toby_Alderweireld_353: 404
[2025-10-29T10:22:52.271+0000] {fetch_api_data.py:79} WARNING - Failed to fetch data for Danny_Rose_354: 404
[2025-10-29T10:22:52.894+0000] {fetch_api_data.py:79} WARNING - Failed to fetch data for Jan_Vertonghen_355: 404
[2025-10-29T10:22:53.494+0000] {fetch_api_data.py:79} WARNING - Failed to fetch data for Ben_Davies_356: 404
[2025-10-29T10:22:54.123+0000] {fetch_api_data.py:79} WARNING - Failed to fetch data for Kieran_Trippier_357: 404
[2025-10-29T10:22:54.768+0000] {fetch_api_data.py:79} WARNING - Failed to fetch data for Kyle_Walker-Peters_358: 404
[2025-10-29T10:22:55.331+0000] {fetch_api_data.py:79} WARNING - Failed to fetch data for Davinson_Sánchez_359: 404
[2025-10-29T10:22:55.945+0000] {fetch_api_data.py:79} WARNING - Failed to fetch data for Serge_Aurier_360: 404
[2025-10-29T10:22:56.521+0000] {fetch_api_data.py:79} WARNING - Failed to fetch data for Eric_Dier_361: 404
[2025-10-29T10:22:57.123+0000] {fetch_api_data.py:79} WARNING - Failed to fetch data for Mousa_Dembélé_362: 404
[2025-10-29T10:22:57.709+0000] {fetch_api_data.py:79} WARNING - Failed to fetch data for Erik_Lamela_363: 404
[2025-10-29T10:22:58.291+0000] {fetch_api_data.py:79} WARNING - Failed to fetch data for Christian_Eriksen_364: 404
[2025-10-29T10:22:58.866+0000] {fetch_api_data.py:79} WARNING - Failed to fetch data for Bamidele_Alli_365: 404
[2025-10-29T10:22:59.486+0000] {fetch_api_data.py:79} WARNING - Failed to fetch data for Victor_Wanyama_366: 404
[2025-10-29T10:23:00.075+0000] {fetch_api_data.py:79} WARNING - Failed to fetch data for Heung-Min_Son_367: 404
[2025-10-29T10:23:00.694+0000] {fetch_api_data.py:79} WARNING - Failed to fetch data for Harry_Winks_368: 404
[2025-10-29T10:23:01.274+0000] {fetch_api_data.py:79} WARNING - Failed to fetch data for Moussa_Sissoko_369: 404
[2025-10-29T10:23:01.856+0000] {fetch_api_data.py:79} WARNING - Failed to fetch data for Lucas_Rodrigues Moura da Silva_370: 404
[2025-10-29T10:23:02.430+0000] {fetch_api_data.py:79} WARNING - Failed to fetch data for Fernando_Llorente_371: 404
[2025-10-29T10:23:03.012+0000] {fetch_api_data.py:79} WARNING - Failed to fetch data for Harry_Kane_372: 404
[2025-10-29T10:23:03.635+0000] {fetch_api_data.py:79} WARNING - Failed to fetch data for Georges-Kévin_Nkoudou_497: 404
[2025-10-29T10:23:04.253+0000] {fetch_api_data.py:79} WARNING - Failed to fetch data for Luke_Amos_523: 404
[2025-10-29T10:23:04.861+0000] {fetch_api_data.py:79} WARNING - Failed to fetch data for Paulo_Gazzaniga_536: 404
[2025-10-29T10:23:05.546+0000] {fetch_api_data.py:79} WARNING - Failed to fetch data for Alfie_Whiteman_538: 404
[2025-10-29T10:23:06.172+0000] {fetch_api_data.py:79} WARNING - Failed to fetch data for Oliver_Skipp_540: 404
[2025-10-29T10:23:06.748+0000] {fetch_api_data.py:79} WARNING - Failed to fetch data for Juan_Foyth_549: 404
[2025-10-29T10:23:07.399+0000] {fetch_api_data.py:79} WARNING - Failed to fetch data for Timothy_Eyoma_561: 404
[2025-10-29T10:23:08.010+0000] {fetch_api_data.py:79} WARNING - Failed to fetch data for Kazaiah_Sterling_578: 404
[2025-10-29T10:23:08.617+0000] {fetch_api_data.py:79} WARNING - Failed to fetch data for George_Marsh_612: 404
[2025-10-29T10:23:09.217+0000] {fetch_api_data.py:79} WARNING - Failed to fetch data for Vincent_Janssen_614: 404
[2025-10-29T10:23:09.868+0000] {fetch_api_data.py:79} WARNING - Failed to fetch data for Heurelho_Gomes_373: 404
[2025-10-29T10:23:10.467+0000] {fetch_api_data.py:79} WARNING - Failed to fetch data for Pontus_Dahlberg_374: 404
[2025-10-29T10:23:11.085+0000] {fetch_api_data.py:79} WARNING - Failed to fetch data for Younes_Kaboul_375: 404
[2025-10-29T10:23:11.696+0000] {fetch_api_data.py:79} WARNING - Failed to fetch data for Craig_Cathcart_376: 404
[2025-10-29T10:23:12.287+0000] {fetch_api_data.py:79} WARNING - Failed to fetch data for Sebastian_Prödl_377: 404
[2025-10-29T10:23:12.882+0000] {fetch_api_data.py:79} WARNING - Failed to fetch data for José_Holebas_378: 404
[2025-10-29T10:23:13.458+0000] {fetch_api_data.py:79} WARNING - Failed to fetch data for Miguel_Britos_379: 404
[2025-10-29T10:23:14.161+0000] {fetch_api_data.py:79} WARNING - Failed to fetch data for Christian_Kabasele_380: 404
[2025-10-29T10:23:14.825+0000] {fetch_api_data.py:79} WARNING - Failed to fetch data for Daryl_Janmaat_381: 404
[2025-10-29T10:23:15.524+0000] {fetch_api_data.py:79} WARNING - Failed to fetch data for Adrian_Mariappa_382: 404
[2025-10-29T10:23:16.117+0000] {fetch_api_data.py:79} WARNING - Failed to fetch data for Francisco_Femenía Far_383: 404
[2025-10-29T10:23:16.715+0000] {fetch_api_data.py:79} WARNING - Failed to fetch data for Marvin_Zeegelaar_384: 404
[2025-10-29T10:23:17.639+0000] {fetch_api_data.py:79} WARNING - Failed to fetch data for Marc_Navarro_385: 404
[2025-10-29T10:23:18.401+0000] {fetch_api_data.py:79} WARNING - Failed to fetch data for Adam_Masina_386: 404
[2025-10-29T10:23:19.221+0000] {fetch_api_data.py:79} WARNING - Failed to fetch data for Nathaniel_Chalobah_387: 404
[2025-10-29T10:23:20.232+0000] {fetch_api_data.py:79} WARNING - Failed to fetch data for Tom_Cleverley_388: 404
[2025-10-29T10:23:21.780+0000] {fetch_api_data.py:79} WARNING - Failed to fetch data for Etienne_Capoue_389: 404
[2025-10-29T10:23:22.392+0000] {fetch_api_data.py:79} WARNING - Failed to fetch data for Abdoulaye_Doucouré_390: 404
[2025-10-29T10:23:23.014+0000] {fetch_api_data.py:79} WARNING - Failed to fetch data for Roberto_Pereyra_391: 404
[2025-10-29T10:23:23.750+0000] {fetch_api_data.py:79} WARNING - Failed to fetch data for Will_Hughes_392: 404
[2025-10-29T10:23:24.326+0000] {fetch_api_data.py:79} WARNING - Failed to fetch data for Gerard_Deulofeu_394: 404
[2025-10-29T10:23:24.905+0000] {fetch_api_data.py:79} WARNING - Failed to fetch data for Andre_Gray_395: 404
[2025-10-29T10:23:25.529+0000] {fetch_api_data.py:79} WARNING - Failed to fetch data for Troy_Deeney_396: 404
[2025-10-29T10:23:26.155+0000] {fetch_api_data.py:79} WARNING - Failed to fetch data for Stefano_Okaka_397: 404
[2025-10-29T10:23:26.780+0000] {fetch_api_data.py:79} WARNING - Failed to fetch data for Jerome_Sinclair_398: 404
[2025-10-29T10:23:27.371+0000] {fetch_api_data.py:79} WARNING - Failed to fetch data for Ben_Foster_445: 404
[2025-10-29T10:23:27.987+0000] {fetch_api_data.py:79} WARNING - Failed to fetch data for Ken_Sema_446: 404
[2025-10-29T10:23:28.606+0000] {fetch_api_data.py:79} WARNING - Failed to fetch data for Domingos_Quina_517: 404
[2025-10-29T10:23:29.217+0000] {fetch_api_data.py:79} WARNING - Failed to fetch data for Isaac_Success Ajayi_524: 404
[2025-10-29T10:23:29.874+0000] {fetch_api_data.py:79} WARNING - Failed to fetch data for Ben_Wilmot_544: 404
[2025-10-29T10:23:30.589+0000] {fetch_api_data.py:79} WARNING - Failed to fetch data for Adalberto_Peñaranda_554: 404
[2025-10-29T10:23:31.288+0000] {fetch_api_data.py:79} WARNING - Failed to fetch data for Adrián_San Miguel del Castillo_399: 404
[2025-10-29T10:23:31.942+0000] {fetch_api_data.py:79} WARNING - Failed to fetch data for Lukasz_Fabianski_400: 404
[2025-10-29T10:23:32.557+0000] {fetch_api_data.py:79} WARNING - Failed to fetch data for Winston_Reid_401: 404
[2025-10-29T10:23:33.176+0000] {fetch_api_data.py:79} WARNING - Failed to fetch data for Aaron_Cresswell_402: 404
[2025-10-29T10:23:33.822+0000] {fetch_api_data.py:79} WARNING - Failed to fetch data for Angelo_Ogbonna_403: 404
[2025-10-29T10:23:34.779+0000] {fetch_api_data.py:79} WARNING - Failed to fetch data for Sam_Byram_404: 404
[2025-10-29T10:23:36.250+0000] {fetch_api_data.py:79} WARNING - Failed to fetch data for Pablo_Zabaleta_405: 404
[2025-10-29T10:23:38.304+0000] {fetch_api_data.py:79} WARNING - Failed to fetch data for Declan_Rice_406: 404
[2025-10-29T10:23:39.480+0000] {fetch_api_data.py:79} WARNING - Failed to fetch data for Reece_Oxford_407: 404
[2025-10-29T10:23:40.331+0000] {fetch_api_data.py:79} WARNING - Failed to fetch data for Ryan_Fredericks_408: 404
[2025-10-29T10:23:41.487+0000] {fetch_api_data.py:79} WARNING - Failed to fetch data for Issa_Diop_409: 404
[2025-10-29T10:23:42.063+0000] {fetch_api_data.py:79} WARNING - Failed to fetch data for Arthur_Masuaku_410: 404
[2025-10-29T10:23:42.648+0000] {fetch_api_data.py:79} WARNING - Failed to fetch data for Mark_Noble_411: 404
[2025-10-29T10:23:43.235+0000] {fetch_api_data.py:79} WARNING - Failed to fetch data for Pedro_Obiang_413: 404
[2025-10-29T10:23:43.812+0000] {fetch_api_data.py:79} WARNING - Failed to fetch data for Manuel_Lanzini_414: 404
[2025-10-29T10:23:44.389+0000] {fetch_api_data.py:79} WARNING - Failed to fetch data for Michail_Antonio_415: 404
[2025-10-29T10:23:45.015+0000] {fetch_api_data.py:79} WARNING - Failed to fetch data for Edimilson_Fernandes_416: 404
[2025-10-29T10:23:45.640+0000] {fetch_api_data.py:79} WARNING - Failed to fetch data for Marko_Arnautovic_417: 404
[2025-10-29T10:23:46.301+0000] {fetch_api_data.py:79} WARNING - Failed to fetch data for Andy_Carroll_418: 404
[2025-10-29T10:23:47.050+0000] {fetch_api_data.py:79} WARNING - Failed to fetch data for Javier_Hernández Balcázar_419: 404
[2025-10-29T10:23:47.669+0000] {fetch_api_data.py:79} WARNING - Failed to fetch data for Jordan_Hugill_420: 404
[2025-10-29T10:23:48.299+0000] {fetch_api_data.py:79} WARNING - Failed to fetch data for Jack_Wilshere_447: 404
[2025-10-29T10:23:48.934+0000] {fetch_api_data.py:79} WARNING - Failed to fetch data for Andriy_Yarmolenko_453: 404
[2025-10-29T10:23:49.514+0000] {fetch_api_data.py:79} WARNING - Failed to fetch data for Fabián_Balbuena_464: 404
[2025-10-29T10:23:50.124+0000] {fetch_api_data.py:79} WARNING - Failed to fetch data for Felipe Anderson_Pereira Gomes_465: 404
[2025-10-29T10:23:50.733+0000] {fetch_api_data.py:79} WARNING - Failed to fetch data for Robert_Snodgrass_489: 404
[2025-10-29T10:23:51.372+0000] {fetch_api_data.py:79} WARNING - Failed to fetch data for Lucas_Pérez_502: 404
[2025-10-29T10:23:52.009+0000] {fetch_api_data.py:79} WARNING - Failed to fetch data for Carlos_Sánchez_518: 404
[2025-10-29T10:23:52.584+0000] {fetch_api_data.py:79} WARNING - Failed to fetch data for Grady_Diangana_539: 404
[2025-10-29T10:23:53.204+0000] {fetch_api_data.py:79} WARNING - Failed to fetch data for Joe_Powell_547: 404
[2025-10-29T10:23:53.816+0000] {fetch_api_data.py:79} WARNING - Failed to fetch data for Conor_Coventry_548: 404
[2025-10-29T10:23:54.480+0000] {fetch_api_data.py:79} WARNING - Failed to fetch data for Alexandre Nascimento_Costa Silva_560: 404
[2025-10-29T10:23:55.079+0000] {fetch_api_data.py:79} WARNING - Failed to fetch data for Samir_Nasri_569: 404
[2025-10-29T10:23:55.751+0000] {fetch_api_data.py:79} WARNING - Failed to fetch data for Ben_Johnson_605: 404
[2025-10-29T10:23:56.362+0000] {fetch_api_data.py:79} WARNING - Failed to fetch data for Nathan_Holland_611: 404
[2025-10-29T10:23:56.955+0000] {fetch_api_data.py:79} WARNING - Failed to fetch data for John_Ruddy_421: 404
[2025-10-29T10:23:57.682+0000] {fetch_api_data.py:79} WARNING - Failed to fetch data for Will_Norris_422: 404
[2025-10-29T10:23:58.306+0000] {fetch_api_data.py:79} WARNING - Failed to fetch data for Willy_Boly_423: 404
[2025-10-29T10:23:58.898+0000] {fetch_api_data.py:79} WARNING - Failed to fetch data for Barry_Douglas_424: 404
[2025-10-29T10:23:59.583+0000] {fetch_api_data.py:79} WARNING - Failed to fetch data for Matt_Doherty_425: 404
[2025-10-29T10:24:00.226+0000] {fetch_api_data.py:79} WARNING - Failed to fetch data for Romain_Saïss_426: 404
[2025-10-29T10:24:00.851+0000] {fetch_api_data.py:79} WARNING - Failed to fetch data for Ryan_Bennett_427: 404
[2025-10-29T10:24:01.415+0000] {fetch_api_data.py:79} WARNING - Failed to fetch data for Danny_Batth_428: 404
[2025-10-29T10:24:02.059+0000] {fetch_api_data.py:79} WARNING - Failed to fetch data for Roderick Jefferson_Gonçalves Miranda_429: 404
[2025-10-29T10:24:02.714+0000] {fetch_api_data.py:79} WARNING - Failed to fetch data for Conor_Coady_430: 404
[2025-10-29T10:24:03.387+0000] {fetch_api_data.py:79} WARNING - Failed to fetch data for Rúben Gonçalo_Silva Nascimento Vinagre_431: 404
[2025-10-29T10:24:04.034+0000] {fetch_api_data.py:79} WARNING - Failed to fetch data for Diogo_Jota_432: 404
[2025-10-29T10:24:04.703+0000] {fetch_api_data.py:79} WARNING - Failed to fetch data for Rúben Diogo_da Silva Neves_433: 404
[2025-10-29T10:24:05.319+0000] {fetch_api_data.py:79} WARNING - Failed to fetch data for Ivan_Cavaleiro_434: 404
[2025-10-29T10:24:06.020+0000] {fetch_api_data.py:79} WARNING - Failed to fetch data for Hélder_Costa_435: 404
[2025-10-29T10:24:07.097+0000] {fetch_api_data.py:79} WARNING - Failed to fetch data for Bright_Enobakhare_436: 404
[2025-10-29T10:24:07.768+0000] {fetch_api_data.py:79} WARNING - Failed to fetch data for Raúl_Jiménez_437: 404
[2025-10-29T10:24:08.405+0000] {fetch_api_data.py:79} WARNING - Failed to fetch data for Bonatini Lohner Maia_Bonatini_438: 404
[2025-10-29T10:24:09.037+0000] {fetch_api_data.py:79} WARNING - Failed to fetch data for Morgan_Gibbs-White_448: 404
[2025-10-29T10:24:09.620+0000] {fetch_api_data.py:79} WARNING - Failed to fetch data for Rafa_Mir_449: 404
[2025-10-29T10:24:10.251+0000] {fetch_api_data.py:79} WARNING - Failed to fetch data for Rui Pedro_dos Santos Patrício_454: 404
[2025-10-29T10:24:10.962+0000] {fetch_api_data.py:79} WARNING - Failed to fetch data for João Filipe Iria_Santos Moutinho_475: 404
[2025-10-29T10:24:11.605+0000] {fetch_api_data.py:79} WARNING - Failed to fetch data for Jonathan_Castro Otto_483: 404
[2025-10-29T10:24:12.201+0000] {fetch_api_data.py:79} WARNING - Failed to fetch data for Adama_Traoré_500: 404
[2025-10-29T10:24:12.793+0000] {fetch_api_data.py:79} WARNING - Failed to fetch data for Leander_Dendoncker_519: 404
[2025-10-29T10:24:13.395+0000] {fetch_api_data.py:79} WARNING - Failed to fetch data for Kortney_Hause_525: 404
[2025-10-29T10:24:14.047+0000] {fetch_api_data.py:79} WARNING - Failed to fetch data for Ryan John_Giles_555: 404
[2025-10-29T10:24:14.636+0000] {fetch_api_data.py:79} WARNING - Failed to fetch data for Max_Kilman_567: 404
[2025-10-29T10:24:15.266+0000] {fetch_api_data.py:79} WARNING - Failed to fetch data for Cameron_John_596: 404
[2025-10-29T10:24:15.272+0000] {python.py:183} INFO - Done. Returned value was: []
[2025-10-29T10:24:15.356+0000] {taskinstance.py:1350} INFO - Marking task as SUCCESS. dag_id=fpl_gameweeks_etl, task_id=fetch_players_gw_task, map_index=6, execution_date=20251029T101647, start_date=20251029T101709, end_date=20251029T102415
[2025-10-29T10:24:15.387+0000] {local_task_job_runner.py:225} INFO - Task exited with return code 0
[2025-10-29T10:24:15.429+0000] {taskinstance.py:2653} INFO - 0 downstream tasks scheduled from follow-on schedule check
