[2025-10-25T21:43:35.551+0000] {taskinstance.py:1103} INFO - Dependencies all met for dep_context=non-requeueable deps ti=<TaskInstance: fpl_gameweeks_etl.load_gameweeks_task manual__2025-10-25T21:43:19.412917+00:00 [queued]>
[2025-10-25T21:43:35.573+0000] {taskinstance.py:1103} INFO - Dependencies all met for dep_context=requeueable deps ti=<TaskInstance: fpl_gameweeks_etl.load_gameweeks_task manual__2025-10-25T21:43:19.412917+00:00 [queued]>
[2025-10-25T21:43:35.574+0000] {taskinstance.py:1308} INFO - Starting attempt 1 of 2
[2025-10-25T21:43:35.611+0000] {taskinstance.py:1327} INFO - Executing <Task(_PythonDecoratedOperator): load_gameweeks_task> on 2025-10-25 21:43:19.412917+00:00
[2025-10-25T21:43:35.618+0000] {standard_task_runner.py:57} INFO - Started process 5574 to run task
[2025-10-25T21:43:35.624+0000] {standard_task_runner.py:84} INFO - Running: ['airflow', 'tasks', 'run', 'fpl_gameweeks_etl', 'load_gameweeks_task', 'manual__2025-10-25T21:43:19.412917+00:00', '--job-id', '6478', '--raw', '--subdir', 'DAGS_FOLDER/fpl_gameweeks_dag.py', '--cfg-path', '/tmp/tmp8brwz3zp']
[2025-10-25T21:43:35.626+0000] {standard_task_runner.py:85} INFO - Job 6478: Subtask load_gameweeks_task
[2025-10-25T21:43:35.940+0000] {task_command.py:410} INFO - Running <TaskInstance: fpl_gameweeks_etl.load_gameweeks_task manual__2025-10-25T21:43:19.412917+00:00 [running]> on host 754e4af34fcd
[2025-10-25T21:43:36.160+0000] {taskinstance.py:1547} INFO - Exporting env vars: AIRFLOW_CTX_DAG_OWNER='richardilemon' AIRFLOW_CTX_DAG_ID='fpl_gameweeks_etl' AIRFLOW_CTX_TASK_ID='load_gameweeks_task' AIRFLOW_CTX_EXECUTION_DATE='2025-10-25T21:43:19.412917+00:00' AIRFLOW_CTX_TRY_NUMBER='1' AIRFLOW_CTX_DAG_RUN_ID='manual__2025-10-25T21:43:19.412917+00:00'
[2025-10-25T21:43:36.195+0000] {base.py:73} INFO - Using connection ID 'fpl_db_conn' for task execution.
[2025-10-25T21:43:36.211+0000] {db_config.py:66} INFO - Database Connection Established
[2025-10-25T21:43:36.352+0000] {db_config.py:76} ERROR - Failed to connect to database: object of type 'int' has no len()
[2025-10-25T21:43:36.356+0000] {taskinstance.py:1824} ERROR - Task failed with exception
Traceback (most recent call last):
  File "/home/airflow/.local/lib/python3.7/site-packages/airflow/decorators/base.py", line 220, in execute
    return_value = super().execute(context)
  File "/home/airflow/.local/lib/python3.7/site-packages/airflow/operators/python.py", line 181, in execute
    return_value = self.execute_callable()
  File "/home/airflow/.local/lib/python3.7/site-packages/airflow/operators/python.py", line 198, in execute_callable
    return self.python_callable(*self.op_args, **self.op_kwargs)
  File "/opt/airflow/dags/fpl_gameweeks_dag.py", line 58, in load_gameweeks_task
    return load_gameweeks(gameweeks)
  File "/opt/airflow/scripts/db_config.py", line 68, in wrapper
    result = func(connection, *args, **kwargs)  # fetch_teams_data(_connection)
  File "/opt/airflow/scripts/load_gameweeks.py", line 47, in load_gameweeks
    print(f"✅ Inserted/Updated {len(gw) * len(gameweeks)} gameweeks.")
TypeError: object of type 'int' has no len()
[2025-10-25T21:43:36.430+0000] {taskinstance.py:1350} INFO - Marking task as UP_FOR_RETRY. dag_id=fpl_gameweeks_etl, task_id=load_gameweeks_task, execution_date=20251025T214319, start_date=20251025T214335, end_date=20251025T214336
[2025-10-25T21:43:36.478+0000] {standard_task_runner.py:109} ERROR - Failed to execute job 6478 for task load_gameweeks_task (object of type 'int' has no len(); 5574)
[2025-10-25T21:43:36.519+0000] {local_task_job_runner.py:225} INFO - Task exited with return code 1
[2025-10-25T21:43:37.005+0000] {taskinstance.py:2653} INFO - 0 downstream tasks scheduled from follow-on schedule check
