[2025-05-12T12:11:26.702+0000] {logging_mixin.py:150} INFO - Changing /opt/airflow/logs/dag_id=fpl_etl_pipeline/run_id=scheduled__2025-05-11T00:00:00+00:00/task_id=load_teams permission to 509
[2025-05-12T12:11:26.714+0000] {logging_mixin.py:150} INFO - Failed to change /opt/airflow/logs/dag_id=fpl_etl_pipeline/run_id=scheduled__2025-05-11T00:00:00+00:00/task_id=load_teams permission to 509: [Errno 1] Operation not permitted: '/opt/airflow/logs/dag_id=fpl_etl_pipeline/run_id=scheduled__2025-05-11T00:00:00+00:00/task_id=load_teams'
[2025-05-12T12:11:26.935+0000] {logging_mixin.py:150} INFO - Changing /opt/airflow/logs/dag_id=fpl_etl_pipeline/run_id=scheduled__2025-05-11T00:00:00+00:00/task_id=load_teams permission to 509
[2025-05-12T12:11:26.939+0000] {logging_mixin.py:150} INFO - Failed to change /opt/airflow/logs/dag_id=fpl_etl_pipeline/run_id=scheduled__2025-05-11T00:00:00+00:00/task_id=load_teams permission to 509: [Errno 1] Operation not permitted: '/opt/airflow/logs/dag_id=fpl_etl_pipeline/run_id=scheduled__2025-05-11T00:00:00+00:00/task_id=load_teams'
[2025-05-12T12:11:27.220+0000] {taskinstance.py:1103} INFO - Dependencies all met for dep_context=non-requeueable deps ti=<TaskInstance: fpl_etl_pipeline.load_teams scheduled__2025-05-11T00:00:00+00:00 [queued]>
[2025-05-12T12:11:27.293+0000] {taskinstance.py:1103} INFO - Dependencies all met for dep_context=requeueable deps ti=<TaskInstance: fpl_etl_pipeline.load_teams scheduled__2025-05-11T00:00:00+00:00 [queued]>
[2025-05-12T12:11:27.305+0000] {taskinstance.py:1308} INFO - Starting attempt 2 of 2
[2025-05-12T12:11:27.402+0000] {taskinstance.py:1327} INFO - Executing <Task(PythonOperator): load_teams> on 2025-05-11 00:00:00+00:00
[2025-05-12T12:11:27.429+0000] {standard_task_runner.py:57} INFO - Started process 446 to run task
[2025-05-12T12:11:27.441+0000] {standard_task_runner.py:84} INFO - Running: ['airflow', 'tasks', 'run', 'fpl_etl_pipeline', 'load_teams', 'scheduled__2025-05-11T00:00:00+00:00', '--job-id', '30', '--raw', '--subdir', 'DAGS_FOLDER/fpl_etl_pipeline.py', '--cfg-path', '/tmp/tmp5fpiutls']
[2025-05-12T12:11:27.462+0000] {standard_task_runner.py:85} INFO - Job 30: Subtask load_teams
[2025-05-12T12:11:27.736+0000] {logging_mixin.py:150} INFO - Changing /opt/airflow/logs/dag_id=fpl_etl_pipeline/run_id=scheduled__2025-05-11T00:00:00+00:00/task_id=load_teams permission to 509
[2025-05-12T12:11:27.737+0000] {logging_mixin.py:150} INFO - Failed to change /opt/airflow/logs/dag_id=fpl_etl_pipeline/run_id=scheduled__2025-05-11T00:00:00+00:00/task_id=load_teams permission to 509: [Errno 1] Operation not permitted: '/opt/airflow/logs/dag_id=fpl_etl_pipeline/run_id=scheduled__2025-05-11T00:00:00+00:00/task_id=load_teams'
[2025-05-12T12:11:27.741+0000] {task_command.py:410} INFO - Running <TaskInstance: fpl_etl_pipeline.load_teams scheduled__2025-05-11T00:00:00+00:00 [running]> on host d45b3068fd3d
[2025-05-12T12:11:28.093+0000] {taskinstance.py:1547} INFO - Exporting env vars: AIRFLOW_CTX_DAG_OWNER='richardilemon' AIRFLOW_CTX_DAG_ID='fpl_etl_pipeline' AIRFLOW_CTX_TASK_ID='load_teams' AIRFLOW_CTX_EXECUTION_DATE='2025-05-11T00:00:00+00:00' AIRFLOW_CTX_TRY_NUMBER='2' AIRFLOW_CTX_DAG_RUN_ID='scheduled__2025-05-11T00:00:00+00:00'
[2025-05-12T12:11:28.096+0000] {logging_mixin.py:150} INFO - Creating teams table...
[2025-05-12T12:11:28.098+0000] {logging_mixin.py:150} INFO - Fetching teams for 2016-17...
[2025-05-12T12:11:33.946+0000] {logging_mixin.py:150} INFO - ⚠️ Failed to fetch teams.csv for 2016-17: 404 Client Error: Not Found for url: https://raw.githubusercontent.com/vaastav/Fantasy-Premier-League/master/data/2016-17/teams.csv
[2025-05-12T12:11:33.948+0000] {logging_mixin.py:150} INFO - ⚠️ Skipping 2016-17: No CSV data.
[2025-05-12T12:11:33.949+0000] {logging_mixin.py:150} INFO - Fetching teams for 2017-18...
[2025-05-12T12:11:37.684+0000] {logging_mixin.py:150} INFO - ⚠️ Failed to fetch teams.csv for 2017-18: 404 Client Error: Not Found for url: https://raw.githubusercontent.com/vaastav/Fantasy-Premier-League/master/data/2017-18/teams.csv
[2025-05-12T12:11:37.686+0000] {logging_mixin.py:150} INFO - ⚠️ Skipping 2017-18: No CSV data.
[2025-05-12T12:11:37.687+0000] {logging_mixin.py:150} INFO - Fetching teams for 2018-19...
[2025-05-12T12:11:38.223+0000] {logging_mixin.py:150} INFO - ⚠️ Failed to fetch teams.csv for 2018-19: 404 Client Error: Not Found for url: https://raw.githubusercontent.com/vaastav/Fantasy-Premier-League/master/data/2018-19/teams.csv
[2025-05-12T12:11:38.225+0000] {logging_mixin.py:150} INFO - ⚠️ Skipping 2018-19: No CSV data.
[2025-05-12T12:11:38.226+0000] {logging_mixin.py:150} INFO - Fetching teams for 2019-20...
[2025-05-12T12:11:38.980+0000] {logging_mixin.py:150} INFO - ✅ Loaded teams for 2019-20
[2025-05-12T12:11:38.981+0000] {logging_mixin.py:150} INFO - Fetching teams for 2020-21...
[2025-05-12T12:11:39.587+0000] {logging_mixin.py:150} INFO - ✅ Loaded teams for 2020-21
[2025-05-12T12:11:39.588+0000] {logging_mixin.py:150} INFO - Fetching teams for 2021-22...
[2025-05-12T12:11:40.219+0000] {logging_mixin.py:150} INFO - ✅ Loaded teams for 2021-22
[2025-05-12T12:11:40.220+0000] {logging_mixin.py:150} INFO - Fetching teams for 2022-23...
[2025-05-12T12:11:40.714+0000] {logging_mixin.py:150} INFO - ✅ Loaded teams for 2022-23
[2025-05-12T12:11:40.714+0000] {logging_mixin.py:150} INFO - Fetching teams for 2023-24...
[2025-05-12T12:11:41.379+0000] {logging_mixin.py:150} INFO - ✅ Loaded teams for 2023-24
[2025-05-12T12:11:41.380+0000] {logging_mixin.py:150} INFO - Fetching teams for 2024-25...
[2025-05-12T12:11:42.562+0000] {logging_mixin.py:150} INFO - ✅ Loaded teams for 2024-25
[2025-05-12T12:11:42.562+0000] {logging_mixin.py:150} INFO - ✅ Teams history loaded successfully.
[2025-05-12T12:11:42.570+0000] {logging_mixin.py:150} INFO - Creating teams table...
[2025-05-12T12:11:42.572+0000] {logging_mixin.py:150} INFO - Fetching teams data...
[2025-05-12T12:11:44.672+0000] {logging_mixin.py:150} INFO - Inserting 20 teams into database for season 2024-25...
[2025-05-12T12:11:44.681+0000] {logging_mixin.py:150} INFO - ✅ Teams data loaded successfully.
[2025-05-12T12:11:44.682+0000] {python.py:183} INFO - Done. Returned value was: None
[2025-05-12T12:11:44.701+0000] {taskinstance.py:1350} INFO - Marking task as SUCCESS. dag_id=fpl_etl_pipeline, task_id=load_teams, execution_date=20250511T000000, start_date=20250512T121127, end_date=20250512T121144
[2025-05-12T12:11:44.738+0000] {local_task_job_runner.py:225} INFO - Task exited with return code 0
[2025-05-12T12:11:44.807+0000] {taskinstance.py:2653} INFO - 1 downstream tasks scheduled from follow-on schedule check
