[2025-10-26T11:02:35.335+0000] {taskinstance.py:1103} INFO - Dependencies all met for dep_context=non-requeueable deps ti=<TaskInstance: fpl_gameweeks_etl.fetch_players_gw_task manual__2025-10-26T10:45:30.190961+00:00 map_index=504 [queued]>
[2025-10-26T11:02:35.887+0000] {taskinstance.py:1103} INFO - Dependencies all met for dep_context=requeueable deps ti=<TaskInstance: fpl_gameweeks_etl.fetch_players_gw_task manual__2025-10-26T10:45:30.190961+00:00 map_index=504 [queued]>
[2025-10-26T11:02:35.889+0000] {taskinstance.py:1308} INFO - Starting attempt 1 of 2
[2025-10-26T11:02:36.005+0000] {taskinstance.py:1327} INFO - Executing <Mapped(_PythonDecoratedOperator): fetch_players_gw_task> on 2025-10-26 10:45:30.190961+00:00
[2025-10-26T11:02:36.021+0000] {standard_task_runner.py:57} INFO - Started process 279 to run task
[2025-10-26T11:02:36.064+0000] {standard_task_runner.py:84} INFO - Running: ['airflow', 'tasks', 'run', 'fpl_gameweeks_etl', 'fetch_players_gw_task', 'manual__2025-10-26T10:45:30.190961+00:00', '--job-id', '7763', '--raw', '--subdir', 'DAGS_FOLDER/fpl_gameweeks_dag.py', '--cfg-path', '/tmp/tmpn34p_kyf', '--map-index', '504']
[2025-10-26T11:02:36.074+0000] {standard_task_runner.py:85} INFO - Job 7763: Subtask fetch_players_gw_task
[2025-10-26T11:02:36.480+0000] {task_command.py:410} INFO - Running <TaskInstance: fpl_gameweeks_etl.fetch_players_gw_task manual__2025-10-26T10:45:30.190961+00:00 map_index=504 [running]> on host 9845efddf180
[2025-10-26T11:02:37.696+0000] {taskinstance.py:1547} INFO - Exporting env vars: AIRFLOW_CTX_DAG_OWNER='richardilemon' AIRFLOW_CTX_DAG_ID='fpl_gameweeks_etl' AIRFLOW_CTX_TASK_ID='fetch_players_gw_task' AIRFLOW_CTX_EXECUTION_DATE='2025-10-26T10:45:30.190961+00:00' AIRFLOW_CTX_TRY_NUMBER='1' AIRFLOW_CTX_DAG_RUN_ID='manual__2025-10-26T10:45:30.190961+00:00'
[2025-10-26T11:02:38.342+0000] {fetch_api_data.py:66} INFO - Requested Url -> https://raw.githubusercontent.com/vaastav/Fantasy-Premier-League/master/data/2018-19/players/K/gw.csv
[2025-10-26T11:02:38.916+0000] {fetch_api_data.py:66} INFO - Requested Url -> https://raw.githubusercontent.com/vaastav/Fantasy-Premier-League/master/data/2018-19/players/y/gw.csv
[2025-10-26T11:02:39.439+0000] {fetch_api_data.py:66} INFO - Requested Url -> https://raw.githubusercontent.com/vaastav/Fantasy-Premier-League/master/data/2018-19/players/l/gw.csv
[2025-10-26T11:02:39.924+0000] {fetch_api_data.py:66} INFO - Requested Url -> https://raw.githubusercontent.com/vaastav/Fantasy-Premier-League/master/data/2018-19/players/e/gw.csv
[2025-10-26T11:02:40.429+0000] {fetch_api_data.py:66} INFO - Requested Url -> https://raw.githubusercontent.com/vaastav/Fantasy-Premier-League/master/data/2018-19/players/_/gw.csv
[2025-10-26T11:02:42.114+0000] {fetch_api_data.py:66} INFO - Requested Url -> https://raw.githubusercontent.com/vaastav/Fantasy-Premier-League/master/data/2018-19/players/W/gw.csv
[2025-10-26T11:02:42.790+0000] {fetch_api_data.py:66} INFO - Requested Url -> https://raw.githubusercontent.com/vaastav/Fantasy-Premier-League/master/data/2018-19/players/a/gw.csv
[2025-10-26T11:02:43.334+0000] {fetch_api_data.py:66} INFO - Requested Url -> https://raw.githubusercontent.com/vaastav/Fantasy-Premier-League/master/data/2018-19/players/l/gw.csv
[2025-10-26T11:02:43.904+0000] {fetch_api_data.py:66} INFO - Requested Url -> https://raw.githubusercontent.com/vaastav/Fantasy-Premier-League/master/data/2018-19/players/k/gw.csv
[2025-10-26T11:02:44.469+0000] {fetch_api_data.py:66} INFO - Requested Url -> https://raw.githubusercontent.com/vaastav/Fantasy-Premier-League/master/data/2018-19/players/e/gw.csv
[2025-10-26T11:02:44.945+0000] {fetch_api_data.py:66} INFO - Requested Url -> https://raw.githubusercontent.com/vaastav/Fantasy-Premier-League/master/data/2018-19/players/r/gw.csv
[2025-10-26T11:02:45.621+0000] {fetch_api_data.py:66} INFO - Requested Url -> https://raw.githubusercontent.com/vaastav/Fantasy-Premier-League/master/data/2018-19/players/-/gw.csv
[2025-10-26T11:02:46.396+0000] {fetch_api_data.py:66} INFO - Requested Url -> https://raw.githubusercontent.com/vaastav/Fantasy-Premier-League/master/data/2018-19/players/P/gw.csv
[2025-10-26T11:02:47.008+0000] {fetch_api_data.py:66} INFO - Requested Url -> https://raw.githubusercontent.com/vaastav/Fantasy-Premier-League/master/data/2018-19/players/e/gw.csv
[2025-10-26T11:02:47.691+0000] {fetch_api_data.py:66} INFO - Requested Url -> https://raw.githubusercontent.com/vaastav/Fantasy-Premier-League/master/data/2018-19/players/t/gw.csv
[2025-10-26T11:02:48.456+0000] {fetch_api_data.py:66} INFO - Requested Url -> https://raw.githubusercontent.com/vaastav/Fantasy-Premier-League/master/data/2018-19/players/e/gw.csv
[2025-10-26T11:02:49.130+0000] {fetch_api_data.py:66} INFO - Requested Url -> https://raw.githubusercontent.com/vaastav/Fantasy-Premier-League/master/data/2018-19/players/r/gw.csv
[2025-10-26T11:02:49.821+0000] {fetch_api_data.py:66} INFO - Requested Url -> https://raw.githubusercontent.com/vaastav/Fantasy-Premier-League/master/data/2018-19/players/s/gw.csv
[2025-10-26T11:02:50.369+0000] {fetch_api_data.py:66} INFO - Requested Url -> https://raw.githubusercontent.com/vaastav/Fantasy-Premier-League/master/data/2018-19/players/_/gw.csv
[2025-10-26T11:02:50.988+0000] {fetch_api_data.py:66} INFO - Requested Url -> https://raw.githubusercontent.com/vaastav/Fantasy-Premier-League/master/data/2018-19/players/3/gw.csv
[2025-10-26T11:02:51.556+0000] {fetch_api_data.py:66} INFO - Requested Url -> https://raw.githubusercontent.com/vaastav/Fantasy-Premier-League/master/data/2018-19/players/5/gw.csv
[2025-10-26T11:02:52.121+0000] {fetch_api_data.py:66} INFO - Requested Url -> https://raw.githubusercontent.com/vaastav/Fantasy-Premier-League/master/data/2018-19/players/8/gw.csv
[2025-10-26T11:02:52.128+0000] {python.py:183} INFO - Done. Returned value was: []
[2025-10-26T11:02:52.284+0000] {taskinstance.py:1350} INFO - Marking task as SUCCESS. dag_id=fpl_gameweeks_etl, task_id=fetch_players_gw_task, map_index=504, execution_date=20251026T104530, start_date=20251026T110235, end_date=20251026T110252
[2025-10-26T11:03:29.576+0000] {local_task_job_runner.py:225} INFO - Task exited with return code 0
[2025-10-26T11:03:37.296+0000] {taskinstance.py:2653} INFO - 0 downstream tasks scheduled from follow-on schedule check
