[2025-10-25T20:06:31.838+0000] {taskinstance.py:1103} INFO - Dependencies all met for dep_context=non-requeueable deps ti=<TaskInstance: fpl_etl_pipeline.load_fixtures_task manual__2025-10-25T20:06:14.775647+00:00 [queued]>
[2025-10-25T20:06:31.854+0000] {taskinstance.py:1103} INFO - Dependencies all met for dep_context=requeueable deps ti=<TaskInstance: fpl_etl_pipeline.load_fixtures_task manual__2025-10-25T20:06:14.775647+00:00 [queued]>
[2025-10-25T20:06:31.855+0000] {taskinstance.py:1308} INFO - Starting attempt 1 of 2
[2025-10-25T20:06:32.043+0000] {taskinstance.py:1327} INFO - Executing <Task(_PythonDecoratedOperator): load_fixtures_task> on 2025-10-25 20:06:14.775647+00:00
[2025-10-25T20:06:32.052+0000] {standard_task_runner.py:57} INFO - Started process 1844 to run task
[2025-10-25T20:06:32.057+0000] {standard_task_runner.py:84} INFO - Running: ['airflow', 'tasks', 'run', 'fpl_etl_pipeline', 'load_fixtures_task', 'manual__2025-10-25T20:06:14.775647+00:00', '--job-id', '6194', '--raw', '--subdir', 'DAGS_FOLDER/fpl_etl_pipeline.py', '--cfg-path', '/tmp/tmp64pe3kim']
[2025-10-25T20:06:32.058+0000] {standard_task_runner.py:85} INFO - Job 6194: Subtask load_fixtures_task
[2025-10-25T20:06:32.143+0000] {task_command.py:410} INFO - Running <TaskInstance: fpl_etl_pipeline.load_fixtures_task manual__2025-10-25T20:06:14.775647+00:00 [running]> on host 754e4af34fcd
[2025-10-25T20:06:32.489+0000] {taskinstance.py:1547} INFO - Exporting env vars: AIRFLOW_CTX_DAG_OWNER='richardilemon' AIRFLOW_CTX_DAG_ID='fpl_etl_pipeline' AIRFLOW_CTX_TASK_ID='load_fixtures_task' AIRFLOW_CTX_EXECUTION_DATE='2025-10-25T20:06:14.775647+00:00' AIRFLOW_CTX_TRY_NUMBER='1' AIRFLOW_CTX_DAG_RUN_ID='manual__2025-10-25T20:06:14.775647+00:00'
[2025-10-25T20:06:32.537+0000] {base.py:73} INFO - Using connection ID 'fpl_db_conn' for task execution.
[2025-10-25T20:06:32.564+0000] {db_config.py:66} INFO - Database Connection Established
[2025-10-25T20:06:32.641+0000] {db_config.py:76} ERROR - Failed to connect to database: not all arguments converted during string formatting
[2025-10-25T20:06:32.643+0000] {taskinstance.py:1824} ERROR - Task failed with exception
Traceback (most recent call last):
  File "/home/airflow/.local/lib/python3.7/site-packages/airflow/decorators/base.py", line 220, in execute
    return_value = super().execute(context)
  File "/home/airflow/.local/lib/python3.7/site-packages/airflow/operators/python.py", line 181, in execute
    return_value = self.execute_callable()
  File "/home/airflow/.local/lib/python3.7/site-packages/airflow/operators/python.py", line 198, in execute_callable
    return self.python_callable(*self.op_args, **self.op_kwargs)
  File "/opt/airflow/dags/fpl_etl_pipeline.py", line 144, in load_fixtures_task
    return load_fixtures(fixtures)
  File "/opt/airflow/scripts/db_config.py", line 68, in wrapper
    result = func(connection, *args, **kwargs)  # fetch_teams_data(_connection)
  File "/opt/airflow/scripts/load_fixtures.py", line 129, in load_fixtures
    fixture,
TypeError: not all arguments converted during string formatting
[2025-10-25T20:06:32.665+0000] {taskinstance.py:1350} INFO - Marking task as UP_FOR_RETRY. dag_id=fpl_etl_pipeline, task_id=load_fixtures_task, execution_date=20251025T200614, start_date=20251025T200631, end_date=20251025T200632
[2025-10-25T20:06:32.706+0000] {standard_task_runner.py:109} ERROR - Failed to execute job 6194 for task load_fixtures_task (not all arguments converted during string formatting; 1844)
[2025-10-25T20:06:32.750+0000] {local_task_job_runner.py:225} INFO - Task exited with return code 1
[2025-10-25T20:06:32.823+0000] {taskinstance.py:2653} INFO - 0 downstream tasks scheduled from follow-on schedule check
