[2025-10-30T13:10:27.752+0000] {taskinstance.py:1103} INFO - Dependencies all met for dep_context=non-requeueable deps ti=<TaskInstance: fpl_teams_history_etl.create_teams_history_table manual__2025-10-30T13:10:24.679250+00:00 [queued]>
[2025-10-30T13:10:27.771+0000] {taskinstance.py:1103} INFO - Dependencies all met for dep_context=requeueable deps ti=<TaskInstance: fpl_teams_history_etl.create_teams_history_table manual__2025-10-30T13:10:24.679250+00:00 [queued]>
[2025-10-30T13:10:27.772+0000] {taskinstance.py:1308} INFO - Starting attempt 1 of 2
[2025-10-30T13:10:27.808+0000] {taskinstance.py:1327} INFO - Executing <Task(PostgresOperator): create_teams_history_table> on 2025-10-30 13:10:24.679250+00:00
[2025-10-30T13:10:27.820+0000] {standard_task_runner.py:57} INFO - Started process 9584 to run task
[2025-10-30T13:10:27.828+0000] {standard_task_runner.py:84} INFO - Running: ['airflow', 'tasks', 'run', 'fpl_teams_history_etl', 'create_teams_history_table', 'manual__2025-10-30T13:10:24.679250+00:00', '--job-id', '2578', '--raw', '--subdir', 'DAGS_FOLDER/fpl_teams_history_etl.py', '--cfg-path', '/tmp/tmpzmblhsq7']
[2025-10-30T13:10:27.830+0000] {standard_task_runner.py:85} INFO - Job 2578: Subtask create_teams_history_table
[2025-10-30T13:10:27.980+0000] {task_command.py:410} INFO - Running <TaskInstance: fpl_teams_history_etl.create_teams_history_table manual__2025-10-30T13:10:24.679250+00:00 [running]> on host 9cff18210c47
[2025-10-30T13:10:28.227+0000] {taskinstance.py:1547} INFO - Exporting env vars: AIRFLOW_CTX_DAG_OWNER='richardilemon' AIRFLOW_CTX_DAG_ID='fpl_teams_history_etl' AIRFLOW_CTX_TASK_ID='create_teams_history_table' AIRFLOW_CTX_EXECUTION_DATE='2025-10-30T13:10:24.679250+00:00' AIRFLOW_CTX_TRY_NUMBER='1' AIRFLOW_CTX_DAG_RUN_ID='manual__2025-10-30T13:10:24.679250+00:00'
[2025-10-30T13:10:28.231+0000] {sql.py:265} INFO - Executing: 
            CREATE TABLE IF NOT EXISTS teams_history(
                season TEXT,
                code INTEGER,
                id INTEGER,
                name TEXT,
                short_name TEXT,
                strength_overall_home INTEGER,
                strength_overall_away INTEGER,
                strength_attack_home INTEGER,
                strength_attack_away INTEGER,
                strength_defence_home INTEGER,
                strength_defence_away INTEGER,
                strength INTEGER,
                position INTEGER,
                PRIMARY KEY (season, code)
            );
        
[2025-10-30T13:10:28.248+0000] {base.py:73} INFO - Using connection ID 'fpl_db_conn' for task execution.
[2025-10-30T13:10:28.336+0000] {base.py:73} INFO - Using connection ID 'fpl_db_conn' for task execution.
[2025-10-30T13:10:28.349+0000] {sql.py:375} INFO - Running statement: 
            CREATE TABLE IF NOT EXISTS teams_history(
                season TEXT,
                code INTEGER,
                id INTEGER,
                name TEXT,
                short_name TEXT,
                strength_overall_home INTEGER,
                strength_overall_away INTEGER,
                strength_attack_home INTEGER,
                strength_attack_away INTEGER,
                strength_defence_home INTEGER,
                strength_defence_away INTEGER,
                strength INTEGER,
                position INTEGER,
                PRIMARY KEY (season, code)
            );
        , parameters: None
[2025-10-30T13:10:28.372+0000] {taskinstance.py:1350} INFO - Marking task as SUCCESS. dag_id=fpl_teams_history_etl, task_id=create_teams_history_table, execution_date=20251030T131024, start_date=20251030T131027, end_date=20251030T131028
[2025-10-30T13:10:28.448+0000] {local_task_job_runner.py:225} INFO - Task exited with return code 0
[2025-10-30T13:10:28.489+0000] {taskinstance.py:2653} INFO - 0 downstream tasks scheduled from follow-on schedule check
