[2025-10-29T09:54:27.283+0000] {taskinstance.py:1103} INFO - Dependencies all met for dep_context=non-requeueable deps ti=<TaskInstance: fpl_gameweeks_etl.fetch_players_gw_task manual__2025-10-29T09:53:59.418865+00:00 map_index=6 [queued]>
[2025-10-29T09:54:27.313+0000] {taskinstance.py:1103} INFO - Dependencies all met for dep_context=requeueable deps ti=<TaskInstance: fpl_gameweeks_etl.fetch_players_gw_task manual__2025-10-29T09:53:59.418865+00:00 map_index=6 [queued]>
[2025-10-29T09:54:27.314+0000] {taskinstance.py:1308} INFO - Starting attempt 1 of 2
[2025-10-29T09:54:27.667+0000] {taskinstance.py:1327} INFO - Executing <Mapped(_PythonDecoratedOperator): fetch_players_gw_task> on 2025-10-29 09:53:59.418865+00:00
[2025-10-29T09:54:27.679+0000] {standard_task_runner.py:57} INFO - Started process 9880 to run task
[2025-10-29T09:54:27.687+0000] {standard_task_runner.py:84} INFO - Running: ['airflow', 'tasks', 'run', 'fpl_gameweeks_etl', 'fetch_players_gw_task', 'manual__2025-10-29T09:53:59.418865+00:00', '--job-id', '816', '--raw', '--subdir', 'DAGS_FOLDER/fpl_gameweeks_dag.py', '--cfg-path', '/tmp/tmpexm86a3n', '--map-index', '6']
[2025-10-29T09:54:27.689+0000] {standard_task_runner.py:85} INFO - Job 816: Subtask fetch_players_gw_task
[2025-10-29T09:54:27.839+0000] {task_command.py:410} INFO - Running <TaskInstance: fpl_gameweeks_etl.fetch_players_gw_task manual__2025-10-29T09:53:59.418865+00:00 map_index=6 [running]> on host dede24b5451e
[2025-10-29T09:54:28.121+0000] {taskinstance.py:1547} INFO - Exporting env vars: AIRFLOW_CTX_DAG_OWNER='richardilemon' AIRFLOW_CTX_DAG_ID='fpl_gameweeks_etl' AIRFLOW_CTX_TASK_ID='fetch_players_gw_task' AIRFLOW_CTX_EXECUTION_DATE='2025-10-29T09:53:59.418865+00:00' AIRFLOW_CTX_TRY_NUMBER='1' AIRFLOW_CTX_DAG_RUN_ID='manual__2025-10-29T09:53:59.418865+00:00'
[2025-10-29T09:54:29.056+0000] {fetch_api_data.py:79} WARNING - Failed to fetch data for Petr_Cech_1: 404
[2025-10-29T09:54:30.150+0000] {fetch_api_data.py:79} WARNING - Failed to fetch data for Bernd_Leno_2: 404
[2025-10-29T09:54:31.428+0000] {fetch_api_data.py:79} WARNING - Failed to fetch data for Laurent_Koscielny_3: 404
[2025-10-29T09:54:32.558+0000] {fetch_api_data.py:79} WARNING - Failed to fetch data for Héctor_Bellerín_4: 404
[2025-10-29T09:54:34.034+0000] {fetch_api_data.py:79} WARNING - Failed to fetch data for Nacho_Monreal_5: 404
[2025-10-29T09:54:35.663+0000] {fetch_api_data.py:79} WARNING - Failed to fetch data for Rob_Holding_6: 404
[2025-10-29T09:54:37.043+0000] {fetch_api_data.py:79} WARNING - Failed to fetch data for Shkodran_Mustafi_7: 404
[2025-10-29T09:54:37.737+0000] {fetch_api_data.py:79} WARNING - Failed to fetch data for Sead_Kolasinac_8: 404
[2025-10-29T09:54:38.829+0000] {fetch_api_data.py:79} WARNING - Failed to fetch data for Konstantinos_Mavropanos_10: 404
[2025-10-29T09:54:40.082+0000] {fetch_api_data.py:79} WARNING - Failed to fetch data for Stephan_Lichtsteiner_11: 404
[2025-10-29T09:54:41.118+0000] {fetch_api_data.py:79} WARNING - Failed to fetch data for Sokratis_Papastathopoulos_12: 404
[2025-10-29T09:54:41.943+0000] {fetch_api_data.py:79} WARNING - Failed to fetch data for Mesut_Özil_13: 404
[2025-10-29T09:54:42.719+0000] {fetch_api_data.py:79} WARNING - Failed to fetch data for Aaron_Ramsey_14: 404
[2025-10-29T09:54:43.848+0000] {fetch_api_data.py:79} WARNING - Failed to fetch data for Alex_Iwobi_15: 404
[2025-10-29T09:54:45.284+0000] {fetch_api_data.py:79} WARNING - Failed to fetch data for Mohamed_Elneny_16: 404
[2025-10-29T09:54:47.285+0000] {fetch_api_data.py:79} WARNING - Failed to fetch data for Granit_Xhaka_17: 404
[2025-10-29T09:54:48.093+0000] {fetch_api_data.py:79} WARNING - Failed to fetch data for Henrikh_Mkhitaryan_18: 404
[2025-10-29T09:54:51.305+0000] {fetch_api_data.py:79} WARNING - Failed to fetch data for Reiss_Nelson_19: 404
[2025-10-29T09:54:52.886+0000] {fetch_api_data.py:79} WARNING - Failed to fetch data for Ainsley_Maitland-Niles_20: 404
[2025-10-29T09:54:54.962+0000] {fetch_api_data.py:79} WARNING - Failed to fetch data for Danny_Welbeck_21: 404
[2025-10-29T09:54:56.693+0000] {fetch_api_data.py:79} WARNING - Failed to fetch data for Alexandre_Lacazette_22: 404
[2025-10-29T09:54:57.533+0000] {fetch_api_data.py:79} WARNING - Failed to fetch data for Pierre-Emerick_Aubameyang_23: 404
[2025-10-29T09:54:58.232+0000] {fetch_api_data.py:79} WARNING - Failed to fetch data for Lucas_Torreira_450: 404
[2025-10-29T09:54:59.342+0000] {fetch_api_data.py:79} WARNING - Failed to fetch data for Matteo_Guendouzi_451: 404
[2025-10-29T09:55:00.606+0000] {fetch_api_data.py:79} WARNING - Failed to fetch data for Emiliano_Martínez_542: 404
[2025-10-29T09:55:02.299+0000] {fetch_api_data.py:79} WARNING - Failed to fetch data for Emile_Smith-Rowe_545: 404
[2025-10-29T09:55:03.051+0000] {fetch_api_data.py:79} WARNING - Failed to fetch data for Zech_Medley_546: 404
[2025-10-29T09:55:04.301+0000] {fetch_api_data.py:79} WARNING - Failed to fetch data for Edward_Nketiah_552: 404
[2025-10-29T09:55:05.807+0000] {fetch_api_data.py:79} WARNING - Failed to fetch data for Bukayo_Saka_563: 404
[2025-10-29T09:55:07.547+0000] {fetch_api_data.py:79} WARNING - Failed to fetch data for Joseph_Willock_566: 404
[2025-10-29T09:55:08.253+0000] {fetch_api_data.py:79} WARNING - Failed to fetch data for Carl_Jenkinson_581: 404
[2025-10-29T09:55:09.289+0000] {fetch_api_data.py:79} WARNING - Failed to fetch data for Denis_Suárez_586: 404
[2025-10-29T09:55:10.397+0000] {fetch_api_data.py:79} WARNING - Failed to fetch data for Asmir_Begovic_24: 404
[2025-10-29T09:55:11.345+0000] {fetch_api_data.py:79} WARNING - Failed to fetch data for Artur_Boruc_25: 404
[2025-10-29T09:55:12.178+0000] {fetch_api_data.py:79} WARNING - Failed to fetch data for Simon_Francis_26: 404
[2025-10-29T09:55:13.096+0000] {fetch_api_data.py:79} WARNING - Failed to fetch data for Steve_Cook_27: 404
[2025-10-29T09:55:14.157+0000] {fetch_api_data.py:79} WARNING - Failed to fetch data for Charlie_Daniels_28: 404
[2025-10-29T09:55:15.871+0000] {fetch_api_data.py:79} WARNING - Failed to fetch data for Adam_Smith_29: 404
[2025-10-29T09:55:16.938+0000] {fetch_api_data.py:79} WARNING - Failed to fetch data for Tyrone_Mings_30: 404
[2025-10-29T09:55:17.706+0000] {fetch_api_data.py:79} WARNING - Failed to fetch data for Nathan_Aké_31: 404
[2025-10-29T09:55:18.586+0000] {fetch_api_data.py:79} WARNING - Failed to fetch data for Jack_Simpson_32: 404
[2025-10-29T09:55:19.660+0000] {fetch_api_data.py:79} WARNING - Failed to fetch data for Marc_Pugh_34: 404
[2025-10-29T09:55:21.749+0000] {fetch_api_data.py:79} WARNING - Failed to fetch data for Andrew_Surman_35: 404
[2025-10-29T09:55:22.748+0000] {fetch_api_data.py:79} WARNING - Failed to fetch data for Junior_Stanislas_36: 404
[2025-10-29T09:55:25.338+0000] {fetch_api_data.py:79} WARNING - Failed to fetch data for Dan_Gosling_37: 404
[2025-10-29T09:55:27.119+0000] {fetch_api_data.py:79} WARNING - Failed to fetch data for Jordon_Ibe_38: 404
[2025-10-29T09:55:28.008+0000] {fetch_api_data.py:79} WARNING - Failed to fetch data for Lewis_Cook_39: 404
[2025-10-29T09:55:29.119+0000] {fetch_api_data.py:79} WARNING - Failed to fetch data for Ryan_Fraser_40: 404
[2025-10-29T09:55:30.178+0000] {fetch_api_data.py:79} WARNING - Failed to fetch data for Emerson_Hyndman_41: 404
[2025-10-29T09:55:31.748+0000] {fetch_api_data.py:79} WARNING - Failed to fetch data for David_Brooks_42: 404
[2025-10-29T09:55:33.255+0000] {fetch_api_data.py:79} WARNING - Failed to fetch data for Callum_Wilson_43: 404
[2025-10-29T09:55:34.916+0000] {fetch_api_data.py:79} WARNING - Failed to fetch data for Lys_Mousset_44: 404
[2025-10-29T09:55:36.588+0000] {fetch_api_data.py:79} WARNING - Failed to fetch data for Joshua_King_45: 404
[2025-10-29T09:55:38.901+0000] {fetch_api_data.py:79} WARNING - Failed to fetch data for Jermain_Defoe_46: 404
[2025-10-29T09:55:40.307+0000] {fetch_api_data.py:79} WARNING - Failed to fetch data for Nathaniel_Clyne_241: 404
[2025-10-29T09:55:42.655+0000] {fetch_api_data.py:79} WARNING - Failed to fetch data for Dominic_Solanke_259: 404
[2025-10-29T09:55:45.335+0000] {fetch_api_data.py:79} WARNING - Failed to fetch data for Diego_Rico_473: 404
[2025-10-29T09:55:49.750+0000] {fetch_api_data.py:79} WARNING - Failed to fetch data for Jefferson_Lerma_494: 404
[2025-10-29T09:56:01.628+0000] {fetch_api_data.py:79} WARNING - Failed to fetch data for Chris_Mepham_580: 404
[2025-10-29T09:56:03.710+0000] {fetch_api_data.py:79} WARNING - Failed to fetch data for Sam_Surridge_599: 404
[2025-10-29T09:56:05.329+0000] {fetch_api_data.py:79} WARNING - Failed to fetch data for Kyle_Taylor_600: 404
[2025-10-29T09:56:13.102+0000] {fetch_api_data.py:79} WARNING - Failed to fetch data for Nnamdi_Ofoborh_613: 404
[2025-10-29T09:56:15.792+0000] {fetch_api_data.py:79} WARNING - Failed to fetch data for Mark_Travers_616: 404
[2025-10-29T09:56:16.848+0000] {fetch_api_data.py:79} WARNING - Failed to fetch data for Matt_Butcher_620: 404
[2025-10-29T09:56:20.263+0000] {fetch_api_data.py:79} WARNING - Failed to fetch data for Mathew_Ryan_47: 404
[2025-10-29T09:56:31.798+0000] {fetch_api_data.py:79} WARNING - Failed to fetch data for Lewis_Dunk_48: 404
[2025-10-29T09:56:40.826+0000] {fetch_api_data.py:79} WARNING - Failed to fetch data for Shane_Duffy_49: 404
[2025-10-29T09:56:45.100+0000] {fetch_api_data.py:79} WARNING - Failed to fetch data for Bruno_Saltor Grau_50: 404
[2025-10-29T09:56:58.600+0000] {fetch_api_data.py:79} WARNING - Failed to fetch data for Gaëtan_Bong_51: 404
[2025-10-29T09:57:18.213+0000] {fetch_api_data.py:79} WARNING - Failed to fetch data for Markus_Suttner_52: 404
[2025-10-29T09:58:32.920+0000] {fetch_api_data.py:79} WARNING - Failed to fetch data for Ezequiel_Schelotto_53: 404
[2025-10-29T09:58:36.974+0000] {logging_mixin.py:150} INFO - An Error Occured fetching data from : https://raw.githubusercontent.com/vaastav/Fantasy-Premier-League/master/data/2024-25/players/Leon_Balogun_54/gw.csv -> HTTPSConnectionPool(host='raw.githubusercontent.com', port=443): Max retries exceeded with url: /vaastav/Fantasy-Premier-League/master/data/2024-25/players/Leon_Balogun_54/gw.csv (Caused by NewConnectionError('<urllib3.connection.HTTPSConnection object at 0x7b3621427d50>: Failed to establish a new connection: [Errno -5] No address associated with hostname'))
[2025-10-29T09:58:36.975+0000] {python.py:183} INFO - Done. Returned value was: None
[2025-10-29T09:58:37.002+0000] {taskinstance.py:1350} INFO - Marking task as SUCCESS. dag_id=fpl_gameweeks_etl, task_id=fetch_players_gw_task, map_index=6, execution_date=20251029T095359, start_date=20251029T095427, end_date=20251029T095837
[2025-10-29T09:58:37.050+0000] {local_task_job_runner.py:225} INFO - Task exited with return code 0
[2025-10-29T09:58:37.091+0000] {taskinstance.py:2653} INFO - 0 downstream tasks scheduled from follow-on schedule check
