[2025-10-26T08:30:07.041+0000] {taskinstance.py:1103} INFO - Dependencies all met for dep_context=non-requeueable deps ti=<TaskInstance: fpl_teams_etl.load_teams_task scheduled__2025-10-25T00:00:00+00:00 [queued]>
[2025-10-26T08:30:07.056+0000] {taskinstance.py:1103} INFO - Dependencies all met for dep_context=requeueable deps ti=<TaskInstance: fpl_teams_etl.load_teams_task scheduled__2025-10-25T00:00:00+00:00 [queued]>
[2025-10-26T08:30:07.057+0000] {taskinstance.py:1308} INFO - Starting attempt 1 of 2
[2025-10-26T08:30:07.082+0000] {taskinstance.py:1327} INFO - Executing <Task(_PythonDecoratedOperator): load_teams_task> on 2025-10-25 00:00:00+00:00
[2025-10-26T08:30:07.089+0000] {standard_task_runner.py:57} INFO - Started process 623 to run task
[2025-10-26T08:30:07.096+0000] {standard_task_runner.py:84} INFO - Running: ['airflow', 'tasks', 'run', 'fpl_teams_etl', 'load_teams_task', 'scheduled__2025-10-25T00:00:00+00:00', '--job-id', '6724', '--raw', '--subdir', 'DAGS_FOLDER/fpl_teams_dag.py', '--cfg-path', '/tmp/tmpzfauqqeq']
[2025-10-26T08:30:07.115+0000] {standard_task_runner.py:85} INFO - Job 6724: Subtask load_teams_task
[2025-10-26T08:30:07.764+0000] {task_command.py:410} INFO - Running <TaskInstance: fpl_teams_etl.load_teams_task scheduled__2025-10-25T00:00:00+00:00 [running]> on host accc60bed825
[2025-10-26T08:30:08.147+0000] {taskinstance.py:1547} INFO - Exporting env vars: AIRFLOW_CTX_DAG_OWNER='richardilemon' AIRFLOW_CTX_DAG_ID='fpl_teams_etl' AIRFLOW_CTX_TASK_ID='load_teams_task' AIRFLOW_CTX_EXECUTION_DATE='2025-10-25T00:00:00+00:00' AIRFLOW_CTX_TRY_NUMBER='1' AIRFLOW_CTX_DAG_RUN_ID='scheduled__2025-10-25T00:00:00+00:00'
[2025-10-26T08:30:08.174+0000] {base.py:73} INFO - Using connection ID 'fpl_db_conn' for task execution.
[2025-10-26T08:30:08.191+0000] {db_config.py:51} INFO - Database Connection Established
[2025-10-26T08:30:08.193+0000] {db_config.py:61} ERROR - Failed to connect to database: 'NoneType' object is not iterable
[2025-10-26T08:30:08.195+0000] {taskinstance.py:1824} ERROR - Task failed with exception
Traceback (most recent call last):
  File "/home/airflow/.local/lib/python3.7/site-packages/airflow/decorators/base.py", line 220, in execute
    return_value = super().execute(context)
  File "/home/airflow/.local/lib/python3.7/site-packages/airflow/operators/python.py", line 181, in execute
    return_value = self.execute_callable()
  File "/home/airflow/.local/lib/python3.7/site-packages/airflow/operators/python.py", line 198, in execute_callable
    return self.python_callable(*self.op_args, **self.op_kwargs)
  File "/opt/airflow/dags/fpl_teams_dag.py", line 103, in load_teams_task
    return load_teams(teams, CURRENT_SEASON)
  File "/opt/airflow/scripts/utils/db_config.py", line 53, in wrapper
    result = func(connection, *args, **kwargs)  # fetch_teams_data(_connection)
  File "/opt/airflow/scripts/load_teams_live.py", line 95, in load_teams
    for team in teams:
TypeError: 'NoneType' object is not iterable
[2025-10-26T08:30:08.317+0000] {taskinstance.py:1350} INFO - Marking task as UP_FOR_RETRY. dag_id=fpl_teams_etl, task_id=load_teams_task, execution_date=20251025T000000, start_date=20251026T083007, end_date=20251026T083008
[2025-10-26T08:30:08.339+0000] {standard_task_runner.py:109} ERROR - Failed to execute job 6724 for task load_teams_task ('NoneType' object is not iterable; 623)
[2025-10-26T08:30:08.392+0000] {local_task_job_runner.py:225} INFO - Task exited with return code 1
[2025-10-26T08:30:08.674+0000] {taskinstance.py:2653} INFO - 0 downstream tasks scheduled from follow-on schedule check
