[2025-10-29T09:07:26.856+0000] {taskinstance.py:1103} INFO - Dependencies all met for dep_context=non-requeueable deps ti=<TaskInstance: fpl_gameweeks_etl.fetch_players_gw_task manual__2025-10-29T09:06:55.195810+00:00 map_index=5 [queued]>
[2025-10-29T09:07:26.880+0000] {taskinstance.py:1103} INFO - Dependencies all met for dep_context=requeueable deps ti=<TaskInstance: fpl_gameweeks_etl.fetch_players_gw_task manual__2025-10-29T09:06:55.195810+00:00 map_index=5 [queued]>
[2025-10-29T09:07:26.881+0000] {taskinstance.py:1308} INFO - Starting attempt 1 of 2
[2025-10-29T09:07:27.189+0000] {taskinstance.py:1327} INFO - Executing <Mapped(_PythonDecoratedOperator): fetch_players_gw_task> on 2025-10-29 09:06:55.195810+00:00
[2025-10-29T09:07:27.200+0000] {standard_task_runner.py:57} INFO - Started process 6638 to run task
[2025-10-29T09:07:27.207+0000] {standard_task_runner.py:84} INFO - Running: ['airflow', 'tasks', 'run', 'fpl_gameweeks_etl', 'fetch_players_gw_task', 'manual__2025-10-29T09:06:55.195810+00:00', '--job-id', '583', '--raw', '--subdir', 'DAGS_FOLDER/fpl_gameweeks_dag.py', '--cfg-path', '/tmp/tmptdyhlwnf', '--map-index', '5']
[2025-10-29T09:07:27.209+0000] {standard_task_runner.py:85} INFO - Job 583: Subtask fetch_players_gw_task
[2025-10-29T09:07:27.347+0000] {task_command.py:410} INFO - Running <TaskInstance: fpl_gameweeks_etl.fetch_players_gw_task manual__2025-10-29T09:06:55.195810+00:00 map_index=5 [running]> on host dede24b5451e
[2025-10-29T09:07:27.635+0000] {taskinstance.py:1547} INFO - Exporting env vars: AIRFLOW_CTX_DAG_OWNER='richardilemon' AIRFLOW_CTX_DAG_ID='fpl_gameweeks_etl' AIRFLOW_CTX_TASK_ID='fetch_players_gw_task' AIRFLOW_CTX_EXECUTION_DATE='2025-10-29T09:06:55.195810+00:00' AIRFLOW_CTX_TRY_NUMBER='1' AIRFLOW_CTX_DAG_RUN_ID='manual__2025-10-29T09:06:55.195810+00:00'
[2025-10-29T09:07:42.339+0000] {fetch_api_data.py:97} WARNING - Failed to fetch data for Petr_Cech_1: 404
[2025-10-29T09:07:51.268+0000] {fetch_api_data.py:97} WARNING - Failed to fetch data for Bernd_Leno_2: 404
[2025-10-29T09:07:58.451+0000] {fetch_api_data.py:97} WARNING - Failed to fetch data for Laurent_Koscielny_3: 404
[2025-10-29T09:08:10.274+0000] {fetch_api_data.py:97} WARNING - Failed to fetch data for Héctor_Bellerín_4: 404
[2025-10-29T09:08:21.720+0000] {fetch_api_data.py:97} WARNING - Failed to fetch data for Nacho_Monreal_5: 404
[2025-10-29T09:08:39.548+0000] {fetch_api_data.py:97} WARNING - Failed to fetch data for Rob_Holding_6: 404
[2025-10-29T09:08:43.149+0000] {local_task_job_runner.py:292} WARNING - State of this instance has been externally set to failed. Terminating instance.
[2025-10-29T09:08:43.159+0000] {process_utils.py:135} INFO - Sending Signals.SIGTERM to group 6638. PIDs of all processes in the group: [6638]
[2025-10-29T09:08:43.159+0000] {process_utils.py:86} INFO - Sending the signal Signals.SIGTERM to group 6638
[2025-10-29T09:08:43.160+0000] {taskinstance.py:1517} ERROR - Received SIGTERM. Terminating subprocesses.
[2025-10-29T09:08:43.304+0000] {process_utils.py:79} INFO - Process psutil.Process(pid=6638, status='terminated', exitcode=0, started='09:07:26') (6638) terminated with exit code 0
