[2025-10-26T08:30:04.139+0000] {taskinstance.py:1103} INFO - Dependencies all met for dep_context=non-requeueable deps ti=<TaskInstance: fpl_players_etl.create_players_table scheduled__2025-10-25T00:00:00+00:00 [queued]>
[2025-10-26T08:30:04.187+0000] {taskinstance.py:1103} INFO - Dependencies all met for dep_context=requeueable deps ti=<TaskInstance: fpl_players_etl.create_players_table scheduled__2025-10-25T00:00:00+00:00 [queued]>
[2025-10-26T08:30:04.188+0000] {taskinstance.py:1308} INFO - Starting attempt 1 of 2
[2025-10-26T08:30:04.582+0000] {taskinstance.py:1327} INFO - Executing <Task(PostgresOperator): create_players_table> on 2025-10-25 00:00:00+00:00
[2025-10-26T08:30:04.595+0000] {standard_task_runner.py:57} INFO - Started process 620 to run task
[2025-10-26T08:30:04.613+0000] {standard_task_runner.py:84} INFO - Running: ['airflow', 'tasks', 'run', 'fpl_players_etl', 'create_players_table', 'scheduled__2025-10-25T00:00:00+00:00', '--job-id', '6723', '--raw', '--subdir', 'DAGS_FOLDER/fpl_players_dag.py', '--cfg-path', '/tmp/tmp6us5z1bt']
[2025-10-26T08:30:04.629+0000] {standard_task_runner.py:85} INFO - Job 6723: Subtask create_players_table
[2025-10-26T08:30:04.852+0000] {task_command.py:410} INFO - Running <TaskInstance: fpl_players_etl.create_players_table scheduled__2025-10-25T00:00:00+00:00 [running]> on host accc60bed825
[2025-10-26T08:30:05.164+0000] {taskinstance.py:1547} INFO - Exporting env vars: AIRFLOW_CTX_DAG_OWNER='richardilemon' AIRFLOW_CTX_DAG_ID='fpl_players_etl' AIRFLOW_CTX_TASK_ID='create_players_table' AIRFLOW_CTX_EXECUTION_DATE='2025-10-25T00:00:00+00:00' AIRFLOW_CTX_TRY_NUMBER='1' AIRFLOW_CTX_DAG_RUN_ID='scheduled__2025-10-25T00:00:00+00:00'
[2025-10-26T08:30:05.165+0000] {sql.py:265} INFO - Executing: 
            CREATE TABLE IF NOT EXISTS players (
                code INTEGER PRIMARY KEY,
                first_name TEXT,
                second_name TEXT,
                web_name TEXT,
                team_code INTEGER,
                type_name TEXT,
                now_cost INTEGER,
                status TEXT
            );
        
[2025-10-26T08:30:05.190+0000] {base.py:73} INFO - Using connection ID 'fpl_db_conn' for task execution.
[2025-10-26T08:30:05.368+0000] {base.py:73} INFO - Using connection ID 'fpl_db_conn' for task execution.
[2025-10-26T08:30:05.386+0000] {sql.py:375} INFO - Running statement: 
            CREATE TABLE IF NOT EXISTS players (
                code INTEGER PRIMARY KEY,
                first_name TEXT,
                second_name TEXT,
                web_name TEXT,
                team_code INTEGER,
                type_name TEXT,
                now_cost INTEGER,
                status TEXT
            );
        , parameters: None
[2025-10-26T08:30:05.419+0000] {taskinstance.py:1350} INFO - Marking task as SUCCESS. dag_id=fpl_players_etl, task_id=create_players_table, execution_date=20251025T000000, start_date=20251026T083004, end_date=20251026T083005
[2025-10-26T08:30:05.484+0000] {local_task_job_runner.py:225} INFO - Task exited with return code 0
[2025-10-26T08:30:05.525+0000] {taskinstance.py:2653} INFO - 1 downstream tasks scheduled from follow-on schedule check
