[2025-10-25T19:40:08.552+0000] {taskinstance.py:1103} INFO - Dependencies all met for dep_context=non-requeueable deps ti=<TaskInstance: fpl_etl_pipeline.parse_fixtures_task manual__2025-10-25T19:39:48.417529+00:00 map_index=1 [queued]>
[2025-10-25T19:40:08.984+0000] {taskinstance.py:1103} INFO - Dependencies all met for dep_context=requeueable deps ti=<TaskInstance: fpl_etl_pipeline.parse_fixtures_task manual__2025-10-25T19:39:48.417529+00:00 map_index=1 [queued]>
[2025-10-25T19:40:08.985+0000] {taskinstance.py:1308} INFO - Starting attempt 1 of 2
[2025-10-25T19:40:09.079+0000] {taskinstance.py:1327} INFO - Executing <Mapped(_PythonDecoratedOperator): parse_fixtures_task> on 2025-10-25 19:39:48.417529+00:00
[2025-10-25T19:40:09.111+0000] {standard_task_runner.py:57} INFO - Started process 879 to run task
[2025-10-25T19:40:09.129+0000] {standard_task_runner.py:84} INFO - Running: ['airflow', 'tasks', 'run', 'fpl_etl_pipeline', 'parse_fixtures_task', 'manual__2025-10-25T19:39:48.417529+00:00', '--job-id', '6128', '--raw', '--subdir', 'DAGS_FOLDER/fpl_etl_pipeline.py', '--cfg-path', '/tmp/tmphutrzhfl', '--map-index', '1']
[2025-10-25T19:40:09.132+0000] {standard_task_runner.py:85} INFO - Job 6128: Subtask parse_fixtures_task
[2025-10-25T19:40:09.346+0000] {task_command.py:410} INFO - Running <TaskInstance: fpl_etl_pipeline.parse_fixtures_task manual__2025-10-25T19:39:48.417529+00:00 map_index=1 [running]> on host 754e4af34fcd
[2025-10-25T19:40:09.848+0000] {taskinstance.py:1547} INFO - Exporting env vars: AIRFLOW_CTX_DAG_OWNER='richardilemon' AIRFLOW_CTX_DAG_ID='fpl_etl_pipeline' AIRFLOW_CTX_TASK_ID='parse_fixtures_task' AIRFLOW_CTX_EXECUTION_DATE='2025-10-25T19:39:48.417529+00:00' AIRFLOW_CTX_TRY_NUMBER='1' AIRFLOW_CTX_DAG_RUN_ID='manual__2025-10-25T19:39:48.417529+00:00'
[2025-10-25T19:40:09.851+0000] {taskinstance.py:1824} ERROR - Task failed with exception
Traceback (most recent call last):
  File "/home/airflow/.local/lib/python3.7/site-packages/airflow/decorators/base.py", line 220, in execute
    return_value = super().execute(context)
  File "/home/airflow/.local/lib/python3.7/site-packages/airflow/operators/python.py", line 181, in execute
    return_value = self.execute_callable()
  File "/home/airflow/.local/lib/python3.7/site-packages/airflow/operators/python.py", line 198, in execute_callable
    return self.python_callable(*self.op_args, **self.op_kwargs)
  File "/opt/airflow/dags/fpl_etl_pipeline.py", line 140, in parse_fixtures_task
    return parse_fixtures(fixtures_data)
  File "/opt/airflow/scripts/load_fixtures.py", line 38, in parse_fixtures
    season = infer_season(row["kickoff_time"])
  File "/opt/airflow/scripts/utils/infer_season.py", line 11, in infer_season
    year = date.year
AttributeError: 'str' object has no attribute 'year'
[2025-10-25T19:40:09.886+0000] {taskinstance.py:1350} INFO - Marking task as UP_FOR_RETRY. dag_id=fpl_etl_pipeline, task_id=parse_fixtures_task, map_index=1, execution_date=20251025T193948, start_date=20251025T194008, end_date=20251025T194009
[2025-10-25T19:40:09.943+0000] {standard_task_runner.py:109} ERROR - Failed to execute job 6128 for task parse_fixtures_task ('str' object has no attribute 'year'; 879)
[2025-10-25T19:40:09.988+0000] {local_task_job_runner.py:225} INFO - Task exited with return code 1
[2025-10-25T19:40:10.132+0000] {taskinstance.py:2653} INFO - 0 downstream tasks scheduled from follow-on schedule check
