[2025-10-30T15:38:24.641+0000] {taskinstance.py:1103} INFO - Dependencies all met for dep_context=non-requeueable deps ti=<TaskInstance: fpl_gameweeks_etl.load_player_gameweek_stats_task manual__2025-10-30T15:20:56.096940+00:00 [queued]>
[2025-10-30T15:38:24.657+0000] {taskinstance.py:1103} INFO - Dependencies all met for dep_context=requeueable deps ti=<TaskInstance: fpl_gameweeks_etl.load_player_gameweek_stats_task manual__2025-10-30T15:20:56.096940+00:00 [queued]>
[2025-10-30T15:38:24.657+0000] {taskinstance.py:1308} INFO - Starting attempt 1 of 2
[2025-10-30T15:38:24.838+0000] {taskinstance.py:1327} INFO - Executing <Task(_PythonDecoratedOperator): load_player_gameweek_stats_task> on 2025-10-30 15:20:56.096940+00:00
[2025-10-30T15:38:24.844+0000] {standard_task_runner.py:57} INFO - Started process 2986 to run task
[2025-10-30T15:38:24.851+0000] {standard_task_runner.py:84} INFO - Running: ['airflow', 'tasks', 'run', 'fpl_gameweeks_etl', 'load_player_gameweek_stats_task', 'manual__2025-10-30T15:20:56.096940+00:00', '--job-id', '2727', '--raw', '--subdir', 'DAGS_FOLDER/fpl_gameweeks_dag.py', '--cfg-path', '/tmp/tmpix85_kok']
[2025-10-30T15:38:24.853+0000] {standard_task_runner.py:85} INFO - Job 2727: Subtask load_player_gameweek_stats_task
[2025-10-30T15:38:24.958+0000] {task_command.py:410} INFO - Running <TaskInstance: fpl_gameweeks_etl.load_player_gameweek_stats_task manual__2025-10-30T15:20:56.096940+00:00 [running]> on host 83097c7e7881
[2025-10-30T15:38:26.394+0000] {taskinstance.py:1547} INFO - Exporting env vars: AIRFLOW_CTX_DAG_OWNER='richardilemon' AIRFLOW_CTX_DAG_ID='fpl_gameweeks_etl' AIRFLOW_CTX_TASK_ID='load_player_gameweek_stats_task' AIRFLOW_CTX_EXECUTION_DATE='2025-10-30T15:20:56.096940+00:00' AIRFLOW_CTX_TRY_NUMBER='1' AIRFLOW_CTX_DAG_RUN_ID='manual__2025-10-30T15:20:56.096940+00:00'
[2025-10-30T15:38:26.413+0000] {base.py:73} INFO - Using connection ID 'fpl_db_conn' for task execution.
[2025-10-30T15:38:26.423+0000] {db_config.py:51} INFO - Database Connection Established
[2025-10-30T15:38:26.425+0000] {db_config.py:61} ERROR - Failed to connect to database: column excluded.fixture does not exist
LINE 10:                 fixture = EXCLUDED.fixture,
                                   ^
HINT:  Perhaps you meant to reference the column "excluded.fixture_id".

[2025-10-30T15:38:26.426+0000] {taskinstance.py:1824} ERROR - Task failed with exception
Traceback (most recent call last):
  File "/home/airflow/.local/lib/python3.7/site-packages/airflow/decorators/base.py", line 220, in execute
    return_value = super().execute(context)
  File "/home/airflow/.local/lib/python3.7/site-packages/airflow/operators/python.py", line 181, in execute
    return_value = self.execute_callable()
  File "/home/airflow/.local/lib/python3.7/site-packages/airflow/operators/python.py", line 198, in execute_callable
    return self.python_callable(*self.op_args, **self.op_kwargs)
  File "/opt/airflow/dags/fpl_gameweeks_dag.py", line 133, in load_player_gameweek_stats_task
    return load_player_gameweek_stats(records)
  File "/opt/airflow/scripts/utils/db_config.py", line 53, in wrapper
    result = func(connection, *args, **kwargs)  # fetch_teams_data(_connection)
  File "/opt/airflow/scripts/load_player_gameweek_stats.py", line 196, in load_player_gameweek_stats
    record,
psycopg2.errors.UndefinedColumn: column excluded.fixture does not exist
LINE 10:                 fixture = EXCLUDED.fixture,
                                   ^
HINT:  Perhaps you meant to reference the column "excluded.fixture_id".

[2025-10-30T15:38:26.455+0000] {taskinstance.py:1350} INFO - Marking task as UP_FOR_RETRY. dag_id=fpl_gameweeks_etl, task_id=load_player_gameweek_stats_task, execution_date=20251030T152056, start_date=20251030T153824, end_date=20251030T153826
[2025-10-30T15:38:26.473+0000] {standard_task_runner.py:109} ERROR - Failed to execute job 2727 for task load_player_gameweek_stats_task (column excluded.fixture does not exist
LINE 10:                 fixture = EXCLUDED.fixture,
                                   ^
HINT:  Perhaps you meant to reference the column "excluded.fixture_id".
; 2986)
[2025-10-30T15:38:26.509+0000] {local_task_job_runner.py:225} INFO - Task exited with return code 1
[2025-10-30T15:38:26.537+0000] {taskinstance.py:2653} INFO - 0 downstream tasks scheduled from follow-on schedule check
