[2025-10-09T11:46:45.944+0000] {taskinstance.py:1103} INFO - Dependencies all met for dep_context=non-requeueable deps ti=<TaskInstance: fpl_etl_pipeline.combine_task manual__2025-10-09T11:46:21.649999+00:00 [queued]>
[2025-10-09T11:46:45.964+0000] {taskinstance.py:1103} INFO - Dependencies all met for dep_context=requeueable deps ti=<TaskInstance: fpl_etl_pipeline.combine_task manual__2025-10-09T11:46:21.649999+00:00 [queued]>
[2025-10-09T11:46:45.965+0000] {taskinstance.py:1308} INFO - Starting attempt 1 of 2
[2025-10-09T11:46:46.190+0000] {taskinstance.py:1327} INFO - Executing <Task(_PythonDecoratedOperator): combine_task> on 2025-10-09 11:46:21.649999+00:00
[2025-10-09T11:46:46.196+0000] {standard_task_runner.py:57} INFO - Started process 1777 to run task
[2025-10-09T11:46:46.200+0000] {standard_task_runner.py:84} INFO - Running: ['airflow', 'tasks', 'run', 'fpl_etl_pipeline', 'combine_task', 'manual__2025-10-09T11:46:21.649999+00:00', '--job-id', '326', '--raw', '--subdir', 'DAGS_FOLDER/fpl_etl_pipeline.py', '--cfg-path', '/tmp/tmp3qreadr8']
[2025-10-09T11:46:46.202+0000] {standard_task_runner.py:85} INFO - Job 326: Subtask combine_task
[2025-10-09T11:46:46.280+0000] {task_command.py:410} INFO - Running <TaskInstance: fpl_etl_pipeline.combine_task manual__2025-10-09T11:46:21.649999+00:00 [running]> on host 671762379d36
[2025-10-09T11:46:46.458+0000] {taskinstance.py:1547} INFO - Exporting env vars: AIRFLOW_CTX_DAG_OWNER='richardilemon' AIRFLOW_CTX_DAG_ID='fpl_etl_pipeline' AIRFLOW_CTX_TASK_ID='combine_task' AIRFLOW_CTX_EXECUTION_DATE='2025-10-09T11:46:21.649999+00:00' AIRFLOW_CTX_TRY_NUMBER='1' AIRFLOW_CTX_DAG_RUN_ID='manual__2025-10-09T11:46:21.649999+00:00'
[2025-10-09T11:46:46.479+0000] {taskinstance.py:1824} ERROR - Task failed with exception
Traceback (most recent call last):
  File "/home/airflow/.local/lib/python3.7/site-packages/airflow/decorators/base.py", line 220, in execute
    return_value = super().execute(context)
  File "/home/airflow/.local/lib/python3.7/site-packages/airflow/operators/python.py", line 181, in execute
    return_value = self.execute_callable()
  File "/home/airflow/.local/lib/python3.7/site-packages/airflow/operators/python.py", line 198, in execute_callable
    return self.python_callable(*self.op_args, **self.op_kwargs)
  File "/opt/airflow/dags/fpl_etl_pipeline.py", line 122, in combine_task
    return combine_gameweeks(results)
  File "/opt/airflow/scripts/load_gameweeks.py", line 70, in combine_gameweeks
    combined.update(r)
ValueError: dictionary update sequence element #0 has length 3; 2 is required
[2025-10-09T11:46:46.493+0000] {taskinstance.py:1350} INFO - Marking task as UP_FOR_RETRY. dag_id=fpl_etl_pipeline, task_id=combine_task, execution_date=20251009T114621, start_date=20251009T114645, end_date=20251009T114646
[2025-10-09T11:46:46.518+0000] {standard_task_runner.py:109} ERROR - Failed to execute job 326 for task combine_task (dictionary update sequence element #0 has length 3; 2 is required; 1777)
[2025-10-09T11:46:46.533+0000] {local_task_job_runner.py:225} INFO - Task exited with return code 1
[2025-10-09T11:46:46.600+0000] {taskinstance.py:2653} INFO - 0 downstream tasks scheduled from follow-on schedule check
