[2025-10-26T09:10:14.675+0000] {taskinstance.py:1103} INFO - Dependencies all met for dep_context=non-requeueable deps ti=<TaskInstance: fpl_gameweeks_etl.parse_players_seasons_stats manual__2025-10-26T09:09:57.862325+00:00 [queued]>
[2025-10-26T09:10:14.691+0000] {taskinstance.py:1103} INFO - Dependencies all met for dep_context=requeueable deps ti=<TaskInstance: fpl_gameweeks_etl.parse_players_seasons_stats manual__2025-10-26T09:09:57.862325+00:00 [queued]>
[2025-10-26T09:10:14.691+0000] {taskinstance.py:1308} INFO - Starting attempt 1 of 2
[2025-10-26T09:10:14.842+0000] {taskinstance.py:1327} INFO - Executing <Task(_PythonDecoratedOperator): parse_players_seasons_stats> on 2025-10-26 09:09:57.862325+00:00
[2025-10-26T09:10:14.848+0000] {standard_task_runner.py:57} INFO - Started process 3518 to run task
[2025-10-26T09:10:14.853+0000] {standard_task_runner.py:84} INFO - Running: ['airflow', 'tasks', 'run', 'fpl_gameweeks_etl', 'parse_players_seasons_stats', 'manual__2025-10-26T09:09:57.862325+00:00', '--job-id', '6977', '--raw', '--subdir', 'DAGS_FOLDER/fpl_gameweeks_dag.py', '--cfg-path', '/tmp/tmpc3tsf8om']
[2025-10-26T09:10:14.854+0000] {standard_task_runner.py:85} INFO - Job 6977: Subtask parse_players_seasons_stats
[2025-10-26T09:10:14.932+0000] {task_command.py:410} INFO - Running <TaskInstance: fpl_gameweeks_etl.parse_players_seasons_stats manual__2025-10-26T09:09:57.862325+00:00 [running]> on host accc60bed825
[2025-10-26T09:10:15.183+0000] {taskinstance.py:1547} INFO - Exporting env vars: AIRFLOW_CTX_DAG_OWNER='richardilemon' AIRFLOW_CTX_DAG_ID='fpl_gameweeks_etl' AIRFLOW_CTX_TASK_ID='parse_players_seasons_stats' AIRFLOW_CTX_EXECUTION_DATE='2025-10-26T09:09:57.862325+00:00' AIRFLOW_CTX_TRY_NUMBER='1' AIRFLOW_CTX_DAG_RUN_ID='manual__2025-10-26T09:09:57.862325+00:00'
[2025-10-26T09:10:15.243+0000] {taskinstance.py:1824} ERROR - Task failed with exception
Traceback (most recent call last):
  File "/home/airflow/.local/lib/python3.7/site-packages/airflow/decorators/base.py", line 220, in execute
    return_value = super().execute(context)
  File "/home/airflow/.local/lib/python3.7/site-packages/airflow/operators/python.py", line 181, in execute
    return_value = self.execute_callable()
  File "/home/airflow/.local/lib/python3.7/site-packages/airflow/operators/python.py", line 198, in execute_callable
    return self.python_callable(*self.op_args, **self.op_kwargs)
  File "/opt/airflow/dags/fpl_gameweeks_dag.py", line 59, in parse_players_seasons_stats
    return parse_players_seasons(players_gw_stats)
  File "/opt/airflow/scripts/load_player_gameweek_stats.py", line 21, in parse_players_seasons
    return list(csv.DictReader(StringIO(all_players_stats)))
TypeError: initial_value must be str or None, not list
[2025-10-26T09:10:15.261+0000] {taskinstance.py:1350} INFO - Marking task as UP_FOR_RETRY. dag_id=fpl_gameweeks_etl, task_id=parse_players_seasons_stats, execution_date=20251026T090957, start_date=20251026T091014, end_date=20251026T091015
[2025-10-26T09:10:15.280+0000] {standard_task_runner.py:109} ERROR - Failed to execute job 6977 for task parse_players_seasons_stats (initial_value must be str or None, not list; 3518)
[2025-10-26T09:10:15.306+0000] {local_task_job_runner.py:225} INFO - Task exited with return code 1
[2025-10-26T09:10:15.385+0000] {taskinstance.py:2653} INFO - 0 downstream tasks scheduled from follow-on schedule check
