[2025-10-29T14:01:55.494+0000] {taskinstance.py:1103} INFO - Dependencies all met for dep_context=non-requeueable deps ti=<TaskInstance: fpl_gameweeks_etl.fetch_players_gw_task manual__2025-10-29T14:01:28.079988+00:00 map_index=6 [queued]>
[2025-10-29T14:01:55.529+0000] {taskinstance.py:1103} INFO - Dependencies all met for dep_context=requeueable deps ti=<TaskInstance: fpl_gameweeks_etl.fetch_players_gw_task manual__2025-10-29T14:01:28.079988+00:00 map_index=6 [queued]>
[2025-10-29T14:01:55.530+0000] {taskinstance.py:1308} INFO - Starting attempt 1 of 2
[2025-10-29T14:01:56.045+0000] {taskinstance.py:1327} INFO - Executing <Mapped(_PythonDecoratedOperator): fetch_players_gw_task> on 2025-10-29 14:01:28.079988+00:00
[2025-10-29T14:01:56.061+0000] {standard_task_runner.py:57} INFO - Started process 15827 to run task
[2025-10-29T14:01:56.071+0000] {standard_task_runner.py:84} INFO - Running: ['airflow', 'tasks', 'run', 'fpl_gameweeks_etl', 'fetch_players_gw_task', 'manual__2025-10-29T14:01:28.079988+00:00', '--job-id', '1075', '--raw', '--subdir', 'DAGS_FOLDER/fpl_gameweeks_dag.py', '--cfg-path', '/tmp/tmpleqf7fz3', '--map-index', '6']
[2025-10-29T14:01:56.077+0000] {standard_task_runner.py:85} INFO - Job 1075: Subtask fetch_players_gw_task
[2025-10-29T14:01:56.230+0000] {task_command.py:410} INFO - Running <TaskInstance: fpl_gameweeks_etl.fetch_players_gw_task manual__2025-10-29T14:01:28.079988+00:00 map_index=6 [running]> on host dede24b5451e
[2025-10-29T14:01:56.610+0000] {taskinstance.py:1547} INFO - Exporting env vars: AIRFLOW_CTX_DAG_OWNER='richardilemon' AIRFLOW_CTX_DAG_ID='fpl_gameweeks_etl' AIRFLOW_CTX_TASK_ID='fetch_players_gw_task' AIRFLOW_CTX_EXECUTION_DATE='2025-10-29T14:01:28.079988+00:00' AIRFLOW_CTX_TRY_NUMBER='1' AIRFLOW_CTX_DAG_RUN_ID='manual__2025-10-29T14:01:28.079988+00:00'
[2025-10-29T14:01:57.545+0000] {fetch_api_data.py:79} WARNING - Failed to fetch data for Petr_Cech_1: 404
[2025-10-29T14:01:58.221+0000] {fetch_api_data.py:79} WARNING - Failed to fetch data for Bernd_Leno_2: 404
[2025-10-29T14:01:58.899+0000] {fetch_api_data.py:79} WARNING - Failed to fetch data for Laurent_Koscielny_3: 404
[2025-10-29T14:01:59.820+0000] {fetch_api_data.py:79} WARNING - Failed to fetch data for Héctor_Bellerín_4: 404
[2025-10-29T14:02:00.519+0000] {fetch_api_data.py:79} WARNING - Failed to fetch data for Nacho_Monreal_5: 404
[2025-10-29T14:02:01.126+0000] {fetch_api_data.py:79} WARNING - Failed to fetch data for Rob_Holding_6: 404
[2025-10-29T14:02:01.814+0000] {fetch_api_data.py:79} WARNING - Failed to fetch data for Shkodran_Mustafi_7: 404
[2025-10-29T14:02:02.463+0000] {fetch_api_data.py:79} WARNING - Failed to fetch data for Sead_Kolasinac_8: 404
[2025-10-29T14:02:03.169+0000] {fetch_api_data.py:79} WARNING - Failed to fetch data for Konstantinos_Mavropanos_10: 404
[2025-10-29T14:02:04.485+0000] {fetch_api_data.py:79} WARNING - Failed to fetch data for Stephan_Lichtsteiner_11: 404
[2025-10-29T14:02:05.162+0000] {fetch_api_data.py:79} WARNING - Failed to fetch data for Sokratis_Papastathopoulos_12: 404
[2025-10-29T14:02:06.194+0000] {fetch_api_data.py:79} WARNING - Failed to fetch data for Mesut_Özil_13: 404
[2025-10-29T14:02:06.795+0000] {fetch_api_data.py:79} WARNING - Failed to fetch data for Aaron_Ramsey_14: 404
[2025-10-29T14:02:07.507+0000] {fetch_api_data.py:79} WARNING - Failed to fetch data for Alex_Iwobi_15: 404
[2025-10-29T14:02:08.130+0000] {fetch_api_data.py:79} WARNING - Failed to fetch data for Mohamed_Elneny_16: 404
[2025-10-29T14:02:08.767+0000] {fetch_api_data.py:79} WARNING - Failed to fetch data for Granit_Xhaka_17: 404
[2025-10-29T14:02:09.418+0000] {fetch_api_data.py:79} WARNING - Failed to fetch data for Henrikh_Mkhitaryan_18: 404
[2025-10-29T14:02:10.040+0000] {fetch_api_data.py:79} WARNING - Failed to fetch data for Reiss_Nelson_19: 404
[2025-10-29T14:02:10.785+0000] {fetch_api_data.py:79} WARNING - Failed to fetch data for Ainsley_Maitland-Niles_20: 404
[2025-10-29T14:02:11.361+0000] {fetch_api_data.py:79} WARNING - Failed to fetch data for Danny_Welbeck_21: 404
[2025-10-29T14:02:11.990+0000] {fetch_api_data.py:79} WARNING - Failed to fetch data for Alexandre_Lacazette_22: 404
[2025-10-29T14:02:12.573+0000] {fetch_api_data.py:79} WARNING - Failed to fetch data for Pierre-Emerick_Aubameyang_23: 404
[2025-10-29T14:02:13.219+0000] {fetch_api_data.py:79} WARNING - Failed to fetch data for Lucas_Torreira_450: 404
[2025-10-29T14:02:13.945+0000] {fetch_api_data.py:79} WARNING - Failed to fetch data for Matteo_Guendouzi_451: 404
[2025-10-29T14:02:14.585+0000] {fetch_api_data.py:79} WARNING - Failed to fetch data for Emiliano_Martínez_542: 404
[2025-10-29T14:02:15.233+0000] {fetch_api_data.py:79} WARNING - Failed to fetch data for Emile_Smith-Rowe_545: 404
[2025-10-29T14:02:15.896+0000] {fetch_api_data.py:79} WARNING - Failed to fetch data for Zech_Medley_546: 404
[2025-10-29T14:02:16.464+0000] {fetch_api_data.py:79} WARNING - Failed to fetch data for Edward_Nketiah_552: 404
[2025-10-29T14:02:17.075+0000] {fetch_api_data.py:79} WARNING - Failed to fetch data for Bukayo_Saka_563: 404
[2025-10-29T14:02:17.797+0000] {fetch_api_data.py:79} WARNING - Failed to fetch data for Joseph_Willock_566: 404
[2025-10-29T14:02:18.495+0000] {fetch_api_data.py:79} WARNING - Failed to fetch data for Carl_Jenkinson_581: 404
[2025-10-29T14:02:19.084+0000] {fetch_api_data.py:79} WARNING - Failed to fetch data for Denis_Suárez_586: 404
[2025-10-29T14:02:19.683+0000] {fetch_api_data.py:79} WARNING - Failed to fetch data for Asmir_Begovic_24: 404
[2025-10-29T14:02:20.300+0000] {fetch_api_data.py:79} WARNING - Failed to fetch data for Artur_Boruc_25: 404
[2025-10-29T14:02:20.915+0000] {fetch_api_data.py:79} WARNING - Failed to fetch data for Simon_Francis_26: 404
[2025-10-29T14:02:21.614+0000] {fetch_api_data.py:79} WARNING - Failed to fetch data for Steve_Cook_27: 404
[2025-10-29T14:02:22.244+0000] {fetch_api_data.py:79} WARNING - Failed to fetch data for Charlie_Daniels_28: 404
[2025-10-29T14:02:23.065+0000] {fetch_api_data.py:79} WARNING - Failed to fetch data for Adam_Smith_29: 404
[2025-10-29T14:02:23.729+0000] {fetch_api_data.py:79} WARNING - Failed to fetch data for Tyrone_Mings_30: 404
[2025-10-29T14:02:24.445+0000] {fetch_api_data.py:79} WARNING - Failed to fetch data for Nathan_Aké_31: 404
[2025-10-29T14:02:25.253+0000] {fetch_api_data.py:79} WARNING - Failed to fetch data for Jack_Simpson_32: 404
[2025-10-29T14:02:25.980+0000] {fetch_api_data.py:79} WARNING - Failed to fetch data for Marc_Pugh_34: 404
[2025-10-29T14:02:26.553+0000] {fetch_api_data.py:79} WARNING - Failed to fetch data for Andrew_Surman_35: 404
[2025-10-29T14:02:27.133+0000] {fetch_api_data.py:79} WARNING - Failed to fetch data for Junior_Stanislas_36: 404
[2025-10-29T14:02:27.738+0000] {fetch_api_data.py:79} WARNING - Failed to fetch data for Dan_Gosling_37: 404
[2025-10-29T14:02:28.361+0000] {fetch_api_data.py:79} WARNING - Failed to fetch data for Jordon_Ibe_38: 404
[2025-10-29T14:02:28.977+0000] {fetch_api_data.py:79} WARNING - Failed to fetch data for Lewis_Cook_39: 404
[2025-10-29T14:02:29.587+0000] {fetch_api_data.py:79} WARNING - Failed to fetch data for Ryan_Fraser_40: 404
[2025-10-29T14:02:30.230+0000] {fetch_api_data.py:79} WARNING - Failed to fetch data for Emerson_Hyndman_41: 404
[2025-10-29T14:02:30.908+0000] {fetch_api_data.py:79} WARNING - Failed to fetch data for David_Brooks_42: 404
[2025-10-29T14:02:31.503+0000] {fetch_api_data.py:79} WARNING - Failed to fetch data for Callum_Wilson_43: 404
[2025-10-29T14:02:32.196+0000] {fetch_api_data.py:79} WARNING - Failed to fetch data for Lys_Mousset_44: 404
[2025-10-29T14:02:32.837+0000] {fetch_api_data.py:79} WARNING - Failed to fetch data for Joshua_King_45: 404
[2025-10-29T14:02:33.438+0000] {fetch_api_data.py:79} WARNING - Failed to fetch data for Jermain_Defoe_46: 404
[2025-10-29T14:02:34.092+0000] {fetch_api_data.py:79} WARNING - Failed to fetch data for Nathaniel_Clyne_241: 404
[2025-10-29T14:02:34.705+0000] {fetch_api_data.py:79} WARNING - Failed to fetch data for Dominic_Solanke_259: 404
[2025-10-29T14:02:35.332+0000] {fetch_api_data.py:79} WARNING - Failed to fetch data for Diego_Rico_473: 404
[2025-10-29T14:02:35.951+0000] {fetch_api_data.py:79} WARNING - Failed to fetch data for Jefferson_Lerma_494: 404
[2025-10-29T14:02:36.586+0000] {fetch_api_data.py:79} WARNING - Failed to fetch data for Chris_Mepham_580: 404
[2025-10-29T14:02:37.176+0000] {fetch_api_data.py:79} WARNING - Failed to fetch data for Sam_Surridge_599: 404
[2025-10-29T14:02:37.784+0000] {fetch_api_data.py:79} WARNING - Failed to fetch data for Kyle_Taylor_600: 404
[2025-10-29T14:02:38.442+0000] {fetch_api_data.py:79} WARNING - Failed to fetch data for Nnamdi_Ofoborh_613: 404
[2025-10-29T14:02:39.075+0000] {fetch_api_data.py:79} WARNING - Failed to fetch data for Mark_Travers_616: 404
[2025-10-29T14:02:39.645+0000] {fetch_api_data.py:79} WARNING - Failed to fetch data for Matt_Butcher_620: 404
[2025-10-29T14:02:40.228+0000] {fetch_api_data.py:79} WARNING - Failed to fetch data for Mathew_Ryan_47: 404
[2025-10-29T14:02:40.858+0000] {fetch_api_data.py:79} WARNING - Failed to fetch data for Lewis_Dunk_48: 404
[2025-10-29T14:02:41.498+0000] {fetch_api_data.py:79} WARNING - Failed to fetch data for Shane_Duffy_49: 404
[2025-10-29T14:02:42.129+0000] {fetch_api_data.py:79} WARNING - Failed to fetch data for Bruno_Saltor Grau_50: 404
[2025-10-29T14:02:42.709+0000] {fetch_api_data.py:79} WARNING - Failed to fetch data for Gaëtan_Bong_51: 404
[2025-10-29T14:02:43.295+0000] {fetch_api_data.py:79} WARNING - Failed to fetch data for Markus_Suttner_52: 404
[2025-10-29T14:02:43.891+0000] {fetch_api_data.py:79} WARNING - Failed to fetch data for Ezequiel_Schelotto_53: 404
[2025-10-29T14:02:44.584+0000] {fetch_api_data.py:79} WARNING - Failed to fetch data for Leon_Balogun_54: 404
[2025-10-29T14:02:45.283+0000] {fetch_api_data.py:79} WARNING - Failed to fetch data for Anthony_Knockaert_55: 404
[2025-10-29T14:02:45.918+0000] {fetch_api_data.py:79} WARNING - Failed to fetch data for Dale_Stephens_56: 404
[2025-10-29T14:02:46.587+0000] {fetch_api_data.py:79} WARNING - Failed to fetch data for Beram_Kayal_57: 404
[2025-10-29T14:02:47.225+0000] {fetch_api_data.py:79} WARNING - Failed to fetch data for Solomon_March_58: 404
[2025-10-29T14:02:47.940+0000] {fetch_api_data.py:79} WARNING - Failed to fetch data for Pascal_Groß_59: 404
[2025-10-29T14:02:48.557+0000] {fetch_api_data.py:79} WARNING - Failed to fetch data for Davy_Pröpper_60: 404
[2025-10-29T14:02:49.142+0000] {fetch_api_data.py:79} WARNING - Failed to fetch data for José Heriberto_Izquierdo Mena_61: 404
[2025-10-29T14:02:49.726+0000] {fetch_api_data.py:79} WARNING - Failed to fetch data for Glenn_Murray_62: 404
[2025-10-29T14:02:50.397+0000] {fetch_api_data.py:79} WARNING - Failed to fetch data for Tomer_Hemed_63: 404
[2025-10-29T14:02:51.005+0000] {fetch_api_data.py:79} WARNING - Failed to fetch data for Sam_Baldock_64: 404
[2025-10-29T14:02:51.799+0000] {fetch_api_data.py:79} WARNING - Failed to fetch data for Jürgen_Locadia_65: 404
[2025-10-29T14:02:52.415+0000] {fetch_api_data.py:79} WARNING - Failed to fetch data for Florin_Andone_66: 404
[2025-10-29T14:02:53.013+0000] {fetch_api_data.py:79} WARNING - Failed to fetch data for David_Button_179: 404
[2025-10-29T14:02:53.652+0000] {fetch_api_data.py:79} WARNING - Failed to fetch data for Jason_Steele_439: 404
[2025-10-29T14:02:54.292+0000] {fetch_api_data.py:79} WARNING - Failed to fetch data for Bernardo_Fernandes da Silva Junior_440: 404
[2025-10-29T14:02:54.960+0000] {fetch_api_data.py:79} WARNING - Failed to fetch data for Yves_Bissouma_466: 404
[2025-10-29T14:02:55.589+0000] {fetch_api_data.py:79} WARNING - Failed to fetch data for Alireza_Jahanbakhsh_476: 404
[2025-10-29T14:02:56.307+0000] {fetch_api_data.py:79} WARNING - Failed to fetch data for Martín_Montoya_503: 404
[2025-10-29T14:02:56.935+0000] {fetch_api_data.py:79} WARNING - Failed to fetch data for Viktor_Gyokeres_551: 404
[2025-10-29T14:02:57.568+0000] {fetch_api_data.py:79} WARNING - Failed to fetch data for Ben_White_559: 404
[2025-10-29T14:02:58.237+0000] {fetch_api_data.py:79} WARNING - Failed to fetch data for Max_Sanders_572: 404
[2025-10-29T14:02:58.839+0000] {fetch_api_data.py:79} WARNING - Failed to fetch data for Dan_Burn_582: 404
[2025-10-29T14:02:59.464+0000] {fetch_api_data.py:79} WARNING - Failed to fetch data for Jayson_Molumby_617: 404
[2025-10-29T14:03:00.048+0000] {fetch_api_data.py:79} WARNING - Failed to fetch data for Tom_Heaton_67: 404
[2025-10-29T14:03:00.715+0000] {fetch_api_data.py:79} WARNING - Failed to fetch data for Nick_Pope_68: 404
[2025-10-29T14:03:01.353+0000] {fetch_api_data.py:79} WARNING - Failed to fetch data for Matthew_Lowton_69: 404
[2025-10-29T14:03:01.993+0000] {fetch_api_data.py:79} WARNING - Failed to fetch data for Ben_Mee_70: 404
[2025-10-29T14:03:02.564+0000] {fetch_api_data.py:79} WARNING - Failed to fetch data for Stephen_Ward_71: 404
[2025-10-29T14:03:03.177+0000] {fetch_api_data.py:79} WARNING - Failed to fetch data for James_Tarkowski_72: 404
[2025-10-29T14:03:03.902+0000] {fetch_api_data.py:79} WARNING - Failed to fetch data for Kevin_Long_73: 404
[2025-10-29T14:03:04.547+0000] {fetch_api_data.py:79} WARNING - Failed to fetch data for Charlie_Taylor_74: 404
[2025-10-29T14:03:05.146+0000] {fetch_api_data.py:79} WARNING - Failed to fetch data for Phil_Bardsley_75: 404
[2025-10-29T14:03:05.759+0000] {fetch_api_data.py:79} WARNING - Failed to fetch data for Johann Berg_Gudmundsson_76: 404
[2025-10-29T14:03:06.432+0000] {fetch_api_data.py:79} WARNING - Failed to fetch data for Steven_Defour_77: 404
[2025-10-29T14:03:07.065+0000] {fetch_api_data.py:79} WARNING - Failed to fetch data for Jeff_Hendrick_78: 404
[2025-10-29T14:03:07.645+0000] {fetch_api_data.py:79} WARNING - Failed to fetch data for Robbie_Brady_79: 404
[2025-10-29T14:03:08.268+0000] {fetch_api_data.py:79} WARNING - Failed to fetch data for Ashley_Westwood_80: 404
[2025-10-29T14:03:08.908+0000] {fetch_api_data.py:79} WARNING - Failed to fetch data for Jonathan_Walters_81: 404
[2025-10-29T14:03:09.586+0000] {fetch_api_data.py:79} WARNING - Failed to fetch data for Jack_Cork_82: 404
[2025-10-29T14:03:10.346+0000] {fetch_api_data.py:79} WARNING - Failed to fetch data for Aaron_Lennon_83: 404
[2025-10-29T14:03:10.993+0000] {fetch_api_data.py:79} WARNING - Failed to fetch data for Sam_Vokes_84: 404
[2025-10-29T14:03:11.571+0000] {fetch_api_data.py:79} WARNING - Failed to fetch data for Ashley_Barnes_85: 404
[2025-10-29T14:03:12.203+0000] {fetch_api_data.py:79} WARNING - Failed to fetch data for Nahki_Wells_86: 404
[2025-10-29T14:03:12.864+0000] {fetch_api_data.py:79} WARNING - Failed to fetch data for Chris_Wood_87: 404
[2025-10-29T14:03:13.637+0000] {fetch_api_data.py:79} WARNING - Failed to fetch data for Anders_Lindegaard_485: 404
[2025-10-29T14:03:14.431+0000] {fetch_api_data.py:79} WARNING - Failed to fetch data for Joe_Hart_490: 404
[2025-10-29T14:03:15.157+0000] {fetch_api_data.py:79} WARNING - Failed to fetch data for Ben_Gibson_491: 404
[2025-10-29T14:03:15.793+0000] {fetch_api_data.py:79} WARNING - Failed to fetch data for Matej_Vydra_495: 404
[2025-10-29T14:03:16.382+0000] {fetch_api_data.py:79} WARNING - Failed to fetch data for Dwight_McNeil_534: 404
[2025-10-29T14:03:17.026+0000] {fetch_api_data.py:79} WARNING - Failed to fetch data for Abd-Al-Ali Morakinyo Olaposi_Koiki_564: 404
[2025-10-29T14:03:17.623+0000] {fetch_api_data.py:79} WARNING - Failed to fetch data for Josh_Benson_583: 404
[2025-10-29T14:03:18.211+0000] {fetch_api_data.py:79} WARNING - Failed to fetch data for Peter_Crouch_590: 404
[2025-10-29T14:03:18.864+0000] {fetch_api_data.py:79} WARNING - Failed to fetch data for Anthony_Driscoll-Glennon_615: 404
[2025-10-29T14:03:19.445+0000] {fetch_api_data.py:79} WARNING - Failed to fetch data for Harry_Arter_33: 404
[2025-10-29T14:03:20.068+0000] {fetch_api_data.py:79} WARNING - Failed to fetch data for Neil_Etheridge_88: 404
[2025-10-29T14:03:20.734+0000] {fetch_api_data.py:79} WARNING - Failed to fetch data for Alex_Smithies_89: 404
[2025-10-29T14:03:21.365+0000] {fetch_api_data.py:79} WARNING - Failed to fetch data for Sean_Morrison_90: 404
[2025-10-29T14:03:22.023+0000] {fetch_api_data.py:79} WARNING - Failed to fetch data for Sol_Bamba_91: 404
[2025-10-29T14:03:22.685+0000] {fetch_api_data.py:79} WARNING - Failed to fetch data for Bruno_Ecuele Manga_92: 404
[2025-10-29T14:03:23.383+0000] {fetch_api_data.py:79} WARNING - Failed to fetch data for Matthew_Connolly_93: 404
[2025-10-29T14:03:24.049+0000] {fetch_api_data.py:79} WARNING - Failed to fetch data for Joe_Bennett_94: 404
[2025-10-29T14:03:24.671+0000] {fetch_api_data.py:79} WARNING - Failed to fetch data for Lee_Peltier_95: 404
[2025-10-29T14:03:25.263+0000] {fetch_api_data.py:79} WARNING - Failed to fetch data for Ashley Darel Jazz_Richards_96: 404
[2025-10-29T14:03:25.855+0000] {fetch_api_data.py:79} WARNING - Failed to fetch data for Greg_Halford_97: 404
[2025-10-29T14:03:26.558+0000] {fetch_api_data.py:79} WARNING - Failed to fetch data for Joe_Ralls_98: 404
[2025-10-29T14:03:27.169+0000] {fetch_api_data.py:79} WARNING - Failed to fetch data for David Junior_Hoilett_99: 404
[2025-10-29T14:03:27.830+0000] {fetch_api_data.py:79} WARNING - Failed to fetch data for Nathaniel_Mendez-Laing_100: 404
[2025-10-29T14:03:28.423+0000] {fetch_api_data.py:79} WARNING - Failed to fetch data for Callum_Paterson_101: 404
[2025-10-29T14:03:29.013+0000] {fetch_api_data.py:79} WARNING - Failed to fetch data for Aron_Gunnarsson_102: 404
[2025-10-29T14:03:29.625+0000] {fetch_api_data.py:79} WARNING - Failed to fetch data for Anthony_Pilkington_103: 404
[2025-10-29T14:03:30.233+0000] {fetch_api_data.py:79} WARNING - Failed to fetch data for Loïc_Damour_104: 404
[2025-10-29T14:03:30.824+0000] {fetch_api_data.py:79} WARNING - Failed to fetch data for Danny_Ward_105: 404
[2025-10-29T14:03:31.435+0000] {fetch_api_data.py:79} WARNING - Failed to fetch data for Josh_Murphy_106: 404
[2025-10-29T14:03:32.190+0000] {fetch_api_data.py:79} WARNING - Failed to fetch data for Kenneth_Zohore_107: 404
[2025-10-29T14:03:32.774+0000] {fetch_api_data.py:79} WARNING - Failed to fetch data for Omar_Bogle_108: 404
[2025-10-29T14:03:33.413+0000] {fetch_api_data.py:79} WARNING - Failed to fetch data for Gary_Madine_109: 404
[2025-10-29T14:03:34.070+0000] {fetch_api_data.py:79} WARNING - Failed to fetch data for Bobby_Reid_110: 404
[2025-10-29T14:03:34.756+0000] {fetch_api_data.py:79} WARNING - Failed to fetch data for Oumar_Niasse_176: 404
[2025-10-29T14:03:35.399+0000] {fetch_api_data.py:79} WARNING - Failed to fetch data for Greg_Cunninghamm_467: 404
[2025-10-29T14:03:35.983+0000] {fetch_api_data.py:79} WARNING - Failed to fetch data for Víctor_Camarasa_504: 404
[2025-10-29T14:03:36.639+0000] {fetch_api_data.py:79} WARNING - Failed to fetch data for Kadeem_Harris_535: 404
[2025-10-29T14:03:37.249+0000] {fetch_api_data.py:79} WARNING - Failed to fetch data for Brian_Murphy_537: 404
[2025-10-29T14:03:37.864+0000] {fetch_api_data.py:79} WARNING - Failed to fetch data for Rhys_Healey_573: 404
[2025-10-29T14:03:38.487+0000] {fetch_api_data.py:79} WARNING - Failed to fetch data for Leandro_Bacuna_589: 404
[2025-10-29T14:03:39.164+0000] {fetch_api_data.py:79} WARNING - Failed to fetch data for Thibaut_Courtois_111: 404
[2025-10-29T14:03:39.852+0000] {fetch_api_data.py:79} WARNING - Failed to fetch data for Willy_Caballero_112: 404
[2025-10-29T14:03:40.536+0000] {fetch_api_data.py:79} WARNING - Failed to fetch data for César_Azpilicueta_113: 404
[2025-10-29T14:03:41.100+0000] {fetch_api_data.py:79} WARNING - Failed to fetch data for Gary_Cahill_114: 404
[2025-10-29T14:03:41.856+0000] {fetch_api_data.py:79} WARNING - Failed to fetch data for Marcos_Alonso_115: 404
[2025-10-29T14:03:42.498+0000] {fetch_api_data.py:79} WARNING - Failed to fetch data for David_Luiz Moreira Marinho_116: 404
[2025-10-29T14:03:43.100+0000] {fetch_api_data.py:79} WARNING - Failed to fetch data for Victor_Moses_117: 404
[2025-10-29T14:03:43.678+0000] {fetch_api_data.py:79} WARNING - Failed to fetch data for Antonio_Rüdiger_118: 404
[2025-10-29T14:03:44.308+0000] {fetch_api_data.py:79} WARNING - Failed to fetch data for Andreas_Christensen_119: 404
[2025-10-29T14:03:44.926+0000] {fetch_api_data.py:79} WARNING - Failed to fetch data for Davide_Zappacosta_120: 404
[2025-10-29T14:03:45.569+0000] {fetch_api_data.py:79} WARNING - Failed to fetch data for Emerson_Palmieri dos Santos_121: 404
[2025-10-29T14:03:46.288+0000] {fetch_api_data.py:79} WARNING - Failed to fetch data for Eden_Hazard_122: 404
[2025-10-29T14:03:47.099+0000] {fetch_api_data.py:79} WARNING - Failed to fetch data for Cesc_Fàbregas_123: 404
[2025-10-29T14:03:47.818+0000] {fetch_api_data.py:79} WARNING - Failed to fetch data for Willian_Borges Da Silva_124: 404
[2025-10-29T14:03:48.423+0000] {fetch_api_data.py:79} WARNING - Failed to fetch data for Pedro_Rodríguez Ledesma_125: 404
[2025-10-29T14:03:49.028+0000] {fetch_api_data.py:79} WARNING - Failed to fetch data for N'Golo_Kanté_126: 404
[2025-10-29T14:03:49.643+0000] {fetch_api_data.py:79} WARNING - Failed to fetch data for Ross_Barkley_127: 404
[2025-10-29T14:03:50.240+0000] {fetch_api_data.py:79} WARNING - Failed to fetch data for Daniel_Drinkwater_128: 404
[2025-10-29T14:03:50.852+0000] {fetch_api_data.py:79} WARNING - Failed to fetch data for Tiemoué_Bakayoko_129: 404
[2025-10-29T14:03:51.440+0000] {fetch_api_data.py:79} WARNING - Failed to fetch data for Ethan_Ampadu_130: 404
[2025-10-29T14:03:52.053+0000] {fetch_api_data.py:79} WARNING - Failed to fetch data for Callum_Hudson-Odoi_131: 404
[2025-10-29T14:03:52.684+0000] {fetch_api_data.py:79} WARNING - Failed to fetch data for Ruben_Loftus-Cheek_132: 404
[2025-10-29T14:03:53.317+0000] {fetch_api_data.py:79} WARNING - Failed to fetch data for Olivier_Giroud_133: 404
[2025-10-29T14:03:53.917+0000] {fetch_api_data.py:79} WARNING - Failed to fetch data for Álvaro_Morata_134: 404
[2025-10-29T14:03:54.623+0000] {fetch_api_data.py:79} WARNING - Failed to fetch data for Jorge Luiz_Frello Filho_459: 404
[2025-10-29T14:03:55.249+0000] {fetch_api_data.py:79} WARNING - Failed to fetch data for Tammy_Abraham_496: 404
[2025-10-29T14:03:55.863+0000] {fetch_api_data.py:79} WARNING - Failed to fetch data for Kepa_Arrizabalaga_498: 404
[2025-10-29T14:03:56.505+0000] {fetch_api_data.py:79} WARNING - Failed to fetch data for Mateo_Kovacic_499: 404
[2025-10-29T14:03:57.114+0000] {fetch_api_data.py:79} WARNING - Failed to fetch data for Gonzalo_Higuaín_579: 404
[2025-10-29T14:03:57.731+0000] {fetch_api_data.py:79} WARNING - Failed to fetch data for Addji Keaninkin Marc-Israel_Guehi_624: 404
[2025-10-29T14:03:58.381+0000] {fetch_api_data.py:79} WARNING - Failed to fetch data for Wayne_Hennessey_135: 404
[2025-10-29T14:03:59.091+0000] {fetch_api_data.py:79} WARNING - Failed to fetch data for Julian_Speroni_136: 404
[2025-10-29T14:03:59.744+0000] {fetch_api_data.py:79} WARNING - Failed to fetch data for Vicente_Guaita_137: 404
[2025-10-29T14:04:00.341+0000] {fetch_api_data.py:79} WARNING - Failed to fetch data for James_Tomkins_138: 404
[2025-10-29T14:04:00.954+0000] {fetch_api_data.py:79} WARNING - Failed to fetch data for Scott_Dann_139: 404
[2025-10-29T14:04:01.603+0000] {fetch_api_data.py:79} WARNING - Failed to fetch data for Martin_Kelly_140: 404
[2025-10-29T14:04:02.244+0000] {fetch_api_data.py:79} WARNING - Failed to fetch data for Jeffrey_Schlupp_141: 404
[2025-10-29T14:04:02.906+0000] {fetch_api_data.py:79} WARNING - Failed to fetch data for Patrick_van Aanholt_142: 404
[2025-10-29T14:04:03.499+0000] {fetch_api_data.py:79} WARNING - Failed to fetch data for Mamadou_Sakho_143: 404
[2025-10-29T14:04:04.209+0000] {fetch_api_data.py:79} WARNING - Failed to fetch data for Jairo_Riedewald_144: 404
[2025-10-29T14:04:04.846+0000] {fetch_api_data.py:79} WARNING - Failed to fetch data for Aaron_Wan-Bissaka_145: 404
[2025-10-29T14:04:05.664+0000] {fetch_api_data.py:79} WARNING - Failed to fetch data for James_McArthur_147: 404
[2025-10-29T14:04:06.268+0000] {fetch_api_data.py:79} WARNING - Failed to fetch data for Bakary_Sako_148: 404
[2025-10-29T14:04:06.849+0000] {fetch_api_data.py:79} WARNING - Failed to fetch data for Andros_Townsend_149: 404
[2025-10-29T14:04:07.513+0000] {fetch_api_data.py:79} WARNING - Failed to fetch data for Luka_Milivojevic_150: 404
[2025-10-29T14:04:08.123+0000] {fetch_api_data.py:79} WARNING - Failed to fetch data for Wilfried_Zaha_151: 404
[2025-10-29T14:04:08.752+0000] {fetch_api_data.py:79} WARNING - Failed to fetch data for Christian_Benteke_152: 404
[2025-10-29T14:04:09.319+0000] {fetch_api_data.py:79} WARNING - Failed to fetch data for Alexander_Sørloth_153: 404
[2025-10-29T14:04:09.910+0000] {fetch_api_data.py:79} WARNING - Failed to fetch data for Cheikhou_Kouyaté_412: 404
[2025-10-29T14:04:10.520+0000] {fetch_api_data.py:79} WARNING - Failed to fetch data for Joel_Ward_441: 404
[2025-10-29T14:04:11.159+0000] {fetch_api_data.py:79} WARNING - Failed to fetch data for Jaroslaw_Jach_442: 404
[2025-10-29T14:04:11.801+0000] {fetch_api_data.py:79} WARNING - Failed to fetch data for Pape_Souaré_443: 404
[2025-10-29T14:04:12.385+0000] {fetch_api_data.py:79} WARNING - Failed to fetch data for Connor_Wickham_444: 404
[2025-10-29T14:04:13.017+0000] {fetch_api_data.py:79} WARNING - Failed to fetch data for Sullay_Kaikai_477: 404
[2025-10-29T14:04:13.674+0000] {fetch_api_data.py:79} WARNING - Failed to fetch data for Max_Meyer_486: 404
[2025-10-29T14:04:14.279+0000] {fetch_api_data.py:79} WARNING - Failed to fetch data for Jordan_Ayew_505: 404
[2025-10-29T14:04:14.850+0000] {fetch_api_data.py:79} WARNING - Failed to fetch data for Joe_Tupper_576: 404
[2025-10-29T14:04:15.415+0000] {fetch_api_data.py:79} WARNING - Failed to fetch data for Lucas_Perri_584: 404
[2025-10-29T14:04:16.114+0000] {fetch_api_data.py:79} WARNING - Failed to fetch data for Michy_Batshuayi_592: 404
[2025-10-29T14:04:16.791+0000] {fetch_api_data.py:79} WARNING - Failed to fetch data for Sam_Woods_609: 404
[2025-10-29T14:04:17.420+0000] {fetch_api_data.py:79} WARNING - Failed to fetch data for Luke_Dreher_618: 404
[2025-10-29T14:04:17.989+0000] {fetch_api_data.py:79} WARNING - Failed to fetch data for Nikola_Tavares_619: 404
[2025-10-29T14:04:18.597+0000] {fetch_api_data.py:79} WARNING - Failed to fetch data for Jordan_Pickford_154: 404
[2025-10-29T14:04:19.255+0000] {fetch_api_data.py:79} WARNING - Failed to fetch data for Maarten_Stekelenburg_155: 404
[2025-10-29T14:04:19.867+0000] {fetch_api_data.py:79} WARNING - Failed to fetch data for Leighton_Baines_156: 404
[2025-10-29T14:04:20.505+0000] {fetch_api_data.py:79} WARNING - Failed to fetch data for Seamus_Coleman_157: 404
[2025-10-29T14:04:21.105+0000] {fetch_api_data.py:79} WARNING - Failed to fetch data for Phil_Jagielka_158: 404
[2025-10-29T14:04:21.783+0000] {fetch_api_data.py:79} WARNING - Failed to fetch data for Ashley_Williams_159: 404
[2025-10-29T14:04:22.385+0000] {fetch_api_data.py:79} WARNING - Failed to fetch data for Mason_Holgate_160: 404
[2025-10-29T14:04:23.153+0000] {fetch_api_data.py:79} WARNING - Failed to fetch data for Jonjoe_Kenny_161: 404
[2025-10-29T14:04:23.974+0000] {fetch_api_data.py:79} WARNING - Failed to fetch data for Michael_Keane_162: 404
[2025-10-29T14:04:24.621+0000] {fetch_api_data.py:79} WARNING - Failed to fetch data for Cuco_Martina_163: 404
[2025-10-29T14:04:25.237+0000] {fetch_api_data.py:79} WARNING - Failed to fetch data for Theo_Walcott_164: 404
[2025-10-29T14:04:25.844+0000] {fetch_api_data.py:79} WARNING - Failed to fetch data for Yannick_Bolasie_165: 404
[2025-10-29T14:04:26.499+0000] {fetch_api_data.py:79} WARNING - Failed to fetch data for James_McCarthy_166: 404
[2025-10-29T14:04:27.243+0000] {fetch_api_data.py:79} WARNING - Failed to fetch data for Morgan_Schneiderlin_167: 404
[2025-10-29T14:04:27.977+0000] {fetch_api_data.py:79} WARNING - Failed to fetch data for Idrissa_Gueye_168: 404
[2025-10-29T14:04:28.619+0000] {fetch_api_data.py:79} WARNING - Failed to fetch data for Tom_Davies_169: 404
[2025-10-29T14:04:29.232+0000] {fetch_api_data.py:79} WARNING - Failed to fetch data for Ademola_Lookman_170: 404
[2025-10-29T14:04:29.885+0000] {fetch_api_data.py:79} WARNING - Failed to fetch data for Davy_Klaassen_171: 404
[2025-10-29T14:04:30.454+0000] {fetch_api_data.py:79} WARNING - Failed to fetch data for Gylfi_Sigurdsson_172: 404
[2025-10-29T14:04:31.043+0000] {fetch_api_data.py:79} WARNING - Failed to fetch data for Nikola_Vlasic_173: 404
[2025-10-29T14:04:31.713+0000] {fetch_api_data.py:79} WARNING - Failed to fetch data for Beni_Baningime_174: 404
[2025-10-29T14:04:32.380+0000] {fetch_api_data.py:79} WARNING - Failed to fetch data for Dominic_Calvert-Lewin_175: 404
[2025-10-29T14:04:33.406+0000] {fetch_api_data.py:79} WARNING - Failed to fetch data for Cenk_Tosun_177: 404
[2025-10-29T14:04:34.445+0000] {fetch_api_data.py:79} WARNING - Failed to fetch data for Richarlison_de Andrade_393: 404
[2025-10-29T14:04:35.469+0000] {fetch_api_data.py:79} WARNING - Failed to fetch data for Kevin_Mirallas_469: 404
[2025-10-29T14:04:36.337+0000] {fetch_api_data.py:79} WARNING - Failed to fetch data for Sandro_Ramírez_470: 404
[2025-10-29T14:04:37.219+0000] {fetch_api_data.py:79} WARNING - Failed to fetch data for Lucas_Digne_484: 404
[2025-10-29T14:04:37.954+0000] {fetch_api_data.py:79} WARNING - Failed to fetch data for Yerry_Mina_506: 404
[2025-10-29T14:04:38.772+0000] {fetch_api_data.py:79} WARNING - Failed to fetch data for Bernard_Anício Caldeira Duarte_507: 404
[2025-10-29T14:04:39.550+0000] {fetch_api_data.py:79} WARNING - Failed to fetch data for André Filipe_Tavares Gomes_508: 404
[2025-10-29T14:04:40.621+0000] {fetch_api_data.py:79} WARNING - Failed to fetch data for Kurt_Zouma_526: 404
[2025-10-29T14:04:41.622+0000] {fetch_api_data.py:79} WARNING - Failed to fetch data for Kieran_Dowell_528: 404
[2025-10-29T14:04:43.032+0000] {fetch_api_data.py:79} WARNING - Failed to fetch data for Tyias_Browning_532: 404
[2025-10-29T14:04:43.994+0000] {fetch_api_data.py:79} WARNING - Failed to fetch data for Calum_Chambers_9: 404
[2025-10-29T14:04:44.785+0000] {fetch_api_data.py:79} WARNING - Failed to fetch data for Marcus_Bettinelli_178: 404
[2025-10-29T14:04:46.471+0000] {fetch_api_data.py:79} WARNING - Failed to fetch data for Tim_Ream_180: 404
[2025-10-29T14:04:48.483+0000] {fetch_api_data.py:79} WARNING - Failed to fetch data for Denis_Odoi_181: 404
[2025-10-29T14:04:49.082+0000] {fetch_api_data.py:79} WARNING - Failed to fetch data for Tom_Cairney_182: 404
[2025-10-29T14:04:49.664+0000] {fetch_api_data.py:79} WARNING - Failed to fetch data for Kevin_McDonald_183: 404
[2025-10-29T14:04:50.272+0000] {fetch_api_data.py:79} WARNING - Failed to fetch data for Ryan_Sessegnon_184: 404
[2025-10-29T14:04:50.863+0000] {fetch_api_data.py:79} WARNING - Failed to fetch data for Stefan_Johansen_185: 404
[2025-10-29T14:04:51.584+0000] {fetch_api_data.py:79} WARNING - Failed to fetch data for Floyd_Ayité_186: 404
[2025-10-29T14:04:52.312+0000] {fetch_api_data.py:79} WARNING - Failed to fetch data for Neeskens_Kebano_187: 404
[2025-10-29T14:04:53.147+0000] {fetch_api_data.py:79} WARNING - Failed to fetch data for Rui Pedro_da Rocha Fonte_188: 404
[2025-10-29T14:04:53.788+0000] {fetch_api_data.py:79} WARNING - Failed to fetch data for Aboubakar_Kamara_189: 404
[2025-10-29T14:04:54.480+0000] {fetch_api_data.py:79} WARNING - Failed to fetch data for Maxime_Le Marchand_455: 404
[2025-10-29T14:04:55.105+0000] {fetch_api_data.py:79} WARNING - Failed to fetch data for Jean Michael_Seri_456: 404
[2025-10-29T14:04:55.723+0000] {fetch_api_data.py:79} WARNING - Failed to fetch data for Cyrus_Christie_460: 404
[2025-10-29T14:04:56.464+0000] {fetch_api_data.py:79} WARNING - Failed to fetch data for Fabricio_Agosto Ramírez_474: 404
[2025-10-29T14:04:57.516+0000] {fetch_api_data.py:79} WARNING - Failed to fetch data for André_Schürrle_478: 404
[2025-10-29T14:04:58.163+0000] {fetch_api_data.py:79} WARNING - Failed to fetch data for Aleksandar_Mitrovic_480: 404
[2025-10-29T14:04:58.768+0000] {fetch_api_data.py:79} WARNING - Failed to fetch data for Alfie_Mawson_487: 404
[2025-10-29T14:04:59.388+0000] {fetch_api_data.py:79} WARNING - Failed to fetch data for Sergio_Rico_509: 404
[2025-10-29T14:05:00.049+0000] {fetch_api_data.py:79} WARNING - Failed to fetch data for Joe_Bryan_510: 404
[2025-10-29T14:05:00.701+0000] {fetch_api_data.py:79} WARNING - Failed to fetch data for Timothy_Fosu-Mensah_511: 404
[2025-10-29T14:05:01.283+0000] {fetch_api_data.py:79} WARNING - Failed to fetch data for André-Frank_Zambo Anguissa_512: 404
[2025-10-29T14:05:01.950+0000] {fetch_api_data.py:79} WARNING - Failed to fetch data for Luciano_Vietto_513: 404
[2025-10-29T14:05:03.228+0000] {fetch_api_data.py:79} WARNING - Failed to fetch data for Ibrahima_Cissé_521: 404
[2025-10-29T14:05:04.922+0000] {fetch_api_data.py:79} WARNING - Failed to fetch data for Zeze Steven_Sessegnon_541: 404
[2025-10-29T14:05:05.654+0000] {fetch_api_data.py:79} WARNING - Failed to fetch data for Ryan_Babel_575: 404
[2025-10-29T14:05:06.545+0000] {fetch_api_data.py:79} WARNING - Failed to fetch data for Håvard_Nordtveit_593: 404
[2025-10-29T14:05:07.681+0000] {fetch_api_data.py:79} WARNING - Failed to fetch data for Lazar_Markovic_594: 404
[2025-10-29T14:05:08.373+0000] {fetch_api_data.py:79} WARNING - Failed to fetch data for Harvey_Elliott_610: 404
[2025-10-29T14:05:09.128+0000] {fetch_api_data.py:79} WARNING - Failed to fetch data for Luca_De La Torre_621: 404
[2025-10-29T14:05:09.755+0000] {fetch_api_data.py:79} WARNING - Failed to fetch data for Jason_Puncheon_146: 404
[2025-10-29T14:05:10.533+0000] {fetch_api_data.py:79} WARNING - Failed to fetch data for Ben_Hamer_190: 404
[2025-10-29T14:05:11.398+0000] {fetch_api_data.py:79} WARNING - Failed to fetch data for Jonas_Lössl_191: 404
[2025-10-29T14:05:12.202+0000] {fetch_api_data.py:79} WARNING - Failed to fetch data for Christopher_Schindler_192: 404
[2025-10-29T14:05:12.979+0000] {fetch_api_data.py:79} WARNING - Failed to fetch data for Chris_Löwe_193: 404
[2025-10-29T14:05:14.469+0000] {fetch_api_data.py:79} WARNING - Failed to fetch data for Tommy_Smith_194: 404
[2025-10-29T14:05:16.137+0000] {fetch_api_data.py:79} WARNING - Failed to fetch data for Mathias_Jorgensen_195: 404
[2025-10-29T14:05:18.645+0000] {fetch_api_data.py:79} WARNING - Failed to fetch data for Scott_Malone_196: 404
[2025-10-29T14:05:20.179+0000] {fetch_api_data.py:79} WARNING - Failed to fetch data for Florent_Hadergjonaj_197: 404
[2025-10-29T14:05:21.431+0000] {fetch_api_data.py:79} WARNING - Failed to fetch data for Terence_Kongolo_198: 404
[2025-10-29T14:05:22.907+0000] {fetch_api_data.py:79} WARNING - Failed to fetch data for Aaron_Mooy_199: 404
[2025-10-29T14:05:24.914+0000] {fetch_api_data.py:79} WARNING - Failed to fetch data for Rajiv_van La Parra_200: 404
[2025-10-29T14:05:26.373+0000] {fetch_api_data.py:79} WARNING - Failed to fetch data for Jonathan_Hogg_201: 404
[2025-10-29T14:05:27.121+0000] {fetch_api_data.py:79} WARNING - Failed to fetch data for Philip_Billing_202: 404
[2025-10-29T14:05:27.950+0000] {fetch_api_data.py:79} WARNING - Failed to fetch data for Tom_Ince_203: 404
[2025-10-29T14:05:28.714+0000] {fetch_api_data.py:79} WARNING - Failed to fetch data for Danny_Williams_204: 404
[2025-10-29T14:05:29.659+0000] {fetch_api_data.py:79} WARNING - Failed to fetch data for Abdelhamid_Sabiri_205: 404
[2025-10-29T14:05:30.583+0000] {fetch_api_data.py:79} WARNING - Failed to fetch data for Alex_Pritchard_206: 404
[2025-10-29T14:05:31.460+0000] {fetch_api_data.py:79} WARNING - Failed to fetch data for Ramadan_Sobhi_207: 404
[2025-10-29T14:05:32.948+0000] {fetch_api_data.py:79} WARNING - Failed to fetch data for Juninho_Bacuna_208: 404
[2025-10-29T14:05:34.198+0000] {fetch_api_data.py:79} WARNING - Failed to fetch data for Collin_Quaner_209: 404
[2025-10-29T14:05:35.363+0000] {fetch_api_data.py:79} WARNING - Failed to fetch data for Laurent_Depoitre_210: 404
[2025-10-29T14:05:36.239+0000] {fetch_api_data.py:79} WARNING - Failed to fetch data for Steve_Mounie_211: 404
[2025-10-29T14:05:37.262+0000] {fetch_api_data.py:79} WARNING - Failed to fetch data for Elias_Kachunga_212: 404
[2025-10-29T14:05:38.585+0000] {fetch_api_data.py:79} WARNING - Failed to fetch data for Erik_Durm_461: 404
[2025-10-29T14:05:39.748+0000] {fetch_api_data.py:79} WARNING - Failed to fetch data for Adama_Diakhaby_471: 404
[2025-10-29T14:05:40.689+0000] {fetch_api_data.py:79} WARNING - Failed to fetch data for Isaac_Mbenza_514: 404
[2025-10-29T14:05:41.996+0000] {fetch_api_data.py:79} WARNING - Failed to fetch data for Jon Gorenc_Stankovic_522: 404
[2025-10-29T14:05:42.845+0000] {fetch_api_data.py:79} WARNING - Failed to fetch data for Ryan_Schofield_533: 404
[2025-10-29T14:05:43.740+0000] {fetch_api_data.py:79} WARNING - Failed to fetch data for Karlan_Grant_585: 404
[2025-10-29T14:05:44.389+0000] {fetch_api_data.py:79} WARNING - Failed to fetch data for Joel_Coleman_598: 404
[2025-10-29T14:05:45.127+0000] {fetch_api_data.py:79} WARNING - Failed to fetch data for Demeaco_Duhaney_601: 404
[2025-10-29T14:05:46.063+0000] {fetch_api_data.py:79} WARNING - Failed to fetch data for Matthew_Daly_606: 404
[2025-10-29T14:05:48.116+0000] {fetch_api_data.py:79} WARNING - Failed to fetch data for Aaron_Rowe_607: 404
[2025-10-29T14:05:49.761+0000] {fetch_api_data.py:79} WARNING - Failed to fetch data for Kasper_Schmeichel_213: 404
[2025-10-29T14:05:52.453+0000] {fetch_api_data.py:79} WARNING - Failed to fetch data for Eldin_Jakupovic_214: 404
[2025-10-29T14:05:54.009+0000] {fetch_api_data.py:79} WARNING - Failed to fetch data for Wes_Morgan_215: 404
[2025-10-29T14:05:55.327+0000] {fetch_api_data.py:79} WARNING - Failed to fetch data for Christian_Fuchs_216: 404
[2025-10-29T14:05:57.101+0000] {fetch_api_data.py:79} WARNING - Failed to fetch data for Danny_Simpson_217: 404
[2025-10-29T14:05:58.478+0000] {fetch_api_data.py:79} WARNING - Failed to fetch data for Yohan_Benalouane_218: 404
[2025-10-29T14:05:59.252+0000] {fetch_api_data.py:79} WARNING - Failed to fetch data for Benjamin_Chilwell_219: 404
[2025-10-29T14:05:59.844+0000] {fetch_api_data.py:79} WARNING - Failed to fetch data for Harry_Maguire_220: 404
[2025-10-29T14:06:00.656+0000] {fetch_api_data.py:79} WARNING - Failed to fetch data for Ricardo Domingos_Barbosa Pereira_221: 404
[2025-10-29T14:06:01.594+0000] {fetch_api_data.py:79} WARNING - Failed to fetch data for Jonny_Evans_222: 404
[2025-10-29T14:06:02.267+0000] {fetch_api_data.py:79} WARNING - Failed to fetch data for Marc_Albrighton_224: 404
[2025-10-29T14:06:03.413+0000] {fetch_api_data.py:79} WARNING - Failed to fetch data for Demarai_Gray_225: 404
[2025-10-29T14:06:05.432+0000] {fetch_api_data.py:79} WARNING - Failed to fetch data for Daniel_Amartey_226: 404
[2025-10-29T14:06:07.719+0000] {fetch_api_data.py:79} WARNING - Failed to fetch data for Wilfred_Ndidi_227: 404
[2025-10-29T14:06:08.490+0000] {fetch_api_data.py:79} WARNING - Failed to fetch data for Vicente_Iborra_228: 404
[2025-10-29T14:06:09.511+0000] {fetch_api_data.py:79} WARNING - Failed to fetch data for Matty_James_229: 404
[2025-10-29T14:06:10.535+0000] {fetch_api_data.py:79} WARNING - Failed to fetch data for Hamza_Choudhury_230: 404
[2025-10-29T14:06:11.653+0000] {fetch_api_data.py:79} WARNING - Failed to fetch data for Adrien Sebastian_Perruchet Silva_231: 404
[2025-10-29T14:06:12.579+0000] {fetch_api_data.py:79} WARNING - Failed to fetch data for Fousseni_Diabaté_232: 404
[2025-10-29T14:06:13.392+0000] {fetch_api_data.py:79} WARNING - Failed to fetch data for James_Maddison_233: 404
[2025-10-29T14:06:14.136+0000] {fetch_api_data.py:79} WARNING - Failed to fetch data for Jamie_Vardy_234: 404
[2025-10-29T14:06:14.890+0000] {fetch_api_data.py:79} WARNING - Failed to fetch data for Shinji_Okazaki_235: 404
[2025-10-29T14:06:16.322+0000] {fetch_api_data.py:79} WARNING - Failed to fetch data for Kelechi_Iheanacho_236: 404
[2025-10-29T14:06:17.240+0000] {fetch_api_data.py:79} WARNING - Failed to fetch data for Danny_Ward_457: 404
[2025-10-29T14:06:17.973+0000] {fetch_api_data.py:79} WARNING - Failed to fetch data for Rachid_Ghezzal_492: 404
[2025-10-29T14:06:18.726+0000] {fetch_api_data.py:79} WARNING - Failed to fetch data for Filip_Benkovic_501: 404
[2025-10-29T14:06:19.347+0000] {fetch_api_data.py:79} WARNING - Failed to fetch data for Çaglar_Söyüncü_515: 404
[2025-10-29T14:06:19.976+0000] {fetch_api_data.py:79} WARNING - Failed to fetch data for Nampalys_Mendy_527: 404
[2025-10-29T14:06:20.574+0000] {fetch_api_data.py:79} WARNING - Failed to fetch data for Josh_Knight_558: 404
[2025-10-29T14:06:21.169+0000] {fetch_api_data.py:79} WARNING - Failed to fetch data for Harvey_Barnes_571: 404
[2025-10-29T14:06:21.781+0000] {fetch_api_data.py:79} WARNING - Failed to fetch data for Youri_Tielemans_591: 404
[2025-10-29T14:06:22.369+0000] {fetch_api_data.py:79} WARNING - Failed to fetch data for Simon_Mignolet_237: 404
[2025-10-29T14:06:22.989+0000] {fetch_api_data.py:79} WARNING - Failed to fetch data for Loris_Karius_238: 404
[2025-10-29T14:06:23.577+0000] {fetch_api_data.py:79} WARNING - Failed to fetch data for Dejan_Lovren_239: 404
[2025-10-29T14:06:24.300+0000] {fetch_api_data.py:79} WARNING - Failed to fetch data for Alberto_Moreno_240: 404
[2025-10-29T14:06:24.919+0000] {fetch_api_data.py:79} WARNING - Failed to fetch data for Joseph_Gomez_242: 404
[2025-10-29T14:06:25.547+0000] {fetch_api_data.py:79} WARNING - Failed to fetch data for Joel_Matip_243: 404
[2025-10-29T14:06:26.154+0000] {fetch_api_data.py:79} WARNING - Failed to fetch data for Ragnar_Klavan_244: 404
[2025-10-29T14:06:26.794+0000] {fetch_api_data.py:79} WARNING - Failed to fetch data for Trent_Alexander-Arnold_245: 404
[2025-10-29T14:06:27.479+0000] {fetch_api_data.py:79} WARNING - Failed to fetch data for Virgil_van Dijk_246: 404
[2025-10-29T14:06:28.189+0000] {fetch_api_data.py:79} WARNING - Failed to fetch data for Andrew_Robertson_247: 404
[2025-10-29T14:06:28.837+0000] {fetch_api_data.py:79} WARNING - Failed to fetch data for Alex_Oxlade-Chamberlain_248: 404
[2025-10-29T14:06:29.468+0000] {fetch_api_data.py:79} WARNING - Failed to fetch data for Jordan_Henderson_249: 404
[2025-10-29T14:06:30.108+0000] {fetch_api_data.py:79} WARNING - Failed to fetch data for Adam_Lallana_250: 404
[2025-10-29T14:06:30.692+0000] {fetch_api_data.py:79} WARNING - Failed to fetch data for Sadio_Mané_251: 404
[2025-10-29T14:06:31.287+0000] {fetch_api_data.py:79} WARNING - Failed to fetch data for Georginio_Wijnaldum_252: 404
[2025-10-29T14:06:31.898+0000] {fetch_api_data.py:79} WARNING - Failed to fetch data for Mohamed_Salah_253: 404
[2025-10-29T14:06:32.492+0000] {fetch_api_data.py:79} WARNING - Failed to fetch data for James_Milner_254: 404
[2025-10-29T14:06:33.094+0000] {fetch_api_data.py:79} WARNING - Failed to fetch data for Fabio Henrique_Tavares_255: 404
[2025-10-29T14:06:33.673+0000] {fetch_api_data.py:79} WARNING - Failed to fetch data for Naby_Keita_256: 404
[2025-10-29T14:06:34.279+0000] {fetch_api_data.py:79} WARNING - Failed to fetch data for Roberto_Firmino_257: 404
[2025-10-29T14:06:34.857+0000] {fetch_api_data.py:79} WARNING - Failed to fetch data for Xherdan_Shaqiri_462: 404
[2025-10-29T14:06:35.454+0000] {fetch_api_data.py:79} WARNING - Failed to fetch data for Alisson_Ramses Becker_468: 404
[2025-10-29T14:06:36.073+0000] {fetch_api_data.py:79} WARNING - Failed to fetch data for Daniel_Sturridge_472: 404
[2025-10-29T14:06:36.671+0000] {fetch_api_data.py:79} WARNING - Failed to fetch data for Divock_Origi_543: 404
[2025-10-29T14:06:37.305+0000] {fetch_api_data.py:79} WARNING - Failed to fetch data for Rafael_Camacho_557: 404
[2025-10-29T14:06:37.907+0000] {fetch_api_data.py:79} WARNING - Failed to fetch data for Curtis_Jones_597: 404
[2025-10-29T14:06:38.524+0000] {fetch_api_data.py:79} WARNING - Failed to fetch data for Riyad_Mahrez_223: 404
[2025-10-29T14:06:39.124+0000] {fetch_api_data.py:79} WARNING - Failed to fetch data for Ederson_Santana de Moraes_260: 404
[2025-10-29T14:06:39.801+0000] {fetch_api_data.py:79} WARNING - Failed to fetch data for Claudio_Bravo_261: 404
[2025-10-29T14:06:40.521+0000] {fetch_api_data.py:79} WARNING - Failed to fetch data for John_Stones_262: 404
[2025-10-29T14:06:41.194+0000] {fetch_api_data.py:79} WARNING - Failed to fetch data for Vincent_Kompany_263: 404
[2025-10-29T14:06:41.766+0000] {fetch_api_data.py:79} WARNING - Failed to fetch data for Nicolás_Otamendi_264: 404
[2025-10-29T14:06:42.366+0000] {fetch_api_data.py:79} WARNING - Failed to fetch data for Kyle_Walker_265: 404
[2025-10-29T14:06:42.943+0000] {fetch_api_data.py:79} WARNING - Failed to fetch data for Danilo Luiz_da Silva_266: 404
[2025-10-29T14:06:43.544+0000] {fetch_api_data.py:79} WARNING - Failed to fetch data for Benjamin_Mendy_267: 404
[2025-10-29T14:06:44.189+0000] {fetch_api_data.py:79} WARNING - Failed to fetch data for Aymeric_Laporte_268: 404
[2025-10-29T14:06:44.863+0000] {fetch_api_data.py:79} WARNING - Failed to fetch data for Fabian_Delph_269: 404
[2025-10-29T14:06:45.450+0000] {fetch_api_data.py:79} WARNING - Failed to fetch data for Raheem_Sterling_270: 404
[2025-10-29T14:06:46.093+0000] {fetch_api_data.py:79} WARNING - Failed to fetch data for David_Silva_271: 404
[2025-10-29T14:06:46.671+0000] {fetch_api_data.py:79} WARNING - Failed to fetch data for Fernando_Luiz Rosa_272: 404
[2025-10-29T14:06:47.246+0000] {fetch_api_data.py:79} WARNING - Failed to fetch data for Kevin_De Bruyne_273: 404
[2025-10-29T14:06:47.863+0000] {fetch_api_data.py:79} WARNING - Failed to fetch data for Ilkay_Gündogan_274: 404
[2025-10-29T14:06:48.444+0000] {fetch_api_data.py:79} WARNING - Failed to fetch data for Leroy_Sané_275: 404
[2025-10-29T14:06:49.021+0000] {fetch_api_data.py:79} WARNING - Failed to fetch data for Bernardo Mota_Veiga de Carvalho e Silva_276: 404
[2025-10-29T14:06:49.620+0000] {fetch_api_data.py:79} WARNING - Failed to fetch data for Phil_Foden_277: 404
[2025-10-29T14:06:50.230+0000] {fetch_api_data.py:79} WARNING - Failed to fetch data for Brahim_Diaz_278: 404
[2025-10-29T14:06:50.815+0000] {fetch_api_data.py:79} WARNING - Failed to fetch data for Oleksandr_Zinchenko_279: 404
[2025-10-29T14:06:51.377+0000] {fetch_api_data.py:79} WARNING - Failed to fetch data for Sergio_Agüero_280: 404
[2025-10-29T14:06:52.030+0000] {fetch_api_data.py:79} WARNING - Failed to fetch data for Gabriel Fernando_de Jesus_281: 404
[2025-10-29T14:06:52.647+0000] {fetch_api_data.py:79} WARNING - Failed to fetch data for Arijanet_Muric_529: 404
[2025-10-29T14:06:53.236+0000] {fetch_api_data.py:79} WARNING - Failed to fetch data for Philippe_Sandler_604: 404
[2025-10-29T14:06:53.880+0000] {fetch_api_data.py:79} WARNING - Failed to fetch data for David_de Gea_282: 404
[2025-10-29T14:06:54.602+0000] {fetch_api_data.py:79} WARNING - Failed to fetch data for Sergio_Romero_283: 404
[2025-10-29T14:06:55.173+0000] {fetch_api_data.py:79} WARNING - Failed to fetch data for Chris_Smalling_284: 404
[2025-10-29T14:06:55.794+0000] {fetch_api_data.py:79} WARNING - Failed to fetch data for Phil_Jones_285: 404
[2025-10-29T14:06:56.383+0000] {fetch_api_data.py:79} WARNING - Failed to fetch data for Luke_Shaw_286: 404
[2025-10-29T14:06:56.987+0000] {fetch_api_data.py:79} WARNING - Failed to fetch data for Marcos_Rojo_287: 404
[2025-10-29T14:06:57.624+0000] {fetch_api_data.py:79} WARNING - Failed to fetch data for Antonio_Valencia_288: 404
[2025-10-29T14:06:58.211+0000] {fetch_api_data.py:79} WARNING - Failed to fetch data for Matteo_Darmian_289: 404
[2025-10-29T14:06:58.812+0000] {fetch_api_data.py:79} WARNING - Failed to fetch data for Daley_Blind_290: 404
[2025-10-29T14:06:59.479+0000] {fetch_api_data.py:79} WARNING - Failed to fetch data for Eric_Bailly_291: 404
[2025-10-29T14:07:00.067+0000] {fetch_api_data.py:79} WARNING - Failed to fetch data for Victor_Lindelöf_292: 404
[2025-10-29T14:07:00.654+0000] {fetch_api_data.py:79} WARNING - Failed to fetch data for Ashley_Young_293: 404
[2025-10-29T14:07:01.237+0000] {fetch_api_data.py:79} WARNING - Failed to fetch data for José Diogo_Dalot Teixeira_294: 404
[2025-10-29T14:07:01.855+0000] {fetch_api_data.py:79} WARNING - Failed to fetch data for Alexis_Sánchez_295: 404
[2025-10-29T14:07:02.452+0000] {fetch_api_data.py:79} WARNING - Failed to fetch data for Nemanja_Matic_296: 404
[2025-10-29T14:07:03.124+0000] {fetch_api_data.py:79} WARNING - Failed to fetch data for Juan_Mata_297: 404
[2025-10-29T14:07:03.744+0000] {fetch_api_data.py:79} WARNING - Failed to fetch data for Marouane_Fellaini_298: 404
[2025-10-29T14:07:04.328+0000] {fetch_api_data.py:79} WARNING - Failed to fetch data for Ander_Herrera_299: 404
[2025-10-29T14:07:05.016+0000] {fetch_api_data.py:79} WARNING - Failed to fetch data for Jesse_Lingard_300: 404
[2025-10-29T14:07:05.617+0000] {fetch_api_data.py:79} WARNING - Failed to fetch data for Anthony_Martial_301: 404
[2025-10-29T14:07:06.229+0000] {fetch_api_data.py:79} WARNING - Failed to fetch data for Paul_Pogba_302: 404
[2025-10-29T14:07:06.866+0000] {fetch_api_data.py:79} WARNING - Failed to fetch data for Scott_McTominay_303: 404
[2025-10-29T14:07:07.962+0000] {fetch_api_data.py:79} WARNING - Failed to fetch data for Frederico_Rodrigues de Paula Santos_304: 404
[2025-10-29T14:07:08.777+0000] {fetch_api_data.py:79} WARNING - Failed to fetch data for Marcus_Rashford_305: 404
[2025-10-29T14:07:09.430+0000] {fetch_api_data.py:79} WARNING - Failed to fetch data for Romelu_Lukaku_306: 404
[2025-10-29T14:07:10.091+0000] {fetch_api_data.py:79} WARNING - Failed to fetch data for Andreas_Pereira_481: 404
[2025-10-29T14:07:10.909+0000] {fetch_api_data.py:79} WARNING - Failed to fetch data for Lee_Grant_520: 404
[2025-10-29T14:07:11.529+0000] {fetch_api_data.py:79} WARNING - Failed to fetch data for Angel_Gomes_568: 404
[2025-10-29T14:07:12.161+0000] {fetch_api_data.py:79} WARNING - Failed to fetch data for James_Garner_602: 404
[2025-10-29T14:07:12.822+0000] {fetch_api_data.py:79} WARNING - Failed to fetch data for Tahith_Chong_603: 404
[2025-10-29T14:07:13.461+0000] {fetch_api_data.py:79} WARNING - Failed to fetch data for Mason_Greenwood_608: 404
[2025-10-29T14:07:14.139+0000] {fetch_api_data.py:79} WARNING - Failed to fetch data for Robert_Elliot_307: 404
[2025-10-29T14:07:14.728+0000] {fetch_api_data.py:79} WARNING - Failed to fetch data for Karl_Darlow_308: 404
[2025-10-29T14:07:15.323+0000] {fetch_api_data.py:79} WARNING - Failed to fetch data for Martin_Dubravka_309: 404
[2025-10-29T14:07:16.056+0000] {fetch_api_data.py:79} WARNING - Failed to fetch data for DeAndre_Yedlin_310: 404
[2025-10-29T14:07:16.684+0000] {fetch_api_data.py:79} WARNING - Failed to fetch data for Ciaran_Clark_311: 404
[2025-10-29T14:07:18.226+0000] {fetch_api_data.py:79} WARNING - Failed to fetch data for Jamaal_Lascelles_312: 404
[2025-10-29T14:07:18.914+0000] {fetch_api_data.py:79} WARNING - Failed to fetch data for Paul_Dummett_313: 404
[2025-10-29T14:07:19.637+0000] {fetch_api_data.py:79} WARNING - Failed to fetch data for Florian_Lejeune_314: 404
[2025-10-29T14:07:20.213+0000] {fetch_api_data.py:79} WARNING - Failed to fetch data for Javier_Manquillo_315: 404
[2025-10-29T14:07:20.870+0000] {fetch_api_data.py:79} WARNING - Failed to fetch data for Chancel_Mbemba_316: 404
[2025-10-29T14:07:21.477+0000] {fetch_api_data.py:79} WARNING - Failed to fetch data for Matt_Ritchie_317: 404
[2025-10-29T14:07:22.100+0000] {fetch_api_data.py:79} WARNING - Failed to fetch data for Jonjo_Shelvey_318: 404
[2025-10-29T14:07:22.771+0000] {fetch_api_data.py:79} WARNING - Failed to fetch data for Mohamed_Diamé_319: 404
[2025-10-29T14:07:23.363+0000] {fetch_api_data.py:79} WARNING - Failed to fetch data for Christian_Atsu_320: 404
[2025-10-29T14:07:23.958+0000] {fetch_api_data.py:79} WARNING - Failed to fetch data for Jacob_Murphy_321: 404
[2025-10-29T14:07:24.677+0000] {fetch_api_data.py:79} WARNING - Failed to fetch data for Mikel_Merino_322: 404
[2025-10-29T14:07:25.256+0000] {fetch_api_data.py:79} WARNING - Failed to fetch data for Isaac_Hayden_323: 404
[2025-10-29T14:07:25.844+0000] {fetch_api_data.py:79} WARNING - Failed to fetch data for Sung-yueng_Ki_324: 404
[2025-10-29T14:07:26.394+0000] {fetch_api_data.py:79} WARNING - Failed to fetch data for Dwight_Gayle_325: 404
[2025-10-29T14:07:27.112+0000] {fetch_api_data.py:79} WARNING - Failed to fetch data for Ayoze_Pérez_326: 404
[2025-10-29T14:07:27.709+0000] {fetch_api_data.py:79} WARNING - Failed to fetch data for Jose Luis_Mato Sanmartín_327: 404
[2025-10-29T14:07:28.405+0000] {fetch_api_data.py:79} WARNING - Failed to fetch data for Robert Kenedy_Nunes do Nascimento_458: 404
[2025-10-29T14:07:28.999+0000] {fetch_api_data.py:79} WARNING - Failed to fetch data for Fabian_Schär_482: 404
[2025-10-29T14:07:29.629+0000] {fetch_api_data.py:79} WARNING - Failed to fetch data for Yoshinori_Muto_488: 404
[2025-10-29T14:07:30.304+0000] {fetch_api_data.py:79} WARNING - Failed to fetch data for Salomón_Rondón_493: 404
[2025-10-29T14:07:30.917+0000] {fetch_api_data.py:79} WARNING - Failed to fetch data for Federico_Fernández_516: 404
[2025-10-29T14:07:31.575+0000] {fetch_api_data.py:79} WARNING - Failed to fetch data for Jamie_Sterry_530: 404
[2025-10-29T14:07:32.187+0000] {fetch_api_data.py:79} WARNING - Failed to fetch data for Sean_Longstaff_531: 404
[2025-10-29T14:07:32.821+0000] {fetch_api_data.py:79} WARNING - Failed to fetch data for Frederick_Woodman_553: 404
[2025-10-29T14:07:33.627+0000] {fetch_api_data.py:79} WARNING - Failed to fetch data for Callum_Roberts_577: 404
[2025-10-29T14:07:34.244+0000] {fetch_api_data.py:79} WARNING - Failed to fetch data for Miguel_Almirón_587: 404
[2025-10-29T14:07:34.908+0000] {fetch_api_data.py:79} WARNING - Failed to fetch data for Antonio_Barreca_588: 404
[2025-10-29T14:07:35.489+0000] {fetch_api_data.py:79} WARNING - Failed to fetch data for Kelland_Watts_622: 404
[2025-10-29T14:07:36.252+0000] {fetch_api_data.py:79} WARNING - Failed to fetch data for Lewis_Cass_623: 404
[2025-10-29T14:07:36.993+0000] {fetch_api_data.py:79} WARNING - Failed to fetch data for Danny_Ings_258: 404
[2025-10-29T14:07:37.707+0000] {fetch_api_data.py:79} WARNING - Failed to fetch data for Alex_McCarthy_328: 404
[2025-10-29T14:07:38.306+0000] {fetch_api_data.py:79} WARNING - Failed to fetch data for Fraser_Forster_329: 404
[2025-10-29T14:07:39.001+0000] {fetch_api_data.py:79} WARNING - Failed to fetch data for Ryan_Bertrand_330: 404
[2025-10-29T14:07:39.663+0000] {fetch_api_data.py:79} WARNING - Failed to fetch data for Maya_Yoshida_331: 404
[2025-10-29T14:07:40.263+0000] {fetch_api_data.py:79} WARNING - Failed to fetch data for Cédric_Soares_332: 404
[2025-10-29T14:07:40.889+0000] {fetch_api_data.py:79} WARNING - Failed to fetch data for Jack_Stephens_333: 404
[2025-10-29T14:07:41.504+0000] {fetch_api_data.py:79} WARNING - Failed to fetch data for Sam_McQueen_334: 404
[2025-10-29T14:07:42.119+0000] {fetch_api_data.py:79} WARNING - Failed to fetch data for Jan_Bednarek_335: 404
[2025-10-29T14:07:42.753+0000] {fetch_api_data.py:79} WARNING - Failed to fetch data for Wesley_Hoedt_336: 404
[2025-10-29T14:07:43.349+0000] {fetch_api_data.py:79} WARNING - Failed to fetch data for Steven_Davis_337: 404
[2025-10-29T14:07:43.946+0000] {fetch_api_data.py:79} WARNING - Failed to fetch data for James_Ward-Prowse_338: 404
[2025-10-29T14:07:44.568+0000] {fetch_api_data.py:79} WARNING - Failed to fetch data for Oriol_Romeu Vidal_339: 404
[2025-10-29T14:07:45.159+0000] {fetch_api_data.py:79} WARNING - Failed to fetch data for Pierre-Emile_Højbjerg_340: 404
[2025-10-29T14:07:45.761+0000] {fetch_api_data.py:79} WARNING - Failed to fetch data for Sofiane_Boufal_341: 404
[2025-10-29T14:07:46.378+0000] {fetch_api_data.py:79} WARNING - Failed to fetch data for Joshua_Sims_342: 404
[2025-10-29T14:07:47.002+0000] {fetch_api_data.py:79} WARNING - Failed to fetch data for Nathan_Redmond_343: 404
[2025-10-29T14:07:47.646+0000] {fetch_api_data.py:79} WARNING - Failed to fetch data for Mario_Lemina_344: 404
[2025-10-29T14:07:48.261+0000] {fetch_api_data.py:79} WARNING - Failed to fetch data for Stuart_Armstrong_345: 404
[2025-10-29T14:07:48.843+0000] {fetch_api_data.py:79} WARNING - Failed to fetch data for Mohamed_Elyounoussi_346: 404
[2025-10-29T14:07:49.447+0000] {fetch_api_data.py:79} WARNING - Failed to fetch data for Shane_Long_347: 404
[2025-10-29T14:07:50.040+0000] {fetch_api_data.py:79} WARNING - Failed to fetch data for Charlie_Austin_348: 404
[2025-10-29T14:07:50.631+0000] {fetch_api_data.py:79} WARNING - Failed to fetch data for Manolo_Gabbiadini_349: 404
[2025-10-29T14:07:51.252+0000] {fetch_api_data.py:79} WARNING - Failed to fetch data for Guido_Carrillo_350: 404
[2025-10-29T14:07:51.810+0000] {fetch_api_data.py:79} WARNING - Failed to fetch data for Angus_Gunn_452: 404
[2025-10-29T14:07:52.441+0000] {fetch_api_data.py:79} WARNING - Failed to fetch data for Jannik_Vestergaard_463: 404
[2025-10-29T14:07:53.008+0000] {fetch_api_data.py:79} WARNING - Failed to fetch data for Matt_Targett_479: 404
[2025-10-29T14:07:53.622+0000] {fetch_api_data.py:79} WARNING - Failed to fetch data for Michael_Obafemi_550: 404
[2025-10-29T14:07:54.200+0000] {fetch_api_data.py:79} WARNING - Failed to fetch data for Yan_Valery_556: 404
[2025-10-29T14:07:54.809+0000] {fetch_api_data.py:79} WARNING - Failed to fetch data for Tyreke_Johnson_562: 404
[2025-10-29T14:07:55.395+0000] {fetch_api_data.py:79} WARNING - Failed to fetch data for Kayne_Ramsay_565: 404
[2025-10-29T14:07:56.030+0000] {fetch_api_data.py:79} WARNING - Failed to fetch data for Callum_Slattery_570: 404
[2025-10-29T14:07:56.697+0000] {fetch_api_data.py:79} WARNING - Failed to fetch data for Sam_Gallagher_574: 404
[2025-10-29T14:07:57.291+0000] {fetch_api_data.py:79} WARNING - Failed to fetch data for Alfie_Jones_595: 404
[2025-10-29T14:07:57.884+0000] {fetch_api_data.py:79} WARNING - Failed to fetch data for Hugo_Lloris_351: 404
[2025-10-29T14:07:58.472+0000] {fetch_api_data.py:79} WARNING - Failed to fetch data for Michel_Vorm_352: 404
[2025-10-29T14:07:59.087+0000] {fetch_api_data.py:79} WARNING - Failed to fetch data for Toby_Alderweireld_353: 404
[2025-10-29T14:07:59.683+0000] {fetch_api_data.py:79} WARNING - Failed to fetch data for Danny_Rose_354: 404
[2025-10-29T14:08:00.288+0000] {fetch_api_data.py:79} WARNING - Failed to fetch data for Jan_Vertonghen_355: 404
[2025-10-29T14:08:00.905+0000] {fetch_api_data.py:79} WARNING - Failed to fetch data for Ben_Davies_356: 404
[2025-10-29T14:08:01.650+0000] {fetch_api_data.py:79} WARNING - Failed to fetch data for Kieran_Trippier_357: 404
[2025-10-29T14:08:02.309+0000] {fetch_api_data.py:79} WARNING - Failed to fetch data for Kyle_Walker-Peters_358: 404
[2025-10-29T14:08:02.919+0000] {fetch_api_data.py:79} WARNING - Failed to fetch data for Davinson_Sánchez_359: 404
[2025-10-29T14:08:03.546+0000] {fetch_api_data.py:79} WARNING - Failed to fetch data for Serge_Aurier_360: 404
[2025-10-29T14:08:04.188+0000] {fetch_api_data.py:79} WARNING - Failed to fetch data for Eric_Dier_361: 404
[2025-10-29T14:08:04.821+0000] {fetch_api_data.py:79} WARNING - Failed to fetch data for Mousa_Dembélé_362: 404
[2025-10-29T14:08:05.407+0000] {fetch_api_data.py:79} WARNING - Failed to fetch data for Erik_Lamela_363: 404
[2025-10-29T14:08:06.019+0000] {fetch_api_data.py:79} WARNING - Failed to fetch data for Christian_Eriksen_364: 404
[2025-10-29T14:08:06.661+0000] {fetch_api_data.py:79} WARNING - Failed to fetch data for Bamidele_Alli_365: 404
[2025-10-29T14:08:07.268+0000] {fetch_api_data.py:79} WARNING - Failed to fetch data for Victor_Wanyama_366: 404
[2025-10-29T14:08:07.854+0000] {fetch_api_data.py:79} WARNING - Failed to fetch data for Heung-Min_Son_367: 404
[2025-10-29T14:08:08.428+0000] {fetch_api_data.py:79} WARNING - Failed to fetch data for Harry_Winks_368: 404
[2025-10-29T14:08:09.070+0000] {fetch_api_data.py:79} WARNING - Failed to fetch data for Moussa_Sissoko_369: 404
[2025-10-29T14:08:09.689+0000] {fetch_api_data.py:79} WARNING - Failed to fetch data for Lucas_Rodrigues Moura da Silva_370: 404
[2025-10-29T14:08:10.249+0000] {fetch_api_data.py:79} WARNING - Failed to fetch data for Fernando_Llorente_371: 404
[2025-10-29T14:08:10.870+0000] {fetch_api_data.py:79} WARNING - Failed to fetch data for Harry_Kane_372: 404
[2025-10-29T14:08:11.485+0000] {fetch_api_data.py:79} WARNING - Failed to fetch data for Georges-Kévin_Nkoudou_497: 404
[2025-10-29T14:08:12.151+0000] {fetch_api_data.py:79} WARNING - Failed to fetch data for Luke_Amos_523: 404
[2025-10-29T14:08:12.731+0000] {fetch_api_data.py:79} WARNING - Failed to fetch data for Paulo_Gazzaniga_536: 404
[2025-10-29T14:08:13.351+0000] {fetch_api_data.py:79} WARNING - Failed to fetch data for Alfie_Whiteman_538: 404
[2025-10-29T14:08:13.933+0000] {fetch_api_data.py:79} WARNING - Failed to fetch data for Oliver_Skipp_540: 404
[2025-10-29T14:08:14.568+0000] {fetch_api_data.py:79} WARNING - Failed to fetch data for Juan_Foyth_549: 404
[2025-10-29T14:08:15.188+0000] {fetch_api_data.py:79} WARNING - Failed to fetch data for Timothy_Eyoma_561: 404
[2025-10-29T14:08:15.806+0000] {fetch_api_data.py:79} WARNING - Failed to fetch data for Kazaiah_Sterling_578: 404
[2025-10-29T14:08:16.491+0000] {fetch_api_data.py:79} WARNING - Failed to fetch data for George_Marsh_612: 404
[2025-10-29T14:08:17.098+0000] {fetch_api_data.py:79} WARNING - Failed to fetch data for Vincent_Janssen_614: 404
[2025-10-29T14:08:17.719+0000] {fetch_api_data.py:79} WARNING - Failed to fetch data for Heurelho_Gomes_373: 404
[2025-10-29T14:08:18.366+0000] {fetch_api_data.py:79} WARNING - Failed to fetch data for Pontus_Dahlberg_374: 404
[2025-10-29T14:08:19.031+0000] {fetch_api_data.py:79} WARNING - Failed to fetch data for Younes_Kaboul_375: 404
[2025-10-29T14:08:19.659+0000] {fetch_api_data.py:79} WARNING - Failed to fetch data for Craig_Cathcart_376: 404
[2025-10-29T14:08:20.350+0000] {fetch_api_data.py:79} WARNING - Failed to fetch data for Sebastian_Prödl_377: 404
[2025-10-29T14:08:21.096+0000] {fetch_api_data.py:79} WARNING - Failed to fetch data for José_Holebas_378: 404
[2025-10-29T14:08:21.706+0000] {fetch_api_data.py:79} WARNING - Failed to fetch data for Miguel_Britos_379: 404
[2025-10-29T14:08:22.364+0000] {fetch_api_data.py:79} WARNING - Failed to fetch data for Christian_Kabasele_380: 404
[2025-10-29T14:08:23.131+0000] {fetch_api_data.py:79} WARNING - Failed to fetch data for Daryl_Janmaat_381: 404
[2025-10-29T14:08:23.765+0000] {fetch_api_data.py:79} WARNING - Failed to fetch data for Adrian_Mariappa_382: 404
[2025-10-29T14:08:24.437+0000] {fetch_api_data.py:79} WARNING - Failed to fetch data for Francisco_Femenía Far_383: 404
[2025-10-29T14:08:25.033+0000] {fetch_api_data.py:79} WARNING - Failed to fetch data for Marvin_Zeegelaar_384: 404
[2025-10-29T14:08:25.717+0000] {fetch_api_data.py:79} WARNING - Failed to fetch data for Marc_Navarro_385: 404
[2025-10-29T14:08:26.336+0000] {fetch_api_data.py:79} WARNING - Failed to fetch data for Adam_Masina_386: 404
[2025-10-29T14:08:26.964+0000] {fetch_api_data.py:79} WARNING - Failed to fetch data for Nathaniel_Chalobah_387: 404
[2025-10-29T14:08:27.571+0000] {fetch_api_data.py:79} WARNING - Failed to fetch data for Tom_Cleverley_388: 404
[2025-10-29T14:08:28.235+0000] {fetch_api_data.py:79} WARNING - Failed to fetch data for Etienne_Capoue_389: 404
[2025-10-29T14:08:28.885+0000] {fetch_api_data.py:79} WARNING - Failed to fetch data for Abdoulaye_Doucouré_390: 404
[2025-10-29T14:08:29.624+0000] {fetch_api_data.py:79} WARNING - Failed to fetch data for Roberto_Pereyra_391: 404
[2025-10-29T14:08:30.374+0000] {fetch_api_data.py:79} WARNING - Failed to fetch data for Will_Hughes_392: 404
[2025-10-29T14:08:31.132+0000] {fetch_api_data.py:79} WARNING - Failed to fetch data for Gerard_Deulofeu_394: 404
[2025-10-29T14:08:31.880+0000] {fetch_api_data.py:79} WARNING - Failed to fetch data for Andre_Gray_395: 404
[2025-10-29T14:08:32.543+0000] {fetch_api_data.py:79} WARNING - Failed to fetch data for Troy_Deeney_396: 404
[2025-10-29T14:08:33.139+0000] {fetch_api_data.py:79} WARNING - Failed to fetch data for Stefano_Okaka_397: 404
[2025-10-29T14:08:33.767+0000] {fetch_api_data.py:79} WARNING - Failed to fetch data for Jerome_Sinclair_398: 404
[2025-10-29T14:08:34.352+0000] {fetch_api_data.py:79} WARNING - Failed to fetch data for Ben_Foster_445: 404
[2025-10-29T14:08:35.005+0000] {fetch_api_data.py:79} WARNING - Failed to fetch data for Ken_Sema_446: 404
[2025-10-29T14:08:35.628+0000] {fetch_api_data.py:79} WARNING - Failed to fetch data for Domingos_Quina_517: 404
[2025-10-29T14:08:36.210+0000] {fetch_api_data.py:79} WARNING - Failed to fetch data for Isaac_Success Ajayi_524: 404
[2025-10-29T14:08:36.781+0000] {fetch_api_data.py:79} WARNING - Failed to fetch data for Ben_Wilmot_544: 404
[2025-10-29T14:08:37.337+0000] {fetch_api_data.py:79} WARNING - Failed to fetch data for Adalberto_Peñaranda_554: 404
[2025-10-29T14:08:37.967+0000] {fetch_api_data.py:79} WARNING - Failed to fetch data for Adrián_San Miguel del Castillo_399: 404
[2025-10-29T14:08:38.659+0000] {fetch_api_data.py:79} WARNING - Failed to fetch data for Lukasz_Fabianski_400: 404
[2025-10-29T14:08:39.303+0000] {fetch_api_data.py:79} WARNING - Failed to fetch data for Winston_Reid_401: 404
[2025-10-29T14:08:39.908+0000] {fetch_api_data.py:79} WARNING - Failed to fetch data for Aaron_Cresswell_402: 404
[2025-10-29T14:08:40.554+0000] {fetch_api_data.py:79} WARNING - Failed to fetch data for Angelo_Ogbonna_403: 404
[2025-10-29T14:08:41.176+0000] {fetch_api_data.py:79} WARNING - Failed to fetch data for Sam_Byram_404: 404
[2025-10-29T14:08:41.779+0000] {fetch_api_data.py:79} WARNING - Failed to fetch data for Pablo_Zabaleta_405: 404
[2025-10-29T14:08:42.361+0000] {fetch_api_data.py:79} WARNING - Failed to fetch data for Declan_Rice_406: 404
[2025-10-29T14:08:42.983+0000] {fetch_api_data.py:79} WARNING - Failed to fetch data for Reece_Oxford_407: 404
[2025-10-29T14:08:43.584+0000] {fetch_api_data.py:79} WARNING - Failed to fetch data for Ryan_Fredericks_408: 404
[2025-10-29T14:08:44.197+0000] {fetch_api_data.py:79} WARNING - Failed to fetch data for Issa_Diop_409: 404
[2025-10-29T14:08:44.893+0000] {fetch_api_data.py:79} WARNING - Failed to fetch data for Arthur_Masuaku_410: 404
[2025-10-29T14:08:45.618+0000] {fetch_api_data.py:79} WARNING - Failed to fetch data for Mark_Noble_411: 404
[2025-10-29T14:08:46.246+0000] {fetch_api_data.py:79} WARNING - Failed to fetch data for Pedro_Obiang_413: 404
[2025-10-29T14:08:46.846+0000] {fetch_api_data.py:79} WARNING - Failed to fetch data for Manuel_Lanzini_414: 404
[2025-10-29T14:08:47.756+0000] {fetch_api_data.py:79} WARNING - Failed to fetch data for Michail_Antonio_415: 404
[2025-10-29T14:08:48.472+0000] {fetch_api_data.py:79} WARNING - Failed to fetch data for Edimilson_Fernandes_416: 404
[2025-10-29T14:08:49.179+0000] {fetch_api_data.py:79} WARNING - Failed to fetch data for Marko_Arnautovic_417: 404
[2025-10-29T14:08:49.754+0000] {fetch_api_data.py:79} WARNING - Failed to fetch data for Andy_Carroll_418: 404
[2025-10-29T14:08:50.578+0000] {fetch_api_data.py:79} WARNING - Failed to fetch data for Javier_Hernández Balcázar_419: 404
[2025-10-29T14:08:51.201+0000] {fetch_api_data.py:79} WARNING - Failed to fetch data for Jordan_Hugill_420: 404
[2025-10-29T14:08:51.783+0000] {fetch_api_data.py:79} WARNING - Failed to fetch data for Jack_Wilshere_447: 404
[2025-10-29T14:08:52.380+0000] {fetch_api_data.py:79} WARNING - Failed to fetch data for Andriy_Yarmolenko_453: 404
[2025-10-29T14:08:52.941+0000] {fetch_api_data.py:79} WARNING - Failed to fetch data for Fabián_Balbuena_464: 404
[2025-10-29T14:08:53.547+0000] {fetch_api_data.py:79} WARNING - Failed to fetch data for Felipe Anderson_Pereira Gomes_465: 404
[2025-10-29T14:08:54.192+0000] {fetch_api_data.py:79} WARNING - Failed to fetch data for Robert_Snodgrass_489: 404
[2025-10-29T14:08:54.861+0000] {fetch_api_data.py:79} WARNING - Failed to fetch data for Lucas_Pérez_502: 404
[2025-10-29T14:08:55.429+0000] {fetch_api_data.py:79} WARNING - Failed to fetch data for Carlos_Sánchez_518: 404
[2025-10-29T14:08:56.609+0000] {fetch_api_data.py:79} WARNING - Failed to fetch data for Grady_Diangana_539: 404
[2025-10-29T14:08:57.339+0000] {fetch_api_data.py:79} WARNING - Failed to fetch data for Joe_Powell_547: 404
[2025-10-29T14:08:58.026+0000] {fetch_api_data.py:79} WARNING - Failed to fetch data for Conor_Coventry_548: 404
[2025-10-29T14:08:58.704+0000] {fetch_api_data.py:79} WARNING - Failed to fetch data for Alexandre Nascimento_Costa Silva_560: 404
[2025-10-29T14:08:59.326+0000] {fetch_api_data.py:79} WARNING - Failed to fetch data for Samir_Nasri_569: 404
[2025-10-29T14:08:59.967+0000] {fetch_api_data.py:79} WARNING - Failed to fetch data for Ben_Johnson_605: 404
[2025-10-29T14:09:00.687+0000] {fetch_api_data.py:79} WARNING - Failed to fetch data for Nathan_Holland_611: 404
[2025-10-29T14:09:02.051+0000] {fetch_api_data.py:79} WARNING - Failed to fetch data for John_Ruddy_421: 404
[2025-10-29T14:09:03.313+0000] {fetch_api_data.py:79} WARNING - Failed to fetch data for Will_Norris_422: 404
[2025-10-29T14:09:04.066+0000] {fetch_api_data.py:79} WARNING - Failed to fetch data for Willy_Boly_423: 404
[2025-10-29T14:09:04.693+0000] {fetch_api_data.py:79} WARNING - Failed to fetch data for Barry_Douglas_424: 404
[2025-10-29T14:09:05.434+0000] {fetch_api_data.py:79} WARNING - Failed to fetch data for Matt_Doherty_425: 404
[2025-10-29T14:09:06.040+0000] {fetch_api_data.py:79} WARNING - Failed to fetch data for Romain_Saïss_426: 404
[2025-10-29T14:09:06.919+0000] {fetch_api_data.py:79} WARNING - Failed to fetch data for Ryan_Bennett_427: 404
[2025-10-29T14:09:07.722+0000] {fetch_api_data.py:79} WARNING - Failed to fetch data for Danny_Batth_428: 404
[2025-10-29T14:09:08.332+0000] {fetch_api_data.py:79} WARNING - Failed to fetch data for Roderick Jefferson_Gonçalves Miranda_429: 404
[2025-10-29T14:09:09.061+0000] {fetch_api_data.py:79} WARNING - Failed to fetch data for Conor_Coady_430: 404
[2025-10-29T14:09:09.770+0000] {fetch_api_data.py:79} WARNING - Failed to fetch data for Rúben Gonçalo_Silva Nascimento Vinagre_431: 404
[2025-10-29T14:09:10.462+0000] {fetch_api_data.py:79} WARNING - Failed to fetch data for Diogo_Jota_432: 404
[2025-10-29T14:09:11.428+0000] {fetch_api_data.py:79} WARNING - Failed to fetch data for Rúben Diogo_da Silva Neves_433: 404
[2025-10-29T14:09:12.784+0000] {fetch_api_data.py:79} WARNING - Failed to fetch data for Ivan_Cavaleiro_434: 404
[2025-10-29T14:09:13.374+0000] {fetch_api_data.py:79} WARNING - Failed to fetch data for Hélder_Costa_435: 404
[2025-10-29T14:09:13.977+0000] {fetch_api_data.py:79} WARNING - Failed to fetch data for Bright_Enobakhare_436: 404
[2025-10-29T14:09:14.615+0000] {fetch_api_data.py:79} WARNING - Failed to fetch data for Raúl_Jiménez_437: 404
[2025-10-29T14:09:15.222+0000] {fetch_api_data.py:79} WARNING - Failed to fetch data for Bonatini Lohner Maia_Bonatini_438: 404
[2025-10-29T14:09:15.834+0000] {fetch_api_data.py:79} WARNING - Failed to fetch data for Morgan_Gibbs-White_448: 404
[2025-10-29T14:09:16.481+0000] {fetch_api_data.py:79} WARNING - Failed to fetch data for Rafa_Mir_449: 404
[2025-10-29T14:09:17.116+0000] {fetch_api_data.py:79} WARNING - Failed to fetch data for Rui Pedro_dos Santos Patrício_454: 404
[2025-10-29T14:09:18.038+0000] {fetch_api_data.py:79} WARNING - Failed to fetch data for João Filipe Iria_Santos Moutinho_475: 404
[2025-10-29T14:09:18.628+0000] {fetch_api_data.py:79} WARNING - Failed to fetch data for Jonathan_Castro Otto_483: 404
[2025-10-29T14:09:19.396+0000] {fetch_api_data.py:79} WARNING - Failed to fetch data for Adama_Traoré_500: 404
[2025-10-29T14:09:20.073+0000] {fetch_api_data.py:79} WARNING - Failed to fetch data for Leander_Dendoncker_519: 404
[2025-10-29T14:09:20.699+0000] {fetch_api_data.py:79} WARNING - Failed to fetch data for Kortney_Hause_525: 404
[2025-10-29T14:09:21.294+0000] {fetch_api_data.py:79} WARNING - Failed to fetch data for Ryan John_Giles_555: 404
[2025-10-29T14:09:21.854+0000] {fetch_api_data.py:79} WARNING - Failed to fetch data for Max_Kilman_567: 404
[2025-10-29T14:09:22.427+0000] {fetch_api_data.py:79} WARNING - Failed to fetch data for Cameron_John_596: 404
[2025-10-29T14:09:22.432+0000] {python.py:183} INFO - Done. Returned value was: []
[2025-10-29T14:09:22.491+0000] {taskinstance.py:1350} INFO - Marking task as SUCCESS. dag_id=fpl_gameweeks_etl, task_id=fetch_players_gw_task, map_index=6, execution_date=20251029T140128, start_date=20251029T140155, end_date=20251029T140922
[2025-10-29T14:09:22.554+0000] {local_task_job_runner.py:225} INFO - Task exited with return code 0
[2025-10-29T14:09:22.686+0000] {taskinstance.py:2653} INFO - 0 downstream tasks scheduled from follow-on schedule check
