[2025-10-26T10:07:10.227+0000] {taskinstance.py:1103} INFO - Dependencies all met for dep_context=non-requeueable deps ti=<TaskInstance: fpl_gameweeks_etl.parse_gameweeks_task manual__2025-10-26T10:01:38.236065+00:00 map_index=2 [queued]>
[2025-10-26T10:07:10.252+0000] {taskinstance.py:1103} INFO - Dependencies all met for dep_context=requeueable deps ti=<TaskInstance: fpl_gameweeks_etl.parse_gameweeks_task manual__2025-10-26T10:01:38.236065+00:00 map_index=2 [queued]>
[2025-10-26T10:07:10.252+0000] {taskinstance.py:1308} INFO - Starting attempt 2 of 2
[2025-10-26T10:07:10.445+0000] {taskinstance.py:1327} INFO - Executing <Mapped(_PythonDecoratedOperator): parse_gameweeks_task> on 2025-10-26 10:01:38.236065+00:00
[2025-10-26T10:07:10.457+0000] {standard_task_runner.py:57} INFO - Started process 915 to run task
[2025-10-26T10:07:10.462+0000] {standard_task_runner.py:84} INFO - Running: ['airflow', 'tasks', 'run', 'fpl_gameweeks_etl', 'parse_gameweeks_task', 'manual__2025-10-26T10:01:38.236065+00:00', '--job-id', '7030', '--raw', '--subdir', 'DAGS_FOLDER/fpl_gameweeks_dag.py', '--cfg-path', '/tmp/tmpeuwoxw79', '--map-index', '2']
[2025-10-26T10:07:10.464+0000] {standard_task_runner.py:85} INFO - Job 7030: Subtask parse_gameweeks_task
[2025-10-26T10:07:10.562+0000] {task_command.py:410} INFO - Running <TaskInstance: fpl_gameweeks_etl.parse_gameweeks_task manual__2025-10-26T10:01:38.236065+00:00 map_index=2 [running]> on host d6ecd00cf5eb
[2025-10-26T10:07:10.777+0000] {taskinstance.py:1547} INFO - Exporting env vars: AIRFLOW_CTX_DAG_OWNER='richardilemon' AIRFLOW_CTX_DAG_ID='fpl_gameweeks_etl' AIRFLOW_CTX_TASK_ID='parse_gameweeks_task' AIRFLOW_CTX_EXECUTION_DATE='2025-10-26T10:01:38.236065+00:00' AIRFLOW_CTX_TRY_NUMBER='2' AIRFLOW_CTX_DAG_RUN_ID='manual__2025-10-26T10:01:38.236065+00:00'
[2025-10-26T10:07:10.780+0000] {taskinstance.py:1824} ERROR - Task failed with exception
Traceback (most recent call last):
  File "/home/airflow/.local/lib/python3.7/site-packages/airflow/decorators/base.py", line 220, in execute
    return_value = super().execute(context)
  File "/home/airflow/.local/lib/python3.7/site-packages/airflow/operators/python.py", line 181, in execute
    return_value = self.execute_callable()
  File "/home/airflow/.local/lib/python3.7/site-packages/airflow/operators/python.py", line 198, in execute_callable
    return self.python_callable(*self.op_args, **self.op_kwargs)
  File "/opt/airflow/dags/fpl_gameweeks_dag.py", line 67, in parse_gameweeks_task
    return parse_gameweeks(gameweeks_data)
  File "/opt/airflow/scripts/load_gameweeks.py", line 12, in parse_gameweeks
    reader = csv.DictReader(StringIO(fixture_data["csv"]))
TypeError: list indices must be integers or slices, not str
[2025-10-26T10:07:10.805+0000] {taskinstance.py:1350} INFO - Marking task as FAILED. dag_id=fpl_gameweeks_etl, task_id=parse_gameweeks_task, map_index=2, execution_date=20251026T100138, start_date=20251026T100710, end_date=20251026T100710
[2025-10-26T10:07:10.824+0000] {standard_task_runner.py:109} ERROR - Failed to execute job 7030 for task parse_gameweeks_task (list indices must be integers or slices, not str; 915)
[2025-10-26T10:07:10.875+0000] {local_task_job_runner.py:225} INFO - Task exited with return code 1
[2025-10-26T10:07:10.962+0000] {taskinstance.py:2653} INFO - 0 downstream tasks scheduled from follow-on schedule check
