[2025-10-25T22:25:10.094+0000] {taskinstance.py:1103} INFO - Dependencies all met for dep_context=non-requeueable deps ti=<TaskInstance: fpl_teams_etl.create_teams_table manual__2025-10-25T22:25:08.330105+00:00 [queued]>
[2025-10-25T22:25:10.106+0000] {taskinstance.py:1103} INFO - Dependencies all met for dep_context=requeueable deps ti=<TaskInstance: fpl_teams_etl.create_teams_table manual__2025-10-25T22:25:08.330105+00:00 [queued]>
[2025-10-25T22:25:10.107+0000] {taskinstance.py:1308} INFO - Starting attempt 1 of 2
[2025-10-25T22:25:10.144+0000] {taskinstance.py:1327} INFO - Executing <Task(PostgresOperator): create_teams_table> on 2025-10-25 22:25:08.330105+00:00
[2025-10-25T22:25:10.149+0000] {standard_task_runner.py:57} INFO - Started process 7675 to run task
[2025-10-25T22:25:10.154+0000] {standard_task_runner.py:84} INFO - Running: ['airflow', 'tasks', 'run', 'fpl_teams_etl', 'create_teams_table', 'manual__2025-10-25T22:25:08.330105+00:00', '--job-id', '6536', '--raw', '--subdir', 'DAGS_FOLDER/fpl_teams_dag.py', '--cfg-path', '/tmp/tmph4txnp_2']
[2025-10-25T22:25:10.158+0000] {standard_task_runner.py:85} INFO - Job 6536: Subtask create_teams_table
[2025-10-25T22:25:10.441+0000] {task_command.py:410} INFO - Running <TaskInstance: fpl_teams_etl.create_teams_table manual__2025-10-25T22:25:08.330105+00:00 [running]> on host 754e4af34fcd
[2025-10-25T22:25:10.637+0000] {taskinstance.py:1547} INFO - Exporting env vars: AIRFLOW_CTX_DAG_OWNER='richardilemon' AIRFLOW_CTX_DAG_ID='fpl_teams_etl' AIRFLOW_CTX_TASK_ID='create_teams_table' AIRFLOW_CTX_EXECUTION_DATE='2025-10-25T22:25:08.330105+00:00' AIRFLOW_CTX_TRY_NUMBER='1' AIRFLOW_CTX_DAG_RUN_ID='manual__2025-10-25T22:25:08.330105+00:00'
[2025-10-25T22:25:10.638+0000] {sql.py:265} INFO - Executing: 
            CREATE TABLE IF NOT EXISTS teams (
                season TEXT,
                code INTEGER,
                id INTEGER,
                name TEXT,
                short_name TEXT,
                strength_overall_home INTEGER,
                strength_overall_away INTEGER,
                strength_attack_home INTEGER,
                strength_attack_away INTEGER,
                strength_defence_home INTEGER,
                strength_defence_away INTEGER,
                strength INTEGER,
                PRIMARY KEY (season, code)
            );
        
[2025-10-25T22:25:10.661+0000] {base.py:73} INFO - Using connection ID 'fpl_db_conn' for task execution.
[2025-10-25T22:25:10.812+0000] {base.py:73} INFO - Using connection ID 'fpl_db_conn' for task execution.
[2025-10-25T22:25:10.827+0000] {sql.py:375} INFO - Running statement: 
            CREATE TABLE IF NOT EXISTS teams (
                season TEXT,
                code INTEGER,
                id INTEGER,
                name TEXT,
                short_name TEXT,
                strength_overall_home INTEGER,
                strength_overall_away INTEGER,
                strength_attack_home INTEGER,
                strength_attack_away INTEGER,
                strength_defence_home INTEGER,
                strength_defence_away INTEGER,
                strength INTEGER,
                PRIMARY KEY (season, code)
            );
        , parameters: None
[2025-10-25T22:25:10.849+0000] {taskinstance.py:1350} INFO - Marking task as SUCCESS. dag_id=fpl_teams_etl, task_id=create_teams_table, execution_date=20251025T222508, start_date=20251025T222510, end_date=20251025T222510
[2025-10-25T22:25:10.969+0000] {local_task_job_runner.py:225} INFO - Task exited with return code 0
[2025-10-25T22:25:11.177+0000] {taskinstance.py:2653} INFO - 0 downstream tasks scheduled from follow-on schedule check
