[2025-10-29T09:02:04.952+0000] {taskinstance.py:1103} INFO - Dependencies all met for dep_context=non-requeueable deps ti=<TaskInstance: fpl_gameweeks_etl.fetch_players_gw_task manual__2025-10-29T09:01:40.856212+00:00 map_index=2 [queued]>
[2025-10-29T09:02:04.977+0000] {taskinstance.py:1103} INFO - Dependencies all met for dep_context=requeueable deps ti=<TaskInstance: fpl_gameweeks_etl.fetch_players_gw_task manual__2025-10-29T09:01:40.856212+00:00 map_index=2 [queued]>
[2025-10-29T09:02:04.977+0000] {taskinstance.py:1308} INFO - Starting attempt 1 of 2
[2025-10-29T09:02:05.284+0000] {taskinstance.py:1327} INFO - Executing <Mapped(_PythonDecoratedOperator): fetch_players_gw_task> on 2025-10-29 09:01:40.856212+00:00
[2025-10-29T09:02:05.295+0000] {standard_task_runner.py:57} INFO - Started process 6035 to run task
[2025-10-29T09:02:05.305+0000] {standard_task_runner.py:84} INFO - Running: ['airflow', 'tasks', 'run', 'fpl_gameweeks_etl', 'fetch_players_gw_task', 'manual__2025-10-29T09:01:40.856212+00:00', '--job-id', '444', '--raw', '--subdir', 'DAGS_FOLDER/fpl_gameweeks_dag.py', '--cfg-path', '/tmp/tmpxjmdnuw3', '--map-index', '2']
[2025-10-29T09:02:05.307+0000] {standard_task_runner.py:85} INFO - Job 444: Subtask fetch_players_gw_task
[2025-10-29T09:02:05.458+0000] {task_command.py:410} INFO - Running <TaskInstance: fpl_gameweeks_etl.fetch_players_gw_task manual__2025-10-29T09:01:40.856212+00:00 map_index=2 [running]> on host dede24b5451e
[2025-10-29T09:02:05.723+0000] {taskinstance.py:1547} INFO - Exporting env vars: AIRFLOW_CTX_DAG_OWNER='richardilemon' AIRFLOW_CTX_DAG_ID='fpl_gameweeks_etl' AIRFLOW_CTX_TASK_ID='fetch_players_gw_task' AIRFLOW_CTX_EXECUTION_DATE='2025-10-29T09:01:40.856212+00:00' AIRFLOW_CTX_TRY_NUMBER='1' AIRFLOW_CTX_DAG_RUN_ID='manual__2025-10-29T09:01:40.856212+00:00'
[2025-10-29T09:02:06.422+0000] {fetch_api_data.py:96} WARNING - Failed to fetch data for Petr_Cech_1: 404
[2025-10-29T09:02:07.137+0000] {fetch_api_data.py:96} WARNING - Failed to fetch data for Bernd_Leno_2: 404
[2025-10-29T09:02:07.799+0000] {fetch_api_data.py:96} WARNING - Failed to fetch data for Laurent_Koscielny_3: 404
[2025-10-29T09:02:08.422+0000] {fetch_api_data.py:96} WARNING - Failed to fetch data for Héctor_Bellerín_4: 404
[2025-10-29T09:02:09.030+0000] {fetch_api_data.py:96} WARNING - Failed to fetch data for Nacho_Monreal_5: 404
[2025-10-29T09:02:09.630+0000] {fetch_api_data.py:96} WARNING - Failed to fetch data for Rob_Holding_6: 404
[2025-10-29T09:02:10.227+0000] {logging_mixin.py:150} INFO - 7 Mustafi Shkodran
[2025-10-29T09:02:10.228+0000] {logging_mixin.py:150} INFO - 7 Mustafi Shkodran
[2025-10-29T09:02:10.228+0000] {logging_mixin.py:150} INFO - 7 Mustafi Shkodran
[2025-10-29T09:02:10.229+0000] {logging_mixin.py:150} INFO - 7 Mustafi Shkodran
[2025-10-29T09:02:10.229+0000] {logging_mixin.py:150} INFO - 7 Mustafi Shkodran
[2025-10-29T09:02:10.230+0000] {logging_mixin.py:150} INFO - 7 Mustafi Shkodran
[2025-10-29T09:02:10.230+0000] {logging_mixin.py:150} INFO - 7 Mustafi Shkodran
[2025-10-29T09:02:10.231+0000] {logging_mixin.py:150} INFO - 7 Mustafi Shkodran
[2025-10-29T09:02:10.231+0000] {logging_mixin.py:150} INFO - 7 Mustafi Shkodran
[2025-10-29T09:02:10.232+0000] {logging_mixin.py:150} INFO - 7 Mustafi Shkodran
[2025-10-29T09:02:10.233+0000] {logging_mixin.py:150} INFO - 7 Mustafi Shkodran
[2025-10-29T09:02:10.233+0000] {logging_mixin.py:150} INFO - 7 Mustafi Shkodran
[2025-10-29T09:02:10.234+0000] {logging_mixin.py:150} INFO - 7 Mustafi Shkodran
[2025-10-29T09:02:10.234+0000] {logging_mixin.py:150} INFO - 7 Mustafi Shkodran
[2025-10-29T09:02:10.235+0000] {logging_mixin.py:150} INFO - 7 Mustafi Shkodran
[2025-10-29T09:02:10.235+0000] {logging_mixin.py:150} INFO - 7 Mustafi Shkodran
[2025-10-29T09:02:10.236+0000] {logging_mixin.py:150} INFO - 7 Mustafi Shkodran
[2025-10-29T09:02:10.236+0000] {logging_mixin.py:150} INFO - 7 Mustafi Shkodran
[2025-10-29T09:02:10.236+0000] {logging_mixin.py:150} INFO - 7 Mustafi Shkodran
[2025-10-29T09:02:10.237+0000] {logging_mixin.py:150} INFO - 7 Mustafi Shkodran
[2025-10-29T09:02:10.238+0000] {logging_mixin.py:150} INFO - 7 Mustafi Shkodran
[2025-10-29T09:02:10.238+0000] {logging_mixin.py:150} INFO - 7 Mustafi Shkodran
[2025-10-29T09:02:10.238+0000] {logging_mixin.py:150} INFO - 7 Mustafi Shkodran
[2025-10-29T09:02:10.239+0000] {logging_mixin.py:150} INFO - 7 Mustafi Shkodran
[2025-10-29T09:02:10.239+0000] {logging_mixin.py:150} INFO - 7 Mustafi Shkodran
[2025-10-29T09:02:10.240+0000] {logging_mixin.py:150} INFO - 7 Mustafi Shkodran
[2025-10-29T09:02:10.240+0000] {logging_mixin.py:150} INFO - 7 Mustafi Shkodran
[2025-10-29T09:02:10.241+0000] {logging_mixin.py:150} INFO - 7 Mustafi Shkodran
[2025-10-29T09:02:10.241+0000] {logging_mixin.py:150} INFO - 7 Mustafi Shkodran
[2025-10-29T09:02:10.242+0000] {logging_mixin.py:150} INFO - 7 Mustafi Shkodran
[2025-10-29T09:02:10.242+0000] {logging_mixin.py:150} INFO - 7 Mustafi Shkodran
[2025-10-29T09:02:10.243+0000] {logging_mixin.py:150} INFO - 7 Mustafi Shkodran
[2025-10-29T09:02:10.243+0000] {logging_mixin.py:150} INFO - 7 Mustafi Shkodran
[2025-10-29T09:02:10.244+0000] {logging_mixin.py:150} INFO - 7 Mustafi Shkodran
[2025-10-29T09:02:10.244+0000] {logging_mixin.py:150} INFO - 7 Mustafi Shkodran
[2025-10-29T09:02:10.245+0000] {logging_mixin.py:150} INFO - 7 Mustafi Shkodran
[2025-10-29T09:02:10.245+0000] {logging_mixin.py:150} INFO - 7 Mustafi Shkodran
[2025-10-29T09:02:10.246+0000] {logging_mixin.py:150} INFO - 7 Mustafi Shkodran
[2025-10-29T09:02:11.195+0000] {fetch_api_data.py:96} WARNING - Failed to fetch data for Sead_Kolasinac_8: 404
[2025-10-29T09:02:12.478+0000] {fetch_api_data.py:96} WARNING - Failed to fetch data for Konstantinos_Mavropanos_10: 404
[2025-10-29T09:02:13.789+0000] {fetch_api_data.py:96} WARNING - Failed to fetch data for Stephan_Lichtsteiner_11: 404
[2025-10-29T09:02:14.792+0000] {fetch_api_data.py:96} WARNING - Failed to fetch data for Sokratis_Papastathopoulos_12: 404
[2025-10-29T09:02:15.611+0000] {fetch_api_data.py:96} WARNING - Failed to fetch data for Mesut_Özil_13: 404
[2025-10-29T09:02:16.313+0000] {fetch_api_data.py:96} WARNING - Failed to fetch data for Aaron_Ramsey_14: 404
[2025-10-29T09:02:17.029+0000] {fetch_api_data.py:96} WARNING - Failed to fetch data for Alex_Iwobi_15: 404
[2025-10-29T09:02:18.039+0000] {fetch_api_data.py:96} WARNING - Failed to fetch data for Mohamed_Elneny_16: 404
[2025-10-29T09:02:19.361+0000] {fetch_api_data.py:96} WARNING - Failed to fetch data for Granit_Xhaka_17: 404
[2025-10-29T09:02:19.990+0000] {fetch_api_data.py:96} WARNING - Failed to fetch data for Henrikh_Mkhitaryan_18: 404
[2025-10-29T09:02:20.797+0000] {fetch_api_data.py:96} WARNING - Failed to fetch data for Reiss_Nelson_19: 404
[2025-10-29T09:02:21.619+0000] {fetch_api_data.py:96} WARNING - Failed to fetch data for Ainsley_Maitland-Niles_20: 404
[2025-10-29T09:02:22.484+0000] {fetch_api_data.py:96} WARNING - Failed to fetch data for Danny_Welbeck_21: 404
[2025-10-29T09:02:23.436+0000] {fetch_api_data.py:96} WARNING - Failed to fetch data for Alexandre_Lacazette_22: 404
[2025-10-29T09:02:24.204+0000] {fetch_api_data.py:96} WARNING - Failed to fetch data for Pierre-Emerick_Aubameyang_23: 404
[2025-10-29T09:02:25.025+0000] {fetch_api_data.py:96} WARNING - Failed to fetch data for Lucas_Torreira_450: 404
[2025-10-29T09:02:25.934+0000] {fetch_api_data.py:96} WARNING - Failed to fetch data for Matteo_Guendouzi_451: 404
[2025-10-29T09:02:26.797+0000] {fetch_api_data.py:96} WARNING - Failed to fetch data for Emiliano_Martínez_542: 404
[2025-10-29T09:02:27.642+0000] {fetch_api_data.py:96} WARNING - Failed to fetch data for Emile_Smith-Rowe_545: 404
[2025-10-29T09:02:28.550+0000] {fetch_api_data.py:96} WARNING - Failed to fetch data for Zech_Medley_546: 404
[2025-10-29T09:02:29.881+0000] {fetch_api_data.py:96} WARNING - Failed to fetch data for Edward_Nketiah_552: 404
[2025-10-29T09:02:30.999+0000] {fetch_api_data.py:96} WARNING - Failed to fetch data for Bukayo_Saka_563: 404
[2025-10-29T09:02:31.988+0000] {fetch_api_data.py:96} WARNING - Failed to fetch data for Joseph_Willock_566: 404
[2025-10-29T09:02:32.834+0000] {fetch_api_data.py:96} WARNING - Failed to fetch data for Carl_Jenkinson_581: 404
[2025-10-29T09:02:33.684+0000] {fetch_api_data.py:96} WARNING - Failed to fetch data for Denis_Suárez_586: 404
[2025-10-29T09:02:35.240+0000] {fetch_api_data.py:96} WARNING - Failed to fetch data for Asmir_Begovic_24: 404
[2025-10-29T09:02:36.316+0000] {fetch_api_data.py:96} WARNING - Failed to fetch data for Artur_Boruc_25: 404
[2025-10-29T09:02:37.311+0000] {fetch_api_data.py:96} WARNING - Failed to fetch data for Simon_Francis_26: 404
[2025-10-29T09:02:38.016+0000] {fetch_api_data.py:96} WARNING - Failed to fetch data for Steve_Cook_27: 404
[2025-10-29T09:02:38.652+0000] {fetch_api_data.py:96} WARNING - Failed to fetch data for Charlie_Daniels_28: 404
[2025-10-29T09:02:39.320+0000] {fetch_api_data.py:96} WARNING - Failed to fetch data for Adam_Smith_29: 404
[2025-10-29T09:02:40.016+0000] {fetch_api_data.py:96} WARNING - Failed to fetch data for Tyrone_Mings_30: 404
[2025-10-29T09:02:41.152+0000] {fetch_api_data.py:96} WARNING - Failed to fetch data for Nathan_Aké_31: 404
[2025-10-29T09:02:42.077+0000] {fetch_api_data.py:96} WARNING - Failed to fetch data for Jack_Simpson_32: 404
[2025-10-29T09:02:42.932+0000] {fetch_api_data.py:96} WARNING - Failed to fetch data for Marc_Pugh_34: 404
[2025-10-29T09:02:43.834+0000] {fetch_api_data.py:96} WARNING - Failed to fetch data for Andrew_Surman_35: 404
[2025-10-29T09:02:44.546+0000] {fetch_api_data.py:96} WARNING - Failed to fetch data for Junior_Stanislas_36: 404
[2025-10-29T09:02:45.387+0000] {fetch_api_data.py:96} WARNING - Failed to fetch data for Dan_Gosling_37: 404
[2025-10-29T09:02:46.270+0000] {fetch_api_data.py:96} WARNING - Failed to fetch data for Jordon_Ibe_38: 404
[2025-10-29T09:02:46.907+0000] {fetch_api_data.py:96} WARNING - Failed to fetch data for Lewis_Cook_39: 404
[2025-10-29T09:02:47.539+0000] {fetch_api_data.py:96} WARNING - Failed to fetch data for Ryan_Fraser_40: 404
[2025-10-29T09:02:48.141+0000] {fetch_api_data.py:96} WARNING - Failed to fetch data for Emerson_Hyndman_41: 404
[2025-10-29T09:02:48.779+0000] {fetch_api_data.py:96} WARNING - Failed to fetch data for David_Brooks_42: 404
[2025-10-29T09:02:49.398+0000] {fetch_api_data.py:96} WARNING - Failed to fetch data for Callum_Wilson_43: 404
[2025-10-29T09:02:50.010+0000] {fetch_api_data.py:96} WARNING - Failed to fetch data for Lys_Mousset_44: 404
[2025-10-29T09:02:50.669+0000] {fetch_api_data.py:96} WARNING - Failed to fetch data for Joshua_King_45: 404
[2025-10-29T09:02:51.265+0000] {fetch_api_data.py:96} WARNING - Failed to fetch data for Jermain_Defoe_46: 404
[2025-10-29T09:02:51.927+0000] {fetch_api_data.py:96} WARNING - Failed to fetch data for Nathaniel_Clyne_241: 404
[2025-10-29T09:02:52.632+0000] {fetch_api_data.py:96} WARNING - Failed to fetch data for Dominic_Solanke_259: 404
[2025-10-29T09:02:53.313+0000] {fetch_api_data.py:96} WARNING - Failed to fetch data for Diego_Rico_473: 404
[2025-10-29T09:02:53.939+0000] {fetch_api_data.py:96} WARNING - Failed to fetch data for Jefferson_Lerma_494: 404
[2025-10-29T09:02:54.571+0000] {fetch_api_data.py:96} WARNING - Failed to fetch data for Chris_Mepham_580: 404
[2025-10-29T09:02:55.204+0000] {fetch_api_data.py:96} WARNING - Failed to fetch data for Sam_Surridge_599: 404
[2025-10-29T09:02:55.800+0000] {fetch_api_data.py:96} WARNING - Failed to fetch data for Kyle_Taylor_600: 404
[2025-10-29T09:02:56.399+0000] {fetch_api_data.py:96} WARNING - Failed to fetch data for Nnamdi_Ofoborh_613: 404
[2025-10-29T09:02:56.971+0000] {fetch_api_data.py:96} WARNING - Failed to fetch data for Mark_Travers_616: 404
[2025-10-29T09:02:57.587+0000] {fetch_api_data.py:96} WARNING - Failed to fetch data for Matt_Butcher_620: 404
[2025-10-29T09:02:58.192+0000] {fetch_api_data.py:96} WARNING - Failed to fetch data for Mathew_Ryan_47: 404
[2025-10-29T09:02:58.809+0000] {fetch_api_data.py:96} WARNING - Failed to fetch data for Lewis_Dunk_48: 404
[2025-10-29T09:02:59.400+0000] {fetch_api_data.py:96} WARNING - Failed to fetch data for Shane_Duffy_49: 404
[2025-10-29T09:03:00.018+0000] {fetch_api_data.py:96} WARNING - Failed to fetch data for Bruno_Saltor Grau_50: 404
[2025-10-29T09:03:00.628+0000] {fetch_api_data.py:96} WARNING - Failed to fetch data for Gaëtan_Bong_51: 404
[2025-10-29T09:03:01.233+0000] {fetch_api_data.py:96} WARNING - Failed to fetch data for Markus_Suttner_52: 404
[2025-10-29T09:03:01.860+0000] {fetch_api_data.py:96} WARNING - Failed to fetch data for Ezequiel_Schelotto_53: 404
[2025-10-29T09:03:02.465+0000] {fetch_api_data.py:96} WARNING - Failed to fetch data for Leon_Balogun_54: 404
[2025-10-29T09:03:03.100+0000] {fetch_api_data.py:96} WARNING - Failed to fetch data for Anthony_Knockaert_55: 404
[2025-10-29T09:03:03.748+0000] {fetch_api_data.py:96} WARNING - Failed to fetch data for Dale_Stephens_56: 404
[2025-10-29T09:03:04.353+0000] {fetch_api_data.py:96} WARNING - Failed to fetch data for Beram_Kayal_57: 404
[2025-10-29T09:03:04.941+0000] {fetch_api_data.py:96} WARNING - Failed to fetch data for Solomon_March_58: 404
[2025-10-29T09:03:05.608+0000] {fetch_api_data.py:96} WARNING - Failed to fetch data for Pascal_Groß_59: 404
[2025-10-29T09:03:06.237+0000] {fetch_api_data.py:96} WARNING - Failed to fetch data for Davy_Pröpper_60: 404
[2025-10-29T09:03:06.925+0000] {fetch_api_data.py:96} WARNING - Failed to fetch data for José Heriberto_Izquierdo Mena_61: 404
[2025-10-29T09:03:07.602+0000] {fetch_api_data.py:96} WARNING - Failed to fetch data for Glenn_Murray_62: 404
[2025-10-29T09:03:08.308+0000] {fetch_api_data.py:96} WARNING - Failed to fetch data for Tomer_Hemed_63: 404
[2025-10-29T09:03:08.962+0000] {fetch_api_data.py:96} WARNING - Failed to fetch data for Sam_Baldock_64: 404
[2025-10-29T09:03:09.622+0000] {fetch_api_data.py:96} WARNING - Failed to fetch data for Jürgen_Locadia_65: 404
[2025-10-29T09:03:10.268+0000] {fetch_api_data.py:96} WARNING - Failed to fetch data for Florin_Andone_66: 404
[2025-10-29T09:03:10.873+0000] {fetch_api_data.py:96} WARNING - Failed to fetch data for David_Button_179: 404
[2025-10-29T09:03:11.557+0000] {fetch_api_data.py:96} WARNING - Failed to fetch data for Jason_Steele_439: 404
[2025-10-29T09:03:12.161+0000] {fetch_api_data.py:96} WARNING - Failed to fetch data for Bernardo_Fernandes da Silva Junior_440: 404
[2025-10-29T09:03:12.785+0000] {fetch_api_data.py:96} WARNING - Failed to fetch data for Yves_Bissouma_466: 404
[2025-10-29T09:03:13.483+0000] {fetch_api_data.py:96} WARNING - Failed to fetch data for Alireza_Jahanbakhsh_476: 404
[2025-10-29T09:03:14.181+0000] {fetch_api_data.py:96} WARNING - Failed to fetch data for Martín_Montoya_503: 404
[2025-10-29T09:03:15.109+0000] {fetch_api_data.py:96} WARNING - Failed to fetch data for Viktor_Gyokeres_551: 404
[2025-10-29T09:03:15.780+0000] {fetch_api_data.py:96} WARNING - Failed to fetch data for Ben_White_559: 404
[2025-10-29T09:03:16.417+0000] {fetch_api_data.py:96} WARNING - Failed to fetch data for Max_Sanders_572: 404
[2025-10-29T09:03:17.032+0000] {fetch_api_data.py:96} WARNING - Failed to fetch data for Dan_Burn_582: 404
[2025-10-29T09:03:17.643+0000] {fetch_api_data.py:96} WARNING - Failed to fetch data for Jayson_Molumby_617: 404
[2025-10-29T09:03:18.285+0000] {fetch_api_data.py:96} WARNING - Failed to fetch data for Tom_Heaton_67: 404
[2025-10-29T09:03:18.983+0000] {fetch_api_data.py:96} WARNING - Failed to fetch data for Nick_Pope_68: 404
[2025-10-29T09:03:19.591+0000] {fetch_api_data.py:96} WARNING - Failed to fetch data for Matthew_Lowton_69: 404
[2025-10-29T09:03:20.190+0000] {fetch_api_data.py:96} WARNING - Failed to fetch data for Ben_Mee_70: 404
[2025-10-29T09:03:20.811+0000] {fetch_api_data.py:96} WARNING - Failed to fetch data for Stephen_Ward_71: 404
[2025-10-29T09:03:21.464+0000] {fetch_api_data.py:96} WARNING - Failed to fetch data for James_Tarkowski_72: 404
[2025-10-29T09:03:22.161+0000] {fetch_api_data.py:96} WARNING - Failed to fetch data for Kevin_Long_73: 404
[2025-10-29T09:03:22.786+0000] {fetch_api_data.py:96} WARNING - Failed to fetch data for Charlie_Taylor_74: 404
[2025-10-29T09:03:23.362+0000] {fetch_api_data.py:96} WARNING - Failed to fetch data for Phil_Bardsley_75: 404
[2025-10-29T09:03:23.964+0000] {fetch_api_data.py:96} WARNING - Failed to fetch data for Johann Berg_Gudmundsson_76: 404
[2025-10-29T09:03:24.634+0000] {fetch_api_data.py:96} WARNING - Failed to fetch data for Steven_Defour_77: 404
[2025-10-29T09:03:25.378+0000] {fetch_api_data.py:96} WARNING - Failed to fetch data for Jeff_Hendrick_78: 404
[2025-10-29T09:03:26.024+0000] {fetch_api_data.py:96} WARNING - Failed to fetch data for Robbie_Brady_79: 404
[2025-10-29T09:03:26.710+0000] {fetch_api_data.py:96} WARNING - Failed to fetch data for Ashley_Westwood_80: 404
[2025-10-29T09:03:27.295+0000] {fetch_api_data.py:96} WARNING - Failed to fetch data for Jonathan_Walters_81: 404
[2025-10-29T09:03:27.929+0000] {fetch_api_data.py:96} WARNING - Failed to fetch data for Jack_Cork_82: 404
[2025-10-29T09:03:28.520+0000] {fetch_api_data.py:96} WARNING - Failed to fetch data for Aaron_Lennon_83: 404
[2025-10-29T09:03:29.124+0000] {fetch_api_data.py:96} WARNING - Failed to fetch data for Sam_Vokes_84: 404
[2025-10-29T09:03:29.755+0000] {fetch_api_data.py:96} WARNING - Failed to fetch data for Ashley_Barnes_85: 404
[2025-10-29T09:03:30.426+0000] {fetch_api_data.py:96} WARNING - Failed to fetch data for Nahki_Wells_86: 404
[2025-10-29T09:03:30.984+0000] {fetch_api_data.py:96} WARNING - Failed to fetch data for Chris_Wood_87: 404
[2025-10-29T09:03:31.647+0000] {fetch_api_data.py:96} WARNING - Failed to fetch data for Anders_Lindegaard_485: 404
[2025-10-29T09:03:32.231+0000] {fetch_api_data.py:96} WARNING - Failed to fetch data for Joe_Hart_490: 404
[2025-10-29T09:03:32.810+0000] {fetch_api_data.py:96} WARNING - Failed to fetch data for Ben_Gibson_491: 404
[2025-10-29T09:03:33.452+0000] {fetch_api_data.py:96} WARNING - Failed to fetch data for Matej_Vydra_495: 404
[2025-10-29T09:03:34.087+0000] {fetch_api_data.py:96} WARNING - Failed to fetch data for Dwight_McNeil_534: 404
[2025-10-29T09:03:34.767+0000] {fetch_api_data.py:96} WARNING - Failed to fetch data for Abd-Al-Ali Morakinyo Olaposi_Koiki_564: 404
[2025-10-29T09:03:35.503+0000] {fetch_api_data.py:96} WARNING - Failed to fetch data for Josh_Benson_583: 404
[2025-10-29T09:03:36.091+0000] {fetch_api_data.py:96} WARNING - Failed to fetch data for Peter_Crouch_590: 404
[2025-10-29T09:03:36.678+0000] {fetch_api_data.py:96} WARNING - Failed to fetch data for Anthony_Driscoll-Glennon_615: 404
[2025-10-29T09:03:37.273+0000] {fetch_api_data.py:96} WARNING - Failed to fetch data for Harry_Arter_33: 404
[2025-10-29T09:03:37.978+0000] {fetch_api_data.py:96} WARNING - Failed to fetch data for Neil_Etheridge_88: 404
[2025-10-29T09:03:38.597+0000] {fetch_api_data.py:96} WARNING - Failed to fetch data for Alex_Smithies_89: 404
[2025-10-29T09:03:39.214+0000] {fetch_api_data.py:96} WARNING - Failed to fetch data for Sean_Morrison_90: 404
[2025-10-29T09:03:39.803+0000] {fetch_api_data.py:96} WARNING - Failed to fetch data for Sol_Bamba_91: 404
[2025-10-29T09:03:40.429+0000] {fetch_api_data.py:96} WARNING - Failed to fetch data for Bruno_Ecuele Manga_92: 404
[2025-10-29T09:03:41.041+0000] {fetch_api_data.py:96} WARNING - Failed to fetch data for Matthew_Connolly_93: 404
[2025-10-29T09:03:41.721+0000] {fetch_api_data.py:96} WARNING - Failed to fetch data for Joe_Bennett_94: 404
[2025-10-29T09:03:42.392+0000] {fetch_api_data.py:96} WARNING - Failed to fetch data for Lee_Peltier_95: 404
[2025-10-29T09:03:43.066+0000] {fetch_api_data.py:96} WARNING - Failed to fetch data for Ashley Darel Jazz_Richards_96: 404
[2025-10-29T09:03:43.675+0000] {fetch_api_data.py:96} WARNING - Failed to fetch data for Greg_Halford_97: 404
[2025-10-29T09:03:44.322+0000] {fetch_api_data.py:96} WARNING - Failed to fetch data for Joe_Ralls_98: 404
[2025-10-29T09:03:45.047+0000] {fetch_api_data.py:96} WARNING - Failed to fetch data for David Junior_Hoilett_99: 404
[2025-10-29T09:03:46.107+0000] {fetch_api_data.py:96} WARNING - Failed to fetch data for Nathaniel_Mendez-Laing_100: 404
[2025-10-29T09:03:46.743+0000] {local_task_job_runner.py:292} WARNING - State of this instance has been externally set to failed. Terminating instance.
[2025-10-29T09:03:46.774+0000] {process_utils.py:135} INFO - Sending Signals.SIGTERM to group 6035. PIDs of all processes in the group: [6035]
[2025-10-29T09:03:46.782+0000] {process_utils.py:86} INFO - Sending the signal Signals.SIGTERM to group 6035
[2025-10-29T09:03:46.789+0000] {taskinstance.py:1517} ERROR - Received SIGTERM. Terminating subprocesses.
[2025-10-29T09:03:46.973+0000] {process_utils.py:79} INFO - Process psutil.Process(pid=6035, status='terminated', exitcode=0, started='09:02:04') (6035) terminated with exit code 0
