[2025-11-06T00:08:53.675+0000] {taskinstance.py:1103} INFO - Dependencies all met for dep_context=non-requeueable deps ti=<TaskInstance: fpl_teams_etl.check_teams_api scheduled__2025-11-05T00:00:00+00:00 [queued]>
[2025-11-06T00:08:53.682+0000] {taskinstance.py:1103} INFO - Dependencies all met for dep_context=requeueable deps ti=<TaskInstance: fpl_teams_etl.check_teams_api scheduled__2025-11-05T00:00:00+00:00 [queued]>
[2025-11-06T00:08:53.683+0000] {taskinstance.py:1308} INFO - Starting attempt 1 of 2
[2025-11-06T00:08:53.833+0000] {taskinstance.py:1327} INFO - Executing <Task(HttpSensor): check_teams_api> on 2025-11-05 00:00:00+00:00
[2025-11-06T00:08:53.837+0000] {standard_task_runner.py:57} INFO - Started process 20778 to run task
[2025-11-06T00:08:53.840+0000] {standard_task_runner.py:84} INFO - Running: ['airflow', 'tasks', 'run', 'fpl_teams_etl', 'check_teams_api', 'scheduled__2025-11-05T00:00:00+00:00', '--job-id', '44', '--raw', '--subdir', 'DAGS_FOLDER/fpl_teams_dag.py', '--cfg-path', '/tmp/tmp3pttz47o']
[2025-11-06T00:08:53.842+0000] {standard_task_runner.py:85} INFO - Job 44: Subtask check_teams_api
[2025-11-06T00:08:53.883+0000] {task_command.py:410} INFO - Running <TaskInstance: fpl_teams_etl.check_teams_api scheduled__2025-11-05T00:00:00+00:00 [running]> on host 497d0baba1c5
[2025-11-06T00:08:54.108+0000] {taskinstance.py:1547} INFO - Exporting env vars: AIRFLOW_CTX_DAG_OWNER='richardilemon' AIRFLOW_CTX_DAG_ID='fpl_teams_etl' AIRFLOW_CTX_TASK_ID='check_teams_api' AIRFLOW_CTX_EXECUTION_DATE='2025-11-05T00:00:00+00:00' AIRFLOW_CTX_TRY_NUMBER='1' AIRFLOW_CTX_DAG_RUN_ID='scheduled__2025-11-05T00:00:00+00:00'
[2025-11-06T00:08:54.109+0000] {http.py:122} INFO - Poking: api/bootstrap-static/
[2025-11-06T00:08:54.179+0000] {taskinstance.py:1824} ERROR - Task failed with exception
Traceback (most recent call last):
  File "/home/airflow/.local/lib/python3.7/site-packages/airflow/sensors/base.py", line 225, in execute
    raise e
  File "/home/airflow/.local/lib/python3.7/site-packages/airflow/sensors/base.py", line 212, in execute
    poke_return = self.poke(context)
  File "/home/airflow/.local/lib/python3.7/site-packages/airflow/providers/http/sensors/http.py", line 137, in poke
    raise exc
  File "/home/airflow/.local/lib/python3.7/site-packages/airflow/providers/http/sensors/http.py", line 128, in poke
    extra_options=self.extra_options,
  File "/home/airflow/.local/lib/python3.7/site-packages/airflow/providers/http/hooks/http.py", line 148, in run
    session = self.get_conn(headers)
  File "/home/airflow/.local/lib/python3.7/site-packages/airflow/providers/http/hooks/http.py", line 100, in get_conn
    conn = self.get_connection(self.http_conn_id)
  File "/home/airflow/.local/lib/python3.7/site-packages/airflow/hooks/base.py", line 72, in get_connection
    conn = Connection.get_connection_from_secrets(conn_id)
  File "/home/airflow/.local/lib/python3.7/site-packages/airflow/models/connection.py", line 463, in get_connection_from_secrets
    raise AirflowNotFoundException(f"The conn_id `{conn_id}` isn't defined")
airflow.exceptions.AirflowNotFoundException: The conn_id `fpl_base_api` isn't defined
[2025-11-06T00:08:54.196+0000] {taskinstance.py:1350} INFO - Marking task as UP_FOR_RETRY. dag_id=fpl_teams_etl, task_id=check_teams_api, execution_date=20251105T000000, start_date=20251106T000853, end_date=20251106T000854
[2025-11-06T00:08:54.257+0000] {standard_task_runner.py:109} ERROR - Failed to execute job 44 for task check_teams_api (The conn_id `fpl_base_api` isn't defined; 20778)
[2025-11-06T00:08:54.273+0000] {local_task_job_runner.py:225} INFO - Task exited with return code 1
[2025-11-06T00:08:54.311+0000] {taskinstance.py:2653} INFO - 0 downstream tasks scheduled from follow-on schedule check
