[2025-10-07T18:46:56.580+0000] {taskinstance.py:1103} INFO - Dependencies all met for dep_context=non-requeueable deps ti=<TaskInstance: fpl_etl_pipeline.insert_teams_data manual__2025-10-07T18:46:47.764763+00:00 [queued]>
[2025-10-07T18:46:56.593+0000] {taskinstance.py:1103} INFO - Dependencies all met for dep_context=requeueable deps ti=<TaskInstance: fpl_etl_pipeline.insert_teams_data manual__2025-10-07T18:46:47.764763+00:00 [queued]>
[2025-10-07T18:46:56.594+0000] {taskinstance.py:1308} INFO - Starting attempt 1 of 2
[2025-10-07T18:46:56.618+0000] {taskinstance.py:1327} INFO - Executing <Task(PythonOperator): insert_teams_data> on 2025-10-07 18:46:47.764763+00:00
[2025-10-07T18:46:56.624+0000] {standard_task_runner.py:57} INFO - Started process 5601 to run task
[2025-10-07T18:46:56.627+0000] {standard_task_runner.py:84} INFO - Running: ['airflow', 'tasks', 'run', 'fpl_etl_pipeline', 'insert_teams_data', 'manual__2025-10-07T18:46:47.764763+00:00', '--job-id', '113', '--raw', '--subdir', 'DAGS_FOLDER/fpl_etl_pipeline.py', '--cfg-path', '/tmp/tmpucudoqh_']
[2025-10-07T18:46:56.631+0000] {standard_task_runner.py:85} INFO - Job 113: Subtask insert_teams_data
[2025-10-07T18:46:56.708+0000] {task_command.py:410} INFO - Running <TaskInstance: fpl_etl_pipeline.insert_teams_data manual__2025-10-07T18:46:47.764763+00:00 [running]> on host f44e38d8e384
[2025-10-07T18:46:56.876+0000] {taskinstance.py:1547} INFO - Exporting env vars: AIRFLOW_CTX_DAG_OWNER='richardilemon' AIRFLOW_CTX_DAG_ID='fpl_etl_pipeline' AIRFLOW_CTX_TASK_ID='insert_teams_data' AIRFLOW_CTX_EXECUTION_DATE='2025-10-07T18:46:47.764763+00:00' AIRFLOW_CTX_TRY_NUMBER='1' AIRFLOW_CTX_DAG_RUN_ID='manual__2025-10-07T18:46:47.764763+00:00'
[2025-10-07T18:46:56.899+0000] {base.py:73} INFO - Using connection ID 'fpl_db_conn' for task execution.
[2025-10-07T18:46:56.908+0000] {db_config.py:33} INFO - Database Connection Established
[2025-10-07T18:46:56.909+0000] {db_config.py:40} ERROR - Failed to connect to database: insert_teams() missing 2 required positional arguments: 'teams' and 'season'
[2025-10-07T18:46:56.910+0000] {taskinstance.py:1824} ERROR - Task failed with exception
Traceback (most recent call last):
  File "/home/airflow/.local/lib/python3.7/site-packages/airflow/operators/python.py", line 181, in execute
    return_value = self.execute_callable()
  File "/home/airflow/.local/lib/python3.7/site-packages/airflow/operators/python.py", line 198, in execute_callable
    return self.python_callable(*self.op_args, **self.op_kwargs)
  File "/opt/airflow/scripts/db_config.py", line 35, in wrapper
    result = func(connection)  # fetch_teams_data(_connection)
TypeError: insert_teams() missing 2 required positional arguments: 'teams' and 'season'
[2025-10-07T18:46:56.928+0000] {taskinstance.py:1350} INFO - Marking task as UP_FOR_RETRY. dag_id=fpl_etl_pipeline, task_id=insert_teams_data, execution_date=20251007T184647, start_date=20251007T184656, end_date=20251007T184656
[2025-10-07T18:46:56.943+0000] {standard_task_runner.py:109} ERROR - Failed to execute job 113 for task insert_teams_data (insert_teams() missing 2 required positional arguments: 'teams' and 'season'; 5601)
[2025-10-07T18:46:56.961+0000] {local_task_job_runner.py:225} INFO - Task exited with return code 1
[2025-10-07T18:46:56.987+0000] {taskinstance.py:2653} INFO - 0 downstream tasks scheduled from follow-on schedule check
