[2025-05-12T12:01:48.350+0000] {logging_mixin.py:150} INFO - Changing /opt/airflow/logs/dag_id=fpl_etl_pipeline/run_id=scheduled__2025-05-10T00:00:00+00:00/task_id=load_teams permission to 509
[2025-05-12T12:01:48.354+0000] {logging_mixin.py:150} INFO - Failed to change /opt/airflow/logs/dag_id=fpl_etl_pipeline/run_id=scheduled__2025-05-10T00:00:00+00:00/task_id=load_teams permission to 509: [Errno 1] Operation not permitted: '/opt/airflow/logs/dag_id=fpl_etl_pipeline/run_id=scheduled__2025-05-10T00:00:00+00:00/task_id=load_teams'
[2025-05-12T12:01:48.541+0000] {logging_mixin.py:150} INFO - Changing /opt/airflow/logs/dag_id=fpl_etl_pipeline/run_id=scheduled__2025-05-10T00:00:00+00:00/task_id=load_teams permission to 509
[2025-05-12T12:01:48.545+0000] {logging_mixin.py:150} INFO - Failed to change /opt/airflow/logs/dag_id=fpl_etl_pipeline/run_id=scheduled__2025-05-10T00:00:00+00:00/task_id=load_teams permission to 509: [Errno 1] Operation not permitted: '/opt/airflow/logs/dag_id=fpl_etl_pipeline/run_id=scheduled__2025-05-10T00:00:00+00:00/task_id=load_teams'
[2025-05-12T12:01:48.732+0000] {taskinstance.py:1103} INFO - Dependencies all met for dep_context=non-requeueable deps ti=<TaskInstance: fpl_etl_pipeline.load_teams scheduled__2025-05-10T00:00:00+00:00 [queued]>
[2025-05-12T12:01:48.767+0000] {taskinstance.py:1103} INFO - Dependencies all met for dep_context=requeueable deps ti=<TaskInstance: fpl_etl_pipeline.load_teams scheduled__2025-05-10T00:00:00+00:00 [queued]>
[2025-05-12T12:01:48.769+0000] {taskinstance.py:1308} INFO - Starting attempt 1 of 2
[2025-05-12T12:01:48.832+0000] {taskinstance.py:1327} INFO - Executing <Task(PythonOperator): load_teams> on 2025-05-10 00:00:00+00:00
[2025-05-12T12:01:48.856+0000] {standard_task_runner.py:57} INFO - Started process 194 to run task
[2025-05-12T12:01:48.867+0000] {standard_task_runner.py:84} INFO - Running: ['airflow', 'tasks', 'run', 'fpl_etl_pipeline', 'load_teams', 'scheduled__2025-05-10T00:00:00+00:00', '--job-id', '26', '--raw', '--subdir', 'DAGS_FOLDER/fpl_etl_pipeline.py', '--cfg-path', '/tmp/tmpe6z0vvb4']
[2025-05-12T12:01:48.881+0000] {standard_task_runner.py:85} INFO - Job 26: Subtask load_teams
[2025-05-12T12:01:49.155+0000] {logging_mixin.py:150} INFO - Changing /opt/airflow/logs/dag_id=fpl_etl_pipeline/run_id=scheduled__2025-05-10T00:00:00+00:00/task_id=load_teams permission to 509
[2025-05-12T12:01:49.157+0000] {logging_mixin.py:150} INFO - Failed to change /opt/airflow/logs/dag_id=fpl_etl_pipeline/run_id=scheduled__2025-05-10T00:00:00+00:00/task_id=load_teams permission to 509: [Errno 1] Operation not permitted: '/opt/airflow/logs/dag_id=fpl_etl_pipeline/run_id=scheduled__2025-05-10T00:00:00+00:00/task_id=load_teams'
[2025-05-12T12:01:49.161+0000] {task_command.py:410} INFO - Running <TaskInstance: fpl_etl_pipeline.load_teams scheduled__2025-05-10T00:00:00+00:00 [running]> on host d45b3068fd3d
[2025-05-12T12:01:49.585+0000] {taskinstance.py:1547} INFO - Exporting env vars: AIRFLOW_CTX_DAG_OWNER='richardilemon' AIRFLOW_CTX_DAG_ID='fpl_etl_pipeline' AIRFLOW_CTX_TASK_ID='load_teams' AIRFLOW_CTX_EXECUTION_DATE='2025-05-10T00:00:00+00:00' AIRFLOW_CTX_TRY_NUMBER='1' AIRFLOW_CTX_DAG_RUN_ID='scheduled__2025-05-10T00:00:00+00:00'
[2025-05-12T12:01:49.589+0000] {logging_mixin.py:150} INFO - Creating teams table...
[2025-05-12T12:01:49.597+0000] {logging_mixin.py:150} INFO - Fetching teams for 2016-17...
[2025-05-12T12:02:22.229+0000] {logging_mixin.py:150} INFO - ⚠️ Failed to fetch teams.csv for 2016-17: 404 Client Error: Not Found for url: https://raw.githubusercontent.com/vaastav/Fantasy-Premier-League/master/data/2016-17/teams.csv
[2025-05-12T12:02:22.243+0000] {logging_mixin.py:150} INFO - ⚠️ Skipping 2016-17: No CSV data.
[2025-05-12T12:02:22.247+0000] {logging_mixin.py:150} INFO - Fetching teams for 2017-18...
[2025-05-12T12:02:52.081+0000] {logging_mixin.py:150} INFO - ⚠️ Failed to fetch teams.csv for 2017-18: ('Connection aborted.', OSError(0, 'Error'))
[2025-05-12T12:02:52.089+0000] {logging_mixin.py:150} INFO - ⚠️ Skipping 2017-18: No CSV data.
[2025-05-12T12:02:52.100+0000] {logging_mixin.py:150} INFO - Fetching teams for 2018-19...
[2025-05-12T12:03:28.002+0000] {logging_mixin.py:150} INFO - ⚠️ Failed to fetch teams.csv for 2018-19: ('Connection aborted.', OSError(0, 'Error'))
[2025-05-12T12:03:28.005+0000] {logging_mixin.py:150} INFO - ⚠️ Skipping 2018-19: No CSV data.
[2025-05-12T12:03:28.005+0000] {logging_mixin.py:150} INFO - Fetching teams for 2019-20...
[2025-05-12T12:03:51.506+0000] {logging_mixin.py:150} INFO - ✅ Loaded teams for 2019-20
[2025-05-12T12:03:51.509+0000] {logging_mixin.py:150} INFO - Fetching teams for 2020-21...
[2025-05-12T12:03:59.270+0000] {logging_mixin.py:150} INFO - ✅ Loaded teams for 2020-21
[2025-05-12T12:03:59.271+0000] {logging_mixin.py:150} INFO - Fetching teams for 2021-22...
[2025-05-12T12:04:15.367+0000] {logging_mixin.py:150} INFO - ✅ Loaded teams for 2021-22
[2025-05-12T12:04:15.369+0000] {logging_mixin.py:150} INFO - Fetching teams for 2022-23...
[2025-05-12T12:04:28.728+0000] {logging_mixin.py:150} INFO - ✅ Loaded teams for 2022-23
[2025-05-12T12:04:28.730+0000] {logging_mixin.py:150} INFO - Fetching teams for 2023-24...
[2025-05-12T12:05:02.565+0000] {logging_mixin.py:150} INFO - ✅ Loaded teams for 2023-24
[2025-05-12T12:05:02.573+0000] {logging_mixin.py:150} INFO - Fetching teams for 2024-25...
[2025-05-12T12:05:22.922+0000] {logging_mixin.py:150} INFO - ✅ Loaded teams for 2024-25
[2025-05-12T12:05:22.925+0000] {logging_mixin.py:150} INFO - ✅ Teams history loaded successfully.
[2025-05-12T12:05:22.957+0000] {logging_mixin.py:150} INFO - Creating teams table...
[2025-05-12T12:05:22.960+0000] {logging_mixin.py:150} INFO - Fetching teams data...
[2025-05-12T12:06:36.490+0000] {logging_mixin.py:150} INFO - Inserting 20 teams into database for season 2024-25...
[2025-05-12T12:06:36.502+0000] {logging_mixin.py:150} INFO - ✅ Teams data loaded successfully.
[2025-05-12T12:06:36.503+0000] {python.py:183} INFO - Done. Returned value was: None
[2025-05-12T12:06:36.538+0000] {taskinstance.py:1350} INFO - Marking task as SUCCESS. dag_id=fpl_etl_pipeline, task_id=load_teams, execution_date=20250510T000000, start_date=20250512T120148, end_date=20250512T120636
[2025-05-12T12:06:36.612+0000] {local_task_job_runner.py:225} INFO - Task exited with return code 0
[2025-05-12T12:06:36.667+0000] {taskinstance.py:2653} INFO - 1 downstream tasks scheduled from follow-on schedule check
