[2025-05-08T13:06:08.754+0000] {logging_mixin.py:150} INFO - Changing /opt/airflow/logs/dag_id=fpl_etl_pipeline/run_id=scheduled__2025-05-07T00:00:00+00:00/task_id=load_teams permission to 509
[2025-05-08T13:06:08.756+0000] {logging_mixin.py:150} INFO - Failed to change /opt/airflow/logs/dag_id=fpl_etl_pipeline/run_id=scheduled__2025-05-07T00:00:00+00:00/task_id=load_teams permission to 509: [Errno 1] Operation not permitted: '/opt/airflow/logs/dag_id=fpl_etl_pipeline/run_id=scheduled__2025-05-07T00:00:00+00:00/task_id=load_teams'
[2025-05-08T13:06:08.988+0000] {logging_mixin.py:150} INFO - Changing /opt/airflow/logs/dag_id=fpl_etl_pipeline/run_id=scheduled__2025-05-07T00:00:00+00:00/task_id=load_teams permission to 509
[2025-05-08T13:06:08.989+0000] {logging_mixin.py:150} INFO - Failed to change /opt/airflow/logs/dag_id=fpl_etl_pipeline/run_id=scheduled__2025-05-07T00:00:00+00:00/task_id=load_teams permission to 509: [Errno 1] Operation not permitted: '/opt/airflow/logs/dag_id=fpl_etl_pipeline/run_id=scheduled__2025-05-07T00:00:00+00:00/task_id=load_teams'
[2025-05-08T13:06:09.380+0000] {taskinstance.py:1103} INFO - Dependencies all met for dep_context=non-requeueable deps ti=<TaskInstance: fpl_etl_pipeline.load_teams scheduled__2025-05-07T00:00:00+00:00 [queued]>
[2025-05-08T13:06:09.475+0000] {taskinstance.py:1103} INFO - Dependencies all met for dep_context=requeueable deps ti=<TaskInstance: fpl_etl_pipeline.load_teams scheduled__2025-05-07T00:00:00+00:00 [queued]>
[2025-05-08T13:06:09.487+0000] {taskinstance.py:1308} INFO - Starting attempt 2 of 2
[2025-05-08T13:06:09.781+0000] {taskinstance.py:1327} INFO - Executing <Task(PythonOperator): load_teams> on 2025-05-07 00:00:00+00:00
[2025-05-08T13:06:09.857+0000] {standard_task_runner.py:57} INFO - Started process 765 to run task
[2025-05-08T13:06:09.893+0000] {standard_task_runner.py:84} INFO - Running: ['airflow', 'tasks', 'run', 'fpl_etl_pipeline', 'load_teams', 'scheduled__2025-05-07T00:00:00+00:00', '--job-id', '16', '--raw', '--subdir', 'DAGS_FOLDER/fpl_etl_pipeline.py', '--cfg-path', '/tmp/tmpn11vh949']
[2025-05-08T13:06:09.933+0000] {standard_task_runner.py:85} INFO - Job 16: Subtask load_teams
[2025-05-08T13:06:10.398+0000] {logging_mixin.py:150} INFO - Changing /opt/airflow/logs/dag_id=fpl_etl_pipeline/run_id=scheduled__2025-05-07T00:00:00+00:00/task_id=load_teams permission to 509
[2025-05-08T13:06:10.408+0000] {logging_mixin.py:150} INFO - Failed to change /opt/airflow/logs/dag_id=fpl_etl_pipeline/run_id=scheduled__2025-05-07T00:00:00+00:00/task_id=load_teams permission to 509: [Errno 1] Operation not permitted: '/opt/airflow/logs/dag_id=fpl_etl_pipeline/run_id=scheduled__2025-05-07T00:00:00+00:00/task_id=load_teams'
[2025-05-08T13:06:10.434+0000] {task_command.py:410} INFO - Running <TaskInstance: fpl_etl_pipeline.load_teams scheduled__2025-05-07T00:00:00+00:00 [running]> on host 0923f136f3f9
[2025-05-08T13:06:11.300+0000] {taskinstance.py:1547} INFO - Exporting env vars: AIRFLOW_CTX_DAG_OWNER='richardilemon' AIRFLOW_CTX_DAG_ID='fpl_etl_pipeline' AIRFLOW_CTX_TASK_ID='load_teams' AIRFLOW_CTX_EXECUTION_DATE='2025-05-07T00:00:00+00:00' AIRFLOW_CTX_TRY_NUMBER='2' AIRFLOW_CTX_DAG_RUN_ID='scheduled__2025-05-07T00:00:00+00:00'
[2025-05-08T13:06:11.305+0000] {logging_mixin.py:150} INFO - Creating teams table...
[2025-05-08T13:06:11.309+0000] {logging_mixin.py:150} INFO - Fetching teams for 2016-17...
[2025-05-08T13:06:13.755+0000] {logging_mixin.py:150} INFO - ⚠️ Failed to fetch teams.csv for 2016-17: 404 Client Error: Not Found for url: https://raw.githubusercontent.com/vaastav/Fantasy-Premier-League/master/data/2016-17/teams.csv
[2025-05-08T13:06:13.762+0000] {logging_mixin.py:150} INFO - ⚠️ Skipping 2016-17: No CSV data.
[2025-05-08T13:06:13.764+0000] {logging_mixin.py:150} INFO - Fetching teams for 2017-18...
[2025-05-08T13:06:20.081+0000] {logging_mixin.py:150} INFO - ⚠️ Failed to fetch teams.csv for 2017-18: 404 Client Error: Not Found for url: https://raw.githubusercontent.com/vaastav/Fantasy-Premier-League/master/data/2017-18/teams.csv
[2025-05-08T13:06:20.098+0000] {logging_mixin.py:150} INFO - ⚠️ Skipping 2017-18: No CSV data.
[2025-05-08T13:06:20.103+0000] {logging_mixin.py:150} INFO - Fetching teams for 2018-19...
[2025-05-08T13:06:21.958+0000] {logging_mixin.py:150} INFO - ⚠️ Failed to fetch teams.csv for 2018-19: 404 Client Error: Not Found for url: https://raw.githubusercontent.com/vaastav/Fantasy-Premier-League/master/data/2018-19/teams.csv
[2025-05-08T13:06:21.971+0000] {logging_mixin.py:150} INFO - ⚠️ Skipping 2018-19: No CSV data.
[2025-05-08T13:06:21.975+0000] {logging_mixin.py:150} INFO - Fetching teams for 2019-20...
[2025-05-08T13:06:23.330+0000] {logging_mixin.py:150} INFO - ✅ Loaded teams for 2019-20
[2025-05-08T13:06:23.332+0000] {logging_mixin.py:150} INFO - Fetching teams for 2020-21...
[2025-05-08T13:06:28.933+0000] {logging_mixin.py:150} INFO - ✅ Loaded teams for 2020-21
[2025-05-08T13:06:28.935+0000] {logging_mixin.py:150} INFO - Fetching teams for 2021-22...
[2025-05-08T13:06:31.330+0000] {logging_mixin.py:150} INFO - ✅ Loaded teams for 2021-22
[2025-05-08T13:06:31.332+0000] {logging_mixin.py:150} INFO - Fetching teams for 2022-23...
[2025-05-08T13:06:32.419+0000] {logging_mixin.py:150} INFO - ✅ Loaded teams for 2022-23
[2025-05-08T13:06:32.421+0000] {logging_mixin.py:150} INFO - Fetching teams for 2023-24...
[2025-05-08T13:06:34.435+0000] {logging_mixin.py:150} INFO - ✅ Loaded teams for 2023-24
[2025-05-08T13:06:34.440+0000] {logging_mixin.py:150} INFO - Fetching teams for 2024-25...
[2025-05-08T13:06:37.094+0000] {logging_mixin.py:150} INFO - ✅ Loaded teams for 2024-25
[2025-05-08T13:06:37.098+0000] {logging_mixin.py:150} INFO - ✅ Teams history loaded successfully.
[2025-05-08T13:06:37.135+0000] {logging_mixin.py:150} INFO - Creating teams table...
[2025-05-08T13:06:37.144+0000] {logging_mixin.py:150} INFO - Fetching teams data...
[2025-05-08T13:06:40.317+0000] {logging_mixin.py:150} INFO - Inserting 20 teams into database for season 2024/25...
[2025-05-08T13:06:40.321+0000] {taskinstance.py:1824} ERROR - Task failed with exception
Traceback (most recent call last):
  File "/home/airflow/.local/lib/python3.7/site-packages/airflow/operators/python.py", line 181, in execute
    return_value = self.execute_callable()
  File "/home/airflow/.local/lib/python3.7/site-packages/airflow/operators/python.py", line 198, in execute_callable
    return self.python_callable(*self.op_args, **self.op_kwargs)
  File "/opt/airflow/dags/fpl_etl_pipeline.py", line 20, in load_teams_task
    load_teams_live_main()  # No season parameter needed (uses default)
  File "/app/load_teams_live.py", line 96, in main
    insert_teams(conn, teams, season)
  File "/app/load_teams_live.py", line 66, in insert_teams
    team["strength"], team["position"]
  File "/home/airflow/.local/lib/python3.7/site-packages/psycopg2/extras.py", line 236, in execute
    return super().execute(query, vars)
TypeError: not all arguments converted during string formatting
[2025-05-08T13:06:40.425+0000] {taskinstance.py:1350} INFO - Marking task as FAILED. dag_id=fpl_etl_pipeline, task_id=load_teams, execution_date=20250507T000000, start_date=20250508T130609, end_date=20250508T130640
[2025-05-08T13:06:40.533+0000] {standard_task_runner.py:109} ERROR - Failed to execute job 16 for task load_teams (not all arguments converted during string formatting; 765)
[2025-05-08T13:06:40.672+0000] {local_task_job_runner.py:225} INFO - Task exited with return code 1
[2025-05-08T13:06:40.896+0000] {taskinstance.py:2653} INFO - 0 downstream tasks scheduled from follow-on schedule check
