[2025-10-25T22:23:53.037+0000] {taskinstance.py:1103} INFO - Dependencies all met for dep_context=non-requeueable deps ti=<TaskInstance: fpl_teams_etl.fetch_teams_task scheduled__2025-10-24T00:00:00+00:00 [queued]>
[2025-10-25T22:23:53.054+0000] {taskinstance.py:1103} INFO - Dependencies all met for dep_context=requeueable deps ti=<TaskInstance: fpl_teams_etl.fetch_teams_task scheduled__2025-10-24T00:00:00+00:00 [queued]>
[2025-10-25T22:23:53.055+0000] {taskinstance.py:1308} INFO - Starting attempt 2 of 2
[2025-10-25T22:23:53.084+0000] {taskinstance.py:1327} INFO - Executing <Task(_PythonDecoratedOperator): fetch_teams_task> on 2025-10-24 00:00:00+00:00
[2025-10-25T22:23:53.090+0000] {standard_task_runner.py:57} INFO - Started process 7606 to run task
[2025-10-25T22:23:53.096+0000] {standard_task_runner.py:84} INFO - Running: ['airflow', 'tasks', 'run', 'fpl_teams_etl', 'fetch_teams_task', 'scheduled__2025-10-24T00:00:00+00:00', '--job-id', '6534', '--raw', '--subdir', 'DAGS_FOLDER/fpl_teams_dag.py', '--cfg-path', '/tmp/tmp411uiii0']
[2025-10-25T22:23:53.099+0000] {standard_task_runner.py:85} INFO - Job 6534: Subtask fetch_teams_task
[2025-10-25T22:23:53.357+0000] {task_command.py:410} INFO - Running <TaskInstance: fpl_teams_etl.fetch_teams_task scheduled__2025-10-24T00:00:00+00:00 [running]> on host 754e4af34fcd
[2025-10-25T22:23:53.494+0000] {taskinstance.py:1547} INFO - Exporting env vars: AIRFLOW_CTX_DAG_OWNER='richardilemon' AIRFLOW_CTX_DAG_ID='fpl_teams_etl' AIRFLOW_CTX_TASK_ID='fetch_teams_task' AIRFLOW_CTX_EXECUTION_DATE='2025-10-24T00:00:00+00:00' AIRFLOW_CTX_TRY_NUMBER='2' AIRFLOW_CTX_DAG_RUN_ID='scheduled__2025-10-24T00:00:00+00:00'
[2025-10-25T22:23:53.496+0000] {taskinstance.py:1824} ERROR - Task failed with exception
Traceback (most recent call last):
  File "/home/airflow/.local/lib/python3.7/site-packages/airflow/decorators/base.py", line 220, in execute
    return_value = super().execute(context)
  File "/home/airflow/.local/lib/python3.7/site-packages/airflow/operators/python.py", line 181, in execute
    return_value = self.execute_callable()
  File "/home/airflow/.local/lib/python3.7/site-packages/airflow/operators/python.py", line 198, in execute_callable
    return self.python_callable(*self.op_args, **self.op_kwargs)
  File "/opt/airflow/dags/fpl_teams_dag.py", line 92, in fetch_teams_task
    teams = fetch_api_data(season, category)
TypeError: 'module' object is not callable
[2025-10-25T22:23:53.516+0000] {taskinstance.py:1350} INFO - Marking task as FAILED. dag_id=fpl_teams_etl, task_id=fetch_teams_task, execution_date=20251024T000000, start_date=20251025T222353, end_date=20251025T222353
[2025-10-25T22:23:53.537+0000] {standard_task_runner.py:109} ERROR - Failed to execute job 6534 for task fetch_teams_task ('module' object is not callable; 7606)
[2025-10-25T22:23:53.550+0000] {local_task_job_runner.py:225} INFO - Task exited with return code 1
[2025-10-25T22:23:53.731+0000] {taskinstance.py:2653} INFO - 0 downstream tasks scheduled from follow-on schedule check
