[2025-10-07T19:51:15.487+0000] {taskinstance.py:1103} INFO - Dependencies all met for dep_context=non-requeueable deps ti=<TaskInstance: fpl_etl_pipeline.insert_teams_data manual__2025-10-07T19:46:05.513252+00:00 [queued]>
[2025-10-07T19:51:15.503+0000] {taskinstance.py:1103} INFO - Dependencies all met for dep_context=requeueable deps ti=<TaskInstance: fpl_etl_pipeline.insert_teams_data manual__2025-10-07T19:46:05.513252+00:00 [queued]>
[2025-10-07T19:51:15.503+0000] {taskinstance.py:1308} INFO - Starting attempt 2 of 2
[2025-10-07T19:51:15.529+0000] {taskinstance.py:1327} INFO - Executing <Task(PythonOperator): insert_teams_data> on 2025-10-07 19:46:05.513252+00:00
[2025-10-07T19:51:15.535+0000] {standard_task_runner.py:57} INFO - Started process 769 to run task
[2025-10-07T19:51:15.540+0000] {standard_task_runner.py:84} INFO - Running: ['airflow', 'tasks', 'run', 'fpl_etl_pipeline', 'insert_teams_data', 'manual__2025-10-07T19:46:05.513252+00:00', '--job-id', '132', '--raw', '--subdir', 'DAGS_FOLDER/fpl_etl_pipeline.py', '--cfg-path', '/tmp/tmpwb5p9tf5']
[2025-10-07T19:51:15.544+0000] {standard_task_runner.py:85} INFO - Job 132: Subtask insert_teams_data
[2025-10-07T19:51:15.630+0000] {task_command.py:410} INFO - Running <TaskInstance: fpl_etl_pipeline.insert_teams_data manual__2025-10-07T19:46:05.513252+00:00 [running]> on host 00f07cb5c963
[2025-10-07T19:51:15.816+0000] {taskinstance.py:1547} INFO - Exporting env vars: AIRFLOW_CTX_DAG_OWNER='richardilemon' AIRFLOW_CTX_DAG_ID='fpl_etl_pipeline' AIRFLOW_CTX_TASK_ID='insert_teams_data' AIRFLOW_CTX_EXECUTION_DATE='2025-10-07T19:46:05.513252+00:00' AIRFLOW_CTX_TRY_NUMBER='2' AIRFLOW_CTX_DAG_RUN_ID='manual__2025-10-07T19:46:05.513252+00:00'
[2025-10-07T19:51:15.838+0000] {base.py:73} INFO - Using connection ID 'fpl_db_conn' for task execution.
[2025-10-07T19:51:15.849+0000] {db_config.py:33} INFO - Database Connection Established
[2025-10-07T19:51:15.850+0000] {db_config.py:43} ERROR - Failed to connect to database: 'PythonOperator' object is not iterable
[2025-10-07T19:51:15.850+0000] {taskinstance.py:1824} ERROR - Task failed with exception
Traceback (most recent call last):
  File "/home/airflow/.local/lib/python3.7/site-packages/airflow/operators/python.py", line 181, in execute
    return_value = self.execute_callable()
  File "/home/airflow/.local/lib/python3.7/site-packages/airflow/operators/python.py", line 198, in execute_callable
    return self.python_callable(*self.op_args, **self.op_kwargs)
  File "/opt/airflow/scripts/db_config.py", line 35, in wrapper
    result = func(connection, *args, **kwargs)  # fetch_teams_data(_connection)
  File "/opt/airflow/scripts/load_teams_live.py", line 65, in insert_teams
    for team in teams:
TypeError: 'PythonOperator' object is not iterable
[2025-10-07T19:51:15.872+0000] {taskinstance.py:1350} INFO - Marking task as FAILED. dag_id=fpl_etl_pipeline, task_id=insert_teams_data, execution_date=20251007T194605, start_date=20251007T195115, end_date=20251007T195115
[2025-10-07T19:51:15.889+0000] {standard_task_runner.py:109} ERROR - Failed to execute job 132 for task insert_teams_data ('PythonOperator' object is not iterable; 769)
[2025-10-07T19:51:15.914+0000] {local_task_job_runner.py:225} INFO - Task exited with return code 1
[2025-10-07T19:51:15.944+0000] {taskinstance.py:2653} INFO - 0 downstream tasks scheduled from follow-on schedule check
