[2025-11-07T18:51:27.263+0000] {taskinstance.py:1103} INFO - Dependencies all met for dep_context=non-requeueable deps ti=<TaskInstance: fpl_gameweeks_etl.create_gw_stats_table manual__2025-11-07T18:51:19.900305+00:00 [queued]>
[2025-11-07T18:51:27.279+0000] {taskinstance.py:1103} INFO - Dependencies all met for dep_context=requeueable deps ti=<TaskInstance: fpl_gameweeks_etl.create_gw_stats_table manual__2025-11-07T18:51:19.900305+00:00 [queued]>
[2025-11-07T18:51:27.280+0000] {taskinstance.py:1308} INFO - Starting attempt 1 of 2
[2025-11-07T18:51:27.295+0000] {taskinstance.py:1327} INFO - Executing <Task(PostgresOperator): create_gw_stats_table> on 2025-11-07 18:51:19.900305+00:00
[2025-11-07T18:51:27.299+0000] {standard_task_runner.py:57} INFO - Started process 17927 to run task
[2025-11-07T18:51:27.302+0000] {standard_task_runner.py:84} INFO - Running: ['airflow', 'tasks', 'run', 'fpl_gameweeks_etl', 'create_gw_stats_table', 'manual__2025-11-07T18:51:19.900305+00:00', '--job-id', '226', '--raw', '--subdir', 'DAGS_FOLDER/fpl_gameweeks_dag.py', '--cfg-path', '/tmp/tmptnhhudsy']
[2025-11-07T18:51:27.303+0000] {standard_task_runner.py:85} INFO - Job 226: Subtask create_gw_stats_table
[2025-11-07T18:51:27.375+0000] {task_command.py:410} INFO - Running <TaskInstance: fpl_gameweeks_etl.create_gw_stats_table manual__2025-11-07T18:51:19.900305+00:00 [running]> on host 49bf20bea3ae
[2025-11-07T18:51:27.488+0000] {taskinstance.py:1547} INFO - Exporting env vars: AIRFLOW_CTX_DAG_OWNER='richardilemon' AIRFLOW_CTX_DAG_ID='fpl_gameweeks_etl' AIRFLOW_CTX_TASK_ID='create_gw_stats_table' AIRFLOW_CTX_EXECUTION_DATE='2025-11-07T18:51:19.900305+00:00' AIRFLOW_CTX_TRY_NUMBER='1' AIRFLOW_CTX_DAG_RUN_ID='manual__2025-11-07T18:51:19.900305+00:00'
[2025-11-07T18:51:27.490+0000] {sql.py:265} INFO - Executing: 
            DROP TABLE IF EXISTS player_gameweek_stats;
            CREATE TABLE IF NOT EXISTS player_gameweek_stats (
                season TEXT,
                gameweek INTEGER,
                player_name TEXT,
                player_cost INTEGER,
                fixture_id INTEGER,
                opponent_team INTEGER,
                goals_scored INTEGER,
                assists INTEGER,
                clean_sheets INTEGER,
                goals_conceded INTEGER,
                own_goals INTEGER,
                penalties_saved INTEGER,
                penalties_missed INTEGER,
                red_cards INTEGER,
                yellow_cards INTEGER,
                big_chances_missed INTEGER,
                big_chances_created INTEGER,
                clearance_blocks_interceptions INTEGER,
                completed_passes INTEGER,
                dribbles INTEGER,
                errors_leading_to_goal INTEGER,
                fouls INTEGER,
                key_passes INTEGER,
                open_play_crosses INTEGER,
                was_home BOOLEAN,
                winning_goals INTEGER,
                PRIMARY KEY (season, gameweek, player_name)
            );
        
[2025-11-07T18:51:27.500+0000] {base.py:73} INFO - Using connection ID 'fpl_db_conn' for task execution.
[2025-11-07T18:51:27.570+0000] {base.py:73} INFO - Using connection ID 'fpl_db_conn' for task execution.
[2025-11-07T18:51:27.578+0000] {sql.py:375} INFO - Running statement: 
            DROP TABLE IF EXISTS player_gameweek_stats;
            CREATE TABLE IF NOT EXISTS player_gameweek_stats (
                season TEXT,
                gameweek INTEGER,
                player_name TEXT,
                player_cost INTEGER,
                fixture_id INTEGER,
                opponent_team INTEGER,
                goals_scored INTEGER,
                assists INTEGER,
                clean_sheets INTEGER,
                goals_conceded INTEGER,
                own_goals INTEGER,
                penalties_saved INTEGER,
                penalties_missed INTEGER,
                red_cards INTEGER,
                yellow_cards INTEGER,
                big_chances_missed INTEGER,
                big_chances_created INTEGER,
                clearance_blocks_interceptions INTEGER,
                completed_passes INTEGER,
                dribbles INTEGER,
                errors_leading_to_goal INTEGER,
                fouls INTEGER,
                key_passes INTEGER,
                open_play_crosses INTEGER,
                was_home BOOLEAN,
                winning_goals INTEGER,
                PRIMARY KEY (season, gameweek, player_name)
            );
        , parameters: None
[2025-11-07T18:51:27.613+0000] {taskinstance.py:1350} INFO - Marking task as SUCCESS. dag_id=fpl_gameweeks_etl, task_id=create_gw_stats_table, execution_date=20251107T185119, start_date=20251107T185127, end_date=20251107T185127
[2025-11-07T18:51:27.648+0000] {local_task_job_runner.py:225} INFO - Task exited with return code 0
[2025-11-07T18:51:27.719+0000] {taskinstance.py:2653} INFO - 8 downstream tasks scheduled from follow-on schedule check
