[2025-10-30T13:09:28.840+0000] {taskinstance.py:1103} INFO - Dependencies all met for dep_context=non-requeueable deps ti=<TaskInstance: fpl_teams_history_etl.load_parsed_teams_history_task manual__2025-10-30T13:09:18.264305+00:00 [queued]>
[2025-10-30T13:09:28.871+0000] {taskinstance.py:1103} INFO - Dependencies all met for dep_context=requeueable deps ti=<TaskInstance: fpl_teams_history_etl.load_parsed_teams_history_task manual__2025-10-30T13:09:18.264305+00:00 [queued]>
[2025-10-30T13:09:28.872+0000] {taskinstance.py:1308} INFO - Starting attempt 1 of 2
[2025-10-30T13:09:28.903+0000] {taskinstance.py:1327} INFO - Executing <Task(_PythonDecoratedOperator): load_parsed_teams_history_task> on 2025-10-30 13:09:18.264305+00:00
[2025-10-30T13:09:28.913+0000] {standard_task_runner.py:57} INFO - Started process 9431 to run task
[2025-10-30T13:09:28.919+0000] {standard_task_runner.py:84} INFO - Running: ['airflow', 'tasks', 'run', 'fpl_teams_history_etl', 'load_parsed_teams_history_task', 'manual__2025-10-30T13:09:18.264305+00:00', '--job-id', '2571', '--raw', '--subdir', 'DAGS_FOLDER/fpl_teams_history_etl.py', '--cfg-path', '/tmp/tmphkbgphd2']
[2025-10-30T13:09:28.921+0000] {standard_task_runner.py:85} INFO - Job 2571: Subtask load_parsed_teams_history_task
[2025-10-30T13:09:29.035+0000] {task_command.py:410} INFO - Running <TaskInstance: fpl_teams_history_etl.load_parsed_teams_history_task manual__2025-10-30T13:09:18.264305+00:00 [running]> on host 9cff18210c47
[2025-10-30T13:09:29.271+0000] {taskinstance.py:1547} INFO - Exporting env vars: AIRFLOW_CTX_DAG_OWNER='richardilemon' AIRFLOW_CTX_DAG_ID='fpl_teams_history_etl' AIRFLOW_CTX_TASK_ID='load_parsed_teams_history_task' AIRFLOW_CTX_EXECUTION_DATE='2025-10-30T13:09:18.264305+00:00' AIRFLOW_CTX_TRY_NUMBER='1' AIRFLOW_CTX_DAG_RUN_ID='manual__2025-10-30T13:09:18.264305+00:00'
[2025-10-30T13:09:29.289+0000] {base.py:73} INFO - Using connection ID 'fpl_db_conn' for task execution.
[2025-10-30T13:09:29.299+0000] {db_config.py:51} INFO - Database Connection Established
[2025-10-30T13:09:29.300+0000] {db_config.py:61} ERROR - Failed to connect to database: column "position" of relation "teams" does not exist
LINE 7:                 strength, position
                                  ^

[2025-10-30T13:09:29.301+0000] {taskinstance.py:1824} ERROR - Task failed with exception
Traceback (most recent call last):
  File "/home/airflow/.local/lib/python3.7/site-packages/airflow/decorators/base.py", line 220, in execute
    return_value = super().execute(context)
  File "/home/airflow/.local/lib/python3.7/site-packages/airflow/operators/python.py", line 181, in execute
    return_value = self.execute_callable()
  File "/home/airflow/.local/lib/python3.7/site-packages/airflow/operators/python.py", line 198, in execute_callable
    return self.python_callable(*self.op_args, **self.op_kwargs)
  File "/opt/airflow/dags/fpl_teams_history_etl.py", line 65, in load_parsed_teams_history_task
    return load_teams_history_records(parsed_teams_history)
  File "/opt/airflow/scripts/utils/db_config.py", line 53, in wrapper
    result = func(connection, *args, **kwargs)  # fetch_teams_data(_connection)
  File "/opt/airflow/scripts/load_teams_history.py", line 112, in load_teams_history_records
    row["position"],
psycopg2.errors.UndefinedColumn: column "position" of relation "teams" does not exist
LINE 7:                 strength, position
                                  ^

[2025-10-30T13:09:29.327+0000] {taskinstance.py:1350} INFO - Marking task as UP_FOR_RETRY. dag_id=fpl_teams_history_etl, task_id=load_parsed_teams_history_task, execution_date=20251030T130918, start_date=20251030T130928, end_date=20251030T130929
[2025-10-30T13:09:29.347+0000] {standard_task_runner.py:109} ERROR - Failed to execute job 2571 for task load_parsed_teams_history_task (column "position" of relation "teams" does not exist
LINE 7:                 strength, position
                                  ^
; 9431)
[2025-10-30T13:09:29.373+0000] {local_task_job_runner.py:225} INFO - Task exited with return code 1
[2025-10-30T13:09:29.404+0000] {taskinstance.py:2653} INFO - 0 downstream tasks scheduled from follow-on schedule check
