[2025-10-29T08:21:12.122+0000] {taskinstance.py:1103} INFO - Dependencies all met for dep_context=non-requeueable deps ti=<TaskInstance: fpl_gameweeks_etl.fetch_players_gw_task manual__2025-10-29T08:20:24.673651+00:00 map_index=6 [queued]>
[2025-10-29T08:21:12.213+0000] {taskinstance.py:1103} INFO - Dependencies all met for dep_context=requeueable deps ti=<TaskInstance: fpl_gameweeks_etl.fetch_players_gw_task manual__2025-10-29T08:20:24.673651+00:00 map_index=6 [queued]>
[2025-10-29T08:21:12.217+0000] {taskinstance.py:1308} INFO - Starting attempt 1 of 2
[2025-10-29T08:21:12.277+0000] {taskinstance.py:1327} INFO - Executing <Mapped(_PythonDecoratedOperator): fetch_players_gw_task> on 2025-10-29 08:20:24.673651+00:00
[2025-10-29T08:21:12.295+0000] {standard_task_runner.py:57} INFO - Started process 3037 to run task
[2025-10-29T08:21:12.312+0000] {standard_task_runner.py:84} INFO - Running: ['airflow', 'tasks', 'run', 'fpl_gameweeks_etl', 'fetch_players_gw_task', 'manual__2025-10-29T08:20:24.673651+00:00', '--job-id', '148', '--raw', '--subdir', 'DAGS_FOLDER/fpl_gameweeks_dag.py', '--cfg-path', '/tmp/tmpzxax30vz', '--map-index', '6']
[2025-10-29T08:21:12.314+0000] {standard_task_runner.py:85} INFO - Job 148: Subtask fetch_players_gw_task
[2025-10-29T08:21:13.269+0000] {task_command.py:410} INFO - Running <TaskInstance: fpl_gameweeks_etl.fetch_players_gw_task manual__2025-10-29T08:20:24.673651+00:00 map_index=6 [running]> on host dede24b5451e
[2025-10-29T08:21:14.272+0000] {taskinstance.py:1547} INFO - Exporting env vars: AIRFLOW_CTX_DAG_OWNER='richardilemon' AIRFLOW_CTX_DAG_ID='fpl_gameweeks_etl' AIRFLOW_CTX_TASK_ID='fetch_players_gw_task' AIRFLOW_CTX_EXECUTION_DATE='2025-10-29T08:20:24.673651+00:00' AIRFLOW_CTX_TRY_NUMBER='1' AIRFLOW_CTX_DAG_RUN_ID='manual__2025-10-29T08:20:24.673651+00:00'
[2025-10-29T08:21:14.274+0000] {taskinstance.py:1824} ERROR - Task failed with exception
Traceback (most recent call last):
  File "/home/airflow/.local/lib/python3.7/site-packages/airflow/decorators/base.py", line 220, in execute
    return_value = super().execute(context)
  File "/home/airflow/.local/lib/python3.7/site-packages/airflow/operators/python.py", line 181, in execute
    return_value = self.execute_callable()
  File "/home/airflow/.local/lib/python3.7/site-packages/airflow/operators/python.py", line 198, in execute_callable
    return self.python_callable(*self.op_args, **self.op_kwargs)
  File "/opt/airflow/dags/fpl_gameweeks_dag.py", line 110, in fetch_players_gw_task
    season, category=None, endpoint=endpoint, player_folder=player_folder
  File "/opt/airflow/scripts/utils/fetch_api_data.py", line 71, in fetch_data_from_api
    return list(csv.DictReader(StringIO(response.text)))
UnboundLocalError: local variable 'response' referenced before assignment
[2025-10-29T08:21:14.307+0000] {taskinstance.py:1350} INFO - Marking task as UP_FOR_RETRY. dag_id=fpl_gameweeks_etl, task_id=fetch_players_gw_task, map_index=6, execution_date=20251029T082024, start_date=20251029T082112, end_date=20251029T082114
[2025-10-29T08:21:14.332+0000] {standard_task_runner.py:109} ERROR - Failed to execute job 148 for task fetch_players_gw_task (local variable 'response' referenced before assignment; 3037)
[2025-10-29T08:21:14.368+0000] {local_task_job_runner.py:225} INFO - Task exited with return code 1
[2025-10-29T08:21:14.762+0000] {taskinstance.py:2653} INFO - 0 downstream tasks scheduled from follow-on schedule check
