[2025-11-07T18:51:32.991+0000] {taskinstance.py:1103} INFO - Dependencies all met for dep_context=non-requeueable deps ti=<TaskInstance: fpl_gameweeks_etl.fetch_players_gw_task manual__2025-11-07T18:51:19.900305+00:00 map_index=3 [queued]>
[2025-11-07T18:51:32.997+0000] {taskinstance.py:1103} INFO - Dependencies all met for dep_context=requeueable deps ti=<TaskInstance: fpl_gameweeks_etl.fetch_players_gw_task manual__2025-11-07T18:51:19.900305+00:00 map_index=3 [queued]>
[2025-11-07T18:51:32.998+0000] {taskinstance.py:1308} INFO - Starting attempt 1 of 2
[2025-11-07T18:51:33.015+0000] {taskinstance.py:1327} INFO - Executing <Mapped(_PythonDecoratedOperator): fetch_players_gw_task> on 2025-11-07 18:51:19.900305+00:00
[2025-11-07T18:51:33.018+0000] {standard_task_runner.py:57} INFO - Started process 17983 to run task
[2025-11-07T18:51:33.022+0000] {standard_task_runner.py:84} INFO - Running: ['airflow', 'tasks', 'run', 'fpl_gameweeks_etl', 'fetch_players_gw_task', 'manual__2025-11-07T18:51:19.900305+00:00', '--job-id', '247', '--raw', '--subdir', 'DAGS_FOLDER/fpl_gameweeks_dag.py', '--cfg-path', '/tmp/tmpjl_byall', '--map-index', '3']
[2025-11-07T18:51:33.023+0000] {standard_task_runner.py:85} INFO - Job 247: Subtask fetch_players_gw_task
[2025-11-07T18:51:33.063+0000] {task_command.py:410} INFO - Running <TaskInstance: fpl_gameweeks_etl.fetch_players_gw_task manual__2025-11-07T18:51:19.900305+00:00 map_index=3 [running]> on host 49bf20bea3ae
[2025-11-07T18:51:33.154+0000] {taskinstance.py:1547} INFO - Exporting env vars: AIRFLOW_CTX_DAG_OWNER='richardilemon' AIRFLOW_CTX_DAG_ID='fpl_gameweeks_etl' AIRFLOW_CTX_TASK_ID='fetch_players_gw_task' AIRFLOW_CTX_EXECUTION_DATE='2025-11-07T18:51:19.900305+00:00' AIRFLOW_CTX_TRY_NUMBER='1' AIRFLOW_CTX_DAG_RUN_ID='manual__2025-11-07T18:51:19.900305+00:00'
[2025-11-07T18:51:33.770+0000] {fetch_api_data.py:98} WARNING - Failed to fetch data for Petr_Cech_1: 404
[2025-11-07T18:51:34.371+0000] {fetch_api_data.py:98} WARNING - Failed to fetch data for Bernd_Leno_2: 404
[2025-11-07T18:51:34.992+0000] {fetch_api_data.py:98} WARNING - Failed to fetch data for Laurent_Koscielny_3: 404
[2025-11-07T18:51:35.581+0000] {fetch_api_data.py:98} WARNING - Failed to fetch data for Héctor_Bellerín_4: 404
[2025-11-07T18:51:36.165+0000] {fetch_api_data.py:98} WARNING - Failed to fetch data for Nacho_Monreal_5: 404
[2025-11-07T18:51:36.753+0000] {fetch_api_data.py:98} WARNING - Failed to fetch data for Rob_Holding_6: 404
[2025-11-07T18:51:37.375+0000] {fetch_api_data.py:98} WARNING - Failed to fetch data for Shkodran_Mustafi_7: 404
[2025-11-07T18:51:38.008+0000] {fetch_api_data.py:98} WARNING - Failed to fetch data for Sead_Kolasinac_8: 404
[2025-11-07T18:51:38.624+0000] {fetch_api_data.py:98} WARNING - Failed to fetch data for Konstantinos_Mavropanos_10: 404
[2025-11-07T18:51:39.201+0000] {fetch_api_data.py:98} WARNING - Failed to fetch data for Stephan_Lichtsteiner_11: 404
[2025-11-07T18:51:39.810+0000] {fetch_api_data.py:98} WARNING - Failed to fetch data for Sokratis_Papastathopoulos_12: 404
[2025-11-07T18:51:40.405+0000] {fetch_api_data.py:98} WARNING - Failed to fetch data for Mesut_Özil_13: 404
[2025-11-07T18:51:40.999+0000] {fetch_api_data.py:98} WARNING - Failed to fetch data for Aaron_Ramsey_14: 404
[2025-11-07T18:51:41.624+0000] {fetch_api_data.py:98} WARNING - Failed to fetch data for Alex_Iwobi_15: 404
[2025-11-07T18:51:42.240+0000] {fetch_api_data.py:98} WARNING - Failed to fetch data for Mohamed_Elneny_16: 404
[2025-11-07T18:51:42.890+0000] {fetch_api_data.py:98} WARNING - Failed to fetch data for Granit_Xhaka_17: 404
[2025-11-07T18:51:43.500+0000] {fetch_api_data.py:98} WARNING - Failed to fetch data for Henrikh_Mkhitaryan_18: 404
[2025-11-07T18:51:44.118+0000] {fetch_api_data.py:98} WARNING - Failed to fetch data for Reiss_Nelson_19: 404
[2025-11-07T18:51:44.691+0000] {fetch_api_data.py:98} WARNING - Failed to fetch data for Ainsley_Maitland-Niles_20: 404
[2025-11-07T18:51:45.307+0000] {fetch_api_data.py:98} WARNING - Failed to fetch data for Danny_Welbeck_21: 404
[2025-11-07T18:51:45.889+0000] {fetch_api_data.py:98} WARNING - Failed to fetch data for Alexandre_Lacazette_22: 404
[2025-11-07T18:51:46.488+0000] {fetch_api_data.py:98} WARNING - Failed to fetch data for Pierre-Emerick_Aubameyang_23: 404
[2025-11-07T18:51:47.064+0000] {fetch_api_data.py:98} WARNING - Failed to fetch data for Lucas_Torreira_450: 404
[2025-11-07T18:51:47.661+0000] {fetch_api_data.py:98} WARNING - Failed to fetch data for Matteo_Guendouzi_451: 404
[2025-11-07T18:51:48.258+0000] {fetch_api_data.py:98} WARNING - Failed to fetch data for Emiliano_Martínez_542: 404
[2025-11-07T18:51:48.872+0000] {fetch_api_data.py:98} WARNING - Failed to fetch data for Emile_Smith-Rowe_545: 404
[2025-11-07T18:51:49.481+0000] {fetch_api_data.py:98} WARNING - Failed to fetch data for Zech_Medley_546: 404
[2025-11-07T18:51:50.076+0000] {fetch_api_data.py:98} WARNING - Failed to fetch data for Edward_Nketiah_552: 404
[2025-11-07T18:51:50.703+0000] {fetch_api_data.py:98} WARNING - Failed to fetch data for Bukayo_Saka_563: 404
[2025-11-07T18:51:51.325+0000] {fetch_api_data.py:98} WARNING - Failed to fetch data for Joseph_Willock_566: 404
[2025-11-07T18:51:51.931+0000] {fetch_api_data.py:98} WARNING - Failed to fetch data for Carl_Jenkinson_581: 404
[2025-11-07T18:51:52.560+0000] {fetch_api_data.py:98} WARNING - Failed to fetch data for Denis_Suárez_586: 404
[2025-11-07T18:51:53.167+0000] {fetch_api_data.py:98} WARNING - Failed to fetch data for Asmir_Begovic_24: 404
[2025-11-07T18:51:53.786+0000] {fetch_api_data.py:98} WARNING - Failed to fetch data for Artur_Boruc_25: 404
[2025-11-07T18:51:54.402+0000] {fetch_api_data.py:98} WARNING - Failed to fetch data for Simon_Francis_26: 404
[2025-11-07T18:51:55.002+0000] {fetch_api_data.py:98} WARNING - Failed to fetch data for Steve_Cook_27: 404
[2025-11-07T18:51:55.596+0000] {fetch_api_data.py:98} WARNING - Failed to fetch data for Charlie_Daniels_28: 404
[2025-11-07T18:51:56.181+0000] {fetch_api_data.py:98} WARNING - Failed to fetch data for Adam_Smith_29: 404
[2025-11-07T18:51:56.797+0000] {fetch_api_data.py:98} WARNING - Failed to fetch data for Tyrone_Mings_30: 404
[2025-11-07T18:51:57.387+0000] {fetch_api_data.py:98} WARNING - Failed to fetch data for Nathan_Aké_31: 404
[2025-11-07T18:51:57.970+0000] {fetch_api_data.py:98} WARNING - Failed to fetch data for Jack_Simpson_32: 404
[2025-11-07T18:51:58.568+0000] {fetch_api_data.py:98} WARNING - Failed to fetch data for Marc_Pugh_34: 404
[2025-11-07T18:51:59.174+0000] {fetch_api_data.py:98} WARNING - Failed to fetch data for Andrew_Surman_35: 404
[2025-11-07T18:51:59.791+0000] {fetch_api_data.py:98} WARNING - Failed to fetch data for Junior_Stanislas_36: 404
[2025-11-07T18:52:00.379+0000] {fetch_api_data.py:98} WARNING - Failed to fetch data for Dan_Gosling_37: 404
[2025-11-07T18:52:00.968+0000] {fetch_api_data.py:98} WARNING - Failed to fetch data for Jordon_Ibe_38: 404
[2025-11-07T18:52:01.559+0000] {fetch_api_data.py:98} WARNING - Failed to fetch data for Lewis_Cook_39: 404
[2025-11-07T18:52:02.148+0000] {fetch_api_data.py:98} WARNING - Failed to fetch data for Ryan_Fraser_40: 404
[2025-11-07T18:52:02.782+0000] {fetch_api_data.py:98} WARNING - Failed to fetch data for Emerson_Hyndman_41: 404
[2025-11-07T18:52:03.392+0000] {fetch_api_data.py:98} WARNING - Failed to fetch data for David_Brooks_42: 404
[2025-11-07T18:52:03.966+0000] {fetch_api_data.py:98} WARNING - Failed to fetch data for Callum_Wilson_43: 404
[2025-11-07T18:52:04.589+0000] {fetch_api_data.py:98} WARNING - Failed to fetch data for Lys_Mousset_44: 404
[2025-11-07T18:52:05.186+0000] {fetch_api_data.py:98} WARNING - Failed to fetch data for Joshua_King_45: 404
[2025-11-07T18:52:05.809+0000] {fetch_api_data.py:98} WARNING - Failed to fetch data for Jermain_Defoe_46: 404
[2025-11-07T18:52:06.402+0000] {fetch_api_data.py:98} WARNING - Failed to fetch data for Nathaniel_Clyne_241: 404
[2025-11-07T18:52:07.035+0000] {fetch_api_data.py:98} WARNING - Failed to fetch data for Dominic_Solanke_259: 404
[2025-11-07T18:52:07.630+0000] {fetch_api_data.py:98} WARNING - Failed to fetch data for Diego_Rico_473: 404
[2025-11-07T18:52:08.239+0000] {fetch_api_data.py:98} WARNING - Failed to fetch data for Jefferson_Lerma_494: 404
[2025-11-07T18:52:08.824+0000] {fetch_api_data.py:98} WARNING - Failed to fetch data for Chris_Mepham_580: 404
[2025-11-07T18:52:09.408+0000] {fetch_api_data.py:98} WARNING - Failed to fetch data for Sam_Surridge_599: 404
[2025-11-07T18:52:09.997+0000] {fetch_api_data.py:98} WARNING - Failed to fetch data for Kyle_Taylor_600: 404
[2025-11-07T18:52:10.609+0000] {fetch_api_data.py:98} WARNING - Failed to fetch data for Nnamdi_Ofoborh_613: 404
[2025-11-07T18:52:11.207+0000] {fetch_api_data.py:98} WARNING - Failed to fetch data for Mark_Travers_616: 404
[2025-11-07T18:52:11.817+0000] {fetch_api_data.py:98} WARNING - Failed to fetch data for Matt_Butcher_620: 404
[2025-11-07T18:52:12.437+0000] {fetch_api_data.py:98} WARNING - Failed to fetch data for Mathew_Ryan_47: 404
[2025-11-07T18:52:13.048+0000] {fetch_api_data.py:98} WARNING - Failed to fetch data for Lewis_Dunk_48: 404
[2025-11-07T18:52:13.657+0000] {fetch_api_data.py:98} WARNING - Failed to fetch data for Shane_Duffy_49: 404
[2025-11-07T18:52:14.284+0000] {fetch_api_data.py:98} WARNING - Failed to fetch data for Bruno_Saltor Grau_50: 404
[2025-11-07T18:52:14.960+0000] {fetch_api_data.py:98} WARNING - Failed to fetch data for Gaëtan_Bong_51: 404
[2025-11-07T18:52:15.563+0000] {fetch_api_data.py:98} WARNING - Failed to fetch data for Markus_Suttner_52: 404
[2025-11-07T18:52:16.142+0000] {fetch_api_data.py:98} WARNING - Failed to fetch data for Ezequiel_Schelotto_53: 404
[2025-11-07T18:52:16.780+0000] {fetch_api_data.py:98} WARNING - Failed to fetch data for Leon_Balogun_54: 404
[2025-11-07T18:52:17.408+0000] {fetch_api_data.py:98} WARNING - Failed to fetch data for Anthony_Knockaert_55: 404
[2025-11-07T18:52:17.998+0000] {fetch_api_data.py:98} WARNING - Failed to fetch data for Dale_Stephens_56: 404
[2025-11-07T18:52:18.585+0000] {fetch_api_data.py:98} WARNING - Failed to fetch data for Beram_Kayal_57: 404
[2025-11-07T18:52:19.192+0000] {fetch_api_data.py:98} WARNING - Failed to fetch data for Solomon_March_58: 404
[2025-11-07T18:52:19.795+0000] {fetch_api_data.py:98} WARNING - Failed to fetch data for Pascal_Groß_59: 404
[2025-11-07T18:52:20.413+0000] {fetch_api_data.py:98} WARNING - Failed to fetch data for Davy_Pröpper_60: 404
[2025-11-07T18:52:21.035+0000] {fetch_api_data.py:98} WARNING - Failed to fetch data for José Heriberto_Izquierdo Mena_61: 404
[2025-11-07T18:52:21.638+0000] {fetch_api_data.py:98} WARNING - Failed to fetch data for Glenn_Murray_62: 404
[2025-11-07T18:52:22.219+0000] {fetch_api_data.py:98} WARNING - Failed to fetch data for Tomer_Hemed_63: 404
[2025-11-07T18:52:22.788+0000] {fetch_api_data.py:98} WARNING - Failed to fetch data for Sam_Baldock_64: 404
[2025-11-07T18:52:23.422+0000] {fetch_api_data.py:98} WARNING - Failed to fetch data for Jürgen_Locadia_65: 404
[2025-11-07T18:52:24.022+0000] {fetch_api_data.py:98} WARNING - Failed to fetch data for Florin_Andone_66: 404
[2025-11-07T18:52:24.603+0000] {fetch_api_data.py:98} WARNING - Failed to fetch data for David_Button_179: 404
[2025-11-07T18:52:25.245+0000] {fetch_api_data.py:98} WARNING - Failed to fetch data for Jason_Steele_439: 404
[2025-11-07T18:52:25.818+0000] {fetch_api_data.py:98} WARNING - Failed to fetch data for Bernardo_Fernandes da Silva Junior_440: 404
[2025-11-07T18:52:26.442+0000] {fetch_api_data.py:98} WARNING - Failed to fetch data for Yves_Bissouma_466: 404
[2025-11-07T18:52:27.038+0000] {fetch_api_data.py:98} WARNING - Failed to fetch data for Alireza_Jahanbakhsh_476: 404
[2025-11-07T18:52:27.630+0000] {fetch_api_data.py:98} WARNING - Failed to fetch data for Martín_Montoya_503: 404
[2025-11-07T18:52:28.238+0000] {fetch_api_data.py:98} WARNING - Failed to fetch data for Viktor_Gyokeres_551: 404
[2025-11-07T18:52:28.863+0000] {fetch_api_data.py:98} WARNING - Failed to fetch data for Ben_White_559: 404
[2025-11-07T18:52:29.496+0000] {fetch_api_data.py:98} WARNING - Failed to fetch data for Max_Sanders_572: 404
[2025-11-07T18:52:30.103+0000] {fetch_api_data.py:98} WARNING - Failed to fetch data for Dan_Burn_582: 404
[2025-11-07T18:52:30.701+0000] {fetch_api_data.py:98} WARNING - Failed to fetch data for Jayson_Molumby_617: 404
[2025-11-07T18:52:31.279+0000] {fetch_api_data.py:98} WARNING - Failed to fetch data for Tom_Heaton_67: 404
[2025-11-07T18:52:31.910+0000] {fetch_api_data.py:98} WARNING - Failed to fetch data for Nick_Pope_68: 404
[2025-11-07T18:52:32.522+0000] {fetch_api_data.py:98} WARNING - Failed to fetch data for Matthew_Lowton_69: 404
[2025-11-07T18:52:33.110+0000] {fetch_api_data.py:98} WARNING - Failed to fetch data for Ben_Mee_70: 404
[2025-11-07T18:52:33.686+0000] {fetch_api_data.py:98} WARNING - Failed to fetch data for Stephen_Ward_71: 404
[2025-11-07T18:52:34.271+0000] {fetch_api_data.py:98} WARNING - Failed to fetch data for James_Tarkowski_72: 404
[2025-11-07T18:52:34.873+0000] {fetch_api_data.py:98} WARNING - Failed to fetch data for Kevin_Long_73: 404
[2025-11-07T18:52:35.457+0000] {fetch_api_data.py:98} WARNING - Failed to fetch data for Charlie_Taylor_74: 404
[2025-11-07T18:52:36.070+0000] {fetch_api_data.py:98} WARNING - Failed to fetch data for Phil_Bardsley_75: 404
[2025-11-07T18:52:36.692+0000] {fetch_api_data.py:98} WARNING - Failed to fetch data for Johann Berg_Gudmundsson_76: 404
[2025-11-07T18:52:37.300+0000] {fetch_api_data.py:98} WARNING - Failed to fetch data for Steven_Defour_77: 404
[2025-11-07T18:52:37.879+0000] {fetch_api_data.py:98} WARNING - Failed to fetch data for Jeff_Hendrick_78: 404
[2025-11-07T18:52:38.503+0000] {fetch_api_data.py:98} WARNING - Failed to fetch data for Robbie_Brady_79: 404
[2025-11-07T18:52:39.107+0000] {fetch_api_data.py:98} WARNING - Failed to fetch data for Ashley_Westwood_80: 404
[2025-11-07T18:52:39.682+0000] {fetch_api_data.py:98} WARNING - Failed to fetch data for Jonathan_Walters_81: 404
[2025-11-07T18:52:40.277+0000] {fetch_api_data.py:98} WARNING - Failed to fetch data for Jack_Cork_82: 404
[2025-11-07T18:52:40.889+0000] {fetch_api_data.py:98} WARNING - Failed to fetch data for Aaron_Lennon_83: 404
[2025-11-07T18:52:41.502+0000] {fetch_api_data.py:98} WARNING - Failed to fetch data for Sam_Vokes_84: 404
[2025-11-07T18:52:42.105+0000] {fetch_api_data.py:98} WARNING - Failed to fetch data for Ashley_Barnes_85: 404
[2025-11-07T18:52:42.727+0000] {fetch_api_data.py:98} WARNING - Failed to fetch data for Nahki_Wells_86: 404
[2025-11-07T18:52:43.304+0000] {fetch_api_data.py:98} WARNING - Failed to fetch data for Chris_Wood_87: 404
[2025-11-07T18:52:43.907+0000] {fetch_api_data.py:98} WARNING - Failed to fetch data for Anders_Lindegaard_485: 404
[2025-11-07T18:52:44.519+0000] {fetch_api_data.py:98} WARNING - Failed to fetch data for Joe_Hart_490: 404
[2025-11-07T18:52:45.146+0000] {fetch_api_data.py:98} WARNING - Failed to fetch data for Ben_Gibson_491: 404
[2025-11-07T18:52:45.743+0000] {fetch_api_data.py:98} WARNING - Failed to fetch data for Matej_Vydra_495: 404
[2025-11-07T18:52:46.369+0000] {fetch_api_data.py:98} WARNING - Failed to fetch data for Dwight_McNeil_534: 404
[2025-11-07T18:52:46.934+0000] {fetch_api_data.py:98} WARNING - Failed to fetch data for Abd-Al-Ali Morakinyo Olaposi_Koiki_564: 404
[2025-11-07T18:52:47.504+0000] {fetch_api_data.py:98} WARNING - Failed to fetch data for Josh_Benson_583: 404
[2025-11-07T18:52:48.109+0000] {fetch_api_data.py:98} WARNING - Failed to fetch data for Peter_Crouch_590: 404
[2025-11-07T18:52:48.709+0000] {fetch_api_data.py:98} WARNING - Failed to fetch data for Anthony_Driscoll-Glennon_615: 404
[2025-11-07T18:52:49.345+0000] {fetch_api_data.py:98} WARNING - Failed to fetch data for Harry_Arter_33: 404
[2025-11-07T18:52:49.924+0000] {fetch_api_data.py:98} WARNING - Failed to fetch data for Neil_Etheridge_88: 404
[2025-11-07T18:52:50.517+0000] {fetch_api_data.py:98} WARNING - Failed to fetch data for Alex_Smithies_89: 404
[2025-11-07T18:52:51.159+0000] {fetch_api_data.py:98} WARNING - Failed to fetch data for Sean_Morrison_90: 404
[2025-11-07T18:52:51.773+0000] {fetch_api_data.py:98} WARNING - Failed to fetch data for Sol_Bamba_91: 404
[2025-11-07T18:52:52.374+0000] {fetch_api_data.py:98} WARNING - Failed to fetch data for Bruno_Ecuele Manga_92: 404
[2025-11-07T18:52:53.110+0000] {fetch_api_data.py:98} WARNING - Failed to fetch data for Matthew_Connolly_93: 404
[2025-11-07T18:52:53.821+0000] {fetch_api_data.py:98} WARNING - Failed to fetch data for Joe_Bennett_94: 404
[2025-11-07T18:52:54.426+0000] {fetch_api_data.py:98} WARNING - Failed to fetch data for Lee_Peltier_95: 404
[2025-11-07T18:52:55.010+0000] {fetch_api_data.py:98} WARNING - Failed to fetch data for Ashley Darel Jazz_Richards_96: 404
[2025-11-07T18:52:55.622+0000] {fetch_api_data.py:98} WARNING - Failed to fetch data for Greg_Halford_97: 404
[2025-11-07T18:52:56.197+0000] {fetch_api_data.py:98} WARNING - Failed to fetch data for Joe_Ralls_98: 404
[2025-11-07T18:52:56.909+0000] {fetch_api_data.py:98} WARNING - Failed to fetch data for David Junior_Hoilett_99: 404
[2025-11-07T18:52:57.516+0000] {fetch_api_data.py:98} WARNING - Failed to fetch data for Nathaniel_Mendez-Laing_100: 404
[2025-11-07T18:52:58.133+0000] {fetch_api_data.py:98} WARNING - Failed to fetch data for Callum_Paterson_101: 404
[2025-11-07T18:52:58.741+0000] {fetch_api_data.py:98} WARNING - Failed to fetch data for Aron_Gunnarsson_102: 404
[2025-11-07T18:52:59.354+0000] {fetch_api_data.py:98} WARNING - Failed to fetch data for Anthony_Pilkington_103: 404
[2025-11-07T18:52:59.943+0000] {fetch_api_data.py:98} WARNING - Failed to fetch data for Loïc_Damour_104: 404
[2025-11-07T18:53:00.542+0000] {fetch_api_data.py:98} WARNING - Failed to fetch data for Danny_Ward_105: 404
[2025-11-07T18:53:01.173+0000] {fetch_api_data.py:98} WARNING - Failed to fetch data for Josh_Murphy_106: 404
[2025-11-07T18:53:01.747+0000] {fetch_api_data.py:98} WARNING - Failed to fetch data for Kenneth_Zohore_107: 404
[2025-11-07T18:53:02.346+0000] {fetch_api_data.py:98} WARNING - Failed to fetch data for Omar_Bogle_108: 404
[2025-11-07T18:53:02.957+0000] {fetch_api_data.py:98} WARNING - Failed to fetch data for Gary_Madine_109: 404
[2025-11-07T18:53:03.572+0000] {fetch_api_data.py:98} WARNING - Failed to fetch data for Bobby_Reid_110: 404
[2025-11-07T18:53:04.188+0000] {fetch_api_data.py:98} WARNING - Failed to fetch data for Oumar_Niasse_176: 404
[2025-11-07T18:53:04.782+0000] {fetch_api_data.py:98} WARNING - Failed to fetch data for Greg_Cunninghamm_467: 404
[2025-11-07T18:53:05.404+0000] {fetch_api_data.py:98} WARNING - Failed to fetch data for Víctor_Camarasa_504: 404
[2025-11-07T18:53:06.011+0000] {fetch_api_data.py:98} WARNING - Failed to fetch data for Kadeem_Harris_535: 404
[2025-11-07T18:53:06.595+0000] {fetch_api_data.py:98} WARNING - Failed to fetch data for Brian_Murphy_537: 404
[2025-11-07T18:53:07.192+0000] {fetch_api_data.py:98} WARNING - Failed to fetch data for Rhys_Healey_573: 404
[2025-11-07T18:53:07.804+0000] {fetch_api_data.py:98} WARNING - Failed to fetch data for Leandro_Bacuna_589: 404
[2025-11-07T18:53:08.394+0000] {fetch_api_data.py:98} WARNING - Failed to fetch data for Thibaut_Courtois_111: 404
[2025-11-07T18:53:08.998+0000] {fetch_api_data.py:98} WARNING - Failed to fetch data for Willy_Caballero_112: 404
[2025-11-07T18:53:09.576+0000] {fetch_api_data.py:98} WARNING - Failed to fetch data for César_Azpilicueta_113: 404
[2025-11-07T18:53:10.180+0000] {fetch_api_data.py:98} WARNING - Failed to fetch data for Gary_Cahill_114: 404
[2025-11-07T18:53:10.791+0000] {fetch_api_data.py:98} WARNING - Failed to fetch data for Marcos_Alonso_115: 404
[2025-11-07T18:53:11.398+0000] {fetch_api_data.py:98} WARNING - Failed to fetch data for David_Luiz Moreira Marinho_116: 404
[2025-11-07T18:53:11.995+0000] {fetch_api_data.py:98} WARNING - Failed to fetch data for Victor_Moses_117: 404
[2025-11-07T18:53:12.608+0000] {fetch_api_data.py:98} WARNING - Failed to fetch data for Antonio_Rüdiger_118: 404
[2025-11-07T18:53:13.173+0000] {fetch_api_data.py:98} WARNING - Failed to fetch data for Andreas_Christensen_119: 404
[2025-11-07T18:53:13.753+0000] {fetch_api_data.py:98} WARNING - Failed to fetch data for Davide_Zappacosta_120: 404
[2025-11-07T18:53:14.358+0000] {fetch_api_data.py:98} WARNING - Failed to fetch data for Emerson_Palmieri dos Santos_121: 404
[2025-11-07T18:53:14.953+0000] {fetch_api_data.py:98} WARNING - Failed to fetch data for Eden_Hazard_122: 404
[2025-11-07T18:53:15.541+0000] {fetch_api_data.py:98} WARNING - Failed to fetch data for Cesc_Fàbregas_123: 404
[2025-11-07T18:53:16.184+0000] {fetch_api_data.py:98} WARNING - Failed to fetch data for Willian_Borges Da Silva_124: 404
[2025-11-07T18:53:16.797+0000] {fetch_api_data.py:98} WARNING - Failed to fetch data for Pedro_Rodríguez Ledesma_125: 404
[2025-11-07T18:53:17.412+0000] {fetch_api_data.py:98} WARNING - Failed to fetch data for N'Golo_Kanté_126: 404
[2025-11-07T18:53:18.044+0000] {fetch_api_data.py:98} WARNING - Failed to fetch data for Ross_Barkley_127: 404
[2025-11-07T18:53:18.636+0000] {fetch_api_data.py:98} WARNING - Failed to fetch data for Daniel_Drinkwater_128: 404
[2025-11-07T18:53:19.241+0000] {fetch_api_data.py:98} WARNING - Failed to fetch data for Tiemoué_Bakayoko_129: 404
[2025-11-07T18:53:19.819+0000] {fetch_api_data.py:98} WARNING - Failed to fetch data for Ethan_Ampadu_130: 404
[2025-11-07T18:53:20.409+0000] {fetch_api_data.py:98} WARNING - Failed to fetch data for Callum_Hudson-Odoi_131: 404
[2025-11-07T18:53:21.043+0000] {fetch_api_data.py:92} INFO - Players Data --> [OrderedDict([('assists', '0'), ('bonus', '0'), ('bps', '0'), ('clean_sheets', '0'), ('creativity', '0.0'), ('element', '132'), ('fixture', '3'), ('goals_conceded', '0'), ('goals_scored', '0'), ('ict_index', '0.0'), ('influence', '0.0'), ('kickoff_time', '2021-08-14T14:00:00Z'), ('minutes', '0'), ('opponent_team', '7'), ('own_goals', '0'), ('penalties_missed', '0'), ('penalties_saved', '0'), ('red_cards', '0'), ('round', '1'), ('saves', '0'), ('selected', '7043'), ('team_a_score', '0'), ('team_h_score', '3'), ('threat', '0.0'), ('total_points', '0'), ('transfers_balance', '0'), ('transfers_in', '0'), ('transfers_out', '0'), ('value', '55'), ('was_home', 'True'), ('yellow_cards', '0')]), OrderedDict([('assists', '0'), ('bonus', '0'), ('bps', '0'), ('clean_sheets', '0'), ('creativity', '0.0'), ('element', '132'), ('fixture', '18'), ('goals_conceded', '0'), ('goals_scored', '0'), ('ict_index', '0.0'), ('influence', '0.0'), ('kickoff_time', '2021-08-22T15:30:00Z'), ('minutes', '0'), ('opponent_team', '1'), ('own_goals', '0'), ('penalties_missed', '0'), ('penalties_saved', '0'), ('red_cards', '0'), ('round', '2'), ('saves', '0'), ('selected', '6439'), ('team_a_score', '2'), ('team_h_score', '0'), ('threat', '0.0'), ('total_points', '0'), ('transfers_balance', '-1646'), ('transfers_in', '111'), ('transfers_out', '1757'), ('value', '55'), ('was_home', 'False'), ('yellow_cards', '0')]), OrderedDict([('assists', '0'), ('bonus', '0'), ('bps', '0'), ('clean_sheets', '0'), ('creativity', '0.0'), ('element', '132'), ('fixture', '23'), ('goals_conceded', '0'), ('goals_scored', '0'), ('ict_index', '0.0'), ('influence', '0.0'), ('kickoff_time', '2021-08-28T16:30:00Z'), ('minutes', '0'), ('opponent_team', '11'), ('own_goals', '0'), ('penalties_missed', '0'), ('penalties_saved', '0'), ('red_cards', '0'), ('round', '3'), ('saves', '0'), ('selected', '5094'), ('team_a_score', '1'), ('team_h_score', '1'), ('threat', '0.0'), ('total_points', '0'), ('transfers_balance', '-1421'), ('transfers_in', '26'), ('transfers_out', '1447'), ('value', '54'), ('was_home', 'False'), ('yellow_cards', '0')]), OrderedDict([('assists', '0'), ('bonus', '0'), ('bps', '0'), ('clean_sheets', '0'), ('creativity', '0.0'), ('element', '132'), ('fixture', '33'), ('goals_conceded', '0'), ('goals_scored', '0'), ('ict_index', '0.0'), ('influence', '0.0'), ('kickoff_time', '2021-09-11T16:30:00Z'), ('minutes', '0'), ('opponent_team', '2'), ('own_goals', '0'), ('penalties_missed', '0'), ('penalties_saved', '0'), ('red_cards', '0'), ('round', '4'), ('saves', '0'), ('selected', '5008'), ('team_a_score', '0'), ('team_h_score', '3'), ('threat', '0.0'), ('total_points', '0'), ('transfers_balance', '-379'), ('transfers_in', '191'), ('transfers_out', '570'), ('value', '54'), ('was_home', 'True'), ('yellow_cards', '0')]), OrderedDict([('assists', '0'), ('bonus', '0'), ('bps', '0'), ('clean_sheets', '0'), ('creativity', '0.0'), ('element', '132'), ('fixture', '48'), ('goals_conceded', '0'), ('goals_scored', '0'), ('ict_index', '0.0'), ('influence', '0.0'), ('kickoff_time', '2021-09-19T15:30:00Z'), ('minutes', '0'), ('opponent_team', '17'), ('own_goals', '0'), ('penalties_missed', '0'), ('penalties_saved', '0'), ('red_cards', '0'), ('round', '5'), ('saves', '0'), ('selected', '4987'), ('team_a_score', '3'), ('team_h_score', '0'), ('threat', '0.0'), ('total_points', '0'), ('transfers_balance', '-194'), ('transfers_in', '196'), ('transfers_out', '390'), ('value', '54'), ('was_home', 'False'), ('yellow_cards', '0')]), OrderedDict([('assists', '0'), ('bonus', '0'), ('bps', '4'), ('clean_sheets', '0'), ('creativity', '0.8'), ('element', '132'), ('fixture', '53'), ('goals_conceded', '0'), ('goals_scored', '0'), ('ict_index', '0.4'), ('influence', '3.6'), ('kickoff_time', '2021-09-25T11:30:00Z'), ('minutes', '14'), ('opponent_team', '12'), ('own_goals', '0'), ('penalties_missed', '0'), ('penalties_saved', '0'), ('red_cards', '0'), ('round', '6'), ('saves', '0'), ('selected', '4897'), ('team_a_score', '1'), ('team_h_score', '0'), ('threat', '0.0'), ('total_points', '1'), ('transfers_balance', '-209'), ('transfers_in', '161'), ('transfers_out', '370'), ('value', '54'), ('was_home', 'True'), ('yellow_cards', '0')]), OrderedDict([('assists', '1'), ('bonus', '1'), ('bps', '25'), ('clean_sheets', '0'), ('creativity', '21.9'), ('element', '132'), ('fixture', '63'), ('goals_conceded', '1'), ('goals_scored', '0'), ('ict_index', '5.9'), ('influence', '27.6'), ('kickoff_time', '2021-10-02T14:00:00Z'), ('minutes', '82'), ('opponent_team', '16'), ('own_goals', '0'), ('penalties_missed', '0'), ('penalties_saved', '0'), ('red_cards', '0'), ('round', '7'), ('saves', '0'), ('selected', '5392'), ('team_a_score', '1'), ('team_h_score', '3'), ('threat', '9.0'), ('total_points', '6'), ('transfers_balance', '319'), ('transfers_in', '593'), ('transfers_out', '274'), ('value', '54'), ('was_home', 'True'), ('yellow_cards', '0')]), OrderedDict([('assists', '0'), ('bonus', '0'), ('bps', '15'), ('clean_sheets', '1'), ('creativity', '8.8'), ('element', '132'), ('fixture', '73'), ('goals_conceded', '0'), ('goals_scored', '0'), ('ict_index', '3.3'), ('influence', '23.8'), ('kickoff_time', '2021-10-16T16:30:00Z'), ('minutes', '90'), ('opponent_team', '3'), ('own_goals', '0'), ('penalties_missed', '0'), ('penalties_saved', '0'), ('red_cards', '0'), ('round', '8'), ('saves', '0'), ('selected', '7486'), ('team_a_score', '1'), ('team_h_score', '0'), ('threat', '0.0'), ('total_points', '3'), ('transfers_balance', '1652'), ('transfers_in', '2220'), ('transfers_out', '568'), ('value', '54'), ('was_home', 'False'), ('yellow_cards', '0')]), OrderedDict([('assists', '1'), ('bonus', '0'), ('bps', '17'), ('clean_sheets', '0'), ('creativity', '11.4'), ('element', '132'), ('fixture', '84'), ('goals_conceded', '0'), ('goals_scored', '0'), ('ict_index', '5.7'), ('influence', '29.8'), ('kickoff_time', '2021-10-23T11:30:00Z'), ('minutes', '26'), ('opponent_team', '15'), ('own_goals', '0'), ('penalties_missed', '0'), ('penalties_saved', '0'), ('red_cards', '0'), ('round', '9'), ('saves', '0'), ('selected', '12746'), ('team_a_score', '0'), ('team_h_score', '7'), ('threat', '16.0'), ('total_points', '4'), ('transfers_balance', '4862'), ('transfers_in', '6039'), ('transfers_out', '1177'), ('value', '54'), ('was_home', 'True'), ('yellow_cards', '0')]), OrderedDict([('assists', '1'), ('bonus', '0'), ('bps', '11'), ('clean_sheets', '0'), ('creativity', '3.4'), ('element', '132'), ('fixture', '96'), ('goals_conceded', '0'), ('goals_scored', '0'), ('ict_index', '2.7'), ('influence', '5.8'), ('kickoff_time', '2021-10-30T14:00:00Z'), ('minutes', '26'), ('opponent_team', '14'), ('own_goals', '0'), ('penalties_missed', '0'), ('penalties_saved', '0'), ('red_cards', '0'), ('round', '10'), ('saves', '0'), ('selected', '12923'), ('team_a_score', '3'), ('team_h_score', '0'), ('threat', '18.0'), ('total_points', '4'), ('transfers_balance', '161'), ('transfers_in', '3526'), ('transfers_out', '3365'), ('value', '54'), ('was_home', 'False'), ('yellow_cards', '0')]), OrderedDict([('assists', '0'), ('bonus', '0'), ('bps', '1'), ('clean_sheets', '0'), ('creativity', '1.1'), ('element', '132'), ('fixture', '104'), ('goals_conceded', '1'), ('goals_scored', '0'), ('ict_index', '0.5'), ('influence', '2.2'), ('kickoff_time', '2021-11-06T15:00:00Z'), ('minutes', '17'), ('opponent_team', '5'), ('own_goals', '0'), ('penalties_missed', '0'), ('penalties_saved', '0'), ('red_cards', '0'), ('round', '11'), ('saves', '0'), ('selected', '15564'), ('team_a_score', '1'), ('team_h_score', '1'), ('threat', '2.0'), ('total_points', '1'), ('transfers_balance', '2262'), ('transfers_in', '3917'), ('transfers_out', '1655'), ('value', '54'), ('was_home', 'True'), ('yellow_cards', '0')]), OrderedDict([('assists', '0'), ('bonus', '0'), ('bps', '3'), ('clean_sheets', '0'), ('creativity', '0.6'), ('element', '132'), ('fixture', '113'), ('goals_conceded', '0'), ('goals_scored', '0'), ('ict_index', '0.3'), ('influence', '2.8'), ('kickoff_time', '2021-11-20T12:30:00Z'), ('minutes', '13'), ('opponent_team', '9'), ('own_goals', '0'), ('penalties_missed', '0'), ('penalties_saved', '0'), ('red_cards', '0'), ('round', '12'), ('saves', '0'), ('selected', '14785'), ('team_a_score', '3'), ('team_h_score', '0'), ('threat', '0.0'), ('total_points', '1'), ('transfers_balance', '-1021'), ('transfers_in', '1963'), ('transfers_out', '2984'), ('value', '54'), ('was_home', 'False'), ('yellow_cards', '0')]), OrderedDict([('assists', '0'), ('bonus', '0'), ('bps', '10'), ('clean_sheets', '0'), ('creativity', '3.8'), ('element', '132'), ('fixture', '125'), ('goals_conceded', '1'), ('goals_scored', '0'), ('ict_index', '2.5'), ('influence', '4.8'), ('kickoff_time', '2021-11-28T16:30:00Z'), ('minutes', '90'), ('opponent_team', '13'), ('own_goals', '0'), ('penalties_missed', '0'), ('penalties_saved', '0'), ('red_cards', '0'), ('round', '13'), ('saves', '0'), ('selected', '14306'), ('team_a_score', '1'), ('team_h_score', '1'), ('threat', '16.0'), ('total_points', '2'), ('transfers_balance', '-629'), ('transfers_in', '1743'), ('transfers_out', '2372'), ('value', '54'), ('was_home', 'True'), ('yellow_cards', '0')]), OrderedDict([('assists', '0'), ('bonus', '0'), ('bps', '9'), ('clean_sheets', '0'), ('creativity', '16.3'), ('element', '132'), ('fixture', '135'), ('goals_conceded', '1'), ('goals_scored', '0'), ('ict_index', '2.8'), ('influence', '3.6'), ('kickoff_time', '2021-12-01T19:30:00Z'), ('minutes', '90'), ('opponent_team', '18'), ('own_goals', '0'), ('penalties_missed', '0'), ('penalties_saved', '0'), ('red_cards', '0'), ('round', '14'), ('saves', '0'), ('selected', '15747'), ('team_a_score', '2'), ('team_h_score', '1'), ('threat', '8.0'), ('total_points', '2'), ('transfers_balance', '1239'), ('transfers_in', '2437'), ('transfers_out', '1198'), ('value', '54'), ('was_home', 'False'), ('yellow_cards', '0')]), OrderedDict([('assists', '0'), ('bonus', '0'), ('bps', '15'), ('clean_sheets', '0'), ('creativity', '31.3'), ('element', '132'), ('fixture', '149'), ('goals_conceded', '3'), ('goals_scored', '0'), ('ict_index', '8.1'), ('influence', '18.4'), ('kickoff_time', '2021-12-04T12:30:00Z'), ('minutes', '90'), ('opponent_team', '19'), ('own_goals', '0'), ('penalties_missed', '0'), ('penalties_saved', '0'), ('red_cards', '0'), ('round', '15'), ('saves', '0'), ('selected', '15499'), ('team_a_score', '2'), ('team_h_score', '3'), ('threat', '31.0'), ('total_points', '2'), ('transfers_balance', '-377'), ('transfers_in', '1824'), ('transfers_out', '2201'), ('value', '54'), ('was_home', 'False'), ('yellow_cards', '0')]), OrderedDict([('assists', '0'), ('bonus', '0'), ('bps', '10'), ('clean_sheets', '0'), ('creativity', '9.5'), ('element', '132'), ('fixture', '155'), ('goals_conceded', '2'), ('goals_scored', '0'), ('ict_index', '5.5'), ('influence', '16.2'), ('kickoff_time', '2021-12-11T15:00:00Z'), ('minutes', '90'), ('opponent_team', '10'), ('own_goals', '0'), ('penalties_missed', '0'), ('penalties_saved', '0'), ('red_cards', '0'), ('round', '16'), ('saves', '0'), ('selected', '16153'), ('team_a_score', '2'), ('team_h_score', '3'), ('threat', '29.0'), ('total_points', '2'), ('transfers_balance', '383'), ('transfers_in', '2365'), ('transfers_out', '1982'), ('value', '54'), ('was_home', 'True'), ('yellow_cards', '0')]), OrderedDict([('assists', '0'), ('bonus', '0'), ('bps', '10'), ('clean_sheets', '1'), ('creativity', '3.9'), ('element', '132'), ('fixture', '168'), ('goals_conceded', '0'), ('goals_scored', '0'), ('ict_index', '1.5'), ('influence', '2.4'), ('kickoff_time', '2021-12-16T19:45:00Z'), ('minutes', '64'), ('opponent_team', '8'), ('own_goals', '0'), ('penalties_missed', '0'), ('penalties_saved', '0'), ('red_cards', '0'), ('round', '17'), ('saves', '0'), ('selected', '14993'), ('team_a_score', '1'), ('team_h_score', '1'), ('threat', '9.0'), ('total_points', '2'), ('transfers_balance', '-1175'), ('transfers_in', '701'), ('transfers_out', '1876'), ('value', '54'), ('was_home', 'True'), ('yellow_cards', '1')]), OrderedDict([('assists', '0'), ('bonus', '0'), ('bps', '0'), ('clean_sheets', '0'), ('creativity', '0.0'), ('element', '132'), ('fixture', '180'), ('goals_conceded', '0'), ('goals_scored', '0'), ('ict_index', '0.0'), ('influence', '0.0'), ('kickoff_time', '2021-12-19T14:00:00Z'), ('minutes', '0'), ('opponent_team', '20'), ('own_goals', '0'), ('penalties_missed', '0'), ('penalties_saved', '0'), ('red_cards', '0'), ('round', '18'), ('saves', '0'), ('selected', '13856'), ('team_a_score', '0'), ('team_h_score', '0'), ('threat', '0.0'), ('total_points', '0'), ('transfers_balance', '-1133'), ('transfers_in', '615'), ('transfers_out', '1748'), ('value', '54'), ('was_home', 'False'), ('yellow_cards', '0')]), OrderedDict([('assists', '0'), ('bonus', '0'), ('bps', '0'), ('clean_sheets', '0'), ('creativity', '0.0'), ('element', '132'), ('fixture', '181'), ('goals_conceded', '0'), ('goals_scored', '0'), ('ict_index', '0.0'), ('influence', '0.0'), ('kickoff_time', '2021-12-26T17:30:00Z'), ('minutes', '0'), ('opponent_team', '2'), ('own_goals', '0'), ('penalties_missed', '0'), ('penalties_saved', '0'), ('red_cards', '0'), ('round', '19'), ('saves', '0'), ('selected', '11522'), ('team_a_score', '3'), ('team_h_score', '1'), ('threat', '0.0'), ('total_points', '0'), ('transfers_balance', '-2076'), ('transfers_in', '45'), ('transfers_out', '2121'), ('value', '54'), ('was_home', 'False'), ('yellow_cards', '0')]), OrderedDict([('assists', '0'), ('bonus', '0'), ('bps', '0'), ('clean_sheets', '0'), ('creativity', '0.0'), ('element', '132'), ('fixture', '193'), ('goals_conceded', '0'), ('goals_scored', '0'), ('ict_index', '0.0'), ('influence', '0.0'), ('kickoff_time', '2021-12-29T19:30:00Z'), ('minutes', '0'), ('opponent_team', '4'), ('own_goals', '0'), ('penalties_missed', '0'), ('penalties_saved', '0'), ('red_cards', '0'), ('round', '20'), ('saves', '0'), ('selected', '11075'), ('team_a_score', '1'), ('team_h_score', '1'), ('threat', '0.0'), ('total_points', '0'), ('transfers_balance', '-791'), ('transfers_in', '24'), ('transfers_out', '815'), ('value', '54'), ('was_home', 'True'), ('yellow_cards', '0')]), OrderedDict([('assists', '0'), ('bonus', '0'), ('bps', '0'), ('clean_sheets', '0'), ('creativity', '0.0'), ('element', '132'), ('fixture', '203'), ('goals_conceded', '0'), ('goals_scored', '0'), ('ict_index', '0.0'), ('influence', '0.0'), ('kickoff_time', '2022-01-02T16:30:00Z'), ('minutes', '0'), ('opponent_team', '11'), ('own_goals', '0'), ('penalties_missed', '0'), ('penalties_saved', '0'), ('red_cards', '0'), ('round', '21'), ('saves', '0'), ('selected', '10208'), ('team_a_score', '2'), ('team_h_score', '2'), ('threat', '0.0'), ('total_points', '0'), ('transfers_balance', '-938'), ('transfers_in', '28'), ('transfers_out', '966'), ('value', '54'), ('was_home', 'True'), ('yellow_cards', '0')]), OrderedDict([('assists', '0'), ('bonus', '0'), ('bps', '0'), ('clean_sheets', '0'), ('creativity', '0.0'), ('element', '132'), ('fixture', '215'), ('goals_conceded', '0'), ('goals_scored', '0'), ('ict_index', '0.0'), ('influence', '0.0'), ('kickoff_time', '2022-01-15T12:30:00Z'), ('minutes', '0'), ('opponent_team', '12'), ('own_goals', '0'), ('penalties_missed', '0'), ('penalties_saved', '0'), ('red_cards', '0'), ('round', '22'), ('saves', '0'), ('selected', '9863'), ('team_a_score', '0'), ('team_h_score', '1'), ('threat', '0.0'), ('total_points', '0'), ('transfers_balance', '-517'), ('transfers_in', '206'), ('transfers_out', '723'), ('value', '54'), ('was_home', 'False'), ('yellow_cards', '0')]), OrderedDict([('assists', '0'), ('bonus', '0'), ('bps', '0'), ('clean_sheets', '0'), ('creativity', '0.0'), ('element', '132'), ('fixture', '232'), ('goals_conceded', '0'), ('goals_scored', '0'), ('ict_index', '0.0'), ('influence', '0.0'), ('kickoff_time', '2022-01-18T20:00:00Z'), ('minutes', '0'), ('opponent_team', '4'), ('own_goals', '0'), ('penalties_missed', '0'), ('penalties_saved', '0'), ('red_cards', '0'), ('round', '22'), ('saves', '0'), ('selected', '9863'), ('team_a_score', '1'), ('team_h_score', '1'), ('threat', '0.0'), ('total_points', '0'), ('transfers_balance', '-517'), ('transfers_in', '206'), ('transfers_out', '723'), ('value', '54'), ('was_home', 'False'), ('yellow_cards', '0')]), OrderedDict([('assists', '0'), ('bonus', '0'), ('bps', '0'), ('clean_sheets', '0'), ('creativity', '0.0'), ('element', '132'), ('fixture', '223'), ('goals_conceded', '0'), ('goals_scored', '0'), ('ict_index', '0.0'), ('influence', '0.0'), ('kickoff_time', '2022-01-23T16:30:00Z'), ('minutes', '0'), ('opponent_team', '17'), ('own_goals', '0'), ('penalties_missed', '0'), ('penalties_saved', '0'), ('red_cards', '0'), ('round', '23'), ('saves', '0'), ('selected', '9637'), ('team_a_score', '0'), ('team_h_score', '2'), ('threat', '0.0'), ('total_points', '0'), ('transfers_balance', '-293'), ('transfers_in', '85'), ('transfers_out', '378'), ('value', '54'), ('was_home', 'True'), ('yellow_cards', '0')]), OrderedDict([('assists', '0'), ('bonus', '0'), ('bps', '1'), ('clean_sheets', '0'), ('creativity', '0.3'), ('element', '132'), ('fixture', '254'), ('goals_conceded', '0'), ('goals_scored', '0'), ('ict_index', '0.0'), ('influence', '0.0'), ('kickoff_time', '2022-02-19T15:00:00Z'), ('minutes', '16'), ('opponent_team', '7'), ('own_goals', '0'), ('penalties_missed', '0'), ('penalties_saved', '0'), ('red_cards', '0'), ('round', '26'), ('saves', '0'), ('selected', '9186'), ('team_a_score', '1'), ('team_h_score', '0'), ('threat', '0.0'), ('total_points', '1'), ('transfers_balance', '-97'), ('transfers_in', '84'), ('transfers_out', '181'), ('value', '54'), ('was_home', 'False'), ('yellow_cards', '0')]), OrderedDict([('assists', '0'), ('bonus', '0'), ('bps', '0'), ('clean_sheets', '0'), ('creativity', '1.1'), ('element', '132'), ('fixture', '272'), ('goals_conceded', '0'), ('goals_scored', '0'), ('ict_index', '0.3'), ('influence', '1.8'), ('kickoff_time', '2022-03-05T15:00:00Z'), ('minutes', '20'), ('opponent_team', '5'), ('own_goals', '0'), ('penalties_missed', '0'), ('penalties_saved', '0'), ('red_cards', '0'), ('round', '28'), ('saves', '0'), ('selected', '9193'), ('team_a_score', '4'), ('team_h_score', '0'), ('threat', '0.0'), ('total_points', '1'), ('transfers_balance', '-4'), ('transfers_in', '156'), ('transfers_out', '160'), ('value', '54'), ('was_home', 'False'), ('yellow_cards', '0')]), OrderedDict([('assists', '0'), ('bonus', '0'), ('bps', '9'), ('clean_sheets', '0'), ('creativity', '12.9'), ('element', '132'), ('fixture', '297'), ('goals_conceded', '1'), ('goals_scored', '0'), ('ict_index', '2.6'), ('influence', '9.4'), ('kickoff_time', '2022-03-10T19:30:00Z'), ('minutes', '45'), ('opponent_team', '15'), ('own_goals', '0'), ('penalties_missed', '0'), ('penalties_saved', '0'), ('red_cards', '0'), ('round', '28'), ('saves', '0'), ('selected', '9193'), ('team_a_score', '3'), ('team_h_score', '1'), ('threat', '4.0'), ('total_points', '1'), ('transfers_balance', '-4'), ('transfers_in', '156'), ('transfers_out', '160'), ('value', '54'), ('was_home', 'False'), ('yellow_cards', '0')]), OrderedDict([('assists', '0'), ('bonus', '0'), ('bps', '0'), ('clean_sheets', '0'), ('creativity', '0.0'), ('element', '132'), ('fixture', '284'), ('goals_conceded', '0'), ('goals_scored', '0'), ('ict_index', '0.0'), ('influence', '0.0'), ('kickoff_time', '2022-03-13T14:00:00Z'), ('minutes', '0'), ('opponent_team', '14'), ('own_goals', '0'), ('penalties_missed', '0'), ('penalties_saved', '0'), ('red_cards', '0'), ('round', '29'), ('saves', '0'), ('selected', '9126'), ('team_a_score', '0'), ('team_h_score', '1'), ('threat', '0.0'), ('total_points', '0'), ('transfers_balance', '-84'), ('transfers_in', '106'), ('transfers_out', '190'), ('value', '54'), ('was_home', 'True'), ('yellow_cards', '0')]), OrderedDict([('assists', '0'), ('bonus', '0'), ('bps', '15'), ('clean_sheets', '0'), ('creativity', '27.2'), ('element', '132'), ('fixture', '303'), ('goals_conceded', '4'), ('goals_scored', '0'), ('ict_index', '5.7'), ('influence', '18.8'), ('kickoff_time', '2022-04-02T14:00:00Z'), ('minutes', '90'), ('opponent_team', '3'), ('own_goals', '0'), ('penalties_missed', '0'), ('penalties_saved', '0'), ('red_cards', '0'), ('round', '31'), ('saves', '0'), ('selected', '9052'), ('team_a_score', '4'), ('team_h_score', '1'), ('threat', '11.0'), ('total_points', '2'), ('transfers_balance', '-52'), ('transfers_in', '70'), ('transfers_out', '122'), ('value', '54'), ('was_home', 'True'), ('yellow_cards', '0')]), OrderedDict([('assists', '0'), ('bonus', '0'), ('bps', '17'), ('clean_sheets', '1'), ('creativity', '17.6'), ('element', '132'), ('fixture', '319'), ('goals_conceded', '0'), ('goals_scored', '0'), ('ict_index', '6.1'), ('influence', '22.2'), ('kickoff_time', '2022-04-09T14:00:00Z'), ('minutes', '90'), ('opponent_team', '16'), ('own_goals', '0'), ('penalties_missed', '0'), ('penalties_saved', '0'), ('red_cards', '0'), ('round', '32'), ('saves', '0'), ('selected', '9085'), ('team_a_score', '6'), ('team_h_score', '0'), ('threat', '21.0'), ('total_points', '3'), ('transfers_balance', '-5'), ('transfers_in', '66'), ('transfers_out', '71'), ('value', '54'), ('was_home', 'False'), ('yellow_cards', '0')]), OrderedDict([('assists', '0'), ('bonus', '0'), ('bps', '14'), ('clean_sheets', '0'), ('creativity', '19.2'), ('element', '132'), ('fixture', '243'), ('goals_conceded', '4'), ('goals_scored', '0'), ('ict_index', '4.0'), ('influence', '16.6'), ('kickoff_time', '2022-04-20T18:45:00Z'), ('minutes', '90'), ('opponent_team', '1'), ('own_goals', '0'), ('penalties_missed', '0'), ('penalties_saved', '0'), ('red_cards', '0'), ('round', '33'), ('saves', '0'), ('selected', '9276'), ('team_a_score', '4'), ('team_h_score', '2'), ('threat', '4.0'), ('total_points', '2'), ('transfers_balance', '138'), ('transfers_in', '262'), ('transfers_out', '124'), ('value', '54'), ('was_home', 'True'), ('yellow_cards', '0')]), OrderedDict([('assists', '0'), ('bonus', '0'), ('bps', '14'), ('clean_sheets', '1'), ('creativity', '50.2'), ('element', '132'), ('fixture', '335'), ('goals_conceded', '0'), ('goals_scored', '0'), ('ict_index', '8.8'), ('influence', '20.0'), ('kickoff_time', '2022-04-24T13:00:00Z'), ('minutes', '75'), ('opponent_team', '19'), ('own_goals', '0'), ('penalties_missed', '0'), ('penalties_saved', '0'), ('red_cards', '0'), ('round', '34'), ('saves', '0'), ('selected', '16738'), ('team_a_score', '0'), ('team_h_score', '1'), ('threat', '18.0'), ('total_points', '3'), ('transfers_balance', '7175'), ('transfers_in', '7511'), ('transfers_out', '336'), ('value', '54'), ('was_home', 'True'), ('yellow_cards', '0')]), OrderedDict([('assists', '0'), ('bonus', '0'), ('bps', '3'), ('clean_sheets', '0'), ('creativity', '0.3'), ('element', '132'), ('fixture', '364'), ('goals_conceded', '0'), ('goals_scored', '0'), ('ict_index', '0.6'), ('influence', '5.4'), ('kickoff_time', '2022-04-28T18:45:00Z'), ('minutes', '8'), ('opponent_team', '13'), ('own_goals', '0'), ('penalties_missed', '0'), ('penalties_saved', '0'), ('red_cards', '0'), ('round', '34'), ('saves', '0'), ('selected', '16738'), ('team_a_score', '1'), ('team_h_score', '1'), ('threat', '0.0'), ('total_points', '1'), ('transfers_balance', '7175'), ('transfers_in', '7511'), ('transfers_out', '336'), ('value', '54'), ('was_home', 'False'), ('yellow_cards', '0')]), OrderedDict([('assists', '0'), ('bonus', '0'), ('bps', '19'), ('clean_sheets', '0'), ('creativity', '17.3'), ('element', '132'), ('fixture', '342'), ('goals_conceded', '1'), ('goals_scored', '0'), ('ict_index', '5.6'), ('influence', '23.8'), ('kickoff_time', '2022-05-01T13:00:00Z'), ('minutes', '90'), ('opponent_team', '8'), ('own_goals', '0'), ('penalties_missed', '0'), ('penalties_saved', '0'), ('red_cards', '0'), ('round', '35'), ('saves', '0'), ('selected', '15713'), ('team_a_score', '0'), ('team_h_score', '1'), ('threat', '15.0'), ('total_points', '2'), ('transfers_balance', '-874'), ('transfers_in', '859'), ('transfers_out', '1733'), ('value', '54'), ('was_home', 'False'), ('yellow_cards', '0')]), OrderedDict([('assists', '0'), ('bonus', '0'), ('bps', '14'), ('clean_sheets', '0'), ('creativity', '2.9'), ('element', '132'), ('fixture', '355'), ('goals_conceded', '2'), ('goals_scored', '0'), ('ict_index', '2.0'), ('influence', '15.4'), ('kickoff_time', '2022-05-07T14:00:00Z'), ('minutes', '90'), ('opponent_team', '20'), ('own_goals', '0'), ('penalties_missed', '0'), ('penalties_saved', '0'), ('red_cards', '0'), ('round', '36'), ('saves', '0'), ('selected', '16483'), ('team_a_score', '2'), ('team_h_score', '2'), ('threat', '2.0'), ('total_points', '2'), ('transfers_balance', '605'), ('transfers_in', '2123'), ('transfers_out', '1518'), ('value', '54'), ('was_home', 'True'), ('yellow_cards', '0')]), OrderedDict([('assists', '0'), ('bonus', '0'), ('bps', '11'), ('clean_sheets', '1'), ('creativity', '17.0'), ('element', '132'), ('fixture', '323'), ('goals_conceded', '0'), ('goals_scored', '0'), ('ict_index', '2.5'), ('influence', '4.6'), ('kickoff_time', '2022-05-11T18:30:00Z'), ('minutes', '60'), ('opponent_team', '10'), ('own_goals', '0'), ('penalties_missed', '0'), ('penalties_saved', '0'), ('red_cards', '0'), ('round', '36'), ('saves', '0'), ('selected', '16483'), ('team_a_score', '3'), ('team_h_score', '0'), ('threat', '3.0'), ('total_points', '3'), ('transfers_balance', '605'), ('transfers_in', '2123'), ('transfers_out', '1518'), ('value', '54'), ('was_home', 'False'), ('yellow_cards', '0')]), OrderedDict([('assists', '0'), ('bonus', '0'), ('bps', '4'), ('clean_sheets', '0'), ('creativity', '12.3'), ('element', '132'), ('fixture', '264'), ('goals_conceded', '0'), ('goals_scored', '0'), ('ict_index', '1.8'), ('influence', '3.8'), ('kickoff_time', '2022-05-19T19:00:00Z'), ('minutes', '18'), ('opponent_team', '9'), ('own_goals', '0'), ('penalties_missed', '0'), ('penalties_saved', '0'), ('red_cards', '0'), ('round', '37'), ('saves', '0'), ('selected', '14951'), ('team_a_score', '1'), ('team_h_score', '1'), ('threat', '2.0'), ('total_points', '1'), ('transfers_balance', '-1026'), ('transfers_in', '742'), ('transfers_out', '1768'), ('value', '54'), ('was_home', 'True'), ('yellow_cards', '0')]), OrderedDict([('assists', '0'), ('bonus', '0'), ('bps', '0'), ('clean_sheets', '0'), ('creativity', '0.0'), ('element', '132'), ('fixture', '375'), ('goals_conceded', '0'), ('goals_scored', '0'), ('ict_index', '0.0'), ('influence', '0.0'), ('kickoff_time', '2022-05-22T15:00:00Z'), ('minutes', '0'), ('opponent_team', '18'), ('own_goals', '0'), ('penalties_missed', '0'), ('penalties_saved', '0'), ('red_cards', '0'), ('round', '38'), ('saves', '0'), ('selected', '14858'), ('team_a_score', '1'), ('team_h_score', '2'), ('threat', '0.0'), ('total_points', '0'), ('transfers_balance', '-518'), ('transfers_in', '702'), ('transfers_out', '1220'), ('value', '54'), ('was_home', 'True'), ('yellow_cards', '0')])]
[2025-11-07T18:53:21.625+0000] {fetch_api_data.py:98} WARNING - Failed to fetch data for Olivier_Giroud_133: 404
[2025-11-07T18:53:22.231+0000] {fetch_api_data.py:98} WARNING - Failed to fetch data for Álvaro_Morata_134: 404
[2025-11-07T18:53:22.822+0000] {fetch_api_data.py:98} WARNING - Failed to fetch data for Jorge Luiz_Frello Filho_459: 404
[2025-11-07T18:53:23.426+0000] {fetch_api_data.py:98} WARNING - Failed to fetch data for Tammy_Abraham_496: 404
[2025-11-07T18:53:24.013+0000] {fetch_api_data.py:98} WARNING - Failed to fetch data for Kepa_Arrizabalaga_498: 404
[2025-11-07T18:53:24.615+0000] {fetch_api_data.py:98} WARNING - Failed to fetch data for Mateo_Kovacic_499: 404
[2025-11-07T18:53:25.245+0000] {fetch_api_data.py:98} WARNING - Failed to fetch data for Gonzalo_Higuaín_579: 404
[2025-11-07T18:53:25.867+0000] {fetch_api_data.py:98} WARNING - Failed to fetch data for Addji Keaninkin Marc-Israel_Guehi_624: 404
[2025-11-07T18:53:26.445+0000] {fetch_api_data.py:98} WARNING - Failed to fetch data for Wayne_Hennessey_135: 404
[2025-11-07T18:53:27.086+0000] {fetch_api_data.py:98} WARNING - Failed to fetch data for Julian_Speroni_136: 404
[2025-11-07T18:53:27.689+0000] {fetch_api_data.py:98} WARNING - Failed to fetch data for Vicente_Guaita_137: 404
[2025-11-07T18:53:28.295+0000] {fetch_api_data.py:98} WARNING - Failed to fetch data for James_Tomkins_138: 404
[2025-11-07T18:53:28.913+0000] {fetch_api_data.py:98} WARNING - Failed to fetch data for Scott_Dann_139: 404
[2025-11-07T18:53:29.521+0000] {fetch_api_data.py:98} WARNING - Failed to fetch data for Martin_Kelly_140: 404
[2025-11-07T18:53:30.109+0000] {fetch_api_data.py:98} WARNING - Failed to fetch data for Jeffrey_Schlupp_141: 404
[2025-11-07T18:53:30.770+0000] {fetch_api_data.py:98} WARNING - Failed to fetch data for Patrick_van Aanholt_142: 404
[2025-11-07T18:53:31.379+0000] {fetch_api_data.py:98} WARNING - Failed to fetch data for Mamadou_Sakho_143: 404
[2025-11-07T18:53:31.963+0000] {fetch_api_data.py:98} WARNING - Failed to fetch data for Jairo_Riedewald_144: 404
[2025-11-07T18:53:32.592+0000] {fetch_api_data.py:98} WARNING - Failed to fetch data for Aaron_Wan-Bissaka_145: 404
[2025-11-07T18:53:33.209+0000] {fetch_api_data.py:98} WARNING - Failed to fetch data for James_McArthur_147: 404
[2025-11-07T18:53:33.815+0000] {fetch_api_data.py:98} WARNING - Failed to fetch data for Bakary_Sako_148: 404
[2025-11-07T18:53:34.422+0000] {fetch_api_data.py:98} WARNING - Failed to fetch data for Andros_Townsend_149: 404
[2025-11-07T18:53:35.045+0000] {fetch_api_data.py:98} WARNING - Failed to fetch data for Luka_Milivojevic_150: 404
[2025-11-07T18:53:35.661+0000] {fetch_api_data.py:98} WARNING - Failed to fetch data for Wilfried_Zaha_151: 404
[2025-11-07T18:53:36.279+0000] {fetch_api_data.py:98} WARNING - Failed to fetch data for Christian_Benteke_152: 404
[2025-11-07T18:53:36.885+0000] {fetch_api_data.py:98} WARNING - Failed to fetch data for Alexander_Sørloth_153: 404
[2025-11-07T18:53:37.474+0000] {fetch_api_data.py:98} WARNING - Failed to fetch data for Cheikhou_Kouyaté_412: 404
[2025-11-07T18:53:38.077+0000] {fetch_api_data.py:98} WARNING - Failed to fetch data for Joel_Ward_441: 404
[2025-11-07T18:53:38.704+0000] {fetch_api_data.py:98} WARNING - Failed to fetch data for Jaroslaw_Jach_442: 404
[2025-11-07T18:53:39.296+0000] {fetch_api_data.py:98} WARNING - Failed to fetch data for Pape_Souaré_443: 404
[2025-11-07T18:53:39.870+0000] {fetch_api_data.py:98} WARNING - Failed to fetch data for Connor_Wickham_444: 404
[2025-11-07T18:53:40.474+0000] {fetch_api_data.py:98} WARNING - Failed to fetch data for Sullay_Kaikai_477: 404
[2025-11-07T18:53:41.122+0000] {fetch_api_data.py:98} WARNING - Failed to fetch data for Max_Meyer_486: 404
[2025-11-07T18:53:41.711+0000] {fetch_api_data.py:98} WARNING - Failed to fetch data for Jordan_Ayew_505: 404
[2025-11-07T18:53:42.297+0000] {fetch_api_data.py:98} WARNING - Failed to fetch data for Joe_Tupper_576: 404
[2025-11-07T18:53:42.893+0000] {fetch_api_data.py:98} WARNING - Failed to fetch data for Lucas_Perri_584: 404
[2025-11-07T18:53:43.480+0000] {fetch_api_data.py:98} WARNING - Failed to fetch data for Michy_Batshuayi_592: 404
[2025-11-07T18:53:44.097+0000] {fetch_api_data.py:98} WARNING - Failed to fetch data for Sam_Woods_609: 404
[2025-11-07T18:53:44.724+0000] {fetch_api_data.py:98} WARNING - Failed to fetch data for Luke_Dreher_618: 404
[2025-11-07T18:53:45.326+0000] {fetch_api_data.py:98} WARNING - Failed to fetch data for Nikola_Tavares_619: 404
[2025-11-07T18:53:45.916+0000] {fetch_api_data.py:98} WARNING - Failed to fetch data for Jordan_Pickford_154: 404
[2025-11-07T18:53:46.536+0000] {fetch_api_data.py:98} WARNING - Failed to fetch data for Maarten_Stekelenburg_155: 404
[2025-11-07T18:53:47.147+0000] {fetch_api_data.py:98} WARNING - Failed to fetch data for Leighton_Baines_156: 404
[2025-11-07T18:53:47.736+0000] {fetch_api_data.py:98} WARNING - Failed to fetch data for Seamus_Coleman_157: 404
[2025-11-07T18:53:48.337+0000] {fetch_api_data.py:98} WARNING - Failed to fetch data for Phil_Jagielka_158: 404
[2025-11-07T18:53:48.941+0000] {fetch_api_data.py:98} WARNING - Failed to fetch data for Ashley_Williams_159: 404
[2025-11-07T18:53:49.521+0000] {fetch_api_data.py:98} WARNING - Failed to fetch data for Mason_Holgate_160: 404
[2025-11-07T18:53:50.153+0000] {fetch_api_data.py:98} WARNING - Failed to fetch data for Jonjoe_Kenny_161: 404
[2025-11-07T18:53:50.778+0000] {fetch_api_data.py:98} WARNING - Failed to fetch data for Michael_Keane_162: 404
[2025-11-07T18:53:51.388+0000] {fetch_api_data.py:98} WARNING - Failed to fetch data for Cuco_Martina_163: 404
[2025-11-07T18:53:52.034+0000] {fetch_api_data.py:98} WARNING - Failed to fetch data for Theo_Walcott_164: 404
[2025-11-07T18:53:52.652+0000] {fetch_api_data.py:98} WARNING - Failed to fetch data for Yannick_Bolasie_165: 404
[2025-11-07T18:53:53.266+0000] {fetch_api_data.py:98} WARNING - Failed to fetch data for James_McCarthy_166: 404
[2025-11-07T18:53:54.033+0000] {fetch_api_data.py:98} WARNING - Failed to fetch data for Morgan_Schneiderlin_167: 404
[2025-11-07T18:53:54.612+0000] {fetch_api_data.py:98} WARNING - Failed to fetch data for Idrissa_Gueye_168: 404
[2025-11-07T18:53:55.215+0000] {fetch_api_data.py:98} WARNING - Failed to fetch data for Tom_Davies_169: 404
[2025-11-07T18:53:55.821+0000] {fetch_api_data.py:98} WARNING - Failed to fetch data for Ademola_Lookman_170: 404
[2025-11-07T18:53:56.421+0000] {fetch_api_data.py:98} WARNING - Failed to fetch data for Davy_Klaassen_171: 404
[2025-11-07T18:53:57.023+0000] {fetch_api_data.py:98} WARNING - Failed to fetch data for Gylfi_Sigurdsson_172: 404
[2025-11-07T18:53:57.650+0000] {fetch_api_data.py:98} WARNING - Failed to fetch data for Nikola_Vlasic_173: 404
[2025-11-07T18:53:58.254+0000] {fetch_api_data.py:98} WARNING - Failed to fetch data for Beni_Baningime_174: 404
[2025-11-07T18:53:58.866+0000] {fetch_api_data.py:98} WARNING - Failed to fetch data for Dominic_Calvert-Lewin_175: 404
[2025-11-07T18:53:59.467+0000] {fetch_api_data.py:98} WARNING - Failed to fetch data for Cenk_Tosun_177: 404
[2025-11-07T18:54:00.089+0000] {fetch_api_data.py:98} WARNING - Failed to fetch data for Richarlison_de Andrade_393: 404
[2025-11-07T18:54:00.688+0000] {fetch_api_data.py:98} WARNING - Failed to fetch data for Kevin_Mirallas_469: 404
[2025-11-07T18:54:01.306+0000] {fetch_api_data.py:98} WARNING - Failed to fetch data for Sandro_Ramírez_470: 404
[2025-11-07T18:54:02.052+0000] {fetch_api_data.py:98} WARNING - Failed to fetch data for Lucas_Digne_484: 404
[2025-11-07T18:54:02.755+0000] {fetch_api_data.py:98} WARNING - Failed to fetch data for Yerry_Mina_506: 404
[2025-11-07T18:54:03.372+0000] {fetch_api_data.py:98} WARNING - Failed to fetch data for Bernard_Anício Caldeira Duarte_507: 404
[2025-11-07T18:54:03.975+0000] {fetch_api_data.py:98} WARNING - Failed to fetch data for André Filipe_Tavares Gomes_508: 404
[2025-11-07T18:54:04.593+0000] {fetch_api_data.py:98} WARNING - Failed to fetch data for Kurt_Zouma_526: 404
[2025-11-07T18:54:05.192+0000] {fetch_api_data.py:98} WARNING - Failed to fetch data for Kieran_Dowell_528: 404
[2025-11-07T18:54:05.951+0000] {fetch_api_data.py:98} WARNING - Failed to fetch data for Tyias_Browning_532: 404
[2025-11-07T18:54:06.539+0000] {fetch_api_data.py:98} WARNING - Failed to fetch data for Calum_Chambers_9: 404
[2025-11-07T18:54:07.218+0000] {fetch_api_data.py:98} WARNING - Failed to fetch data for Marcus_Bettinelli_178: 404
[2025-11-07T18:54:07.891+0000] {fetch_api_data.py:98} WARNING - Failed to fetch data for Tim_Ream_180: 404
[2025-11-07T18:54:08.502+0000] {fetch_api_data.py:98} WARNING - Failed to fetch data for Denis_Odoi_181: 404
[2025-11-07T18:54:09.139+0000] {fetch_api_data.py:98} WARNING - Failed to fetch data for Tom_Cairney_182: 404
[2025-11-07T18:54:09.756+0000] {fetch_api_data.py:98} WARNING - Failed to fetch data for Kevin_McDonald_183: 404
[2025-11-07T18:54:10.374+0000] {fetch_api_data.py:98} WARNING - Failed to fetch data for Ryan_Sessegnon_184: 404
[2025-11-07T18:54:11.004+0000] {fetch_api_data.py:98} WARNING - Failed to fetch data for Stefan_Johansen_185: 404
[2025-11-07T18:54:11.593+0000] {fetch_api_data.py:98} WARNING - Failed to fetch data for Floyd_Ayité_186: 404
[2025-11-07T18:54:12.212+0000] {fetch_api_data.py:98} WARNING - Failed to fetch data for Neeskens_Kebano_187: 404
[2025-11-07T18:54:12.827+0000] {fetch_api_data.py:98} WARNING - Failed to fetch data for Rui Pedro_da Rocha Fonte_188: 404
[2025-11-07T18:54:13.412+0000] {fetch_api_data.py:98} WARNING - Failed to fetch data for Aboubakar_Kamara_189: 404
[2025-11-07T18:54:14.024+0000] {fetch_api_data.py:98} WARNING - Failed to fetch data for Maxime_Le Marchand_455: 404
[2025-11-07T18:54:14.611+0000] {fetch_api_data.py:98} WARNING - Failed to fetch data for Jean Michael_Seri_456: 404
[2025-11-07T18:54:15.194+0000] {fetch_api_data.py:98} WARNING - Failed to fetch data for Cyrus_Christie_460: 404
[2025-11-07T18:54:15.778+0000] {fetch_api_data.py:98} WARNING - Failed to fetch data for Fabricio_Agosto Ramírez_474: 404
[2025-11-07T18:54:16.420+0000] {fetch_api_data.py:98} WARNING - Failed to fetch data for André_Schürrle_478: 404
[2025-11-07T18:54:17.042+0000] {fetch_api_data.py:98} WARNING - Failed to fetch data for Aleksandar_Mitrovic_480: 404
[2025-11-07T18:54:17.646+0000] {fetch_api_data.py:98} WARNING - Failed to fetch data for Alfie_Mawson_487: 404
[2025-11-07T18:54:18.229+0000] {fetch_api_data.py:98} WARNING - Failed to fetch data for Sergio_Rico_509: 404
[2025-11-07T18:54:18.841+0000] {fetch_api_data.py:98} WARNING - Failed to fetch data for Joe_Bryan_510: 404
[2025-11-07T18:54:19.486+0000] {fetch_api_data.py:98} WARNING - Failed to fetch data for Timothy_Fosu-Mensah_511: 404
[2025-11-07T18:54:20.086+0000] {fetch_api_data.py:98} WARNING - Failed to fetch data for André-Frank_Zambo Anguissa_512: 404
[2025-11-07T18:54:20.683+0000] {fetch_api_data.py:98} WARNING - Failed to fetch data for Luciano_Vietto_513: 404
[2025-11-07T18:54:21.284+0000] {fetch_api_data.py:98} WARNING - Failed to fetch data for Ibrahima_Cissé_521: 404
[2025-11-07T18:54:21.912+0000] {fetch_api_data.py:98} WARNING - Failed to fetch data for Zeze Steven_Sessegnon_541: 404
[2025-11-07T18:54:22.538+0000] {fetch_api_data.py:98} WARNING - Failed to fetch data for Ryan_Babel_575: 404
[2025-11-07T18:54:23.146+0000] {fetch_api_data.py:98} WARNING - Failed to fetch data for Håvard_Nordtveit_593: 404
[2025-11-07T18:54:23.783+0000] {fetch_api_data.py:98} WARNING - Failed to fetch data for Lazar_Markovic_594: 404
[2025-11-07T18:54:24.383+0000] {fetch_api_data.py:98} WARNING - Failed to fetch data for Harvey_Elliott_610: 404
[2025-11-07T18:54:25.013+0000] {fetch_api_data.py:98} WARNING - Failed to fetch data for Luca_De La Torre_621: 404
[2025-11-07T18:54:25.613+0000] {fetch_api_data.py:98} WARNING - Failed to fetch data for Jason_Puncheon_146: 404
[2025-11-07T18:54:26.219+0000] {fetch_api_data.py:98} WARNING - Failed to fetch data for Ben_Hamer_190: 404
[2025-11-07T18:54:26.829+0000] {fetch_api_data.py:98} WARNING - Failed to fetch data for Jonas_Lössl_191: 404
[2025-11-07T18:54:27.445+0000] {fetch_api_data.py:98} WARNING - Failed to fetch data for Christopher_Schindler_192: 404
[2025-11-07T18:54:28.029+0000] {fetch_api_data.py:98} WARNING - Failed to fetch data for Chris_Löwe_193: 404
[2025-11-07T18:54:28.630+0000] {fetch_api_data.py:98} WARNING - Failed to fetch data for Tommy_Smith_194: 404
[2025-11-07T18:54:29.243+0000] {fetch_api_data.py:98} WARNING - Failed to fetch data for Mathias_Jorgensen_195: 404
[2025-11-07T18:54:29.844+0000] {fetch_api_data.py:98} WARNING - Failed to fetch data for Scott_Malone_196: 404
[2025-11-07T18:54:30.445+0000] {fetch_api_data.py:98} WARNING - Failed to fetch data for Florent_Hadergjonaj_197: 404
[2025-11-07T18:54:31.047+0000] {fetch_api_data.py:98} WARNING - Failed to fetch data for Terence_Kongolo_198: 404
[2025-11-07T18:54:31.641+0000] {fetch_api_data.py:98} WARNING - Failed to fetch data for Aaron_Mooy_199: 404
[2025-11-07T18:54:32.274+0000] {fetch_api_data.py:98} WARNING - Failed to fetch data for Rajiv_van La Parra_200: 404
[2025-11-07T18:54:32.865+0000] {fetch_api_data.py:98} WARNING - Failed to fetch data for Jonathan_Hogg_201: 404
[2025-11-07T18:54:33.457+0000] {fetch_api_data.py:98} WARNING - Failed to fetch data for Philip_Billing_202: 404
[2025-11-07T18:54:34.088+0000] {fetch_api_data.py:98} WARNING - Failed to fetch data for Tom_Ince_203: 404
[2025-11-07T18:54:34.692+0000] {fetch_api_data.py:98} WARNING - Failed to fetch data for Danny_Williams_204: 404
[2025-11-07T18:54:35.325+0000] {fetch_api_data.py:98} WARNING - Failed to fetch data for Abdelhamid_Sabiri_205: 404
[2025-11-07T18:54:35.928+0000] {fetch_api_data.py:98} WARNING - Failed to fetch data for Alex_Pritchard_206: 404
[2025-11-07T18:54:36.553+0000] {fetch_api_data.py:98} WARNING - Failed to fetch data for Ramadan_Sobhi_207: 404
[2025-11-07T18:54:37.152+0000] {fetch_api_data.py:98} WARNING - Failed to fetch data for Juninho_Bacuna_208: 404
[2025-11-07T18:54:37.791+0000] {fetch_api_data.py:98} WARNING - Failed to fetch data for Collin_Quaner_209: 404
[2025-11-07T18:54:38.409+0000] {fetch_api_data.py:98} WARNING - Failed to fetch data for Laurent_Depoitre_210: 404
[2025-11-07T18:54:39.022+0000] {fetch_api_data.py:98} WARNING - Failed to fetch data for Steve_Mounie_211: 404
[2025-11-07T18:54:39.605+0000] {fetch_api_data.py:98} WARNING - Failed to fetch data for Elias_Kachunga_212: 404
[2025-11-07T18:54:40.234+0000] {fetch_api_data.py:98} WARNING - Failed to fetch data for Erik_Durm_461: 404
[2025-11-07T18:54:40.879+0000] {fetch_api_data.py:98} WARNING - Failed to fetch data for Adama_Diakhaby_471: 404
[2025-11-07T18:54:41.541+0000] {fetch_api_data.py:98} WARNING - Failed to fetch data for Isaac_Mbenza_514: 404
[2025-11-07T18:54:42.156+0000] {fetch_api_data.py:98} WARNING - Failed to fetch data for Jon Gorenc_Stankovic_522: 404
[2025-11-07T18:54:42.765+0000] {fetch_api_data.py:98} WARNING - Failed to fetch data for Ryan_Schofield_533: 404
[2025-11-07T18:54:43.393+0000] {fetch_api_data.py:98} WARNING - Failed to fetch data for Karlan_Grant_585: 404
[2025-11-07T18:54:44.009+0000] {fetch_api_data.py:98} WARNING - Failed to fetch data for Joel_Coleman_598: 404
[2025-11-07T18:54:44.619+0000] {fetch_api_data.py:98} WARNING - Failed to fetch data for Demeaco_Duhaney_601: 404
[2025-11-07T18:54:45.244+0000] {fetch_api_data.py:98} WARNING - Failed to fetch data for Matthew_Daly_606: 404
[2025-11-07T18:54:45.879+0000] {fetch_api_data.py:98} WARNING - Failed to fetch data for Aaron_Rowe_607: 404
[2025-11-07T18:54:46.488+0000] {fetch_api_data.py:98} WARNING - Failed to fetch data for Kasper_Schmeichel_213: 404
[2025-11-07T18:54:47.087+0000] {fetch_api_data.py:98} WARNING - Failed to fetch data for Eldin_Jakupovic_214: 404
[2025-11-07T18:54:47.700+0000] {fetch_api_data.py:98} WARNING - Failed to fetch data for Wes_Morgan_215: 404
[2025-11-07T18:54:48.309+0000] {fetch_api_data.py:98} WARNING - Failed to fetch data for Christian_Fuchs_216: 404
[2025-11-07T18:54:48.967+0000] {fetch_api_data.py:98} WARNING - Failed to fetch data for Danny_Simpson_217: 404
[2025-11-07T18:54:49.567+0000] {fetch_api_data.py:98} WARNING - Failed to fetch data for Yohan_Benalouane_218: 404
[2025-11-07T18:54:50.224+0000] {fetch_api_data.py:98} WARNING - Failed to fetch data for Benjamin_Chilwell_219: 404
[2025-11-07T18:54:50.870+0000] {fetch_api_data.py:98} WARNING - Failed to fetch data for Harry_Maguire_220: 404
[2025-11-07T18:54:51.542+0000] {fetch_api_data.py:98} WARNING - Failed to fetch data for Ricardo Domingos_Barbosa Pereira_221: 404
[2025-11-07T18:54:52.149+0000] {fetch_api_data.py:98} WARNING - Failed to fetch data for Jonny_Evans_222: 404
[2025-11-07T18:54:52.804+0000] {fetch_api_data.py:98} WARNING - Failed to fetch data for Marc_Albrighton_224: 404
[2025-11-07T18:54:53.405+0000] {fetch_api_data.py:98} WARNING - Failed to fetch data for Demarai_Gray_225: 404
[2025-11-07T18:54:54.025+0000] {fetch_api_data.py:98} WARNING - Failed to fetch data for Daniel_Amartey_226: 404
[2025-11-07T18:54:54.645+0000] {fetch_api_data.py:98} WARNING - Failed to fetch data for Wilfred_Ndidi_227: 404
[2025-11-07T18:54:55.247+0000] {fetch_api_data.py:98} WARNING - Failed to fetch data for Vicente_Iborra_228: 404
[2025-11-07T18:54:55.842+0000] {fetch_api_data.py:98} WARNING - Failed to fetch data for Matty_James_229: 404
[2025-11-07T18:54:56.453+0000] {fetch_api_data.py:98} WARNING - Failed to fetch data for Hamza_Choudhury_230: 404
[2025-11-07T18:54:57.064+0000] {fetch_api_data.py:98} WARNING - Failed to fetch data for Adrien Sebastian_Perruchet Silva_231: 404
[2025-11-07T18:54:57.671+0000] {fetch_api_data.py:98} WARNING - Failed to fetch data for Fousseni_Diabaté_232: 404
[2025-11-07T18:54:58.242+0000] {fetch_api_data.py:98} WARNING - Failed to fetch data for James_Maddison_233: 404
[2025-11-07T18:54:58.828+0000] {fetch_api_data.py:98} WARNING - Failed to fetch data for Jamie_Vardy_234: 404
[2025-11-07T18:54:59.410+0000] {fetch_api_data.py:98} WARNING - Failed to fetch data for Shinji_Okazaki_235: 404
[2025-11-07T18:55:00.019+0000] {fetch_api_data.py:98} WARNING - Failed to fetch data for Kelechi_Iheanacho_236: 404
[2025-11-07T18:55:00.596+0000] {fetch_api_data.py:98} WARNING - Failed to fetch data for Danny_Ward_457: 404
[2025-11-07T18:55:01.199+0000] {fetch_api_data.py:98} WARNING - Failed to fetch data for Rachid_Ghezzal_492: 404
[2025-11-07T18:55:01.785+0000] {fetch_api_data.py:98} WARNING - Failed to fetch data for Filip_Benkovic_501: 404
[2025-11-07T18:55:02.380+0000] {fetch_api_data.py:98} WARNING - Failed to fetch data for Çaglar_Söyüncü_515: 404
[2025-11-07T18:55:02.957+0000] {fetch_api_data.py:98} WARNING - Failed to fetch data for Nampalys_Mendy_527: 404
[2025-11-07T18:55:03.536+0000] {fetch_api_data.py:98} WARNING - Failed to fetch data for Josh_Knight_558: 404
[2025-11-07T18:55:04.181+0000] {fetch_api_data.py:98} WARNING - Failed to fetch data for Harvey_Barnes_571: 404
[2025-11-07T18:55:04.801+0000] {fetch_api_data.py:98} WARNING - Failed to fetch data for Youri_Tielemans_591: 404
[2025-11-07T18:55:05.396+0000] {fetch_api_data.py:98} WARNING - Failed to fetch data for Simon_Mignolet_237: 404
[2025-11-07T18:55:06.049+0000] {fetch_api_data.py:98} WARNING - Failed to fetch data for Loris_Karius_238: 404
[2025-11-07T18:55:06.618+0000] {fetch_api_data.py:98} WARNING - Failed to fetch data for Dejan_Lovren_239: 404
[2025-11-07T18:55:07.230+0000] {fetch_api_data.py:98} WARNING - Failed to fetch data for Alberto_Moreno_240: 404
[2025-11-07T18:55:07.811+0000] {fetch_api_data.py:98} WARNING - Failed to fetch data for Joseph_Gomez_242: 404
[2025-11-07T18:55:08.500+0000] {fetch_api_data.py:98} WARNING - Failed to fetch data for Joel_Matip_243: 404
[2025-11-07T18:55:09.150+0000] {fetch_api_data.py:98} WARNING - Failed to fetch data for Ragnar_Klavan_244: 404
[2025-11-07T18:55:09.794+0000] {fetch_api_data.py:98} WARNING - Failed to fetch data for Trent_Alexander-Arnold_245: 404
[2025-11-07T18:55:10.389+0000] {fetch_api_data.py:98} WARNING - Failed to fetch data for Virgil_van Dijk_246: 404
[2025-11-07T18:55:10.989+0000] {fetch_api_data.py:98} WARNING - Failed to fetch data for Andrew_Robertson_247: 404
[2025-11-07T18:55:11.617+0000] {fetch_api_data.py:98} WARNING - Failed to fetch data for Alex_Oxlade-Chamberlain_248: 404
[2025-11-07T18:55:12.304+0000] {fetch_api_data.py:98} WARNING - Failed to fetch data for Jordan_Henderson_249: 404
[2025-11-07T18:55:12.943+0000] {fetch_api_data.py:98} WARNING - Failed to fetch data for Adam_Lallana_250: 404
[2025-11-07T18:55:13.525+0000] {fetch_api_data.py:98} WARNING - Failed to fetch data for Sadio_Mané_251: 404
[2025-11-07T18:55:14.136+0000] {fetch_api_data.py:98} WARNING - Failed to fetch data for Georginio_Wijnaldum_252: 404
[2025-11-07T18:55:14.781+0000] {fetch_api_data.py:98} WARNING - Failed to fetch data for Mohamed_Salah_253: 404
[2025-11-07T18:55:15.414+0000] {fetch_api_data.py:98} WARNING - Failed to fetch data for James_Milner_254: 404
[2025-11-07T18:55:16.023+0000] {fetch_api_data.py:98} WARNING - Failed to fetch data for Fabio Henrique_Tavares_255: 404
[2025-11-07T18:55:16.622+0000] {fetch_api_data.py:98} WARNING - Failed to fetch data for Naby_Keita_256: 404
[2025-11-07T18:55:17.212+0000] {fetch_api_data.py:98} WARNING - Failed to fetch data for Roberto_Firmino_257: 404
[2025-11-07T18:55:17.794+0000] {fetch_api_data.py:98} WARNING - Failed to fetch data for Xherdan_Shaqiri_462: 404
[2025-11-07T18:55:18.368+0000] {fetch_api_data.py:98} WARNING - Failed to fetch data for Alisson_Ramses Becker_468: 404
[2025-11-07T18:55:18.983+0000] {fetch_api_data.py:98} WARNING - Failed to fetch data for Daniel_Sturridge_472: 404
[2025-11-07T18:55:19.568+0000] {fetch_api_data.py:98} WARNING - Failed to fetch data for Divock_Origi_543: 404
[2025-11-07T18:55:20.187+0000] {fetch_api_data.py:98} WARNING - Failed to fetch data for Rafael_Camacho_557: 404
[2025-11-07T18:55:20.778+0000] {fetch_api_data.py:98} WARNING - Failed to fetch data for Curtis_Jones_597: 404
[2025-11-07T18:55:21.390+0000] {fetch_api_data.py:98} WARNING - Failed to fetch data for Riyad_Mahrez_223: 404
[2025-11-07T18:55:21.967+0000] {fetch_api_data.py:98} WARNING - Failed to fetch data for Ederson_Santana de Moraes_260: 404
[2025-11-07T18:55:22.551+0000] {fetch_api_data.py:98} WARNING - Failed to fetch data for Claudio_Bravo_261: 404
[2025-11-07T18:55:23.147+0000] {fetch_api_data.py:98} WARNING - Failed to fetch data for John_Stones_262: 404
[2025-11-07T18:55:23.743+0000] {fetch_api_data.py:98} WARNING - Failed to fetch data for Vincent_Kompany_263: 404
[2025-11-07T18:55:24.343+0000] {fetch_api_data.py:98} WARNING - Failed to fetch data for Nicolás_Otamendi_264: 404
[2025-11-07T18:55:24.980+0000] {fetch_api_data.py:98} WARNING - Failed to fetch data for Kyle_Walker_265: 404
[2025-11-07T18:55:25.573+0000] {fetch_api_data.py:98} WARNING - Failed to fetch data for Danilo Luiz_da Silva_266: 404
[2025-11-07T18:55:26.166+0000] {fetch_api_data.py:98} WARNING - Failed to fetch data for Benjamin_Mendy_267: 404
[2025-11-07T18:55:26.739+0000] {fetch_api_data.py:98} WARNING - Failed to fetch data for Aymeric_Laporte_268: 404
[2025-11-07T18:55:27.334+0000] {fetch_api_data.py:98} WARNING - Failed to fetch data for Fabian_Delph_269: 404
[2025-11-07T18:55:27.924+0000] {fetch_api_data.py:98} WARNING - Failed to fetch data for Raheem_Sterling_270: 404
[2025-11-07T18:55:28.504+0000] {fetch_api_data.py:98} WARNING - Failed to fetch data for David_Silva_271: 404
[2025-11-07T18:55:29.105+0000] {fetch_api_data.py:98} WARNING - Failed to fetch data for Fernando_Luiz Rosa_272: 404
[2025-11-07T18:55:29.682+0000] {fetch_api_data.py:98} WARNING - Failed to fetch data for Kevin_De Bruyne_273: 404
[2025-11-07T18:55:30.289+0000] {fetch_api_data.py:98} WARNING - Failed to fetch data for Ilkay_Gündogan_274: 404
[2025-11-07T18:55:30.874+0000] {fetch_api_data.py:98} WARNING - Failed to fetch data for Leroy_Sané_275: 404
[2025-11-07T18:55:31.478+0000] {fetch_api_data.py:98} WARNING - Failed to fetch data for Bernardo Mota_Veiga de Carvalho e Silva_276: 404
[2025-11-07T18:55:32.096+0000] {fetch_api_data.py:98} WARNING - Failed to fetch data for Phil_Foden_277: 404
[2025-11-07T18:55:32.702+0000] {fetch_api_data.py:98} WARNING - Failed to fetch data for Brahim_Diaz_278: 404
[2025-11-07T18:55:33.310+0000] {fetch_api_data.py:98} WARNING - Failed to fetch data for Oleksandr_Zinchenko_279: 404
[2025-11-07T18:55:33.895+0000] {fetch_api_data.py:98} WARNING - Failed to fetch data for Sergio_Agüero_280: 404
[2025-11-07T18:55:34.517+0000] {fetch_api_data.py:98} WARNING - Failed to fetch data for Gabriel Fernando_de Jesus_281: 404
[2025-11-07T18:55:35.131+0000] {fetch_api_data.py:98} WARNING - Failed to fetch data for Arijanet_Muric_529: 404
[2025-11-07T18:55:35.746+0000] {fetch_api_data.py:98} WARNING - Failed to fetch data for Philippe_Sandler_604: 404
[2025-11-07T18:55:36.359+0000] {fetch_api_data.py:98} WARNING - Failed to fetch data for David_de Gea_282: 404
[2025-11-07T18:55:36.947+0000] {fetch_api_data.py:98} WARNING - Failed to fetch data for Sergio_Romero_283: 404
[2025-11-07T18:55:37.542+0000] {fetch_api_data.py:98} WARNING - Failed to fetch data for Chris_Smalling_284: 404
[2025-11-07T18:55:38.170+0000] {fetch_api_data.py:98} WARNING - Failed to fetch data for Phil_Jones_285: 404
[2025-11-07T18:55:38.777+0000] {fetch_api_data.py:98} WARNING - Failed to fetch data for Luke_Shaw_286: 404
[2025-11-07T18:55:39.385+0000] {fetch_api_data.py:98} WARNING - Failed to fetch data for Marcos_Rojo_287: 404
[2025-11-07T18:55:39.975+0000] {fetch_api_data.py:98} WARNING - Failed to fetch data for Antonio_Valencia_288: 404
[2025-11-07T18:55:40.557+0000] {fetch_api_data.py:98} WARNING - Failed to fetch data for Matteo_Darmian_289: 404
[2025-11-07T18:55:41.159+0000] {fetch_api_data.py:98} WARNING - Failed to fetch data for Daley_Blind_290: 404
[2025-11-07T18:55:41.781+0000] {fetch_api_data.py:98} WARNING - Failed to fetch data for Eric_Bailly_291: 404
[2025-11-07T18:55:42.412+0000] {fetch_api_data.py:98} WARNING - Failed to fetch data for Victor_Lindelöf_292: 404
[2025-11-07T18:55:42.998+0000] {fetch_api_data.py:98} WARNING - Failed to fetch data for Ashley_Young_293: 404
[2025-11-07T18:55:43.634+0000] {fetch_api_data.py:98} WARNING - Failed to fetch data for José Diogo_Dalot Teixeira_294: 404
[2025-11-07T18:55:44.250+0000] {fetch_api_data.py:98} WARNING - Failed to fetch data for Alexis_Sánchez_295: 404
[2025-11-07T18:55:44.876+0000] {fetch_api_data.py:98} WARNING - Failed to fetch data for Nemanja_Matic_296: 404
[2025-11-07T18:55:45.484+0000] {fetch_api_data.py:98} WARNING - Failed to fetch data for Juan_Mata_297: 404
[2025-11-07T18:55:46.113+0000] {fetch_api_data.py:98} WARNING - Failed to fetch data for Marouane_Fellaini_298: 404
[2025-11-07T18:55:46.708+0000] {fetch_api_data.py:98} WARNING - Failed to fetch data for Ander_Herrera_299: 404
[2025-11-07T18:55:47.312+0000] {fetch_api_data.py:98} WARNING - Failed to fetch data for Jesse_Lingard_300: 404
[2025-11-07T18:55:47.964+0000] {fetch_api_data.py:98} WARNING - Failed to fetch data for Anthony_Martial_301: 404
[2025-11-07T18:55:48.583+0000] {fetch_api_data.py:98} WARNING - Failed to fetch data for Paul_Pogba_302: 404
[2025-11-07T18:55:49.173+0000] {fetch_api_data.py:98} WARNING - Failed to fetch data for Scott_McTominay_303: 404
[2025-11-07T18:55:49.749+0000] {fetch_api_data.py:98} WARNING - Failed to fetch data for Frederico_Rodrigues de Paula Santos_304: 404
[2025-11-07T18:55:50.318+0000] {fetch_api_data.py:98} WARNING - Failed to fetch data for Marcus_Rashford_305: 404
[2025-11-07T18:55:50.938+0000] {fetch_api_data.py:98} WARNING - Failed to fetch data for Romelu_Lukaku_306: 404
[2025-11-07T18:55:51.525+0000] {fetch_api_data.py:98} WARNING - Failed to fetch data for Andreas_Pereira_481: 404
[2025-11-07T18:55:52.104+0000] {fetch_api_data.py:98} WARNING - Failed to fetch data for Lee_Grant_520: 404
[2025-11-07T18:55:52.737+0000] {fetch_api_data.py:98} WARNING - Failed to fetch data for Angel_Gomes_568: 404
[2025-11-07T18:55:53.317+0000] {fetch_api_data.py:98} WARNING - Failed to fetch data for James_Garner_602: 404
[2025-11-07T18:55:53.956+0000] {fetch_api_data.py:98} WARNING - Failed to fetch data for Tahith_Chong_603: 404
[2025-11-07T18:55:54.576+0000] {fetch_api_data.py:98} WARNING - Failed to fetch data for Mason_Greenwood_608: 404
[2025-11-07T18:55:55.188+0000] {fetch_api_data.py:98} WARNING - Failed to fetch data for Robert_Elliot_307: 404
[2025-11-07T18:55:55.780+0000] {fetch_api_data.py:98} WARNING - Failed to fetch data for Karl_Darlow_308: 404
[2025-11-07T18:55:56.415+0000] {fetch_api_data.py:98} WARNING - Failed to fetch data for Martin_Dubravka_309: 404
[2025-11-07T18:55:57.008+0000] {fetch_api_data.py:98} WARNING - Failed to fetch data for DeAndre_Yedlin_310: 404
[2025-11-07T18:55:57.587+0000] {fetch_api_data.py:98} WARNING - Failed to fetch data for Ciaran_Clark_311: 404
[2025-11-07T18:55:58.162+0000] {fetch_api_data.py:98} WARNING - Failed to fetch data for Jamaal_Lascelles_312: 404
[2025-11-07T18:55:58.752+0000] {fetch_api_data.py:98} WARNING - Failed to fetch data for Paul_Dummett_313: 404
[2025-11-07T18:55:59.318+0000] {fetch_api_data.py:98} WARNING - Failed to fetch data for Florian_Lejeune_314: 404
[2025-11-07T18:55:59.923+0000] {fetch_api_data.py:98} WARNING - Failed to fetch data for Javier_Manquillo_315: 404
[2025-11-07T18:56:00.529+0000] {fetch_api_data.py:98} WARNING - Failed to fetch data for Chancel_Mbemba_316: 404
[2025-11-07T18:56:01.132+0000] {fetch_api_data.py:98} WARNING - Failed to fetch data for Matt_Ritchie_317: 404
[2025-11-07T18:56:01.735+0000] {fetch_api_data.py:98} WARNING - Failed to fetch data for Jonjo_Shelvey_318: 404
[2025-11-07T18:56:02.313+0000] {fetch_api_data.py:98} WARNING - Failed to fetch data for Mohamed_Diamé_319: 404
[2025-11-07T18:56:02.912+0000] {fetch_api_data.py:98} WARNING - Failed to fetch data for Christian_Atsu_320: 404
[2025-11-07T18:56:03.489+0000] {fetch_api_data.py:98} WARNING - Failed to fetch data for Jacob_Murphy_321: 404
[2025-11-07T18:56:04.105+0000] {fetch_api_data.py:98} WARNING - Failed to fetch data for Mikel_Merino_322: 404
[2025-11-07T18:56:04.788+0000] {fetch_api_data.py:98} WARNING - Failed to fetch data for Isaac_Hayden_323: 404
[2025-11-07T18:56:05.399+0000] {fetch_api_data.py:98} WARNING - Failed to fetch data for Sung-yueng_Ki_324: 404
[2025-11-07T18:56:06.006+0000] {fetch_api_data.py:98} WARNING - Failed to fetch data for Dwight_Gayle_325: 404
[2025-11-07T18:56:06.622+0000] {fetch_api_data.py:98} WARNING - Failed to fetch data for Ayoze_Pérez_326: 404
[2025-11-07T18:56:07.230+0000] {fetch_api_data.py:98} WARNING - Failed to fetch data for Jose Luis_Mato Sanmartín_327: 404
[2025-11-07T18:56:07.827+0000] {fetch_api_data.py:98} WARNING - Failed to fetch data for Robert Kenedy_Nunes do Nascimento_458: 404
[2025-11-07T18:56:08.412+0000] {fetch_api_data.py:98} WARNING - Failed to fetch data for Fabian_Schär_482: 404
[2025-11-07T18:56:09.111+0000] {fetch_api_data.py:98} WARNING - Failed to fetch data for Yoshinori_Muto_488: 404
[2025-11-07T18:56:09.685+0000] {fetch_api_data.py:98} WARNING - Failed to fetch data for Salomón_Rondón_493: 404
[2025-11-07T18:56:10.306+0000] {fetch_api_data.py:98} WARNING - Failed to fetch data for Federico_Fernández_516: 404
[2025-11-07T18:56:10.909+0000] {fetch_api_data.py:98} WARNING - Failed to fetch data for Jamie_Sterry_530: 404
[2025-11-07T18:56:11.489+0000] {fetch_api_data.py:98} WARNING - Failed to fetch data for Sean_Longstaff_531: 404
[2025-11-07T18:56:12.081+0000] {fetch_api_data.py:98} WARNING - Failed to fetch data for Frederick_Woodman_553: 404
[2025-11-07T18:56:12.666+0000] {fetch_api_data.py:98} WARNING - Failed to fetch data for Callum_Roberts_577: 404
[2025-11-07T18:56:13.271+0000] {fetch_api_data.py:98} WARNING - Failed to fetch data for Miguel_Almirón_587: 404
[2025-11-07T18:56:13.840+0000] {fetch_api_data.py:98} WARNING - Failed to fetch data for Antonio_Barreca_588: 404
[2025-11-07T18:56:14.438+0000] {fetch_api_data.py:98} WARNING - Failed to fetch data for Kelland_Watts_622: 404
[2025-11-07T18:56:15.056+0000] {fetch_api_data.py:98} WARNING - Failed to fetch data for Lewis_Cass_623: 404
[2025-11-07T18:56:15.659+0000] {fetch_api_data.py:98} WARNING - Failed to fetch data for Danny_Ings_258: 404
[2025-11-07T18:56:16.280+0000] {fetch_api_data.py:98} WARNING - Failed to fetch data for Alex_McCarthy_328: 404
[2025-11-07T18:56:16.888+0000] {fetch_api_data.py:98} WARNING - Failed to fetch data for Fraser_Forster_329: 404
[2025-11-07T18:56:17.478+0000] {fetch_api_data.py:98} WARNING - Failed to fetch data for Ryan_Bertrand_330: 404
[2025-11-07T18:56:18.091+0000] {fetch_api_data.py:98} WARNING - Failed to fetch data for Maya_Yoshida_331: 404
[2025-11-07T18:56:18.672+0000] {fetch_api_data.py:98} WARNING - Failed to fetch data for Cédric_Soares_332: 404
[2025-11-07T18:56:19.454+0000] {fetch_api_data.py:98} WARNING - Failed to fetch data for Jack_Stephens_333: 404
[2025-11-07T18:58:49.681+0000] {logging_mixin.py:150} INFO - An Error Occured fetching data from : https://raw.githubusercontent.com/vaastav/Fantasy-Premier-League/master/data/2021-22/players/Sam_McQueen_334/gw.csv -> ('Connection aborted.', OSError(0, 'Error'))
[2025-11-07T18:58:49.705+0000] {python.py:183} INFO - Done. Returned value was: None
[2025-11-07T18:58:50.056+0000] {taskinstance.py:1350} INFO - Marking task as SUCCESS. dag_id=fpl_gameweeks_etl, task_id=fetch_players_gw_task, map_index=3, execution_date=20251107T185119, start_date=20251107T185132, end_date=20251107T185850
[2025-11-07T18:58:50.143+0000] {local_task_job_runner.py:225} INFO - Task exited with return code 0
[2025-11-07T18:58:50.290+0000] {taskinstance.py:2653} INFO - 0 downstream tasks scheduled from follow-on schedule check
