[2025-10-13T18:32:39.231+0000] {taskinstance.py:1103} INFO - Dependencies all met for dep_context=non-requeueable deps ti=<TaskInstance: fpl_etl_pipeline.create_gameweeks_table manual__2025-10-13T18:28:24.298203+00:00 [queued]>
[2025-10-13T18:32:39.250+0000] {taskinstance.py:1103} INFO - Dependencies all met for dep_context=requeueable deps ti=<TaskInstance: fpl_etl_pipeline.create_gameweeks_table manual__2025-10-13T18:28:24.298203+00:00 [queued]>
[2025-10-13T18:32:39.250+0000] {taskinstance.py:1308} INFO - Starting attempt 1 of 2
[2025-10-13T18:32:39.563+0000] {taskinstance.py:1327} INFO - Executing <Task(PostgresOperator): create_gameweeks_table> on 2025-10-13 18:28:24.298203+00:00
[2025-10-13T18:32:39.575+0000] {standard_task_runner.py:57} INFO - Started process 1259 to run task
[2025-10-13T18:32:39.584+0000] {standard_task_runner.py:84} INFO - Running: ['airflow', 'tasks', 'run', 'fpl_etl_pipeline', 'create_gameweeks_table', 'manual__2025-10-13T18:28:24.298203+00:00', '--job-id', '529', '--raw', '--subdir', 'DAGS_FOLDER/fpl_etl_pipeline.py', '--cfg-path', '/tmp/tmp5uqcd2t8']
[2025-10-13T18:32:39.592+0000] {standard_task_runner.py:85} INFO - Job 529: Subtask create_gameweeks_table
[2025-10-13T18:32:39.811+0000] {task_command.py:410} INFO - Running <TaskInstance: fpl_etl_pipeline.create_gameweeks_table manual__2025-10-13T18:28:24.298203+00:00 [running]> on host 9326c79de8dc
[2025-10-13T18:32:40.078+0000] {taskinstance.py:1547} INFO - Exporting env vars: AIRFLOW_CTX_DAG_OWNER='richardilemon' AIRFLOW_CTX_DAG_ID='fpl_etl_pipeline' AIRFLOW_CTX_TASK_ID='create_gameweeks_table' AIRFLOW_CTX_EXECUTION_DATE='2025-10-13T18:28:24.298203+00:00' AIRFLOW_CTX_TRY_NUMBER='1' AIRFLOW_CTX_DAG_RUN_ID='manual__2025-10-13T18:28:24.298203+00:00'
[2025-10-13T18:32:40.080+0000] {sql.py:265} INFO - Executing: 
            CREATE TABLE IF NOT EXISTS game_weeks (
                season TEXT,
                gameweek INTEGER,
                deadline TIMESTAMP,
                PRIMARY KEY (season, gameweek)
            );
        
[2025-10-13T18:32:40.131+0000] {base.py:73} INFO - Using connection ID 'fpl_db_conn' for task execution.
[2025-10-13T18:32:40.290+0000] {base.py:73} INFO - Using connection ID 'fpl_db_conn' for task execution.
[2025-10-13T18:32:40.300+0000] {sql.py:375} INFO - Running statement: 
            CREATE TABLE IF NOT EXISTS game_weeks (
                season TEXT,
                gameweek INTEGER,
                deadline TIMESTAMP,
                PRIMARY KEY (season, gameweek)
            );
        , parameters: None
[2025-10-13T18:32:40.317+0000] {taskinstance.py:1350} INFO - Marking task as SUCCESS. dag_id=fpl_etl_pipeline, task_id=create_gameweeks_table, execution_date=20251013T182824, start_date=20251013T183239, end_date=20251013T183240
[2025-10-13T18:32:40.362+0000] {local_task_job_runner.py:225} INFO - Task exited with return code 0
[2025-10-13T18:32:40.460+0000] {taskinstance.py:2653} INFO - 7 downstream tasks scheduled from follow-on schedule check
