[2025-10-29T10:29:40.359+0000] {taskinstance.py:1103} INFO - Dependencies all met for dep_context=non-requeueable deps ti=<TaskInstance: fpl_gameweeks_etl.parse_gw_stats_table_task manual__2025-10-29T10:16:47.335875+00:00 [queued]>
[2025-10-29T10:29:40.374+0000] {taskinstance.py:1103} INFO - Dependencies all met for dep_context=requeueable deps ti=<TaskInstance: fpl_gameweeks_etl.parse_gw_stats_table_task manual__2025-10-29T10:16:47.335875+00:00 [queued]>
[2025-10-29T10:29:40.375+0000] {taskinstance.py:1308} INFO - Starting attempt 2 of 2
[2025-10-29T10:29:40.526+0000] {taskinstance.py:1327} INFO - Executing <Task(_PythonDecoratedOperator): parse_gw_stats_table_task> on 2025-10-29 10:16:47.335875+00:00
[2025-10-29T10:29:40.532+0000] {standard_task_runner.py:57} INFO - Started process 12160 to run task
[2025-10-29T10:29:40.536+0000] {standard_task_runner.py:84} INFO - Running: ['airflow', 'tasks', 'run', 'fpl_gameweeks_etl', 'parse_gw_stats_table_task', 'manual__2025-10-29T10:16:47.335875+00:00', '--job-id', '915', '--raw', '--subdir', 'DAGS_FOLDER/fpl_gameweeks_dag.py', '--cfg-path', '/tmp/tmpssl_9ivn']
[2025-10-29T10:29:40.538+0000] {standard_task_runner.py:85} INFO - Job 915: Subtask parse_gw_stats_table_task
[2025-10-29T10:29:40.623+0000] {task_command.py:410} INFO - Running <TaskInstance: fpl_gameweeks_etl.parse_gw_stats_table_task manual__2025-10-29T10:16:47.335875+00:00 [running]> on host dede24b5451e
[2025-10-29T10:29:41.174+0000] {taskinstance.py:1547} INFO - Exporting env vars: AIRFLOW_CTX_DAG_OWNER='richardilemon' AIRFLOW_CTX_DAG_ID='fpl_gameweeks_etl' AIRFLOW_CTX_TASK_ID='parse_gw_stats_table_task' AIRFLOW_CTX_EXECUTION_DATE='2025-10-29T10:16:47.335875+00:00' AIRFLOW_CTX_TRY_NUMBER='2' AIRFLOW_CTX_DAG_RUN_ID='manual__2025-10-29T10:16:47.335875+00:00'
[2025-10-29T10:29:43.478+0000] {taskinstance.py:1824} ERROR - Task failed with exception
Traceback (most recent call last):
  File "/home/airflow/.local/lib/python3.7/site-packages/airflow/decorators/base.py", line 220, in execute
    return_value = super().execute(context)
  File "/home/airflow/.local/lib/python3.7/site-packages/airflow/operators/python.py", line 181, in execute
    return_value = self.execute_callable()
  File "/home/airflow/.local/lib/python3.7/site-packages/airflow/operators/python.py", line 198, in execute_callable
    return self.python_callable(*self.op_args, **self.op_kwargs)
  File "/opt/airflow/dags/fpl_gameweeks_dag.py", line 128, in parse_gw_stats_table_task
    return parse_gw_stats_table(gw_data, fixtures, players_folder)
  File "/opt/airflow/scripts/load_player_gameweek_stats.py", line 82, in parse_gw_stats_table
    team_code = match_team_code(fixtures, row["opponent_team"], row["kickoff_time"])
  File "/opt/airflow/scripts/load_player_gameweek_stats.py", line 62, in match_team_code
    fixture_time = datetime.strptime(row["kickoff_time"], "%Y-%m-%dT%H:%M:%SZ")
TypeError: list indices must be integers or slices, not str
[2025-10-29T10:29:43.492+0000] {taskinstance.py:1350} INFO - Marking task as FAILED. dag_id=fpl_gameweeks_etl, task_id=parse_gw_stats_table_task, execution_date=20251029T101647, start_date=20251029T102940, end_date=20251029T102943
[2025-10-29T10:29:43.515+0000] {standard_task_runner.py:109} ERROR - Failed to execute job 915 for task parse_gw_stats_table_task (list indices must be integers or slices, not str; 12160)
[2025-10-29T10:29:43.561+0000] {local_task_job_runner.py:225} INFO - Task exited with return code 1
[2025-10-29T10:29:43.623+0000] {taskinstance.py:2653} INFO - 0 downstream tasks scheduled from follow-on schedule check
