[2025-10-07T08:06:53.670+0000] {taskinstance.py:1103} INFO - Dependencies all met for dep_context=non-requeueable deps ti=<TaskInstance: fpl_etl_pipeline.create_teams_table manual__2025-10-07T08:01:44.722266+00:00 [queued]>
[2025-10-07T08:06:53.686+0000] {taskinstance.py:1103} INFO - Dependencies all met for dep_context=requeueable deps ti=<TaskInstance: fpl_etl_pipeline.create_teams_table manual__2025-10-07T08:01:44.722266+00:00 [queued]>
[2025-10-07T08:06:53.687+0000] {taskinstance.py:1308} INFO - Starting attempt 2 of 2
[2025-10-07T08:06:53.718+0000] {taskinstance.py:1327} INFO - Executing <Task(PythonOperator): create_teams_table> on 2025-10-07 08:01:44.722266+00:00
[2025-10-07T08:06:53.724+0000] {standard_task_runner.py:57} INFO - Started process 1217 to run task
[2025-10-07T08:06:53.730+0000] {standard_task_runner.py:84} INFO - Running: ['airflow', 'tasks', 'run', 'fpl_etl_pipeline', 'create_teams_table', 'manual__2025-10-07T08:01:44.722266+00:00', '--job-id', '54', '--raw', '--subdir', 'DAGS_FOLDER/fpl_etl_pipeline.py', '--cfg-path', '/tmp/tmpyxm01tgh']
[2025-10-07T08:06:53.733+0000] {standard_task_runner.py:85} INFO - Job 54: Subtask create_teams_table
[2025-10-07T08:06:53.829+0000] {task_command.py:410} INFO - Running <TaskInstance: fpl_etl_pipeline.create_teams_table manual__2025-10-07T08:01:44.722266+00:00 [running]> on host 87086c9410a5
[2025-10-07T08:06:54.005+0000] {taskinstance.py:1547} INFO - Exporting env vars: AIRFLOW_CTX_DAG_OWNER='richardilemon' AIRFLOW_CTX_DAG_ID='fpl_etl_pipeline' AIRFLOW_CTX_TASK_ID='create_teams_table' AIRFLOW_CTX_EXECUTION_DATE='2025-10-07T08:01:44.722266+00:00' AIRFLOW_CTX_TRY_NUMBER='2' AIRFLOW_CTX_DAG_RUN_ID='manual__2025-10-07T08:01:44.722266+00:00'
[2025-10-07T08:06:54.065+0000] {base.py:73} INFO - Using connection ID 'fpl_db_conn' for task execution.
[2025-10-07T08:06:54.089+0000] {db_config.py:33} INFO - Database Connection Established
[2025-10-07T08:06:54.091+0000] {db_config.py:43} ERROR - Failed to connect to database: create_teams_table() got an unexpected keyword argument 'conf'
[2025-10-07T08:06:54.092+0000] {taskinstance.py:1824} ERROR - Task failed with exception
Traceback (most recent call last):
  File "/home/airflow/.local/lib/python3.7/site-packages/airflow/operators/python.py", line 181, in execute
    return_value = self.execute_callable()
  File "/home/airflow/.local/lib/python3.7/site-packages/airflow/operators/python.py", line 198, in execute_callable
    return self.python_callable(*self.op_args, **self.op_kwargs)
  File "/opt/airflow/scripts/db_config.py", line 35, in wrapper
    result = func(*args, **kwargs)  # fetch_teams_data(_connection)
TypeError: create_teams_table() got an unexpected keyword argument 'conf'
[2025-10-07T08:06:54.126+0000] {taskinstance.py:1350} INFO - Marking task as FAILED. dag_id=fpl_etl_pipeline, task_id=create_teams_table, execution_date=20251007T080144, start_date=20251007T080653, end_date=20251007T080654
[2025-10-07T08:06:54.162+0000] {standard_task_runner.py:109} ERROR - Failed to execute job 54 for task create_teams_table (create_teams_table() got an unexpected keyword argument 'conf'; 1217)
[2025-10-07T08:06:54.185+0000] {local_task_job_runner.py:225} INFO - Task exited with return code 1
[2025-10-07T08:06:54.219+0000] {taskinstance.py:2653} INFO - 0 downstream tasks scheduled from follow-on schedule check
