[2025-10-25T21:08:54.301+0000] {taskinstance.py:1103} INFO - Dependencies all met for dep_context=non-requeueable deps ti=<TaskInstance: fpl_fixtures_pipeline.create_fixtures_table scheduled__2025-10-24T00:00:00+00:00 [queued]>
[2025-10-25T21:08:54.337+0000] {taskinstance.py:1103} INFO - Dependencies all met for dep_context=requeueable deps ti=<TaskInstance: fpl_fixtures_pipeline.create_fixtures_table scheduled__2025-10-24T00:00:00+00:00 [queued]>
[2025-10-25T21:08:54.337+0000] {taskinstance.py:1308} INFO - Starting attempt 1 of 2
[2025-10-25T21:08:54.801+0000] {taskinstance.py:1327} INFO - Executing <Task(PostgresOperator): create_fixtures_table> on 2025-10-24 00:00:00+00:00
[2025-10-25T21:08:54.833+0000] {standard_task_runner.py:57} INFO - Started process 4015 to run task
[2025-10-25T21:08:54.850+0000] {standard_task_runner.py:84} INFO - Running: ['airflow', 'tasks', 'run', 'fpl_fixtures_pipeline', 'create_fixtures_table', 'scheduled__2025-10-24T00:00:00+00:00', '--job-id', '6351', '--raw', '--subdir', 'DAGS_FOLDER/fixtures_dag.py', '--cfg-path', '/tmp/tmpjattr5tx']
[2025-10-25T21:08:54.852+0000] {standard_task_runner.py:85} INFO - Job 6351: Subtask create_fixtures_table
[2025-10-25T21:08:55.195+0000] {task_command.py:410} INFO - Running <TaskInstance: fpl_fixtures_pipeline.create_fixtures_table scheduled__2025-10-24T00:00:00+00:00 [running]> on host 754e4af34fcd
[2025-10-25T21:08:55.558+0000] {taskinstance.py:1547} INFO - Exporting env vars: AIRFLOW_CTX_DAG_OWNER='richardilemon' AIRFLOW_CTX_DAG_ID='fpl_fixtures_pipeline' AIRFLOW_CTX_TASK_ID='create_fixtures_table' AIRFLOW_CTX_EXECUTION_DATE='2025-10-24T00:00:00+00:00' AIRFLOW_CTX_TRY_NUMBER='1' AIRFLOW_CTX_DAG_RUN_ID='scheduled__2025-10-24T00:00:00+00:00'
[2025-10-25T21:08:55.564+0000] {sql.py:265} INFO - Executing: 
            CREATE TABLE IF NOT EXISTS fixtures (
                code INTEGER PRIMARY KEY,
                season TEXT,
                gameweek INTEGER,
                kickoff_time TIMESTAMP WITH TIME ZONE,
                team_h_code INTEGER,
                team_a_code INTEGER,
                team_h_score INTEGER,
                team_a_score INTEGER,
                team_h_difficulty INTEGER,
                team_a_difficulty INTEGER
            );
[2025-10-25T21:08:55.603+0000] {base.py:73} INFO - Using connection ID 'fpl_db_conn' for task execution.
[2025-10-25T21:08:55.777+0000] {base.py:73} INFO - Using connection ID 'fpl_db_conn' for task execution.
[2025-10-25T21:08:55.790+0000] {sql.py:375} INFO - Running statement: 
            CREATE TABLE IF NOT EXISTS fixtures (
                code INTEGER PRIMARY KEY,
                season TEXT,
                gameweek INTEGER,
                kickoff_time TIMESTAMP WITH TIME ZONE,
                team_h_code INTEGER,
                team_a_code INTEGER,
                team_h_score INTEGER,
                team_a_score INTEGER,
                team_h_difficulty INTEGER,
                team_a_difficulty INTEGER
            );, parameters: None
[2025-10-25T21:08:55.811+0000] {taskinstance.py:1350} INFO - Marking task as SUCCESS. dag_id=fpl_fixtures_pipeline, task_id=create_fixtures_table, execution_date=20251024T000000, start_date=20251025T210854, end_date=20251025T210855
[2025-10-25T21:08:55.848+0000] {local_task_job_runner.py:225} INFO - Task exited with return code 0
[2025-10-25T21:08:55.932+0000] {taskinstance.py:2653} INFO - 7 downstream tasks scheduled from follow-on schedule check
