[2025-10-29T14:09:44.614+0000] {taskinstance.py:1103} INFO - Dependencies all met for dep_context=non-requeueable deps ti=<TaskInstance: fpl_gameweeks_etl.parse_gw_stats_table_task manual__2025-10-29T14:01:28.079988+00:00 [queued]>
[2025-10-29T14:09:44.630+0000] {taskinstance.py:1103} INFO - Dependencies all met for dep_context=requeueable deps ti=<TaskInstance: fpl_gameweeks_etl.parse_gw_stats_table_task manual__2025-10-29T14:01:28.079988+00:00 [queued]>
[2025-10-29T14:09:44.631+0000] {taskinstance.py:1308} INFO - Starting attempt 1 of 2
[2025-10-29T14:09:44.777+0000] {taskinstance.py:1327} INFO - Executing <Task(_PythonDecoratedOperator): parse_gw_stats_table_task> on 2025-10-29 14:01:28.079988+00:00
[2025-10-29T14:09:44.785+0000] {standard_task_runner.py:57} INFO - Started process 16283 to run task
[2025-10-29T14:09:44.790+0000] {standard_task_runner.py:84} INFO - Running: ['airflow', 'tasks', 'run', 'fpl_gameweeks_etl', 'parse_gw_stats_table_task', 'manual__2025-10-29T14:01:28.079988+00:00', '--job-id', '1081', '--raw', '--subdir', 'DAGS_FOLDER/fpl_gameweeks_dag.py', '--cfg-path', '/tmp/tmpgfkibiid']
[2025-10-29T14:09:44.792+0000] {standard_task_runner.py:85} INFO - Job 1081: Subtask parse_gw_stats_table_task
[2025-10-29T14:09:44.874+0000] {task_command.py:410} INFO - Running <TaskInstance: fpl_gameweeks_etl.parse_gw_stats_table_task manual__2025-10-29T14:01:28.079988+00:00 [running]> on host dede24b5451e
[2025-10-29T14:09:45.584+0000] {taskinstance.py:1547} INFO - Exporting env vars: AIRFLOW_CTX_DAG_OWNER='richardilemon' AIRFLOW_CTX_DAG_ID='fpl_gameweeks_etl' AIRFLOW_CTX_TASK_ID='parse_gw_stats_table_task' AIRFLOW_CTX_EXECUTION_DATE='2025-10-29T14:01:28.079988+00:00' AIRFLOW_CTX_TRY_NUMBER='1' AIRFLOW_CTX_DAG_RUN_ID='manual__2025-10-29T14:01:28.079988+00:00'
[2025-10-29T14:09:48.342+0000] {taskinstance.py:1824} ERROR - Task failed with exception
Traceback (most recent call last):
  File "/home/airflow/.local/lib/python3.7/site-packages/airflow/decorators/base.py", line 220, in execute
    return_value = super().execute(context)
  File "/home/airflow/.local/lib/python3.7/site-packages/airflow/operators/python.py", line 181, in execute
    return_value = self.execute_callable()
  File "/home/airflow/.local/lib/python3.7/site-packages/airflow/operators/python.py", line 198, in execute_callable
    return self.python_callable(*self.op_args, **self.op_kwargs)
  File "/opt/airflow/dags/fpl_gameweeks_dag.py", line 128, in parse_gw_stats_table_task
    return parse_gw_stats_table(gw_data, fixtures)
  File "/opt/airflow/scripts/load_player_gameweek_stats.py", line 121, in parse_gw_stats_table
    team_code = match_team_code(fixtures, row["opponent_team"], row["kickoff_time"])
  File "/opt/airflow/scripts/load_player_gameweek_stats.py", line 101, in match_team_code
    fixture_time = datetime.strptime(row["kickoff_time"], "%Y-%m-%dT%H:%M:%SZ")
KeyError: 'kickoff_time'
[2025-10-29T14:09:48.357+0000] {taskinstance.py:1350} INFO - Marking task as UP_FOR_RETRY. dag_id=fpl_gameweeks_etl, task_id=parse_gw_stats_table_task, execution_date=20251029T140128, start_date=20251029T140944, end_date=20251029T140948
[2025-10-29T14:09:48.380+0000] {standard_task_runner.py:109} ERROR - Failed to execute job 1081 for task parse_gw_stats_table_task ('kickoff_time'; 16283)
[2025-10-29T14:09:48.418+0000] {local_task_job_runner.py:225} INFO - Task exited with return code 1
[2025-10-29T14:09:48.460+0000] {taskinstance.py:2653} INFO - 0 downstream tasks scheduled from follow-on schedule check
