[2025-10-29T09:54:27.267+0000] {taskinstance.py:1103} INFO - Dependencies all met for dep_context=non-requeueable deps ti=<TaskInstance: fpl_gameweeks_etl.fetch_players_gw_task manual__2025-10-29T09:53:59.418865+00:00 map_index=3 [queued]>
[2025-10-29T09:54:27.296+0000] {taskinstance.py:1103} INFO - Dependencies all met for dep_context=requeueable deps ti=<TaskInstance: fpl_gameweeks_etl.fetch_players_gw_task manual__2025-10-29T09:53:59.418865+00:00 map_index=3 [queued]>
[2025-10-29T09:54:27.297+0000] {taskinstance.py:1308} INFO - Starting attempt 1 of 2
[2025-10-29T09:54:27.628+0000] {taskinstance.py:1327} INFO - Executing <Mapped(_PythonDecoratedOperator): fetch_players_gw_task> on 2025-10-29 09:53:59.418865+00:00
[2025-10-29T09:54:27.637+0000] {standard_task_runner.py:57} INFO - Started process 9877 to run task
[2025-10-29T09:54:27.644+0000] {standard_task_runner.py:84} INFO - Running: ['airflow', 'tasks', 'run', 'fpl_gameweeks_etl', 'fetch_players_gw_task', 'manual__2025-10-29T09:53:59.418865+00:00', '--job-id', '813', '--raw', '--subdir', 'DAGS_FOLDER/fpl_gameweeks_dag.py', '--cfg-path', '/tmp/tmpzuabm19v', '--map-index', '3']
[2025-10-29T09:54:27.646+0000] {standard_task_runner.py:85} INFO - Job 813: Subtask fetch_players_gw_task
[2025-10-29T09:54:27.782+0000] {task_command.py:410} INFO - Running <TaskInstance: fpl_gameweeks_etl.fetch_players_gw_task manual__2025-10-29T09:53:59.418865+00:00 map_index=3 [running]> on host dede24b5451e
[2025-10-29T09:54:28.059+0000] {taskinstance.py:1547} INFO - Exporting env vars: AIRFLOW_CTX_DAG_OWNER='richardilemon' AIRFLOW_CTX_DAG_ID='fpl_gameweeks_etl' AIRFLOW_CTX_TASK_ID='fetch_players_gw_task' AIRFLOW_CTX_EXECUTION_DATE='2025-10-29T09:53:59.418865+00:00' AIRFLOW_CTX_TRY_NUMBER='1' AIRFLOW_CTX_DAG_RUN_ID='manual__2025-10-29T09:53:59.418865+00:00'
[2025-10-29T09:54:29.029+0000] {fetch_api_data.py:79} WARNING - Failed to fetch data for Petr_Cech_1: 404
[2025-10-29T09:54:30.151+0000] {fetch_api_data.py:79} WARNING - Failed to fetch data for Bernd_Leno_2: 404
[2025-10-29T09:54:31.270+0000] {fetch_api_data.py:79} WARNING - Failed to fetch data for Laurent_Koscielny_3: 404
[2025-10-29T09:54:32.317+0000] {fetch_api_data.py:79} WARNING - Failed to fetch data for Héctor_Bellerín_4: 404
[2025-10-29T09:54:33.979+0000] {fetch_api_data.py:79} WARNING - Failed to fetch data for Nacho_Monreal_5: 404
[2025-10-29T09:54:35.660+0000] {fetch_api_data.py:79} WARNING - Failed to fetch data for Rob_Holding_6: 404
[2025-10-29T09:54:37.146+0000] {fetch_api_data.py:79} WARNING - Failed to fetch data for Shkodran_Mustafi_7: 404
[2025-10-29T09:54:37.847+0000] {fetch_api_data.py:79} WARNING - Failed to fetch data for Sead_Kolasinac_8: 404
[2025-10-29T09:54:38.822+0000] {fetch_api_data.py:79} WARNING - Failed to fetch data for Konstantinos_Mavropanos_10: 404
[2025-10-29T09:54:40.080+0000] {fetch_api_data.py:79} WARNING - Failed to fetch data for Stephan_Lichtsteiner_11: 404
[2025-10-29T09:54:41.119+0000] {fetch_api_data.py:79} WARNING - Failed to fetch data for Sokratis_Papastathopoulos_12: 404
[2025-10-29T09:54:41.947+0000] {fetch_api_data.py:79} WARNING - Failed to fetch data for Mesut_Özil_13: 404
[2025-10-29T09:54:42.742+0000] {fetch_api_data.py:79} WARNING - Failed to fetch data for Aaron_Ramsey_14: 404
[2025-10-29T09:54:43.827+0000] {fetch_api_data.py:79} WARNING - Failed to fetch data for Alex_Iwobi_15: 404
[2025-10-29T09:54:45.285+0000] {fetch_api_data.py:79} WARNING - Failed to fetch data for Mohamed_Elneny_16: 404
[2025-10-29T09:54:47.285+0000] {fetch_api_data.py:79} WARNING - Failed to fetch data for Granit_Xhaka_17: 404
[2025-10-29T09:54:48.093+0000] {fetch_api_data.py:79} WARNING - Failed to fetch data for Henrikh_Mkhitaryan_18: 404
[2025-10-29T09:54:51.305+0000] {fetch_api_data.py:79} WARNING - Failed to fetch data for Reiss_Nelson_19: 404
[2025-10-29T09:54:52.786+0000] {fetch_api_data.py:79} WARNING - Failed to fetch data for Ainsley_Maitland-Niles_20: 404
[2025-10-29T09:54:54.958+0000] {fetch_api_data.py:79} WARNING - Failed to fetch data for Danny_Welbeck_21: 404
[2025-10-29T09:54:56.735+0000] {fetch_api_data.py:79} WARNING - Failed to fetch data for Alexandre_Lacazette_22: 404
[2025-10-29T09:54:57.546+0000] {fetch_api_data.py:79} WARNING - Failed to fetch data for Pierre-Emerick_Aubameyang_23: 404
[2025-10-29T09:54:58.303+0000] {fetch_api_data.py:79} WARNING - Failed to fetch data for Lucas_Torreira_450: 404
[2025-10-29T09:54:59.300+0000] {fetch_api_data.py:79} WARNING - Failed to fetch data for Matteo_Guendouzi_451: 404
[2025-10-29T09:55:00.628+0000] {fetch_api_data.py:79} WARNING - Failed to fetch data for Emiliano_Martínez_542: 404
[2025-10-29T09:55:02.343+0000] {fetch_api_data.py:79} WARNING - Failed to fetch data for Emile_Smith-Rowe_545: 404
[2025-10-29T09:55:03.067+0000] {fetch_api_data.py:79} WARNING - Failed to fetch data for Zech_Medley_546: 404
[2025-10-29T09:55:04.331+0000] {fetch_api_data.py:79} WARNING - Failed to fetch data for Edward_Nketiah_552: 404
[2025-10-29T09:55:05.812+0000] {fetch_api_data.py:79} WARNING - Failed to fetch data for Bukayo_Saka_563: 404
[2025-10-29T09:55:07.523+0000] {fetch_api_data.py:79} WARNING - Failed to fetch data for Joseph_Willock_566: 404
[2025-10-29T09:55:08.177+0000] {fetch_api_data.py:79} WARNING - Failed to fetch data for Carl_Jenkinson_581: 404
[2025-10-29T09:55:09.273+0000] {fetch_api_data.py:79} WARNING - Failed to fetch data for Denis_Suárez_586: 404
[2025-10-29T09:55:10.489+0000] {fetch_api_data.py:79} WARNING - Failed to fetch data for Asmir_Begovic_24: 404
[2025-10-29T09:55:11.503+0000] {fetch_api_data.py:79} WARNING - Failed to fetch data for Artur_Boruc_25: 404
[2025-10-29T09:55:12.572+0000] {fetch_api_data.py:79} WARNING - Failed to fetch data for Simon_Francis_26: 404
[2025-10-29T09:55:13.534+0000] {fetch_api_data.py:79} WARNING - Failed to fetch data for Steve_Cook_27: 404
[2025-10-29T09:55:15.117+0000] {fetch_api_data.py:79} WARNING - Failed to fetch data for Charlie_Daniels_28: 404
[2025-10-29T09:55:16.174+0000] {fetch_api_data.py:79} WARNING - Failed to fetch data for Adam_Smith_29: 404
[2025-10-29T09:55:17.209+0000] {fetch_api_data.py:79} WARNING - Failed to fetch data for Tyrone_Mings_30: 404
[2025-10-29T09:55:18.031+0000] {fetch_api_data.py:79} WARNING - Failed to fetch data for Nathan_Aké_31: 404
[2025-10-29T09:55:18.943+0000] {fetch_api_data.py:79} WARNING - Failed to fetch data for Jack_Simpson_32: 404
[2025-10-29T09:55:19.847+0000] {fetch_api_data.py:79} WARNING - Failed to fetch data for Marc_Pugh_34: 404
[2025-10-29T09:55:21.949+0000] {fetch_api_data.py:79} WARNING - Failed to fetch data for Andrew_Surman_35: 404
[2025-10-29T09:55:23.310+0000] {fetch_api_data.py:79} WARNING - Failed to fetch data for Junior_Stanislas_36: 404
[2025-10-29T09:55:26.233+0000] {fetch_api_data.py:79} WARNING - Failed to fetch data for Dan_Gosling_37: 404
[2025-10-29T09:55:27.657+0000] {fetch_api_data.py:79} WARNING - Failed to fetch data for Jordon_Ibe_38: 404
[2025-10-29T09:55:28.653+0000] {fetch_api_data.py:79} WARNING - Failed to fetch data for Lewis_Cook_39: 404
[2025-10-29T09:55:29.503+0000] {fetch_api_data.py:79} WARNING - Failed to fetch data for Ryan_Fraser_40: 404
[2025-10-29T09:55:30.980+0000] {fetch_api_data.py:79} WARNING - Failed to fetch data for Emerson_Hyndman_41: 404
[2025-10-29T09:55:32.580+0000] {fetch_api_data.py:79} WARNING - Failed to fetch data for David_Brooks_42: 404
[2025-10-29T09:55:34.127+0000] {fetch_api_data.py:79} WARNING - Failed to fetch data for Callum_Wilson_43: 404
[2025-10-29T09:55:35.351+0000] {fetch_api_data.py:79} WARNING - Failed to fetch data for Lys_Mousset_44: 404
[2025-10-29T09:55:37.573+0000] {fetch_api_data.py:79} WARNING - Failed to fetch data for Joshua_King_45: 404
[2025-10-29T09:55:39.287+0000] {fetch_api_data.py:79} WARNING - Failed to fetch data for Jermain_Defoe_46: 404
[2025-10-29T09:55:41.329+0000] {fetch_api_data.py:79} WARNING - Failed to fetch data for Nathaniel_Clyne_241: 404
[2025-10-29T09:55:43.096+0000] {fetch_api_data.py:79} WARNING - Failed to fetch data for Dominic_Solanke_259: 404
[2025-10-29T09:55:46.458+0000] {fetch_api_data.py:79} WARNING - Failed to fetch data for Diego_Rico_473: 404
[2025-10-29T09:55:51.669+0000] {fetch_api_data.py:79} WARNING - Failed to fetch data for Jefferson_Lerma_494: 404
[2025-10-29T09:56:03.378+0000] {fetch_api_data.py:79} WARNING - Failed to fetch data for Chris_Mepham_580: 404
[2025-10-29T09:56:04.631+0000] {fetch_api_data.py:79} WARNING - Failed to fetch data for Sam_Surridge_599: 404
[2025-10-29T09:56:12.146+0000] {fetch_api_data.py:79} WARNING - Failed to fetch data for Kyle_Taylor_600: 404
[2025-10-29T09:56:15.333+0000] {fetch_api_data.py:79} WARNING - Failed to fetch data for Nnamdi_Ofoborh_613: 404
[2025-10-29T09:56:16.471+0000] {fetch_api_data.py:79} WARNING - Failed to fetch data for Mark_Travers_616: 404
[2025-10-29T09:56:18.211+0000] {fetch_api_data.py:79} WARNING - Failed to fetch data for Matt_Butcher_620: 404
[2025-10-29T09:56:31.149+0000] {fetch_api_data.py:79} WARNING - Failed to fetch data for Mathew_Ryan_47: 404
[2025-10-29T09:56:35.605+0000] {fetch_api_data.py:79} WARNING - Failed to fetch data for Lewis_Dunk_48: 404
[2025-10-29T09:56:42.383+0000] {fetch_api_data.py:79} WARNING - Failed to fetch data for Shane_Duffy_49: 404
[2025-10-29T09:56:54.121+0000] {fetch_api_data.py:79} WARNING - Failed to fetch data for Bruno_Saltor Grau_50: 404
[2025-10-29T09:57:02.341+0000] {fetch_api_data.py:79} WARNING - Failed to fetch data for Gaëtan_Bong_51: 404
[2025-10-29T09:57:40.354+0000] {fetch_api_data.py:79} WARNING - Failed to fetch data for Markus_Suttner_52: 404
[2025-10-29T09:58:33.205+0000] {fetch_api_data.py:79} WARNING - Failed to fetch data for Ezequiel_Schelotto_53: 404
[2025-10-29T09:58:37.243+0000] {logging_mixin.py:150} INFO - An Error Occured fetching data from : https://raw.githubusercontent.com/vaastav/Fantasy-Premier-League/master/data/2021-22/players/Leon_Balogun_54/gw.csv -> HTTPSConnectionPool(host='raw.githubusercontent.com', port=443): Max retries exceeded with url: /vaastav/Fantasy-Premier-League/master/data/2021-22/players/Leon_Balogun_54/gw.csv (Caused by NewConnectionError('<urllib3.connection.HTTPSConnection object at 0x7b3621424950>: Failed to establish a new connection: [Errno -5] No address associated with hostname'))
[2025-10-29T09:58:37.249+0000] {python.py:183} INFO - Done. Returned value was: None
[2025-10-29T09:58:37.272+0000] {taskinstance.py:1350} INFO - Marking task as SUCCESS. dag_id=fpl_gameweeks_etl, task_id=fetch_players_gw_task, map_index=3, execution_date=20251029T095359, start_date=20251029T095427, end_date=20251029T095837
[2025-10-29T09:58:37.334+0000] {local_task_job_runner.py:225} INFO - Task exited with return code 0
[2025-10-29T09:58:37.417+0000] {taskinstance.py:2653} INFO - 0 downstream tasks scheduled from follow-on schedule check
