[2025-10-25T22:45:37.470+0000] {taskinstance.py:1103} INFO - Dependencies all met for dep_context=non-requeueable deps ti=<TaskInstance: fpl_gameweeks_etl.create_gameweeks_table manual__2025-10-25T22:45:35.750679+00:00 [queued]>
[2025-10-25T22:45:37.486+0000] {taskinstance.py:1103} INFO - Dependencies all met for dep_context=requeueable deps ti=<TaskInstance: fpl_gameweeks_etl.create_gameweeks_table manual__2025-10-25T22:45:35.750679+00:00 [queued]>
[2025-10-25T22:45:37.487+0000] {taskinstance.py:1308} INFO - Starting attempt 1 of 2
[2025-10-25T22:45:37.528+0000] {taskinstance.py:1327} INFO - Executing <Task(PostgresOperator): create_gameweeks_table> on 2025-10-25 22:45:35.750679+00:00
[2025-10-25T22:45:37.534+0000] {standard_task_runner.py:57} INFO - Started process 8930 to run task
[2025-10-25T22:45:37.542+0000] {standard_task_runner.py:84} INFO - Running: ['airflow', 'tasks', 'run', 'fpl_gameweeks_etl', 'create_gameweeks_table', 'manual__2025-10-25T22:45:35.750679+00:00', '--job-id', '6581', '--raw', '--subdir', 'DAGS_FOLDER/fpl_gameweeks_dag.py', '--cfg-path', '/tmp/tmpa43u99ly']
[2025-10-25T22:45:37.546+0000] {standard_task_runner.py:85} INFO - Job 6581: Subtask create_gameweeks_table
[2025-10-25T22:45:37.844+0000] {task_command.py:410} INFO - Running <TaskInstance: fpl_gameweeks_etl.create_gameweeks_table manual__2025-10-25T22:45:35.750679+00:00 [running]> on host 754e4af34fcd
[2025-10-25T22:45:38.018+0000] {taskinstance.py:1547} INFO - Exporting env vars: AIRFLOW_CTX_DAG_OWNER='richardilemon' AIRFLOW_CTX_DAG_ID='fpl_gameweeks_etl' AIRFLOW_CTX_TASK_ID='create_gameweeks_table' AIRFLOW_CTX_EXECUTION_DATE='2025-10-25T22:45:35.750679+00:00' AIRFLOW_CTX_TRY_NUMBER='1' AIRFLOW_CTX_DAG_RUN_ID='manual__2025-10-25T22:45:35.750679+00:00'
[2025-10-25T22:45:38.019+0000] {sql.py:265} INFO - Executing: 
            CREATE TABLE IF NOT EXISTS game_weeks (
                season TEXT,
                gameweek INTEGER,
                deadline TIMESTAMP,
                PRIMARY KEY (season, gameweek)
            );
        
[2025-10-25T22:45:38.044+0000] {base.py:73} INFO - Using connection ID 'fpl_db_conn' for task execution.
[2025-10-25T22:45:38.169+0000] {base.py:73} INFO - Using connection ID 'fpl_db_conn' for task execution.
[2025-10-25T22:45:38.182+0000] {sql.py:375} INFO - Running statement: 
            CREATE TABLE IF NOT EXISTS game_weeks (
                season TEXT,
                gameweek INTEGER,
                deadline TIMESTAMP,
                PRIMARY KEY (season, gameweek)
            );
        , parameters: None
[2025-10-25T22:45:38.202+0000] {taskinstance.py:1350} INFO - Marking task as SUCCESS. dag_id=fpl_gameweeks_etl, task_id=create_gameweeks_table, execution_date=20251025T224535, start_date=20251025T224537, end_date=20251025T224538
[2025-10-25T22:45:38.283+0000] {local_task_job_runner.py:225} INFO - Task exited with return code 0
[2025-10-25T22:45:38.497+0000] {taskinstance.py:2653} INFO - 7 downstream tasks scheduled from follow-on schedule check
