[2025-10-29T15:23:43.982+0000] {taskinstance.py:1103} INFO - Dependencies all met for dep_context=non-requeueable deps ti=<TaskInstance: fpl_gameweeks_etl.fetch_players_gw_task manual__2025-10-29T15:23:13.844230+00:00 map_index=5 [queued]>
[2025-10-29T15:23:44.033+0000] {taskinstance.py:1103} INFO - Dependencies all met for dep_context=requeueable deps ti=<TaskInstance: fpl_gameweeks_etl.fetch_players_gw_task manual__2025-10-29T15:23:13.844230+00:00 map_index=5 [queued]>
[2025-10-29T15:23:44.037+0000] {taskinstance.py:1308} INFO - Starting attempt 1 of 2
[2025-10-29T15:23:44.481+0000] {taskinstance.py:1327} INFO - Executing <Mapped(_PythonDecoratedOperator): fetch_players_gw_task> on 2025-10-29 15:23:13.844230+00:00
[2025-10-29T15:23:44.504+0000] {standard_task_runner.py:57} INFO - Started process 21153 to run task
[2025-10-29T15:23:44.513+0000] {standard_task_runner.py:84} INFO - Running: ['airflow', 'tasks', 'run', 'fpl_gameweeks_etl', 'fetch_players_gw_task', 'manual__2025-10-29T15:23:13.844230+00:00', '--job-id', '1323', '--raw', '--subdir', 'DAGS_FOLDER/fpl_gameweeks_dag.py', '--cfg-path', '/tmp/tmpc93x2h87', '--map-index', '5']
[2025-10-29T15:23:44.517+0000] {standard_task_runner.py:85} INFO - Job 1323: Subtask fetch_players_gw_task
[2025-10-29T15:23:44.796+0000] {task_command.py:410} INFO - Running <TaskInstance: fpl_gameweeks_etl.fetch_players_gw_task manual__2025-10-29T15:23:13.844230+00:00 map_index=5 [running]> on host dede24b5451e
[2025-10-29T15:23:45.322+0000] {taskinstance.py:1547} INFO - Exporting env vars: AIRFLOW_CTX_DAG_OWNER='richardilemon' AIRFLOW_CTX_DAG_ID='fpl_gameweeks_etl' AIRFLOW_CTX_TASK_ID='fetch_players_gw_task' AIRFLOW_CTX_EXECUTION_DATE='2025-10-29T15:23:13.844230+00:00' AIRFLOW_CTX_TRY_NUMBER='1' AIRFLOW_CTX_DAG_RUN_ID='manual__2025-10-29T15:23:13.844230+00:00'
[2025-10-29T15:23:46.560+0000] {fetch_api_data.py:98} WARNING - Failed to fetch data for Petr_Cech_1: 404
[2025-10-29T15:23:47.332+0000] {fetch_api_data.py:98} WARNING - Failed to fetch data for Bernd_Leno_2: 404
[2025-10-29T15:23:48.064+0000] {fetch_api_data.py:98} WARNING - Failed to fetch data for Laurent_Koscielny_3: 404
[2025-10-29T15:23:48.968+0000] {fetch_api_data.py:98} WARNING - Failed to fetch data for Héctor_Bellerín_4: 404
[2025-10-29T15:23:49.564+0000] {fetch_api_data.py:98} WARNING - Failed to fetch data for Nacho_Monreal_5: 404
[2025-10-29T15:23:50.907+0000] {fetch_api_data.py:98} WARNING - Failed to fetch data for Rob_Holding_6: 404
[2025-10-29T15:23:52.355+0000] {fetch_api_data.py:98} WARNING - Failed to fetch data for Shkodran_Mustafi_7: 404
[2025-10-29T15:23:53.749+0000] {fetch_api_data.py:98} WARNING - Failed to fetch data for Sead_Kolasinac_8: 404
[2025-10-29T15:23:54.319+0000] {fetch_api_data.py:98} WARNING - Failed to fetch data for Konstantinos_Mavropanos_10: 404
[2025-10-29T15:23:54.933+0000] {fetch_api_data.py:98} WARNING - Failed to fetch data for Stephan_Lichtsteiner_11: 404
[2025-10-29T15:23:55.557+0000] {fetch_api_data.py:98} WARNING - Failed to fetch data for Sokratis_Papastathopoulos_12: 404
[2025-10-29T15:23:56.210+0000] {fetch_api_data.py:98} WARNING - Failed to fetch data for Mesut_Özil_13: 404
[2025-10-29T15:23:56.817+0000] {fetch_api_data.py:98} WARNING - Failed to fetch data for Aaron_Ramsey_14: 404
[2025-10-29T15:23:57.467+0000] {fetch_api_data.py:98} WARNING - Failed to fetch data for Alex_Iwobi_15: 404
[2025-10-29T15:23:58.072+0000] {fetch_api_data.py:98} WARNING - Failed to fetch data for Mohamed_Elneny_16: 404
[2025-10-29T15:23:58.708+0000] {fetch_api_data.py:98} WARNING - Failed to fetch data for Granit_Xhaka_17: 404
[2025-10-29T15:23:59.291+0000] {fetch_api_data.py:98} WARNING - Failed to fetch data for Henrikh_Mkhitaryan_18: 404
[2025-10-29T15:23:59.918+0000] {fetch_api_data.py:98} WARNING - Failed to fetch data for Reiss_Nelson_19: 404
[2025-10-29T15:24:00.601+0000] {fetch_api_data.py:98} WARNING - Failed to fetch data for Ainsley_Maitland-Niles_20: 404
[2025-10-29T15:24:01.190+0000] {fetch_api_data.py:98} WARNING - Failed to fetch data for Danny_Welbeck_21: 404
[2025-10-29T15:24:01.808+0000] {fetch_api_data.py:98} WARNING - Failed to fetch data for Alexandre_Lacazette_22: 404
[2025-10-29T15:24:02.412+0000] {fetch_api_data.py:98} WARNING - Failed to fetch data for Pierre-Emerick_Aubameyang_23: 404
[2025-10-29T15:24:03.009+0000] {fetch_api_data.py:98} WARNING - Failed to fetch data for Lucas_Torreira_450: 404
[2025-10-29T15:24:03.610+0000] {fetch_api_data.py:98} WARNING - Failed to fetch data for Matteo_Guendouzi_451: 404
[2025-10-29T15:24:04.236+0000] {fetch_api_data.py:98} WARNING - Failed to fetch data for Emiliano_Martínez_542: 404
[2025-10-29T15:24:04.824+0000] {fetch_api_data.py:98} WARNING - Failed to fetch data for Emile_Smith-Rowe_545: 404
[2025-10-29T15:24:05.504+0000] {fetch_api_data.py:98} WARNING - Failed to fetch data for Zech_Medley_546: 404
[2025-10-29T15:24:06.091+0000] {fetch_api_data.py:98} WARNING - Failed to fetch data for Edward_Nketiah_552: 404
[2025-10-29T15:24:06.658+0000] {fetch_api_data.py:98} WARNING - Failed to fetch data for Bukayo_Saka_563: 404
[2025-10-29T15:24:07.346+0000] {fetch_api_data.py:98} WARNING - Failed to fetch data for Joseph_Willock_566: 404
[2025-10-29T15:24:07.979+0000] {fetch_api_data.py:98} WARNING - Failed to fetch data for Carl_Jenkinson_581: 404
[2025-10-29T15:24:08.674+0000] {fetch_api_data.py:98} WARNING - Failed to fetch data for Denis_Suárez_586: 404
[2025-10-29T15:24:09.338+0000] {fetch_api_data.py:98} WARNING - Failed to fetch data for Asmir_Begovic_24: 404
[2025-10-29T15:24:09.976+0000] {fetch_api_data.py:98} WARNING - Failed to fetch data for Artur_Boruc_25: 404
[2025-10-29T15:24:10.651+0000] {fetch_api_data.py:98} WARNING - Failed to fetch data for Simon_Francis_26: 404
[2025-10-29T15:24:11.546+0000] {fetch_api_data.py:98} WARNING - Failed to fetch data for Steve_Cook_27: 404
[2025-10-29T15:24:12.240+0000] {fetch_api_data.py:98} WARNING - Failed to fetch data for Charlie_Daniels_28: 404
[2025-10-29T15:24:12.894+0000] {fetch_api_data.py:98} WARNING - Failed to fetch data for Adam_Smith_29: 404
[2025-10-29T15:24:13.497+0000] {fetch_api_data.py:98} WARNING - Failed to fetch data for Tyrone_Mings_30: 404
[2025-10-29T15:24:14.103+0000] {fetch_api_data.py:98} WARNING - Failed to fetch data for Nathan_Aké_31: 404
[2025-10-29T15:24:14.771+0000] {fetch_api_data.py:98} WARNING - Failed to fetch data for Jack_Simpson_32: 404
[2025-10-29T15:24:15.456+0000] {fetch_api_data.py:98} WARNING - Failed to fetch data for Marc_Pugh_34: 404
[2025-10-29T15:24:16.117+0000] {fetch_api_data.py:98} WARNING - Failed to fetch data for Andrew_Surman_35: 404
[2025-10-29T15:24:16.722+0000] {fetch_api_data.py:98} WARNING - Failed to fetch data for Junior_Stanislas_36: 404
[2025-10-29T15:24:17.387+0000] {fetch_api_data.py:98} WARNING - Failed to fetch data for Dan_Gosling_37: 404
[2025-10-29T15:24:18.051+0000] {fetch_api_data.py:98} WARNING - Failed to fetch data for Jordon_Ibe_38: 404
[2025-10-29T15:24:18.690+0000] {fetch_api_data.py:98} WARNING - Failed to fetch data for Lewis_Cook_39: 404
[2025-10-29T15:24:19.288+0000] {fetch_api_data.py:98} WARNING - Failed to fetch data for Ryan_Fraser_40: 404
[2025-10-29T15:24:20.025+0000] {fetch_api_data.py:98} WARNING - Failed to fetch data for Emerson_Hyndman_41: 404
[2025-10-29T15:24:20.636+0000] {fetch_api_data.py:98} WARNING - Failed to fetch data for David_Brooks_42: 404
[2025-10-29T15:24:21.256+0000] {fetch_api_data.py:98} WARNING - Failed to fetch data for Callum_Wilson_43: 404
[2025-10-29T15:24:21.877+0000] {fetch_api_data.py:98} WARNING - Failed to fetch data for Lys_Mousset_44: 404
[2025-10-29T15:24:22.541+0000] {fetch_api_data.py:98} WARNING - Failed to fetch data for Joshua_King_45: 404
[2025-10-29T15:24:23.187+0000] {fetch_api_data.py:98} WARNING - Failed to fetch data for Jermain_Defoe_46: 404
[2025-10-29T15:24:23.872+0000] {fetch_api_data.py:98} WARNING - Failed to fetch data for Nathaniel_Clyne_241: 404
[2025-10-29T15:24:24.581+0000] {fetch_api_data.py:98} WARNING - Failed to fetch data for Dominic_Solanke_259: 404
[2025-10-29T15:24:25.337+0000] {fetch_api_data.py:98} WARNING - Failed to fetch data for Diego_Rico_473: 404
[2025-10-29T15:24:26.002+0000] {fetch_api_data.py:98} WARNING - Failed to fetch data for Jefferson_Lerma_494: 404
[2025-10-29T15:24:26.599+0000] {fetch_api_data.py:98} WARNING - Failed to fetch data for Chris_Mepham_580: 404
[2025-10-29T15:24:27.327+0000] {fetch_api_data.py:98} WARNING - Failed to fetch data for Sam_Surridge_599: 404
[2025-10-29T15:24:28.006+0000] {fetch_api_data.py:98} WARNING - Failed to fetch data for Kyle_Taylor_600: 404
[2025-10-29T15:24:28.652+0000] {fetch_api_data.py:98} WARNING - Failed to fetch data for Nnamdi_Ofoborh_613: 404
[2025-10-29T15:24:29.258+0000] {fetch_api_data.py:98} WARNING - Failed to fetch data for Mark_Travers_616: 404
[2025-10-29T15:24:29.855+0000] {fetch_api_data.py:98} WARNING - Failed to fetch data for Matt_Butcher_620: 404
[2025-10-29T15:24:30.461+0000] {fetch_api_data.py:98} WARNING - Failed to fetch data for Mathew_Ryan_47: 404
[2025-10-29T15:24:31.041+0000] {fetch_api_data.py:98} WARNING - Failed to fetch data for Lewis_Dunk_48: 404
[2025-10-29T15:24:31.743+0000] {fetch_api_data.py:98} WARNING - Failed to fetch data for Shane_Duffy_49: 404
[2025-10-29T15:24:32.383+0000] {fetch_api_data.py:98} WARNING - Failed to fetch data for Bruno_Saltor Grau_50: 404
[2025-10-29T15:24:32.947+0000] {fetch_api_data.py:98} WARNING - Failed to fetch data for Gaëtan_Bong_51: 404
[2025-10-29T15:24:33.533+0000] {fetch_api_data.py:98} WARNING - Failed to fetch data for Markus_Suttner_52: 404
[2025-10-29T15:24:34.106+0000] {fetch_api_data.py:98} WARNING - Failed to fetch data for Ezequiel_Schelotto_53: 404
[2025-10-29T15:24:34.704+0000] {fetch_api_data.py:98} WARNING - Failed to fetch data for Leon_Balogun_54: 404
[2025-10-29T15:24:35.293+0000] {fetch_api_data.py:98} WARNING - Failed to fetch data for Anthony_Knockaert_55: 404
[2025-10-29T15:24:35.865+0000] {fetch_api_data.py:98} WARNING - Failed to fetch data for Dale_Stephens_56: 404
[2025-10-29T15:24:36.515+0000] {fetch_api_data.py:98} WARNING - Failed to fetch data for Beram_Kayal_57: 404
[2025-10-29T15:24:37.096+0000] {fetch_api_data.py:98} WARNING - Failed to fetch data for Solomon_March_58: 404
[2025-10-29T15:24:37.699+0000] {fetch_api_data.py:98} WARNING - Failed to fetch data for Pascal_Groß_59: 404
[2025-10-29T15:24:38.308+0000] {fetch_api_data.py:98} WARNING - Failed to fetch data for Davy_Pröpper_60: 404
[2025-10-29T15:24:38.878+0000] {fetch_api_data.py:98} WARNING - Failed to fetch data for José Heriberto_Izquierdo Mena_61: 404
[2025-10-29T15:24:39.464+0000] {fetch_api_data.py:98} WARNING - Failed to fetch data for Glenn_Murray_62: 404
[2025-10-29T15:24:40.091+0000] {fetch_api_data.py:98} WARNING - Failed to fetch data for Tomer_Hemed_63: 404
[2025-10-29T15:24:40.825+0000] {fetch_api_data.py:98} WARNING - Failed to fetch data for Sam_Baldock_64: 404
[2025-10-29T15:24:41.460+0000] {fetch_api_data.py:98} WARNING - Failed to fetch data for Jürgen_Locadia_65: 404
[2025-10-29T15:24:42.051+0000] {fetch_api_data.py:98} WARNING - Failed to fetch data for Florin_Andone_66: 404
[2025-10-29T15:24:42.644+0000] {fetch_api_data.py:98} WARNING - Failed to fetch data for David_Button_179: 404
[2025-10-29T15:24:43.231+0000] {fetch_api_data.py:98} WARNING - Failed to fetch data for Jason_Steele_439: 404
[2025-10-29T15:24:43.854+0000] {fetch_api_data.py:98} WARNING - Failed to fetch data for Bernardo_Fernandes da Silva Junior_440: 404
[2025-10-29T15:24:44.435+0000] {fetch_api_data.py:98} WARNING - Failed to fetch data for Yves_Bissouma_466: 404
[2025-10-29T15:24:45.053+0000] {fetch_api_data.py:98} WARNING - Failed to fetch data for Alireza_Jahanbakhsh_476: 404
[2025-10-29T15:24:45.630+0000] {fetch_api_data.py:98} WARNING - Failed to fetch data for Martín_Montoya_503: 404
[2025-10-29T15:24:46.216+0000] {fetch_api_data.py:98} WARNING - Failed to fetch data for Viktor_Gyokeres_551: 404
[2025-10-29T15:24:46.823+0000] {fetch_api_data.py:98} WARNING - Failed to fetch data for Ben_White_559: 404
[2025-10-29T15:24:47.432+0000] {fetch_api_data.py:98} WARNING - Failed to fetch data for Max_Sanders_572: 404
[2025-10-29T15:24:48.015+0000] {fetch_api_data.py:98} WARNING - Failed to fetch data for Dan_Burn_582: 404
[2025-10-29T15:24:48.606+0000] {fetch_api_data.py:98} WARNING - Failed to fetch data for Jayson_Molumby_617: 404
[2025-10-29T15:24:49.212+0000] {fetch_api_data.py:98} WARNING - Failed to fetch data for Tom_Heaton_67: 404
[2025-10-29T15:24:49.806+0000] {fetch_api_data.py:98} WARNING - Failed to fetch data for Nick_Pope_68: 404
[2025-10-29T15:24:50.409+0000] {fetch_api_data.py:98} WARNING - Failed to fetch data for Matthew_Lowton_69: 404
[2025-10-29T15:24:50.974+0000] {fetch_api_data.py:98} WARNING - Failed to fetch data for Ben_Mee_70: 404
[2025-10-29T15:24:51.575+0000] {fetch_api_data.py:98} WARNING - Failed to fetch data for Stephen_Ward_71: 404
[2025-10-29T15:24:52.174+0000] {fetch_api_data.py:98} WARNING - Failed to fetch data for James_Tarkowski_72: 404
[2025-10-29T15:24:52.851+0000] {fetch_api_data.py:98} WARNING - Failed to fetch data for Kevin_Long_73: 404
[2025-10-29T15:24:53.451+0000] {fetch_api_data.py:98} WARNING - Failed to fetch data for Charlie_Taylor_74: 404
[2025-10-29T15:24:54.071+0000] {fetch_api_data.py:98} WARNING - Failed to fetch data for Phil_Bardsley_75: 404
[2025-10-29T15:24:54.670+0000] {fetch_api_data.py:98} WARNING - Failed to fetch data for Johann Berg_Gudmundsson_76: 404
[2025-10-29T15:24:55.370+0000] {fetch_api_data.py:98} WARNING - Failed to fetch data for Steven_Defour_77: 404
[2025-10-29T15:24:56.097+0000] {fetch_api_data.py:98} WARNING - Failed to fetch data for Jeff_Hendrick_78: 404
[2025-10-29T15:24:56.677+0000] {fetch_api_data.py:98} WARNING - Failed to fetch data for Robbie_Brady_79: 404
[2025-10-29T15:24:57.325+0000] {fetch_api_data.py:98} WARNING - Failed to fetch data for Ashley_Westwood_80: 404
[2025-10-29T15:24:57.913+0000] {fetch_api_data.py:98} WARNING - Failed to fetch data for Jonathan_Walters_81: 404
[2025-10-29T15:24:58.507+0000] {fetch_api_data.py:98} WARNING - Failed to fetch data for Jack_Cork_82: 404
[2025-10-29T15:24:59.214+0000] {fetch_api_data.py:98} WARNING - Failed to fetch data for Aaron_Lennon_83: 404
[2025-10-29T15:24:59.797+0000] {fetch_api_data.py:98} WARNING - Failed to fetch data for Sam_Vokes_84: 404
[2025-10-29T15:25:00.366+0000] {fetch_api_data.py:98} WARNING - Failed to fetch data for Ashley_Barnes_85: 404
[2025-10-29T15:25:00.990+0000] {fetch_api_data.py:98} WARNING - Failed to fetch data for Nahki_Wells_86: 404
[2025-10-29T15:25:01.567+0000] {fetch_api_data.py:98} WARNING - Failed to fetch data for Chris_Wood_87: 404
[2025-10-29T15:25:02.132+0000] {fetch_api_data.py:98} WARNING - Failed to fetch data for Anders_Lindegaard_485: 404
[2025-10-29T15:25:02.733+0000] {fetch_api_data.py:98} WARNING - Failed to fetch data for Joe_Hart_490: 404
[2025-10-29T15:25:03.316+0000] {fetch_api_data.py:98} WARNING - Failed to fetch data for Ben_Gibson_491: 404
[2025-10-29T15:25:03.926+0000] {fetch_api_data.py:98} WARNING - Failed to fetch data for Matej_Vydra_495: 404
[2025-10-29T15:25:04.568+0000] {fetch_api_data.py:98} WARNING - Failed to fetch data for Dwight_McNeil_534: 404
[2025-10-29T15:25:05.151+0000] {fetch_api_data.py:98} WARNING - Failed to fetch data for Abd-Al-Ali Morakinyo Olaposi_Koiki_564: 404
[2025-10-29T15:25:05.782+0000] {fetch_api_data.py:98} WARNING - Failed to fetch data for Josh_Benson_583: 404
[2025-10-29T15:25:06.426+0000] {fetch_api_data.py:98} WARNING - Failed to fetch data for Peter_Crouch_590: 404
[2025-10-29T15:25:07.076+0000] {fetch_api_data.py:98} WARNING - Failed to fetch data for Anthony_Driscoll-Glennon_615: 404
[2025-10-29T15:25:07.663+0000] {fetch_api_data.py:98} WARNING - Failed to fetch data for Harry_Arter_33: 404
[2025-10-29T15:25:08.248+0000] {fetch_api_data.py:98} WARNING - Failed to fetch data for Neil_Etheridge_88: 404
[2025-10-29T15:25:08.832+0000] {fetch_api_data.py:98} WARNING - Failed to fetch data for Alex_Smithies_89: 404
[2025-10-29T15:25:09.421+0000] {fetch_api_data.py:98} WARNING - Failed to fetch data for Sean_Morrison_90: 404
[2025-10-29T15:25:10.007+0000] {fetch_api_data.py:98} WARNING - Failed to fetch data for Sol_Bamba_91: 404
[2025-10-29T15:25:10.657+0000] {fetch_api_data.py:98} WARNING - Failed to fetch data for Bruno_Ecuele Manga_92: 404
[2025-10-29T15:25:11.248+0000] {fetch_api_data.py:98} WARNING - Failed to fetch data for Matthew_Connolly_93: 404
[2025-10-29T15:25:11.857+0000] {fetch_api_data.py:98} WARNING - Failed to fetch data for Joe_Bennett_94: 404
[2025-10-29T15:25:12.437+0000] {fetch_api_data.py:98} WARNING - Failed to fetch data for Lee_Peltier_95: 404
[2025-10-29T15:25:13.024+0000] {fetch_api_data.py:98} WARNING - Failed to fetch data for Ashley Darel Jazz_Richards_96: 404
[2025-10-29T15:25:13.611+0000] {fetch_api_data.py:98} WARNING - Failed to fetch data for Greg_Halford_97: 404
[2025-10-29T15:25:14.240+0000] {fetch_api_data.py:98} WARNING - Failed to fetch data for Joe_Ralls_98: 404
[2025-10-29T15:25:14.794+0000] {fetch_api_data.py:98} WARNING - Failed to fetch data for David Junior_Hoilett_99: 404
[2025-10-29T15:25:15.377+0000] {fetch_api_data.py:98} WARNING - Failed to fetch data for Nathaniel_Mendez-Laing_100: 404
[2025-10-29T15:25:15.997+0000] {fetch_api_data.py:98} WARNING - Failed to fetch data for Callum_Paterson_101: 404
[2025-10-29T15:25:16.555+0000] {fetch_api_data.py:98} WARNING - Failed to fetch data for Aron_Gunnarsson_102: 404
[2025-10-29T15:25:17.178+0000] {fetch_api_data.py:98} WARNING - Failed to fetch data for Anthony_Pilkington_103: 404
[2025-10-29T15:25:17.750+0000] {fetch_api_data.py:98} WARNING - Failed to fetch data for Loïc_Damour_104: 404
[2025-10-29T15:25:18.368+0000] {fetch_api_data.py:98} WARNING - Failed to fetch data for Danny_Ward_105: 404
[2025-10-29T15:25:18.932+0000] {fetch_api_data.py:98} WARNING - Failed to fetch data for Josh_Murphy_106: 404
[2025-10-29T15:25:19.516+0000] {fetch_api_data.py:98} WARNING - Failed to fetch data for Kenneth_Zohore_107: 404
[2025-10-29T15:25:20.148+0000] {fetch_api_data.py:98} WARNING - Failed to fetch data for Omar_Bogle_108: 404
[2025-10-29T15:25:20.777+0000] {fetch_api_data.py:98} WARNING - Failed to fetch data for Gary_Madine_109: 404
[2025-10-29T15:25:21.340+0000] {fetch_api_data.py:98} WARNING - Failed to fetch data for Bobby_Reid_110: 404
[2025-10-29T15:25:21.930+0000] {fetch_api_data.py:98} WARNING - Failed to fetch data for Oumar_Niasse_176: 404
[2025-10-29T15:25:22.551+0000] {fetch_api_data.py:98} WARNING - Failed to fetch data for Greg_Cunninghamm_467: 404
[2025-10-29T15:25:23.123+0000] {fetch_api_data.py:98} WARNING - Failed to fetch data for Víctor_Camarasa_504: 404
[2025-10-29T15:25:23.884+0000] {fetch_api_data.py:98} WARNING - Failed to fetch data for Kadeem_Harris_535: 404
[2025-10-29T15:25:24.500+0000] {fetch_api_data.py:98} WARNING - Failed to fetch data for Brian_Murphy_537: 404
[2025-10-29T15:25:25.251+0000] {fetch_api_data.py:98} WARNING - Failed to fetch data for Rhys_Healey_573: 404
[2025-10-29T15:25:25.916+0000] {fetch_api_data.py:98} WARNING - Failed to fetch data for Leandro_Bacuna_589: 404
[2025-10-29T15:25:26.467+0000] {fetch_api_data.py:98} WARNING - Failed to fetch data for Thibaut_Courtois_111: 404
[2025-10-29T15:25:27.069+0000] {fetch_api_data.py:98} WARNING - Failed to fetch data for Willy_Caballero_112: 404
[2025-10-29T15:25:27.636+0000] {fetch_api_data.py:98} WARNING - Failed to fetch data for César_Azpilicueta_113: 404
[2025-10-29T15:25:28.337+0000] {fetch_api_data.py:98} WARNING - Failed to fetch data for Gary_Cahill_114: 404
[2025-10-29T15:25:29.003+0000] {fetch_api_data.py:98} WARNING - Failed to fetch data for Marcos_Alonso_115: 404
[2025-10-29T15:25:29.792+0000] {fetch_api_data.py:98} WARNING - Failed to fetch data for David_Luiz Moreira Marinho_116: 404
[2025-10-29T15:25:30.391+0000] {fetch_api_data.py:98} WARNING - Failed to fetch data for Victor_Moses_117: 404
[2025-10-29T15:25:31.014+0000] {fetch_api_data.py:98} WARNING - Failed to fetch data for Antonio_Rüdiger_118: 404
[2025-10-29T15:25:31.626+0000] {fetch_api_data.py:98} WARNING - Failed to fetch data for Andreas_Christensen_119: 404
[2025-10-29T15:25:32.306+0000] {fetch_api_data.py:98} WARNING - Failed to fetch data for Davide_Zappacosta_120: 404
[2025-10-29T15:25:32.898+0000] {fetch_api_data.py:98} WARNING - Failed to fetch data for Emerson_Palmieri dos Santos_121: 404
[2025-10-29T15:25:33.567+0000] {fetch_api_data.py:98} WARNING - Failed to fetch data for Eden_Hazard_122: 404
[2025-10-29T15:25:34.147+0000] {fetch_api_data.py:98} WARNING - Failed to fetch data for Cesc_Fàbregas_123: 404
[2025-10-29T15:25:34.732+0000] {fetch_api_data.py:98} WARNING - Failed to fetch data for Willian_Borges Da Silva_124: 404
[2025-10-29T15:25:35.334+0000] {fetch_api_data.py:98} WARNING - Failed to fetch data for Pedro_Rodríguez Ledesma_125: 404
[2025-10-29T15:25:35.931+0000] {fetch_api_data.py:98} WARNING - Failed to fetch data for N'Golo_Kanté_126: 404
[2025-10-29T15:25:36.526+0000] {fetch_api_data.py:98} WARNING - Failed to fetch data for Ross_Barkley_127: 404
[2025-10-29T15:25:37.371+0000] {fetch_api_data.py:98} WARNING - Failed to fetch data for Daniel_Drinkwater_128: 404
[2025-10-29T15:25:37.996+0000] {fetch_api_data.py:98} WARNING - Failed to fetch data for Tiemoué_Bakayoko_129: 404
[2025-10-29T15:25:38.700+0000] {fetch_api_data.py:98} WARNING - Failed to fetch data for Ethan_Ampadu_130: 404
[2025-10-29T15:25:39.322+0000] {fetch_api_data.py:98} WARNING - Failed to fetch data for Callum_Hudson-Odoi_131: 404
[2025-10-29T15:25:40.005+0000] {fetch_api_data.py:98} WARNING - Failed to fetch data for Ruben_Loftus-Cheek_132: 404
[2025-10-29T15:25:40.674+0000] {fetch_api_data.py:98} WARNING - Failed to fetch data for Olivier_Giroud_133: 404
[2025-10-29T15:25:41.234+0000] {fetch_api_data.py:98} WARNING - Failed to fetch data for Álvaro_Morata_134: 404
[2025-10-29T15:25:41.856+0000] {fetch_api_data.py:98} WARNING - Failed to fetch data for Jorge Luiz_Frello Filho_459: 404
[2025-10-29T15:25:42.429+0000] {fetch_api_data.py:98} WARNING - Failed to fetch data for Tammy_Abraham_496: 404
[2025-10-29T15:25:43.002+0000] {fetch_api_data.py:98} WARNING - Failed to fetch data for Kepa_Arrizabalaga_498: 404
[2025-10-29T15:25:43.620+0000] {fetch_api_data.py:98} WARNING - Failed to fetch data for Mateo_Kovacic_499: 404
[2025-10-29T15:25:44.262+0000] {fetch_api_data.py:98} WARNING - Failed to fetch data for Gonzalo_Higuaín_579: 404
[2025-10-29T15:25:44.832+0000] {fetch_api_data.py:98} WARNING - Failed to fetch data for Addji Keaninkin Marc-Israel_Guehi_624: 404
[2025-10-29T15:25:45.453+0000] {fetch_api_data.py:98} WARNING - Failed to fetch data for Wayne_Hennessey_135: 404
[2025-10-29T15:25:46.028+0000] {fetch_api_data.py:98} WARNING - Failed to fetch data for Julian_Speroni_136: 404
[2025-10-29T15:25:46.613+0000] {fetch_api_data.py:98} WARNING - Failed to fetch data for Vicente_Guaita_137: 404
[2025-10-29T15:25:47.319+0000] {fetch_api_data.py:98} WARNING - Failed to fetch data for James_Tomkins_138: 404
[2025-10-29T15:25:47.934+0000] {fetch_api_data.py:98} WARNING - Failed to fetch data for Scott_Dann_139: 404
[2025-10-29T15:25:48.544+0000] {fetch_api_data.py:98} WARNING - Failed to fetch data for Martin_Kelly_140: 404
[2025-10-29T15:25:49.100+0000] {fetch_api_data.py:98} WARNING - Failed to fetch data for Jeffrey_Schlupp_141: 404
[2025-10-29T15:25:49.689+0000] {fetch_api_data.py:98} WARNING - Failed to fetch data for Patrick_van Aanholt_142: 404
[2025-10-29T15:25:50.318+0000] {fetch_api_data.py:98} WARNING - Failed to fetch data for Mamadou_Sakho_143: 404
[2025-10-29T15:25:51.054+0000] {fetch_api_data.py:98} WARNING - Failed to fetch data for Jairo_Riedewald_144: 404
[2025-10-29T15:25:51.899+0000] {fetch_api_data.py:98} WARNING - Failed to fetch data for Aaron_Wan-Bissaka_145: 404
[2025-10-29T15:25:52.729+0000] {fetch_api_data.py:98} WARNING - Failed to fetch data for James_McArthur_147: 404
[2025-10-29T15:25:53.494+0000] {fetch_api_data.py:98} WARNING - Failed to fetch data for Bakary_Sako_148: 404
[2025-10-29T15:25:54.213+0000] {fetch_api_data.py:98} WARNING - Failed to fetch data for Andros_Townsend_149: 404
[2025-10-29T15:25:54.836+0000] {fetch_api_data.py:98} WARNING - Failed to fetch data for Luka_Milivojevic_150: 404
[2025-10-29T15:25:55.449+0000] {fetch_api_data.py:98} WARNING - Failed to fetch data for Wilfried_Zaha_151: 404
[2025-10-29T15:25:56.046+0000] {fetch_api_data.py:98} WARNING - Failed to fetch data for Christian_Benteke_152: 404
[2025-10-29T15:25:56.749+0000] {fetch_api_data.py:98} WARNING - Failed to fetch data for Alexander_Sørloth_153: 404
[2025-10-29T15:25:57.377+0000] {fetch_api_data.py:98} WARNING - Failed to fetch data for Cheikhou_Kouyaté_412: 404
[2025-10-29T15:25:57.987+0000] {fetch_api_data.py:98} WARNING - Failed to fetch data for Joel_Ward_441: 404
[2025-10-29T15:25:58.556+0000] {fetch_api_data.py:98} WARNING - Failed to fetch data for Jaroslaw_Jach_442: 404
[2025-10-29T15:25:59.167+0000] {fetch_api_data.py:98} WARNING - Failed to fetch data for Pape_Souaré_443: 404
[2025-10-29T15:25:59.777+0000] {fetch_api_data.py:98} WARNING - Failed to fetch data for Connor_Wickham_444: 404
[2025-10-29T15:26:00.412+0000] {fetch_api_data.py:98} WARNING - Failed to fetch data for Sullay_Kaikai_477: 404
[2025-10-29T15:26:01.014+0000] {fetch_api_data.py:98} WARNING - Failed to fetch data for Max_Meyer_486: 404
[2025-10-29T15:26:01.605+0000] {fetch_api_data.py:98} WARNING - Failed to fetch data for Jordan_Ayew_505: 404
[2025-10-29T15:26:02.179+0000] {fetch_api_data.py:98} WARNING - Failed to fetch data for Joe_Tupper_576: 404
[2025-10-29T15:26:03.749+0000] {fetch_api_data.py:98} WARNING - Failed to fetch data for Lucas_Perri_584: 404
[2025-10-29T15:26:04.357+0000] {fetch_api_data.py:98} WARNING - Failed to fetch data for Michy_Batshuayi_592: 404
[2025-10-29T15:26:04.961+0000] {fetch_api_data.py:98} WARNING - Failed to fetch data for Sam_Woods_609: 404
[2025-10-29T15:26:05.580+0000] {fetch_api_data.py:98} WARNING - Failed to fetch data for Luke_Dreher_618: 404
[2025-10-29T15:26:06.170+0000] {fetch_api_data.py:98} WARNING - Failed to fetch data for Nikola_Tavares_619: 404
[2025-10-29T15:26:06.858+0000] {fetch_api_data.py:98} WARNING - Failed to fetch data for Jordan_Pickford_154: 404
[2025-10-29T15:26:07.448+0000] {fetch_api_data.py:98} WARNING - Failed to fetch data for Maarten_Stekelenburg_155: 404
[2025-10-29T15:26:08.064+0000] {fetch_api_data.py:98} WARNING - Failed to fetch data for Leighton_Baines_156: 404
[2025-10-29T15:26:08.651+0000] {fetch_api_data.py:98} WARNING - Failed to fetch data for Seamus_Coleman_157: 404
[2025-10-29T15:26:09.232+0000] {fetch_api_data.py:98} WARNING - Failed to fetch data for Phil_Jagielka_158: 404
[2025-10-29T15:26:09.845+0000] {fetch_api_data.py:98} WARNING - Failed to fetch data for Ashley_Williams_159: 404
[2025-10-29T15:26:10.398+0000] {fetch_api_data.py:98} WARNING - Failed to fetch data for Mason_Holgate_160: 404
[2025-10-29T15:26:10.990+0000] {fetch_api_data.py:98} WARNING - Failed to fetch data for Jonjoe_Kenny_161: 404
[2025-10-29T15:26:11.645+0000] {fetch_api_data.py:98} WARNING - Failed to fetch data for Michael_Keane_162: 404
[2025-10-29T15:26:12.255+0000] {fetch_api_data.py:98} WARNING - Failed to fetch data for Cuco_Martina_163: 404
[2025-10-29T15:26:12.852+0000] {fetch_api_data.py:98} WARNING - Failed to fetch data for Theo_Walcott_164: 404
[2025-10-29T15:26:13.521+0000] {fetch_api_data.py:98} WARNING - Failed to fetch data for Yannick_Bolasie_165: 404
[2025-10-29T15:26:14.090+0000] {fetch_api_data.py:98} WARNING - Failed to fetch data for James_McCarthy_166: 404
[2025-10-29T15:26:14.700+0000] {fetch_api_data.py:98} WARNING - Failed to fetch data for Morgan_Schneiderlin_167: 404
[2025-10-29T15:26:15.288+0000] {fetch_api_data.py:98} WARNING - Failed to fetch data for Idrissa_Gueye_168: 404
[2025-10-29T15:26:15.889+0000] {fetch_api_data.py:98} WARNING - Failed to fetch data for Tom_Davies_169: 404
[2025-10-29T15:26:16.495+0000] {fetch_api_data.py:98} WARNING - Failed to fetch data for Ademola_Lookman_170: 404
[2025-10-29T15:26:17.099+0000] {fetch_api_data.py:98} WARNING - Failed to fetch data for Davy_Klaassen_171: 404
[2025-10-29T15:26:17.669+0000] {fetch_api_data.py:98} WARNING - Failed to fetch data for Gylfi_Sigurdsson_172: 404
[2025-10-29T15:26:18.318+0000] {fetch_api_data.py:98} WARNING - Failed to fetch data for Nikola_Vlasic_173: 404
[2025-10-29T15:26:18.956+0000] {fetch_api_data.py:98} WARNING - Failed to fetch data for Beni_Baningime_174: 404
[2025-10-29T15:26:19.595+0000] {fetch_api_data.py:98} WARNING - Failed to fetch data for Dominic_Calvert-Lewin_175: 404
[2025-10-29T15:26:20.175+0000] {fetch_api_data.py:98} WARNING - Failed to fetch data for Cenk_Tosun_177: 404
[2025-10-29T15:26:20.812+0000] {fetch_api_data.py:98} WARNING - Failed to fetch data for Richarlison_de Andrade_393: 404
[2025-10-29T15:26:21.427+0000] {fetch_api_data.py:98} WARNING - Failed to fetch data for Kevin_Mirallas_469: 404
[2025-10-29T15:26:22.001+0000] {fetch_api_data.py:98} WARNING - Failed to fetch data for Sandro_Ramírez_470: 404
[2025-10-29T15:26:22.664+0000] {fetch_api_data.py:98} WARNING - Failed to fetch data for Lucas_Digne_484: 404
[2025-10-29T15:26:23.313+0000] {fetch_api_data.py:98} WARNING - Failed to fetch data for Yerry_Mina_506: 404
[2025-10-29T15:26:23.938+0000] {fetch_api_data.py:98} WARNING - Failed to fetch data for Bernard_Anício Caldeira Duarte_507: 404
[2025-10-29T15:26:24.550+0000] {fetch_api_data.py:98} WARNING - Failed to fetch data for André Filipe_Tavares Gomes_508: 404
[2025-10-29T15:26:25.148+0000] {fetch_api_data.py:98} WARNING - Failed to fetch data for Kurt_Zouma_526: 404
[2025-10-29T15:26:25.754+0000] {fetch_api_data.py:98} WARNING - Failed to fetch data for Kieran_Dowell_528: 404
[2025-10-29T15:26:26.374+0000] {fetch_api_data.py:98} WARNING - Failed to fetch data for Tyias_Browning_532: 404
[2025-10-29T15:26:27.054+0000] {fetch_api_data.py:98} WARNING - Failed to fetch data for Calum_Chambers_9: 404
[2025-10-29T15:26:27.655+0000] {fetch_api_data.py:98} WARNING - Failed to fetch data for Marcus_Bettinelli_178: 404
[2025-10-29T15:26:28.263+0000] {fetch_api_data.py:98} WARNING - Failed to fetch data for Tim_Ream_180: 404
[2025-10-29T15:26:28.811+0000] {fetch_api_data.py:98} WARNING - Failed to fetch data for Denis_Odoi_181: 404
[2025-10-29T15:26:29.408+0000] {fetch_api_data.py:98} WARNING - Failed to fetch data for Tom_Cairney_182: 404
[2025-10-29T15:26:29.964+0000] {fetch_api_data.py:98} WARNING - Failed to fetch data for Kevin_McDonald_183: 404
[2025-10-29T15:26:30.541+0000] {fetch_api_data.py:98} WARNING - Failed to fetch data for Ryan_Sessegnon_184: 404
[2025-10-29T15:26:31.157+0000] {fetch_api_data.py:98} WARNING - Failed to fetch data for Stefan_Johansen_185: 404
[2025-10-29T15:26:31.731+0000] {fetch_api_data.py:98} WARNING - Failed to fetch data for Floyd_Ayité_186: 404
[2025-10-29T15:26:32.338+0000] {fetch_api_data.py:98} WARNING - Failed to fetch data for Neeskens_Kebano_187: 404
[2025-10-29T15:26:32.968+0000] {fetch_api_data.py:98} WARNING - Failed to fetch data for Rui Pedro_da Rocha Fonte_188: 404
[2025-10-29T15:26:33.522+0000] {fetch_api_data.py:98} WARNING - Failed to fetch data for Aboubakar_Kamara_189: 404
[2025-10-29T15:26:34.147+0000] {fetch_api_data.py:98} WARNING - Failed to fetch data for Maxime_Le Marchand_455: 404
[2025-10-29T15:26:34.718+0000] {fetch_api_data.py:98} WARNING - Failed to fetch data for Jean Michael_Seri_456: 404
[2025-10-29T15:26:35.305+0000] {fetch_api_data.py:98} WARNING - Failed to fetch data for Cyrus_Christie_460: 404
[2025-10-29T15:26:35.882+0000] {fetch_api_data.py:98} WARNING - Failed to fetch data for Fabricio_Agosto Ramírez_474: 404
[2025-10-29T15:26:36.482+0000] {fetch_api_data.py:98} WARNING - Failed to fetch data for André_Schürrle_478: 404
[2025-10-29T15:26:37.055+0000] {fetch_api_data.py:98} WARNING - Failed to fetch data for Aleksandar_Mitrovic_480: 404
[2025-10-29T15:26:37.645+0000] {fetch_api_data.py:98} WARNING - Failed to fetch data for Alfie_Mawson_487: 404
[2025-10-29T15:26:38.397+0000] {fetch_api_data.py:98} WARNING - Failed to fetch data for Sergio_Rico_509: 404
[2025-10-29T15:26:39.069+0000] {fetch_api_data.py:98} WARNING - Failed to fetch data for Joe_Bryan_510: 404
[2025-10-29T15:26:39.696+0000] {fetch_api_data.py:98} WARNING - Failed to fetch data for Timothy_Fosu-Mensah_511: 404
[2025-10-29T15:26:40.298+0000] {fetch_api_data.py:98} WARNING - Failed to fetch data for André-Frank_Zambo Anguissa_512: 404
[2025-10-29T15:26:40.846+0000] {fetch_api_data.py:98} WARNING - Failed to fetch data for Luciano_Vietto_513: 404
[2025-10-29T15:26:41.467+0000] {fetch_api_data.py:98} WARNING - Failed to fetch data for Ibrahima_Cissé_521: 404
[2025-10-29T15:26:42.057+0000] {fetch_api_data.py:98} WARNING - Failed to fetch data for Zeze Steven_Sessegnon_541: 404
[2025-10-29T15:26:42.647+0000] {fetch_api_data.py:98} WARNING - Failed to fetch data for Ryan_Babel_575: 404
[2025-10-29T15:26:43.263+0000] {fetch_api_data.py:98} WARNING - Failed to fetch data for Håvard_Nordtveit_593: 404
[2025-10-29T15:26:43.865+0000] {fetch_api_data.py:98} WARNING - Failed to fetch data for Lazar_Markovic_594: 404
[2025-10-29T15:26:44.447+0000] {fetch_api_data.py:98} WARNING - Failed to fetch data for Harvey_Elliott_610: 404
[2025-10-29T15:26:45.061+0000] {fetch_api_data.py:98} WARNING - Failed to fetch data for Luca_De La Torre_621: 404
[2025-10-29T15:26:45.637+0000] {fetch_api_data.py:98} WARNING - Failed to fetch data for Jason_Puncheon_146: 404
[2025-10-29T15:26:46.330+0000] {fetch_api_data.py:98} WARNING - Failed to fetch data for Ben_Hamer_190: 404
[2025-10-29T15:26:46.936+0000] {fetch_api_data.py:98} WARNING - Failed to fetch data for Jonas_Lössl_191: 404
[2025-10-29T15:26:47.561+0000] {fetch_api_data.py:98} WARNING - Failed to fetch data for Christopher_Schindler_192: 404
[2025-10-29T15:26:48.235+0000] {fetch_api_data.py:98} WARNING - Failed to fetch data for Chris_Löwe_193: 404
[2025-10-29T15:26:48.814+0000] {fetch_api_data.py:98} WARNING - Failed to fetch data for Tommy_Smith_194: 404
[2025-10-29T15:26:49.407+0000] {fetch_api_data.py:98} WARNING - Failed to fetch data for Mathias_Jorgensen_195: 404
[2025-10-29T15:26:50.030+0000] {fetch_api_data.py:98} WARNING - Failed to fetch data for Scott_Malone_196: 404
[2025-10-29T15:26:50.621+0000] {fetch_api_data.py:98} WARNING - Failed to fetch data for Florent_Hadergjonaj_197: 404
[2025-10-29T15:26:51.258+0000] {fetch_api_data.py:98} WARNING - Failed to fetch data for Terence_Kongolo_198: 404
[2025-10-29T15:26:51.833+0000] {fetch_api_data.py:98} WARNING - Failed to fetch data for Aaron_Mooy_199: 404
[2025-10-29T15:26:52.432+0000] {fetch_api_data.py:98} WARNING - Failed to fetch data for Rajiv_van La Parra_200: 404
[2025-10-29T15:26:53.001+0000] {fetch_api_data.py:98} WARNING - Failed to fetch data for Jonathan_Hogg_201: 404
[2025-10-29T15:26:53.572+0000] {fetch_api_data.py:98} WARNING - Failed to fetch data for Philip_Billing_202: 404
[2025-10-29T15:26:54.193+0000] {fetch_api_data.py:98} WARNING - Failed to fetch data for Tom_Ince_203: 404
[2025-10-29T15:26:54.749+0000] {fetch_api_data.py:98} WARNING - Failed to fetch data for Danny_Williams_204: 404
[2025-10-29T15:26:55.369+0000] {fetch_api_data.py:98} WARNING - Failed to fetch data for Abdelhamid_Sabiri_205: 404
[2025-10-29T15:26:55.985+0000] {fetch_api_data.py:98} WARNING - Failed to fetch data for Alex_Pritchard_206: 404
[2025-10-29T15:26:56.589+0000] {fetch_api_data.py:98} WARNING - Failed to fetch data for Ramadan_Sobhi_207: 404
[2025-10-29T15:26:57.210+0000] {fetch_api_data.py:98} WARNING - Failed to fetch data for Juninho_Bacuna_208: 404
[2025-10-29T15:26:57.779+0000] {fetch_api_data.py:98} WARNING - Failed to fetch data for Collin_Quaner_209: 404
[2025-10-29T15:26:58.373+0000] {fetch_api_data.py:98} WARNING - Failed to fetch data for Laurent_Depoitre_210: 404
[2025-10-29T15:26:58.936+0000] {fetch_api_data.py:98} WARNING - Failed to fetch data for Steve_Mounie_211: 404
[2025-10-29T15:26:59.574+0000] {fetch_api_data.py:98} WARNING - Failed to fetch data for Elias_Kachunga_212: 404
[2025-10-29T15:27:00.229+0000] {fetch_api_data.py:98} WARNING - Failed to fetch data for Erik_Durm_461: 404
[2025-10-29T15:27:00.847+0000] {fetch_api_data.py:98} WARNING - Failed to fetch data for Adama_Diakhaby_471: 404
[2025-10-29T15:27:01.420+0000] {fetch_api_data.py:98} WARNING - Failed to fetch data for Isaac_Mbenza_514: 404
[2025-10-29T15:27:01.984+0000] {fetch_api_data.py:98} WARNING - Failed to fetch data for Jon Gorenc_Stankovic_522: 404
[2025-10-29T15:27:02.570+0000] {fetch_api_data.py:98} WARNING - Failed to fetch data for Ryan_Schofield_533: 404
[2025-10-29T15:27:03.155+0000] {fetch_api_data.py:98} WARNING - Failed to fetch data for Karlan_Grant_585: 404
[2025-10-29T15:27:03.726+0000] {fetch_api_data.py:98} WARNING - Failed to fetch data for Joel_Coleman_598: 404
[2025-10-29T15:27:04.326+0000] {fetch_api_data.py:98} WARNING - Failed to fetch data for Demeaco_Duhaney_601: 404
[2025-10-29T15:27:05.012+0000] {fetch_api_data.py:98} WARNING - Failed to fetch data for Matthew_Daly_606: 404
[2025-10-29T15:27:05.585+0000] {fetch_api_data.py:98} WARNING - Failed to fetch data for Aaron_Rowe_607: 404
[2025-10-29T15:27:06.214+0000] {fetch_api_data.py:98} WARNING - Failed to fetch data for Kasper_Schmeichel_213: 404
[2025-10-29T15:27:06.819+0000] {fetch_api_data.py:98} WARNING - Failed to fetch data for Eldin_Jakupovic_214: 404
[2025-10-29T15:27:07.473+0000] {fetch_api_data.py:98} WARNING - Failed to fetch data for Wes_Morgan_215: 404
[2025-10-29T15:27:08.119+0000] {fetch_api_data.py:98} WARNING - Failed to fetch data for Christian_Fuchs_216: 404
[2025-10-29T15:27:08.749+0000] {fetch_api_data.py:98} WARNING - Failed to fetch data for Danny_Simpson_217: 404
[2025-10-29T15:27:09.356+0000] {fetch_api_data.py:98} WARNING - Failed to fetch data for Yohan_Benalouane_218: 404
[2025-10-29T15:27:09.998+0000] {fetch_api_data.py:98} WARNING - Failed to fetch data for Benjamin_Chilwell_219: 404
[2025-10-29T15:27:10.591+0000] {fetch_api_data.py:98} WARNING - Failed to fetch data for Harry_Maguire_220: 404
[2025-10-29T15:27:11.195+0000] {fetch_api_data.py:98} WARNING - Failed to fetch data for Ricardo Domingos_Barbosa Pereira_221: 404
[2025-10-29T15:27:11.827+0000] {fetch_api_data.py:98} WARNING - Failed to fetch data for Jonny_Evans_222: 404
[2025-10-29T15:27:12.499+0000] {fetch_api_data.py:98} WARNING - Failed to fetch data for Marc_Albrighton_224: 404
[2025-10-29T15:27:13.104+0000] {fetch_api_data.py:98} WARNING - Failed to fetch data for Demarai_Gray_225: 404
[2025-10-29T15:27:13.705+0000] {fetch_api_data.py:98} WARNING - Failed to fetch data for Daniel_Amartey_226: 404
[2025-10-29T15:27:14.377+0000] {fetch_api_data.py:98} WARNING - Failed to fetch data for Wilfred_Ndidi_227: 404
[2025-10-29T15:27:14.983+0000] {fetch_api_data.py:98} WARNING - Failed to fetch data for Vicente_Iborra_228: 404
[2025-10-29T15:27:15.551+0000] {fetch_api_data.py:98} WARNING - Failed to fetch data for Matty_James_229: 404
[2025-10-29T15:27:16.206+0000] {fetch_api_data.py:98} WARNING - Failed to fetch data for Hamza_Choudhury_230: 404
[2025-10-29T15:27:16.831+0000] {fetch_api_data.py:98} WARNING - Failed to fetch data for Adrien Sebastian_Perruchet Silva_231: 404
[2025-10-29T15:27:17.423+0000] {fetch_api_data.py:98} WARNING - Failed to fetch data for Fousseni_Diabaté_232: 404
[2025-10-29T15:27:18.013+0000] {fetch_api_data.py:98} WARNING - Failed to fetch data for James_Maddison_233: 404
[2025-10-29T15:27:18.629+0000] {fetch_api_data.py:98} WARNING - Failed to fetch data for Jamie_Vardy_234: 404
[2025-10-29T15:27:19.235+0000] {fetch_api_data.py:98} WARNING - Failed to fetch data for Shinji_Okazaki_235: 404
[2025-10-29T15:27:19.835+0000] {fetch_api_data.py:98} WARNING - Failed to fetch data for Kelechi_Iheanacho_236: 404
[2025-10-29T15:27:20.433+0000] {fetch_api_data.py:98} WARNING - Failed to fetch data for Danny_Ward_457: 404
[2025-10-29T15:27:21.004+0000] {fetch_api_data.py:98} WARNING - Failed to fetch data for Rachid_Ghezzal_492: 404
[2025-10-29T15:27:21.646+0000] {fetch_api_data.py:98} WARNING - Failed to fetch data for Filip_Benkovic_501: 404
[2025-10-29T15:27:22.251+0000] {fetch_api_data.py:98} WARNING - Failed to fetch data for Çaglar_Söyüncü_515: 404
[2025-10-29T15:27:22.830+0000] {fetch_api_data.py:98} WARNING - Failed to fetch data for Nampalys_Mendy_527: 404
[2025-10-29T15:27:23.410+0000] {fetch_api_data.py:98} WARNING - Failed to fetch data for Josh_Knight_558: 404
[2025-10-29T15:27:23.996+0000] {fetch_api_data.py:98} WARNING - Failed to fetch data for Harvey_Barnes_571: 404
[2025-10-29T15:27:24.583+0000] {fetch_api_data.py:98} WARNING - Failed to fetch data for Youri_Tielemans_591: 404
[2025-10-29T15:27:25.229+0000] {fetch_api_data.py:98} WARNING - Failed to fetch data for Simon_Mignolet_237: 404
[2025-10-29T15:27:25.848+0000] {fetch_api_data.py:98} WARNING - Failed to fetch data for Loris_Karius_238: 404
[2025-10-29T15:27:26.492+0000] {fetch_api_data.py:98} WARNING - Failed to fetch data for Dejan_Lovren_239: 404
[2025-10-29T15:27:27.099+0000] {fetch_api_data.py:98} WARNING - Failed to fetch data for Alberto_Moreno_240: 404
[2025-10-29T15:27:27.775+0000] {fetch_api_data.py:98} WARNING - Failed to fetch data for Joseph_Gomez_242: 404
[2025-10-29T15:27:28.353+0000] {fetch_api_data.py:98} WARNING - Failed to fetch data for Joel_Matip_243: 404
[2025-10-29T15:27:28.939+0000] {fetch_api_data.py:98} WARNING - Failed to fetch data for Ragnar_Klavan_244: 404
[2025-10-29T15:27:29.591+0000] {fetch_api_data.py:98} WARNING - Failed to fetch data for Trent_Alexander-Arnold_245: 404
[2025-10-29T15:27:30.189+0000] {fetch_api_data.py:98} WARNING - Failed to fetch data for Virgil_van Dijk_246: 404
[2025-10-29T15:27:30.798+0000] {fetch_api_data.py:98} WARNING - Failed to fetch data for Andrew_Robertson_247: 404
[2025-10-29T15:27:31.355+0000] {fetch_api_data.py:98} WARNING - Failed to fetch data for Alex_Oxlade-Chamberlain_248: 404
[2025-10-29T15:27:31.941+0000] {fetch_api_data.py:98} WARNING - Failed to fetch data for Jordan_Henderson_249: 404
[2025-10-29T15:27:32.586+0000] {fetch_api_data.py:98} WARNING - Failed to fetch data for Adam_Lallana_250: 404
[2025-10-29T15:27:33.146+0000] {fetch_api_data.py:98} WARNING - Failed to fetch data for Sadio_Mané_251: 404
[2025-10-29T15:27:33.769+0000] {fetch_api_data.py:98} WARNING - Failed to fetch data for Georginio_Wijnaldum_252: 404
[2025-10-29T15:27:34.367+0000] {fetch_api_data.py:98} WARNING - Failed to fetch data for Mohamed_Salah_253: 404
[2025-10-29T15:27:35.017+0000] {fetch_api_data.py:98} WARNING - Failed to fetch data for James_Milner_254: 404
[2025-10-29T15:27:35.674+0000] {fetch_api_data.py:98} WARNING - Failed to fetch data for Fabio Henrique_Tavares_255: 404
[2025-10-29T15:27:36.263+0000] {fetch_api_data.py:98} WARNING - Failed to fetch data for Naby_Keita_256: 404
[2025-10-29T15:27:36.853+0000] {fetch_api_data.py:98} WARNING - Failed to fetch data for Roberto_Firmino_257: 404
[2025-10-29T15:27:37.502+0000] {fetch_api_data.py:98} WARNING - Failed to fetch data for Xherdan_Shaqiri_462: 404
[2025-10-29T15:27:38.148+0000] {fetch_api_data.py:98} WARNING - Failed to fetch data for Alisson_Ramses Becker_468: 404
[2025-10-29T15:27:38.734+0000] {fetch_api_data.py:98} WARNING - Failed to fetch data for Daniel_Sturridge_472: 404
[2025-10-29T15:27:39.333+0000] {fetch_api_data.py:98} WARNING - Failed to fetch data for Divock_Origi_543: 404
[2025-10-29T15:27:39.918+0000] {fetch_api_data.py:98} WARNING - Failed to fetch data for Rafael_Camacho_557: 404
[2025-10-29T15:27:40.483+0000] {fetch_api_data.py:98} WARNING - Failed to fetch data for Curtis_Jones_597: 404
[2025-10-29T15:27:41.229+0000] {fetch_api_data.py:98} WARNING - Failed to fetch data for Riyad_Mahrez_223: 404
[2025-10-29T15:27:41.854+0000] {fetch_api_data.py:98} WARNING - Failed to fetch data for Ederson_Santana de Moraes_260: 404
[2025-10-29T15:27:42.450+0000] {fetch_api_data.py:98} WARNING - Failed to fetch data for Claudio_Bravo_261: 404
[2025-10-29T15:27:43.037+0000] {fetch_api_data.py:98} WARNING - Failed to fetch data for John_Stones_262: 404
[2025-10-29T15:27:43.623+0000] {fetch_api_data.py:98} WARNING - Failed to fetch data for Vincent_Kompany_263: 404
[2025-10-29T15:27:44.217+0000] {fetch_api_data.py:98} WARNING - Failed to fetch data for Nicolás_Otamendi_264: 404
[2025-10-29T15:27:44.808+0000] {fetch_api_data.py:98} WARNING - Failed to fetch data for Kyle_Walker_265: 404
[2025-10-29T15:27:45.370+0000] {fetch_api_data.py:98} WARNING - Failed to fetch data for Danilo Luiz_da Silva_266: 404
[2025-10-29T15:27:46.012+0000] {fetch_api_data.py:98} WARNING - Failed to fetch data for Benjamin_Mendy_267: 404
[2025-10-29T15:27:46.657+0000] {fetch_api_data.py:98} WARNING - Failed to fetch data for Aymeric_Laporte_268: 404
[2025-10-29T15:27:47.232+0000] {fetch_api_data.py:98} WARNING - Failed to fetch data for Fabian_Delph_269: 404
[2025-10-29T15:27:47.905+0000] {fetch_api_data.py:98} WARNING - Failed to fetch data for Raheem_Sterling_270: 404
[2025-10-29T15:27:48.535+0000] {fetch_api_data.py:98} WARNING - Failed to fetch data for David_Silva_271: 404
[2025-10-29T15:27:49.174+0000] {fetch_api_data.py:98} WARNING - Failed to fetch data for Fernando_Luiz Rosa_272: 404
[2025-10-29T15:27:49.822+0000] {fetch_api_data.py:98} WARNING - Failed to fetch data for Kevin_De Bruyne_273: 404
[2025-10-29T15:27:50.478+0000] {fetch_api_data.py:98} WARNING - Failed to fetch data for Ilkay_Gündogan_274: 404
[2025-10-29T15:27:51.102+0000] {fetch_api_data.py:98} WARNING - Failed to fetch data for Leroy_Sané_275: 404
[2025-10-29T15:27:51.701+0000] {fetch_api_data.py:98} WARNING - Failed to fetch data for Bernardo Mota_Veiga de Carvalho e Silva_276: 404
[2025-10-29T15:27:52.261+0000] {fetch_api_data.py:98} WARNING - Failed to fetch data for Phil_Foden_277: 404
[2025-10-29T15:27:52.846+0000] {fetch_api_data.py:98} WARNING - Failed to fetch data for Brahim_Diaz_278: 404
[2025-10-29T15:27:53.422+0000] {fetch_api_data.py:98} WARNING - Failed to fetch data for Oleksandr_Zinchenko_279: 404
[2025-10-29T15:27:54.046+0000] {fetch_api_data.py:98} WARNING - Failed to fetch data for Sergio_Agüero_280: 404
[2025-10-29T15:27:54.621+0000] {fetch_api_data.py:98} WARNING - Failed to fetch data for Gabriel Fernando_de Jesus_281: 404
[2025-10-29T15:27:55.236+0000] {fetch_api_data.py:98} WARNING - Failed to fetch data for Arijanet_Muric_529: 404
[2025-10-29T15:27:55.832+0000] {fetch_api_data.py:98} WARNING - Failed to fetch data for Philippe_Sandler_604: 404
[2025-10-29T15:27:56.395+0000] {fetch_api_data.py:98} WARNING - Failed to fetch data for David_de Gea_282: 404
[2025-10-29T15:27:56.975+0000] {fetch_api_data.py:98} WARNING - Failed to fetch data for Sergio_Romero_283: 404
[2025-10-29T15:27:57.615+0000] {fetch_api_data.py:98} WARNING - Failed to fetch data for Chris_Smalling_284: 404
[2025-10-29T15:27:58.228+0000] {fetch_api_data.py:98} WARNING - Failed to fetch data for Phil_Jones_285: 404
[2025-10-29T15:27:58.865+0000] {fetch_api_data.py:98} WARNING - Failed to fetch data for Luke_Shaw_286: 404
[2025-10-29T15:27:59.426+0000] {fetch_api_data.py:98} WARNING - Failed to fetch data for Marcos_Rojo_287: 404
[2025-10-29T15:27:59.979+0000] {fetch_api_data.py:98} WARNING - Failed to fetch data for Antonio_Valencia_288: 404
[2025-10-29T15:28:00.581+0000] {fetch_api_data.py:98} WARNING - Failed to fetch data for Matteo_Darmian_289: 404
[2025-10-29T15:28:01.211+0000] {fetch_api_data.py:98} WARNING - Failed to fetch data for Daley_Blind_290: 404
[2025-10-29T15:28:01.795+0000] {fetch_api_data.py:98} WARNING - Failed to fetch data for Eric_Bailly_291: 404
[2025-10-29T15:28:02.367+0000] {fetch_api_data.py:98} WARNING - Failed to fetch data for Victor_Lindelöf_292: 404
[2025-10-29T15:28:02.930+0000] {fetch_api_data.py:98} WARNING - Failed to fetch data for Ashley_Young_293: 404
[2025-10-29T15:28:03.549+0000] {fetch_api_data.py:98} WARNING - Failed to fetch data for José Diogo_Dalot Teixeira_294: 404
[2025-10-29T15:28:04.131+0000] {fetch_api_data.py:98} WARNING - Failed to fetch data for Alexis_Sánchez_295: 404
[2025-10-29T15:28:04.702+0000] {fetch_api_data.py:98} WARNING - Failed to fetch data for Nemanja_Matic_296: 404
[2025-10-29T15:28:05.292+0000] {fetch_api_data.py:98} WARNING - Failed to fetch data for Juan_Mata_297: 404
[2025-10-29T15:28:05.866+0000] {fetch_api_data.py:98} WARNING - Failed to fetch data for Marouane_Fellaini_298: 404
[2025-10-29T15:28:06.478+0000] {fetch_api_data.py:98} WARNING - Failed to fetch data for Ander_Herrera_299: 404
[2025-10-29T15:28:07.069+0000] {fetch_api_data.py:98} WARNING - Failed to fetch data for Jesse_Lingard_300: 404
[2025-10-29T15:28:07.694+0000] {fetch_api_data.py:98} WARNING - Failed to fetch data for Anthony_Martial_301: 404
[2025-10-29T15:28:08.269+0000] {fetch_api_data.py:98} WARNING - Failed to fetch data for Paul_Pogba_302: 404
[2025-10-29T15:28:08.887+0000] {fetch_api_data.py:98} WARNING - Failed to fetch data for Scott_McTominay_303: 404
[2025-10-29T15:28:09.488+0000] {fetch_api_data.py:98} WARNING - Failed to fetch data for Frederico_Rodrigues de Paula Santos_304: 404
[2025-10-29T15:28:10.062+0000] {fetch_api_data.py:98} WARNING - Failed to fetch data for Marcus_Rashford_305: 404
[2025-10-29T15:28:10.641+0000] {fetch_api_data.py:98} WARNING - Failed to fetch data for Romelu_Lukaku_306: 404
[2025-10-29T15:28:11.240+0000] {fetch_api_data.py:98} WARNING - Failed to fetch data for Andreas_Pereira_481: 404
[2025-10-29T15:28:11.869+0000] {fetch_api_data.py:98} WARNING - Failed to fetch data for Lee_Grant_520: 404
[2025-10-29T15:28:12.423+0000] {fetch_api_data.py:98} WARNING - Failed to fetch data for Angel_Gomes_568: 404
[2025-10-29T15:28:13.009+0000] {fetch_api_data.py:98} WARNING - Failed to fetch data for James_Garner_602: 404
[2025-10-29T15:28:13.650+0000] {fetch_api_data.py:98} WARNING - Failed to fetch data for Tahith_Chong_603: 404
[2025-10-29T15:28:14.208+0000] {fetch_api_data.py:98} WARNING - Failed to fetch data for Mason_Greenwood_608: 404
[2025-10-29T15:28:14.789+0000] {fetch_api_data.py:98} WARNING - Failed to fetch data for Robert_Elliot_307: 404
[2025-10-29T15:28:15.362+0000] {fetch_api_data.py:98} WARNING - Failed to fetch data for Karl_Darlow_308: 404
[2025-10-29T15:28:15.998+0000] {fetch_api_data.py:98} WARNING - Failed to fetch data for Martin_Dubravka_309: 404
[2025-10-29T15:28:16.562+0000] {fetch_api_data.py:98} WARNING - Failed to fetch data for DeAndre_Yedlin_310: 404
[2025-10-29T15:28:17.148+0000] {fetch_api_data.py:98} WARNING - Failed to fetch data for Ciaran_Clark_311: 404
[2025-10-29T15:28:17.711+0000] {fetch_api_data.py:98} WARNING - Failed to fetch data for Jamaal_Lascelles_312: 404
[2025-10-29T15:28:18.323+0000] {fetch_api_data.py:98} WARNING - Failed to fetch data for Paul_Dummett_313: 404
[2025-10-29T15:28:18.888+0000] {fetch_api_data.py:98} WARNING - Failed to fetch data for Florian_Lejeune_314: 404
[2025-10-29T15:28:19.459+0000] {fetch_api_data.py:98} WARNING - Failed to fetch data for Javier_Manquillo_315: 404
[2025-10-29T15:28:20.023+0000] {fetch_api_data.py:98} WARNING - Failed to fetch data for Chancel_Mbemba_316: 404
[2025-10-29T15:28:20.601+0000] {fetch_api_data.py:98} WARNING - Failed to fetch data for Matt_Ritchie_317: 404
[2025-10-29T15:28:21.177+0000] {fetch_api_data.py:98} WARNING - Failed to fetch data for Jonjo_Shelvey_318: 404
[2025-10-29T15:28:21.743+0000] {fetch_api_data.py:98} WARNING - Failed to fetch data for Mohamed_Diamé_319: 404
[2025-10-29T15:28:22.307+0000] {fetch_api_data.py:98} WARNING - Failed to fetch data for Christian_Atsu_320: 404
[2025-10-29T15:28:22.875+0000] {fetch_api_data.py:98} WARNING - Failed to fetch data for Jacob_Murphy_321: 404
[2025-10-29T15:28:23.447+0000] {fetch_api_data.py:98} WARNING - Failed to fetch data for Mikel_Merino_322: 404
[2025-10-29T15:28:24.055+0000] {fetch_api_data.py:98} WARNING - Failed to fetch data for Isaac_Hayden_323: 404
[2025-10-29T15:28:24.653+0000] {fetch_api_data.py:98} WARNING - Failed to fetch data for Sung-yueng_Ki_324: 404
[2025-10-29T15:28:25.211+0000] {fetch_api_data.py:98} WARNING - Failed to fetch data for Dwight_Gayle_325: 404
[2025-10-29T15:28:25.797+0000] {fetch_api_data.py:98} WARNING - Failed to fetch data for Ayoze_Pérez_326: 404
[2025-10-29T15:28:26.366+0000] {fetch_api_data.py:98} WARNING - Failed to fetch data for Jose Luis_Mato Sanmartín_327: 404
[2025-10-29T15:28:26.943+0000] {fetch_api_data.py:98} WARNING - Failed to fetch data for Robert Kenedy_Nunes do Nascimento_458: 404
[2025-10-29T15:28:27.534+0000] {fetch_api_data.py:98} WARNING - Failed to fetch data for Fabian_Schär_482: 404
[2025-10-29T15:28:28.119+0000] {fetch_api_data.py:98} WARNING - Failed to fetch data for Yoshinori_Muto_488: 404
[2025-10-29T15:28:28.709+0000] {fetch_api_data.py:98} WARNING - Failed to fetch data for Salomón_Rondón_493: 404
[2025-10-29T15:28:29.318+0000] {fetch_api_data.py:98} WARNING - Failed to fetch data for Federico_Fernández_516: 404
[2025-10-29T15:28:29.914+0000] {fetch_api_data.py:98} WARNING - Failed to fetch data for Jamie_Sterry_530: 404
[2025-10-29T15:28:30.465+0000] {fetch_api_data.py:98} WARNING - Failed to fetch data for Sean_Longstaff_531: 404
[2025-10-29T15:28:31.027+0000] {fetch_api_data.py:98} WARNING - Failed to fetch data for Frederick_Woodman_553: 404
[2025-10-29T15:28:31.616+0000] {fetch_api_data.py:98} WARNING - Failed to fetch data for Callum_Roberts_577: 404
[2025-10-29T15:28:32.241+0000] {fetch_api_data.py:98} WARNING - Failed to fetch data for Miguel_Almirón_587: 404
[2025-10-29T15:28:32.831+0000] {fetch_api_data.py:98} WARNING - Failed to fetch data for Antonio_Barreca_588: 404
[2025-10-29T15:28:33.471+0000] {fetch_api_data.py:98} WARNING - Failed to fetch data for Kelland_Watts_622: 404
[2025-10-29T15:28:34.053+0000] {fetch_api_data.py:98} WARNING - Failed to fetch data for Lewis_Cass_623: 404
[2025-10-29T15:28:34.645+0000] {fetch_api_data.py:98} WARNING - Failed to fetch data for Danny_Ings_258: 404
[2025-10-29T15:28:35.246+0000] {fetch_api_data.py:98} WARNING - Failed to fetch data for Alex_McCarthy_328: 404
[2025-10-29T15:28:35.854+0000] {fetch_api_data.py:98} WARNING - Failed to fetch data for Fraser_Forster_329: 404
[2025-10-29T15:28:36.446+0000] {fetch_api_data.py:98} WARNING - Failed to fetch data for Ryan_Bertrand_330: 404
[2025-10-29T15:28:37.089+0000] {fetch_api_data.py:98} WARNING - Failed to fetch data for Maya_Yoshida_331: 404
[2025-10-29T15:28:37.758+0000] {fetch_api_data.py:98} WARNING - Failed to fetch data for Cédric_Soares_332: 404
[2025-10-29T15:28:38.330+0000] {fetch_api_data.py:98} WARNING - Failed to fetch data for Jack_Stephens_333: 404
[2025-10-29T15:28:38.959+0000] {fetch_api_data.py:98} WARNING - Failed to fetch data for Sam_McQueen_334: 404
[2025-10-29T15:28:39.688+0000] {fetch_api_data.py:98} WARNING - Failed to fetch data for Jan_Bednarek_335: 404
[2025-10-29T15:28:40.332+0000] {fetch_api_data.py:98} WARNING - Failed to fetch data for Wesley_Hoedt_336: 404
[2025-10-29T15:28:40.943+0000] {fetch_api_data.py:98} WARNING - Failed to fetch data for Steven_Davis_337: 404
[2025-10-29T15:28:41.542+0000] {fetch_api_data.py:98} WARNING - Failed to fetch data for James_Ward-Prowse_338: 404
[2025-10-29T15:28:42.127+0000] {fetch_api_data.py:98} WARNING - Failed to fetch data for Oriol_Romeu Vidal_339: 404
[2025-10-29T15:28:42.714+0000] {fetch_api_data.py:98} WARNING - Failed to fetch data for Pierre-Emile_Højbjerg_340: 404
[2025-10-29T15:28:43.327+0000] {fetch_api_data.py:98} WARNING - Failed to fetch data for Sofiane_Boufal_341: 404
[2025-10-29T15:28:43.943+0000] {fetch_api_data.py:98} WARNING - Failed to fetch data for Joshua_Sims_342: 404
[2025-10-29T15:28:44.562+0000] {fetch_api_data.py:98} WARNING - Failed to fetch data for Nathan_Redmond_343: 404
[2025-10-29T15:28:45.172+0000] {fetch_api_data.py:98} WARNING - Failed to fetch data for Mario_Lemina_344: 404
[2025-10-29T15:28:45.742+0000] {fetch_api_data.py:98} WARNING - Failed to fetch data for Stuart_Armstrong_345: 404
[2025-10-29T15:28:46.373+0000] {fetch_api_data.py:98} WARNING - Failed to fetch data for Mohamed_Elyounoussi_346: 404
[2025-10-29T15:28:46.974+0000] {fetch_api_data.py:98} WARNING - Failed to fetch data for Shane_Long_347: 404
[2025-10-29T15:28:47.582+0000] {fetch_api_data.py:98} WARNING - Failed to fetch data for Charlie_Austin_348: 404
[2025-10-29T15:28:48.208+0000] {fetch_api_data.py:98} WARNING - Failed to fetch data for Manolo_Gabbiadini_349: 404
[2025-10-29T15:28:48.800+0000] {fetch_api_data.py:98} WARNING - Failed to fetch data for Guido_Carrillo_350: 404
[2025-10-29T15:28:49.445+0000] {fetch_api_data.py:98} WARNING - Failed to fetch data for Angus_Gunn_452: 404
[2025-10-29T15:28:50.013+0000] {fetch_api_data.py:98} WARNING - Failed to fetch data for Jannik_Vestergaard_463: 404
[2025-10-29T15:28:50.582+0000] {fetch_api_data.py:98} WARNING - Failed to fetch data for Matt_Targett_479: 404
[2025-10-29T15:28:51.157+0000] {fetch_api_data.py:98} WARNING - Failed to fetch data for Michael_Obafemi_550: 404
[2025-10-29T15:28:51.755+0000] {fetch_api_data.py:98} WARNING - Failed to fetch data for Yan_Valery_556: 404
[2025-10-29T15:28:52.333+0000] {fetch_api_data.py:98} WARNING - Failed to fetch data for Tyreke_Johnson_562: 404
[2025-10-29T15:28:52.908+0000] {fetch_api_data.py:98} WARNING - Failed to fetch data for Kayne_Ramsay_565: 404
[2025-10-29T15:28:53.466+0000] {fetch_api_data.py:98} WARNING - Failed to fetch data for Callum_Slattery_570: 404
[2025-10-29T15:28:54.046+0000] {fetch_api_data.py:98} WARNING - Failed to fetch data for Sam_Gallagher_574: 404
[2025-10-29T15:28:54.655+0000] {fetch_api_data.py:98} WARNING - Failed to fetch data for Alfie_Jones_595: 404
[2025-10-29T15:28:55.228+0000] {fetch_api_data.py:98} WARNING - Failed to fetch data for Hugo_Lloris_351: 404
[2025-10-29T15:28:55.818+0000] {fetch_api_data.py:98} WARNING - Failed to fetch data for Michel_Vorm_352: 404
[2025-10-29T15:28:56.441+0000] {fetch_api_data.py:98} WARNING - Failed to fetch data for Toby_Alderweireld_353: 404
[2025-10-29T15:28:57.004+0000] {fetch_api_data.py:98} WARNING - Failed to fetch data for Danny_Rose_354: 404
[2025-10-29T15:28:57.572+0000] {fetch_api_data.py:98} WARNING - Failed to fetch data for Jan_Vertonghen_355: 404
[2025-10-29T15:28:58.158+0000] {fetch_api_data.py:98} WARNING - Failed to fetch data for Ben_Davies_356: 404
[2025-10-29T15:28:58.799+0000] {fetch_api_data.py:98} WARNING - Failed to fetch data for Kieran_Trippier_357: 404
[2025-10-29T15:28:59.446+0000] {fetch_api_data.py:98} WARNING - Failed to fetch data for Kyle_Walker-Peters_358: 404
[2025-10-29T15:29:00.032+0000] {fetch_api_data.py:98} WARNING - Failed to fetch data for Davinson_Sánchez_359: 404
[2025-10-29T15:29:00.593+0000] {fetch_api_data.py:98} WARNING - Failed to fetch data for Serge_Aurier_360: 404
[2025-10-29T15:29:01.236+0000] {fetch_api_data.py:98} WARNING - Failed to fetch data for Eric_Dier_361: 404
[2025-10-29T15:29:01.801+0000] {fetch_api_data.py:98} WARNING - Failed to fetch data for Mousa_Dembélé_362: 404
[2025-10-29T15:29:02.510+0000] {fetch_api_data.py:98} WARNING - Failed to fetch data for Erik_Lamela_363: 404
[2025-10-29T15:29:03.067+0000] {fetch_api_data.py:98} WARNING - Failed to fetch data for Christian_Eriksen_364: 404
[2025-10-29T15:29:03.683+0000] {fetch_api_data.py:98} WARNING - Failed to fetch data for Bamidele_Alli_365: 404
[2025-10-29T15:29:04.288+0000] {fetch_api_data.py:98} WARNING - Failed to fetch data for Victor_Wanyama_366: 404
[2025-10-29T15:29:04.905+0000] {fetch_api_data.py:98} WARNING - Failed to fetch data for Heung-Min_Son_367: 404
[2025-10-29T15:29:05.461+0000] {fetch_api_data.py:98} WARNING - Failed to fetch data for Harry_Winks_368: 404
[2025-10-29T15:29:06.079+0000] {fetch_api_data.py:98} WARNING - Failed to fetch data for Moussa_Sissoko_369: 404
[2025-10-29T15:29:06.677+0000] {fetch_api_data.py:98} WARNING - Failed to fetch data for Lucas_Rodrigues Moura da Silva_370: 404
[2025-10-29T15:29:07.362+0000] {fetch_api_data.py:98} WARNING - Failed to fetch data for Fernando_Llorente_371: 404
[2025-10-29T15:29:07.999+0000] {fetch_api_data.py:98} WARNING - Failed to fetch data for Harry_Kane_372: 404
[2025-10-29T15:29:08.581+0000] {fetch_api_data.py:98} WARNING - Failed to fetch data for Georges-Kévin_Nkoudou_497: 404
[2025-10-29T15:29:09.203+0000] {fetch_api_data.py:98} WARNING - Failed to fetch data for Luke_Amos_523: 404
[2025-10-29T15:29:09.773+0000] {fetch_api_data.py:98} WARNING - Failed to fetch data for Paulo_Gazzaniga_536: 404
[2025-10-29T15:29:10.374+0000] {fetch_api_data.py:98} WARNING - Failed to fetch data for Alfie_Whiteman_538: 404
[2025-10-29T15:29:10.956+0000] {fetch_api_data.py:98} WARNING - Failed to fetch data for Oliver_Skipp_540: 404
[2025-10-29T15:29:11.569+0000] {fetch_api_data.py:98} WARNING - Failed to fetch data for Juan_Foyth_549: 404
[2025-10-29T15:29:12.143+0000] {fetch_api_data.py:98} WARNING - Failed to fetch data for Timothy_Eyoma_561: 404
[2025-10-29T15:29:12.719+0000] {fetch_api_data.py:98} WARNING - Failed to fetch data for Kazaiah_Sterling_578: 404
[2025-10-29T15:29:13.280+0000] {fetch_api_data.py:98} WARNING - Failed to fetch data for George_Marsh_612: 404
[2025-10-29T15:29:13.871+0000] {fetch_api_data.py:98} WARNING - Failed to fetch data for Vincent_Janssen_614: 404
[2025-10-29T15:29:14.436+0000] {fetch_api_data.py:98} WARNING - Failed to fetch data for Heurelho_Gomes_373: 404
[2025-10-29T15:29:14.984+0000] {fetch_api_data.py:98} WARNING - Failed to fetch data for Pontus_Dahlberg_374: 404
[2025-10-29T15:29:15.554+0000] {fetch_api_data.py:98} WARNING - Failed to fetch data for Younes_Kaboul_375: 404
[2025-10-29T15:29:16.165+0000] {fetch_api_data.py:98} WARNING - Failed to fetch data for Craig_Cathcart_376: 404
[2025-10-29T15:29:16.769+0000] {fetch_api_data.py:98} WARNING - Failed to fetch data for Sebastian_Prödl_377: 404
[2025-10-29T15:29:17.485+0000] {fetch_api_data.py:98} WARNING - Failed to fetch data for José_Holebas_378: 404
[2025-10-29T15:29:18.083+0000] {fetch_api_data.py:98} WARNING - Failed to fetch data for Miguel_Britos_379: 404
[2025-10-29T15:29:18.706+0000] {fetch_api_data.py:98} WARNING - Failed to fetch data for Christian_Kabasele_380: 404
[2025-10-29T15:29:19.360+0000] {fetch_api_data.py:98} WARNING - Failed to fetch data for Daryl_Janmaat_381: 404
[2025-10-29T15:29:19.983+0000] {fetch_api_data.py:98} WARNING - Failed to fetch data for Adrian_Mariappa_382: 404
[2025-10-29T15:29:20.571+0000] {fetch_api_data.py:98} WARNING - Failed to fetch data for Francisco_Femenía Far_383: 404
[2025-10-29T15:29:21.140+0000] {fetch_api_data.py:98} WARNING - Failed to fetch data for Marvin_Zeegelaar_384: 404
[2025-10-29T15:29:21.703+0000] {fetch_api_data.py:98} WARNING - Failed to fetch data for Marc_Navarro_385: 404
[2025-10-29T15:29:22.278+0000] {fetch_api_data.py:98} WARNING - Failed to fetch data for Adam_Masina_386: 404
[2025-10-29T15:29:22.840+0000] {fetch_api_data.py:98} WARNING - Failed to fetch data for Nathaniel_Chalobah_387: 404
[2025-10-29T15:29:23.486+0000] {fetch_api_data.py:98} WARNING - Failed to fetch data for Tom_Cleverley_388: 404
[2025-10-29T15:29:24.155+0000] {fetch_api_data.py:98} WARNING - Failed to fetch data for Etienne_Capoue_389: 404
[2025-10-29T15:29:25.176+0000] {fetch_api_data.py:98} WARNING - Failed to fetch data for Abdoulaye_Doucouré_390: 404
[2025-10-29T15:29:25.956+0000] {fetch_api_data.py:98} WARNING - Failed to fetch data for Roberto_Pereyra_391: 404
[2025-10-29T15:29:26.768+0000] {fetch_api_data.py:98} WARNING - Failed to fetch data for Will_Hughes_392: 404
[2025-10-29T15:29:27.639+0000] {fetch_api_data.py:98} WARNING - Failed to fetch data for Gerard_Deulofeu_394: 404
[2025-10-29T15:29:28.795+0000] {fetch_api_data.py:98} WARNING - Failed to fetch data for Andre_Gray_395: 404
[2025-10-29T15:29:29.484+0000] {fetch_api_data.py:98} WARNING - Failed to fetch data for Troy_Deeney_396: 404
[2025-10-29T15:29:30.059+0000] {fetch_api_data.py:98} WARNING - Failed to fetch data for Stefano_Okaka_397: 404
[2025-10-29T15:29:30.689+0000] {fetch_api_data.py:98} WARNING - Failed to fetch data for Jerome_Sinclair_398: 404
[2025-10-29T15:29:31.251+0000] {fetch_api_data.py:98} WARNING - Failed to fetch data for Ben_Foster_445: 404
[2025-10-29T15:29:31.843+0000] {fetch_api_data.py:98} WARNING - Failed to fetch data for Ken_Sema_446: 404
[2025-10-29T15:29:32.447+0000] {fetch_api_data.py:98} WARNING - Failed to fetch data for Domingos_Quina_517: 404
[2025-10-29T15:29:33.029+0000] {fetch_api_data.py:98} WARNING - Failed to fetch data for Isaac_Success Ajayi_524: 404
[2025-10-29T15:29:33.615+0000] {fetch_api_data.py:98} WARNING - Failed to fetch data for Ben_Wilmot_544: 404
[2025-10-29T15:29:34.247+0000] {fetch_api_data.py:98} WARNING - Failed to fetch data for Adalberto_Peñaranda_554: 404
[2025-10-29T15:29:34.943+0000] {fetch_api_data.py:98} WARNING - Failed to fetch data for Adrián_San Miguel del Castillo_399: 404
[2025-10-29T15:29:35.560+0000] {fetch_api_data.py:98} WARNING - Failed to fetch data for Lukasz_Fabianski_400: 404
[2025-10-29T15:29:36.280+0000] {fetch_api_data.py:98} WARNING - Failed to fetch data for Winston_Reid_401: 404
[2025-10-29T15:29:36.965+0000] {fetch_api_data.py:98} WARNING - Failed to fetch data for Aaron_Cresswell_402: 404
[2025-10-29T15:29:37.591+0000] {fetch_api_data.py:98} WARNING - Failed to fetch data for Angelo_Ogbonna_403: 404
[2025-10-29T15:29:38.219+0000] {fetch_api_data.py:98} WARNING - Failed to fetch data for Sam_Byram_404: 404
[2025-10-29T15:29:38.806+0000] {fetch_api_data.py:98} WARNING - Failed to fetch data for Pablo_Zabaleta_405: 404
[2025-10-29T15:29:39.373+0000] {fetch_api_data.py:98} WARNING - Failed to fetch data for Declan_Rice_406: 404
[2025-10-29T15:29:39.958+0000] {fetch_api_data.py:98} WARNING - Failed to fetch data for Reece_Oxford_407: 404
[2025-10-29T15:29:40.551+0000] {fetch_api_data.py:98} WARNING - Failed to fetch data for Ryan_Fredericks_408: 404
[2025-10-29T15:29:41.146+0000] {fetch_api_data.py:98} WARNING - Failed to fetch data for Issa_Diop_409: 404
[2025-10-29T15:29:41.744+0000] {fetch_api_data.py:98} WARNING - Failed to fetch data for Arthur_Masuaku_410: 404
[2025-10-29T15:29:42.336+0000] {fetch_api_data.py:98} WARNING - Failed to fetch data for Mark_Noble_411: 404
[2025-10-29T15:29:42.914+0000] {fetch_api_data.py:98} WARNING - Failed to fetch data for Pedro_Obiang_413: 404
[2025-10-29T15:29:43.544+0000] {fetch_api_data.py:98} WARNING - Failed to fetch data for Manuel_Lanzini_414: 404
[2025-10-29T15:29:44.136+0000] {fetch_api_data.py:98} WARNING - Failed to fetch data for Michail_Antonio_415: 404
[2025-10-29T15:29:45.181+0000] {fetch_api_data.py:98} WARNING - Failed to fetch data for Edimilson_Fernandes_416: 404
[2025-10-29T15:29:46.193+0000] {fetch_api_data.py:98} WARNING - Failed to fetch data for Marko_Arnautovic_417: 404
[2025-10-29T15:29:46.793+0000] {fetch_api_data.py:98} WARNING - Failed to fetch data for Andy_Carroll_418: 404
[2025-10-29T15:29:47.402+0000] {fetch_api_data.py:98} WARNING - Failed to fetch data for Javier_Hernández Balcázar_419: 404
[2025-10-29T15:29:47.966+0000] {fetch_api_data.py:98} WARNING - Failed to fetch data for Jordan_Hugill_420: 404
[2025-10-29T15:29:48.567+0000] {fetch_api_data.py:98} WARNING - Failed to fetch data for Jack_Wilshere_447: 404
[2025-10-29T15:29:49.202+0000] {fetch_api_data.py:98} WARNING - Failed to fetch data for Andriy_Yarmolenko_453: 404
[2025-10-29T15:29:49.817+0000] {fetch_api_data.py:98} WARNING - Failed to fetch data for Fabián_Balbuena_464: 404
[2025-10-29T15:29:50.453+0000] {fetch_api_data.py:98} WARNING - Failed to fetch data for Felipe Anderson_Pereira Gomes_465: 404
[2025-10-29T15:29:51.030+0000] {fetch_api_data.py:98} WARNING - Failed to fetch data for Robert_Snodgrass_489: 404
[2025-10-29T15:29:51.633+0000] {fetch_api_data.py:98} WARNING - Failed to fetch data for Lucas_Pérez_502: 404
[2025-10-29T15:29:52.224+0000] {fetch_api_data.py:98} WARNING - Failed to fetch data for Carlos_Sánchez_518: 404
[2025-10-29T15:29:52.845+0000] {fetch_api_data.py:98} WARNING - Failed to fetch data for Grady_Diangana_539: 404
[2025-10-29T15:29:53.455+0000] {fetch_api_data.py:98} WARNING - Failed to fetch data for Joe_Powell_547: 404
[2025-10-29T15:29:54.023+0000] {fetch_api_data.py:98} WARNING - Failed to fetch data for Conor_Coventry_548: 404
[2025-10-29T15:29:54.619+0000] {fetch_api_data.py:98} WARNING - Failed to fetch data for Alexandre Nascimento_Costa Silva_560: 404
[2025-10-29T15:29:55.197+0000] {fetch_api_data.py:98} WARNING - Failed to fetch data for Samir_Nasri_569: 404
[2025-10-29T15:29:55.925+0000] {fetch_api_data.py:98} WARNING - Failed to fetch data for Ben_Johnson_605: 404
[2025-10-29T15:29:56.514+0000] {fetch_api_data.py:98} WARNING - Failed to fetch data for Nathan_Holland_611: 404
[2025-10-29T15:29:57.137+0000] {fetch_api_data.py:98} WARNING - Failed to fetch data for John_Ruddy_421: 404
[2025-10-29T15:29:57.739+0000] {fetch_api_data.py:98} WARNING - Failed to fetch data for Will_Norris_422: 404
[2025-10-29T15:29:58.347+0000] {fetch_api_data.py:98} WARNING - Failed to fetch data for Willy_Boly_423: 404
[2025-10-29T15:29:58.980+0000] {fetch_api_data.py:98} WARNING - Failed to fetch data for Barry_Douglas_424: 404
[2025-10-29T15:29:59.581+0000] {fetch_api_data.py:98} WARNING - Failed to fetch data for Matt_Doherty_425: 404
[2025-10-29T15:30:00.209+0000] {fetch_api_data.py:98} WARNING - Failed to fetch data for Romain_Saïss_426: 404
[2025-10-29T15:30:00.869+0000] {fetch_api_data.py:98} WARNING - Failed to fetch data for Ryan_Bennett_427: 404
[2025-10-29T15:30:01.488+0000] {fetch_api_data.py:98} WARNING - Failed to fetch data for Danny_Batth_428: 404
[2025-10-29T15:30:02.140+0000] {fetch_api_data.py:98} WARNING - Failed to fetch data for Roderick Jefferson_Gonçalves Miranda_429: 404
[2025-10-29T15:30:02.706+0000] {fetch_api_data.py:98} WARNING - Failed to fetch data for Conor_Coady_430: 404
[2025-10-29T15:30:03.274+0000] {fetch_api_data.py:98} WARNING - Failed to fetch data for Rúben Gonçalo_Silva Nascimento Vinagre_431: 404
[2025-10-29T15:30:03.840+0000] {fetch_api_data.py:98} WARNING - Failed to fetch data for Diogo_Jota_432: 404
[2025-10-29T15:30:04.473+0000] {fetch_api_data.py:98} WARNING - Failed to fetch data for Rúben Diogo_da Silva Neves_433: 404
[2025-10-29T15:30:05.032+0000] {fetch_api_data.py:98} WARNING - Failed to fetch data for Ivan_Cavaleiro_434: 404
[2025-10-29T15:30:05.645+0000] {fetch_api_data.py:98} WARNING - Failed to fetch data for Hélder_Costa_435: 404
[2025-10-29T15:30:06.285+0000] {fetch_api_data.py:98} WARNING - Failed to fetch data for Bright_Enobakhare_436: 404
[2025-10-29T15:30:06.904+0000] {fetch_api_data.py:98} WARNING - Failed to fetch data for Raúl_Jiménez_437: 404
[2025-10-29T15:30:07.518+0000] {fetch_api_data.py:98} WARNING - Failed to fetch data for Bonatini Lohner Maia_Bonatini_438: 404
[2025-10-29T15:30:08.127+0000] {fetch_api_data.py:98} WARNING - Failed to fetch data for Morgan_Gibbs-White_448: 404
[2025-10-29T15:30:08.814+0000] {fetch_api_data.py:98} WARNING - Failed to fetch data for Rafa_Mir_449: 404
[2025-10-29T15:30:09.471+0000] {fetch_api_data.py:98} WARNING - Failed to fetch data for Rui Pedro_dos Santos Patrício_454: 404
[2025-10-29T15:30:10.108+0000] {fetch_api_data.py:98} WARNING - Failed to fetch data for João Filipe Iria_Santos Moutinho_475: 404
[2025-10-29T15:30:10.785+0000] {fetch_api_data.py:98} WARNING - Failed to fetch data for Jonathan_Castro Otto_483: 404
[2025-10-29T15:30:11.359+0000] {fetch_api_data.py:98} WARNING - Failed to fetch data for Adama_Traoré_500: 404
[2025-10-29T15:30:11.915+0000] {fetch_api_data.py:98} WARNING - Failed to fetch data for Leander_Dendoncker_519: 404
[2025-10-29T15:30:12.470+0000] {fetch_api_data.py:98} WARNING - Failed to fetch data for Kortney_Hause_525: 404
[2025-10-29T15:30:13.094+0000] {fetch_api_data.py:98} WARNING - Failed to fetch data for Ryan John_Giles_555: 404
[2025-10-29T15:30:13.751+0000] {fetch_api_data.py:98} WARNING - Failed to fetch data for Max_Kilman_567: 404
[2025-10-29T15:30:14.336+0000] {fetch_api_data.py:98} WARNING - Failed to fetch data for Cameron_John_596: 404
[2025-10-29T15:30:14.343+0000] {python.py:183} INFO - Done. Returned value was: []
[2025-10-29T15:30:14.398+0000] {taskinstance.py:1350} INFO - Marking task as SUCCESS. dag_id=fpl_gameweeks_etl, task_id=fetch_players_gw_task, map_index=5, execution_date=20251029T152313, start_date=20251029T152343, end_date=20251029T153014
[2025-10-29T15:30:14.470+0000] {local_task_job_runner.py:225} INFO - Task exited with return code 0
[2025-10-29T15:30:14.543+0000] {taskinstance.py:2653} INFO - 0 downstream tasks scheduled from follow-on schedule check
