[2025-10-29T22:13:28.065+0000] {taskinstance.py:1103} INFO - Dependencies all met for dep_context=non-requeueable deps ti=<TaskInstance: fpl_gameweeks_etl.fetch_players_gw_task manual__2025-10-29T22:12:58.624038+00:00 map_index=6 [queued]>
[2025-10-29T22:13:28.151+0000] {taskinstance.py:1103} INFO - Dependencies all met for dep_context=requeueable deps ti=<TaskInstance: fpl_gameweeks_etl.fetch_players_gw_task manual__2025-10-29T22:12:58.624038+00:00 map_index=6 [queued]>
[2025-10-29T22:13:28.154+0000] {taskinstance.py:1308} INFO - Starting attempt 1 of 2
[2025-10-29T22:13:30.324+0000] {taskinstance.py:1327} INFO - Executing <Mapped(_PythonDecoratedOperator): fetch_players_gw_task> on 2025-10-29 22:12:58.624038+00:00
[2025-10-29T22:13:30.333+0000] {standard_task_runner.py:57} INFO - Started process 2116 to run task
[2025-10-29T22:13:30.342+0000] {standard_task_runner.py:84} INFO - Running: ['airflow', 'tasks', 'run', 'fpl_gameweeks_etl', 'fetch_players_gw_task', 'manual__2025-10-29T22:12:58.624038+00:00', '--job-id', '1817', '--raw', '--subdir', 'DAGS_FOLDER/fpl_gameweeks_dag.py', '--cfg-path', '/tmp/tmpays1kys1', '--map-index', '6']
[2025-10-29T22:13:30.343+0000] {standard_task_runner.py:85} INFO - Job 1817: Subtask fetch_players_gw_task
[2025-10-29T22:13:30.446+0000] {task_command.py:410} INFO - Running <TaskInstance: fpl_gameweeks_etl.fetch_players_gw_task manual__2025-10-29T22:12:58.624038+00:00 map_index=6 [running]> on host 27ecd0db3cbd
[2025-10-29T22:13:30.652+0000] {taskinstance.py:1547} INFO - Exporting env vars: AIRFLOW_CTX_DAG_OWNER='richardilemon' AIRFLOW_CTX_DAG_ID='fpl_gameweeks_etl' AIRFLOW_CTX_TASK_ID='fetch_players_gw_task' AIRFLOW_CTX_EXECUTION_DATE='2025-10-29T22:12:58.624038+00:00' AIRFLOW_CTX_TRY_NUMBER='1' AIRFLOW_CTX_DAG_RUN_ID='manual__2025-10-29T22:12:58.624038+00:00'
[2025-10-29T22:13:31.113+0000] {fetch_api_data.py:98} WARNING - Failed to fetch data for Petr_Cech_1: 404
[2025-10-29T22:13:31.631+0000] {fetch_api_data.py:98} WARNING - Failed to fetch data for Bernd_Leno_2: 404
[2025-10-29T22:13:32.119+0000] {fetch_api_data.py:98} WARNING - Failed to fetch data for Laurent_Koscielny_3: 404
[2025-10-29T22:13:32.681+0000] {fetch_api_data.py:98} WARNING - Failed to fetch data for Héctor_Bellerín_4: 404
[2025-10-29T22:13:33.821+0000] {fetch_api_data.py:98} WARNING - Failed to fetch data for Nacho_Monreal_5: 404
[2025-10-29T22:13:34.719+0000] {fetch_api_data.py:98} WARNING - Failed to fetch data for Rob_Holding_6: 404
[2025-10-29T22:13:35.186+0000] {fetch_api_data.py:98} WARNING - Failed to fetch data for Shkodran_Mustafi_7: 404
[2025-10-29T22:13:35.755+0000] {fetch_api_data.py:98} WARNING - Failed to fetch data for Sead_Kolasinac_8: 404
[2025-10-29T22:13:36.320+0000] {fetch_api_data.py:98} WARNING - Failed to fetch data for Konstantinos_Mavropanos_10: 404
[2025-10-29T22:13:36.828+0000] {fetch_api_data.py:98} WARNING - Failed to fetch data for Stephan_Lichtsteiner_11: 404
[2025-10-29T22:13:37.322+0000] {fetch_api_data.py:98} WARNING - Failed to fetch data for Sokratis_Papastathopoulos_12: 404
[2025-10-29T22:13:37.844+0000] {fetch_api_data.py:98} WARNING - Failed to fetch data for Mesut_Özil_13: 404
[2025-10-29T22:13:38.331+0000] {fetch_api_data.py:98} WARNING - Failed to fetch data for Aaron_Ramsey_14: 404
[2025-10-29T22:13:38.809+0000] {fetch_api_data.py:98} WARNING - Failed to fetch data for Alex_Iwobi_15: 404
[2025-10-29T22:13:39.315+0000] {fetch_api_data.py:98} WARNING - Failed to fetch data for Mohamed_Elneny_16: 404
[2025-10-29T22:13:39.826+0000] {fetch_api_data.py:98} WARNING - Failed to fetch data for Granit_Xhaka_17: 404
[2025-10-29T22:13:40.348+0000] {fetch_api_data.py:98} WARNING - Failed to fetch data for Henrikh_Mkhitaryan_18: 404
[2025-10-29T22:13:40.809+0000] {fetch_api_data.py:98} WARNING - Failed to fetch data for Reiss_Nelson_19: 404
[2025-10-29T22:13:41.377+0000] {fetch_api_data.py:98} WARNING - Failed to fetch data for Ainsley_Maitland-Niles_20: 404
[2025-10-29T22:13:41.928+0000] {fetch_api_data.py:98} WARNING - Failed to fetch data for Danny_Welbeck_21: 404
[2025-10-29T22:13:42.453+0000] {fetch_api_data.py:98} WARNING - Failed to fetch data for Alexandre_Lacazette_22: 404
[2025-10-29T22:13:42.945+0000] {fetch_api_data.py:98} WARNING - Failed to fetch data for Pierre-Emerick_Aubameyang_23: 404
[2025-10-29T22:13:43.443+0000] {fetch_api_data.py:98} WARNING - Failed to fetch data for Lucas_Torreira_450: 404
[2025-10-29T22:13:43.974+0000] {fetch_api_data.py:98} WARNING - Failed to fetch data for Matteo_Guendouzi_451: 404
[2025-10-29T22:13:44.444+0000] {fetch_api_data.py:98} WARNING - Failed to fetch data for Emiliano_Martínez_542: 404
[2025-10-29T22:13:44.994+0000] {fetch_api_data.py:98} WARNING - Failed to fetch data for Emile_Smith-Rowe_545: 404
[2025-10-29T22:13:45.517+0000] {fetch_api_data.py:98} WARNING - Failed to fetch data for Zech_Medley_546: 404
[2025-10-29T22:13:46.003+0000] {fetch_api_data.py:98} WARNING - Failed to fetch data for Edward_Nketiah_552: 404
[2025-10-29T22:13:46.487+0000] {fetch_api_data.py:98} WARNING - Failed to fetch data for Bukayo_Saka_563: 404
[2025-10-29T22:13:46.937+0000] {fetch_api_data.py:98} WARNING - Failed to fetch data for Joseph_Willock_566: 404
[2025-10-29T22:13:47.454+0000] {fetch_api_data.py:98} WARNING - Failed to fetch data for Carl_Jenkinson_581: 404
[2025-10-29T22:13:47.935+0000] {fetch_api_data.py:98} WARNING - Failed to fetch data for Denis_Suárez_586: 404
[2025-10-29T22:13:48.490+0000] {fetch_api_data.py:98} WARNING - Failed to fetch data for Asmir_Begovic_24: 404
[2025-10-29T22:13:48.974+0000] {fetch_api_data.py:98} WARNING - Failed to fetch data for Artur_Boruc_25: 404
[2025-10-29T22:13:49.412+0000] {fetch_api_data.py:98} WARNING - Failed to fetch data for Simon_Francis_26: 404
[2025-10-29T22:13:49.865+0000] {fetch_api_data.py:98} WARNING - Failed to fetch data for Steve_Cook_27: 404
[2025-10-29T22:13:50.312+0000] {fetch_api_data.py:98} WARNING - Failed to fetch data for Charlie_Daniels_28: 404
[2025-10-29T22:13:51.111+0000] {fetch_api_data.py:98} WARNING - Failed to fetch data for Adam_Smith_29: 404
[2025-10-29T22:13:51.734+0000] {fetch_api_data.py:98} WARNING - Failed to fetch data for Tyrone_Mings_30: 404
[2025-10-29T22:13:52.414+0000] {fetch_api_data.py:98} WARNING - Failed to fetch data for Nathan_Aké_31: 404
[2025-10-29T22:13:53.069+0000] {fetch_api_data.py:98} WARNING - Failed to fetch data for Jack_Simpson_32: 404
[2025-10-29T22:13:53.716+0000] {fetch_api_data.py:98} WARNING - Failed to fetch data for Marc_Pugh_34: 404
[2025-10-29T22:13:54.447+0000] {fetch_api_data.py:98} WARNING - Failed to fetch data for Andrew_Surman_35: 404
[2025-10-29T22:13:55.089+0000] {fetch_api_data.py:98} WARNING - Failed to fetch data for Junior_Stanislas_36: 404
[2025-10-29T22:13:55.694+0000] {fetch_api_data.py:98} WARNING - Failed to fetch data for Dan_Gosling_37: 404
[2025-10-29T22:13:56.594+0000] {fetch_api_data.py:98} WARNING - Failed to fetch data for Jordon_Ibe_38: 404
[2025-10-29T22:13:57.408+0000] {fetch_api_data.py:98} WARNING - Failed to fetch data for Lewis_Cook_39: 404
[2025-10-29T22:13:57.979+0000] {fetch_api_data.py:98} WARNING - Failed to fetch data for Ryan_Fraser_40: 404
[2025-10-29T22:13:58.636+0000] {fetch_api_data.py:98} WARNING - Failed to fetch data for Emerson_Hyndman_41: 404
[2025-10-29T22:13:59.206+0000] {fetch_api_data.py:98} WARNING - Failed to fetch data for David_Brooks_42: 404
[2025-10-29T22:13:59.829+0000] {fetch_api_data.py:98} WARNING - Failed to fetch data for Callum_Wilson_43: 404
[2025-10-29T22:14:00.419+0000] {fetch_api_data.py:98} WARNING - Failed to fetch data for Lys_Mousset_44: 404
[2025-10-29T22:14:01.131+0000] {fetch_api_data.py:98} WARNING - Failed to fetch data for Joshua_King_45: 404
[2025-10-29T22:14:01.960+0000] {fetch_api_data.py:98} WARNING - Failed to fetch data for Jermain_Defoe_46: 404
[2025-10-29T22:14:02.812+0000] {fetch_api_data.py:98} WARNING - Failed to fetch data for Nathaniel_Clyne_241: 404
[2025-10-29T22:14:03.536+0000] {fetch_api_data.py:98} WARNING - Failed to fetch data for Dominic_Solanke_259: 404
[2025-10-29T22:14:04.337+0000] {fetch_api_data.py:98} WARNING - Failed to fetch data for Diego_Rico_473: 404
[2025-10-29T22:14:04.955+0000] {fetch_api_data.py:98} WARNING - Failed to fetch data for Jefferson_Lerma_494: 404
[2025-10-29T22:14:05.645+0000] {fetch_api_data.py:98} WARNING - Failed to fetch data for Chris_Mepham_580: 404
[2025-10-29T22:14:06.296+0000] {fetch_api_data.py:98} WARNING - Failed to fetch data for Sam_Surridge_599: 404
[2025-10-29T22:14:06.857+0000] {fetch_api_data.py:98} WARNING - Failed to fetch data for Kyle_Taylor_600: 404
[2025-10-29T22:14:07.491+0000] {fetch_api_data.py:98} WARNING - Failed to fetch data for Nnamdi_Ofoborh_613: 404
[2025-10-29T22:14:08.080+0000] {fetch_api_data.py:98} WARNING - Failed to fetch data for Mark_Travers_616: 404
[2025-10-29T22:14:08.699+0000] {fetch_api_data.py:98} WARNING - Failed to fetch data for Matt_Butcher_620: 404
[2025-10-29T22:14:09.274+0000] {fetch_api_data.py:98} WARNING - Failed to fetch data for Mathew_Ryan_47: 404
[2025-10-29T22:14:09.905+0000] {fetch_api_data.py:98} WARNING - Failed to fetch data for Lewis_Dunk_48: 404
[2025-10-29T22:14:10.564+0000] {fetch_api_data.py:98} WARNING - Failed to fetch data for Shane_Duffy_49: 404
[2025-10-29T22:14:11.236+0000] {fetch_api_data.py:98} WARNING - Failed to fetch data for Bruno_Saltor Grau_50: 404
[2025-10-29T22:14:11.875+0000] {fetch_api_data.py:98} WARNING - Failed to fetch data for Gaëtan_Bong_51: 404
[2025-10-29T22:14:12.515+0000] {fetch_api_data.py:98} WARNING - Failed to fetch data for Markus_Suttner_52: 404
[2025-10-29T22:14:13.149+0000] {fetch_api_data.py:98} WARNING - Failed to fetch data for Ezequiel_Schelotto_53: 404
[2025-10-29T22:14:13.748+0000] {fetch_api_data.py:98} WARNING - Failed to fetch data for Leon_Balogun_54: 404
[2025-10-29T22:14:14.333+0000] {fetch_api_data.py:98} WARNING - Failed to fetch data for Anthony_Knockaert_55: 404
[2025-10-29T22:14:14.914+0000] {fetch_api_data.py:98} WARNING - Failed to fetch data for Dale_Stephens_56: 404
[2025-10-29T22:14:15.595+0000] {fetch_api_data.py:98} WARNING - Failed to fetch data for Beram_Kayal_57: 404
[2025-10-29T22:14:16.305+0000] {fetch_api_data.py:98} WARNING - Failed to fetch data for Solomon_March_58: 404
[2025-10-29T22:14:16.909+0000] {fetch_api_data.py:98} WARNING - Failed to fetch data for Pascal_Groß_59: 404
[2025-10-29T22:14:17.521+0000] {fetch_api_data.py:98} WARNING - Failed to fetch data for Davy_Pröpper_60: 404
[2025-10-29T22:14:18.151+0000] {fetch_api_data.py:98} WARNING - Failed to fetch data for José Heriberto_Izquierdo Mena_61: 404
[2025-10-29T22:14:18.852+0000] {fetch_api_data.py:98} WARNING - Failed to fetch data for Glenn_Murray_62: 404
[2025-10-29T22:14:19.491+0000] {fetch_api_data.py:98} WARNING - Failed to fetch data for Tomer_Hemed_63: 404
[2025-10-29T22:14:20.090+0000] {fetch_api_data.py:98} WARNING - Failed to fetch data for Sam_Baldock_64: 404
[2025-10-29T22:14:20.677+0000] {fetch_api_data.py:98} WARNING - Failed to fetch data for Jürgen_Locadia_65: 404
[2025-10-29T22:14:21.295+0000] {fetch_api_data.py:98} WARNING - Failed to fetch data for Florin_Andone_66: 404
[2025-10-29T22:14:21.937+0000] {fetch_api_data.py:98} WARNING - Failed to fetch data for David_Button_179: 404
[2025-10-29T22:14:22.576+0000] {fetch_api_data.py:98} WARNING - Failed to fetch data for Jason_Steele_439: 404
[2025-10-29T22:14:23.171+0000] {fetch_api_data.py:98} WARNING - Failed to fetch data for Bernardo_Fernandes da Silva Junior_440: 404
[2025-10-29T22:14:23.819+0000] {fetch_api_data.py:98} WARNING - Failed to fetch data for Yves_Bissouma_466: 404
[2025-10-29T22:14:24.462+0000] {fetch_api_data.py:98} WARNING - Failed to fetch data for Alireza_Jahanbakhsh_476: 404
[2025-10-29T22:14:25.192+0000] {fetch_api_data.py:98} WARNING - Failed to fetch data for Martín_Montoya_503: 404
[2025-10-29T22:14:25.805+0000] {fetch_api_data.py:98} WARNING - Failed to fetch data for Viktor_Gyokeres_551: 404
[2025-10-29T22:14:26.456+0000] {fetch_api_data.py:98} WARNING - Failed to fetch data for Ben_White_559: 404
[2025-10-29T22:14:27.082+0000] {fetch_api_data.py:98} WARNING - Failed to fetch data for Max_Sanders_572: 404
[2025-10-29T22:14:27.666+0000] {fetch_api_data.py:98} WARNING - Failed to fetch data for Dan_Burn_582: 404
[2025-10-29T22:14:28.265+0000] {fetch_api_data.py:98} WARNING - Failed to fetch data for Jayson_Molumby_617: 404
[2025-10-29T22:14:28.883+0000] {fetch_api_data.py:98} WARNING - Failed to fetch data for Tom_Heaton_67: 404
[2025-10-29T22:14:29.478+0000] {fetch_api_data.py:98} WARNING - Failed to fetch data for Nick_Pope_68: 404
[2025-10-29T22:14:30.121+0000] {fetch_api_data.py:98} WARNING - Failed to fetch data for Matthew_Lowton_69: 404
[2025-10-29T22:14:30.770+0000] {fetch_api_data.py:98} WARNING - Failed to fetch data for Ben_Mee_70: 404
[2025-10-29T22:14:31.464+0000] {fetch_api_data.py:98} WARNING - Failed to fetch data for Stephen_Ward_71: 404
[2025-10-29T22:14:32.082+0000] {fetch_api_data.py:98} WARNING - Failed to fetch data for James_Tarkowski_72: 404
[2025-10-29T22:14:32.720+0000] {fetch_api_data.py:98} WARNING - Failed to fetch data for Kevin_Long_73: 404
[2025-10-29T22:14:33.458+0000] {fetch_api_data.py:98} WARNING - Failed to fetch data for Charlie_Taylor_74: 404
[2025-10-29T22:14:34.107+0000] {fetch_api_data.py:98} WARNING - Failed to fetch data for Phil_Bardsley_75: 404
[2025-10-29T22:14:34.726+0000] {fetch_api_data.py:98} WARNING - Failed to fetch data for Johann Berg_Gudmundsson_76: 404
[2025-10-29T22:14:35.302+0000] {fetch_api_data.py:98} WARNING - Failed to fetch data for Steven_Defour_77: 404
[2025-10-29T22:14:35.895+0000] {fetch_api_data.py:98} WARNING - Failed to fetch data for Jeff_Hendrick_78: 404
[2025-10-29T22:14:36.822+0000] {fetch_api_data.py:98} WARNING - Failed to fetch data for Robbie_Brady_79: 404
[2025-10-29T22:14:37.673+0000] {fetch_api_data.py:98} WARNING - Failed to fetch data for Ashley_Westwood_80: 404
[2025-10-29T22:14:38.361+0000] {fetch_api_data.py:98} WARNING - Failed to fetch data for Jonathan_Walters_81: 404
[2025-10-29T22:14:38.982+0000] {fetch_api_data.py:98} WARNING - Failed to fetch data for Jack_Cork_82: 404
[2025-10-29T22:14:39.577+0000] {fetch_api_data.py:98} WARNING - Failed to fetch data for Aaron_Lennon_83: 404
[2025-10-29T22:14:40.207+0000] {fetch_api_data.py:98} WARNING - Failed to fetch data for Sam_Vokes_84: 404
[2025-10-29T22:14:40.805+0000] {fetch_api_data.py:98} WARNING - Failed to fetch data for Ashley_Barnes_85: 404
[2025-10-29T22:14:41.489+0000] {fetch_api_data.py:98} WARNING - Failed to fetch data for Nahki_Wells_86: 404
[2025-10-29T22:14:42.076+0000] {fetch_api_data.py:98} WARNING - Failed to fetch data for Chris_Wood_87: 404
[2025-10-29T22:14:42.691+0000] {fetch_api_data.py:98} WARNING - Failed to fetch data for Anders_Lindegaard_485: 404
[2025-10-29T22:14:43.325+0000] {fetch_api_data.py:98} WARNING - Failed to fetch data for Joe_Hart_490: 404
[2025-10-29T22:14:43.917+0000] {fetch_api_data.py:98} WARNING - Failed to fetch data for Ben_Gibson_491: 404
[2025-10-29T22:14:44.547+0000] {fetch_api_data.py:98} WARNING - Failed to fetch data for Matej_Vydra_495: 404
[2025-10-29T22:14:45.189+0000] {fetch_api_data.py:98} WARNING - Failed to fetch data for Dwight_McNeil_534: 404
[2025-10-29T22:14:45.876+0000] {fetch_api_data.py:98} WARNING - Failed to fetch data for Abd-Al-Ali Morakinyo Olaposi_Koiki_564: 404
[2025-10-29T22:14:46.462+0000] {fetch_api_data.py:98} WARNING - Failed to fetch data for Josh_Benson_583: 404
[2025-10-29T22:14:47.047+0000] {fetch_api_data.py:98} WARNING - Failed to fetch data for Peter_Crouch_590: 404
[2025-10-29T22:14:47.651+0000] {fetch_api_data.py:98} WARNING - Failed to fetch data for Anthony_Driscoll-Glennon_615: 404
[2025-10-29T22:14:48.260+0000] {fetch_api_data.py:98} WARNING - Failed to fetch data for Harry_Arter_33: 404
[2025-10-29T22:14:50.212+0000] {fetch_api_data.py:98} WARNING - Failed to fetch data for Neil_Etheridge_88: 404
[2025-10-29T22:14:52.049+0000] {fetch_api_data.py:98} WARNING - Failed to fetch data for Alex_Smithies_89: 404
[2025-10-29T22:14:52.902+0000] {fetch_api_data.py:98} WARNING - Failed to fetch data for Sean_Morrison_90: 404
[2025-10-29T22:14:53.512+0000] {fetch_api_data.py:98} WARNING - Failed to fetch data for Sol_Bamba_91: 404
[2025-10-29T22:14:54.093+0000] {fetch_api_data.py:98} WARNING - Failed to fetch data for Bruno_Ecuele Manga_92: 404
[2025-10-29T22:14:54.720+0000] {fetch_api_data.py:98} WARNING - Failed to fetch data for Matthew_Connolly_93: 404
[2025-10-29T22:14:55.373+0000] {fetch_api_data.py:98} WARNING - Failed to fetch data for Joe_Bennett_94: 404
[2025-10-29T22:14:56.046+0000] {fetch_api_data.py:98} WARNING - Failed to fetch data for Lee_Peltier_95: 404
[2025-10-29T22:14:56.746+0000] {fetch_api_data.py:98} WARNING - Failed to fetch data for Ashley Darel Jazz_Richards_96: 404
[2025-10-29T22:14:57.424+0000] {fetch_api_data.py:98} WARNING - Failed to fetch data for Greg_Halford_97: 404
[2025-10-29T22:14:58.031+0000] {fetch_api_data.py:98} WARNING - Failed to fetch data for Joe_Ralls_98: 404
[2025-10-29T22:14:58.629+0000] {fetch_api_data.py:98} WARNING - Failed to fetch data for David Junior_Hoilett_99: 404
[2025-10-29T22:14:59.241+0000] {fetch_api_data.py:98} WARNING - Failed to fetch data for Nathaniel_Mendez-Laing_100: 404
[2025-10-29T22:14:59.862+0000] {fetch_api_data.py:98} WARNING - Failed to fetch data for Callum_Paterson_101: 404
[2025-10-29T22:15:00.512+0000] {fetch_api_data.py:98} WARNING - Failed to fetch data for Aron_Gunnarsson_102: 404
[2025-10-29T22:15:01.125+0000] {fetch_api_data.py:98} WARNING - Failed to fetch data for Anthony_Pilkington_103: 404
[2025-10-29T22:15:01.692+0000] {local_task_job_runner.py:292} WARNING - State of this instance has been externally set to failed. Terminating instance.
[2025-10-29T22:15:01.699+0000] {process_utils.py:135} INFO - Sending Signals.SIGTERM to group 2116. PIDs of all processes in the group: [2116]
[2025-10-29T22:15:01.700+0000] {process_utils.py:86} INFO - Sending the signal Signals.SIGTERM to group 2116
[2025-10-29T22:15:01.700+0000] {taskinstance.py:1517} ERROR - Received SIGTERM. Terminating subprocesses.
[2025-10-29T22:15:01.793+0000] {process_utils.py:79} INFO - Process psutil.Process(pid=2116, status='terminated', exitcode=0, started='22:13:29') (2116) terminated with exit code 0
