[2025-10-29T08:26:16.126+0000] {taskinstance.py:1103} INFO - Dependencies all met for dep_context=non-requeueable deps ti=<TaskInstance: fpl_gameweeks_etl.fetch_players_gw_task scheduled__2025-10-28T00:00:00+00:00 map_index=3 [queued]>
[2025-10-29T08:26:16.181+0000] {taskinstance.py:1103} INFO - Dependencies all met for dep_context=requeueable deps ti=<TaskInstance: fpl_gameweeks_etl.fetch_players_gw_task scheduled__2025-10-28T00:00:00+00:00 map_index=3 [queued]>
[2025-10-29T08:26:16.182+0000] {taskinstance.py:1308} INFO - Starting attempt 2 of 2
[2025-10-29T08:26:16.251+0000] {taskinstance.py:1327} INFO - Executing <Mapped(_PythonDecoratedOperator): fetch_players_gw_task> on 2025-10-28 00:00:00+00:00
[2025-10-29T08:26:16.265+0000] {standard_task_runner.py:57} INFO - Started process 3358 to run task
[2025-10-29T08:26:16.273+0000] {standard_task_runner.py:84} INFO - Running: ['airflow', 'tasks', 'run', 'fpl_gameweeks_etl', 'fetch_players_gw_task', 'scheduled__2025-10-28T00:00:00+00:00', '--job-id', '157', '--raw', '--subdir', 'DAGS_FOLDER/fpl_gameweeks_dag.py', '--cfg-path', '/tmp/tmpuysss168', '--map-index', '3']
[2025-10-29T08:26:16.275+0000] {standard_task_runner.py:85} INFO - Job 157: Subtask fetch_players_gw_task
[2025-10-29T08:26:17.153+0000] {task_command.py:410} INFO - Running <TaskInstance: fpl_gameweeks_etl.fetch_players_gw_task scheduled__2025-10-28T00:00:00+00:00 map_index=3 [running]> on host dede24b5451e
[2025-10-29T08:26:17.765+0000] {taskinstance.py:1547} INFO - Exporting env vars: AIRFLOW_CTX_DAG_OWNER='richardilemon' AIRFLOW_CTX_DAG_ID='fpl_gameweeks_etl' AIRFLOW_CTX_TASK_ID='fetch_players_gw_task' AIRFLOW_CTX_EXECUTION_DATE='2025-10-28T00:00:00+00:00' AIRFLOW_CTX_TRY_NUMBER='2' AIRFLOW_CTX_DAG_RUN_ID='scheduled__2025-10-28T00:00:00+00:00'
[2025-10-29T08:26:17.772+0000] {taskinstance.py:1824} ERROR - Task failed with exception
Traceback (most recent call last):
  File "/home/airflow/.local/lib/python3.7/site-packages/airflow/decorators/base.py", line 220, in execute
    return_value = super().execute(context)
  File "/home/airflow/.local/lib/python3.7/site-packages/airflow/operators/python.py", line 181, in execute
    return_value = self.execute_callable()
  File "/home/airflow/.local/lib/python3.7/site-packages/airflow/operators/python.py", line 198, in execute_callable
    return self.python_callable(*self.op_args, **self.op_kwargs)
  File "/opt/airflow/dags/fpl_gameweeks_dag.py", line 110, in fetch_players_gw_task
    season, category=None, endpoint=endpoint, player_folder=player_folder
  File "/opt/airflow/scripts/utils/fetch_api_data.py", line 69, in fetch_data_from_api
    logging.info(f"Requested Url -> {url}")
UnboundLocalError: local variable 'url' referenced before assignment
[2025-10-29T08:26:17.842+0000] {taskinstance.py:1350} INFO - Marking task as FAILED. dag_id=fpl_gameweeks_etl, task_id=fetch_players_gw_task, map_index=3, execution_date=20251028T000000, start_date=20251029T082616, end_date=20251029T082617
[2025-10-29T08:26:17.886+0000] {standard_task_runner.py:109} ERROR - Failed to execute job 157 for task fetch_players_gw_task (local variable 'url' referenced before assignment; 3358)
[2025-10-29T08:26:17.966+0000] {local_task_job_runner.py:225} INFO - Task exited with return code 1
[2025-10-29T08:26:18.442+0000] {taskinstance.py:2653} INFO - 0 downstream tasks scheduled from follow-on schedule check
