[2025-10-26T11:02:57.357+0000] {taskinstance.py:1103} INFO - Dependencies all met for dep_context=non-requeueable deps ti=<TaskInstance: fpl_gameweeks_etl.fetch_players_gw_task manual__2025-10-26T10:45:30.190961+00:00 map_index=519 [queued]>
[2025-10-26T11:02:57.562+0000] {taskinstance.py:1103} INFO - Dependencies all met for dep_context=requeueable deps ti=<TaskInstance: fpl_gameweeks_etl.fetch_players_gw_task manual__2025-10-26T10:45:30.190961+00:00 map_index=519 [queued]>
[2025-10-26T11:02:57.563+0000] {taskinstance.py:1308} INFO - Starting attempt 1 of 2
[2025-10-26T11:02:57.694+0000] {taskinstance.py:1327} INFO - Executing <Mapped(_PythonDecoratedOperator): fetch_players_gw_task> on 2025-10-26 10:45:30.190961+00:00
[2025-10-26T11:02:57.714+0000] {standard_task_runner.py:57} INFO - Started process 306 to run task
[2025-10-26T11:02:57.731+0000] {standard_task_runner.py:84} INFO - Running: ['airflow', 'tasks', 'run', 'fpl_gameweeks_etl', 'fetch_players_gw_task', 'manual__2025-10-26T10:45:30.190961+00:00', '--job-id', '7778', '--raw', '--subdir', 'DAGS_FOLDER/fpl_gameweeks_dag.py', '--cfg-path', '/tmp/tmpzo0ljj6p', '--map-index', '519']
[2025-10-26T11:02:57.752+0000] {standard_task_runner.py:85} INFO - Job 7778: Subtask fetch_players_gw_task
[2025-10-26T11:02:57.972+0000] {task_command.py:410} INFO - Running <TaskInstance: fpl_gameweeks_etl.fetch_players_gw_task manual__2025-10-26T10:45:30.190961+00:00 map_index=519 [running]> on host 9845efddf180
[2025-10-26T11:02:58.507+0000] {taskinstance.py:1547} INFO - Exporting env vars: AIRFLOW_CTX_DAG_OWNER='richardilemon' AIRFLOW_CTX_DAG_ID='fpl_gameweeks_etl' AIRFLOW_CTX_TASK_ID='fetch_players_gw_task' AIRFLOW_CTX_EXECUTION_DATE='2025-10-26T10:45:30.190961+00:00' AIRFLOW_CTX_TRY_NUMBER='1' AIRFLOW_CTX_DAG_RUN_ID='manual__2025-10-26T10:45:30.190961+00:00'
[2025-10-26T11:02:59.100+0000] {fetch_api_data.py:66} INFO - Requested Url -> https://raw.githubusercontent.com/vaastav/Fantasy-Premier-League/master/data/2018-19/players/G/gw.csv
[2025-10-26T11:02:59.556+0000] {fetch_api_data.py:66} INFO - Requested Url -> https://raw.githubusercontent.com/vaastav/Fantasy-Premier-League/master/data/2018-19/players/e/gw.csv
[2025-10-26T11:03:00.057+0000] {fetch_api_data.py:66} INFO - Requested Url -> https://raw.githubusercontent.com/vaastav/Fantasy-Premier-League/master/data/2018-19/players/o/gw.csv
[2025-10-26T11:03:00.557+0000] {fetch_api_data.py:66} INFO - Requested Url -> https://raw.githubusercontent.com/vaastav/Fantasy-Premier-League/master/data/2018-19/players/r/gw.csv
[2025-10-26T11:03:01.072+0000] {fetch_api_data.py:66} INFO - Requested Url -> https://raw.githubusercontent.com/vaastav/Fantasy-Premier-League/master/data/2018-19/players/g/gw.csv
[2025-10-26T11:03:01.583+0000] {fetch_api_data.py:66} INFO - Requested Url -> https://raw.githubusercontent.com/vaastav/Fantasy-Premier-League/master/data/2018-19/players/e/gw.csv
[2025-10-26T11:03:02.214+0000] {fetch_api_data.py:66} INFO - Requested Url -> https://raw.githubusercontent.com/vaastav/Fantasy-Premier-League/master/data/2018-19/players/s/gw.csv
[2025-10-26T11:03:02.851+0000] {fetch_api_data.py:66} INFO - Requested Url -> https://raw.githubusercontent.com/vaastav/Fantasy-Premier-League/master/data/2018-19/players/-/gw.csv
[2025-10-26T11:03:03.585+0000] {fetch_api_data.py:66} INFO - Requested Url -> https://raw.githubusercontent.com/vaastav/Fantasy-Premier-League/master/data/2018-19/players/K/gw.csv
[2025-10-26T11:03:04.356+0000] {fetch_api_data.py:66} INFO - Requested Url -> https://raw.githubusercontent.com/vaastav/Fantasy-Premier-League/master/data/2018-19/players/é/gw.csv
[2025-10-26T11:03:05.185+0000] {fetch_api_data.py:66} INFO - Requested Url -> https://raw.githubusercontent.com/vaastav/Fantasy-Premier-League/master/data/2018-19/players/v/gw.csv
[2025-10-26T11:03:05.792+0000] {fetch_api_data.py:66} INFO - Requested Url -> https://raw.githubusercontent.com/vaastav/Fantasy-Premier-League/master/data/2018-19/players/i/gw.csv
[2025-10-26T11:03:06.394+0000] {fetch_api_data.py:66} INFO - Requested Url -> https://raw.githubusercontent.com/vaastav/Fantasy-Premier-League/master/data/2018-19/players/n/gw.csv
[2025-10-26T11:03:07.094+0000] {fetch_api_data.py:66} INFO - Requested Url -> https://raw.githubusercontent.com/vaastav/Fantasy-Premier-League/master/data/2018-19/players/_/gw.csv
[2025-10-26T11:03:07.741+0000] {fetch_api_data.py:66} INFO - Requested Url -> https://raw.githubusercontent.com/vaastav/Fantasy-Premier-League/master/data/2018-19/players/N/gw.csv
[2025-10-26T11:03:08.285+0000] {fetch_api_data.py:66} INFO - Requested Url -> https://raw.githubusercontent.com/vaastav/Fantasy-Premier-League/master/data/2018-19/players/k/gw.csv
[2025-10-26T11:03:08.869+0000] {fetch_api_data.py:66} INFO - Requested Url -> https://raw.githubusercontent.com/vaastav/Fantasy-Premier-League/master/data/2018-19/players/o/gw.csv
[2025-10-26T11:03:09.432+0000] {fetch_api_data.py:66} INFO - Requested Url -> https://raw.githubusercontent.com/vaastav/Fantasy-Premier-League/master/data/2018-19/players/u/gw.csv
[2025-10-26T11:03:10.093+0000] {fetch_api_data.py:66} INFO - Requested Url -> https://raw.githubusercontent.com/vaastav/Fantasy-Premier-League/master/data/2018-19/players/d/gw.csv
[2025-10-26T11:03:10.563+0000] {fetch_api_data.py:66} INFO - Requested Url -> https://raw.githubusercontent.com/vaastav/Fantasy-Premier-League/master/data/2018-19/players/o/gw.csv
[2025-10-26T11:03:11.108+0000] {fetch_api_data.py:66} INFO - Requested Url -> https://raw.githubusercontent.com/vaastav/Fantasy-Premier-League/master/data/2018-19/players/u/gw.csv
[2025-10-26T11:03:11.699+0000] {fetch_api_data.py:66} INFO - Requested Url -> https://raw.githubusercontent.com/vaastav/Fantasy-Premier-League/master/data/2018-19/players/_/gw.csv
[2025-10-26T11:03:13.244+0000] {fetch_api_data.py:66} INFO - Requested Url -> https://raw.githubusercontent.com/vaastav/Fantasy-Premier-League/master/data/2018-19/players/4/gw.csv
[2025-10-26T11:03:13.749+0000] {fetch_api_data.py:66} INFO - Requested Url -> https://raw.githubusercontent.com/vaastav/Fantasy-Premier-League/master/data/2018-19/players/9/gw.csv
[2025-10-26T11:03:14.323+0000] {fetch_api_data.py:66} INFO - Requested Url -> https://raw.githubusercontent.com/vaastav/Fantasy-Premier-League/master/data/2018-19/players/7/gw.csv
[2025-10-26T11:03:14.326+0000] {python.py:183} INFO - Done. Returned value was: []
[2025-10-26T11:03:14.398+0000] {taskinstance.py:1350} INFO - Marking task as SUCCESS. dag_id=fpl_gameweeks_etl, task_id=fetch_players_gw_task, map_index=519, execution_date=20251026T104530, start_date=20251026T110257, end_date=20251026T110314
[2025-10-26T11:03:14.431+0000] {local_task_job_runner.py:225} INFO - Task exited with return code 0
[2025-10-26T11:04:02.783+0000] {taskinstance.py:2653} INFO - 0 downstream tasks scheduled from follow-on schedule check
