[2025-10-26T11:02:52.326+0000] {taskinstance.py:1103} INFO - Dependencies all met for dep_context=non-requeueable deps ti=<TaskInstance: fpl_gameweeks_etl.fetch_players_gw_task manual__2025-10-26T10:45:30.190961+00:00 map_index=514 [queued]>
[2025-10-26T11:02:52.608+0000] {taskinstance.py:1103} INFO - Dependencies all met for dep_context=requeueable deps ti=<TaskInstance: fpl_gameweeks_etl.fetch_players_gw_task manual__2025-10-26T10:45:30.190961+00:00 map_index=514 [queued]>
[2025-10-26T11:02:52.609+0000] {taskinstance.py:1308} INFO - Starting attempt 1 of 2
[2025-10-26T11:02:52.658+0000] {taskinstance.py:1327} INFO - Executing <Mapped(_PythonDecoratedOperator): fetch_players_gw_task> on 2025-10-26 10:45:30.190961+00:00
[2025-10-26T11:02:52.675+0000] {standard_task_runner.py:57} INFO - Started process 300 to run task
[2025-10-26T11:02:52.695+0000] {standard_task_runner.py:84} INFO - Running: ['airflow', 'tasks', 'run', 'fpl_gameweeks_etl', 'fetch_players_gw_task', 'manual__2025-10-26T10:45:30.190961+00:00', '--job-id', '7775', '--raw', '--subdir', 'DAGS_FOLDER/fpl_gameweeks_dag.py', '--cfg-path', '/tmp/tmpgxnifcj8', '--map-index', '514']
[2025-10-26T11:02:52.700+0000] {standard_task_runner.py:85} INFO - Job 7775: Subtask fetch_players_gw_task
[2025-10-26T11:02:53.051+0000] {task_command.py:410} INFO - Running <TaskInstance: fpl_gameweeks_etl.fetch_players_gw_task manual__2025-10-26T10:45:30.190961+00:00 map_index=514 [running]> on host 9845efddf180
[2025-10-26T11:02:53.818+0000] {taskinstance.py:1547} INFO - Exporting env vars: AIRFLOW_CTX_DAG_OWNER='richardilemon' AIRFLOW_CTX_DAG_ID='fpl_gameweeks_etl' AIRFLOW_CTX_TASK_ID='fetch_players_gw_task' AIRFLOW_CTX_EXECUTION_DATE='2025-10-26T10:45:30.190961+00:00' AIRFLOW_CTX_TRY_NUMBER='1' AIRFLOW_CTX_DAG_RUN_ID='manual__2025-10-26T10:45:30.190961+00:00'
[2025-10-26T11:02:54.388+0000] {fetch_api_data.py:66} INFO - Requested Url -> https://raw.githubusercontent.com/vaastav/Fantasy-Premier-League/master/data/2018-19/players/H/gw.csv
[2025-10-26T11:02:55.080+0000] {fetch_api_data.py:66} INFO - Requested Url -> https://raw.githubusercontent.com/vaastav/Fantasy-Premier-League/master/data/2018-19/players/a/gw.csv
[2025-10-26T11:02:55.851+0000] {fetch_api_data.py:66} INFO - Requested Url -> https://raw.githubusercontent.com/vaastav/Fantasy-Premier-League/master/data/2018-19/players/r/gw.csv
[2025-10-26T11:02:56.377+0000] {fetch_api_data.py:66} INFO - Requested Url -> https://raw.githubusercontent.com/vaastav/Fantasy-Premier-League/master/data/2018-19/players/r/gw.csv
[2025-10-26T11:02:56.911+0000] {fetch_api_data.py:66} INFO - Requested Url -> https://raw.githubusercontent.com/vaastav/Fantasy-Premier-League/master/data/2018-19/players/y/gw.csv
[2025-10-26T11:02:57.422+0000] {fetch_api_data.py:66} INFO - Requested Url -> https://raw.githubusercontent.com/vaastav/Fantasy-Premier-League/master/data/2018-19/players/_/gw.csv
[2025-10-26T11:02:57.959+0000] {fetch_api_data.py:66} INFO - Requested Url -> https://raw.githubusercontent.com/vaastav/Fantasy-Premier-League/master/data/2018-19/players/W/gw.csv
[2025-10-26T11:02:58.618+0000] {fetch_api_data.py:66} INFO - Requested Url -> https://raw.githubusercontent.com/vaastav/Fantasy-Premier-League/master/data/2018-19/players/i/gw.csv
[2025-10-26T11:02:59.138+0000] {fetch_api_data.py:66} INFO - Requested Url -> https://raw.githubusercontent.com/vaastav/Fantasy-Premier-League/master/data/2018-19/players/n/gw.csv
[2025-10-26T11:02:59.614+0000] {fetch_api_data.py:66} INFO - Requested Url -> https://raw.githubusercontent.com/vaastav/Fantasy-Premier-League/master/data/2018-19/players/k/gw.csv
[2025-10-26T11:03:00.097+0000] {fetch_api_data.py:66} INFO - Requested Url -> https://raw.githubusercontent.com/vaastav/Fantasy-Premier-League/master/data/2018-19/players/s/gw.csv
[2025-10-26T11:03:00.650+0000] {fetch_api_data.py:66} INFO - Requested Url -> https://raw.githubusercontent.com/vaastav/Fantasy-Premier-League/master/data/2018-19/players/_/gw.csv
[2025-10-26T11:03:01.156+0000] {fetch_api_data.py:66} INFO - Requested Url -> https://raw.githubusercontent.com/vaastav/Fantasy-Premier-League/master/data/2018-19/players/3/gw.csv
[2025-10-26T11:03:01.721+0000] {fetch_api_data.py:66} INFO - Requested Url -> https://raw.githubusercontent.com/vaastav/Fantasy-Premier-League/master/data/2018-19/players/6/gw.csv
[2025-10-26T11:03:02.258+0000] {fetch_api_data.py:66} INFO - Requested Url -> https://raw.githubusercontent.com/vaastav/Fantasy-Premier-League/master/data/2018-19/players/8/gw.csv
[2025-10-26T11:03:02.267+0000] {python.py:183} INFO - Done. Returned value was: []
[2025-10-26T11:03:02.504+0000] {taskinstance.py:1350} INFO - Marking task as SUCCESS. dag_id=fpl_gameweeks_etl, task_id=fetch_players_gw_task, map_index=514, execution_date=20251026T104530, start_date=20251026T110252, end_date=20251026T110302
[2025-10-26T11:03:02.598+0000] {local_task_job_runner.py:225} INFO - Task exited with return code 0
[2025-10-26T11:04:00.628+0000] {taskinstance.py:2653} INFO - 0 downstream tasks scheduled from follow-on schedule check
