[2025-10-30T00:02:50.463+0000] {taskinstance.py:1103} INFO - Dependencies all met for dep_context=non-requeueable deps ti=<TaskInstance: fpl_gameweeks_etl.create_gw_stats_table manual__2025-10-30T00:02:25.157760+00:00 [queued]>
[2025-10-30T00:02:50.533+0000] {taskinstance.py:1103} INFO - Dependencies all met for dep_context=requeueable deps ti=<TaskInstance: fpl_gameweeks_etl.create_gw_stats_table manual__2025-10-30T00:02:25.157760+00:00 [queued]>
[2025-10-30T00:02:50.538+0000] {taskinstance.py:1308} INFO - Starting attempt 1 of 2
[2025-10-30T00:02:50.997+0000] {taskinstance.py:1327} INFO - Executing <Task(PostgresOperator): create_gw_stats_table> on 2025-10-30 00:02:25.157760+00:00
[2025-10-30T00:02:51.015+0000] {standard_task_runner.py:57} INFO - Started process 9430 to run task
[2025-10-30T00:02:51.030+0000] {standard_task_runner.py:84} INFO - Running: ['airflow', 'tasks', 'run', 'fpl_gameweeks_etl', 'create_gw_stats_table', 'manual__2025-10-30T00:02:25.157760+00:00', '--job-id', '2279', '--raw', '--subdir', 'DAGS_FOLDER/fpl_gameweeks_dag.py', '--cfg-path', '/tmp/tmp6efvjryz']
[2025-10-30T00:02:51.034+0000] {standard_task_runner.py:85} INFO - Job 2279: Subtask create_gw_stats_table
[2025-10-30T00:02:51.321+0000] {task_command.py:410} INFO - Running <TaskInstance: fpl_gameweeks_etl.create_gw_stats_table manual__2025-10-30T00:02:25.157760+00:00 [running]> on host 27ecd0db3cbd
[2025-10-30T00:02:52.040+0000] {taskinstance.py:1547} INFO - Exporting env vars: AIRFLOW_CTX_DAG_OWNER='richardilemon' AIRFLOW_CTX_DAG_ID='fpl_gameweeks_etl' AIRFLOW_CTX_TASK_ID='create_gw_stats_table' AIRFLOW_CTX_EXECUTION_DATE='2025-10-30T00:02:25.157760+00:00' AIRFLOW_CTX_TRY_NUMBER='1' AIRFLOW_CTX_DAG_RUN_ID='manual__2025-10-30T00:02:25.157760+00:00'
[2025-10-30T00:02:52.049+0000] {sql.py:265} INFO - Executing: 
            CREATE TABLE IF NOT EXISTS player_gameweek_stats (
                season TEXT,
                gameweek INTEGER,
                player_name TEXT,
                team_code INTEGER,
                goals_scored INTEGER,
                assists INTEGER,
                clean_sheets INTEGER,
                goals_conceded INTEGER,
                own_goals INTEGER,
                penalties_saved INTEGER,
                penalties_missed INTEGER,
                red_cards INTEGER,
                yellow_cards INTEGER,
                big_chances_missed INTEGER,
                big_chances_created INTEGER,
                clearance_blocks_interceptions INTEGER,
                completed_passes INTEGER,
                dribbles INTEGER,
                errors_leading_to_goal INTEGER,
                fouls INTEGER,
                key_passes INTEGER,
                open_play_crosses INTEGER,
                was_home BOOLEAN,
                winning_goals INTEGER,
                PRIMARY KEY (season, gameweek, player_name)
            );
        
[2025-10-30T00:02:52.103+0000] {base.py:73} INFO - Using connection ID 'fpl_db_conn' for task execution.
[2025-10-30T00:02:52.432+0000] {base.py:73} INFO - Using connection ID 'fpl_db_conn' for task execution.
[2025-10-30T00:02:52.456+0000] {sql.py:375} INFO - Running statement: 
            CREATE TABLE IF NOT EXISTS player_gameweek_stats (
                season TEXT,
                gameweek INTEGER,
                player_name TEXT,
                team_code INTEGER,
                goals_scored INTEGER,
                assists INTEGER,
                clean_sheets INTEGER,
                goals_conceded INTEGER,
                own_goals INTEGER,
                penalties_saved INTEGER,
                penalties_missed INTEGER,
                red_cards INTEGER,
                yellow_cards INTEGER,
                big_chances_missed INTEGER,
                big_chances_created INTEGER,
                clearance_blocks_interceptions INTEGER,
                completed_passes INTEGER,
                dribbles INTEGER,
                errors_leading_to_goal INTEGER,
                fouls INTEGER,
                key_passes INTEGER,
                open_play_crosses INTEGER,
                was_home BOOLEAN,
                winning_goals INTEGER,
                PRIMARY KEY (season, gameweek, player_name)
            );
        , parameters: None
[2025-10-30T00:02:52.519+0000] {taskinstance.py:1350} INFO - Marking task as SUCCESS. dag_id=fpl_gameweeks_etl, task_id=create_gw_stats_table, execution_date=20251030T000225, start_date=20251030T000250, end_date=20251030T000252
[2025-10-30T00:02:52.610+0000] {local_task_job_runner.py:225} INFO - Task exited with return code 0
[2025-10-30T00:02:53.238+0000] {taskinstance.py:2653} INFO - 7 downstream tasks scheduled from follow-on schedule check
