[2025-10-26T08:44:37.380+0000] {taskinstance.py:1103} INFO - Dependencies all met for dep_context=non-requeueable deps ti=<TaskInstance: fpl_gameweeks_etl.fetch_players_task manual__2025-10-26T08:44:26.241229+00:00 map_index=0 [queued]>
[2025-10-26T08:44:37.440+0000] {taskinstance.py:1103} INFO - Dependencies all met for dep_context=requeueable deps ti=<TaskInstance: fpl_gameweeks_etl.fetch_players_task manual__2025-10-26T08:44:26.241229+00:00 map_index=0 [queued]>
[2025-10-26T08:44:37.444+0000] {taskinstance.py:1308} INFO - Starting attempt 1 of 2
[2025-10-26T08:44:38.031+0000] {taskinstance.py:1327} INFO - Executing <Mapped(_PythonDecoratedOperator): fetch_players_task> on 2025-10-26 08:44:26.241229+00:00
[2025-10-26T08:44:38.092+0000] {standard_task_runner.py:57} INFO - Started process 1658 to run task
[2025-10-26T08:44:38.115+0000] {standard_task_runner.py:84} INFO - Running: ['airflow', 'tasks', 'run', 'fpl_gameweeks_etl', 'fetch_players_task', 'manual__2025-10-26T08:44:26.241229+00:00', '--job-id', '6808', '--raw', '--subdir', 'DAGS_FOLDER/fpl_gameweeks_dag.py', '--cfg-path', '/tmp/tmpvd_gagjv', '--map-index', '0']
[2025-10-26T08:44:38.144+0000] {standard_task_runner.py:85} INFO - Job 6808: Subtask fetch_players_task
[2025-10-26T08:44:38.350+0000] {task_command.py:410} INFO - Running <TaskInstance: fpl_gameweeks_etl.fetch_players_task manual__2025-10-26T08:44:26.241229+00:00 map_index=0 [running]> on host accc60bed825
[2025-10-26T08:44:38.544+0000] {taskinstance.py:1824} ERROR - Task failed with exception
Traceback (most recent call last):
  File "/home/airflow/.local/lib/python3.7/site-packages/airflow/models/taskinstance.py", line 1407, in _run_raw_task
    self._execute_task_with_callbacks(context, test_mode)
  File "/home/airflow/.local/lib/python3.7/site-packages/airflow/models/taskinstance.py", line 1531, in _execute_task_with_callbacks
    task_orig = self.render_templates(context=context)
  File "/home/airflow/.local/lib/python3.7/site-packages/airflow/models/taskinstance.py", line 2179, in render_templates
    original_task.render_template_fields(context)
  File "/home/airflow/.local/lib/python3.7/site-packages/airflow/models/mappedoperator.py", line 692, in render_template_fields
    unmapped_task = self.unmap(mapped_kwargs)
  File "/home/airflow/.local/lib/python3.7/site-packages/airflow/models/mappedoperator.py", line 615, in unmap
    op = self.operator_class(**kwargs, _airflow_from_mapped=True)
  File "/home/airflow/.local/lib/python3.7/site-packages/airflow/models/baseoperator.py", line 429, in apply_defaults
    result = func(self, **kwargs, default_args=default_args)
  File "/home/airflow/.local/lib/python3.7/site-packages/airflow/decorators/python.py", line 54, in __init__
    **kwargs,
  File "/home/airflow/.local/lib/python3.7/site-packages/airflow/models/baseoperator.py", line 429, in apply_defaults
    result = func(self, **kwargs, default_args=default_args)
  File "/home/airflow/.local/lib/python3.7/site-packages/airflow/decorators/base.py", line 207, in __init__
    inspect.signature(python_callable).bind(*op_args, **op_kwargs)
  File "/usr/local/lib/python3.7/inspect.py", line 3015, in bind
    return args[0]._bind(args[1:], kwargs)
  File "/usr/local/lib/python3.7/inspect.py", line 2986, in _bind
    format(arg=param_name)) from None
TypeError: missing a required argument: 'category'
[2025-10-26T08:44:38.578+0000] {taskinstance.py:1868} ERROR - Unable to unmap task to determine if we need to send an alert email
[2025-10-26T08:44:38.579+0000] {taskinstance.py:1350} INFO - Marking task as UP_FOR_RETRY. dag_id=fpl_gameweeks_etl, task_id=fetch_players_task, map_index=0, execution_date=20251026T084426, start_date=20251026T084437, end_date=20251026T084438
[2025-10-26T08:44:38.611+0000] {standard_task_runner.py:109} ERROR - Failed to execute job 6808 for task fetch_players_task (missing a required argument: 'category'; 1658)
[2025-10-26T08:44:38.639+0000] {local_task_job_runner.py:225} INFO - Task exited with return code 1
[2025-10-26T08:44:39.709+0000] {taskinstance.py:2653} INFO - 0 downstream tasks scheduled from follow-on schedule check
