[2025-10-25T20:23:11.779+0000] {taskinstance.py:1103} INFO - Dependencies all met for dep_context=non-requeueable deps ti=<TaskInstance: fpl_etl_pipeline.load_fixtures_task manual__2025-10-25T20:22:41.931616+00:00 [queued]>
[2025-10-25T20:23:11.800+0000] {taskinstance.py:1103} INFO - Dependencies all met for dep_context=requeueable deps ti=<TaskInstance: fpl_etl_pipeline.load_fixtures_task manual__2025-10-25T20:22:41.931616+00:00 [queued]>
[2025-10-25T20:23:11.801+0000] {taskinstance.py:1308} INFO - Starting attempt 1 of 2
[2025-10-25T20:23:12.130+0000] {taskinstance.py:1327} INFO - Executing <Task(_PythonDecoratedOperator): load_fixtures_task> on 2025-10-25 20:22:41.931616+00:00
[2025-10-25T20:23:12.137+0000] {standard_task_runner.py:57} INFO - Started process 2566 to run task
[2025-10-25T20:23:12.144+0000] {standard_task_runner.py:84} INFO - Running: ['airflow', 'tasks', 'run', 'fpl_etl_pipeline', 'load_fixtures_task', 'manual__2025-10-25T20:22:41.931616+00:00', '--job-id', '6309', '--raw', '--subdir', 'DAGS_FOLDER/fpl_etl_pipeline.py', '--cfg-path', '/tmp/tmp0iv2v64r']
[2025-10-25T20:23:12.152+0000] {standard_task_runner.py:85} INFO - Job 6309: Subtask load_fixtures_task
[2025-10-25T20:23:12.256+0000] {task_command.py:410} INFO - Running <TaskInstance: fpl_etl_pipeline.load_fixtures_task manual__2025-10-25T20:22:41.931616+00:00 [running]> on host 754e4af34fcd
[2025-10-25T20:23:12.545+0000] {taskinstance.py:1547} INFO - Exporting env vars: AIRFLOW_CTX_DAG_OWNER='richardilemon' AIRFLOW_CTX_DAG_ID='fpl_etl_pipeline' AIRFLOW_CTX_TASK_ID='load_fixtures_task' AIRFLOW_CTX_EXECUTION_DATE='2025-10-25T20:22:41.931616+00:00' AIRFLOW_CTX_TRY_NUMBER='1' AIRFLOW_CTX_DAG_RUN_ID='manual__2025-10-25T20:22:41.931616+00:00'
[2025-10-25T20:23:12.592+0000] {base.py:73} INFO - Using connection ID 'fpl_db_conn' for task execution.
[2025-10-25T20:23:12.610+0000] {db_config.py:66} INFO - Database Connection Established
[2025-10-25T20:23:13.917+0000] {db_config.py:76} ERROR - Failed to connect to database: list indices must be integers or slices, not str
[2025-10-25T20:23:13.918+0000] {taskinstance.py:1824} ERROR - Task failed with exception
Traceback (most recent call last):
  File "/home/airflow/.local/lib/python3.7/site-packages/airflow/decorators/base.py", line 220, in execute
    return_value = super().execute(context)
  File "/home/airflow/.local/lib/python3.7/site-packages/airflow/operators/python.py", line 181, in execute
    return_value = self.execute_callable()
  File "/home/airflow/.local/lib/python3.7/site-packages/airflow/operators/python.py", line 198, in execute_callable
    return self.python_callable(*self.op_args, **self.op_kwargs)
  File "/opt/airflow/dags/fpl_etl_pipeline.py", line 144, in load_fixtures_task
    return load_fixtures(fixtures)
  File "/opt/airflow/scripts/db_config.py", line 68, in wrapper
    result = func(connection, *args, **kwargs)  # fetch_teams_data(_connection)
  File "/opt/airflow/scripts/load_fixtures.py", line 131, in load_fixtures
    print(f"✅ Inserted/Updated {len(fixture['code'])} fixtures.")
TypeError: list indices must be integers or slices, not str
[2025-10-25T20:23:13.933+0000] {taskinstance.py:1350} INFO - Marking task as UP_FOR_RETRY. dag_id=fpl_etl_pipeline, task_id=load_fixtures_task, execution_date=20251025T202241, start_date=20251025T202311, end_date=20251025T202313
[2025-10-25T20:23:13.955+0000] {standard_task_runner.py:109} ERROR - Failed to execute job 6309 for task load_fixtures_task (list indices must be integers or slices, not str; 2566)
[2025-10-25T20:23:14.010+0000] {local_task_job_runner.py:225} INFO - Task exited with return code 1
[2025-10-25T20:23:14.053+0000] {taskinstance.py:2653} INFO - 0 downstream tasks scheduled from follow-on schedule check
