[2025-10-13T18:24:29.236+0000] {taskinstance.py:1103} INFO - Dependencies all met for dep_context=non-requeueable deps ti=<TaskInstance: fpl_etl_pipeline.parse_fixtures_task manual__2025-10-13T18:24:06.586507+00:00 map_index=5 [queued]>
[2025-10-13T18:24:29.654+0000] {taskinstance.py:1103} INFO - Dependencies all met for dep_context=requeueable deps ti=<TaskInstance: fpl_etl_pipeline.parse_fixtures_task manual__2025-10-13T18:24:06.586507+00:00 map_index=5 [queued]>
[2025-10-13T18:24:29.657+0000] {taskinstance.py:1308} INFO - Starting attempt 1 of 2
[2025-10-13T18:24:29.763+0000] {taskinstance.py:1327} INFO - Executing <Mapped(_PythonDecoratedOperator): parse_fixtures_task> on 2025-10-13 18:24:06.586507+00:00
[2025-10-13T18:24:29.773+0000] {standard_task_runner.py:57} INFO - Started process 1117 to run task
[2025-10-13T18:24:29.783+0000] {standard_task_runner.py:84} INFO - Running: ['airflow', 'tasks', 'run', 'fpl_etl_pipeline', 'parse_fixtures_task', 'manual__2025-10-13T18:24:06.586507+00:00', '--job-id', '503', '--raw', '--subdir', 'DAGS_FOLDER/fpl_etl_pipeline.py', '--cfg-path', '/tmp/tmpguluqu95', '--map-index', '5']
[2025-10-13T18:24:29.787+0000] {standard_task_runner.py:85} INFO - Job 503: Subtask parse_fixtures_task
[2025-10-13T18:24:29.990+0000] {task_command.py:410} INFO - Running <TaskInstance: fpl_etl_pipeline.parse_fixtures_task manual__2025-10-13T18:24:06.586507+00:00 map_index=5 [running]> on host 9326c79de8dc
[2025-10-13T18:24:30.442+0000] {taskinstance.py:1547} INFO - Exporting env vars: AIRFLOW_CTX_DAG_OWNER='richardilemon' AIRFLOW_CTX_DAG_ID='fpl_etl_pipeline' AIRFLOW_CTX_TASK_ID='parse_fixtures_task' AIRFLOW_CTX_EXECUTION_DATE='2025-10-13T18:24:06.586507+00:00' AIRFLOW_CTX_TRY_NUMBER='1' AIRFLOW_CTX_DAG_RUN_ID='manual__2025-10-13T18:24:06.586507+00:00'
[2025-10-13T18:24:30.447+0000] {taskinstance.py:1824} ERROR - Task failed with exception
Traceback (most recent call last):
  File "/home/airflow/.local/lib/python3.7/site-packages/airflow/decorators/base.py", line 220, in execute
    return_value = super().execute(context)
  File "/home/airflow/.local/lib/python3.7/site-packages/airflow/operators/python.py", line 181, in execute
    return_value = self.execute_callable()
  File "/home/airflow/.local/lib/python3.7/site-packages/airflow/operators/python.py", line 198, in execute_callable
    return self.python_callable(*self.op_args, **self.op_kwargs)
  File "/opt/airflow/dags/fpl_etl_pipeline.py", line 134, in parse_fixtures_task
    return parse_fixtures(fixtures_data, season=SEASONS)
  File "/opt/airflow/scripts/load_fixtures.py", line 34, in parse_fixtures
    reader = csv.DictReader(StringIO(csv_text))
TypeError: initial_value must be str or None, not dict
[2025-10-13T18:24:30.566+0000] {taskinstance.py:1350} INFO - Marking task as UP_FOR_RETRY. dag_id=fpl_etl_pipeline, task_id=parse_fixtures_task, map_index=5, execution_date=20251013T182406, start_date=20251013T182429, end_date=20251013T182430
[2025-10-13T18:24:30.603+0000] {standard_task_runner.py:109} ERROR - Failed to execute job 503 for task parse_fixtures_task (initial_value must be str or None, not dict; 1117)
[2025-10-13T18:24:30.648+0000] {local_task_job_runner.py:225} INFO - Task exited with return code 1
[2025-10-13T18:24:31.308+0000] {taskinstance.py:2653} INFO - 0 downstream tasks scheduled from follow-on schedule check
