[2025-10-30T00:10:21.177+0000] {taskinstance.py:1103} INFO - Dependencies all met for dep_context=non-requeueable deps ti=<TaskInstance: fpl_players_etl.load_players_task scheduled__2025-10-29T00:00:00+00:00 [queued]>
[2025-10-30T00:10:21.203+0000] {taskinstance.py:1103} INFO - Dependencies all met for dep_context=requeueable deps ti=<TaskInstance: fpl_players_etl.load_players_task scheduled__2025-10-29T00:00:00+00:00 [queued]>
[2025-10-30T00:10:21.204+0000] {taskinstance.py:1308} INFO - Starting attempt 2 of 2
[2025-10-30T00:10:21.244+0000] {taskinstance.py:1327} INFO - Executing <Task(_PythonDecoratedOperator): load_players_task> on 2025-10-29 00:00:00+00:00
[2025-10-30T00:10:21.254+0000] {standard_task_runner.py:57} INFO - Started process 9932 to run task
[2025-10-30T00:10:21.262+0000] {standard_task_runner.py:84} INFO - Running: ['airflow', 'tasks', 'run', 'fpl_players_etl', 'load_players_task', 'scheduled__2025-10-29T00:00:00+00:00', '--job-id', '2312', '--raw', '--subdir', 'DAGS_FOLDER/fpl_players_dag.py', '--cfg-path', '/tmp/tmp9nt78mb6']
[2025-10-30T00:10:21.570+0000] {standard_task_runner.py:85} INFO - Job 2312: Subtask load_players_task
[2025-10-30T00:10:21.839+0000] {task_command.py:410} INFO - Running <TaskInstance: fpl_players_etl.load_players_task scheduled__2025-10-29T00:00:00+00:00 [running]> on host 27ecd0db3cbd
[2025-10-30T00:10:22.250+0000] {taskinstance.py:1547} INFO - Exporting env vars: AIRFLOW_CTX_DAG_OWNER='richardilemon' AIRFLOW_CTX_DAG_ID='fpl_players_etl' AIRFLOW_CTX_TASK_ID='load_players_task' AIRFLOW_CTX_EXECUTION_DATE='2025-10-29T00:00:00+00:00' AIRFLOW_CTX_TRY_NUMBER='2' AIRFLOW_CTX_DAG_RUN_ID='scheduled__2025-10-29T00:00:00+00:00'
[2025-10-30T00:10:22.279+0000] {base.py:73} INFO - Using connection ID 'fpl_db_conn' for task execution.
[2025-10-30T00:10:22.298+0000] {db_config.py:51} INFO - Database Connection Established
[2025-10-30T00:10:22.299+0000] {db_config.py:61} ERROR - Failed to connect to database: 'NoneType' object is not iterable
[2025-10-30T00:10:22.299+0000] {taskinstance.py:1824} ERROR - Task failed with exception
Traceback (most recent call last):
  File "/home/airflow/.local/lib/python3.7/site-packages/airflow/decorators/base.py", line 220, in execute
    return_value = super().execute(context)
  File "/home/airflow/.local/lib/python3.7/site-packages/airflow/operators/python.py", line 181, in execute
    return_value = self.execute_callable()
  File "/home/airflow/.local/lib/python3.7/site-packages/airflow/operators/python.py", line 198, in execute_callable
    return self.python_callable(*self.op_args, **self.op_kwargs)
  File "/opt/airflow/dags/fpl_players_dag.py", line 58, in load_players_task
    return load_players(players)
  File "/opt/airflow/scripts/utils/db_config.py", line 53, in wrapper
    result = func(connection, *args, **kwargs)  # fetch_teams_data(_connection)
  File "/opt/airflow/scripts/load_players.py", line 41, in load_players
    for player in players:
TypeError: 'NoneType' object is not iterable
[2025-10-30T00:10:22.336+0000] {taskinstance.py:1350} INFO - Marking task as FAILED. dag_id=fpl_players_etl, task_id=load_players_task, execution_date=20251029T000000, start_date=20251030T001021, end_date=20251030T001022
[2025-10-30T00:10:22.360+0000] {standard_task_runner.py:109} ERROR - Failed to execute job 2312 for task load_players_task ('NoneType' object is not iterable; 9932)
[2025-10-30T00:10:22.414+0000] {local_task_job_runner.py:225} INFO - Task exited with return code 1
[2025-10-30T00:10:22.726+0000] {taskinstance.py:2653} INFO - 0 downstream tasks scheduled from follow-on schedule check
