[2025-10-13T18:52:38.677+0000] {taskinstance.py:1103} INFO - Dependencies all met for dep_context=non-requeueable deps ti=<TaskInstance: fpl_etl_pipeline.create_gameweeks_table manual__2025-10-13T18:52:10.526710+00:00 [queued]>
[2025-10-13T18:52:38.690+0000] {taskinstance.py:1103} INFO - Dependencies all met for dep_context=requeueable deps ti=<TaskInstance: fpl_etl_pipeline.create_gameweeks_table manual__2025-10-13T18:52:10.526710+00:00 [queued]>
[2025-10-13T18:52:38.691+0000] {taskinstance.py:1308} INFO - Starting attempt 1 of 2
[2025-10-13T18:52:38.849+0000] {taskinstance.py:1327} INFO - Executing <Task(PostgresOperator): create_gameweeks_table> on 2025-10-13 18:52:10.526710+00:00
[2025-10-13T18:52:38.854+0000] {standard_task_runner.py:57} INFO - Started process 1643 to run task
[2025-10-13T18:52:38.857+0000] {standard_task_runner.py:84} INFO - Running: ['airflow', 'tasks', 'run', 'fpl_etl_pipeline', 'create_gameweeks_table', 'manual__2025-10-13T18:52:10.526710+00:00', '--job-id', '606', '--raw', '--subdir', 'DAGS_FOLDER/fpl_etl_pipeline.py', '--cfg-path', '/tmp/tmp_9lks0rf']
[2025-10-13T18:52:38.858+0000] {standard_task_runner.py:85} INFO - Job 606: Subtask create_gameweeks_table
[2025-10-13T18:52:38.927+0000] {task_command.py:410} INFO - Running <TaskInstance: fpl_etl_pipeline.create_gameweeks_table manual__2025-10-13T18:52:10.526710+00:00 [running]> on host 9326c79de8dc
[2025-10-13T18:52:39.081+0000] {taskinstance.py:1547} INFO - Exporting env vars: AIRFLOW_CTX_DAG_OWNER='richardilemon' AIRFLOW_CTX_DAG_ID='fpl_etl_pipeline' AIRFLOW_CTX_TASK_ID='create_gameweeks_table' AIRFLOW_CTX_EXECUTION_DATE='2025-10-13T18:52:10.526710+00:00' AIRFLOW_CTX_TRY_NUMBER='1' AIRFLOW_CTX_DAG_RUN_ID='manual__2025-10-13T18:52:10.526710+00:00'
[2025-10-13T18:52:39.082+0000] {sql.py:265} INFO - Executing: 
            CREATE TABLE IF NOT EXISTS game_weeks (
                season TEXT,
                gameweek INTEGER,
                deadline TIMESTAMP,
                PRIMARY KEY (season, gameweek)
            );
        
[2025-10-13T18:52:39.107+0000] {base.py:73} INFO - Using connection ID 'fpl_db_conn' for task execution.
[2025-10-13T18:52:39.199+0000] {base.py:73} INFO - Using connection ID 'fpl_db_conn' for task execution.
[2025-10-13T18:52:39.211+0000] {sql.py:375} INFO - Running statement: 
            CREATE TABLE IF NOT EXISTS game_weeks (
                season TEXT,
                gameweek INTEGER,
                deadline TIMESTAMP,
                PRIMARY KEY (season, gameweek)
            );
        , parameters: None
[2025-10-13T18:52:39.230+0000] {taskinstance.py:1350} INFO - Marking task as SUCCESS. dag_id=fpl_etl_pipeline, task_id=create_gameweeks_table, execution_date=20251013T185210, start_date=20251013T185238, end_date=20251013T185239
[2025-10-13T18:52:39.270+0000] {local_task_job_runner.py:225} INFO - Task exited with return code 0
[2025-10-13T18:52:39.335+0000] {taskinstance.py:2653} INFO - 7 downstream tasks scheduled from follow-on schedule check
