[2025-10-13T17:24:42.241+0000] {taskinstance.py:1103} INFO - Dependencies all met for dep_context=non-requeueable deps ti=<TaskInstance: fpl_etl_pipeline.create_teams_table manual__2025-10-13T17:24:36.435450+00:00 [queued]>
[2025-10-13T17:24:42.365+0000] {taskinstance.py:1103} INFO - Dependencies all met for dep_context=requeueable deps ti=<TaskInstance: fpl_etl_pipeline.create_teams_table manual__2025-10-13T17:24:36.435450+00:00 [queued]>
[2025-10-13T17:24:42.366+0000] {taskinstance.py:1308} INFO - Starting attempt 1 of 2
[2025-10-13T17:24:42.400+0000] {taskinstance.py:1327} INFO - Executing <Task(PostgresOperator): create_teams_table> on 2025-10-13 17:24:36.435450+00:00
[2025-10-13T17:24:42.405+0000] {standard_task_runner.py:57} INFO - Started process 194 to run task
[2025-10-13T17:24:42.410+0000] {standard_task_runner.py:84} INFO - Running: ['airflow', 'tasks', 'run', 'fpl_etl_pipeline', 'create_teams_table', 'manual__2025-10-13T17:24:36.435450+00:00', '--job-id', '389', '--raw', '--subdir', 'DAGS_FOLDER/fpl_etl_pipeline.py', '--cfg-path', '/tmp/tmpbgvlhhpv']
[2025-10-13T17:24:42.411+0000] {standard_task_runner.py:85} INFO - Job 389: Subtask create_teams_table
[2025-10-13T17:24:42.504+0000] {task_command.py:410} INFO - Running <TaskInstance: fpl_etl_pipeline.create_teams_table manual__2025-10-13T17:24:36.435450+00:00 [running]> on host 9326c79de8dc
[2025-10-13T17:24:42.680+0000] {taskinstance.py:1547} INFO - Exporting env vars: AIRFLOW_CTX_DAG_OWNER='richardilemon' AIRFLOW_CTX_DAG_ID='fpl_etl_pipeline' AIRFLOW_CTX_TASK_ID='create_teams_table' AIRFLOW_CTX_EXECUTION_DATE='2025-10-13T17:24:36.435450+00:00' AIRFLOW_CTX_TRY_NUMBER='1' AIRFLOW_CTX_DAG_RUN_ID='manual__2025-10-13T17:24:36.435450+00:00'
[2025-10-13T17:24:42.681+0000] {sql.py:265} INFO - Executing: 
            CREATE TABLE IF NOT EXISTS teams (
                season TEXT,
                code INTEGER,
                id INTEGER,
                name TEXT,
                short_name TEXT,
                strength_overall_home INTEGER,
                strength_overall_away INTEGER,
                strength_attack_home INTEGER,
                strength_attack_away INTEGER,
                strength_defence_home INTEGER,
                strength_defence_away INTEGER,
                strength INTEGER,
                PRIMARY KEY (season, code)
            );
        
[2025-10-13T17:24:42.712+0000] {base.py:73} INFO - Using connection ID 'fpl_db_conn' for task execution.
[2025-10-13T17:24:42.927+0000] {base.py:73} INFO - Using connection ID 'fpl_db_conn' for task execution.
[2025-10-13T17:24:42.940+0000] {sql.py:375} INFO - Running statement: 
            CREATE TABLE IF NOT EXISTS teams (
                season TEXT,
                code INTEGER,
                id INTEGER,
                name TEXT,
                short_name TEXT,
                strength_overall_home INTEGER,
                strength_overall_away INTEGER,
                strength_attack_home INTEGER,
                strength_attack_away INTEGER,
                strength_defence_home INTEGER,
                strength_defence_away INTEGER,
                strength INTEGER,
                PRIMARY KEY (season, code)
            );
        , parameters: None
[2025-10-13T17:24:42.981+0000] {taskinstance.py:1350} INFO - Marking task as SUCCESS. dag_id=fpl_etl_pipeline, task_id=create_teams_table, execution_date=20251013T172436, start_date=20251013T172442, end_date=20251013T172442
[2025-10-13T17:24:43.023+0000] {local_task_job_runner.py:225} INFO - Task exited with return code 0
[2025-10-13T17:24:43.125+0000] {taskinstance.py:2653} INFO - 1 downstream tasks scheduled from follow-on schedule check
