[2025-11-06T14:48:48.791+0000] {taskinstance.py:1103} INFO - Dependencies all met for dep_context=non-requeueable deps ti=<TaskInstance: fpl_gameweeks_etl.fetch_players_gw_task manual__2025-11-06T14:48:16.969715+00:00 map_index=5 [queued]>
[2025-11-06T14:48:48.799+0000] {taskinstance.py:1103} INFO - Dependencies all met for dep_context=requeueable deps ti=<TaskInstance: fpl_gameweeks_etl.fetch_players_gw_task manual__2025-11-06T14:48:16.969715+00:00 map_index=5 [queued]>
[2025-11-06T14:48:48.799+0000] {taskinstance.py:1308} INFO - Starting attempt 1 of 2
[2025-11-06T14:48:48.808+0000] {taskinstance.py:1327} INFO - Executing <Mapped(_PythonDecoratedOperator): fetch_players_gw_task> on 2025-11-06 14:48:16.969715+00:00
[2025-11-06T14:48:48.812+0000] {standard_task_runner.py:57} INFO - Started process 8198 to run task
[2025-11-06T14:48:48.816+0000] {standard_task_runner.py:84} INFO - Running: ['airflow', 'tasks', 'run', 'fpl_gameweeks_etl', 'fetch_players_gw_task', 'manual__2025-11-06T14:48:16.969715+00:00', '--job-id', '148', '--raw', '--subdir', 'DAGS_FOLDER/fpl_gameweeks_dag.py', '--cfg-path', '/tmp/tmpke3hy7lu', '--map-index', '5']
[2025-11-06T14:48:48.816+0000] {standard_task_runner.py:85} INFO - Job 148: Subtask fetch_players_gw_task
[2025-11-06T14:48:48.856+0000] {task_command.py:410} INFO - Running <TaskInstance: fpl_gameweeks_etl.fetch_players_gw_task manual__2025-11-06T14:48:16.969715+00:00 map_index=5 [running]> on host 9e8fdbd91f0c
[2025-11-06T14:48:48.941+0000] {taskinstance.py:1547} INFO - Exporting env vars: AIRFLOW_CTX_DAG_OWNER='richardilemon' AIRFLOW_CTX_DAG_ID='fpl_gameweeks_etl' AIRFLOW_CTX_TASK_ID='fetch_players_gw_task' AIRFLOW_CTX_EXECUTION_DATE='2025-11-06T14:48:16.969715+00:00' AIRFLOW_CTX_TRY_NUMBER='1' AIRFLOW_CTX_DAG_RUN_ID='manual__2025-11-06T14:48:16.969715+00:00'
[2025-11-06T14:48:54.557+0000] {fetch_api_data.py:98} WARNING - Failed to fetch data for Petr_Cech_1: 404
[2025-11-06T14:48:54.961+0000] {fetch_api_data.py:98} WARNING - Failed to fetch data for Bernd_Leno_2: 404
[2025-11-06T14:48:55.453+0000] {fetch_api_data.py:98} WARNING - Failed to fetch data for Laurent_Koscielny_3: 404
[2025-11-06T14:48:55.962+0000] {fetch_api_data.py:98} WARNING - Failed to fetch data for Héctor_Bellerín_4: 404
[2025-11-06T14:48:56.479+0000] {fetch_api_data.py:98} WARNING - Failed to fetch data for Nacho_Monreal_5: 404
[2025-11-06T14:48:58.242+0000] {fetch_api_data.py:98} WARNING - Failed to fetch data for Rob_Holding_6: 404
[2025-11-06T14:48:58.826+0000] {fetch_api_data.py:98} WARNING - Failed to fetch data for Shkodran_Mustafi_7: 404
[2025-11-06T14:48:59.410+0000] {fetch_api_data.py:98} WARNING - Failed to fetch data for Sead_Kolasinac_8: 404
[2025-11-06T14:49:00.984+0000] {fetch_api_data.py:98} WARNING - Failed to fetch data for Konstantinos_Mavropanos_10: 404
[2025-11-06T14:49:02.475+0000] {fetch_api_data.py:98} WARNING - Failed to fetch data for Stephan_Lichtsteiner_11: 404
[2025-11-06T14:49:03.457+0000] {fetch_api_data.py:98} WARNING - Failed to fetch data for Sokratis_Papastathopoulos_12: 404
[2025-11-06T14:49:03.975+0000] {fetch_api_data.py:98} WARNING - Failed to fetch data for Mesut_Özil_13: 404
[2025-11-06T14:49:05.209+0000] {fetch_api_data.py:98} WARNING - Failed to fetch data for Aaron_Ramsey_14: 404
[2025-11-06T14:49:05.714+0000] {fetch_api_data.py:98} WARNING - Failed to fetch data for Alex_Iwobi_15: 404
[2025-11-06T14:49:06.254+0000] {fetch_api_data.py:98} WARNING - Failed to fetch data for Mohamed_Elneny_16: 404
[2025-11-06T14:49:06.811+0000] {fetch_api_data.py:98} WARNING - Failed to fetch data for Granit_Xhaka_17: 404
[2025-11-06T14:49:08.862+0000] {fetch_api_data.py:98} WARNING - Failed to fetch data for Henrikh_Mkhitaryan_18: 404
[2025-11-06T14:49:10.435+0000] {fetch_api_data.py:98} WARNING - Failed to fetch data for Reiss_Nelson_19: 404
[2025-11-06T14:49:15.954+0000] {fetch_api_data.py:98} WARNING - Failed to fetch data for Ainsley_Maitland-Niles_20: 404
[2025-11-06T14:49:16.465+0000] {fetch_api_data.py:98} WARNING - Failed to fetch data for Danny_Welbeck_21: 404
[2025-11-06T14:49:17.311+0000] {fetch_api_data.py:98} WARNING - Failed to fetch data for Alexandre_Lacazette_22: 404
[2025-11-06T14:49:17.858+0000] {fetch_api_data.py:98} WARNING - Failed to fetch data for Pierre-Emerick_Aubameyang_23: 404
[2025-11-06T14:49:18.399+0000] {fetch_api_data.py:98} WARNING - Failed to fetch data for Lucas_Torreira_450: 404
[2025-11-06T14:49:19.301+0000] {fetch_api_data.py:98} WARNING - Failed to fetch data for Matteo_Guendouzi_451: 404
[2025-11-06T14:49:19.802+0000] {fetch_api_data.py:98} WARNING - Failed to fetch data for Emiliano_Martínez_542: 404
[2025-11-06T14:49:20.400+0000] {fetch_api_data.py:98} WARNING - Failed to fetch data for Emile_Smith-Rowe_545: 404
[2025-11-06T14:49:21.020+0000] {fetch_api_data.py:98} WARNING - Failed to fetch data for Zech_Medley_546: 404
[2025-11-06T14:49:21.842+0000] {fetch_api_data.py:98} WARNING - Failed to fetch data for Edward_Nketiah_552: 404
[2025-11-06T14:49:22.402+0000] {fetch_api_data.py:98} WARNING - Failed to fetch data for Bukayo_Saka_563: 404
[2025-11-06T14:49:23.607+0000] {fetch_api_data.py:98} WARNING - Failed to fetch data for Joseph_Willock_566: 404
[2025-11-06T14:49:25.361+0000] {fetch_api_data.py:98} WARNING - Failed to fetch data for Carl_Jenkinson_581: 404
[2025-11-06T14:49:26.743+0000] {fetch_api_data.py:98} WARNING - Failed to fetch data for Denis_Suárez_586: 404
[2025-11-06T14:49:27.551+0000] {fetch_api_data.py:98} WARNING - Failed to fetch data for Asmir_Begovic_24: 404
[2025-11-06T14:49:36.746+0000] {fetch_api_data.py:98} WARNING - Failed to fetch data for Artur_Boruc_25: 404
[2025-11-06T14:49:46.535+0000] {fetch_api_data.py:98} WARNING - Failed to fetch data for Simon_Francis_26: 404
[2025-11-06T14:49:51.676+0000] {fetch_api_data.py:98} WARNING - Failed to fetch data for Steve_Cook_27: 404
[2025-11-06T14:49:53.238+0000] {fetch_api_data.py:98} WARNING - Failed to fetch data for Charlie_Daniels_28: 404
[2025-11-06T14:49:54.176+0000] {fetch_api_data.py:98} WARNING - Failed to fetch data for Adam_Smith_29: 404
[2025-11-06T14:49:54.881+0000] {fetch_api_data.py:98} WARNING - Failed to fetch data for Tyrone_Mings_30: 404
[2025-11-06T14:49:55.377+0000] {fetch_api_data.py:98} WARNING - Failed to fetch data for Nathan_Aké_31: 404
[2025-11-06T14:49:55.872+0000] {fetch_api_data.py:98} WARNING - Failed to fetch data for Jack_Simpson_32: 404
[2025-11-06T14:49:56.679+0000] {fetch_api_data.py:98} WARNING - Failed to fetch data for Marc_Pugh_34: 404
[2025-11-06T14:49:57.294+0000] {fetch_api_data.py:98} WARNING - Failed to fetch data for Andrew_Surman_35: 404
[2025-11-06T14:49:57.784+0000] {fetch_api_data.py:98} WARNING - Failed to fetch data for Junior_Stanislas_36: 404
[2025-11-06T14:49:58.218+0000] {fetch_api_data.py:98} WARNING - Failed to fetch data for Dan_Gosling_37: 404
[2025-11-06T14:49:58.671+0000] {fetch_api_data.py:98} WARNING - Failed to fetch data for Jordon_Ibe_38: 404
[2025-11-06T14:50:01.555+0000] {fetch_api_data.py:98} WARNING - Failed to fetch data for Lewis_Cook_39: 404
[2025-11-06T14:50:02.042+0000] {fetch_api_data.py:98} WARNING - Failed to fetch data for Ryan_Fraser_40: 404
[2025-11-06T14:50:02.582+0000] {fetch_api_data.py:98} WARNING - Failed to fetch data for Emerson_Hyndman_41: 404
[2025-11-06T14:50:03.064+0000] {fetch_api_data.py:98} WARNING - Failed to fetch data for David_Brooks_42: 404
[2025-11-06T14:50:03.842+0000] {fetch_api_data.py:98} WARNING - Failed to fetch data for Callum_Wilson_43: 404
[2025-11-06T14:50:04.374+0000] {fetch_api_data.py:98} WARNING - Failed to fetch data for Lys_Mousset_44: 404
[2025-11-06T14:50:04.852+0000] {fetch_api_data.py:98} WARNING - Failed to fetch data for Joshua_King_45: 404
[2025-11-06T14:50:05.966+0000] {fetch_api_data.py:98} WARNING - Failed to fetch data for Jermain_Defoe_46: 404
[2025-11-06T14:50:06.735+0000] {fetch_api_data.py:98} WARNING - Failed to fetch data for Nathaniel_Clyne_241: 404
[2025-11-06T14:50:07.245+0000] {fetch_api_data.py:98} WARNING - Failed to fetch data for Dominic_Solanke_259: 404
[2025-11-06T14:50:07.850+0000] {fetch_api_data.py:98} WARNING - Failed to fetch data for Diego_Rico_473: 404
[2025-11-06T14:50:17.114+0000] {fetch_api_data.py:98} WARNING - Failed to fetch data for Jefferson_Lerma_494: 404
[2025-11-06T14:50:19.299+0000] {fetch_api_data.py:98} WARNING - Failed to fetch data for Chris_Mepham_580: 404
[2025-11-06T14:50:20.116+0000] {fetch_api_data.py:98} WARNING - Failed to fetch data for Sam_Surridge_599: 404
[2025-11-06T14:50:20.608+0000] {fetch_api_data.py:98} WARNING - Failed to fetch data for Kyle_Taylor_600: 404
[2025-11-06T14:50:21.084+0000] {fetch_api_data.py:98} WARNING - Failed to fetch data for Nnamdi_Ofoborh_613: 404
[2025-11-06T14:50:21.545+0000] {fetch_api_data.py:98} WARNING - Failed to fetch data for Mark_Travers_616: 404
[2025-11-06T14:50:21.982+0000] {fetch_api_data.py:98} WARNING - Failed to fetch data for Matt_Butcher_620: 404
[2025-11-06T14:50:22.469+0000] {fetch_api_data.py:98} WARNING - Failed to fetch data for Mathew_Ryan_47: 404
[2025-11-06T14:50:23.531+0000] {fetch_api_data.py:98} WARNING - Failed to fetch data for Lewis_Dunk_48: 404
[2025-11-06T14:50:24.172+0000] {fetch_api_data.py:98} WARNING - Failed to fetch data for Shane_Duffy_49: 404
[2025-11-06T14:50:28.091+0000] {fetch_api_data.py:98} WARNING - Failed to fetch data for Bruno_Saltor Grau_50: 404
[2025-11-06T14:50:29.309+0000] {fetch_api_data.py:98} WARNING - Failed to fetch data for Gaëtan_Bong_51: 404
[2025-11-06T14:50:29.884+0000] {fetch_api_data.py:98} WARNING - Failed to fetch data for Markus_Suttner_52: 404
[2025-11-06T14:50:30.463+0000] {fetch_api_data.py:98} WARNING - Failed to fetch data for Ezequiel_Schelotto_53: 404
[2025-11-06T14:50:30.898+0000] {fetch_api_data.py:98} WARNING - Failed to fetch data for Leon_Balogun_54: 404
[2025-11-06T14:50:31.470+0000] {fetch_api_data.py:98} WARNING - Failed to fetch data for Anthony_Knockaert_55: 404
[2025-11-06T14:50:31.963+0000] {fetch_api_data.py:98} WARNING - Failed to fetch data for Dale_Stephens_56: 404
[2025-11-06T14:50:33.773+0000] {fetch_api_data.py:98} WARNING - Failed to fetch data for Beram_Kayal_57: 404
[2025-11-06T14:50:35.442+0000] {fetch_api_data.py:98} WARNING - Failed to fetch data for Solomon_March_58: 404
[2025-11-06T14:50:36.012+0000] {fetch_api_data.py:98} WARNING - Failed to fetch data for Pascal_Groß_59: 404
[2025-11-06T14:50:36.496+0000] {fetch_api_data.py:98} WARNING - Failed to fetch data for Davy_Pröpper_60: 404
[2025-11-06T14:50:37.207+0000] {fetch_api_data.py:98} WARNING - Failed to fetch data for José Heriberto_Izquierdo Mena_61: 404
[2025-11-06T14:50:37.911+0000] {fetch_api_data.py:98} WARNING - Failed to fetch data for Glenn_Murray_62: 404
[2025-11-06T14:50:39.110+0000] {fetch_api_data.py:98} WARNING - Failed to fetch data for Tomer_Hemed_63: 404
[2025-11-06T14:50:39.583+0000] {fetch_api_data.py:98} WARNING - Failed to fetch data for Sam_Baldock_64: 404
[2025-11-06T14:50:40.942+0000] {fetch_api_data.py:98} WARNING - Failed to fetch data for Jürgen_Locadia_65: 404
[2025-11-06T14:50:41.427+0000] {fetch_api_data.py:98} WARNING - Failed to fetch data for Florin_Andone_66: 404
[2025-11-06T14:50:41.908+0000] {fetch_api_data.py:98} WARNING - Failed to fetch data for David_Button_179: 404
[2025-11-06T14:50:42.471+0000] {fetch_api_data.py:98} WARNING - Failed to fetch data for Jason_Steele_439: 404
[2025-11-06T14:50:42.901+0000] {fetch_api_data.py:98} WARNING - Failed to fetch data for Bernardo_Fernandes da Silva Junior_440: 404
[2025-11-06T14:50:43.332+0000] {fetch_api_data.py:98} WARNING - Failed to fetch data for Yves_Bissouma_466: 404
[2025-11-06T14:50:43.807+0000] {fetch_api_data.py:98} WARNING - Failed to fetch data for Alireza_Jahanbakhsh_476: 404
[2025-11-06T14:50:44.284+0000] {fetch_api_data.py:98} WARNING - Failed to fetch data for Martín_Montoya_503: 404
[2025-11-06T14:50:45.192+0000] {fetch_api_data.py:98} WARNING - Failed to fetch data for Viktor_Gyokeres_551: 404
[2025-11-06T14:50:45.728+0000] {fetch_api_data.py:98} WARNING - Failed to fetch data for Ben_White_559: 404
[2025-11-06T14:50:46.348+0000] {fetch_api_data.py:98} WARNING - Failed to fetch data for Max_Sanders_572: 404
[2025-11-06T14:50:46.797+0000] {fetch_api_data.py:98} WARNING - Failed to fetch data for Dan_Burn_582: 404
[2025-11-06T14:50:47.275+0000] {fetch_api_data.py:98} WARNING - Failed to fetch data for Jayson_Molumby_617: 404
[2025-11-06T14:50:47.793+0000] {fetch_api_data.py:98} WARNING - Failed to fetch data for Tom_Heaton_67: 404
[2025-11-06T14:50:48.279+0000] {fetch_api_data.py:98} WARNING - Failed to fetch data for Nick_Pope_68: 404
[2025-11-06T14:50:48.771+0000] {fetch_api_data.py:98} WARNING - Failed to fetch data for Matthew_Lowton_69: 404
[2025-11-06T14:50:49.193+0000] {fetch_api_data.py:98} WARNING - Failed to fetch data for Ben_Mee_70: 404
[2025-11-06T14:50:51.820+0000] {fetch_api_data.py:98} WARNING - Failed to fetch data for Stephen_Ward_71: 404
[2025-11-06T14:50:52.307+0000] {fetch_api_data.py:98} WARNING - Failed to fetch data for James_Tarkowski_72: 404
[2025-11-06T14:50:52.798+0000] {fetch_api_data.py:98} WARNING - Failed to fetch data for Kevin_Long_73: 404
[2025-11-06T14:50:53.217+0000] {fetch_api_data.py:98} WARNING - Failed to fetch data for Charlie_Taylor_74: 404
[2025-11-06T14:50:53.700+0000] {fetch_api_data.py:98} WARNING - Failed to fetch data for Phil_Bardsley_75: 404
[2025-11-06T14:50:54.128+0000] {fetch_api_data.py:98} WARNING - Failed to fetch data for Johann Berg_Gudmundsson_76: 404
[2025-11-06T14:50:54.551+0000] {fetch_api_data.py:98} WARNING - Failed to fetch data for Steven_Defour_77: 404
[2025-11-06T14:50:55.022+0000] {fetch_api_data.py:98} WARNING - Failed to fetch data for Jeff_Hendrick_78: 404
[2025-11-06T14:50:55.477+0000] {fetch_api_data.py:98} WARNING - Failed to fetch data for Robbie_Brady_79: 404
[2025-11-06T14:50:55.964+0000] {fetch_api_data.py:98} WARNING - Failed to fetch data for Ashley_Westwood_80: 404
[2025-11-06T14:50:56.440+0000] {fetch_api_data.py:98} WARNING - Failed to fetch data for Jonathan_Walters_81: 404
[2025-11-06T14:50:56.925+0000] {fetch_api_data.py:98} WARNING - Failed to fetch data for Jack_Cork_82: 404
[2025-11-06T14:50:57.387+0000] {fetch_api_data.py:98} WARNING - Failed to fetch data for Aaron_Lennon_83: 404
[2025-11-06T14:50:58.265+0000] {fetch_api_data.py:98} WARNING - Failed to fetch data for Sam_Vokes_84: 404
[2025-11-06T14:50:59.107+0000] {fetch_api_data.py:98} WARNING - Failed to fetch data for Ashley_Barnes_85: 404
[2025-11-06T14:50:59.748+0000] {fetch_api_data.py:98} WARNING - Failed to fetch data for Nahki_Wells_86: 404
[2025-11-06T14:51:00.201+0000] {fetch_api_data.py:98} WARNING - Failed to fetch data for Chris_Wood_87: 404
[2025-11-06T14:51:00.655+0000] {fetch_api_data.py:98} WARNING - Failed to fetch data for Anders_Lindegaard_485: 404
[2025-11-06T14:51:01.177+0000] {fetch_api_data.py:98} WARNING - Failed to fetch data for Joe_Hart_490: 404
[2025-11-06T14:51:01.660+0000] {fetch_api_data.py:98} WARNING - Failed to fetch data for Ben_Gibson_491: 404
[2025-11-06T14:51:02.163+0000] {fetch_api_data.py:98} WARNING - Failed to fetch data for Matej_Vydra_495: 404
[2025-11-06T14:51:03.328+0000] {fetch_api_data.py:98} WARNING - Failed to fetch data for Dwight_McNeil_534: 404
[2025-11-06T14:51:04.133+0000] {fetch_api_data.py:98} WARNING - Failed to fetch data for Abd-Al-Ali Morakinyo Olaposi_Koiki_564: 404
[2025-11-06T14:51:04.950+0000] {fetch_api_data.py:98} WARNING - Failed to fetch data for Josh_Benson_583: 404
[2025-11-06T14:51:05.508+0000] {fetch_api_data.py:98} WARNING - Failed to fetch data for Peter_Crouch_590: 404
[2025-11-06T14:51:05.992+0000] {fetch_api_data.py:98} WARNING - Failed to fetch data for Anthony_Driscoll-Glennon_615: 404
[2025-11-06T14:51:06.601+0000] {fetch_api_data.py:98} WARNING - Failed to fetch data for Harry_Arter_33: 404
[2025-11-06T14:51:07.139+0000] {fetch_api_data.py:98} WARNING - Failed to fetch data for Neil_Etheridge_88: 404
[2025-11-06T14:51:07.693+0000] {fetch_api_data.py:98} WARNING - Failed to fetch data for Alex_Smithies_89: 404
[2025-11-06T14:51:08.871+0000] {fetch_api_data.py:98} WARNING - Failed to fetch data for Sean_Morrison_90: 404
[2025-11-06T14:51:09.351+0000] {fetch_api_data.py:98} WARNING - Failed to fetch data for Sol_Bamba_91: 404
[2025-11-06T14:51:09.854+0000] {fetch_api_data.py:98} WARNING - Failed to fetch data for Bruno_Ecuele Manga_92: 404
[2025-11-06T14:51:11.864+0000] {fetch_api_data.py:98} WARNING - Failed to fetch data for Matthew_Connolly_93: 404
[2025-11-06T14:51:12.337+0000] {fetch_api_data.py:98} WARNING - Failed to fetch data for Joe_Bennett_94: 404
[2025-11-06T14:51:12.765+0000] {fetch_api_data.py:98} WARNING - Failed to fetch data for Lee_Peltier_95: 404
[2025-11-06T14:51:13.227+0000] {fetch_api_data.py:98} WARNING - Failed to fetch data for Ashley Darel Jazz_Richards_96: 404
[2025-11-06T14:51:13.737+0000] {fetch_api_data.py:98} WARNING - Failed to fetch data for Greg_Halford_97: 404
[2025-11-06T14:51:14.821+0000] {fetch_api_data.py:98} WARNING - Failed to fetch data for Joe_Ralls_98: 404
[2025-11-06T14:51:15.457+0000] {fetch_api_data.py:98} WARNING - Failed to fetch data for David Junior_Hoilett_99: 404
[2025-11-06T14:51:16.159+0000] {fetch_api_data.py:98} WARNING - Failed to fetch data for Nathaniel_Mendez-Laing_100: 404
[2025-11-06T14:51:16.667+0000] {fetch_api_data.py:98} WARNING - Failed to fetch data for Callum_Paterson_101: 404
[2025-11-06T14:51:18.251+0000] {fetch_api_data.py:98} WARNING - Failed to fetch data for Aron_Gunnarsson_102: 404
[2025-11-06T14:51:18.798+0000] {fetch_api_data.py:98} WARNING - Failed to fetch data for Anthony_Pilkington_103: 404
[2025-11-06T14:51:19.280+0000] {fetch_api_data.py:98} WARNING - Failed to fetch data for Loïc_Damour_104: 404
[2025-11-06T14:51:20.689+0000] {fetch_api_data.py:98} WARNING - Failed to fetch data for Danny_Ward_105: 404
[2025-11-06T14:51:27.346+0000] {fetch_api_data.py:98} WARNING - Failed to fetch data for Josh_Murphy_106: 404
[2025-11-06T14:51:36.828+0000] {fetch_api_data.py:98} WARNING - Failed to fetch data for Kenneth_Zohore_107: 404
[2025-11-06T14:51:37.835+0000] {fetch_api_data.py:98} WARNING - Failed to fetch data for Omar_Bogle_108: 404
[2025-11-06T14:51:38.412+0000] {fetch_api_data.py:98} WARNING - Failed to fetch data for Gary_Madine_109: 404
[2025-11-06T14:51:39.074+0000] {fetch_api_data.py:98} WARNING - Failed to fetch data for Bobby_Reid_110: 404
[2025-11-06T14:51:39.657+0000] {fetch_api_data.py:98} WARNING - Failed to fetch data for Oumar_Niasse_176: 404
[2025-11-06T14:51:40.124+0000] {fetch_api_data.py:98} WARNING - Failed to fetch data for Greg_Cunninghamm_467: 404
[2025-11-06T14:51:40.584+0000] {fetch_api_data.py:98} WARNING - Failed to fetch data for Víctor_Camarasa_504: 404
[2025-11-06T14:51:41.135+0000] {fetch_api_data.py:98} WARNING - Failed to fetch data for Kadeem_Harris_535: 404
[2025-11-06T14:51:41.705+0000] {fetch_api_data.py:98} WARNING - Failed to fetch data for Brian_Murphy_537: 404
[2025-11-06T14:51:42.928+0000] {fetch_api_data.py:98} WARNING - Failed to fetch data for Rhys_Healey_573: 404
[2025-11-06T14:51:43.495+0000] {fetch_api_data.py:98} WARNING - Failed to fetch data for Leandro_Bacuna_589: 404
[2025-11-06T14:51:44.106+0000] {fetch_api_data.py:98} WARNING - Failed to fetch data for Thibaut_Courtois_111: 404
[2025-11-06T14:51:45.449+0000] {fetch_api_data.py:98} WARNING - Failed to fetch data for Willy_Caballero_112: 404
[2025-11-06T14:51:46.039+0000] {fetch_api_data.py:98} WARNING - Failed to fetch data for César_Azpilicueta_113: 404
[2025-11-06T14:51:46.497+0000] {fetch_api_data.py:98} WARNING - Failed to fetch data for Gary_Cahill_114: 404
[2025-11-06T14:51:47.052+0000] {fetch_api_data.py:98} WARNING - Failed to fetch data for Marcos_Alonso_115: 404
[2025-11-06T14:51:48.314+0000] {fetch_api_data.py:98} WARNING - Failed to fetch data for David_Luiz Moreira Marinho_116: 404
[2025-11-06T14:51:49.231+0000] {fetch_api_data.py:98} WARNING - Failed to fetch data for Victor_Moses_117: 404
[2025-11-06T14:51:49.673+0000] {fetch_api_data.py:98} WARNING - Failed to fetch data for Antonio_Rüdiger_118: 404
[2025-11-06T14:51:50.141+0000] {fetch_api_data.py:98} WARNING - Failed to fetch data for Andreas_Christensen_119: 404
[2025-11-06T14:51:50.624+0000] {fetch_api_data.py:98} WARNING - Failed to fetch data for Davide_Zappacosta_120: 404
[2025-11-06T14:51:51.134+0000] {fetch_api_data.py:98} WARNING - Failed to fetch data for Emerson_Palmieri dos Santos_121: 404
[2025-11-06T14:51:51.613+0000] {fetch_api_data.py:98} WARNING - Failed to fetch data for Eden_Hazard_122: 404
[2025-11-06T14:51:52.066+0000] {fetch_api_data.py:98} WARNING - Failed to fetch data for Cesc_Fàbregas_123: 404
[2025-11-06T14:51:52.506+0000] {fetch_api_data.py:98} WARNING - Failed to fetch data for Willian_Borges Da Silva_124: 404
[2025-11-06T14:51:52.928+0000] {fetch_api_data.py:98} WARNING - Failed to fetch data for Pedro_Rodríguez Ledesma_125: 404
[2025-11-06T14:51:54.114+0000] {fetch_api_data.py:98} WARNING - Failed to fetch data for N'Golo_Kanté_126: 404
[2025-11-06T14:51:55.092+0000] {fetch_api_data.py:98} WARNING - Failed to fetch data for Ross_Barkley_127: 404
[2025-11-06T14:51:55.577+0000] {fetch_api_data.py:98} WARNING - Failed to fetch data for Daniel_Drinkwater_128: 404
[2025-11-06T14:51:56.077+0000] {fetch_api_data.py:98} WARNING - Failed to fetch data for Tiemoué_Bakayoko_129: 404
[2025-11-06T14:51:56.528+0000] {fetch_api_data.py:98} WARNING - Failed to fetch data for Ethan_Ampadu_130: 404
[2025-11-06T14:51:57.026+0000] {fetch_api_data.py:98} WARNING - Failed to fetch data for Callum_Hudson-Odoi_131: 404
[2025-11-06T14:51:57.560+0000] {fetch_api_data.py:98} WARNING - Failed to fetch data for Ruben_Loftus-Cheek_132: 404
[2025-11-06T14:51:58.009+0000] {fetch_api_data.py:98} WARNING - Failed to fetch data for Olivier_Giroud_133: 404
[2025-11-06T14:51:58.642+0000] {fetch_api_data.py:98} WARNING - Failed to fetch data for Álvaro_Morata_134: 404
[2025-11-06T14:51:59.319+0000] {fetch_api_data.py:98} WARNING - Failed to fetch data for Jorge Luiz_Frello Filho_459: 404
[2025-11-06T14:52:00.617+0000] {fetch_api_data.py:98} WARNING - Failed to fetch data for Tammy_Abraham_496: 404
[2025-11-06T14:52:01.143+0000] {fetch_api_data.py:98} WARNING - Failed to fetch data for Kepa_Arrizabalaga_498: 404
[2025-11-06T14:52:01.923+0000] {fetch_api_data.py:98} WARNING - Failed to fetch data for Mateo_Kovacic_499: 404
[2025-11-06T14:52:02.359+0000] {fetch_api_data.py:98} WARNING - Failed to fetch data for Gonzalo_Higuaín_579: 404
[2025-11-06T14:52:02.872+0000] {fetch_api_data.py:98} WARNING - Failed to fetch data for Addji Keaninkin Marc-Israel_Guehi_624: 404
[2025-11-06T14:52:03.383+0000] {fetch_api_data.py:98} WARNING - Failed to fetch data for Wayne_Hennessey_135: 404
[2025-11-06T14:52:03.982+0000] {fetch_api_data.py:98} WARNING - Failed to fetch data for Julian_Speroni_136: 404
[2025-11-06T14:52:04.548+0000] {fetch_api_data.py:98} WARNING - Failed to fetch data for Vicente_Guaita_137: 404
[2025-11-06T14:52:05.098+0000] {fetch_api_data.py:98} WARNING - Failed to fetch data for James_Tomkins_138: 404
[2025-11-06T14:52:05.572+0000] {fetch_api_data.py:98} WARNING - Failed to fetch data for Scott_Dann_139: 404
[2025-11-06T14:52:06.085+0000] {fetch_api_data.py:98} WARNING - Failed to fetch data for Martin_Kelly_140: 404
[2025-11-06T14:52:06.615+0000] {fetch_api_data.py:98} WARNING - Failed to fetch data for Jeffrey_Schlupp_141: 404
[2025-11-06T14:52:07.512+0000] {fetch_api_data.py:98} WARNING - Failed to fetch data for Patrick_van Aanholt_142: 404
[2025-11-06T14:52:09.076+0000] {fetch_api_data.py:98} WARNING - Failed to fetch data for Mamadou_Sakho_143: 404
[2025-11-06T14:52:11.077+0000] {fetch_api_data.py:98} WARNING - Failed to fetch data for Jairo_Riedewald_144: 404
[2025-11-06T14:52:12.730+0000] {fetch_api_data.py:98} WARNING - Failed to fetch data for Aaron_Wan-Bissaka_145: 404
[2025-11-06T14:52:14.007+0000] {fetch_api_data.py:98} WARNING - Failed to fetch data for James_McArthur_147: 404
[2025-11-06T14:52:15.874+0000] {fetch_api_data.py:98} WARNING - Failed to fetch data for Bakary_Sako_148: 404
[2025-11-06T14:52:17.361+0000] {fetch_api_data.py:98} WARNING - Failed to fetch data for Andros_Townsend_149: 404
[2025-11-06T14:52:18.727+0000] {fetch_api_data.py:98} WARNING - Failed to fetch data for Luka_Milivojevic_150: 404
[2025-11-06T14:52:19.782+0000] {fetch_api_data.py:98} WARNING - Failed to fetch data for Wilfried_Zaha_151: 404
[2025-11-06T14:52:23.772+0000] {fetch_api_data.py:98} WARNING - Failed to fetch data for Christian_Benteke_152: 404
[2025-11-06T14:52:30.907+0000] {fetch_api_data.py:98} WARNING - Failed to fetch data for Alexander_Sørloth_153: 404
[2025-11-06T14:52:33.645+0000] {fetch_api_data.py:98} WARNING - Failed to fetch data for Cheikhou_Kouyaté_412: 404
[2025-11-06T14:52:34.811+0000] {fetch_api_data.py:98} WARNING - Failed to fetch data for Joel_Ward_441: 404
[2025-11-06T14:52:35.488+0000] {fetch_api_data.py:98} WARNING - Failed to fetch data for Jaroslaw_Jach_442: 404
[2025-11-06T14:52:38.706+0000] {fetch_api_data.py:98} WARNING - Failed to fetch data for Pape_Souaré_443: 404
[2025-11-06T14:52:40.441+0000] {fetch_api_data.py:98} WARNING - Failed to fetch data for Connor_Wickham_444: 404
[2025-11-06T14:52:43.579+0000] {fetch_api_data.py:98} WARNING - Failed to fetch data for Sullay_Kaikai_477: 404
[2025-11-06T14:52:44.828+0000] {fetch_api_data.py:98} WARNING - Failed to fetch data for Max_Meyer_486: 404
[2025-11-06T14:52:45.560+0000] {fetch_api_data.py:98} WARNING - Failed to fetch data for Jordan_Ayew_505: 404
[2025-11-06T14:52:50.438+0000] {fetch_api_data.py:98} WARNING - Failed to fetch data for Joe_Tupper_576: 404
[2025-11-06T14:52:55.170+0000] {fetch_api_data.py:98} WARNING - Failed to fetch data for Lucas_Perri_584: 404
[2025-11-06T14:53:04.698+0000] {fetch_api_data.py:98} WARNING - Failed to fetch data for Michy_Batshuayi_592: 404
[2025-11-06T14:53:15.566+0000] {fetch_api_data.py:98} WARNING - Failed to fetch data for Sam_Woods_609: 404
[2025-11-06T14:53:19.856+0000] {fetch_api_data.py:98} WARNING - Failed to fetch data for Luke_Dreher_618: 404
[2025-11-06T14:53:22.348+0000] {fetch_api_data.py:98} WARNING - Failed to fetch data for Nikola_Tavares_619: 404
[2025-11-06T14:53:23.992+0000] {fetch_api_data.py:98} WARNING - Failed to fetch data for Jordan_Pickford_154: 404
[2025-11-06T14:53:24.782+0000] {fetch_api_data.py:98} WARNING - Failed to fetch data for Maarten_Stekelenburg_155: 404
[2025-11-06T14:53:25.918+0000] {fetch_api_data.py:98} WARNING - Failed to fetch data for Leighton_Baines_156: 404
[2025-11-06T14:53:28.568+0000] {fetch_api_data.py:98} WARNING - Failed to fetch data for Seamus_Coleman_157: 404
[2025-11-06T14:53:31.371+0000] {fetch_api_data.py:98} WARNING - Failed to fetch data for Phil_Jagielka_158: 404
[2025-11-06T14:53:34.222+0000] {fetch_api_data.py:98} WARNING - Failed to fetch data for Ashley_Williams_159: 404
[2025-11-06T14:53:35.640+0000] {fetch_api_data.py:98} WARNING - Failed to fetch data for Mason_Holgate_160: 404
[2025-11-06T14:53:37.416+0000] {fetch_api_data.py:98} WARNING - Failed to fetch data for Jonjoe_Kenny_161: 404
[2025-11-06T14:53:40.663+0000] {fetch_api_data.py:98} WARNING - Failed to fetch data for Michael_Keane_162: 404
[2025-11-06T14:53:44.067+0000] {fetch_api_data.py:98} WARNING - Failed to fetch data for Cuco_Martina_163: 404
[2025-11-06T14:53:54.082+0000] {fetch_api_data.py:98} WARNING - Failed to fetch data for Theo_Walcott_164: 404
[2025-11-06T14:53:55.871+0000] {fetch_api_data.py:98} WARNING - Failed to fetch data for Yannick_Bolasie_165: 404
[2025-11-06T14:53:58.218+0000] {fetch_api_data.py:98} WARNING - Failed to fetch data for James_McCarthy_166: 404
[2025-11-06T14:53:58.894+0000] {fetch_api_data.py:98} WARNING - Failed to fetch data for Morgan_Schneiderlin_167: 404
[2025-11-06T14:54:00.049+0000] {fetch_api_data.py:98} WARNING - Failed to fetch data for Idrissa_Gueye_168: 404
[2025-11-06T14:54:00.577+0000] {fetch_api_data.py:98} WARNING - Failed to fetch data for Tom_Davies_169: 404
[2025-11-06T14:54:01.091+0000] {fetch_api_data.py:98} WARNING - Failed to fetch data for Ademola_Lookman_170: 404
[2025-11-06T14:54:01.871+0000] {fetch_api_data.py:98} WARNING - Failed to fetch data for Davy_Klaassen_171: 404
[2025-11-06T14:54:02.863+0000] {fetch_api_data.py:98} WARNING - Failed to fetch data for Gylfi_Sigurdsson_172: 404
[2025-11-06T14:54:03.565+0000] {fetch_api_data.py:98} WARNING - Failed to fetch data for Nikola_Vlasic_173: 404
[2025-11-06T14:54:04.470+0000] {fetch_api_data.py:98} WARNING - Failed to fetch data for Beni_Baningime_174: 404
[2025-11-06T14:54:06.284+0000] {fetch_api_data.py:98} WARNING - Failed to fetch data for Dominic_Calvert-Lewin_175: 404
[2025-11-06T14:54:08.988+0000] {fetch_api_data.py:98} WARNING - Failed to fetch data for Cenk_Tosun_177: 404
[2025-11-06T14:54:10.120+0000] {fetch_api_data.py:98} WARNING - Failed to fetch data for Richarlison_de Andrade_393: 404
[2025-11-06T14:54:11.212+0000] {fetch_api_data.py:98} WARNING - Failed to fetch data for Kevin_Mirallas_469: 404
[2025-11-06T14:54:13.484+0000] {fetch_api_data.py:98} WARNING - Failed to fetch data for Sandro_Ramírez_470: 404
[2025-11-06T14:54:14.093+0000] {fetch_api_data.py:98} WARNING - Failed to fetch data for Lucas_Digne_484: 404
[2025-11-06T14:54:15.312+0000] {fetch_api_data.py:98} WARNING - Failed to fetch data for Yerry_Mina_506: 404
[2025-11-06T14:54:16.064+0000] {fetch_api_data.py:98} WARNING - Failed to fetch data for Bernard_Anício Caldeira Duarte_507: 404
[2025-11-06T14:54:18.254+0000] {fetch_api_data.py:98} WARNING - Failed to fetch data for André Filipe_Tavares Gomes_508: 404
[2025-11-06T14:54:26.101+0000] {fetch_api_data.py:98} WARNING - Failed to fetch data for Kurt_Zouma_526: 404
[2025-11-06T14:54:29.793+0000] {fetch_api_data.py:98} WARNING - Failed to fetch data for Kieran_Dowell_528: 404
[2025-11-06T14:54:31.047+0000] {fetch_api_data.py:98} WARNING - Failed to fetch data for Tyias_Browning_532: 404
[2025-11-06T14:54:32.205+0000] {fetch_api_data.py:98} WARNING - Failed to fetch data for Calum_Chambers_9: 404
[2025-11-06T14:54:34.696+0000] {fetch_api_data.py:98} WARNING - Failed to fetch data for Marcus_Bettinelli_178: 404
[2025-11-06T14:54:35.807+0000] {fetch_api_data.py:98} WARNING - Failed to fetch data for Tim_Ream_180: 404
[2025-11-06T14:54:36.392+0000] {fetch_api_data.py:98} WARNING - Failed to fetch data for Denis_Odoi_181: 404
[2025-11-06T14:54:37.006+0000] {fetch_api_data.py:98} WARNING - Failed to fetch data for Tom_Cairney_182: 404
[2025-11-06T14:54:37.724+0000] {fetch_api_data.py:98} WARNING - Failed to fetch data for Kevin_McDonald_183: 404
[2025-11-06T14:54:38.178+0000] {fetch_api_data.py:98} WARNING - Failed to fetch data for Ryan_Sessegnon_184: 404
[2025-11-06T14:54:38.598+0000] {fetch_api_data.py:98} WARNING - Failed to fetch data for Stefan_Johansen_185: 404
[2025-11-06T14:54:39.049+0000] {fetch_api_data.py:98} WARNING - Failed to fetch data for Floyd_Ayité_186: 404
[2025-11-06T14:54:39.535+0000] {fetch_api_data.py:98} WARNING - Failed to fetch data for Neeskens_Kebano_187: 404
[2025-11-06T14:54:39.958+0000] {fetch_api_data.py:98} WARNING - Failed to fetch data for Rui Pedro_da Rocha Fonte_188: 404
[2025-11-06T14:54:40.421+0000] {fetch_api_data.py:98} WARNING - Failed to fetch data for Aboubakar_Kamara_189: 404
[2025-11-06T14:54:40.872+0000] {fetch_api_data.py:98} WARNING - Failed to fetch data for Maxime_Le Marchand_455: 404
[2025-11-06T14:54:43.502+0000] {fetch_api_data.py:98} WARNING - Failed to fetch data for Jean Michael_Seri_456: 404
[2025-11-06T14:54:44.965+0000] {fetch_api_data.py:98} WARNING - Failed to fetch data for Cyrus_Christie_460: 404
[2025-11-06T14:54:46.168+0000] {fetch_api_data.py:98} WARNING - Failed to fetch data for Fabricio_Agosto Ramírez_474: 404
[2025-11-06T14:54:49.346+0000] {fetch_api_data.py:98} WARNING - Failed to fetch data for André_Schürrle_478: 404
[2025-11-06T14:54:49.810+0000] {fetch_api_data.py:98} WARNING - Failed to fetch data for Aleksandar_Mitrovic_480: 404
[2025-11-06T14:54:50.537+0000] {fetch_api_data.py:98} WARNING - Failed to fetch data for Alfie_Mawson_487: 404
[2025-11-06T14:54:51.025+0000] {fetch_api_data.py:98} WARNING - Failed to fetch data for Sergio_Rico_509: 404
[2025-11-06T14:54:51.486+0000] {fetch_api_data.py:98} WARNING - Failed to fetch data for Joe_Bryan_510: 404
[2025-11-06T14:54:52.004+0000] {fetch_api_data.py:98} WARNING - Failed to fetch data for Timothy_Fosu-Mensah_511: 404
[2025-11-06T14:54:52.446+0000] {fetch_api_data.py:98} WARNING - Failed to fetch data for André-Frank_Zambo Anguissa_512: 404
[2025-11-06T14:54:52.946+0000] {fetch_api_data.py:98} WARNING - Failed to fetch data for Luciano_Vietto_513: 404
[2025-11-06T14:54:54.042+0000] {fetch_api_data.py:98} WARNING - Failed to fetch data for Ibrahima_Cissé_521: 404
[2025-11-06T14:54:54.719+0000] {fetch_api_data.py:98} WARNING - Failed to fetch data for Zeze Steven_Sessegnon_541: 404
[2025-11-06T14:54:55.263+0000] {fetch_api_data.py:98} WARNING - Failed to fetch data for Ryan_Babel_575: 404
[2025-11-06T14:54:55.882+0000] {fetch_api_data.py:98} WARNING - Failed to fetch data for Håvard_Nordtveit_593: 404
[2025-11-06T14:54:57.023+0000] {fetch_api_data.py:98} WARNING - Failed to fetch data for Lazar_Markovic_594: 404
[2025-11-06T14:54:57.452+0000] {fetch_api_data.py:98} WARNING - Failed to fetch data for Harvey_Elliott_610: 404
[2025-11-06T14:54:57.909+0000] {fetch_api_data.py:98} WARNING - Failed to fetch data for Luca_De La Torre_621: 404
[2025-11-06T14:54:58.390+0000] {fetch_api_data.py:98} WARNING - Failed to fetch data for Jason_Puncheon_146: 404
[2025-11-06T14:54:58.877+0000] {fetch_api_data.py:98} WARNING - Failed to fetch data for Ben_Hamer_190: 404
[2025-11-06T14:54:59.366+0000] {fetch_api_data.py:98} WARNING - Failed to fetch data for Jonas_Lössl_191: 404
[2025-11-06T14:54:59.880+0000] {fetch_api_data.py:98} WARNING - Failed to fetch data for Christopher_Schindler_192: 404
[2025-11-06T14:55:00.560+0000] {fetch_api_data.py:98} WARNING - Failed to fetch data for Chris_Löwe_193: 404
[2025-11-06T14:55:01.155+0000] {fetch_api_data.py:98} WARNING - Failed to fetch data for Tommy_Smith_194: 404
[2025-11-06T14:55:01.769+0000] {fetch_api_data.py:98} WARNING - Failed to fetch data for Mathias_Jorgensen_195: 404
[2025-11-06T14:55:02.945+0000] {fetch_api_data.py:98} WARNING - Failed to fetch data for Scott_Malone_196: 404
[2025-11-06T14:55:04.018+0000] {fetch_api_data.py:98} WARNING - Failed to fetch data for Florent_Hadergjonaj_197: 404
[2025-11-06T14:55:04.947+0000] {fetch_api_data.py:98} WARNING - Failed to fetch data for Terence_Kongolo_198: 404
[2025-11-06T14:55:05.508+0000] {fetch_api_data.py:98} WARNING - Failed to fetch data for Aaron_Mooy_199: 404
[2025-11-06T14:55:06.084+0000] {fetch_api_data.py:98} WARNING - Failed to fetch data for Rajiv_van La Parra_200: 404
[2025-11-06T14:55:06.891+0000] {fetch_api_data.py:98} WARNING - Failed to fetch data for Jonathan_Hogg_201: 404
[2025-11-06T14:55:07.375+0000] {fetch_api_data.py:98} WARNING - Failed to fetch data for Philip_Billing_202: 404
[2025-11-06T14:55:09.662+0000] {fetch_api_data.py:98} WARNING - Failed to fetch data for Tom_Ince_203: 404
[2025-11-06T14:55:10.708+0000] {fetch_api_data.py:98} WARNING - Failed to fetch data for Danny_Williams_204: 404
[2025-11-06T14:55:11.412+0000] {fetch_api_data.py:98} WARNING - Failed to fetch data for Abdelhamid_Sabiri_205: 404
[2025-11-06T14:55:12.134+0000] {fetch_api_data.py:98} WARNING - Failed to fetch data for Alex_Pritchard_206: 404
[2025-11-06T14:55:12.588+0000] {fetch_api_data.py:98} WARNING - Failed to fetch data for Ramadan_Sobhi_207: 404
[2025-11-06T14:55:13.046+0000] {fetch_api_data.py:98} WARNING - Failed to fetch data for Juninho_Bacuna_208: 404
[2025-11-06T14:55:13.806+0000] {fetch_api_data.py:98} WARNING - Failed to fetch data for Collin_Quaner_209: 404
[2025-11-06T14:55:17.768+0000] {fetch_api_data.py:98} WARNING - Failed to fetch data for Laurent_Depoitre_210: 404
[2025-11-06T14:55:19.535+0000] {fetch_api_data.py:98} WARNING - Failed to fetch data for Steve_Mounie_211: 404
[2025-11-06T14:55:23.204+0000] {fetch_api_data.py:98} WARNING - Failed to fetch data for Elias_Kachunga_212: 404
[2025-11-06T14:55:24.324+0000] {fetch_api_data.py:98} WARNING - Failed to fetch data for Erik_Durm_461: 404
[2025-11-06T14:55:27.345+0000] {fetch_api_data.py:98} WARNING - Failed to fetch data for Adama_Diakhaby_471: 404
[2025-11-06T14:55:28.086+0000] {fetch_api_data.py:98} WARNING - Failed to fetch data for Isaac_Mbenza_514: 404
[2025-11-06T14:55:29.776+0000] {fetch_api_data.py:98} WARNING - Failed to fetch data for Jon Gorenc_Stankovic_522: 404
[2025-11-06T14:55:30.696+0000] {fetch_api_data.py:98} WARNING - Failed to fetch data for Ryan_Schofield_533: 404
[2025-11-06T14:55:31.419+0000] {fetch_api_data.py:98} WARNING - Failed to fetch data for Karlan_Grant_585: 404
[2025-11-06T14:55:32.537+0000] {fetch_api_data.py:98} WARNING - Failed to fetch data for Joel_Coleman_598: 404
[2025-11-06T14:55:33.269+0000] {fetch_api_data.py:98} WARNING - Failed to fetch data for Demeaco_Duhaney_601: 404
[2025-11-06T14:55:33.965+0000] {fetch_api_data.py:98} WARNING - Failed to fetch data for Matthew_Daly_606: 404
[2025-11-06T14:55:34.476+0000] {fetch_api_data.py:98} WARNING - Failed to fetch data for Aaron_Rowe_607: 404
[2025-11-06T14:55:34.943+0000] {fetch_api_data.py:98} WARNING - Failed to fetch data for Kasper_Schmeichel_213: 404
[2025-11-06T14:55:35.399+0000] {fetch_api_data.py:98} WARNING - Failed to fetch data for Eldin_Jakupovic_214: 404
[2025-11-06T14:55:35.875+0000] {fetch_api_data.py:98} WARNING - Failed to fetch data for Wes_Morgan_215: 404
[2025-11-06T14:55:36.349+0000] {fetch_api_data.py:98} WARNING - Failed to fetch data for Christian_Fuchs_216: 404
[2025-11-06T14:55:37.687+0000] {fetch_api_data.py:98} WARNING - Failed to fetch data for Danny_Simpson_217: 404
[2025-11-06T14:55:42.842+0000] {fetch_api_data.py:98} WARNING - Failed to fetch data for Yohan_Benalouane_218: 404
[2025-11-06T14:55:44.554+0000] {fetch_api_data.py:98} WARNING - Failed to fetch data for Benjamin_Chilwell_219: 404
[2025-11-06T14:55:49.753+0000] {fetch_api_data.py:98} WARNING - Failed to fetch data for Harry_Maguire_220: 404
[2025-11-06T14:55:52.552+0000] {fetch_api_data.py:98} WARNING - Failed to fetch data for Ricardo Domingos_Barbosa Pereira_221: 404
[2025-11-06T14:55:59.889+0000] {fetch_api_data.py:98} WARNING - Failed to fetch data for Jonny_Evans_222: 404
[2025-11-06T14:56:00.473+0000] {fetch_api_data.py:98} WARNING - Failed to fetch data for Marc_Albrighton_224: 404
[2025-11-06T14:56:01.997+0000] {fetch_api_data.py:98} WARNING - Failed to fetch data for Demarai_Gray_225: 404
[2025-11-06T14:56:02.684+0000] {fetch_api_data.py:98} WARNING - Failed to fetch data for Daniel_Amartey_226: 404
[2025-11-06T14:56:03.282+0000] {fetch_api_data.py:98} WARNING - Failed to fetch data for Wilfred_Ndidi_227: 404
[2025-11-06T14:56:03.848+0000] {fetch_api_data.py:98} WARNING - Failed to fetch data for Vicente_Iborra_228: 404
[2025-11-06T14:56:04.283+0000] {fetch_api_data.py:98} WARNING - Failed to fetch data for Matty_James_229: 404
[2025-11-06T14:56:04.770+0000] {fetch_api_data.py:98} WARNING - Failed to fetch data for Hamza_Choudhury_230: 404
[2025-11-06T14:56:05.227+0000] {fetch_api_data.py:98} WARNING - Failed to fetch data for Adrien Sebastian_Perruchet Silva_231: 404
[2025-11-06T14:56:05.721+0000] {fetch_api_data.py:98} WARNING - Failed to fetch data for Fousseni_Diabaté_232: 404
[2025-11-06T14:56:06.380+0000] {fetch_api_data.py:98} WARNING - Failed to fetch data for James_Maddison_233: 404
[2025-11-06T14:56:06.880+0000] {fetch_api_data.py:98} WARNING - Failed to fetch data for Jamie_Vardy_234: 404
[2025-11-06T14:56:07.516+0000] {fetch_api_data.py:98} WARNING - Failed to fetch data for Shinji_Okazaki_235: 404
[2025-11-06T14:56:08.896+0000] {fetch_api_data.py:98} WARNING - Failed to fetch data for Kelechi_Iheanacho_236: 404
[2025-11-06T14:56:10.164+0000] {fetch_api_data.py:98} WARNING - Failed to fetch data for Danny_Ward_457: 404
[2025-11-06T14:56:10.945+0000] {fetch_api_data.py:98} WARNING - Failed to fetch data for Rachid_Ghezzal_492: 404
[2025-11-06T14:56:11.991+0000] {fetch_api_data.py:98} WARNING - Failed to fetch data for Filip_Benkovic_501: 404
[2025-11-06T14:56:13.361+0000] {fetch_api_data.py:98} WARNING - Failed to fetch data for Çaglar_Söyüncü_515: 404
[2025-11-06T14:56:14.934+0000] {fetch_api_data.py:98} WARNING - Failed to fetch data for Nampalys_Mendy_527: 404
[2025-11-06T14:56:15.774+0000] {fetch_api_data.py:98} WARNING - Failed to fetch data for Josh_Knight_558: 404
[2025-11-06T14:56:16.488+0000] {fetch_api_data.py:98} WARNING - Failed to fetch data for Harvey_Barnes_571: 404
[2025-11-06T14:56:16.978+0000] {fetch_api_data.py:98} WARNING - Failed to fetch data for Youri_Tielemans_591: 404
[2025-11-06T14:56:18.968+0000] {fetch_api_data.py:98} WARNING - Failed to fetch data for Simon_Mignolet_237: 404
[2025-11-06T14:56:21.743+0000] {fetch_api_data.py:98} WARNING - Failed to fetch data for Loris_Karius_238: 404
[2025-11-06T14:56:23.341+0000] {fetch_api_data.py:98} WARNING - Failed to fetch data for Dejan_Lovren_239: 404
[2025-11-06T14:56:23.976+0000] {fetch_api_data.py:98} WARNING - Failed to fetch data for Alberto_Moreno_240: 404
[2025-11-06T14:56:24.786+0000] {fetch_api_data.py:98} WARNING - Failed to fetch data for Joseph_Gomez_242: 404
[2025-11-06T14:56:27.038+0000] {fetch_api_data.py:98} WARNING - Failed to fetch data for Joel_Matip_243: 404
[2025-11-06T14:56:29.622+0000] {fetch_api_data.py:98} WARNING - Failed to fetch data for Ragnar_Klavan_244: 404
[2025-11-06T14:56:30.686+0000] {fetch_api_data.py:98} WARNING - Failed to fetch data for Trent_Alexander-Arnold_245: 404
[2025-11-06T14:56:31.836+0000] {fetch_api_data.py:98} WARNING - Failed to fetch data for Virgil_van Dijk_246: 404
[2025-11-06T14:56:32.976+0000] {fetch_api_data.py:98} WARNING - Failed to fetch data for Andrew_Robertson_247: 404
[2025-11-06T14:56:33.718+0000] {fetch_api_data.py:98} WARNING - Failed to fetch data for Alex_Oxlade-Chamberlain_248: 404
[2025-11-06T14:56:34.457+0000] {fetch_api_data.py:98} WARNING - Failed to fetch data for Jordan_Henderson_249: 404
[2025-11-06T14:56:34.950+0000] {fetch_api_data.py:98} WARNING - Failed to fetch data for Adam_Lallana_250: 404
[2025-11-06T14:56:35.444+0000] {fetch_api_data.py:98} WARNING - Failed to fetch data for Sadio_Mané_251: 404
[2025-11-06T14:56:36.574+0000] {fetch_api_data.py:98} WARNING - Failed to fetch data for Georginio_Wijnaldum_252: 404
[2025-11-06T14:56:37.602+0000] {fetch_api_data.py:98} WARNING - Failed to fetch data for Mohamed_Salah_253: 404
[2025-11-06T14:56:38.234+0000] {fetch_api_data.py:98} WARNING - Failed to fetch data for James_Milner_254: 404
[2025-11-06T14:56:38.683+0000] {fetch_api_data.py:98} WARNING - Failed to fetch data for Fabio Henrique_Tavares_255: 404
[2025-11-06T14:56:39.213+0000] {fetch_api_data.py:98} WARNING - Failed to fetch data for Naby_Keita_256: 404
[2025-11-06T14:56:39.946+0000] {fetch_api_data.py:98} WARNING - Failed to fetch data for Roberto_Firmino_257: 404
[2025-11-06T14:56:40.646+0000] {fetch_api_data.py:98} WARNING - Failed to fetch data for Xherdan_Shaqiri_462: 404
[2025-11-06T14:56:41.142+0000] {fetch_api_data.py:98} WARNING - Failed to fetch data for Alisson_Ramses Becker_468: 404
[2025-11-06T14:56:41.629+0000] {fetch_api_data.py:98} WARNING - Failed to fetch data for Daniel_Sturridge_472: 404
[2025-11-06T14:56:42.133+0000] {fetch_api_data.py:98} WARNING - Failed to fetch data for Divock_Origi_543: 404
[2025-11-06T14:56:43.037+0000] {fetch_api_data.py:98} WARNING - Failed to fetch data for Rafael_Camacho_557: 404
[2025-11-06T14:56:43.536+0000] {fetch_api_data.py:98} WARNING - Failed to fetch data for Curtis_Jones_597: 404
[2025-11-06T14:56:44.247+0000] {fetch_api_data.py:98} WARNING - Failed to fetch data for Riyad_Mahrez_223: 404
[2025-11-06T14:56:45.011+0000] {fetch_api_data.py:98} WARNING - Failed to fetch data for Ederson_Santana de Moraes_260: 404
[2025-11-06T14:56:45.800+0000] {fetch_api_data.py:98} WARNING - Failed to fetch data for Claudio_Bravo_261: 404
[2025-11-06T14:56:46.473+0000] {fetch_api_data.py:98} WARNING - Failed to fetch data for John_Stones_262: 404
[2025-11-06T14:56:47.117+0000] {fetch_api_data.py:98} WARNING - Failed to fetch data for Vincent_Kompany_263: 404
[2025-11-06T14:56:47.627+0000] {fetch_api_data.py:98} WARNING - Failed to fetch data for Nicolás_Otamendi_264: 404
[2025-11-06T14:56:48.240+0000] {fetch_api_data.py:98} WARNING - Failed to fetch data for Kyle_Walker_265: 404
[2025-11-06T14:56:48.693+0000] {fetch_api_data.py:98} WARNING - Failed to fetch data for Danilo Luiz_da Silva_266: 404
[2025-11-06T14:56:49.707+0000] {fetch_api_data.py:98} WARNING - Failed to fetch data for Benjamin_Mendy_267: 404
[2025-11-06T14:56:50.227+0000] {fetch_api_data.py:98} WARNING - Failed to fetch data for Aymeric_Laporte_268: 404
[2025-11-06T14:56:50.719+0000] {fetch_api_data.py:98} WARNING - Failed to fetch data for Fabian_Delph_269: 404
[2025-11-06T14:56:51.517+0000] {fetch_api_data.py:98} WARNING - Failed to fetch data for Raheem_Sterling_270: 404
[2025-11-06T14:56:52.290+0000] {fetch_api_data.py:98} WARNING - Failed to fetch data for David_Silva_271: 404
[2025-11-06T14:56:56.033+0000] {fetch_api_data.py:98} WARNING - Failed to fetch data for Fernando_Luiz Rosa_272: 404
[2025-11-06T14:56:56.541+0000] {fetch_api_data.py:98} WARNING - Failed to fetch data for Kevin_De Bruyne_273: 404
[2025-11-06T14:56:57.017+0000] {fetch_api_data.py:98} WARNING - Failed to fetch data for Ilkay_Gündogan_274: 404
[2025-11-06T14:56:57.468+0000] {fetch_api_data.py:98} WARNING - Failed to fetch data for Leroy_Sané_275: 404
[2025-11-06T14:56:58.076+0000] {fetch_api_data.py:98} WARNING - Failed to fetch data for Bernardo Mota_Veiga de Carvalho e Silva_276: 404
[2025-11-06T14:56:58.508+0000] {fetch_api_data.py:98} WARNING - Failed to fetch data for Phil_Foden_277: 404
[2025-11-06T14:56:58.981+0000] {fetch_api_data.py:98} WARNING - Failed to fetch data for Brahim_Diaz_278: 404
[2025-11-06T14:56:59.495+0000] {fetch_api_data.py:98} WARNING - Failed to fetch data for Oleksandr_Zinchenko_279: 404
[2025-11-06T14:56:59.942+0000] {fetch_api_data.py:98} WARNING - Failed to fetch data for Sergio_Agüero_280: 404
[2025-11-06T14:57:00.514+0000] {fetch_api_data.py:98} WARNING - Failed to fetch data for Gabriel Fernando_de Jesus_281: 404
[2025-11-06T14:57:01.796+0000] {fetch_api_data.py:98} WARNING - Failed to fetch data for Arijanet_Muric_529: 404
[2025-11-06T14:57:02.344+0000] {fetch_api_data.py:98} WARNING - Failed to fetch data for Philippe_Sandler_604: 404
[2025-11-06T14:57:02.801+0000] {fetch_api_data.py:98} WARNING - Failed to fetch data for David_de Gea_282: 404
[2025-11-06T14:57:03.282+0000] {fetch_api_data.py:98} WARNING - Failed to fetch data for Sergio_Romero_283: 404
[2025-11-06T14:57:03.839+0000] {fetch_api_data.py:98} WARNING - Failed to fetch data for Chris_Smalling_284: 404
[2025-11-06T14:57:04.849+0000] {fetch_api_data.py:98} WARNING - Failed to fetch data for Phil_Jones_285: 404
[2025-11-06T14:57:05.615+0000] {fetch_api_data.py:98} WARNING - Failed to fetch data for Luke_Shaw_286: 404
[2025-11-06T14:57:07.144+0000] {fetch_api_data.py:98} WARNING - Failed to fetch data for Marcos_Rojo_287: 404
[2025-11-06T14:57:08.313+0000] {fetch_api_data.py:98} WARNING - Failed to fetch data for Antonio_Valencia_288: 404
[2025-11-06T14:57:08.840+0000] {fetch_api_data.py:98} WARNING - Failed to fetch data for Matteo_Darmian_289: 404
[2025-11-06T14:57:09.821+0000] {fetch_api_data.py:98} WARNING - Failed to fetch data for Daley_Blind_290: 404
[2025-11-06T14:57:10.458+0000] {fetch_api_data.py:98} WARNING - Failed to fetch data for Eric_Bailly_291: 404
[2025-11-06T14:57:11.295+0000] {fetch_api_data.py:98} WARNING - Failed to fetch data for Victor_Lindelöf_292: 404
[2025-11-06T14:57:12.460+0000] {fetch_api_data.py:98} WARNING - Failed to fetch data for Ashley_Young_293: 404
[2025-11-06T14:57:13.584+0000] {fetch_api_data.py:98} WARNING - Failed to fetch data for José Diogo_Dalot Teixeira_294: 404
[2025-11-06T14:57:14.137+0000] {fetch_api_data.py:98} WARNING - Failed to fetch data for Alexis_Sánchez_295: 404
[2025-11-06T14:57:14.682+0000] {fetch_api_data.py:98} WARNING - Failed to fetch data for Nemanja_Matic_296: 404
[2025-11-06T14:57:15.141+0000] {fetch_api_data.py:98} WARNING - Failed to fetch data for Juan_Mata_297: 404
[2025-11-06T14:57:16.177+0000] {fetch_api_data.py:98} WARNING - Failed to fetch data for Marouane_Fellaini_298: 404
[2025-11-06T14:57:16.906+0000] {fetch_api_data.py:98} WARNING - Failed to fetch data for Ander_Herrera_299: 404
[2025-11-06T14:57:17.371+0000] {fetch_api_data.py:98} WARNING - Failed to fetch data for Jesse_Lingard_300: 404
[2025-11-06T14:57:17.929+0000] {fetch_api_data.py:98} WARNING - Failed to fetch data for Anthony_Martial_301: 404
[2025-11-06T14:57:18.435+0000] {fetch_api_data.py:98} WARNING - Failed to fetch data for Paul_Pogba_302: 404
[2025-11-06T14:57:19.042+0000] {fetch_api_data.py:98} WARNING - Failed to fetch data for Scott_McTominay_303: 404
[2025-11-06T14:57:20.039+0000] {fetch_api_data.py:98} WARNING - Failed to fetch data for Frederico_Rodrigues de Paula Santos_304: 404
[2025-11-06T14:57:20.496+0000] {fetch_api_data.py:98} WARNING - Failed to fetch data for Marcus_Rashford_305: 404
[2025-11-06T14:57:20.957+0000] {fetch_api_data.py:98} WARNING - Failed to fetch data for Romelu_Lukaku_306: 404
[2025-11-06T14:57:21.420+0000] {fetch_api_data.py:98} WARNING - Failed to fetch data for Andreas_Pereira_481: 404
[2025-11-06T14:57:21.890+0000] {fetch_api_data.py:98} WARNING - Failed to fetch data for Lee_Grant_520: 404
[2025-11-06T14:57:22.493+0000] {fetch_api_data.py:98} WARNING - Failed to fetch data for Angel_Gomes_568: 404
[2025-11-06T14:57:22.960+0000] {fetch_api_data.py:98} WARNING - Failed to fetch data for James_Garner_602: 404
[2025-11-06T14:57:23.748+0000] {fetch_api_data.py:98} WARNING - Failed to fetch data for Tahith_Chong_603: 404
[2025-11-06T14:57:24.302+0000] {fetch_api_data.py:98} WARNING - Failed to fetch data for Mason_Greenwood_608: 404
[2025-11-06T14:57:25.133+0000] {fetch_api_data.py:98} WARNING - Failed to fetch data for Robert_Elliot_307: 404
[2025-11-06T14:57:25.782+0000] {fetch_api_data.py:98} WARNING - Failed to fetch data for Karl_Darlow_308: 404
[2025-11-06T14:57:26.263+0000] {fetch_api_data.py:98} WARNING - Failed to fetch data for Martin_Dubravka_309: 404
[2025-11-06T14:57:26.685+0000] {fetch_api_data.py:98} WARNING - Failed to fetch data for DeAndre_Yedlin_310: 404
[2025-11-06T14:57:27.112+0000] {fetch_api_data.py:98} WARNING - Failed to fetch data for Ciaran_Clark_311: 404
[2025-11-06T14:57:27.764+0000] {fetch_api_data.py:98} WARNING - Failed to fetch data for Jamaal_Lascelles_312: 404
[2025-11-06T14:57:28.214+0000] {fetch_api_data.py:98} WARNING - Failed to fetch data for Paul_Dummett_313: 404
[2025-11-06T14:57:28.817+0000] {fetch_api_data.py:98} WARNING - Failed to fetch data for Florian_Lejeune_314: 404
[2025-11-06T14:57:29.231+0000] {fetch_api_data.py:98} WARNING - Failed to fetch data for Javier_Manquillo_315: 404
[2025-11-06T14:57:29.668+0000] {fetch_api_data.py:98} WARNING - Failed to fetch data for Chancel_Mbemba_316: 404
[2025-11-06T14:57:30.124+0000] {fetch_api_data.py:98} WARNING - Failed to fetch data for Matt_Ritchie_317: 404
[2025-11-06T14:57:30.568+0000] {fetch_api_data.py:98} WARNING - Failed to fetch data for Jonjo_Shelvey_318: 404
[2025-11-06T14:57:31.735+0000] {fetch_api_data.py:98} WARNING - Failed to fetch data for Mohamed_Diamé_319: 404
[2025-11-06T14:57:32.242+0000] {fetch_api_data.py:98} WARNING - Failed to fetch data for Christian_Atsu_320: 404
[2025-11-06T14:57:32.700+0000] {fetch_api_data.py:98} WARNING - Failed to fetch data for Jacob_Murphy_321: 404
[2025-11-06T14:57:33.185+0000] {fetch_api_data.py:98} WARNING - Failed to fetch data for Mikel_Merino_322: 404
[2025-11-06T14:57:33.645+0000] {fetch_api_data.py:98} WARNING - Failed to fetch data for Isaac_Hayden_323: 404
[2025-11-06T14:57:34.079+0000] {fetch_api_data.py:98} WARNING - Failed to fetch data for Sung-yueng_Ki_324: 404
[2025-11-06T14:57:34.524+0000] {fetch_api_data.py:98} WARNING - Failed to fetch data for Dwight_Gayle_325: 404
[2025-11-06T14:57:34.957+0000] {fetch_api_data.py:98} WARNING - Failed to fetch data for Ayoze_Pérez_326: 404
[2025-11-06T14:57:35.832+0000] {fetch_api_data.py:98} WARNING - Failed to fetch data for Jose Luis_Mato Sanmartín_327: 404
[2025-11-06T14:57:36.554+0000] {fetch_api_data.py:98} WARNING - Failed to fetch data for Robert Kenedy_Nunes do Nascimento_458: 404
[2025-11-06T14:57:37.094+0000] {fetch_api_data.py:98} WARNING - Failed to fetch data for Fabian_Schär_482: 404
[2025-11-06T14:57:37.591+0000] {fetch_api_data.py:98} WARNING - Failed to fetch data for Yoshinori_Muto_488: 404
[2025-11-06T14:57:38.069+0000] {fetch_api_data.py:98} WARNING - Failed to fetch data for Salomón_Rondón_493: 404
[2025-11-06T14:57:38.616+0000] {fetch_api_data.py:98} WARNING - Failed to fetch data for Federico_Fernández_516: 404
[2025-11-06T14:57:39.125+0000] {fetch_api_data.py:98} WARNING - Failed to fetch data for Jamie_Sterry_530: 404
[2025-11-06T14:57:39.586+0000] {fetch_api_data.py:98} WARNING - Failed to fetch data for Sean_Longstaff_531: 404
[2025-11-06T14:57:40.029+0000] {fetch_api_data.py:98} WARNING - Failed to fetch data for Frederick_Woodman_553: 404
[2025-11-06T14:57:40.470+0000] {fetch_api_data.py:98} WARNING - Failed to fetch data for Callum_Roberts_577: 404
[2025-11-06T14:57:40.927+0000] {fetch_api_data.py:98} WARNING - Failed to fetch data for Miguel_Almirón_587: 404
[2025-11-06T14:57:41.380+0000] {fetch_api_data.py:98} WARNING - Failed to fetch data for Antonio_Barreca_588: 404
[2025-11-06T14:57:41.945+0000] {fetch_api_data.py:98} WARNING - Failed to fetch data for Kelland_Watts_622: 404
[2025-11-06T14:57:42.434+0000] {fetch_api_data.py:98} WARNING - Failed to fetch data for Lewis_Cass_623: 404
[2025-11-06T14:57:42.893+0000] {fetch_api_data.py:98} WARNING - Failed to fetch data for Danny_Ings_258: 404
[2025-11-06T14:57:43.338+0000] {fetch_api_data.py:98} WARNING - Failed to fetch data for Alex_McCarthy_328: 404
[2025-11-06T14:57:43.799+0000] {fetch_api_data.py:98} WARNING - Failed to fetch data for Fraser_Forster_329: 404
[2025-11-06T14:57:44.252+0000] {fetch_api_data.py:98} WARNING - Failed to fetch data for Ryan_Bertrand_330: 404
[2025-11-06T14:57:44.690+0000] {fetch_api_data.py:98} WARNING - Failed to fetch data for Maya_Yoshida_331: 404
[2025-11-06T14:57:45.128+0000] {fetch_api_data.py:98} WARNING - Failed to fetch data for Cédric_Soares_332: 404
[2025-11-06T14:57:45.581+0000] {fetch_api_data.py:98} WARNING - Failed to fetch data for Jack_Stephens_333: 404
[2025-11-06T14:57:46.023+0000] {fetch_api_data.py:98} WARNING - Failed to fetch data for Sam_McQueen_334: 404
[2025-11-06T14:57:46.465+0000] {fetch_api_data.py:98} WARNING - Failed to fetch data for Jan_Bednarek_335: 404
[2025-11-06T14:57:47.509+0000] {fetch_api_data.py:98} WARNING - Failed to fetch data for Wesley_Hoedt_336: 404
[2025-11-06T14:57:47.973+0000] {fetch_api_data.py:98} WARNING - Failed to fetch data for Steven_Davis_337: 404
[2025-11-06T14:57:48.431+0000] {fetch_api_data.py:98} WARNING - Failed to fetch data for James_Ward-Prowse_338: 404
[2025-11-06T14:57:48.916+0000] {fetch_api_data.py:98} WARNING - Failed to fetch data for Oriol_Romeu Vidal_339: 404
[2025-11-06T14:57:49.363+0000] {fetch_api_data.py:98} WARNING - Failed to fetch data for Pierre-Emile_Højbjerg_340: 404
[2025-11-06T14:57:49.824+0000] {fetch_api_data.py:98} WARNING - Failed to fetch data for Sofiane_Boufal_341: 404
[2025-11-06T14:57:50.290+0000] {fetch_api_data.py:98} WARNING - Failed to fetch data for Joshua_Sims_342: 404
[2025-11-06T14:57:50.774+0000] {fetch_api_data.py:98} WARNING - Failed to fetch data for Nathan_Redmond_343: 404
[2025-11-06T14:57:51.421+0000] {fetch_api_data.py:98} WARNING - Failed to fetch data for Mario_Lemina_344: 404
[2025-11-06T14:57:51.925+0000] {fetch_api_data.py:98} WARNING - Failed to fetch data for Stuart_Armstrong_345: 404
[2025-11-06T14:57:52.424+0000] {fetch_api_data.py:98} WARNING - Failed to fetch data for Mohamed_Elyounoussi_346: 404
[2025-11-06T14:57:52.910+0000] {fetch_api_data.py:98} WARNING - Failed to fetch data for Shane_Long_347: 404
[2025-11-06T14:57:54.283+0000] {fetch_api_data.py:98} WARNING - Failed to fetch data for Charlie_Austin_348: 404
[2025-11-06T14:57:54.856+0000] {fetch_api_data.py:98} WARNING - Failed to fetch data for Manolo_Gabbiadini_349: 404
[2025-11-06T14:57:55.329+0000] {fetch_api_data.py:98} WARNING - Failed to fetch data for Guido_Carrillo_350: 404
[2025-11-06T14:57:56.006+0000] {fetch_api_data.py:98} WARNING - Failed to fetch data for Angus_Gunn_452: 404
[2025-11-06T14:57:56.535+0000] {fetch_api_data.py:98} WARNING - Failed to fetch data for Jannik_Vestergaard_463: 404
[2025-11-06T14:57:57.091+0000] {fetch_api_data.py:98} WARNING - Failed to fetch data for Matt_Targett_479: 404
[2025-11-06T14:57:57.715+0000] {fetch_api_data.py:98} WARNING - Failed to fetch data for Michael_Obafemi_550: 404
[2025-11-06T14:57:59.030+0000] {fetch_api_data.py:98} WARNING - Failed to fetch data for Yan_Valery_556: 404
[2025-11-06T14:58:00.486+0000] {fetch_api_data.py:98} WARNING - Failed to fetch data for Tyreke_Johnson_562: 404
[2025-11-06T14:58:01.053+0000] {fetch_api_data.py:98} WARNING - Failed to fetch data for Kayne_Ramsay_565: 404
[2025-11-06T14:58:01.549+0000] {fetch_api_data.py:98} WARNING - Failed to fetch data for Callum_Slattery_570: 404
[2025-11-06T14:58:02.052+0000] {fetch_api_data.py:98} WARNING - Failed to fetch data for Sam_Gallagher_574: 404
[2025-11-06T14:58:02.540+0000] {fetch_api_data.py:98} WARNING - Failed to fetch data for Alfie_Jones_595: 404
[2025-11-06T14:58:03.354+0000] {fetch_api_data.py:98} WARNING - Failed to fetch data for Hugo_Lloris_351: 404
[2025-11-06T14:58:03.820+0000] {fetch_api_data.py:98} WARNING - Failed to fetch data for Michel_Vorm_352: 404
[2025-11-06T14:58:04.242+0000] {fetch_api_data.py:98} WARNING - Failed to fetch data for Toby_Alderweireld_353: 404
[2025-11-06T14:58:04.662+0000] {fetch_api_data.py:98} WARNING - Failed to fetch data for Danny_Rose_354: 404
[2025-11-06T14:58:05.133+0000] {fetch_api_data.py:98} WARNING - Failed to fetch data for Jan_Vertonghen_355: 404
[2025-11-06T14:58:05.618+0000] {fetch_api_data.py:98} WARNING - Failed to fetch data for Ben_Davies_356: 404
[2025-11-06T14:58:06.145+0000] {fetch_api_data.py:98} WARNING - Failed to fetch data for Kieran_Trippier_357: 404
[2025-11-06T14:58:06.752+0000] {fetch_api_data.py:98} WARNING - Failed to fetch data for Kyle_Walker-Peters_358: 404
[2025-11-06T14:58:07.526+0000] {fetch_api_data.py:98} WARNING - Failed to fetch data for Davinson_Sánchez_359: 404
[2025-11-06T14:58:08.466+0000] {fetch_api_data.py:98} WARNING - Failed to fetch data for Serge_Aurier_360: 404
[2025-11-06T14:58:09.361+0000] {fetch_api_data.py:98} WARNING - Failed to fetch data for Eric_Dier_361: 404
[2025-11-06T14:58:09.930+0000] {fetch_api_data.py:98} WARNING - Failed to fetch data for Mousa_Dembélé_362: 404
[2025-11-06T14:58:10.454+0000] {fetch_api_data.py:98} WARNING - Failed to fetch data for Erik_Lamela_363: 404
[2025-11-06T14:58:11.686+0000] {fetch_api_data.py:98} WARNING - Failed to fetch data for Christian_Eriksen_364: 404
[2025-11-06T14:58:12.589+0000] {fetch_api_data.py:98} WARNING - Failed to fetch data for Bamidele_Alli_365: 404
[2025-11-06T14:58:13.341+0000] {fetch_api_data.py:98} WARNING - Failed to fetch data for Victor_Wanyama_366: 404
[2025-11-06T14:58:13.902+0000] {fetch_api_data.py:98} WARNING - Failed to fetch data for Heung-Min_Son_367: 404
[2025-11-06T14:58:14.400+0000] {fetch_api_data.py:98} WARNING - Failed to fetch data for Harry_Winks_368: 404
[2025-11-06T14:58:14.867+0000] {fetch_api_data.py:98} WARNING - Failed to fetch data for Moussa_Sissoko_369: 404
[2025-11-06T14:58:15.392+0000] {fetch_api_data.py:98} WARNING - Failed to fetch data for Lucas_Rodrigues Moura da Silva_370: 404
[2025-11-06T14:58:16.007+0000] {fetch_api_data.py:98} WARNING - Failed to fetch data for Fernando_Llorente_371: 404
[2025-11-06T14:58:16.922+0000] {fetch_api_data.py:98} WARNING - Failed to fetch data for Harry_Kane_372: 404
[2025-11-06T14:58:17.856+0000] {fetch_api_data.py:98} WARNING - Failed to fetch data for Georges-Kévin_Nkoudou_497: 404
[2025-11-06T14:58:18.876+0000] {fetch_api_data.py:98} WARNING - Failed to fetch data for Luke_Amos_523: 404
[2025-11-06T14:58:19.394+0000] {fetch_api_data.py:98} WARNING - Failed to fetch data for Paulo_Gazzaniga_536: 404
[2025-11-06T14:58:19.912+0000] {fetch_api_data.py:98} WARNING - Failed to fetch data for Alfie_Whiteman_538: 404
[2025-11-06T14:58:20.401+0000] {fetch_api_data.py:98} WARNING - Failed to fetch data for Oliver_Skipp_540: 404
[2025-11-06T14:58:20.853+0000] {fetch_api_data.py:98} WARNING - Failed to fetch data for Juan_Foyth_549: 404
[2025-11-06T14:58:21.338+0000] {fetch_api_data.py:98} WARNING - Failed to fetch data for Timothy_Eyoma_561: 404
[2025-11-06T14:58:21.837+0000] {fetch_api_data.py:98} WARNING - Failed to fetch data for Kazaiah_Sterling_578: 404
[2025-11-06T14:58:22.354+0000] {fetch_api_data.py:98} WARNING - Failed to fetch data for George_Marsh_612: 404
[2025-11-06T14:58:23.400+0000] {fetch_api_data.py:98} WARNING - Failed to fetch data for Vincent_Janssen_614: 404
[2025-11-06T14:58:24.018+0000] {fetch_api_data.py:98} WARNING - Failed to fetch data for Heurelho_Gomes_373: 404
[2025-11-06T14:58:25.947+0000] {fetch_api_data.py:98} WARNING - Failed to fetch data for Pontus_Dahlberg_374: 404
[2025-11-06T14:58:26.457+0000] {fetch_api_data.py:98} WARNING - Failed to fetch data for Younes_Kaboul_375: 404
[2025-11-06T14:58:26.994+0000] {fetch_api_data.py:98} WARNING - Failed to fetch data for Craig_Cathcart_376: 404
[2025-11-06T14:58:27.431+0000] {fetch_api_data.py:98} WARNING - Failed to fetch data for Sebastian_Prödl_377: 404
[2025-11-06T14:58:27.975+0000] {fetch_api_data.py:98} WARNING - Failed to fetch data for José_Holebas_378: 404
[2025-11-06T14:58:28.662+0000] {fetch_api_data.py:98} WARNING - Failed to fetch data for Miguel_Britos_379: 404
[2025-11-06T14:58:29.437+0000] {fetch_api_data.py:98} WARNING - Failed to fetch data for Christian_Kabasele_380: 404
[2025-11-06T14:58:29.928+0000] {fetch_api_data.py:98} WARNING - Failed to fetch data for Daryl_Janmaat_381: 404
[2025-11-06T14:58:30.465+0000] {fetch_api_data.py:98} WARNING - Failed to fetch data for Adrian_Mariappa_382: 404
[2025-11-06T14:58:31.088+0000] {fetch_api_data.py:98} WARNING - Failed to fetch data for Francisco_Femenía Far_383: 404
[2025-11-06T14:58:32.103+0000] {fetch_api_data.py:98} WARNING - Failed to fetch data for Marvin_Zeegelaar_384: 404
[2025-11-06T14:58:32.710+0000] {fetch_api_data.py:98} WARNING - Failed to fetch data for Marc_Navarro_385: 404
[2025-11-06T14:58:33.516+0000] {fetch_api_data.py:98} WARNING - Failed to fetch data for Adam_Masina_386: 404
[2025-11-06T14:58:34.440+0000] {fetch_api_data.py:98} WARNING - Failed to fetch data for Nathaniel_Chalobah_387: 404
[2025-11-06T14:58:35.551+0000] {fetch_api_data.py:98} WARNING - Failed to fetch data for Tom_Cleverley_388: 404
[2025-11-06T14:58:36.175+0000] {fetch_api_data.py:98} WARNING - Failed to fetch data for Etienne_Capoue_389: 404
[2025-11-06T14:58:36.648+0000] {fetch_api_data.py:98} WARNING - Failed to fetch data for Abdoulaye_Doucouré_390: 404
[2025-11-06T14:58:37.514+0000] {fetch_api_data.py:98} WARNING - Failed to fetch data for Roberto_Pereyra_391: 404
[2025-11-06T14:58:38.093+0000] {fetch_api_data.py:98} WARNING - Failed to fetch data for Will_Hughes_392: 404
[2025-11-06T14:58:38.748+0000] {fetch_api_data.py:98} WARNING - Failed to fetch data for Gerard_Deulofeu_394: 404
[2025-11-06T14:58:39.304+0000] {fetch_api_data.py:98} WARNING - Failed to fetch data for Andre_Gray_395: 404
[2025-11-06T14:58:39.908+0000] {fetch_api_data.py:98} WARNING - Failed to fetch data for Troy_Deeney_396: 404
[2025-11-06T14:58:40.513+0000] {fetch_api_data.py:98} WARNING - Failed to fetch data for Stefano_Okaka_397: 404
[2025-11-06T14:58:41.037+0000] {fetch_api_data.py:98} WARNING - Failed to fetch data for Jerome_Sinclair_398: 404
[2025-11-06T14:58:41.522+0000] {fetch_api_data.py:98} WARNING - Failed to fetch data for Ben_Foster_445: 404
[2025-11-06T14:58:42.255+0000] {fetch_api_data.py:98} WARNING - Failed to fetch data for Ken_Sema_446: 404
[2025-11-06T14:58:43.029+0000] {fetch_api_data.py:98} WARNING - Failed to fetch data for Domingos_Quina_517: 404
[2025-11-06T14:58:43.649+0000] {fetch_api_data.py:98} WARNING - Failed to fetch data for Isaac_Success Ajayi_524: 404
[2025-11-06T14:58:44.168+0000] {fetch_api_data.py:98} WARNING - Failed to fetch data for Ben_Wilmot_544: 404
[2025-11-06T14:58:44.655+0000] {fetch_api_data.py:98} WARNING - Failed to fetch data for Adalberto_Peñaranda_554: 404
[2025-11-06T14:58:45.276+0000] {fetch_api_data.py:98} WARNING - Failed to fetch data for Adrián_San Miguel del Castillo_399: 404
[2025-11-06T14:58:45.762+0000] {fetch_api_data.py:98} WARNING - Failed to fetch data for Lukasz_Fabianski_400: 404
[2025-11-06T14:58:46.221+0000] {fetch_api_data.py:98} WARNING - Failed to fetch data for Winston_Reid_401: 404
[2025-11-06T14:58:46.706+0000] {fetch_api_data.py:98} WARNING - Failed to fetch data for Aaron_Cresswell_402: 404
[2025-11-06T14:58:47.309+0000] {fetch_api_data.py:98} WARNING - Failed to fetch data for Angelo_Ogbonna_403: 404
[2025-11-06T14:58:47.958+0000] {fetch_api_data.py:98} WARNING - Failed to fetch data for Sam_Byram_404: 404
[2025-11-06T14:58:48.429+0000] {fetch_api_data.py:98} WARNING - Failed to fetch data for Pablo_Zabaleta_405: 404
[2025-11-06T14:58:48.911+0000] {fetch_api_data.py:98} WARNING - Failed to fetch data for Declan_Rice_406: 404
[2025-11-06T14:58:49.383+0000] {fetch_api_data.py:98} WARNING - Failed to fetch data for Reece_Oxford_407: 404
[2025-11-06T14:58:50.030+0000] {fetch_api_data.py:98} WARNING - Failed to fetch data for Ryan_Fredericks_408: 404
[2025-11-06T14:58:50.514+0000] {fetch_api_data.py:98} WARNING - Failed to fetch data for Issa_Diop_409: 404
[2025-11-06T14:58:51.026+0000] {fetch_api_data.py:98} WARNING - Failed to fetch data for Arthur_Masuaku_410: 404
[2025-11-06T14:58:51.817+0000] {fetch_api_data.py:98} WARNING - Failed to fetch data for Mark_Noble_411: 404
[2025-11-06T14:58:52.382+0000] {fetch_api_data.py:98} WARNING - Failed to fetch data for Pedro_Obiang_413: 404
[2025-11-06T14:58:52.875+0000] {fetch_api_data.py:98} WARNING - Failed to fetch data for Manuel_Lanzini_414: 404
[2025-11-06T14:58:53.409+0000] {fetch_api_data.py:98} WARNING - Failed to fetch data for Michail_Antonio_415: 404
[2025-11-06T14:58:54.136+0000] {fetch_api_data.py:98} WARNING - Failed to fetch data for Edimilson_Fernandes_416: 404
[2025-11-06T14:58:54.634+0000] {fetch_api_data.py:98} WARNING - Failed to fetch data for Marko_Arnautovic_417: 404
[2025-11-06T14:58:56.275+0000] {fetch_api_data.py:98} WARNING - Failed to fetch data for Andy_Carroll_418: 404
[2025-11-06T14:58:56.876+0000] {fetch_api_data.py:98} WARNING - Failed to fetch data for Javier_Hernández Balcázar_419: 404
[2025-11-06T14:58:57.414+0000] {fetch_api_data.py:98} WARNING - Failed to fetch data for Jordan_Hugill_420: 404
[2025-11-06T14:58:58.340+0000] {fetch_api_data.py:98} WARNING - Failed to fetch data for Jack_Wilshere_447: 404
[2025-11-06T14:59:00.877+0000] {fetch_api_data.py:98} WARNING - Failed to fetch data for Andriy_Yarmolenko_453: 404
[2025-11-06T14:59:02.116+0000] {fetch_api_data.py:98} WARNING - Failed to fetch data for Fabián_Balbuena_464: 404
[2025-11-06T14:59:03.471+0000] {fetch_api_data.py:98} WARNING - Failed to fetch data for Felipe Anderson_Pereira Gomes_465: 404
[2025-11-06T14:59:04.914+0000] {fetch_api_data.py:98} WARNING - Failed to fetch data for Robert_Snodgrass_489: 404
[2025-11-06T14:59:08.387+0000] {fetch_api_data.py:98} WARNING - Failed to fetch data for Lucas_Pérez_502: 404
[2025-11-06T14:59:10.252+0000] {fetch_api_data.py:98} WARNING - Failed to fetch data for Carlos_Sánchez_518: 404
[2025-11-06T14:59:11.551+0000] {fetch_api_data.py:98} WARNING - Failed to fetch data for Grady_Diangana_539: 404
[2025-11-06T14:59:12.097+0000] {fetch_api_data.py:98} WARNING - Failed to fetch data for Joe_Powell_547: 404
[2025-11-06T14:59:13.150+0000] {fetch_api_data.py:98} WARNING - Failed to fetch data for Conor_Coventry_548: 404
[2025-11-06T14:59:13.758+0000] {fetch_api_data.py:98} WARNING - Failed to fetch data for Alexandre Nascimento_Costa Silva_560: 404
[2025-11-06T14:59:14.297+0000] {fetch_api_data.py:98} WARNING - Failed to fetch data for Samir_Nasri_569: 404
[2025-11-06T14:59:14.937+0000] {fetch_api_data.py:98} WARNING - Failed to fetch data for Ben_Johnson_605: 404
[2025-11-06T14:59:16.960+0000] {fetch_api_data.py:98} WARNING - Failed to fetch data for Nathan_Holland_611: 404
[2025-11-06T14:59:24.793+0000] {fetch_api_data.py:98} WARNING - Failed to fetch data for John_Ruddy_421: 404
[2025-11-06T14:59:43.205+0000] {fetch_api_data.py:98} WARNING - Failed to fetch data for Will_Norris_422: 404
[2025-11-06T14:59:48.186+0000] {fetch_api_data.py:98} WARNING - Failed to fetch data for Willy_Boly_423: 404
[2025-11-06T14:59:49.163+0000] {fetch_api_data.py:98} WARNING - Failed to fetch data for Barry_Douglas_424: 404
[2025-11-06T14:59:49.847+0000] {fetch_api_data.py:98} WARNING - Failed to fetch data for Matt_Doherty_425: 404
[2025-11-06T14:59:50.548+0000] {fetch_api_data.py:98} WARNING - Failed to fetch data for Romain_Saïss_426: 404
[2025-11-06T14:59:51.076+0000] {fetch_api_data.py:98} WARNING - Failed to fetch data for Ryan_Bennett_427: 404
[2025-11-06T14:59:53.357+0000] {fetch_api_data.py:98} WARNING - Failed to fetch data for Danny_Batth_428: 404
[2025-11-06T14:59:54.136+0000] {fetch_api_data.py:98} WARNING - Failed to fetch data for Roderick Jefferson_Gonçalves Miranda_429: 404
[2025-11-06T14:59:54.962+0000] {fetch_api_data.py:98} WARNING - Failed to fetch data for Conor_Coady_430: 404
[2025-11-06T14:59:56.824+0000] {fetch_api_data.py:98} WARNING - Failed to fetch data for Rúben Gonçalo_Silva Nascimento Vinagre_431: 404
[2025-11-06T15:00:01.850+0000] {fetch_api_data.py:98} WARNING - Failed to fetch data for Diogo_Jota_432: 404
[2025-11-06T15:00:04.855+0000] {fetch_api_data.py:98} WARNING - Failed to fetch data for Rúben Diogo_da Silva Neves_433: 404
[2025-11-06T15:00:05.432+0000] {fetch_api_data.py:98} WARNING - Failed to fetch data for Ivan_Cavaleiro_434: 404
[2025-11-06T15:00:13.608+0000] {fetch_api_data.py:98} WARNING - Failed to fetch data for Hélder_Costa_435: 404
[2025-11-06T15:00:14.390+0000] {fetch_api_data.py:98} WARNING - Failed to fetch data for Bright_Enobakhare_436: 404
[2025-11-06T15:00:15.096+0000] {fetch_api_data.py:98} WARNING - Failed to fetch data for Raúl_Jiménez_437: 404
[2025-11-06T15:00:15.812+0000] {fetch_api_data.py:98} WARNING - Failed to fetch data for Bonatini Lohner Maia_Bonatini_438: 404
[2025-11-06T15:00:16.905+0000] {fetch_api_data.py:98} WARNING - Failed to fetch data for Morgan_Gibbs-White_448: 404
[2025-11-06T15:00:17.383+0000] {fetch_api_data.py:98} WARNING - Failed to fetch data for Rafa_Mir_449: 404
[2025-11-06T15:00:17.858+0000] {fetch_api_data.py:98} WARNING - Failed to fetch data for Rui Pedro_dos Santos Patrício_454: 404
[2025-11-06T15:00:18.724+0000] {fetch_api_data.py:98} WARNING - Failed to fetch data for João Filipe Iria_Santos Moutinho_475: 404
[2025-11-06T15:00:19.454+0000] {fetch_api_data.py:98} WARNING - Failed to fetch data for Jonathan_Castro Otto_483: 404
[2025-11-06T15:00:20.727+0000] {fetch_api_data.py:98} WARNING - Failed to fetch data for Adama_Traoré_500: 404
[2025-11-06T15:00:23.469+0000] {fetch_api_data.py:98} WARNING - Failed to fetch data for Leander_Dendoncker_519: 404
[2025-11-06T15:00:24.213+0000] {fetch_api_data.py:98} WARNING - Failed to fetch data for Kortney_Hause_525: 404
[2025-11-06T15:00:24.889+0000] {fetch_api_data.py:98} WARNING - Failed to fetch data for Ryan John_Giles_555: 404
[2025-11-06T15:00:25.714+0000] {fetch_api_data.py:98} WARNING - Failed to fetch data for Max_Kilman_567: 404
[2025-11-06T15:00:26.329+0000] {fetch_api_data.py:98} WARNING - Failed to fetch data for Cameron_John_596: 404
[2025-11-06T15:00:26.336+0000] {python.py:183} INFO - Done. Returned value was: []
[2025-11-06T15:00:26.408+0000] {taskinstance.py:1350} INFO - Marking task as SUCCESS. dag_id=fpl_gameweeks_etl, task_id=fetch_players_gw_task, map_index=5, execution_date=20251106T144816, start_date=20251106T144848, end_date=20251106T150026
[2025-11-06T15:00:26.462+0000] {local_task_job_runner.py:225} INFO - Task exited with return code 0
[2025-11-06T15:00:26.520+0000] {taskinstance.py:2653} INFO - 0 downstream tasks scheduled from follow-on schedule check
