[2025-10-25T22:22:39.486+0000] {taskinstance.py:1103} INFO - Dependencies all met for dep_context=non-requeueable deps ti=<TaskInstance: fpl_teams_etl.create_teams_table manual__2025-10-25T22:22:12.833804+00:00 [queued]>
[2025-10-25T22:22:39.502+0000] {taskinstance.py:1103} INFO - Dependencies all met for dep_context=requeueable deps ti=<TaskInstance: fpl_teams_etl.create_teams_table manual__2025-10-25T22:22:12.833804+00:00 [queued]>
[2025-10-25T22:22:39.502+0000] {taskinstance.py:1308} INFO - Starting attempt 1 of 2
[2025-10-25T22:22:39.531+0000] {taskinstance.py:1327} INFO - Executing <Task(PostgresOperator): create_teams_table> on 2025-10-25 22:22:12.833804+00:00
[2025-10-25T22:22:39.540+0000] {standard_task_runner.py:57} INFO - Started process 7545 to run task
[2025-10-25T22:22:39.545+0000] {standard_task_runner.py:84} INFO - Running: ['airflow', 'tasks', 'run', 'fpl_teams_etl', 'create_teams_table', 'manual__2025-10-25T22:22:12.833804+00:00', '--job-id', '6531', '--raw', '--subdir', 'DAGS_FOLDER/fpl_teams_dag.py', '--cfg-path', '/tmp/tmphgssvc_o']
[2025-10-25T22:22:39.552+0000] {standard_task_runner.py:85} INFO - Job 6531: Subtask create_teams_table
[2025-10-25T22:22:39.836+0000] {task_command.py:410} INFO - Running <TaskInstance: fpl_teams_etl.create_teams_table manual__2025-10-25T22:22:12.833804+00:00 [running]> on host 754e4af34fcd
[2025-10-25T22:22:40.008+0000] {taskinstance.py:1547} INFO - Exporting env vars: AIRFLOW_CTX_DAG_OWNER='richardilemon' AIRFLOW_CTX_DAG_ID='fpl_teams_etl' AIRFLOW_CTX_TASK_ID='create_teams_table' AIRFLOW_CTX_EXECUTION_DATE='2025-10-25T22:22:12.833804+00:00' AIRFLOW_CTX_TRY_NUMBER='1' AIRFLOW_CTX_DAG_RUN_ID='manual__2025-10-25T22:22:12.833804+00:00'
[2025-10-25T22:22:40.009+0000] {sql.py:265} INFO - Executing: 
            CREATE TABLE IF NOT EXISTS teams (
                season TEXT,
                code INTEGER,
                id INTEGER,
                name TEXT,
                short_name TEXT,
                strength_overall_home INTEGER,
                strength_overall_away INTEGER,
                strength_attack_home INTEGER,
                strength_attack_away INTEGER,
                strength_defence_home INTEGER,
                strength_defence_away INTEGER,
                strength INTEGER,
                PRIMARY KEY (season, code)
            );
        
[2025-10-25T22:22:40.034+0000] {base.py:73} INFO - Using connection ID 'fpl_db_conn' for task execution.
[2025-10-25T22:22:40.175+0000] {base.py:73} INFO - Using connection ID 'fpl_db_conn' for task execution.
[2025-10-25T22:22:40.186+0000] {sql.py:375} INFO - Running statement: 
            CREATE TABLE IF NOT EXISTS teams (
                season TEXT,
                code INTEGER,
                id INTEGER,
                name TEXT,
                short_name TEXT,
                strength_overall_home INTEGER,
                strength_overall_away INTEGER,
                strength_attack_home INTEGER,
                strength_attack_away INTEGER,
                strength_defence_home INTEGER,
                strength_defence_away INTEGER,
                strength INTEGER,
                PRIMARY KEY (season, code)
            );
        , parameters: None
[2025-10-25T22:22:40.213+0000] {taskinstance.py:1350} INFO - Marking task as SUCCESS. dag_id=fpl_teams_etl, task_id=create_teams_table, execution_date=20251025T222212, start_date=20251025T222239, end_date=20251025T222240
[2025-10-25T22:22:40.280+0000] {local_task_job_runner.py:225} INFO - Task exited with return code 0
[2025-10-25T22:22:40.530+0000] {taskinstance.py:2653} INFO - 0 downstream tasks scheduled from follow-on schedule check
