[2025-10-07T20:08:38.017+0000] {taskinstance.py:1103} INFO - Dependencies all met for dep_context=non-requeueable deps ti=<TaskInstance: fpl_etl_pipeline.insert_teams_task manual__2025-10-07T20:08:32.868839+00:00 [queued]>
[2025-10-07T20:08:38.039+0000] {taskinstance.py:1103} INFO - Dependencies all met for dep_context=requeueable deps ti=<TaskInstance: fpl_etl_pipeline.insert_teams_task manual__2025-10-07T20:08:32.868839+00:00 [queued]>
[2025-10-07T20:08:38.040+0000] {taskinstance.py:1308} INFO - Starting attempt 1 of 2
[2025-10-07T20:08:38.072+0000] {taskinstance.py:1327} INFO - Executing <Task(_PythonDecoratedOperator): insert_teams_task> on 2025-10-07 20:08:32.868839+00:00
[2025-10-07T20:08:38.079+0000] {standard_task_runner.py:57} INFO - Started process 1158 to run task
[2025-10-07T20:08:38.084+0000] {standard_task_runner.py:84} INFO - Running: ['airflow', 'tasks', 'run', 'fpl_etl_pipeline', 'insert_teams_task', 'manual__2025-10-07T20:08:32.868839+00:00', '--job-id', '136', '--raw', '--subdir', 'DAGS_FOLDER/fpl_etl_pipeline.py', '--cfg-path', '/tmp/tmpn8keciyn']
[2025-10-07T20:08:38.088+0000] {standard_task_runner.py:85} INFO - Job 136: Subtask insert_teams_task
[2025-10-07T20:08:38.173+0000] {task_command.py:410} INFO - Running <TaskInstance: fpl_etl_pipeline.insert_teams_task manual__2025-10-07T20:08:32.868839+00:00 [running]> on host 00f07cb5c963
[2025-10-07T20:08:38.543+0000] {taskinstance.py:1547} INFO - Exporting env vars: AIRFLOW_CTX_DAG_OWNER='richardilemon' AIRFLOW_CTX_DAG_ID='fpl_etl_pipeline' AIRFLOW_CTX_TASK_ID='insert_teams_task' AIRFLOW_CTX_EXECUTION_DATE='2025-10-07T20:08:32.868839+00:00' AIRFLOW_CTX_TRY_NUMBER='1' AIRFLOW_CTX_DAG_RUN_ID='manual__2025-10-07T20:08:32.868839+00:00'
[2025-10-07T20:08:38.575+0000] {base.py:73} INFO - Using connection ID 'fpl_db_conn' for task execution.
[2025-10-07T20:08:38.585+0000] {db_config.py:33} INFO - Database Connection Established
[2025-10-07T20:08:38.585+0000] {db_config.py:43} ERROR - Failed to connect to database: insert_teams() missing 1 required positional argument: 'season'
[2025-10-07T20:08:38.586+0000] {taskinstance.py:1824} ERROR - Task failed with exception
Traceback (most recent call last):
  File "/home/airflow/.local/lib/python3.7/site-packages/airflow/decorators/base.py", line 220, in execute
    return_value = super().execute(context)
  File "/home/airflow/.local/lib/python3.7/site-packages/airflow/operators/python.py", line 181, in execute
    return_value = self.execute_callable()
  File "/home/airflow/.local/lib/python3.7/site-packages/airflow/operators/python.py", line 198, in execute_callable
    return self.python_callable(*self.op_args, **self.op_kwargs)
  File "/opt/airflow/dags/fpl_etl_pipeline.py", line 63, in insert_teams_task
    insert_teams(teams)
  File "/opt/airflow/scripts/db_config.py", line 35, in wrapper
    result = func(connection, *args, **kwargs)  # fetch_teams_data(_connection)
TypeError: insert_teams() missing 1 required positional argument: 'season'
[2025-10-07T20:08:38.604+0000] {taskinstance.py:1350} INFO - Marking task as UP_FOR_RETRY. dag_id=fpl_etl_pipeline, task_id=insert_teams_task, execution_date=20251007T200832, start_date=20251007T200838, end_date=20251007T200838
[2025-10-07T20:08:38.620+0000] {standard_task_runner.py:109} ERROR - Failed to execute job 136 for task insert_teams_task (insert_teams() missing 1 required positional argument: 'season'; 1158)
[2025-10-07T20:08:38.658+0000] {local_task_job_runner.py:225} INFO - Task exited with return code 1
[2025-10-07T20:08:38.694+0000] {taskinstance.py:2653} INFO - 0 downstream tasks scheduled from follow-on schedule check
