[2025-10-29T09:05:37.866+0000] {taskinstance.py:1103} INFO - Dependencies all met for dep_context=non-requeueable deps ti=<TaskInstance: fpl_gameweeks_etl.create_gw_stats_table manual__2025-10-29T09:05:25.447312+00:00 [queued]>
[2025-10-29T09:05:37.894+0000] {taskinstance.py:1103} INFO - Dependencies all met for dep_context=requeueable deps ti=<TaskInstance: fpl_gameweeks_etl.create_gw_stats_table manual__2025-10-29T09:05:25.447312+00:00 [queued]>
[2025-10-29T09:05:37.895+0000] {taskinstance.py:1308} INFO - Starting attempt 1 of 2
[2025-10-29T09:05:38.227+0000] {taskinstance.py:1327} INFO - Executing <Task(PostgresOperator): create_gw_stats_table> on 2025-10-29 09:05:25.447312+00:00
[2025-10-29T09:05:38.263+0000] {standard_task_runner.py:57} INFO - Started process 6393 to run task
[2025-10-29T09:05:38.289+0000] {standard_task_runner.py:84} INFO - Running: ['airflow', 'tasks', 'run', 'fpl_gameweeks_etl', 'create_gw_stats_table', 'manual__2025-10-29T09:05:25.447312+00:00', '--job-id', '516', '--raw', '--subdir', 'DAGS_FOLDER/fpl_gameweeks_dag.py', '--cfg-path', '/tmp/tmphbnznsxm']
[2025-10-29T09:05:38.301+0000] {standard_task_runner.py:85} INFO - Job 516: Subtask create_gw_stats_table
[2025-10-29T09:05:38.471+0000] {task_command.py:410} INFO - Running <TaskInstance: fpl_gameweeks_etl.create_gw_stats_table manual__2025-10-29T09:05:25.447312+00:00 [running]> on host dede24b5451e
[2025-10-29T09:05:38.810+0000] {taskinstance.py:1547} INFO - Exporting env vars: AIRFLOW_CTX_DAG_OWNER='richardilemon' AIRFLOW_CTX_DAG_ID='fpl_gameweeks_etl' AIRFLOW_CTX_TASK_ID='create_gw_stats_table' AIRFLOW_CTX_EXECUTION_DATE='2025-10-29T09:05:25.447312+00:00' AIRFLOW_CTX_TRY_NUMBER='1' AIRFLOW_CTX_DAG_RUN_ID='manual__2025-10-29T09:05:25.447312+00:00'
[2025-10-29T09:05:38.813+0000] {sql.py:265} INFO - Executing: 
            CREATE TABLE IF NOT EXISTS player_gameweek_stats (
                season TEXT,
                gameweek INTEGER,
                player_name TEXT,
                team_code INTEGER,
                goals_scored INTEGER,
                assists INTEGER,
                clean_sheets INTEGER,
                goals_conceded INTEGER,
                own_goals INTEGER,
                penalties_saved INTEGER,
                penalties_missed INTEGER,
                red_cards INTEGER,
                yellow_cards INTEGER,
                big_chances_missed INTEGER,
                big_chances_created INTEGER,
                clearance_blocks_interceptions INTEGER,
                completed_passes INTEGER,
                dribbles INTEGER,
                errors_leading_to_goal INTEGER,
                fouls INTEGER,
                key_passes INTEGER,
                open_play_crosses INTEGER,
                was_home BOOLEAN,
                winning_goals INTEGER,
                PRIMARY KEY (season, gameweek, player_name)
            );
        
[2025-10-29T09:05:38.866+0000] {base.py:73} INFO - Using connection ID 'fpl_db_conn' for task execution.
[2025-10-29T09:05:39.036+0000] {base.py:73} INFO - Using connection ID 'fpl_db_conn' for task execution.
[2025-10-29T09:05:39.052+0000] {sql.py:375} INFO - Running statement: 
            CREATE TABLE IF NOT EXISTS player_gameweek_stats (
                season TEXT,
                gameweek INTEGER,
                player_name TEXT,
                team_code INTEGER,
                goals_scored INTEGER,
                assists INTEGER,
                clean_sheets INTEGER,
                goals_conceded INTEGER,
                own_goals INTEGER,
                penalties_saved INTEGER,
                penalties_missed INTEGER,
                red_cards INTEGER,
                yellow_cards INTEGER,
                big_chances_missed INTEGER,
                big_chances_created INTEGER,
                clearance_blocks_interceptions INTEGER,
                completed_passes INTEGER,
                dribbles INTEGER,
                errors_leading_to_goal INTEGER,
                fouls INTEGER,
                key_passes INTEGER,
                open_play_crosses INTEGER,
                was_home BOOLEAN,
                winning_goals INTEGER,
                PRIMARY KEY (season, gameweek, player_name)
            );
        , parameters: None
[2025-10-29T09:05:39.092+0000] {taskinstance.py:1350} INFO - Marking task as SUCCESS. dag_id=fpl_gameweeks_etl, task_id=create_gw_stats_table, execution_date=20251029T090525, start_date=20251029T090537, end_date=20251029T090539
[2025-10-29T09:05:39.161+0000] {local_task_job_runner.py:225} INFO - Task exited with return code 0
[2025-10-29T09:05:39.265+0000] {taskinstance.py:2653} INFO - 7 downstream tasks scheduled from follow-on schedule check
