[2025-11-06T15:02:25.220+0000] {taskinstance.py:1103} INFO - Dependencies all met for dep_context=non-requeueable deps ti=<TaskInstance: fpl_teams_etl.create_teams_table manual__2025-11-06T15:02:22.291280+00:00 [queued]>
[2025-11-06T15:02:25.225+0000] {taskinstance.py:1103} INFO - Dependencies all met for dep_context=requeueable deps ti=<TaskInstance: fpl_teams_etl.create_teams_table manual__2025-11-06T15:02:22.291280+00:00 [queued]>
[2025-11-06T15:02:25.225+0000] {taskinstance.py:1308} INFO - Starting attempt 1 of 2
[2025-11-06T15:02:25.232+0000] {taskinstance.py:1327} INFO - Executing <Task(PostgresOperator): create_teams_table> on 2025-11-06 15:02:22.291280+00:00
[2025-11-06T15:02:25.234+0000] {standard_task_runner.py:57} INFO - Started process 8867 to run task
[2025-11-06T15:02:25.236+0000] {standard_task_runner.py:84} INFO - Running: ['airflow', 'tasks', 'run', 'fpl_teams_etl', 'create_teams_table', 'manual__2025-11-06T15:02:22.291280+00:00', '--job-id', '158', '--raw', '--subdir', 'DAGS_FOLDER/fpl_teams_dag.py', '--cfg-path', '/tmp/tmpzywwcaqx']
[2025-11-06T15:02:25.237+0000] {standard_task_runner.py:85} INFO - Job 158: Subtask create_teams_table
[2025-11-06T15:02:25.261+0000] {task_command.py:410} INFO - Running <TaskInstance: fpl_teams_etl.create_teams_table manual__2025-11-06T15:02:22.291280+00:00 [running]> on host 9e8fdbd91f0c
[2025-11-06T15:02:25.305+0000] {taskinstance.py:1547} INFO - Exporting env vars: AIRFLOW_CTX_DAG_OWNER='richardilemon' AIRFLOW_CTX_DAG_ID='fpl_teams_etl' AIRFLOW_CTX_TASK_ID='create_teams_table' AIRFLOW_CTX_EXECUTION_DATE='2025-11-06T15:02:22.291280+00:00' AIRFLOW_CTX_TRY_NUMBER='1' AIRFLOW_CTX_DAG_RUN_ID='manual__2025-11-06T15:02:22.291280+00:00'
[2025-11-06T15:02:25.305+0000] {sql.py:265} INFO - Executing: 
            CREATE TABLE IF NOT EXISTS teams (
                season TEXT,
                code INTEGER,
                id INTEGER,
                name TEXT,
                short_name TEXT,
                strength_overall_home INTEGER,
                strength_overall_away INTEGER,
                strength_attack_home INTEGER,
                strength_attack_away INTEGER,
                strength_defence_home INTEGER,
                strength_defence_away INTEGER,
                strength INTEGER,
                PRIMARY KEY (season, code)
            );
        
[2025-11-06T15:02:25.310+0000] {base.py:73} INFO - Using connection ID 'fpl_db_conn' for task execution.
[2025-11-06T15:02:25.339+0000] {base.py:73} INFO - Using connection ID 'fpl_db_conn' for task execution.
[2025-11-06T15:02:25.342+0000] {sql.py:375} INFO - Running statement: 
            CREATE TABLE IF NOT EXISTS teams (
                season TEXT,
                code INTEGER,
                id INTEGER,
                name TEXT,
                short_name TEXT,
                strength_overall_home INTEGER,
                strength_overall_away INTEGER,
                strength_attack_home INTEGER,
                strength_attack_away INTEGER,
                strength_defence_home INTEGER,
                strength_defence_away INTEGER,
                strength INTEGER,
                PRIMARY KEY (season, code)
            );
        , parameters: None
[2025-11-06T15:02:25.347+0000] {taskinstance.py:1350} INFO - Marking task as SUCCESS. dag_id=fpl_teams_etl, task_id=create_teams_table, execution_date=20251106T150222, start_date=20251106T150225, end_date=20251106T150225
[2025-11-06T15:02:25.378+0000] {local_task_job_runner.py:225} INFO - Task exited with return code 0
[2025-11-06T15:02:25.390+0000] {taskinstance.py:2653} INFO - 1 downstream tasks scheduled from follow-on schedule check
