[2025-10-13T22:36:50.440+0000] {taskinstance.py:1103} INFO - Dependencies all met for dep_context=non-requeueable deps ti=<TaskInstance: fpl_etl_pipeline.create_players_table manual__2025-10-13T22:36:04.733239+00:00 [queued]>
[2025-10-13T22:36:50.457+0000] {taskinstance.py:1103} INFO - Dependencies all met for dep_context=requeueable deps ti=<TaskInstance: fpl_etl_pipeline.create_players_table manual__2025-10-13T22:36:04.733239+00:00 [queued]>
[2025-10-13T22:36:50.458+0000] {taskinstance.py:1308} INFO - Starting attempt 1 of 2
[2025-10-13T22:36:50.692+0000] {taskinstance.py:1327} INFO - Executing <Task(PostgresOperator): create_players_table> on 2025-10-13 22:36:04.733239+00:00
[2025-10-13T22:36:50.706+0000] {standard_task_runner.py:57} INFO - Started process 1485 to run task
[2025-10-13T22:36:50.716+0000] {standard_task_runner.py:84} INFO - Running: ['airflow', 'tasks', 'run', 'fpl_etl_pipeline', 'create_players_table', 'manual__2025-10-13T22:36:04.733239+00:00', '--job-id', '662', '--raw', '--subdir', 'DAGS_FOLDER/fpl_etl_pipeline.py', '--cfg-path', '/tmp/tmp9z2dfjj0']
[2025-10-13T22:36:50.720+0000] {standard_task_runner.py:85} INFO - Job 662: Subtask create_players_table
[2025-10-13T22:36:50.891+0000] {task_command.py:410} INFO - Running <TaskInstance: fpl_etl_pipeline.create_players_table manual__2025-10-13T22:36:04.733239+00:00 [running]> on host 033ad6cd18d9
[2025-10-13T22:36:51.045+0000] {taskinstance.py:1547} INFO - Exporting env vars: AIRFLOW_CTX_DAG_OWNER='richardilemon' AIRFLOW_CTX_DAG_ID='fpl_etl_pipeline' AIRFLOW_CTX_TASK_ID='create_players_table' AIRFLOW_CTX_EXECUTION_DATE='2025-10-13T22:36:04.733239+00:00' AIRFLOW_CTX_TRY_NUMBER='1' AIRFLOW_CTX_DAG_RUN_ID='manual__2025-10-13T22:36:04.733239+00:00'
[2025-10-13T22:36:51.046+0000] {sql.py:265} INFO - Executing: 
            CREATE TABLE IF NOT EXISTS players (
                code INTEGER PRIMARY KEY,
                first_name TEXT,
                second_name TEXT,
                web_name TEXT,
                team_code INTEGER,
                type_name TEXT,
                now_cost INTEGER,
                status TEXT
            );
        
[2025-10-13T22:36:51.069+0000] {base.py:73} INFO - Using connection ID 'fpl_db_conn' for task execution.
[2025-10-13T22:36:51.190+0000] {base.py:73} INFO - Using connection ID 'fpl_db_conn' for task execution.
[2025-10-13T22:36:51.206+0000] {sql.py:375} INFO - Running statement: 
            CREATE TABLE IF NOT EXISTS players (
                code INTEGER PRIMARY KEY,
                first_name TEXT,
                second_name TEXT,
                web_name TEXT,
                team_code INTEGER,
                type_name TEXT,
                now_cost INTEGER,
                status TEXT
            );
        , parameters: None
[2025-10-13T22:36:51.275+0000] {taskinstance.py:1350} INFO - Marking task as SUCCESS. dag_id=fpl_etl_pipeline, task_id=create_players_table, execution_date=20251013T223604, start_date=20251013T223650, end_date=20251013T223651
[2025-10-13T22:36:51.329+0000] {local_task_job_runner.py:225} INFO - Task exited with return code 0
[2025-10-13T22:36:51.368+0000] {taskinstance.py:2653} INFO - 1 downstream tasks scheduled from follow-on schedule check
