[2025-10-29T15:23:44.139+0000] {taskinstance.py:1103} INFO - Dependencies all met for dep_context=non-requeueable deps ti=<TaskInstance: fpl_gameweeks_etl.fetch_players_gw_task manual__2025-10-29T15:23:13.844230+00:00 map_index=6 [queued]>
[2025-10-29T15:23:44.194+0000] {taskinstance.py:1103} INFO - Dependencies all met for dep_context=requeueable deps ti=<TaskInstance: fpl_gameweeks_etl.fetch_players_gw_task manual__2025-10-29T15:23:13.844230+00:00 map_index=6 [queued]>
[2025-10-29T15:23:44.225+0000] {taskinstance.py:1308} INFO - Starting attempt 1 of 2
[2025-10-29T15:23:44.669+0000] {taskinstance.py:1327} INFO - Executing <Mapped(_PythonDecoratedOperator): fetch_players_gw_task> on 2025-10-29 15:23:13.844230+00:00
[2025-10-29T15:23:44.691+0000] {standard_task_runner.py:57} INFO - Started process 21157 to run task
[2025-10-29T15:23:44.704+0000] {standard_task_runner.py:84} INFO - Running: ['airflow', 'tasks', 'run', 'fpl_gameweeks_etl', 'fetch_players_gw_task', 'manual__2025-10-29T15:23:13.844230+00:00', '--job-id', '1329', '--raw', '--subdir', 'DAGS_FOLDER/fpl_gameweeks_dag.py', '--cfg-path', '/tmp/tmp3n0u_3x0', '--map-index', '6']
[2025-10-29T15:23:44.706+0000] {standard_task_runner.py:85} INFO - Job 1329: Subtask fetch_players_gw_task
[2025-10-29T15:23:44.982+0000] {task_command.py:410} INFO - Running <TaskInstance: fpl_gameweeks_etl.fetch_players_gw_task manual__2025-10-29T15:23:13.844230+00:00 map_index=6 [running]> on host dede24b5451e
[2025-10-29T15:23:45.441+0000] {taskinstance.py:1547} INFO - Exporting env vars: AIRFLOW_CTX_DAG_OWNER='richardilemon' AIRFLOW_CTX_DAG_ID='fpl_gameweeks_etl' AIRFLOW_CTX_TASK_ID='fetch_players_gw_task' AIRFLOW_CTX_EXECUTION_DATE='2025-10-29T15:23:13.844230+00:00' AIRFLOW_CTX_TRY_NUMBER='1' AIRFLOW_CTX_DAG_RUN_ID='manual__2025-10-29T15:23:13.844230+00:00'
[2025-10-29T15:23:46.688+0000] {fetch_api_data.py:98} WARNING - Failed to fetch data for Petr_Cech_1: 404
[2025-10-29T15:23:47.552+0000] {fetch_api_data.py:98} WARNING - Failed to fetch data for Bernd_Leno_2: 404
[2025-10-29T15:23:48.373+0000] {fetch_api_data.py:98} WARNING - Failed to fetch data for Laurent_Koscielny_3: 404
[2025-10-29T15:23:49.203+0000] {fetch_api_data.py:98} WARNING - Failed to fetch data for Héctor_Bellerín_4: 404
[2025-10-29T15:23:50.123+0000] {fetch_api_data.py:98} WARNING - Failed to fetch data for Nacho_Monreal_5: 404
[2025-10-29T15:23:51.414+0000] {fetch_api_data.py:98} WARNING - Failed to fetch data for Rob_Holding_6: 404
[2025-10-29T15:23:53.355+0000] {fetch_api_data.py:98} WARNING - Failed to fetch data for Shkodran_Mustafi_7: 404
[2025-10-29T15:23:53.969+0000] {fetch_api_data.py:98} WARNING - Failed to fetch data for Sead_Kolasinac_8: 404
[2025-10-29T15:23:54.615+0000] {fetch_api_data.py:98} WARNING - Failed to fetch data for Konstantinos_Mavropanos_10: 404
[2025-10-29T15:23:55.221+0000] {fetch_api_data.py:98} WARNING - Failed to fetch data for Stephan_Lichtsteiner_11: 404
[2025-10-29T15:23:55.886+0000] {fetch_api_data.py:98} WARNING - Failed to fetch data for Sokratis_Papastathopoulos_12: 404
[2025-10-29T15:23:56.554+0000] {fetch_api_data.py:98} WARNING - Failed to fetch data for Mesut_Özil_13: 404
[2025-10-29T15:23:57.260+0000] {fetch_api_data.py:98} WARNING - Failed to fetch data for Aaron_Ramsey_14: 404
[2025-10-29T15:23:57.885+0000] {fetch_api_data.py:98} WARNING - Failed to fetch data for Alex_Iwobi_15: 404
[2025-10-29T15:23:58.538+0000] {fetch_api_data.py:98} WARNING - Failed to fetch data for Mohamed_Elneny_16: 404
[2025-10-29T15:23:59.118+0000] {fetch_api_data.py:98} WARNING - Failed to fetch data for Granit_Xhaka_17: 404
[2025-10-29T15:23:59.736+0000] {fetch_api_data.py:98} WARNING - Failed to fetch data for Henrikh_Mkhitaryan_18: 404
[2025-10-29T15:24:00.407+0000] {fetch_api_data.py:98} WARNING - Failed to fetch data for Reiss_Nelson_19: 404
[2025-10-29T15:24:01.005+0000] {fetch_api_data.py:98} WARNING - Failed to fetch data for Ainsley_Maitland-Niles_20: 404
[2025-10-29T15:24:01.675+0000] {fetch_api_data.py:98} WARNING - Failed to fetch data for Danny_Welbeck_21: 404
[2025-10-29T15:24:02.307+0000] {fetch_api_data.py:98} WARNING - Failed to fetch data for Alexandre_Lacazette_22: 404
[2025-10-29T15:24:02.908+0000] {fetch_api_data.py:98} WARNING - Failed to fetch data for Pierre-Emerick_Aubameyang_23: 404
[2025-10-29T15:24:03.527+0000] {fetch_api_data.py:98} WARNING - Failed to fetch data for Lucas_Torreira_450: 404
[2025-10-29T15:24:04.106+0000] {fetch_api_data.py:98} WARNING - Failed to fetch data for Matteo_Guendouzi_451: 404
[2025-10-29T15:24:04.707+0000] {fetch_api_data.py:98} WARNING - Failed to fetch data for Emiliano_Martínez_542: 404
[2025-10-29T15:24:05.408+0000] {fetch_api_data.py:98} WARNING - Failed to fetch data for Emile_Smith-Rowe_545: 404
[2025-10-29T15:24:06.017+0000] {fetch_api_data.py:98} WARNING - Failed to fetch data for Zech_Medley_546: 404
[2025-10-29T15:24:06.680+0000] {fetch_api_data.py:98} WARNING - Failed to fetch data for Edward_Nketiah_552: 404
[2025-10-29T15:24:07.295+0000] {fetch_api_data.py:98} WARNING - Failed to fetch data for Bukayo_Saka_563: 404
[2025-10-29T15:24:07.940+0000] {fetch_api_data.py:98} WARNING - Failed to fetch data for Joseph_Willock_566: 404
[2025-10-29T15:24:08.708+0000] {fetch_api_data.py:98} WARNING - Failed to fetch data for Carl_Jenkinson_581: 404
[2025-10-29T15:24:09.361+0000] {fetch_api_data.py:98} WARNING - Failed to fetch data for Denis_Suárez_586: 404
[2025-10-29T15:24:10.117+0000] {fetch_api_data.py:98} WARNING - Failed to fetch data for Asmir_Begovic_24: 404
[2025-10-29T15:24:10.794+0000] {fetch_api_data.py:98} WARNING - Failed to fetch data for Artur_Boruc_25: 404
[2025-10-29T15:24:11.654+0000] {fetch_api_data.py:98} WARNING - Failed to fetch data for Simon_Francis_26: 404
[2025-10-29T15:24:12.401+0000] {fetch_api_data.py:98} WARNING - Failed to fetch data for Steve_Cook_27: 404
[2025-10-29T15:24:13.017+0000] {fetch_api_data.py:98} WARNING - Failed to fetch data for Charlie_Daniels_28: 404
[2025-10-29T15:24:13.606+0000] {fetch_api_data.py:98} WARNING - Failed to fetch data for Adam_Smith_29: 404
[2025-10-29T15:24:14.304+0000] {fetch_api_data.py:98} WARNING - Failed to fetch data for Tyrone_Mings_30: 404
[2025-10-29T15:24:15.019+0000] {fetch_api_data.py:98} WARNING - Failed to fetch data for Nathan_Aké_31: 404
[2025-10-29T15:24:15.719+0000] {fetch_api_data.py:98} WARNING - Failed to fetch data for Jack_Simpson_32: 404
[2025-10-29T15:24:16.330+0000] {fetch_api_data.py:98} WARNING - Failed to fetch data for Marc_Pugh_34: 404
[2025-10-29T15:24:16.969+0000] {fetch_api_data.py:98} WARNING - Failed to fetch data for Andrew_Surman_35: 404
[2025-10-29T15:24:17.646+0000] {fetch_api_data.py:98} WARNING - Failed to fetch data for Junior_Stanislas_36: 404
[2025-10-29T15:24:18.286+0000] {fetch_api_data.py:98} WARNING - Failed to fetch data for Dan_Gosling_37: 404
[2025-10-29T15:24:18.961+0000] {fetch_api_data.py:98} WARNING - Failed to fetch data for Jordon_Ibe_38: 404
[2025-10-29T15:24:19.594+0000] {fetch_api_data.py:98} WARNING - Failed to fetch data for Lewis_Cook_39: 404
[2025-10-29T15:24:20.248+0000] {fetch_api_data.py:98} WARNING - Failed to fetch data for Ryan_Fraser_40: 404
[2025-10-29T15:24:20.845+0000] {fetch_api_data.py:98} WARNING - Failed to fetch data for Emerson_Hyndman_41: 404
[2025-10-29T15:24:21.541+0000] {fetch_api_data.py:98} WARNING - Failed to fetch data for David_Brooks_42: 404
[2025-10-29T15:24:22.112+0000] {fetch_api_data.py:98} WARNING - Failed to fetch data for Callum_Wilson_43: 404
[2025-10-29T15:24:22.719+0000] {fetch_api_data.py:98} WARNING - Failed to fetch data for Lys_Mousset_44: 404
[2025-10-29T15:24:23.329+0000] {fetch_api_data.py:98} WARNING - Failed to fetch data for Joshua_King_45: 404
[2025-10-29T15:24:23.950+0000] {fetch_api_data.py:98} WARNING - Failed to fetch data for Jermain_Defoe_46: 404
[2025-10-29T15:24:24.581+0000] {fetch_api_data.py:98} WARNING - Failed to fetch data for Nathaniel_Clyne_241: 404
[2025-10-29T15:24:25.283+0000] {fetch_api_data.py:98} WARNING - Failed to fetch data for Dominic_Solanke_259: 404
[2025-10-29T15:24:25.936+0000] {fetch_api_data.py:98} WARNING - Failed to fetch data for Diego_Rico_473: 404
[2025-10-29T15:24:26.547+0000] {fetch_api_data.py:98} WARNING - Failed to fetch data for Jefferson_Lerma_494: 404
[2025-10-29T15:24:27.306+0000] {fetch_api_data.py:98} WARNING - Failed to fetch data for Chris_Mepham_580: 404
[2025-10-29T15:24:28.050+0000] {fetch_api_data.py:98} WARNING - Failed to fetch data for Sam_Surridge_599: 404
[2025-10-29T15:24:28.718+0000] {fetch_api_data.py:98} WARNING - Failed to fetch data for Kyle_Taylor_600: 404
[2025-10-29T15:24:29.371+0000] {fetch_api_data.py:98} WARNING - Failed to fetch data for Nnamdi_Ofoborh_613: 404
[2025-10-29T15:24:29.991+0000] {fetch_api_data.py:98} WARNING - Failed to fetch data for Mark_Travers_616: 404
[2025-10-29T15:24:30.595+0000] {fetch_api_data.py:98} WARNING - Failed to fetch data for Matt_Butcher_620: 404
[2025-10-29T15:24:31.270+0000] {fetch_api_data.py:98} WARNING - Failed to fetch data for Mathew_Ryan_47: 404
[2025-10-29T15:24:31.896+0000] {fetch_api_data.py:98} WARNING - Failed to fetch data for Lewis_Dunk_48: 404
[2025-10-29T15:24:32.592+0000] {fetch_api_data.py:98} WARNING - Failed to fetch data for Shane_Duffy_49: 404
[2025-10-29T15:24:33.231+0000] {fetch_api_data.py:98} WARNING - Failed to fetch data for Bruno_Saltor Grau_50: 404
[2025-10-29T15:24:33.898+0000] {fetch_api_data.py:98} WARNING - Failed to fetch data for Gaëtan_Bong_51: 404
[2025-10-29T15:24:34.512+0000] {fetch_api_data.py:98} WARNING - Failed to fetch data for Markus_Suttner_52: 404
[2025-10-29T15:24:35.093+0000] {fetch_api_data.py:98} WARNING - Failed to fetch data for Ezequiel_Schelotto_53: 404
[2025-10-29T15:24:35.677+0000] {fetch_api_data.py:98} WARNING - Failed to fetch data for Leon_Balogun_54: 404
[2025-10-29T15:24:36.254+0000] {fetch_api_data.py:98} WARNING - Failed to fetch data for Anthony_Knockaert_55: 404
[2025-10-29T15:24:36.856+0000] {fetch_api_data.py:98} WARNING - Failed to fetch data for Dale_Stephens_56: 404
[2025-10-29T15:24:37.435+0000] {fetch_api_data.py:98} WARNING - Failed to fetch data for Beram_Kayal_57: 404
[2025-10-29T15:24:38.002+0000] {fetch_api_data.py:98} WARNING - Failed to fetch data for Solomon_March_58: 404
[2025-10-29T15:24:38.560+0000] {fetch_api_data.py:98} WARNING - Failed to fetch data for Pascal_Groß_59: 404
[2025-10-29T15:24:39.156+0000] {fetch_api_data.py:98} WARNING - Failed to fetch data for Davy_Pröpper_60: 404
[2025-10-29T15:24:39.737+0000] {fetch_api_data.py:98} WARNING - Failed to fetch data for José Heriberto_Izquierdo Mena_61: 404
[2025-10-29T15:24:40.374+0000] {fetch_api_data.py:98} WARNING - Failed to fetch data for Glenn_Murray_62: 404
[2025-10-29T15:24:40.930+0000] {fetch_api_data.py:98} WARNING - Failed to fetch data for Tomer_Hemed_63: 404
[2025-10-29T15:24:41.554+0000] {fetch_api_data.py:98} WARNING - Failed to fetch data for Sam_Baldock_64: 404
[2025-10-29T15:24:42.182+0000] {fetch_api_data.py:98} WARNING - Failed to fetch data for Jürgen_Locadia_65: 404
[2025-10-29T15:24:42.804+0000] {fetch_api_data.py:98} WARNING - Failed to fetch data for Florin_Andone_66: 404
[2025-10-29T15:24:43.408+0000] {fetch_api_data.py:98} WARNING - Failed to fetch data for David_Button_179: 404
[2025-10-29T15:24:44.044+0000] {fetch_api_data.py:98} WARNING - Failed to fetch data for Jason_Steele_439: 404
[2025-10-29T15:24:44.639+0000] {fetch_api_data.py:98} WARNING - Failed to fetch data for Bernardo_Fernandes da Silva Junior_440: 404
[2025-10-29T15:24:45.243+0000] {fetch_api_data.py:98} WARNING - Failed to fetch data for Yves_Bissouma_466: 404
[2025-10-29T15:24:45.833+0000] {fetch_api_data.py:98} WARNING - Failed to fetch data for Alireza_Jahanbakhsh_476: 404
[2025-10-29T15:24:46.412+0000] {fetch_api_data.py:98} WARNING - Failed to fetch data for Martín_Montoya_503: 404
[2025-10-29T15:24:46.980+0000] {fetch_api_data.py:98} WARNING - Failed to fetch data for Viktor_Gyokeres_551: 404
[2025-10-29T15:24:47.583+0000] {fetch_api_data.py:98} WARNING - Failed to fetch data for Ben_White_559: 404
[2025-10-29T15:24:48.149+0000] {fetch_api_data.py:98} WARNING - Failed to fetch data for Max_Sanders_572: 404
[2025-10-29T15:24:48.800+0000] {fetch_api_data.py:98} WARNING - Failed to fetch data for Dan_Burn_582: 404
[2025-10-29T15:24:49.365+0000] {fetch_api_data.py:98} WARNING - Failed to fetch data for Jayson_Molumby_617: 404
[2025-10-29T15:24:49.966+0000] {fetch_api_data.py:98} WARNING - Failed to fetch data for Tom_Heaton_67: 404
[2025-10-29T15:24:50.550+0000] {fetch_api_data.py:98} WARNING - Failed to fetch data for Nick_Pope_68: 404
[2025-10-29T15:24:51.128+0000] {fetch_api_data.py:98} WARNING - Failed to fetch data for Matthew_Lowton_69: 404
[2025-10-29T15:24:51.774+0000] {fetch_api_data.py:98} WARNING - Failed to fetch data for Ben_Mee_70: 404
[2025-10-29T15:24:52.375+0000] {fetch_api_data.py:98} WARNING - Failed to fetch data for Stephen_Ward_71: 404
[2025-10-29T15:24:52.943+0000] {fetch_api_data.py:98} WARNING - Failed to fetch data for James_Tarkowski_72: 404
[2025-10-29T15:24:53.583+0000] {fetch_api_data.py:98} WARNING - Failed to fetch data for Kevin_Long_73: 404
[2025-10-29T15:24:54.208+0000] {fetch_api_data.py:98} WARNING - Failed to fetch data for Charlie_Taylor_74: 404
[2025-10-29T15:24:54.873+0000] {fetch_api_data.py:98} WARNING - Failed to fetch data for Phil_Bardsley_75: 404
[2025-10-29T15:24:55.490+0000] {fetch_api_data.py:98} WARNING - Failed to fetch data for Johann Berg_Gudmundsson_76: 404
[2025-10-29T15:24:56.200+0000] {fetch_api_data.py:98} WARNING - Failed to fetch data for Steven_Defour_77: 404
[2025-10-29T15:24:56.822+0000] {fetch_api_data.py:98} WARNING - Failed to fetch data for Jeff_Hendrick_78: 404
[2025-10-29T15:24:57.552+0000] {fetch_api_data.py:98} WARNING - Failed to fetch data for Robbie_Brady_79: 404
[2025-10-29T15:24:58.159+0000] {fetch_api_data.py:98} WARNING - Failed to fetch data for Ashley_Westwood_80: 404
[2025-10-29T15:24:58.752+0000] {fetch_api_data.py:98} WARNING - Failed to fetch data for Jonathan_Walters_81: 404
[2025-10-29T15:24:59.315+0000] {fetch_api_data.py:98} WARNING - Failed to fetch data for Jack_Cork_82: 404
[2025-10-29T15:24:59.909+0000] {fetch_api_data.py:98} WARNING - Failed to fetch data for Aaron_Lennon_83: 404
[2025-10-29T15:25:00.667+0000] {fetch_api_data.py:98} WARNING - Failed to fetch data for Sam_Vokes_84: 404
[2025-10-29T15:25:01.260+0000] {fetch_api_data.py:98} WARNING - Failed to fetch data for Ashley_Barnes_85: 404
[2025-10-29T15:25:01.825+0000] {fetch_api_data.py:98} WARNING - Failed to fetch data for Nahki_Wells_86: 404
[2025-10-29T15:25:02.416+0000] {fetch_api_data.py:98} WARNING - Failed to fetch data for Chris_Wood_87: 404
[2025-10-29T15:25:02.991+0000] {fetch_api_data.py:98} WARNING - Failed to fetch data for Anders_Lindegaard_485: 404
[2025-10-29T15:25:03.624+0000] {fetch_api_data.py:98} WARNING - Failed to fetch data for Joe_Hart_490: 404
[2025-10-29T15:25:04.229+0000] {fetch_api_data.py:98} WARNING - Failed to fetch data for Ben_Gibson_491: 404
[2025-10-29T15:25:04.876+0000] {fetch_api_data.py:98} WARNING - Failed to fetch data for Matej_Vydra_495: 404
[2025-10-29T15:25:05.438+0000] {fetch_api_data.py:98} WARNING - Failed to fetch data for Dwight_McNeil_534: 404
[2025-10-29T15:25:06.058+0000] {fetch_api_data.py:98} WARNING - Failed to fetch data for Abd-Al-Ali Morakinyo Olaposi_Koiki_564: 404
[2025-10-29T15:25:06.786+0000] {fetch_api_data.py:98} WARNING - Failed to fetch data for Josh_Benson_583: 404
[2025-10-29T15:25:07.411+0000] {fetch_api_data.py:98} WARNING - Failed to fetch data for Peter_Crouch_590: 404
[2025-10-29T15:25:07.997+0000] {fetch_api_data.py:98} WARNING - Failed to fetch data for Anthony_Driscoll-Glennon_615: 404
[2025-10-29T15:25:08.585+0000] {fetch_api_data.py:98} WARNING - Failed to fetch data for Harry_Arter_33: 404
[2025-10-29T15:25:09.162+0000] {fetch_api_data.py:98} WARNING - Failed to fetch data for Neil_Etheridge_88: 404
[2025-10-29T15:25:09.844+0000] {fetch_api_data.py:98} WARNING - Failed to fetch data for Alex_Smithies_89: 404
[2025-10-29T15:25:10.432+0000] {fetch_api_data.py:98} WARNING - Failed to fetch data for Sean_Morrison_90: 404
[2025-10-29T15:25:11.023+0000] {fetch_api_data.py:98} WARNING - Failed to fetch data for Sol_Bamba_91: 404
[2025-10-29T15:25:11.642+0000] {fetch_api_data.py:98} WARNING - Failed to fetch data for Bruno_Ecuele Manga_92: 404
[2025-10-29T15:25:12.248+0000] {fetch_api_data.py:98} WARNING - Failed to fetch data for Matthew_Connolly_93: 404
[2025-10-29T15:25:12.835+0000] {fetch_api_data.py:98} WARNING - Failed to fetch data for Joe_Bennett_94: 404
[2025-10-29T15:25:13.401+0000] {fetch_api_data.py:98} WARNING - Failed to fetch data for Lee_Peltier_95: 404
[2025-10-29T15:25:13.977+0000] {fetch_api_data.py:98} WARNING - Failed to fetch data for Ashley Darel Jazz_Richards_96: 404
[2025-10-29T15:25:14.568+0000] {fetch_api_data.py:98} WARNING - Failed to fetch data for Greg_Halford_97: 404
[2025-10-29T15:25:15.197+0000] {fetch_api_data.py:98} WARNING - Failed to fetch data for Joe_Ralls_98: 404
[2025-10-29T15:25:15.769+0000] {fetch_api_data.py:98} WARNING - Failed to fetch data for David Junior_Hoilett_99: 404
[2025-10-29T15:25:16.339+0000] {fetch_api_data.py:98} WARNING - Failed to fetch data for Nathaniel_Mendez-Laing_100: 404
[2025-10-29T15:25:16.938+0000] {fetch_api_data.py:98} WARNING - Failed to fetch data for Callum_Paterson_101: 404
[2025-10-29T15:25:17.551+0000] {fetch_api_data.py:98} WARNING - Failed to fetch data for Aron_Gunnarsson_102: 404
[2025-10-29T15:25:18.116+0000] {fetch_api_data.py:98} WARNING - Failed to fetch data for Anthony_Pilkington_103: 404
[2025-10-29T15:25:18.701+0000] {fetch_api_data.py:98} WARNING - Failed to fetch data for Loïc_Damour_104: 404
[2025-10-29T15:25:19.408+0000] {fetch_api_data.py:98} WARNING - Failed to fetch data for Danny_Ward_105: 404
[2025-10-29T15:25:20.059+0000] {fetch_api_data.py:98} WARNING - Failed to fetch data for Josh_Murphy_106: 404
[2025-10-29T15:25:20.690+0000] {fetch_api_data.py:98} WARNING - Failed to fetch data for Kenneth_Zohore_107: 404
[2025-10-29T15:25:21.285+0000] {fetch_api_data.py:98} WARNING - Failed to fetch data for Omar_Bogle_108: 404
[2025-10-29T15:25:21.874+0000] {fetch_api_data.py:98} WARNING - Failed to fetch data for Gary_Madine_109: 404
[2025-10-29T15:25:22.497+0000] {fetch_api_data.py:98} WARNING - Failed to fetch data for Bobby_Reid_110: 404
[2025-10-29T15:25:23.072+0000] {fetch_api_data.py:98} WARNING - Failed to fetch data for Oumar_Niasse_176: 404
[2025-10-29T15:25:23.903+0000] {fetch_api_data.py:98} WARNING - Failed to fetch data for Greg_Cunninghamm_467: 404
[2025-10-29T15:25:24.539+0000] {fetch_api_data.py:98} WARNING - Failed to fetch data for Víctor_Camarasa_504: 404
[2025-10-29T15:25:25.153+0000] {fetch_api_data.py:98} WARNING - Failed to fetch data for Kadeem_Harris_535: 404
[2025-10-29T15:25:25.751+0000] {fetch_api_data.py:98} WARNING - Failed to fetch data for Brian_Murphy_537: 404
[2025-10-29T15:25:26.348+0000] {fetch_api_data.py:98} WARNING - Failed to fetch data for Rhys_Healey_573: 404
[2025-10-29T15:25:26.929+0000] {fetch_api_data.py:98} WARNING - Failed to fetch data for Leandro_Bacuna_589: 404
[2025-10-29T15:25:27.483+0000] {fetch_api_data.py:98} WARNING - Failed to fetch data for Thibaut_Courtois_111: 404
[2025-10-29T15:25:28.154+0000] {fetch_api_data.py:98} WARNING - Failed to fetch data for Willy_Caballero_112: 404
[2025-10-29T15:25:28.842+0000] {fetch_api_data.py:98} WARNING - Failed to fetch data for César_Azpilicueta_113: 404
[2025-10-29T15:25:29.622+0000] {fetch_api_data.py:98} WARNING - Failed to fetch data for Gary_Cahill_114: 404
[2025-10-29T15:25:30.224+0000] {fetch_api_data.py:98} WARNING - Failed to fetch data for Marcos_Alonso_115: 404
[2025-10-29T15:25:30.815+0000] {fetch_api_data.py:98} WARNING - Failed to fetch data for David_Luiz Moreira Marinho_116: 404
[2025-10-29T15:25:31.448+0000] {fetch_api_data.py:98} WARNING - Failed to fetch data for Victor_Moses_117: 404
[2025-10-29T15:25:32.123+0000] {fetch_api_data.py:98} WARNING - Failed to fetch data for Antonio_Rüdiger_118: 404
[2025-10-29T15:25:32.707+0000] {fetch_api_data.py:98} WARNING - Failed to fetch data for Andreas_Christensen_119: 404
[2025-10-29T15:25:33.338+0000] {fetch_api_data.py:98} WARNING - Failed to fetch data for Davide_Zappacosta_120: 404
[2025-10-29T15:25:33.939+0000] {fetch_api_data.py:98} WARNING - Failed to fetch data for Emerson_Palmieri dos Santos_121: 404
[2025-10-29T15:25:34.558+0000] {fetch_api_data.py:98} WARNING - Failed to fetch data for Eden_Hazard_122: 404
[2025-10-29T15:25:35.183+0000] {fetch_api_data.py:98} WARNING - Failed to fetch data for Cesc_Fàbregas_123: 404
[2025-10-29T15:25:35.802+0000] {fetch_api_data.py:98} WARNING - Failed to fetch data for Willian_Borges Da Silva_124: 404
[2025-10-29T15:25:36.431+0000] {fetch_api_data.py:98} WARNING - Failed to fetch data for Pedro_Rodríguez Ledesma_125: 404
[2025-10-29T15:25:37.159+0000] {fetch_api_data.py:98} WARNING - Failed to fetch data for N'Golo_Kanté_126: 404
[2025-10-29T15:25:37.832+0000] {fetch_api_data.py:98} WARNING - Failed to fetch data for Ross_Barkley_127: 404
[2025-10-29T15:25:38.480+0000] {fetch_api_data.py:98} WARNING - Failed to fetch data for Daniel_Drinkwater_128: 404
[2025-10-29T15:25:39.107+0000] {fetch_api_data.py:98} WARNING - Failed to fetch data for Tiemoué_Bakayoko_129: 404
[2025-10-29T15:25:39.732+0000] {fetch_api_data.py:98} WARNING - Failed to fetch data for Ethan_Ampadu_130: 404
[2025-10-29T15:25:40.302+0000] {fetch_api_data.py:98} WARNING - Failed to fetch data for Callum_Hudson-Odoi_131: 404
[2025-10-29T15:25:40.932+0000] {fetch_api_data.py:98} WARNING - Failed to fetch data for Ruben_Loftus-Cheek_132: 404
[2025-10-29T15:25:41.505+0000] {fetch_api_data.py:98} WARNING - Failed to fetch data for Olivier_Giroud_133: 404
[2025-10-29T15:25:42.106+0000] {fetch_api_data.py:98} WARNING - Failed to fetch data for Álvaro_Morata_134: 404
[2025-10-29T15:25:42.679+0000] {fetch_api_data.py:98} WARNING - Failed to fetch data for Jorge Luiz_Frello Filho_459: 404
[2025-10-29T15:25:43.257+0000] {fetch_api_data.py:98} WARNING - Failed to fetch data for Tammy_Abraham_496: 404
[2025-10-29T15:25:43.843+0000] {fetch_api_data.py:98} WARNING - Failed to fetch data for Kepa_Arrizabalaga_498: 404
[2025-10-29T15:25:44.444+0000] {fetch_api_data.py:98} WARNING - Failed to fetch data for Mateo_Kovacic_499: 404
[2025-10-29T15:25:45.045+0000] {fetch_api_data.py:98} WARNING - Failed to fetch data for Gonzalo_Higuaín_579: 404
[2025-10-29T15:25:45.654+0000] {fetch_api_data.py:98} WARNING - Failed to fetch data for Addji Keaninkin Marc-Israel_Guehi_624: 404
[2025-10-29T15:25:46.247+0000] {fetch_api_data.py:98} WARNING - Failed to fetch data for Wayne_Hennessey_135: 404
[2025-10-29T15:25:46.915+0000] {fetch_api_data.py:98} WARNING - Failed to fetch data for Julian_Speroni_136: 404
[2025-10-29T15:25:47.508+0000] {fetch_api_data.py:98} WARNING - Failed to fetch data for Vicente_Guaita_137: 404
[2025-10-29T15:25:48.109+0000] {fetch_api_data.py:98} WARNING - Failed to fetch data for James_Tomkins_138: 404
[2025-10-29T15:25:48.717+0000] {fetch_api_data.py:98} WARNING - Failed to fetch data for Scott_Dann_139: 404
[2025-10-29T15:25:49.320+0000] {fetch_api_data.py:98} WARNING - Failed to fetch data for Martin_Kelly_140: 404
[2025-10-29T15:25:49.905+0000] {fetch_api_data.py:98} WARNING - Failed to fetch data for Jeffrey_Schlupp_141: 404
[2025-10-29T15:25:50.478+0000] {fetch_api_data.py:98} WARNING - Failed to fetch data for Patrick_van Aanholt_142: 404
[2025-10-29T15:25:51.334+0000] {fetch_api_data.py:98} WARNING - Failed to fetch data for Mamadou_Sakho_143: 404
[2025-10-29T15:25:52.011+0000] {fetch_api_data.py:98} WARNING - Failed to fetch data for Jairo_Riedewald_144: 404
[2025-10-29T15:25:52.735+0000] {fetch_api_data.py:98} WARNING - Failed to fetch data for Aaron_Wan-Bissaka_145: 404
[2025-10-29T15:25:53.514+0000] {fetch_api_data.py:98} WARNING - Failed to fetch data for James_McArthur_147: 404
[2025-10-29T15:25:54.194+0000] {fetch_api_data.py:98} WARNING - Failed to fetch data for Bakary_Sako_148: 404
[2025-10-29T15:25:54.904+0000] {fetch_api_data.py:98} WARNING - Failed to fetch data for Andros_Townsend_149: 404
[2025-10-29T15:25:55.484+0000] {fetch_api_data.py:98} WARNING - Failed to fetch data for Luka_Milivojevic_150: 404
[2025-10-29T15:25:56.120+0000] {fetch_api_data.py:98} WARNING - Failed to fetch data for Wilfried_Zaha_151: 404
[2025-10-29T15:25:56.796+0000] {fetch_api_data.py:98} WARNING - Failed to fetch data for Christian_Benteke_152: 404
[2025-10-29T15:25:57.472+0000] {fetch_api_data.py:98} WARNING - Failed to fetch data for Alexander_Sørloth_153: 404
[2025-10-29T15:25:58.038+0000] {fetch_api_data.py:98} WARNING - Failed to fetch data for Cheikhou_Kouyaté_412: 404
[2025-10-29T15:25:58.644+0000] {fetch_api_data.py:98} WARNING - Failed to fetch data for Joel_Ward_441: 404
[2025-10-29T15:25:59.303+0000] {fetch_api_data.py:98} WARNING - Failed to fetch data for Jaroslaw_Jach_442: 404
[2025-10-29T15:25:59.897+0000] {fetch_api_data.py:98} WARNING - Failed to fetch data for Pape_Souaré_443: 404
[2025-10-29T15:26:00.500+0000] {fetch_api_data.py:98} WARNING - Failed to fetch data for Connor_Wickham_444: 404
[2025-10-29T15:26:01.086+0000] {fetch_api_data.py:98} WARNING - Failed to fetch data for Sullay_Kaikai_477: 404
[2025-10-29T15:26:01.661+0000] {fetch_api_data.py:98} WARNING - Failed to fetch data for Max_Meyer_486: 404
[2025-10-29T15:26:02.364+0000] {fetch_api_data.py:98} WARNING - Failed to fetch data for Jordan_Ayew_505: 404
[2025-10-29T15:26:02.956+0000] {fetch_api_data.py:98} WARNING - Failed to fetch data for Joe_Tupper_576: 404
[2025-10-29T15:26:03.576+0000] {fetch_api_data.py:98} WARNING - Failed to fetch data for Lucas_Perri_584: 404
[2025-10-29T15:26:04.164+0000] {fetch_api_data.py:98} WARNING - Failed to fetch data for Michy_Batshuayi_592: 404
[2025-10-29T15:26:04.748+0000] {fetch_api_data.py:98} WARNING - Failed to fetch data for Sam_Woods_609: 404
[2025-10-29T15:26:05.296+0000] {fetch_api_data.py:98} WARNING - Failed to fetch data for Luke_Dreher_618: 404
[2025-10-29T15:26:05.864+0000] {fetch_api_data.py:98} WARNING - Failed to fetch data for Nikola_Tavares_619: 404
[2025-10-29T15:26:06.457+0000] {fetch_api_data.py:98} WARNING - Failed to fetch data for Jordan_Pickford_154: 404
[2025-10-29T15:26:07.134+0000] {fetch_api_data.py:98} WARNING - Failed to fetch data for Maarten_Stekelenburg_155: 404
[2025-10-29T15:26:07.732+0000] {fetch_api_data.py:98} WARNING - Failed to fetch data for Leighton_Baines_156: 404
[2025-10-29T15:26:08.368+0000] {fetch_api_data.py:98} WARNING - Failed to fetch data for Seamus_Coleman_157: 404
[2025-10-29T15:26:08.992+0000] {fetch_api_data.py:98} WARNING - Failed to fetch data for Phil_Jagielka_158: 404
[2025-10-29T15:26:09.585+0000] {fetch_api_data.py:98} WARNING - Failed to fetch data for Ashley_Williams_159: 404
[2025-10-29T15:26:10.154+0000] {fetch_api_data.py:98} WARNING - Failed to fetch data for Mason_Holgate_160: 404
[2025-10-29T15:26:10.766+0000] {fetch_api_data.py:98} WARNING - Failed to fetch data for Jonjoe_Kenny_161: 404
[2025-10-29T15:26:11.372+0000] {fetch_api_data.py:98} WARNING - Failed to fetch data for Michael_Keane_162: 404
[2025-10-29T15:26:12.023+0000] {fetch_api_data.py:98} WARNING - Failed to fetch data for Cuco_Martina_163: 404
[2025-10-29T15:26:12.607+0000] {fetch_api_data.py:98} WARNING - Failed to fetch data for Theo_Walcott_164: 404
[2025-10-29T15:26:13.183+0000] {fetch_api_data.py:98} WARNING - Failed to fetch data for Yannick_Bolasie_165: 404
[2025-10-29T15:26:13.779+0000] {fetch_api_data.py:98} WARNING - Failed to fetch data for James_McCarthy_166: 404
[2025-10-29T15:26:14.494+0000] {fetch_api_data.py:98} WARNING - Failed to fetch data for Morgan_Schneiderlin_167: 404
[2025-10-29T15:26:15.173+0000] {fetch_api_data.py:98} WARNING - Failed to fetch data for Idrissa_Gueye_168: 404
[2025-10-29T15:26:15.778+0000] {fetch_api_data.py:98} WARNING - Failed to fetch data for Tom_Davies_169: 404
[2025-10-29T15:26:16.360+0000] {fetch_api_data.py:98} WARNING - Failed to fetch data for Ademola_Lookman_170: 404
[2025-10-29T15:26:16.974+0000] {fetch_api_data.py:98} WARNING - Failed to fetch data for Davy_Klaassen_171: 404
[2025-10-29T15:26:17.570+0000] {fetch_api_data.py:98} WARNING - Failed to fetch data for Gylfi_Sigurdsson_172: 404
[2025-10-29T15:26:18.249+0000] {fetch_api_data.py:98} WARNING - Failed to fetch data for Nikola_Vlasic_173: 404
[2025-10-29T15:26:18.919+0000] {fetch_api_data.py:98} WARNING - Failed to fetch data for Beni_Baningime_174: 404
[2025-10-29T15:26:19.524+0000] {fetch_api_data.py:98} WARNING - Failed to fetch data for Dominic_Calvert-Lewin_175: 404
[2025-10-29T15:26:20.130+0000] {fetch_api_data.py:98} WARNING - Failed to fetch data for Cenk_Tosun_177: 404
[2025-10-29T15:26:20.778+0000] {fetch_api_data.py:98} WARNING - Failed to fetch data for Richarlison_de Andrade_393: 404
[2025-10-29T15:26:21.347+0000] {fetch_api_data.py:98} WARNING - Failed to fetch data for Kevin_Mirallas_469: 404
[2025-10-29T15:26:21.926+0000] {fetch_api_data.py:98} WARNING - Failed to fetch data for Sandro_Ramírez_470: 404
[2025-10-29T15:26:22.492+0000] {fetch_api_data.py:98} WARNING - Failed to fetch data for Lucas_Digne_484: 404
[2025-10-29T15:26:23.068+0000] {fetch_api_data.py:98} WARNING - Failed to fetch data for Yerry_Mina_506: 404
[2025-10-29T15:26:23.697+0000] {fetch_api_data.py:98} WARNING - Failed to fetch data for Bernard_Anício Caldeira Duarte_507: 404
[2025-10-29T15:26:24.363+0000] {fetch_api_data.py:98} WARNING - Failed to fetch data for André Filipe_Tavares Gomes_508: 404
[2025-10-29T15:26:24.992+0000] {fetch_api_data.py:98} WARNING - Failed to fetch data for Kurt_Zouma_526: 404
[2025-10-29T15:26:25.642+0000] {fetch_api_data.py:98} WARNING - Failed to fetch data for Kieran_Dowell_528: 404
[2025-10-29T15:26:26.243+0000] {fetch_api_data.py:98} WARNING - Failed to fetch data for Tyias_Browning_532: 404
[2025-10-29T15:26:26.862+0000] {fetch_api_data.py:98} WARNING - Failed to fetch data for Calum_Chambers_9: 404
[2025-10-29T15:26:27.524+0000] {fetch_api_data.py:98} WARNING - Failed to fetch data for Marcus_Bettinelli_178: 404
[2025-10-29T15:26:28.120+0000] {fetch_api_data.py:98} WARNING - Failed to fetch data for Tim_Ream_180: 404
[2025-10-29T15:26:28.703+0000] {fetch_api_data.py:98} WARNING - Failed to fetch data for Denis_Odoi_181: 404
[2025-10-29T15:26:29.287+0000] {fetch_api_data.py:98} WARNING - Failed to fetch data for Tom_Cairney_182: 404
[2025-10-29T15:26:29.877+0000] {fetch_api_data.py:98} WARNING - Failed to fetch data for Kevin_McDonald_183: 404
[2025-10-29T15:26:30.499+0000] {fetch_api_data.py:98} WARNING - Failed to fetch data for Ryan_Sessegnon_184: 404
[2025-10-29T15:26:31.144+0000] {fetch_api_data.py:98} WARNING - Failed to fetch data for Stefan_Johansen_185: 404
[2025-10-29T15:26:31.723+0000] {fetch_api_data.py:98} WARNING - Failed to fetch data for Floyd_Ayité_186: 404
[2025-10-29T15:26:32.349+0000] {fetch_api_data.py:98} WARNING - Failed to fetch data for Neeskens_Kebano_187: 404
[2025-10-29T15:26:32.920+0000] {fetch_api_data.py:98} WARNING - Failed to fetch data for Rui Pedro_da Rocha Fonte_188: 404
[2025-10-29T15:26:33.564+0000] {fetch_api_data.py:98} WARNING - Failed to fetch data for Aboubakar_Kamara_189: 404
[2025-10-29T15:26:34.147+0000] {fetch_api_data.py:98} WARNING - Failed to fetch data for Maxime_Le Marchand_455: 404
[2025-10-29T15:26:34.750+0000] {fetch_api_data.py:98} WARNING - Failed to fetch data for Jean Michael_Seri_456: 404
[2025-10-29T15:26:35.316+0000] {fetch_api_data.py:98} WARNING - Failed to fetch data for Cyrus_Christie_460: 404
[2025-10-29T15:26:35.894+0000] {fetch_api_data.py:98} WARNING - Failed to fetch data for Fabricio_Agosto Ramírez_474: 404
[2025-10-29T15:26:36.536+0000] {fetch_api_data.py:98} WARNING - Failed to fetch data for André_Schürrle_478: 404
[2025-10-29T15:26:37.109+0000] {fetch_api_data.py:98} WARNING - Failed to fetch data for Aleksandar_Mitrovic_480: 404
[2025-10-29T15:26:37.677+0000] {fetch_api_data.py:98} WARNING - Failed to fetch data for Alfie_Mawson_487: 404
[2025-10-29T15:26:38.371+0000] {fetch_api_data.py:98} WARNING - Failed to fetch data for Sergio_Rico_509: 404
[2025-10-29T15:26:39.088+0000] {fetch_api_data.py:98} WARNING - Failed to fetch data for Joe_Bryan_510: 404
[2025-10-29T15:26:39.708+0000] {fetch_api_data.py:98} WARNING - Failed to fetch data for Timothy_Fosu-Mensah_511: 404
[2025-10-29T15:26:40.307+0000] {fetch_api_data.py:98} WARNING - Failed to fetch data for André-Frank_Zambo Anguissa_512: 404
[2025-10-29T15:26:40.933+0000] {fetch_api_data.py:98} WARNING - Failed to fetch data for Luciano_Vietto_513: 404
[2025-10-29T15:26:41.553+0000] {fetch_api_data.py:98} WARNING - Failed to fetch data for Ibrahima_Cissé_521: 404
[2025-10-29T15:26:42.173+0000] {fetch_api_data.py:98} WARNING - Failed to fetch data for Zeze Steven_Sessegnon_541: 404
[2025-10-29T15:26:42.782+0000] {fetch_api_data.py:98} WARNING - Failed to fetch data for Ryan_Babel_575: 404
[2025-10-29T15:26:43.350+0000] {fetch_api_data.py:98} WARNING - Failed to fetch data for Håvard_Nordtveit_593: 404
[2025-10-29T15:26:43.942+0000] {fetch_api_data.py:98} WARNING - Failed to fetch data for Lazar_Markovic_594: 404
[2025-10-29T15:26:44.545+0000] {fetch_api_data.py:98} WARNING - Failed to fetch data for Harvey_Elliott_610: 404
[2025-10-29T15:26:45.130+0000] {fetch_api_data.py:98} WARNING - Failed to fetch data for Luca_De La Torre_621: 404
[2025-10-29T15:26:45.747+0000] {fetch_api_data.py:98} WARNING - Failed to fetch data for Jason_Puncheon_146: 404
[2025-10-29T15:26:46.340+0000] {fetch_api_data.py:98} WARNING - Failed to fetch data for Ben_Hamer_190: 404
[2025-10-29T15:26:46.975+0000] {fetch_api_data.py:98} WARNING - Failed to fetch data for Jonas_Lössl_191: 404
[2025-10-29T15:26:47.581+0000] {fetch_api_data.py:98} WARNING - Failed to fetch data for Christopher_Schindler_192: 404
[2025-10-29T15:26:48.166+0000] {fetch_api_data.py:98} WARNING - Failed to fetch data for Chris_Löwe_193: 404
[2025-10-29T15:26:48.775+0000] {fetch_api_data.py:98} WARNING - Failed to fetch data for Tommy_Smith_194: 404
[2025-10-29T15:26:49.369+0000] {fetch_api_data.py:98} WARNING - Failed to fetch data for Mathias_Jorgensen_195: 404
[2025-10-29T15:26:49.941+0000] {fetch_api_data.py:98} WARNING - Failed to fetch data for Scott_Malone_196: 404
[2025-10-29T15:26:50.507+0000] {fetch_api_data.py:98} WARNING - Failed to fetch data for Florent_Hadergjonaj_197: 404
[2025-10-29T15:26:51.071+0000] {fetch_api_data.py:98} WARNING - Failed to fetch data for Terence_Kongolo_198: 404
[2025-10-29T15:26:51.683+0000] {fetch_api_data.py:98} WARNING - Failed to fetch data for Aaron_Mooy_199: 404
[2025-10-29T15:26:52.329+0000] {fetch_api_data.py:98} WARNING - Failed to fetch data for Rajiv_van La Parra_200: 404
[2025-10-29T15:26:52.943+0000] {fetch_api_data.py:98} WARNING - Failed to fetch data for Jonathan_Hogg_201: 404
[2025-10-29T15:26:53.545+0000] {fetch_api_data.py:98} WARNING - Failed to fetch data for Philip_Billing_202: 404
[2025-10-29T15:26:54.136+0000] {fetch_api_data.py:98} WARNING - Failed to fetch data for Tom_Ince_203: 404
[2025-10-29T15:26:54.728+0000] {fetch_api_data.py:98} WARNING - Failed to fetch data for Danny_Williams_204: 404
[2025-10-29T15:26:55.365+0000] {fetch_api_data.py:98} WARNING - Failed to fetch data for Abdelhamid_Sabiri_205: 404
[2025-10-29T15:26:55.946+0000] {fetch_api_data.py:98} WARNING - Failed to fetch data for Alex_Pritchard_206: 404
[2025-10-29T15:26:56.567+0000] {fetch_api_data.py:98} WARNING - Failed to fetch data for Ramadan_Sobhi_207: 404
[2025-10-29T15:26:57.173+0000] {fetch_api_data.py:98} WARNING - Failed to fetch data for Juninho_Bacuna_208: 404
[2025-10-29T15:26:57.779+0000] {fetch_api_data.py:98} WARNING - Failed to fetch data for Collin_Quaner_209: 404
[2025-10-29T15:26:58.373+0000] {fetch_api_data.py:98} WARNING - Failed to fetch data for Laurent_Depoitre_210: 404
[2025-10-29T15:26:58.958+0000] {fetch_api_data.py:98} WARNING - Failed to fetch data for Steve_Mounie_211: 404
[2025-10-29T15:26:59.541+0000] {fetch_api_data.py:98} WARNING - Failed to fetch data for Elias_Kachunga_212: 404
[2025-10-29T15:27:00.280+0000] {fetch_api_data.py:98} WARNING - Failed to fetch data for Erik_Durm_461: 404
[2025-10-29T15:27:00.967+0000] {fetch_api_data.py:98} WARNING - Failed to fetch data for Adama_Diakhaby_471: 404
[2025-10-29T15:27:01.615+0000] {fetch_api_data.py:98} WARNING - Failed to fetch data for Isaac_Mbenza_514: 404
[2025-10-29T15:27:02.204+0000] {fetch_api_data.py:98} WARNING - Failed to fetch data for Jon Gorenc_Stankovic_522: 404
[2025-10-29T15:27:02.776+0000] {fetch_api_data.py:98} WARNING - Failed to fetch data for Ryan_Schofield_533: 404
[2025-10-29T15:27:03.350+0000] {fetch_api_data.py:98} WARNING - Failed to fetch data for Karlan_Grant_585: 404
[2025-10-29T15:27:03.965+0000] {fetch_api_data.py:98} WARNING - Failed to fetch data for Joel_Coleman_598: 404
[2025-10-29T15:27:04.530+0000] {fetch_api_data.py:98} WARNING - Failed to fetch data for Demeaco_Duhaney_601: 404
[2025-10-29T15:27:05.156+0000] {fetch_api_data.py:98} WARNING - Failed to fetch data for Matthew_Daly_606: 404
[2025-10-29T15:27:05.790+0000] {fetch_api_data.py:98} WARNING - Failed to fetch data for Aaron_Rowe_607: 404
[2025-10-29T15:27:06.406+0000] {fetch_api_data.py:98} WARNING - Failed to fetch data for Kasper_Schmeichel_213: 404
[2025-10-29T15:27:07.071+0000] {fetch_api_data.py:98} WARNING - Failed to fetch data for Eldin_Jakupovic_214: 404
[2025-10-29T15:27:07.648+0000] {fetch_api_data.py:98} WARNING - Failed to fetch data for Wes_Morgan_215: 404
[2025-10-29T15:27:08.277+0000] {fetch_api_data.py:98} WARNING - Failed to fetch data for Christian_Fuchs_216: 404
[2025-10-29T15:27:08.890+0000] {fetch_api_data.py:98} WARNING - Failed to fetch data for Danny_Simpson_217: 404
[2025-10-29T15:27:09.545+0000] {fetch_api_data.py:98} WARNING - Failed to fetch data for Yohan_Benalouane_218: 404
[2025-10-29T15:27:10.190+0000] {fetch_api_data.py:98} WARNING - Failed to fetch data for Benjamin_Chilwell_219: 404
[2025-10-29T15:27:10.788+0000] {fetch_api_data.py:98} WARNING - Failed to fetch data for Harry_Maguire_220: 404
[2025-10-29T15:27:11.445+0000] {fetch_api_data.py:98} WARNING - Failed to fetch data for Ricardo Domingos_Barbosa Pereira_221: 404
[2025-10-29T15:27:12.005+0000] {fetch_api_data.py:98} WARNING - Failed to fetch data for Jonny_Evans_222: 404
[2025-10-29T15:27:12.635+0000] {fetch_api_data.py:98} WARNING - Failed to fetch data for Marc_Albrighton_224: 404
[2025-10-29T15:27:13.229+0000] {fetch_api_data.py:98} WARNING - Failed to fetch data for Demarai_Gray_225: 404
[2025-10-29T15:27:13.869+0000] {fetch_api_data.py:98} WARNING - Failed to fetch data for Daniel_Amartey_226: 404
[2025-10-29T15:27:14.518+0000] {fetch_api_data.py:98} WARNING - Failed to fetch data for Wilfred_Ndidi_227: 404
[2025-10-29T15:27:15.169+0000] {fetch_api_data.py:98} WARNING - Failed to fetch data for Vicente_Iborra_228: 404
[2025-10-29T15:27:15.758+0000] {fetch_api_data.py:98} WARNING - Failed to fetch data for Matty_James_229: 404
[2025-10-29T15:27:16.357+0000] {fetch_api_data.py:98} WARNING - Failed to fetch data for Hamza_Choudhury_230: 404
[2025-10-29T15:27:16.941+0000] {fetch_api_data.py:98} WARNING - Failed to fetch data for Adrien Sebastian_Perruchet Silva_231: 404
[2025-10-29T15:27:17.503+0000] {fetch_api_data.py:98} WARNING - Failed to fetch data for Fousseni_Diabaté_232: 404
[2025-10-29T15:27:18.119+0000] {fetch_api_data.py:98} WARNING - Failed to fetch data for James_Maddison_233: 404
[2025-10-29T15:27:18.732+0000] {fetch_api_data.py:98} WARNING - Failed to fetch data for Jamie_Vardy_234: 404
[2025-10-29T15:27:19.356+0000] {fetch_api_data.py:98} WARNING - Failed to fetch data for Shinji_Okazaki_235: 404
[2025-10-29T15:27:19.956+0000] {fetch_api_data.py:98} WARNING - Failed to fetch data for Kelechi_Iheanacho_236: 404
[2025-10-29T15:27:20.539+0000] {fetch_api_data.py:98} WARNING - Failed to fetch data for Danny_Ward_457: 404
[2025-10-29T15:27:21.152+0000] {fetch_api_data.py:98} WARNING - Failed to fetch data for Rachid_Ghezzal_492: 404
[2025-10-29T15:27:21.799+0000] {fetch_api_data.py:98} WARNING - Failed to fetch data for Filip_Benkovic_501: 404
[2025-10-29T15:27:22.386+0000] {fetch_api_data.py:98} WARNING - Failed to fetch data for Çaglar_Söyüncü_515: 404
[2025-10-29T15:27:23.016+0000] {fetch_api_data.py:98} WARNING - Failed to fetch data for Nampalys_Mendy_527: 404
[2025-10-29T15:27:23.648+0000] {fetch_api_data.py:98} WARNING - Failed to fetch data for Josh_Knight_558: 404
[2025-10-29T15:27:24.231+0000] {fetch_api_data.py:98} WARNING - Failed to fetch data for Harvey_Barnes_571: 404
[2025-10-29T15:27:24.831+0000] {fetch_api_data.py:98} WARNING - Failed to fetch data for Youri_Tielemans_591: 404
[2025-10-29T15:27:25.406+0000] {fetch_api_data.py:98} WARNING - Failed to fetch data for Simon_Mignolet_237: 404
[2025-10-29T15:27:26.024+0000] {fetch_api_data.py:98} WARNING - Failed to fetch data for Loris_Karius_238: 404
[2025-10-29T15:27:26.622+0000] {fetch_api_data.py:98} WARNING - Failed to fetch data for Dejan_Lovren_239: 404
[2025-10-29T15:27:27.252+0000] {fetch_api_data.py:98} WARNING - Failed to fetch data for Alberto_Moreno_240: 404
[2025-10-29T15:27:27.930+0000] {fetch_api_data.py:98} WARNING - Failed to fetch data for Joseph_Gomez_242: 404
[2025-10-29T15:27:28.590+0000] {fetch_api_data.py:98} WARNING - Failed to fetch data for Joel_Matip_243: 404
[2025-10-29T15:27:29.178+0000] {fetch_api_data.py:98} WARNING - Failed to fetch data for Ragnar_Klavan_244: 404
[2025-10-29T15:27:29.775+0000] {fetch_api_data.py:98} WARNING - Failed to fetch data for Trent_Alexander-Arnold_245: 404
[2025-10-29T15:27:30.401+0000] {fetch_api_data.py:98} WARNING - Failed to fetch data for Virgil_van Dijk_246: 404
[2025-10-29T15:27:31.111+0000] {fetch_api_data.py:98} WARNING - Failed to fetch data for Andrew_Robertson_247: 404
[2025-10-29T15:27:31.745+0000] {fetch_api_data.py:98} WARNING - Failed to fetch data for Alex_Oxlade-Chamberlain_248: 404
[2025-10-29T15:27:32.369+0000] {fetch_api_data.py:98} WARNING - Failed to fetch data for Jordan_Henderson_249: 404
[2025-10-29T15:27:32.973+0000] {fetch_api_data.py:98} WARNING - Failed to fetch data for Adam_Lallana_250: 404
[2025-10-29T15:27:33.576+0000] {fetch_api_data.py:98} WARNING - Failed to fetch data for Sadio_Mané_251: 404
[2025-10-29T15:27:34.157+0000] {fetch_api_data.py:98} WARNING - Failed to fetch data for Georginio_Wijnaldum_252: 404
[2025-10-29T15:27:34.789+0000] {fetch_api_data.py:98} WARNING - Failed to fetch data for Mohamed_Salah_253: 404
[2025-10-29T15:27:35.451+0000] {fetch_api_data.py:98} WARNING - Failed to fetch data for James_Milner_254: 404
[2025-10-29T15:27:36.134+0000] {fetch_api_data.py:98} WARNING - Failed to fetch data for Fabio Henrique_Tavares_255: 404
[2025-10-29T15:27:36.744+0000] {fetch_api_data.py:98} WARNING - Failed to fetch data for Naby_Keita_256: 404
[2025-10-29T15:27:37.344+0000] {fetch_api_data.py:98} WARNING - Failed to fetch data for Roberto_Firmino_257: 404
[2025-10-29T15:27:37.947+0000] {fetch_api_data.py:98} WARNING - Failed to fetch data for Xherdan_Shaqiri_462: 404
[2025-10-29T15:27:38.546+0000] {fetch_api_data.py:98} WARNING - Failed to fetch data for Alisson_Ramses Becker_468: 404
[2025-10-29T15:27:39.114+0000] {fetch_api_data.py:98} WARNING - Failed to fetch data for Daniel_Sturridge_472: 404
[2025-10-29T15:27:39.716+0000] {fetch_api_data.py:98} WARNING - Failed to fetch data for Divock_Origi_543: 404
[2025-10-29T15:27:40.370+0000] {fetch_api_data.py:98} WARNING - Failed to fetch data for Rafael_Camacho_557: 404
[2025-10-29T15:27:41.033+0000] {fetch_api_data.py:98} WARNING - Failed to fetch data for Curtis_Jones_597: 404
[2025-10-29T15:27:41.645+0000] {fetch_api_data.py:98} WARNING - Failed to fetch data for Riyad_Mahrez_223: 404
[2025-10-29T15:27:42.253+0000] {fetch_api_data.py:98} WARNING - Failed to fetch data for Ederson_Santana de Moraes_260: 404
[2025-10-29T15:27:42.857+0000] {fetch_api_data.py:98} WARNING - Failed to fetch data for Claudio_Bravo_261: 404
[2025-10-29T15:27:43.439+0000] {fetch_api_data.py:98} WARNING - Failed to fetch data for John_Stones_262: 404
[2025-10-29T15:27:44.024+0000] {fetch_api_data.py:98} WARNING - Failed to fetch data for Vincent_Kompany_263: 404
[2025-10-29T15:27:44.582+0000] {fetch_api_data.py:98} WARNING - Failed to fetch data for Nicolás_Otamendi_264: 404
[2025-10-29T15:27:45.168+0000] {fetch_api_data.py:98} WARNING - Failed to fetch data for Kyle_Walker_265: 404
[2025-10-29T15:27:45.776+0000] {fetch_api_data.py:98} WARNING - Failed to fetch data for Danilo Luiz_da Silva_266: 404
[2025-10-29T15:27:46.432+0000] {fetch_api_data.py:98} WARNING - Failed to fetch data for Benjamin_Mendy_267: 404
[2025-10-29T15:27:47.008+0000] {fetch_api_data.py:98} WARNING - Failed to fetch data for Aymeric_Laporte_268: 404
[2025-10-29T15:27:47.624+0000] {fetch_api_data.py:98} WARNING - Failed to fetch data for Fabian_Delph_269: 404
[2025-10-29T15:27:48.185+0000] {fetch_api_data.py:98} WARNING - Failed to fetch data for Raheem_Sterling_270: 404
[2025-10-29T15:27:48.746+0000] {fetch_api_data.py:98} WARNING - Failed to fetch data for David_Silva_271: 404
[2025-10-29T15:27:49.378+0000] {fetch_api_data.py:98} WARNING - Failed to fetch data for Fernando_Luiz Rosa_272: 404
[2025-10-29T15:27:50.014+0000] {fetch_api_data.py:98} WARNING - Failed to fetch data for Kevin_De Bruyne_273: 404
[2025-10-29T15:27:50.589+0000] {fetch_api_data.py:98} WARNING - Failed to fetch data for Ilkay_Gündogan_274: 404
[2025-10-29T15:27:51.201+0000] {fetch_api_data.py:98} WARNING - Failed to fetch data for Leroy_Sané_275: 404
[2025-10-29T15:27:51.769+0000] {fetch_api_data.py:98} WARNING - Failed to fetch data for Bernardo Mota_Veiga de Carvalho e Silva_276: 404
[2025-10-29T15:27:52.346+0000] {fetch_api_data.py:98} WARNING - Failed to fetch data for Phil_Foden_277: 404
[2025-10-29T15:27:52.923+0000] {fetch_api_data.py:98} WARNING - Failed to fetch data for Brahim_Diaz_278: 404
[2025-10-29T15:27:53.544+0000] {fetch_api_data.py:98} WARNING - Failed to fetch data for Oleksandr_Zinchenko_279: 404
[2025-10-29T15:27:54.127+0000] {fetch_api_data.py:98} WARNING - Failed to fetch data for Sergio_Agüero_280: 404
[2025-10-29T15:27:54.691+0000] {fetch_api_data.py:98} WARNING - Failed to fetch data for Gabriel Fernando_de Jesus_281: 404
[2025-10-29T15:27:55.306+0000] {fetch_api_data.py:98} WARNING - Failed to fetch data for Arijanet_Muric_529: 404
[2025-10-29T15:27:55.940+0000] {fetch_api_data.py:98} WARNING - Failed to fetch data for Philippe_Sandler_604: 404
[2025-10-29T15:27:56.498+0000] {fetch_api_data.py:98} WARNING - Failed to fetch data for David_de Gea_282: 404
[2025-10-29T15:27:57.151+0000] {fetch_api_data.py:98} WARNING - Failed to fetch data for Sergio_Romero_283: 404
[2025-10-29T15:27:57.798+0000] {fetch_api_data.py:98} WARNING - Failed to fetch data for Chris_Smalling_284: 404
[2025-10-29T15:27:58.366+0000] {fetch_api_data.py:98} WARNING - Failed to fetch data for Phil_Jones_285: 404
[2025-10-29T15:27:58.990+0000] {fetch_api_data.py:98} WARNING - Failed to fetch data for Luke_Shaw_286: 404
[2025-10-29T15:27:59.574+0000] {fetch_api_data.py:98} WARNING - Failed to fetch data for Marcos_Rojo_287: 404
[2025-10-29T15:28:00.159+0000] {fetch_api_data.py:98} WARNING - Failed to fetch data for Antonio_Valencia_288: 404
[2025-10-29T15:28:00.734+0000] {fetch_api_data.py:98} WARNING - Failed to fetch data for Matteo_Darmian_289: 404
[2025-10-29T15:28:01.379+0000] {fetch_api_data.py:98} WARNING - Failed to fetch data for Daley_Blind_290: 404
[2025-10-29T15:28:02.003+0000] {fetch_api_data.py:98} WARNING - Failed to fetch data for Eric_Bailly_291: 404
[2025-10-29T15:28:02.575+0000] {fetch_api_data.py:98} WARNING - Failed to fetch data for Victor_Lindelöf_292: 404
[2025-10-29T15:28:03.179+0000] {fetch_api_data.py:98} WARNING - Failed to fetch data for Ashley_Young_293: 404
[2025-10-29T15:28:03.756+0000] {fetch_api_data.py:98} WARNING - Failed to fetch data for José Diogo_Dalot Teixeira_294: 404
[2025-10-29T15:28:04.333+0000] {fetch_api_data.py:98} WARNING - Failed to fetch data for Alexis_Sánchez_295: 404
[2025-10-29T15:28:04.907+0000] {fetch_api_data.py:98} WARNING - Failed to fetch data for Nemanja_Matic_296: 404
[2025-10-29T15:28:05.516+0000] {fetch_api_data.py:98} WARNING - Failed to fetch data for Juan_Mata_297: 404
[2025-10-29T15:28:06.132+0000] {fetch_api_data.py:98} WARNING - Failed to fetch data for Marouane_Fellaini_298: 404
[2025-10-29T15:28:06.694+0000] {fetch_api_data.py:98} WARNING - Failed to fetch data for Ander_Herrera_299: 404
[2025-10-29T15:28:07.297+0000] {fetch_api_data.py:98} WARNING - Failed to fetch data for Jesse_Lingard_300: 404
[2025-10-29T15:28:07.842+0000] {fetch_api_data.py:98} WARNING - Failed to fetch data for Anthony_Martial_301: 404
[2025-10-29T15:28:08.437+0000] {fetch_api_data.py:98} WARNING - Failed to fetch data for Paul_Pogba_302: 404
[2025-10-29T15:28:09.009+0000] {fetch_api_data.py:98} WARNING - Failed to fetch data for Scott_McTominay_303: 404
[2025-10-29T15:28:09.590+0000] {fetch_api_data.py:98} WARNING - Failed to fetch data for Frederico_Rodrigues de Paula Santos_304: 404
[2025-10-29T15:28:10.192+0000] {fetch_api_data.py:98} WARNING - Failed to fetch data for Marcus_Rashford_305: 404
[2025-10-29T15:28:10.813+0000] {fetch_api_data.py:98} WARNING - Failed to fetch data for Romelu_Lukaku_306: 404
[2025-10-29T15:28:11.367+0000] {fetch_api_data.py:98} WARNING - Failed to fetch data for Andreas_Pereira_481: 404
[2025-10-29T15:28:11.946+0000] {fetch_api_data.py:98} WARNING - Failed to fetch data for Lee_Grant_520: 404
[2025-10-29T15:28:12.523+0000] {fetch_api_data.py:98} WARNING - Failed to fetch data for Angel_Gomes_568: 404
[2025-10-29T15:28:13.081+0000] {fetch_api_data.py:98} WARNING - Failed to fetch data for James_Garner_602: 404
[2025-10-29T15:28:13.737+0000] {fetch_api_data.py:98} WARNING - Failed to fetch data for Tahith_Chong_603: 404
[2025-10-29T15:28:14.299+0000] {fetch_api_data.py:98} WARNING - Failed to fetch data for Mason_Greenwood_608: 404
[2025-10-29T15:28:14.874+0000] {fetch_api_data.py:98} WARNING - Failed to fetch data for Robert_Elliot_307: 404
[2025-10-29T15:28:15.507+0000] {fetch_api_data.py:98} WARNING - Failed to fetch data for Karl_Darlow_308: 404
[2025-10-29T15:28:16.068+0000] {fetch_api_data.py:98} WARNING - Failed to fetch data for Martin_Dubravka_309: 404
[2025-10-29T15:28:16.669+0000] {fetch_api_data.py:98} WARNING - Failed to fetch data for DeAndre_Yedlin_310: 404
[2025-10-29T15:28:17.273+0000] {fetch_api_data.py:98} WARNING - Failed to fetch data for Ciaran_Clark_311: 404
[2025-10-29T15:28:17.856+0000] {fetch_api_data.py:98} WARNING - Failed to fetch data for Jamaal_Lascelles_312: 404
[2025-10-29T15:28:18.428+0000] {fetch_api_data.py:98} WARNING - Failed to fetch data for Paul_Dummett_313: 404
[2025-10-29T15:28:19.022+0000] {fetch_api_data.py:98} WARNING - Failed to fetch data for Florian_Lejeune_314: 404
[2025-10-29T15:28:19.650+0000] {fetch_api_data.py:98} WARNING - Failed to fetch data for Javier_Manquillo_315: 404
[2025-10-29T15:28:20.187+0000] {fetch_api_data.py:98} WARNING - Failed to fetch data for Chancel_Mbemba_316: 404
[2025-10-29T15:28:20.778+0000] {fetch_api_data.py:98} WARNING - Failed to fetch data for Matt_Ritchie_317: 404
[2025-10-29T15:28:21.392+0000] {fetch_api_data.py:98} WARNING - Failed to fetch data for Jonjo_Shelvey_318: 404
[2025-10-29T15:28:21.963+0000] {fetch_api_data.py:98} WARNING - Failed to fetch data for Mohamed_Diamé_319: 404
[2025-10-29T15:28:22.531+0000] {fetch_api_data.py:98} WARNING - Failed to fetch data for Christian_Atsu_320: 404
[2025-10-29T15:28:23.104+0000] {fetch_api_data.py:98} WARNING - Failed to fetch data for Jacob_Murphy_321: 404
[2025-10-29T15:28:23.647+0000] {fetch_api_data.py:98} WARNING - Failed to fetch data for Mikel_Merino_322: 404
[2025-10-29T15:28:24.249+0000] {fetch_api_data.py:98} WARNING - Failed to fetch data for Isaac_Hayden_323: 404
[2025-10-29T15:28:24.840+0000] {fetch_api_data.py:98} WARNING - Failed to fetch data for Sung-yueng_Ki_324: 404
[2025-10-29T15:28:25.441+0000] {fetch_api_data.py:98} WARNING - Failed to fetch data for Dwight_Gayle_325: 404
[2025-10-29T15:28:26.022+0000] {fetch_api_data.py:98} WARNING - Failed to fetch data for Ayoze_Pérez_326: 404
[2025-10-29T15:28:26.592+0000] {fetch_api_data.py:98} WARNING - Failed to fetch data for Jose Luis_Mato Sanmartín_327: 404
[2025-10-29T15:28:27.186+0000] {fetch_api_data.py:98} WARNING - Failed to fetch data for Robert Kenedy_Nunes do Nascimento_458: 404
[2025-10-29T15:28:27.786+0000] {fetch_api_data.py:98} WARNING - Failed to fetch data for Fabian_Schär_482: 404
[2025-10-29T15:28:28.406+0000] {fetch_api_data.py:98} WARNING - Failed to fetch data for Yoshinori_Muto_488: 404
[2025-10-29T15:28:28.965+0000] {fetch_api_data.py:98} WARNING - Failed to fetch data for Salomón_Rondón_493: 404
[2025-10-29T15:28:29.507+0000] {fetch_api_data.py:98} WARNING - Failed to fetch data for Federico_Fernández_516: 404
[2025-10-29T15:28:30.143+0000] {fetch_api_data.py:98} WARNING - Failed to fetch data for Jamie_Sterry_530: 404
[2025-10-29T15:28:30.698+0000] {fetch_api_data.py:98} WARNING - Failed to fetch data for Sean_Longstaff_531: 404
[2025-10-29T15:28:31.247+0000] {fetch_api_data.py:98} WARNING - Failed to fetch data for Frederick_Woodman_553: 404
[2025-10-29T15:28:31.820+0000] {fetch_api_data.py:98} WARNING - Failed to fetch data for Callum_Roberts_577: 404
[2025-10-29T15:28:32.367+0000] {fetch_api_data.py:98} WARNING - Failed to fetch data for Miguel_Almirón_587: 404
[2025-10-29T15:28:32.947+0000] {fetch_api_data.py:98} WARNING - Failed to fetch data for Antonio_Barreca_588: 404
[2025-10-29T15:28:33.539+0000] {fetch_api_data.py:98} WARNING - Failed to fetch data for Kelland_Watts_622: 404
[2025-10-29T15:28:34.187+0000] {fetch_api_data.py:98} WARNING - Failed to fetch data for Lewis_Cass_623: 404
[2025-10-29T15:28:34.752+0000] {fetch_api_data.py:98} WARNING - Failed to fetch data for Danny_Ings_258: 404
[2025-10-29T15:28:35.328+0000] {fetch_api_data.py:98} WARNING - Failed to fetch data for Alex_McCarthy_328: 404
[2025-10-29T15:28:35.897+0000] {fetch_api_data.py:98} WARNING - Failed to fetch data for Fraser_Forster_329: 404
[2025-10-29T15:28:36.496+0000] {fetch_api_data.py:98} WARNING - Failed to fetch data for Ryan_Bertrand_330: 404
[2025-10-29T15:28:37.135+0000] {fetch_api_data.py:98} WARNING - Failed to fetch data for Maya_Yoshida_331: 404
[2025-10-29T15:28:37.707+0000] {fetch_api_data.py:98} WARNING - Failed to fetch data for Cédric_Soares_332: 404
[2025-10-29T15:28:38.272+0000] {fetch_api_data.py:98} WARNING - Failed to fetch data for Jack_Stephens_333: 404
[2025-10-29T15:28:38.959+0000] {fetch_api_data.py:98} WARNING - Failed to fetch data for Sam_McQueen_334: 404
[2025-10-29T15:28:39.681+0000] {fetch_api_data.py:98} WARNING - Failed to fetch data for Jan_Bednarek_335: 404
[2025-10-29T15:28:40.296+0000] {fetch_api_data.py:98} WARNING - Failed to fetch data for Wesley_Hoedt_336: 404
[2025-10-29T15:28:40.959+0000] {fetch_api_data.py:98} WARNING - Failed to fetch data for Steven_Davis_337: 404
[2025-10-29T15:28:41.558+0000] {fetch_api_data.py:98} WARNING - Failed to fetch data for James_Ward-Prowse_338: 404
[2025-10-29T15:28:42.145+0000] {fetch_api_data.py:98} WARNING - Failed to fetch data for Oriol_Romeu Vidal_339: 404
[2025-10-29T15:28:42.714+0000] {fetch_api_data.py:98} WARNING - Failed to fetch data for Pierre-Emile_Højbjerg_340: 404
[2025-10-29T15:28:43.277+0000] {fetch_api_data.py:98} WARNING - Failed to fetch data for Sofiane_Boufal_341: 404
[2025-10-29T15:28:43.850+0000] {fetch_api_data.py:98} WARNING - Failed to fetch data for Joshua_Sims_342: 404
[2025-10-29T15:28:44.424+0000] {fetch_api_data.py:98} WARNING - Failed to fetch data for Nathan_Redmond_343: 404
[2025-10-29T15:28:45.000+0000] {fetch_api_data.py:98} WARNING - Failed to fetch data for Mario_Lemina_344: 404
[2025-10-29T15:28:45.580+0000] {fetch_api_data.py:98} WARNING - Failed to fetch data for Stuart_Armstrong_345: 404
[2025-10-29T15:28:46.158+0000] {fetch_api_data.py:98} WARNING - Failed to fetch data for Mohamed_Elyounoussi_346: 404
[2025-10-29T15:28:46.749+0000] {fetch_api_data.py:98} WARNING - Failed to fetch data for Shane_Long_347: 404
[2025-10-29T15:28:47.426+0000] {fetch_api_data.py:98} WARNING - Failed to fetch data for Charlie_Austin_348: 404
[2025-10-29T15:28:48.094+0000] {fetch_api_data.py:98} WARNING - Failed to fetch data for Manolo_Gabbiadini_349: 404
[2025-10-29T15:28:48.705+0000] {fetch_api_data.py:98} WARNING - Failed to fetch data for Guido_Carrillo_350: 404
[2025-10-29T15:28:49.286+0000] {fetch_api_data.py:98} WARNING - Failed to fetch data for Angus_Gunn_452: 404
[2025-10-29T15:28:49.887+0000] {fetch_api_data.py:98} WARNING - Failed to fetch data for Jannik_Vestergaard_463: 404
[2025-10-29T15:28:50.441+0000] {fetch_api_data.py:98} WARNING - Failed to fetch data for Matt_Targett_479: 404
[2025-10-29T15:28:50.978+0000] {fetch_api_data.py:98} WARNING - Failed to fetch data for Michael_Obafemi_550: 404
[2025-10-29T15:28:51.616+0000] {fetch_api_data.py:98} WARNING - Failed to fetch data for Yan_Valery_556: 404
[2025-10-29T15:28:52.254+0000] {fetch_api_data.py:98} WARNING - Failed to fetch data for Tyreke_Johnson_562: 404
[2025-10-29T15:28:52.825+0000] {fetch_api_data.py:98} WARNING - Failed to fetch data for Kayne_Ramsay_565: 404
[2025-10-29T15:28:53.499+0000] {fetch_api_data.py:98} WARNING - Failed to fetch data for Callum_Slattery_570: 404
[2025-10-29T15:28:54.080+0000] {fetch_api_data.py:98} WARNING - Failed to fetch data for Sam_Gallagher_574: 404
[2025-10-29T15:28:54.647+0000] {fetch_api_data.py:98} WARNING - Failed to fetch data for Alfie_Jones_595: 404
[2025-10-29T15:28:55.228+0000] {fetch_api_data.py:98} WARNING - Failed to fetch data for Hugo_Lloris_351: 404
[2025-10-29T15:28:55.810+0000] {fetch_api_data.py:98} WARNING - Failed to fetch data for Michel_Vorm_352: 404
[2025-10-29T15:28:56.408+0000] {fetch_api_data.py:98} WARNING - Failed to fetch data for Toby_Alderweireld_353: 404
[2025-10-29T15:28:57.055+0000] {fetch_api_data.py:98} WARNING - Failed to fetch data for Danny_Rose_354: 404
[2025-10-29T15:28:57.668+0000] {fetch_api_data.py:98} WARNING - Failed to fetch data for Jan_Vertonghen_355: 404
[2025-10-29T15:28:58.248+0000] {fetch_api_data.py:98} WARNING - Failed to fetch data for Ben_Davies_356: 404
[2025-10-29T15:28:58.919+0000] {fetch_api_data.py:98} WARNING - Failed to fetch data for Kieran_Trippier_357: 404
[2025-10-29T15:28:59.510+0000] {fetch_api_data.py:98} WARNING - Failed to fetch data for Kyle_Walker-Peters_358: 404
[2025-10-29T15:29:00.195+0000] {fetch_api_data.py:98} WARNING - Failed to fetch data for Davinson_Sánchez_359: 404
[2025-10-29T15:29:00.781+0000] {fetch_api_data.py:98} WARNING - Failed to fetch data for Serge_Aurier_360: 404
[2025-10-29T15:29:01.356+0000] {fetch_api_data.py:98} WARNING - Failed to fetch data for Eric_Dier_361: 404
[2025-10-29T15:29:01.967+0000] {fetch_api_data.py:98} WARNING - Failed to fetch data for Mousa_Dembélé_362: 404
[2025-10-29T15:29:02.568+0000] {fetch_api_data.py:98} WARNING - Failed to fetch data for Erik_Lamela_363: 404
[2025-10-29T15:29:03.119+0000] {fetch_api_data.py:98} WARNING - Failed to fetch data for Christian_Eriksen_364: 404
[2025-10-29T15:29:03.708+0000] {fetch_api_data.py:98} WARNING - Failed to fetch data for Bamidele_Alli_365: 404
[2025-10-29T15:29:04.303+0000] {fetch_api_data.py:98} WARNING - Failed to fetch data for Victor_Wanyama_366: 404
[2025-10-29T15:29:04.963+0000] {fetch_api_data.py:98} WARNING - Failed to fetch data for Heung-Min_Son_367: 404
[2025-10-29T15:29:05.510+0000] {fetch_api_data.py:98} WARNING - Failed to fetch data for Harry_Winks_368: 404
[2025-10-29T15:29:06.169+0000] {fetch_api_data.py:98} WARNING - Failed to fetch data for Moussa_Sissoko_369: 404
[2025-10-29T15:29:06.780+0000] {fetch_api_data.py:98} WARNING - Failed to fetch data for Lucas_Rodrigues Moura da Silva_370: 404
[2025-10-29T15:29:07.437+0000] {fetch_api_data.py:98} WARNING - Failed to fetch data for Fernando_Llorente_371: 404
[2025-10-29T15:29:07.989+0000] {fetch_api_data.py:98} WARNING - Failed to fetch data for Harry_Kane_372: 404
[2025-10-29T15:29:08.591+0000] {fetch_api_data.py:98} WARNING - Failed to fetch data for Georges-Kévin_Nkoudou_497: 404
[2025-10-29T15:29:09.183+0000] {fetch_api_data.py:98} WARNING - Failed to fetch data for Luke_Amos_523: 404
[2025-10-29T15:29:09.733+0000] {fetch_api_data.py:98} WARNING - Failed to fetch data for Paulo_Gazzaniga_536: 404
[2025-10-29T15:29:10.326+0000] {fetch_api_data.py:98} WARNING - Failed to fetch data for Alfie_Whiteman_538: 404
[2025-10-29T15:29:10.976+0000] {fetch_api_data.py:98} WARNING - Failed to fetch data for Oliver_Skipp_540: 404
[2025-10-29T15:29:11.586+0000] {fetch_api_data.py:98} WARNING - Failed to fetch data for Juan_Foyth_549: 404
[2025-10-29T15:29:12.181+0000] {fetch_api_data.py:98} WARNING - Failed to fetch data for Timothy_Eyoma_561: 404
[2025-10-29T15:29:12.821+0000] {fetch_api_data.py:98} WARNING - Failed to fetch data for Kazaiah_Sterling_578: 404
[2025-10-29T15:29:13.439+0000] {fetch_api_data.py:98} WARNING - Failed to fetch data for George_Marsh_612: 404
[2025-10-29T15:29:14.020+0000] {fetch_api_data.py:98} WARNING - Failed to fetch data for Vincent_Janssen_614: 404
[2025-10-29T15:29:14.657+0000] {fetch_api_data.py:98} WARNING - Failed to fetch data for Heurelho_Gomes_373: 404
[2025-10-29T15:29:15.307+0000] {fetch_api_data.py:98} WARNING - Failed to fetch data for Pontus_Dahlberg_374: 404
[2025-10-29T15:29:15.923+0000] {fetch_api_data.py:98} WARNING - Failed to fetch data for Younes_Kaboul_375: 404
[2025-10-29T15:29:16.503+0000] {fetch_api_data.py:98} WARNING - Failed to fetch data for Craig_Cathcart_376: 404
[2025-10-29T15:29:17.103+0000] {fetch_api_data.py:98} WARNING - Failed to fetch data for Sebastian_Prödl_377: 404
[2025-10-29T15:29:17.930+0000] {fetch_api_data.py:98} WARNING - Failed to fetch data for José_Holebas_378: 404
[2025-10-29T15:29:18.581+0000] {fetch_api_data.py:98} WARNING - Failed to fetch data for Miguel_Britos_379: 404
[2025-10-29T15:29:19.194+0000] {fetch_api_data.py:98} WARNING - Failed to fetch data for Christian_Kabasele_380: 404
[2025-10-29T15:29:19.780+0000] {fetch_api_data.py:98} WARNING - Failed to fetch data for Daryl_Janmaat_381: 404
[2025-10-29T15:29:20.369+0000] {fetch_api_data.py:98} WARNING - Failed to fetch data for Adrian_Mariappa_382: 404
[2025-10-29T15:29:20.952+0000] {fetch_api_data.py:98} WARNING - Failed to fetch data for Francisco_Femenía Far_383: 404
[2025-10-29T15:29:21.554+0000] {fetch_api_data.py:98} WARNING - Failed to fetch data for Marvin_Zeegelaar_384: 404
[2025-10-29T15:29:22.142+0000] {fetch_api_data.py:98} WARNING - Failed to fetch data for Marc_Navarro_385: 404
[2025-10-29T15:29:22.711+0000] {fetch_api_data.py:98} WARNING - Failed to fetch data for Adam_Masina_386: 404
[2025-10-29T15:29:23.305+0000] {fetch_api_data.py:98} WARNING - Failed to fetch data for Nathaniel_Chalobah_387: 404
[2025-10-29T15:29:23.976+0000] {fetch_api_data.py:98} WARNING - Failed to fetch data for Tom_Cleverley_388: 404
[2025-10-29T15:29:24.796+0000] {fetch_api_data.py:98} WARNING - Failed to fetch data for Etienne_Capoue_389: 404
[2025-10-29T15:29:25.725+0000] {fetch_api_data.py:98} WARNING - Failed to fetch data for Abdoulaye_Doucouré_390: 404
[2025-10-29T15:29:26.492+0000] {fetch_api_data.py:98} WARNING - Failed to fetch data for Roberto_Pereyra_391: 404
[2025-10-29T15:29:27.332+0000] {fetch_api_data.py:98} WARNING - Failed to fetch data for Will_Hughes_392: 404
[2025-10-29T15:29:28.425+0000] {fetch_api_data.py:98} WARNING - Failed to fetch data for Gerard_Deulofeu_394: 404
[2025-10-29T15:29:29.219+0000] {fetch_api_data.py:98} WARNING - Failed to fetch data for Andre_Gray_395: 404
[2025-10-29T15:29:29.877+0000] {fetch_api_data.py:98} WARNING - Failed to fetch data for Troy_Deeney_396: 404
[2025-10-29T15:29:30.475+0000] {fetch_api_data.py:98} WARNING - Failed to fetch data for Stefano_Okaka_397: 404
[2025-10-29T15:29:31.115+0000] {fetch_api_data.py:98} WARNING - Failed to fetch data for Jerome_Sinclair_398: 404
[2025-10-29T15:29:31.695+0000] {fetch_api_data.py:98} WARNING - Failed to fetch data for Ben_Foster_445: 404
[2025-10-29T15:29:32.294+0000] {fetch_api_data.py:98} WARNING - Failed to fetch data for Ken_Sema_446: 404
[2025-10-29T15:29:32.921+0000] {fetch_api_data.py:98} WARNING - Failed to fetch data for Domingos_Quina_517: 404
[2025-10-29T15:29:33.506+0000] {fetch_api_data.py:98} WARNING - Failed to fetch data for Isaac_Success Ajayi_524: 404
[2025-10-29T15:29:34.134+0000] {fetch_api_data.py:98} WARNING - Failed to fetch data for Ben_Wilmot_544: 404
[2025-10-29T15:29:34.840+0000] {fetch_api_data.py:98} WARNING - Failed to fetch data for Adalberto_Peñaranda_554: 404
[2025-10-29T15:29:35.543+0000] {fetch_api_data.py:98} WARNING - Failed to fetch data for Adrián_San Miguel del Castillo_399: 404
[2025-10-29T15:29:36.187+0000] {fetch_api_data.py:98} WARNING - Failed to fetch data for Lukasz_Fabianski_400: 404
[2025-10-29T15:29:36.818+0000] {fetch_api_data.py:98} WARNING - Failed to fetch data for Winston_Reid_401: 404
[2025-10-29T15:29:37.475+0000] {fetch_api_data.py:98} WARNING - Failed to fetch data for Aaron_Cresswell_402: 404
[2025-10-29T15:29:38.136+0000] {fetch_api_data.py:98} WARNING - Failed to fetch data for Angelo_Ogbonna_403: 404
[2025-10-29T15:29:38.791+0000] {fetch_api_data.py:98} WARNING - Failed to fetch data for Sam_Byram_404: 404
[2025-10-29T15:29:39.467+0000] {fetch_api_data.py:98} WARNING - Failed to fetch data for Pablo_Zabaleta_405: 404
[2025-10-29T15:29:40.015+0000] {fetch_api_data.py:98} WARNING - Failed to fetch data for Declan_Rice_406: 404
[2025-10-29T15:29:40.578+0000] {fetch_api_data.py:98} WARNING - Failed to fetch data for Reece_Oxford_407: 404
[2025-10-29T15:29:41.245+0000] {fetch_api_data.py:98} WARNING - Failed to fetch data for Ryan_Fredericks_408: 404
[2025-10-29T15:29:41.893+0000] {fetch_api_data.py:98} WARNING - Failed to fetch data for Issa_Diop_409: 404
[2025-10-29T15:29:42.471+0000] {fetch_api_data.py:98} WARNING - Failed to fetch data for Arthur_Masuaku_410: 404
[2025-10-29T15:29:43.053+0000] {fetch_api_data.py:98} WARNING - Failed to fetch data for Mark_Noble_411: 404
[2025-10-29T15:29:43.671+0000] {fetch_api_data.py:98} WARNING - Failed to fetch data for Pedro_Obiang_413: 404
[2025-10-29T15:29:44.365+0000] {fetch_api_data.py:98} WARNING - Failed to fetch data for Manuel_Lanzini_414: 404
[2025-10-29T15:29:45.132+0000] {fetch_api_data.py:98} WARNING - Failed to fetch data for Michail_Antonio_415: 404
[2025-10-29T15:29:45.973+0000] {fetch_api_data.py:98} WARNING - Failed to fetch data for Edimilson_Fernandes_416: 404
[2025-10-29T15:29:46.636+0000] {fetch_api_data.py:98} WARNING - Failed to fetch data for Marko_Arnautovic_417: 404
[2025-10-29T15:29:47.225+0000] {fetch_api_data.py:98} WARNING - Failed to fetch data for Andy_Carroll_418: 404
[2025-10-29T15:29:47.798+0000] {fetch_api_data.py:98} WARNING - Failed to fetch data for Javier_Hernández Balcázar_419: 404
[2025-10-29T15:29:48.391+0000] {fetch_api_data.py:98} WARNING - Failed to fetch data for Jordan_Hugill_420: 404
[2025-10-29T15:29:48.970+0000] {fetch_api_data.py:98} WARNING - Failed to fetch data for Jack_Wilshere_447: 404
[2025-10-29T15:29:49.591+0000] {fetch_api_data.py:98} WARNING - Failed to fetch data for Andriy_Yarmolenko_453: 404
[2025-10-29T15:29:50.203+0000] {fetch_api_data.py:98} WARNING - Failed to fetch data for Fabián_Balbuena_464: 404
[2025-10-29T15:29:50.823+0000] {fetch_api_data.py:98} WARNING - Failed to fetch data for Felipe Anderson_Pereira Gomes_465: 404
[2025-10-29T15:29:51.425+0000] {fetch_api_data.py:98} WARNING - Failed to fetch data for Robert_Snodgrass_489: 404
[2025-10-29T15:29:52.071+0000] {fetch_api_data.py:98} WARNING - Failed to fetch data for Lucas_Pérez_502: 404
[2025-10-29T15:29:52.685+0000] {fetch_api_data.py:98} WARNING - Failed to fetch data for Carlos_Sánchez_518: 404
[2025-10-29T15:29:53.329+0000] {fetch_api_data.py:98} WARNING - Failed to fetch data for Grady_Diangana_539: 404
[2025-10-29T15:29:53.908+0000] {fetch_api_data.py:98} WARNING - Failed to fetch data for Joe_Powell_547: 404
[2025-10-29T15:29:54.530+0000] {fetch_api_data.py:98} WARNING - Failed to fetch data for Conor_Coventry_548: 404
[2025-10-29T15:29:55.103+0000] {fetch_api_data.py:98} WARNING - Failed to fetch data for Alexandre Nascimento_Costa Silva_560: 404
[2025-10-29T15:29:55.749+0000] {fetch_api_data.py:98} WARNING - Failed to fetch data for Samir_Nasri_569: 404
[2025-10-29T15:29:56.368+0000] {fetch_api_data.py:98} WARNING - Failed to fetch data for Ben_Johnson_605: 404
[2025-10-29T15:29:56.960+0000] {fetch_api_data.py:98} WARNING - Failed to fetch data for Nathan_Holland_611: 404
[2025-10-29T15:29:57.546+0000] {fetch_api_data.py:98} WARNING - Failed to fetch data for John_Ruddy_421: 404
[2025-10-29T15:29:58.147+0000] {fetch_api_data.py:98} WARNING - Failed to fetch data for Will_Norris_422: 404
[2025-10-29T15:29:58.730+0000] {fetch_api_data.py:98} WARNING - Failed to fetch data for Willy_Boly_423: 404
[2025-10-29T15:29:59.327+0000] {fetch_api_data.py:98} WARNING - Failed to fetch data for Barry_Douglas_424: 404
[2025-10-29T15:29:59.946+0000] {fetch_api_data.py:98} WARNING - Failed to fetch data for Matt_Doherty_425: 404
[2025-10-29T15:30:00.560+0000] {fetch_api_data.py:98} WARNING - Failed to fetch data for Romain_Saïss_426: 404
[2025-10-29T15:30:01.227+0000] {fetch_api_data.py:98} WARNING - Failed to fetch data for Ryan_Bennett_427: 404
[2025-10-29T15:30:01.804+0000] {fetch_api_data.py:98} WARNING - Failed to fetch data for Danny_Batth_428: 404
[2025-10-29T15:30:02.363+0000] {fetch_api_data.py:98} WARNING - Failed to fetch data for Roderick Jefferson_Gonçalves Miranda_429: 404
[2025-10-29T15:30:03.020+0000] {fetch_api_data.py:98} WARNING - Failed to fetch data for Conor_Coady_430: 404
[2025-10-29T15:30:03.600+0000] {fetch_api_data.py:98} WARNING - Failed to fetch data for Rúben Gonçalo_Silva Nascimento Vinagre_431: 404
[2025-10-29T15:30:04.240+0000] {fetch_api_data.py:98} WARNING - Failed to fetch data for Diogo_Jota_432: 404
[2025-10-29T15:30:04.796+0000] {fetch_api_data.py:98} WARNING - Failed to fetch data for Rúben Diogo_da Silva Neves_433: 404
[2025-10-29T15:30:05.403+0000] {fetch_api_data.py:98} WARNING - Failed to fetch data for Ivan_Cavaleiro_434: 404
[2025-10-29T15:30:05.981+0000] {fetch_api_data.py:98} WARNING - Failed to fetch data for Hélder_Costa_435: 404
[2025-10-29T15:30:06.589+0000] {fetch_api_data.py:98} WARNING - Failed to fetch data for Bright_Enobakhare_436: 404
[2025-10-29T15:30:07.224+0000] {fetch_api_data.py:98} WARNING - Failed to fetch data for Raúl_Jiménez_437: 404
[2025-10-29T15:30:07.818+0000] {fetch_api_data.py:98} WARNING - Failed to fetch data for Bonatini Lohner Maia_Bonatini_438: 404
[2025-10-29T15:30:08.517+0000] {fetch_api_data.py:98} WARNING - Failed to fetch data for Morgan_Gibbs-White_448: 404
[2025-10-29T15:30:09.157+0000] {fetch_api_data.py:98} WARNING - Failed to fetch data for Rafa_Mir_449: 404
[2025-10-29T15:30:09.844+0000] {fetch_api_data.py:98} WARNING - Failed to fetch data for Rui Pedro_dos Santos Patrício_454: 404
[2025-10-29T15:30:10.400+0000] {fetch_api_data.py:98} WARNING - Failed to fetch data for João Filipe Iria_Santos Moutinho_475: 404
[2025-10-29T15:30:10.977+0000] {fetch_api_data.py:98} WARNING - Failed to fetch data for Jonathan_Castro Otto_483: 404
[2025-10-29T15:30:11.531+0000] {fetch_api_data.py:98} WARNING - Failed to fetch data for Adama_Traoré_500: 404
[2025-10-29T15:30:12.118+0000] {fetch_api_data.py:98} WARNING - Failed to fetch data for Leander_Dendoncker_519: 404
[2025-10-29T15:30:12.768+0000] {fetch_api_data.py:98} WARNING - Failed to fetch data for Kortney_Hause_525: 404
[2025-10-29T15:30:13.439+0000] {fetch_api_data.py:98} WARNING - Failed to fetch data for Ryan John_Giles_555: 404
[2025-10-29T15:30:14.090+0000] {fetch_api_data.py:98} WARNING - Failed to fetch data for Max_Kilman_567: 404
[2025-10-29T15:30:14.754+0000] {fetch_api_data.py:98} WARNING - Failed to fetch data for Cameron_John_596: 404
[2025-10-29T15:30:14.760+0000] {python.py:183} INFO - Done. Returned value was: []
[2025-10-29T15:30:14.835+0000] {taskinstance.py:1350} INFO - Marking task as SUCCESS. dag_id=fpl_gameweeks_etl, task_id=fetch_players_gw_task, map_index=6, execution_date=20251029T152313, start_date=20251029T152344, end_date=20251029T153014
[2025-10-29T15:30:14.896+0000] {local_task_job_runner.py:225} INFO - Task exited with return code 0
[2025-10-29T15:30:14.959+0000] {taskinstance.py:2653} INFO - 0 downstream tasks scheduled from follow-on schedule check
