[2025-10-07T09:32:24.461+0000] {taskinstance.py:1103} INFO - Dependencies all met for dep_context=non-requeueable deps ti=<TaskInstance: fpl_etl_pipeline.create_teams_table manual__2025-10-07T09:27:15.148753+00:00 [queued]>
[2025-10-07T09:32:24.482+0000] {taskinstance.py:1103} INFO - Dependencies all met for dep_context=requeueable deps ti=<TaskInstance: fpl_etl_pipeline.create_teams_table manual__2025-10-07T09:27:15.148753+00:00 [queued]>
[2025-10-07T09:32:24.483+0000] {taskinstance.py:1308} INFO - Starting attempt 2 of 2
[2025-10-07T09:32:24.513+0000] {taskinstance.py:1327} INFO - Executing <Task(PythonOperator): create_teams_table> on 2025-10-07 09:27:15.148753+00:00
[2025-10-07T09:32:24.520+0000] {standard_task_runner.py:57} INFO - Started process 3540 to run task
[2025-10-07T09:32:24.524+0000] {standard_task_runner.py:84} INFO - Running: ['airflow', 'tasks', 'run', 'fpl_etl_pipeline', 'create_teams_table', 'manual__2025-10-07T09:27:15.148753+00:00', '--job-id', '68', '--raw', '--subdir', 'DAGS_FOLDER/fpl_etl_pipeline.py', '--cfg-path', '/tmp/tmpfthmuz_h']
[2025-10-07T09:32:24.527+0000] {standard_task_runner.py:85} INFO - Job 68: Subtask create_teams_table
[2025-10-07T09:32:24.610+0000] {task_command.py:410} INFO - Running <TaskInstance: fpl_etl_pipeline.create_teams_table manual__2025-10-07T09:27:15.148753+00:00 [running]> on host 87086c9410a5
[2025-10-07T09:32:24.751+0000] {taskinstance.py:1547} INFO - Exporting env vars: AIRFLOW_CTX_DAG_OWNER='richardilemon' AIRFLOW_CTX_DAG_ID='fpl_etl_pipeline' AIRFLOW_CTX_TASK_ID='create_teams_table' AIRFLOW_CTX_EXECUTION_DATE='2025-10-07T09:27:15.148753+00:00' AIRFLOW_CTX_TRY_NUMBER='2' AIRFLOW_CTX_DAG_RUN_ID='manual__2025-10-07T09:27:15.148753+00:00'
[2025-10-07T09:32:24.774+0000] {base.py:73} INFO - Using connection ID 'fpl_db_conn' for task execution.
[2025-10-07T09:32:24.784+0000] {db_config.py:33} INFO - Database Connection Established
[2025-10-07T09:32:24.785+0000] {db_config.py:43} ERROR - Failed to connect to database: create_teams_table() got an unexpected keyword argument 'conf'
[2025-10-07T09:32:24.786+0000] {taskinstance.py:1824} ERROR - Task failed with exception
Traceback (most recent call last):
  File "/home/airflow/.local/lib/python3.7/site-packages/airflow/operators/python.py", line 181, in execute
    return_value = self.execute_callable()
  File "/home/airflow/.local/lib/python3.7/site-packages/airflow/operators/python.py", line 198, in execute_callable
    return self.python_callable(*self.op_args, **self.op_kwargs)
  File "/opt/airflow/scripts/db_config.py", line 35, in wrapper
    result = func(_connection, *args, **kwargs)  # fetch_teams_data(_connection)
TypeError: create_teams_table() got an unexpected keyword argument 'conf'
[2025-10-07T09:32:24.812+0000] {taskinstance.py:1350} INFO - Marking task as FAILED. dag_id=fpl_etl_pipeline, task_id=create_teams_table, execution_date=20251007T092715, start_date=20251007T093224, end_date=20251007T093224
[2025-10-07T09:32:24.830+0000] {standard_task_runner.py:109} ERROR - Failed to execute job 68 for task create_teams_table (create_teams_table() got an unexpected keyword argument 'conf'; 3540)
[2025-10-07T09:32:24.857+0000] {local_task_job_runner.py:225} INFO - Task exited with return code 1
[2025-10-07T09:32:24.890+0000] {taskinstance.py:2653} INFO - 0 downstream tasks scheduled from follow-on schedule check
