[2025-10-29T09:02:04.935+0000] {taskinstance.py:1103} INFO - Dependencies all met for dep_context=non-requeueable deps ti=<TaskInstance: fpl_gameweeks_etl.fetch_players_gw_task manual__2025-10-29T09:01:40.856212+00:00 map_index=5 [queued]>
[2025-10-29T09:02:04.960+0000] {taskinstance.py:1103} INFO - Dependencies all met for dep_context=requeueable deps ti=<TaskInstance: fpl_gameweeks_etl.fetch_players_gw_task manual__2025-10-29T09:01:40.856212+00:00 map_index=5 [queued]>
[2025-10-29T09:02:04.961+0000] {taskinstance.py:1308} INFO - Starting attempt 1 of 2
[2025-10-29T09:02:05.256+0000] {taskinstance.py:1327} INFO - Executing <Mapped(_PythonDecoratedOperator): fetch_players_gw_task> on 2025-10-29 09:01:40.856212+00:00
[2025-10-29T09:02:05.273+0000] {standard_task_runner.py:57} INFO - Started process 6034 to run task
[2025-10-29T09:02:05.282+0000] {standard_task_runner.py:84} INFO - Running: ['airflow', 'tasks', 'run', 'fpl_gameweeks_etl', 'fetch_players_gw_task', 'manual__2025-10-29T09:01:40.856212+00:00', '--job-id', '443', '--raw', '--subdir', 'DAGS_FOLDER/fpl_gameweeks_dag.py', '--cfg-path', '/tmp/tmpeot2yfz4', '--map-index', '5']
[2025-10-29T09:02:05.287+0000] {standard_task_runner.py:85} INFO - Job 443: Subtask fetch_players_gw_task
[2025-10-29T09:02:05.438+0000] {task_command.py:410} INFO - Running <TaskInstance: fpl_gameweeks_etl.fetch_players_gw_task manual__2025-10-29T09:01:40.856212+00:00 map_index=5 [running]> on host dede24b5451e
[2025-10-29T09:02:05.698+0000] {taskinstance.py:1547} INFO - Exporting env vars: AIRFLOW_CTX_DAG_OWNER='richardilemon' AIRFLOW_CTX_DAG_ID='fpl_gameweeks_etl' AIRFLOW_CTX_TASK_ID='fetch_players_gw_task' AIRFLOW_CTX_EXECUTION_DATE='2025-10-29T09:01:40.856212+00:00' AIRFLOW_CTX_TRY_NUMBER='1' AIRFLOW_CTX_DAG_RUN_ID='manual__2025-10-29T09:01:40.856212+00:00'
[2025-10-29T09:02:06.417+0000] {fetch_api_data.py:96} WARNING - Failed to fetch data for Petr_Cech_1: 404
[2025-10-29T09:02:07.142+0000] {fetch_api_data.py:96} WARNING - Failed to fetch data for Bernd_Leno_2: 404
[2025-10-29T09:02:07.756+0000] {fetch_api_data.py:96} WARNING - Failed to fetch data for Laurent_Koscielny_3: 404
[2025-10-29T09:02:08.346+0000] {fetch_api_data.py:96} WARNING - Failed to fetch data for Héctor_Bellerín_4: 404
[2025-10-29T09:02:08.983+0000] {fetch_api_data.py:96} WARNING - Failed to fetch data for Nacho_Monreal_5: 404
[2025-10-29T09:02:09.586+0000] {fetch_api_data.py:96} WARNING - Failed to fetch data for Rob_Holding_6: 404
[2025-10-29T09:02:10.170+0000] {fetch_api_data.py:96} WARNING - Failed to fetch data for Shkodran_Mustafi_7: 404
[2025-10-29T09:02:10.987+0000] {fetch_api_data.py:96} WARNING - Failed to fetch data for Sead_Kolasinac_8: 404
[2025-10-29T09:02:12.400+0000] {fetch_api_data.py:96} WARNING - Failed to fetch data for Konstantinos_Mavropanos_10: 404
[2025-10-29T09:02:13.728+0000] {fetch_api_data.py:96} WARNING - Failed to fetch data for Stephan_Lichtsteiner_11: 404
[2025-10-29T09:02:14.591+0000] {fetch_api_data.py:96} WARNING - Failed to fetch data for Sokratis_Papastathopoulos_12: 404
[2025-10-29T09:02:15.448+0000] {fetch_api_data.py:96} WARNING - Failed to fetch data for Mesut_Özil_13: 404
[2025-10-29T09:02:16.297+0000] {fetch_api_data.py:96} WARNING - Failed to fetch data for Aaron_Ramsey_14: 404
[2025-10-29T09:02:17.026+0000] {fetch_api_data.py:96} WARNING - Failed to fetch data for Alex_Iwobi_15: 404
[2025-10-29T09:02:18.028+0000] {fetch_api_data.py:96} WARNING - Failed to fetch data for Mohamed_Elneny_16: 404
[2025-10-29T09:02:19.057+0000] {fetch_api_data.py:96} WARNING - Failed to fetch data for Granit_Xhaka_17: 404
[2025-10-29T09:02:19.780+0000] {fetch_api_data.py:96} WARNING - Failed to fetch data for Henrikh_Mkhitaryan_18: 404
[2025-10-29T09:02:20.492+0000] {fetch_api_data.py:96} WARNING - Failed to fetch data for Reiss_Nelson_19: 404
[2025-10-29T09:02:21.357+0000] {fetch_api_data.py:96} WARNING - Failed to fetch data for Ainsley_Maitland-Niles_20: 404
[2025-10-29T09:02:22.173+0000] {fetch_api_data.py:96} WARNING - Failed to fetch data for Danny_Welbeck_21: 404
[2025-10-29T09:02:23.201+0000] {fetch_api_data.py:96} WARNING - Failed to fetch data for Alexandre_Lacazette_22: 404
[2025-10-29T09:02:24.039+0000] {fetch_api_data.py:96} WARNING - Failed to fetch data for Pierre-Emerick_Aubameyang_23: 404
[2025-10-29T09:02:24.739+0000] {fetch_api_data.py:96} WARNING - Failed to fetch data for Lucas_Torreira_450: 404
[2025-10-29T09:02:25.665+0000] {fetch_api_data.py:96} WARNING - Failed to fetch data for Matteo_Guendouzi_451: 404
[2025-10-29T09:02:26.660+0000] {fetch_api_data.py:96} WARNING - Failed to fetch data for Emiliano_Martínez_542: 404
[2025-10-29T09:02:27.405+0000] {fetch_api_data.py:96} WARNING - Failed to fetch data for Emile_Smith-Rowe_545: 404
[2025-10-29T09:02:28.207+0000] {fetch_api_data.py:96} WARNING - Failed to fetch data for Zech_Medley_546: 404
[2025-10-29T09:02:29.258+0000] {fetch_api_data.py:96} WARNING - Failed to fetch data for Edward_Nketiah_552: 404
[2025-10-29T09:02:30.604+0000] {fetch_api_data.py:96} WARNING - Failed to fetch data for Bukayo_Saka_563: 404
[2025-10-29T09:02:31.707+0000] {fetch_api_data.py:96} WARNING - Failed to fetch data for Joseph_Willock_566: 404
[2025-10-29T09:02:32.514+0000] {fetch_api_data.py:96} WARNING - Failed to fetch data for Carl_Jenkinson_581: 404
[2025-10-29T09:02:33.435+0000] {fetch_api_data.py:96} WARNING - Failed to fetch data for Denis_Suárez_586: 404
[2025-10-29T09:02:34.872+0000] {fetch_api_data.py:96} WARNING - Failed to fetch data for Asmir_Begovic_24: 404
[2025-10-29T09:02:35.625+0000] {fetch_api_data.py:96} WARNING - Failed to fetch data for Artur_Boruc_25: 404
[2025-10-29T09:02:37.071+0000] {fetch_api_data.py:96} WARNING - Failed to fetch data for Simon_Francis_26: 404
[2025-10-29T09:02:37.706+0000] {fetch_api_data.py:96} WARNING - Failed to fetch data for Steve_Cook_27: 404
[2025-10-29T09:02:38.501+0000] {fetch_api_data.py:96} WARNING - Failed to fetch data for Charlie_Daniels_28: 404
[2025-10-29T09:02:39.125+0000] {fetch_api_data.py:96} WARNING - Failed to fetch data for Adam_Smith_29: 404
[2025-10-29T09:02:39.888+0000] {fetch_api_data.py:96} WARNING - Failed to fetch data for Tyrone_Mings_30: 404
[2025-10-29T09:02:40.888+0000] {fetch_api_data.py:96} WARNING - Failed to fetch data for Nathan_Aké_31: 404
[2025-10-29T09:02:41.798+0000] {fetch_api_data.py:96} WARNING - Failed to fetch data for Jack_Simpson_32: 404
[2025-10-29T09:02:42.569+0000] {fetch_api_data.py:96} WARNING - Failed to fetch data for Marc_Pugh_34: 404
[2025-10-29T09:02:43.541+0000] {fetch_api_data.py:96} WARNING - Failed to fetch data for Andrew_Surman_35: 404
[2025-10-29T09:02:44.229+0000] {fetch_api_data.py:96} WARNING - Failed to fetch data for Junior_Stanislas_36: 404
[2025-10-29T09:02:44.980+0000] {fetch_api_data.py:96} WARNING - Failed to fetch data for Dan_Gosling_37: 404
[2025-10-29T09:02:45.920+0000] {fetch_api_data.py:96} WARNING - Failed to fetch data for Jordon_Ibe_38: 404
[2025-10-29T09:02:46.656+0000] {fetch_api_data.py:96} WARNING - Failed to fetch data for Lewis_Cook_39: 404
[2025-10-29T09:02:47.303+0000] {fetch_api_data.py:96} WARNING - Failed to fetch data for Ryan_Fraser_40: 404
[2025-10-29T09:02:47.958+0000] {fetch_api_data.py:96} WARNING - Failed to fetch data for Emerson_Hyndman_41: 404
[2025-10-29T09:02:48.552+0000] {fetch_api_data.py:96} WARNING - Failed to fetch data for David_Brooks_42: 404
[2025-10-29T09:02:49.132+0000] {fetch_api_data.py:96} WARNING - Failed to fetch data for Callum_Wilson_43: 404
[2025-10-29T09:02:49.869+0000] {fetch_api_data.py:96} WARNING - Failed to fetch data for Lys_Mousset_44: 404
[2025-10-29T09:02:50.471+0000] {fetch_api_data.py:96} WARNING - Failed to fetch data for Joshua_King_45: 404
[2025-10-29T09:02:51.098+0000] {fetch_api_data.py:96} WARNING - Failed to fetch data for Jermain_Defoe_46: 404
[2025-10-29T09:02:51.774+0000] {fetch_api_data.py:96} WARNING - Failed to fetch data for Nathaniel_Clyne_241: 404
[2025-10-29T09:02:52.481+0000] {fetch_api_data.py:96} WARNING - Failed to fetch data for Dominic_Solanke_259: 404
[2025-10-29T09:02:53.148+0000] {fetch_api_data.py:96} WARNING - Failed to fetch data for Diego_Rico_473: 404
[2025-10-29T09:02:53.744+0000] {fetch_api_data.py:96} WARNING - Failed to fetch data for Jefferson_Lerma_494: 404
[2025-10-29T09:02:54.385+0000] {fetch_api_data.py:96} WARNING - Failed to fetch data for Chris_Mepham_580: 404
[2025-10-29T09:02:54.999+0000] {fetch_api_data.py:96} WARNING - Failed to fetch data for Sam_Surridge_599: 404
[2025-10-29T09:02:55.586+0000] {fetch_api_data.py:96} WARNING - Failed to fetch data for Kyle_Taylor_600: 404
[2025-10-29T09:02:56.201+0000] {fetch_api_data.py:96} WARNING - Failed to fetch data for Nnamdi_Ofoborh_613: 404
[2025-10-29T09:02:56.781+0000] {fetch_api_data.py:96} WARNING - Failed to fetch data for Mark_Travers_616: 404
[2025-10-29T09:02:57.374+0000] {fetch_api_data.py:96} WARNING - Failed to fetch data for Matt_Butcher_620: 404
[2025-10-29T09:02:57.956+0000] {fetch_api_data.py:96} WARNING - Failed to fetch data for Mathew_Ryan_47: 404
[2025-10-29T09:02:58.532+0000] {fetch_api_data.py:96} WARNING - Failed to fetch data for Lewis_Dunk_48: 404
[2025-10-29T09:02:59.137+0000] {fetch_api_data.py:96} WARNING - Failed to fetch data for Shane_Duffy_49: 404
[2025-10-29T09:02:59.836+0000] {fetch_api_data.py:96} WARNING - Failed to fetch data for Bruno_Saltor Grau_50: 404
[2025-10-29T09:03:00.425+0000] {fetch_api_data.py:96} WARNING - Failed to fetch data for Gaëtan_Bong_51: 404
[2025-10-29T09:03:01.034+0000] {fetch_api_data.py:96} WARNING - Failed to fetch data for Markus_Suttner_52: 404
[2025-10-29T09:03:01.610+0000] {fetch_api_data.py:96} WARNING - Failed to fetch data for Ezequiel_Schelotto_53: 404
[2025-10-29T09:03:02.309+0000] {fetch_api_data.py:96} WARNING - Failed to fetch data for Leon_Balogun_54: 404
[2025-10-29T09:03:02.892+0000] {fetch_api_data.py:96} WARNING - Failed to fetch data for Anthony_Knockaert_55: 404
[2025-10-29T09:03:03.488+0000] {fetch_api_data.py:96} WARNING - Failed to fetch data for Dale_Stephens_56: 404
[2025-10-29T09:03:04.113+0000] {fetch_api_data.py:96} WARNING - Failed to fetch data for Beram_Kayal_57: 404
[2025-10-29T09:03:04.752+0000] {fetch_api_data.py:96} WARNING - Failed to fetch data for Solomon_March_58: 404
[2025-10-29T09:03:05.433+0000] {fetch_api_data.py:96} WARNING - Failed to fetch data for Pascal_Groß_59: 404
[2025-10-29T09:03:06.027+0000] {fetch_api_data.py:96} WARNING - Failed to fetch data for Davy_Pröpper_60: 404
[2025-10-29T09:03:06.629+0000] {fetch_api_data.py:96} WARNING - Failed to fetch data for José Heriberto_Izquierdo Mena_61: 404
[2025-10-29T09:03:07.211+0000] {fetch_api_data.py:96} WARNING - Failed to fetch data for Glenn_Murray_62: 404
[2025-10-29T09:03:07.876+0000] {fetch_api_data.py:96} WARNING - Failed to fetch data for Tomer_Hemed_63: 404
[2025-10-29T09:03:08.478+0000] {fetch_api_data.py:96} WARNING - Failed to fetch data for Sam_Baldock_64: 404
[2025-10-29T09:03:09.105+0000] {fetch_api_data.py:96} WARNING - Failed to fetch data for Jürgen_Locadia_65: 404
[2025-10-29T09:03:09.719+0000] {fetch_api_data.py:96} WARNING - Failed to fetch data for Florin_Andone_66: 404
[2025-10-29T09:03:10.334+0000] {fetch_api_data.py:96} WARNING - Failed to fetch data for David_Button_179: 404
[2025-10-29T09:03:10.981+0000] {fetch_api_data.py:96} WARNING - Failed to fetch data for Jason_Steele_439: 404
[2025-10-29T09:03:11.583+0000] {fetch_api_data.py:96} WARNING - Failed to fetch data for Bernardo_Fernandes da Silva Junior_440: 404
[2025-10-29T09:03:12.188+0000] {fetch_api_data.py:96} WARNING - Failed to fetch data for Yves_Bissouma_466: 404
[2025-10-29T09:03:12.816+0000] {fetch_api_data.py:96} WARNING - Failed to fetch data for Alireza_Jahanbakhsh_476: 404
[2025-10-29T09:03:13.506+0000] {fetch_api_data.py:96} WARNING - Failed to fetch data for Martín_Montoya_503: 404
[2025-10-29T09:03:14.297+0000] {fetch_api_data.py:96} WARNING - Failed to fetch data for Viktor_Gyokeres_551: 404
[2025-10-29T09:03:15.183+0000] {fetch_api_data.py:96} WARNING - Failed to fetch data for Ben_White_559: 404
[2025-10-29T09:03:15.808+0000] {fetch_api_data.py:96} WARNING - Failed to fetch data for Max_Sanders_572: 404
[2025-10-29T09:03:16.457+0000] {fetch_api_data.py:96} WARNING - Failed to fetch data for Dan_Burn_582: 404
[2025-10-29T09:03:17.047+0000] {fetch_api_data.py:96} WARNING - Failed to fetch data for Jayson_Molumby_617: 404
[2025-10-29T09:03:17.670+0000] {fetch_api_data.py:96} WARNING - Failed to fetch data for Tom_Heaton_67: 404
[2025-10-29T09:03:18.266+0000] {fetch_api_data.py:96} WARNING - Failed to fetch data for Nick_Pope_68: 404
[2025-10-29T09:03:18.893+0000] {fetch_api_data.py:96} WARNING - Failed to fetch data for Matthew_Lowton_69: 404
[2025-10-29T09:03:19.518+0000] {fetch_api_data.py:96} WARNING - Failed to fetch data for Ben_Mee_70: 404
[2025-10-29T09:03:20.162+0000] {fetch_api_data.py:96} WARNING - Failed to fetch data for Stephen_Ward_71: 404
[2025-10-29T09:03:20.752+0000] {fetch_api_data.py:96} WARNING - Failed to fetch data for James_Tarkowski_72: 404
[2025-10-29T09:03:21.367+0000] {fetch_api_data.py:96} WARNING - Failed to fetch data for Kevin_Long_73: 404
[2025-10-29T09:03:21.981+0000] {fetch_api_data.py:96} WARNING - Failed to fetch data for Charlie_Taylor_74: 404
[2025-10-29T09:03:22.578+0000] {fetch_api_data.py:96} WARNING - Failed to fetch data for Phil_Bardsley_75: 404
[2025-10-29T09:03:23.198+0000] {fetch_api_data.py:96} WARNING - Failed to fetch data for Johann Berg_Gudmundsson_76: 404
[2025-10-29T09:03:23.774+0000] {fetch_api_data.py:96} WARNING - Failed to fetch data for Steven_Defour_77: 404
[2025-10-29T09:03:24.359+0000] {fetch_api_data.py:96} WARNING - Failed to fetch data for Jeff_Hendrick_78: 404
[2025-10-29T09:03:24.971+0000] {fetch_api_data.py:96} WARNING - Failed to fetch data for Robbie_Brady_79: 404
[2025-10-29T09:03:25.611+0000] {fetch_api_data.py:96} WARNING - Failed to fetch data for Ashley_Westwood_80: 404
[2025-10-29T09:03:26.280+0000] {fetch_api_data.py:96} WARNING - Failed to fetch data for Jonathan_Walters_81: 404
[2025-10-29T09:03:26.888+0000] {fetch_api_data.py:96} WARNING - Failed to fetch data for Jack_Cork_82: 404
[2025-10-29T09:03:27.506+0000] {fetch_api_data.py:96} WARNING - Failed to fetch data for Aaron_Lennon_83: 404
[2025-10-29T09:03:28.148+0000] {fetch_api_data.py:96} WARNING - Failed to fetch data for Sam_Vokes_84: 404
[2025-10-29T09:03:28.755+0000] {fetch_api_data.py:96} WARNING - Failed to fetch data for Ashley_Barnes_85: 404
[2025-10-29T09:03:29.318+0000] {fetch_api_data.py:96} WARNING - Failed to fetch data for Nahki_Wells_86: 404
[2025-10-29T09:03:29.906+0000] {fetch_api_data.py:96} WARNING - Failed to fetch data for Chris_Wood_87: 404
[2025-10-29T09:03:30.563+0000] {fetch_api_data.py:96} WARNING - Failed to fetch data for Anders_Lindegaard_485: 404
[2025-10-29T09:03:31.211+0000] {fetch_api_data.py:96} WARNING - Failed to fetch data for Joe_Hart_490: 404
[2025-10-29T09:03:31.803+0000] {fetch_api_data.py:96} WARNING - Failed to fetch data for Ben_Gibson_491: 404
[2025-10-29T09:03:32.423+0000] {fetch_api_data.py:96} WARNING - Failed to fetch data for Matej_Vydra_495: 404
[2025-10-29T09:03:33.044+0000] {fetch_api_data.py:96} WARNING - Failed to fetch data for Dwight_McNeil_534: 404
[2025-10-29T09:03:33.643+0000] {fetch_api_data.py:96} WARNING - Failed to fetch data for Abd-Al-Ali Morakinyo Olaposi_Koiki_564: 404
[2025-10-29T09:03:34.242+0000] {fetch_api_data.py:96} WARNING - Failed to fetch data for Josh_Benson_583: 404
[2025-10-29T09:03:34.824+0000] {fetch_api_data.py:96} WARNING - Failed to fetch data for Peter_Crouch_590: 404
[2025-10-29T09:03:35.536+0000] {fetch_api_data.py:96} WARNING - Failed to fetch data for Anthony_Driscoll-Glennon_615: 404
[2025-10-29T09:03:36.190+0000] {fetch_api_data.py:96} WARNING - Failed to fetch data for Harry_Arter_33: 404
[2025-10-29T09:03:36.807+0000] {fetch_api_data.py:96} WARNING - Failed to fetch data for Neil_Etheridge_88: 404
[2025-10-29T09:03:37.451+0000] {fetch_api_data.py:96} WARNING - Failed to fetch data for Alex_Smithies_89: 404
[2025-10-29T09:03:38.019+0000] {fetch_api_data.py:96} WARNING - Failed to fetch data for Sean_Morrison_90: 404
[2025-10-29T09:03:38.630+0000] {fetch_api_data.py:96} WARNING - Failed to fetch data for Sol_Bamba_91: 404
[2025-10-29T09:03:39.224+0000] {fetch_api_data.py:96} WARNING - Failed to fetch data for Bruno_Ecuele Manga_92: 404
[2025-10-29T09:03:39.812+0000] {fetch_api_data.py:96} WARNING - Failed to fetch data for Matthew_Connolly_93: 404
[2025-10-29T09:03:40.432+0000] {fetch_api_data.py:96} WARNING - Failed to fetch data for Joe_Bennett_94: 404
[2025-10-29T09:03:41.030+0000] {fetch_api_data.py:96} WARNING - Failed to fetch data for Lee_Peltier_95: 404
[2025-10-29T09:03:41.746+0000] {fetch_api_data.py:96} WARNING - Failed to fetch data for Ashley Darel Jazz_Richards_96: 404
[2025-10-29T09:03:42.407+0000] {fetch_api_data.py:96} WARNING - Failed to fetch data for Greg_Halford_97: 404
[2025-10-29T09:03:43.127+0000] {fetch_api_data.py:96} WARNING - Failed to fetch data for Joe_Ralls_98: 404
[2025-10-29T09:03:43.786+0000] {fetch_api_data.py:96} WARNING - Failed to fetch data for David Junior_Hoilett_99: 404
[2025-10-29T09:03:44.418+0000] {fetch_api_data.py:96} WARNING - Failed to fetch data for Nathaniel_Mendez-Laing_100: 404
[2025-10-29T09:03:45.107+0000] {fetch_api_data.py:96} WARNING - Failed to fetch data for Callum_Paterson_101: 404
[2025-10-29T09:03:46.087+0000] {fetch_api_data.py:96} WARNING - Failed to fetch data for Aron_Gunnarsson_102: 404
[2025-10-29T09:03:46.751+0000] {local_task_job_runner.py:292} WARNING - State of this instance has been externally set to failed. Terminating instance.
[2025-10-29T09:03:46.763+0000] {process_utils.py:135} INFO - Sending Signals.SIGTERM to group 6034. PIDs of all processes in the group: [6034]
[2025-10-29T09:03:46.764+0000] {process_utils.py:86} INFO - Sending the signal Signals.SIGTERM to group 6034
[2025-10-29T09:03:46.770+0000] {taskinstance.py:1517} ERROR - Received SIGTERM. Terminating subprocesses.
[2025-10-29T09:03:46.904+0000] {process_utils.py:79} INFO - Process psutil.Process(pid=6034, status='terminated', exitcode=0, started='09:02:04') (6034) terminated with exit code 0
