[2025-10-30T00:23:47.856+0000] {taskinstance.py:1103} INFO - Dependencies all met for dep_context=non-requeueable deps ti=<TaskInstance: fpl_gameweeks_etl.create_gameweeks_table manual__2025-10-30T00:23:45.154585+00:00 [queued]>
[2025-10-30T00:23:47.875+0000] {taskinstance.py:1103} INFO - Dependencies all met for dep_context=requeueable deps ti=<TaskInstance: fpl_gameweeks_etl.create_gameweeks_table manual__2025-10-30T00:23:45.154585+00:00 [queued]>
[2025-10-30T00:23:47.876+0000] {taskinstance.py:1308} INFO - Starting attempt 1 of 2
[2025-10-30T00:23:47.966+0000] {taskinstance.py:1327} INFO - Executing <Task(PostgresOperator): create_gameweeks_table> on 2025-10-30 00:23:45.154585+00:00
[2025-10-30T00:23:47.985+0000] {standard_task_runner.py:57} INFO - Started process 10833 to run task
[2025-10-30T00:23:48.001+0000] {standard_task_runner.py:84} INFO - Running: ['airflow', 'tasks', 'run', 'fpl_gameweeks_etl', 'create_gameweeks_table', 'manual__2025-10-30T00:23:45.154585+00:00', '--job-id', '2370', '--raw', '--subdir', 'DAGS_FOLDER/fpl_gameweeks_dag.py', '--cfg-path', '/tmp/tmptp21hayo']
[2025-10-30T00:23:48.008+0000] {standard_task_runner.py:85} INFO - Job 2370: Subtask create_gameweeks_table
[2025-10-30T00:23:48.722+0000] {task_command.py:410} INFO - Running <TaskInstance: fpl_gameweeks_etl.create_gameweeks_table manual__2025-10-30T00:23:45.154585+00:00 [running]> on host 27ecd0db3cbd
[2025-10-30T00:23:49.115+0000] {taskinstance.py:1547} INFO - Exporting env vars: AIRFLOW_CTX_DAG_OWNER='richardilemon' AIRFLOW_CTX_DAG_ID='fpl_gameweeks_etl' AIRFLOW_CTX_TASK_ID='create_gameweeks_table' AIRFLOW_CTX_EXECUTION_DATE='2025-10-30T00:23:45.154585+00:00' AIRFLOW_CTX_TRY_NUMBER='1' AIRFLOW_CTX_DAG_RUN_ID='manual__2025-10-30T00:23:45.154585+00:00'
[2025-10-30T00:23:49.123+0000] {sql.py:265} INFO - Executing: 
            CREATE TABLE IF NOT EXISTS game_weeks (
                season TEXT,
                gameweek INTEGER,
                deadline TIMESTAMP,
                PRIMARY KEY (season, gameweek)
            );
        
[2025-10-30T00:23:49.162+0000] {base.py:73} INFO - Using connection ID 'fpl_db_conn' for task execution.
[2025-10-30T00:23:49.387+0000] {base.py:73} INFO - Using connection ID 'fpl_db_conn' for task execution.
[2025-10-30T00:23:49.408+0000] {sql.py:375} INFO - Running statement: 
            CREATE TABLE IF NOT EXISTS game_weeks (
                season TEXT,
                gameweek INTEGER,
                deadline TIMESTAMP,
                PRIMARY KEY (season, gameweek)
            );
        , parameters: None
[2025-10-30T00:23:49.455+0000] {taskinstance.py:1350} INFO - Marking task as SUCCESS. dag_id=fpl_gameweeks_etl, task_id=create_gameweeks_table, execution_date=20251030T002345, start_date=20251030T002347, end_date=20251030T002349
[2025-10-30T00:23:49.519+0000] {local_task_job_runner.py:225} INFO - Task exited with return code 0
[2025-10-30T00:23:49.933+0000] {taskinstance.py:2653} INFO - 7 downstream tasks scheduled from follow-on schedule check
