[2025-10-25T20:25:38.475+0000] {taskinstance.py:1103} INFO - Dependencies all met for dep_context=non-requeueable deps ti=<TaskInstance: fpl_etl_pipeline.load_fixtures_task manual__2025-10-25T20:25:18.520674+00:00 [queued]>
[2025-10-25T20:25:38.493+0000] {taskinstance.py:1103} INFO - Dependencies all met for dep_context=requeueable deps ti=<TaskInstance: fpl_etl_pipeline.load_fixtures_task manual__2025-10-25T20:25:18.520674+00:00 [queued]>
[2025-10-25T20:25:38.494+0000] {taskinstance.py:1308} INFO - Starting attempt 1 of 2
[2025-10-25T20:25:38.637+0000] {taskinstance.py:1327} INFO - Executing <Task(_PythonDecoratedOperator): load_fixtures_task> on 2025-10-25 20:25:18.520674+00:00
[2025-10-25T20:25:38.643+0000] {standard_task_runner.py:57} INFO - Started process 2679 to run task
[2025-10-25T20:25:38.646+0000] {standard_task_runner.py:84} INFO - Running: ['airflow', 'tasks', 'run', 'fpl_etl_pipeline', 'load_fixtures_task', 'manual__2025-10-25T20:25:18.520674+00:00', '--job-id', '6328', '--raw', '--subdir', 'DAGS_FOLDER/fpl_etl_pipeline.py', '--cfg-path', '/tmp/tmp3nlitmnw']
[2025-10-25T20:25:38.648+0000] {standard_task_runner.py:85} INFO - Job 6328: Subtask load_fixtures_task
[2025-10-25T20:25:38.736+0000] {task_command.py:410} INFO - Running <TaskInstance: fpl_etl_pipeline.load_fixtures_task manual__2025-10-25T20:25:18.520674+00:00 [running]> on host 754e4af34fcd
[2025-10-25T20:25:39.041+0000] {taskinstance.py:1547} INFO - Exporting env vars: AIRFLOW_CTX_DAG_OWNER='richardilemon' AIRFLOW_CTX_DAG_ID='fpl_etl_pipeline' AIRFLOW_CTX_TASK_ID='load_fixtures_task' AIRFLOW_CTX_EXECUTION_DATE='2025-10-25T20:25:18.520674+00:00' AIRFLOW_CTX_TRY_NUMBER='1' AIRFLOW_CTX_DAG_RUN_ID='manual__2025-10-25T20:25:18.520674+00:00'
[2025-10-25T20:25:39.076+0000] {base.py:73} INFO - Using connection ID 'fpl_db_conn' for task execution.
[2025-10-25T20:25:39.092+0000] {db_config.py:66} INFO - Database Connection Established
[2025-10-25T20:25:39.330+0000] {logging_mixin.py:150} INFO - ✅ Inserted/Updated 380 fixtures.
[2025-10-25T20:25:39.438+0000] {logging_mixin.py:150} INFO - ✅ Inserted/Updated 380 fixtures.
[2025-10-25T20:25:39.565+0000] {logging_mixin.py:150} INFO - ✅ Inserted/Updated 380 fixtures.
[2025-10-25T20:25:39.698+0000] {logging_mixin.py:150} INFO - ✅ Inserted/Updated 380 fixtures.
[2025-10-25T20:25:39.816+0000] {logging_mixin.py:150} INFO - ✅ Inserted/Updated 380 fixtures.
[2025-10-25T20:25:39.949+0000] {logging_mixin.py:150} INFO - ✅ Inserted/Updated 380 fixtures.
[2025-10-25T20:25:40.059+0000] {logging_mixin.py:150} INFO - ✅ Inserted/Updated 380 fixtures.
[2025-10-25T20:25:40.066+0000] {python.py:183} INFO - Done. Returned value was: None
[2025-10-25T20:25:40.083+0000] {taskinstance.py:1350} INFO - Marking task as SUCCESS. dag_id=fpl_etl_pipeline, task_id=load_fixtures_task, execution_date=20251025T202518, start_date=20251025T202538, end_date=20251025T202540
[2025-10-25T20:25:40.143+0000] {local_task_job_runner.py:225} INFO - Task exited with return code 0
[2025-10-25T20:25:40.173+0000] {taskinstance.py:2653} INFO - 0 downstream tasks scheduled from follow-on schedule check
