[2025-10-25T20:00:56.545+0000] {taskinstance.py:1103} INFO - Dependencies all met for dep_context=non-requeueable deps ti=<TaskInstance: fpl_etl_pipeline.load_fixtures_task manual__2025-10-25T19:52:36.016138+00:00 [queued]>
[2025-10-25T20:00:56.559+0000] {taskinstance.py:1103} INFO - Dependencies all met for dep_context=requeueable deps ti=<TaskInstance: fpl_etl_pipeline.load_fixtures_task manual__2025-10-25T19:52:36.016138+00:00 [queued]>
[2025-10-25T20:00:56.560+0000] {taskinstance.py:1308} INFO - Starting attempt 1 of 2
[2025-10-25T20:00:56.709+0000] {taskinstance.py:1327} INFO - Executing <Task(_PythonDecoratedOperator): load_fixtures_task> on 2025-10-25 19:52:36.016138+00:00
[2025-10-25T20:00:56.714+0000] {standard_task_runner.py:57} INFO - Started process 1613 to run task
[2025-10-25T20:00:56.717+0000] {standard_task_runner.py:84} INFO - Running: ['airflow', 'tasks', 'run', 'fpl_etl_pipeline', 'load_fixtures_task', 'manual__2025-10-25T19:52:36.016138+00:00', '--job-id', '6175', '--raw', '--subdir', 'DAGS_FOLDER/fpl_etl_pipeline.py', '--cfg-path', '/tmp/tmpk2j8kh6k']
[2025-10-25T20:00:56.718+0000] {standard_task_runner.py:85} INFO - Job 6175: Subtask load_fixtures_task
[2025-10-25T20:00:56.820+0000] {task_command.py:410} INFO - Running <TaskInstance: fpl_etl_pipeline.load_fixtures_task manual__2025-10-25T19:52:36.016138+00:00 [running]> on host 754e4af34fcd
[2025-10-25T20:00:56.997+0000] {taskinstance.py:1547} INFO - Exporting env vars: AIRFLOW_CTX_DAG_OWNER='richardilemon' AIRFLOW_CTX_DAG_ID='fpl_etl_pipeline' AIRFLOW_CTX_TASK_ID='load_fixtures_task' AIRFLOW_CTX_EXECUTION_DATE='2025-10-25T19:52:36.016138+00:00' AIRFLOW_CTX_TRY_NUMBER='1' AIRFLOW_CTX_DAG_RUN_ID='manual__2025-10-25T19:52:36.016138+00:00'
[2025-10-25T20:00:56.999+0000] {taskinstance.py:1824} ERROR - Task failed with exception
Traceback (most recent call last):
  File "/home/airflow/.local/lib/python3.7/site-packages/airflow/decorators/base.py", line 220, in execute
    return_value = super().execute(context)
  File "/home/airflow/.local/lib/python3.7/site-packages/airflow/operators/python.py", line 181, in execute
    return_value = self.execute_callable()
  File "/home/airflow/.local/lib/python3.7/site-packages/airflow/operators/python.py", line 198, in execute_callable
    return self.python_callable(*self.op_args, **self.op_kwargs)
  File "/opt/airflow/dags/fpl_etl_pipeline.py", line 143, in load_fixtures_task
    return load_fixtures(fixtures)
TypeError: 'PlainXComArg' object is not callable
[2025-10-25T20:00:57.019+0000] {taskinstance.py:1350} INFO - Marking task as UP_FOR_RETRY. dag_id=fpl_etl_pipeline, task_id=load_fixtures_task, execution_date=20251025T195236, start_date=20251025T200056, end_date=20251025T200057
[2025-10-25T20:00:57.038+0000] {standard_task_runner.py:109} ERROR - Failed to execute job 6175 for task load_fixtures_task ('PlainXComArg' object is not callable; 1613)
[2025-10-25T20:00:57.051+0000] {local_task_job_runner.py:225} INFO - Task exited with return code 1
[2025-10-25T20:00:57.078+0000] {taskinstance.py:2653} INFO - 0 downstream tasks scheduled from follow-on schedule check
