[2025-10-30T15:54:49.998+0000] {taskinstance.py:1103} INFO - Dependencies all met for dep_context=non-requeueable deps ti=<TaskInstance: fpl_gameweeks_etl.create_gameweeks_table manual__2025-10-30T15:54:48.225883+00:00 [queued]>
[2025-10-30T15:54:50.011+0000] {taskinstance.py:1103} INFO - Dependencies all met for dep_context=requeueable deps ti=<TaskInstance: fpl_gameweeks_etl.create_gameweeks_table manual__2025-10-30T15:54:48.225883+00:00 [queued]>
[2025-10-30T15:54:50.012+0000] {taskinstance.py:1308} INFO - Starting attempt 1 of 2
[2025-10-30T15:54:50.031+0000] {taskinstance.py:1327} INFO - Executing <Task(PostgresOperator): create_gameweeks_table> on 2025-10-30 15:54:48.225883+00:00
[2025-10-30T15:54:50.036+0000] {standard_task_runner.py:57} INFO - Started process 4038 to run task
[2025-10-30T15:54:50.040+0000] {standard_task_runner.py:84} INFO - Running: ['airflow', 'tasks', 'run', 'fpl_gameweeks_etl', 'create_gameweeks_table', 'manual__2025-10-30T15:54:48.225883+00:00', '--job-id', '2768', '--raw', '--subdir', 'DAGS_FOLDER/fpl_gameweeks_dag.py', '--cfg-path', '/tmp/tmp9wct08ok']
[2025-10-30T15:54:50.041+0000] {standard_task_runner.py:85} INFO - Job 2768: Subtask create_gameweeks_table
[2025-10-30T15:54:50.319+0000] {task_command.py:410} INFO - Running <TaskInstance: fpl_gameweeks_etl.create_gameweeks_table manual__2025-10-30T15:54:48.225883+00:00 [running]> on host 83097c7e7881
[2025-10-30T15:54:50.459+0000] {taskinstance.py:1547} INFO - Exporting env vars: AIRFLOW_CTX_DAG_OWNER='richardilemon' AIRFLOW_CTX_DAG_ID='fpl_gameweeks_etl' AIRFLOW_CTX_TASK_ID='create_gameweeks_table' AIRFLOW_CTX_EXECUTION_DATE='2025-10-30T15:54:48.225883+00:00' AIRFLOW_CTX_TRY_NUMBER='1' AIRFLOW_CTX_DAG_RUN_ID='manual__2025-10-30T15:54:48.225883+00:00'
[2025-10-30T15:54:50.460+0000] {sql.py:265} INFO - Executing: 
            CREATE TABLE IF NOT EXISTS game_weeks (
                season TEXT,
                gameweek INTEGER,
                deadline TIMESTAMP,
                PRIMARY KEY (season, gameweek)
            );
        
[2025-10-30T15:54:50.478+0000] {base.py:73} INFO - Using connection ID 'fpl_db_conn' for task execution.
[2025-10-30T15:54:50.548+0000] {base.py:73} INFO - Using connection ID 'fpl_db_conn' for task execution.
[2025-10-30T15:54:50.558+0000] {sql.py:375} INFO - Running statement: 
            CREATE TABLE IF NOT EXISTS game_weeks (
                season TEXT,
                gameweek INTEGER,
                deadline TIMESTAMP,
                PRIMARY KEY (season, gameweek)
            );
        , parameters: None
[2025-10-30T15:54:50.576+0000] {taskinstance.py:1350} INFO - Marking task as SUCCESS. dag_id=fpl_gameweeks_etl, task_id=create_gameweeks_table, execution_date=20251030T155448, start_date=20251030T155449, end_date=20251030T155450
[2025-10-30T15:54:50.614+0000] {local_task_job_runner.py:225} INFO - Task exited with return code 0
[2025-10-30T15:54:50.807+0000] {taskinstance.py:2653} INFO - 7 downstream tasks scheduled from follow-on schedule check
