[2025-10-25T21:34:23.696+0000] {taskinstance.py:1103} INFO - Dependencies all met for dep_context=non-requeueable deps ti=<TaskInstance: fpl_gameweeks_etl.load_gameweeks_task manual__2025-10-25T21:34:04.940240+00:00 [queued]>
[2025-10-25T21:34:23.710+0000] {taskinstance.py:1103} INFO - Dependencies all met for dep_context=requeueable deps ti=<TaskInstance: fpl_gameweeks_etl.load_gameweeks_task manual__2025-10-25T21:34:04.940240+00:00 [queued]>
[2025-10-25T21:34:23.711+0000] {taskinstance.py:1308} INFO - Starting attempt 1 of 2
[2025-10-25T21:34:23.732+0000] {taskinstance.py:1327} INFO - Executing <Task(_PythonDecoratedOperator): load_gameweeks_task> on 2025-10-25 21:34:04.940240+00:00
[2025-10-25T21:34:23.737+0000] {standard_task_runner.py:57} INFO - Started process 5151 to run task
[2025-10-25T21:34:23.741+0000] {standard_task_runner.py:84} INFO - Running: ['airflow', 'tasks', 'run', 'fpl_gameweeks_etl', 'load_gameweeks_task', 'manual__2025-10-25T21:34:04.940240+00:00', '--job-id', '6444', '--raw', '--subdir', 'DAGS_FOLDER/fpl_gameweeks_dag.py', '--cfg-path', '/tmp/tmpnaysm2so']
[2025-10-25T21:34:23.742+0000] {standard_task_runner.py:85} INFO - Job 6444: Subtask load_gameweeks_task
[2025-10-25T21:34:23.834+0000] {task_command.py:410} INFO - Running <TaskInstance: fpl_gameweeks_etl.load_gameweeks_task manual__2025-10-25T21:34:04.940240+00:00 [running]> on host 754e4af34fcd
[2025-10-25T21:34:24.150+0000] {taskinstance.py:1547} INFO - Exporting env vars: AIRFLOW_CTX_DAG_OWNER='richardilemon' AIRFLOW_CTX_DAG_ID='fpl_gameweeks_etl' AIRFLOW_CTX_TASK_ID='load_gameweeks_task' AIRFLOW_CTX_EXECUTION_DATE='2025-10-25T21:34:04.940240+00:00' AIRFLOW_CTX_TRY_NUMBER='1' AIRFLOW_CTX_DAG_RUN_ID='manual__2025-10-25T21:34:04.940240+00:00'
[2025-10-25T21:34:24.183+0000] {base.py:73} INFO - Using connection ID 'fpl_db_conn' for task execution.
[2025-10-25T21:34:24.198+0000] {db_config.py:66} INFO - Database Connection Established
[2025-10-25T21:34:24.224+0000] {db_config.py:76} ERROR - Failed to connect to database: too many values to unpack (expected 3)
[2025-10-25T21:34:24.225+0000] {taskinstance.py:1824} ERROR - Task failed with exception
Traceback (most recent call last):
  File "/home/airflow/.local/lib/python3.7/site-packages/airflow/decorators/base.py", line 220, in execute
    return_value = super().execute(context)
  File "/home/airflow/.local/lib/python3.7/site-packages/airflow/operators/python.py", line 181, in execute
    return_value = self.execute_callable()
  File "/home/airflow/.local/lib/python3.7/site-packages/airflow/operators/python.py", line 198, in execute_callable
    return self.python_callable(*self.op_args, **self.op_kwargs)
  File "/opt/airflow/dags/fpl_gameweeks_dag.py", line 58, in load_gameweeks_task
    return load_gameweeks(gameweeks)
  File "/opt/airflow/scripts/db_config.py", line 68, in wrapper
    result = func(connection, *args, **kwargs)  # fetch_teams_data(_connection)
  File "/opt/airflow/scripts/load_gameweeks.py", line 34, in load_gameweeks
    for season, gw, deadline in gameweeks:
ValueError: too many values to unpack (expected 3)
[2025-10-25T21:34:24.246+0000] {taskinstance.py:1350} INFO - Marking task as UP_FOR_RETRY. dag_id=fpl_gameweeks_etl, task_id=load_gameweeks_task, execution_date=20251025T213404, start_date=20251025T213423, end_date=20251025T213424
[2025-10-25T21:34:24.270+0000] {standard_task_runner.py:109} ERROR - Failed to execute job 6444 for task load_gameweeks_task (too many values to unpack (expected 3); 5151)
[2025-10-25T21:34:24.314+0000] {local_task_job_runner.py:225} INFO - Task exited with return code 1
[2025-10-25T21:34:24.350+0000] {taskinstance.py:2653} INFO - 0 downstream tasks scheduled from follow-on schedule check
