[2025-10-26T11:13:01.600+0000] {taskinstance.py:1103} INFO - Dependencies all met for dep_context=non-requeueable deps ti=<TaskInstance: fpl_gameweeks_etl.fetch_players_gw_task manual__2025-10-26T10:45:30.190961+00:00 map_index=657 [queued]>
[2025-10-26T11:13:02.828+0000] {taskinstance.py:1103} INFO - Dependencies all met for dep_context=requeueable deps ti=<TaskInstance: fpl_gameweeks_etl.fetch_players_gw_task manual__2025-10-26T10:45:30.190961+00:00 map_index=657 [queued]>
[2025-10-26T11:13:02.831+0000] {taskinstance.py:1308} INFO - Starting attempt 1 of 2
[2025-10-26T11:13:03.006+0000] {taskinstance.py:1327} INFO - Executing <Mapped(_PythonDecoratedOperator): fetch_players_gw_task> on 2025-10-26 10:45:30.190961+00:00
[2025-10-26T11:13:03.033+0000] {standard_task_runner.py:57} INFO - Started process 221 to run task
[2025-10-26T11:13:03.034+0000] {standard_task_runner.py:84} INFO - Running: ['airflow', 'tasks', 'run', 'fpl_gameweeks_etl', 'fetch_players_gw_task', 'manual__2025-10-26T10:45:30.190961+00:00', '--job-id', '7933', '--raw', '--subdir', 'DAGS_FOLDER/fpl_gameweeks_dag.py', '--cfg-path', '/tmp/tmphcfn39_g', '--map-index', '657']
[2025-10-26T11:13:03.075+0000] {standard_task_runner.py:85} INFO - Job 7933: Subtask fetch_players_gw_task
[2025-10-26T11:13:03.626+0000] {task_command.py:410} INFO - Running <TaskInstance: fpl_gameweeks_etl.fetch_players_gw_task manual__2025-10-26T10:45:30.190961+00:00 map_index=657 [running]> on host c3dbc1c35cec
[2025-10-26T11:13:10.493+0000] {taskinstance.py:1547} INFO - Exporting env vars: AIRFLOW_CTX_DAG_OWNER='richardilemon' AIRFLOW_CTX_DAG_ID='fpl_gameweeks_etl' AIRFLOW_CTX_TASK_ID='fetch_players_gw_task' AIRFLOW_CTX_EXECUTION_DATE='2025-10-26T10:45:30.190961+00:00' AIRFLOW_CTX_TRY_NUMBER='1' AIRFLOW_CTX_DAG_RUN_ID='manual__2025-10-26T10:45:30.190961+00:00'
[2025-10-26T11:13:11.675+0000] {fetch_api_data.py:66} INFO - Requested Url -> https://raw.githubusercontent.com/vaastav/Fantasy-Premier-League/master/data/2024-25/players/Petr_Cech_1/gw.csv
[2025-10-26T11:13:12.701+0000] {fetch_api_data.py:66} INFO - Requested Url -> https://raw.githubusercontent.com/vaastav/Fantasy-Premier-League/master/data/2024-25/players/Bernd_Leno_2/gw.csv
[2025-10-26T11:13:13.659+0000] {fetch_api_data.py:66} INFO - Requested Url -> https://raw.githubusercontent.com/vaastav/Fantasy-Premier-League/master/data/2024-25/players/Laurent_Koscielny_3/gw.csv
[2025-10-26T11:13:14.514+0000] {fetch_api_data.py:66} INFO - Requested Url -> https://raw.githubusercontent.com/vaastav/Fantasy-Premier-League/master/data/2024-25/players/Héctor_Bellerín_4/gw.csv
[2025-10-26T11:13:15.173+0000] {fetch_api_data.py:66} INFO - Requested Url -> https://raw.githubusercontent.com/vaastav/Fantasy-Premier-League/master/data/2024-25/players/Nacho_Monreal_5/gw.csv
[2025-10-26T11:13:15.989+0000] {fetch_api_data.py:66} INFO - Requested Url -> https://raw.githubusercontent.com/vaastav/Fantasy-Premier-League/master/data/2024-25/players/Rob_Holding_6/gw.csv
[2025-10-26T11:13:16.587+0000] {fetch_api_data.py:66} INFO - Requested Url -> https://raw.githubusercontent.com/vaastav/Fantasy-Premier-League/master/data/2024-25/players/Shkodran_Mustafi_7/gw.csv
[2025-10-26T11:13:17.277+0000] {fetch_api_data.py:66} INFO - Requested Url -> https://raw.githubusercontent.com/vaastav/Fantasy-Premier-League/master/data/2024-25/players/Sead_Kolasinac_8/gw.csv
[2025-10-26T11:13:17.923+0000] {fetch_api_data.py:66} INFO - Requested Url -> https://raw.githubusercontent.com/vaastav/Fantasy-Premier-League/master/data/2024-25/players/Konstantinos_Mavropanos_10/gw.csv
[2025-10-26T11:13:18.368+0000] {local_task_job_runner.py:292} WARNING - State of this instance has been externally set to removed. Terminating instance.
[2025-10-26T11:13:18.379+0000] {process_utils.py:135} INFO - Sending Signals.SIGTERM to group 221. PIDs of all processes in the group: [221]
[2025-10-26T11:13:18.382+0000] {process_utils.py:86} INFO - Sending the signal Signals.SIGTERM to group 221
[2025-10-26T11:13:18.384+0000] {taskinstance.py:1517} ERROR - Received SIGTERM. Terminating subprocesses.
[2025-10-26T11:13:18.745+0000] {process_utils.py:79} INFO - Process psutil.Process(pid=221, status='terminated', exitcode=0, started='11:13:02') (221) terminated with exit code 0
