[2025-10-29T09:04:05.810+0000] {taskinstance.py:1103} INFO - Dependencies all met for dep_context=non-requeueable deps ti=<TaskInstance: fpl_gameweeks_etl.fetch_players_gw_task manual__2025-10-29T09:03:41.618634+00:00 map_index=3 [queued]>
[2025-10-29T09:04:05.832+0000] {taskinstance.py:1103} INFO - Dependencies all met for dep_context=requeueable deps ti=<TaskInstance: fpl_gameweeks_etl.fetch_players_gw_task manual__2025-10-29T09:03:41.618634+00:00 map_index=3 [queued]>
[2025-10-29T09:04:05.835+0000] {taskinstance.py:1308} INFO - Starting attempt 1 of 2
[2025-10-29T09:04:06.120+0000] {taskinstance.py:1327} INFO - Executing <Mapped(_PythonDecoratedOperator): fetch_players_gw_task> on 2025-10-29 09:03:41.618634+00:00
[2025-10-29T09:04:06.131+0000] {standard_task_runner.py:57} INFO - Started process 6244 to run task
[2025-10-29T09:04:06.150+0000] {standard_task_runner.py:84} INFO - Running: ['airflow', 'tasks', 'run', 'fpl_gameweeks_etl', 'fetch_players_gw_task', 'manual__2025-10-29T09:03:41.618634+00:00', '--job-id', '487', '--raw', '--subdir', 'DAGS_FOLDER/fpl_gameweeks_dag.py', '--cfg-path', '/tmp/tmp12e3g727', '--map-index', '3']
[2025-10-29T09:04:06.152+0000] {standard_task_runner.py:85} INFO - Job 487: Subtask fetch_players_gw_task
[2025-10-29T09:04:06.289+0000] {task_command.py:410} INFO - Running <TaskInstance: fpl_gameweeks_etl.fetch_players_gw_task manual__2025-10-29T09:03:41.618634+00:00 map_index=3 [running]> on host dede24b5451e
[2025-10-29T09:04:06.634+0000] {taskinstance.py:1547} INFO - Exporting env vars: AIRFLOW_CTX_DAG_OWNER='richardilemon' AIRFLOW_CTX_DAG_ID='fpl_gameweeks_etl' AIRFLOW_CTX_TASK_ID='fetch_players_gw_task' AIRFLOW_CTX_EXECUTION_DATE='2025-10-29T09:03:41.618634+00:00' AIRFLOW_CTX_TRY_NUMBER='1' AIRFLOW_CTX_DAG_RUN_ID='manual__2025-10-29T09:03:41.618634+00:00'
[2025-10-29T09:04:07.289+0000] {fetch_api_data.py:96} WARNING - Failed to fetch data for Petr_Cech_1: 404
[2025-10-29T09:04:07.932+0000] {fetch_api_data.py:96} WARNING - Failed to fetch data for Bernd_Leno_2: 404
[2025-10-29T09:04:08.548+0000] {fetch_api_data.py:96} WARNING - Failed to fetch data for Laurent_Koscielny_3: 404
[2025-10-29T09:04:09.126+0000] {fetch_api_data.py:96} WARNING - Failed to fetch data for Héctor_Bellerín_4: 404
[2025-10-29T09:04:09.745+0000] {fetch_api_data.py:96} WARNING - Failed to fetch data for Nacho_Monreal_5: 404
[2025-10-29T09:04:10.306+0000] {fetch_api_data.py:96} WARNING - Failed to fetch data for Rob_Holding_6: 404
[2025-10-29T09:04:10.882+0000] {fetch_api_data.py:96} WARNING - Failed to fetch data for Shkodran_Mustafi_7: 404
[2025-10-29T09:04:11.445+0000] {fetch_api_data.py:96} WARNING - Failed to fetch data for Sead_Kolasinac_8: 404
[2025-10-29T09:04:12.034+0000] {fetch_api_data.py:96} WARNING - Failed to fetch data for Konstantinos_Mavropanos_10: 404
[2025-10-29T09:04:12.671+0000] {fetch_api_data.py:96} WARNING - Failed to fetch data for Stephan_Lichtsteiner_11: 404
[2025-10-29T09:04:13.285+0000] {fetch_api_data.py:96} WARNING - Failed to fetch data for Sokratis_Papastathopoulos_12: 404
[2025-10-29T09:04:13.848+0000] {fetch_api_data.py:96} WARNING - Failed to fetch data for Mesut_Özil_13: 404
[2025-10-29T09:04:14.478+0000] {fetch_api_data.py:96} WARNING - Failed to fetch data for Aaron_Ramsey_14: 404
[2025-10-29T09:04:15.152+0000] {fetch_api_data.py:96} WARNING - Failed to fetch data for Alex_Iwobi_15: 404
[2025-10-29T09:04:15.803+0000] {fetch_api_data.py:96} WARNING - Failed to fetch data for Mohamed_Elneny_16: 404
[2025-10-29T09:04:16.401+0000] {fetch_api_data.py:96} WARNING - Failed to fetch data for Granit_Xhaka_17: 404
[2025-10-29T09:04:16.964+0000] {fetch_api_data.py:96} WARNING - Failed to fetch data for Henrikh_Mkhitaryan_18: 404
[2025-10-29T09:04:17.586+0000] {fetch_api_data.py:96} WARNING - Failed to fetch data for Reiss_Nelson_19: 404
[2025-10-29T09:04:18.196+0000] {fetch_api_data.py:96} WARNING - Failed to fetch data for Ainsley_Maitland-Niles_20: 404
[2025-10-29T09:04:18.800+0000] {fetch_api_data.py:96} WARNING - Failed to fetch data for Danny_Welbeck_21: 404
[2025-10-29T09:04:19.523+0000] {fetch_api_data.py:96} WARNING - Failed to fetch data for Alexandre_Lacazette_22: 404
[2025-10-29T09:04:20.115+0000] {fetch_api_data.py:96} WARNING - Failed to fetch data for Pierre-Emerick_Aubameyang_23: 404
[2025-10-29T09:04:20.738+0000] {fetch_api_data.py:96} WARNING - Failed to fetch data for Lucas_Torreira_450: 404
[2025-10-29T09:04:21.362+0000] {fetch_api_data.py:96} WARNING - Failed to fetch data for Matteo_Guendouzi_451: 404
[2025-10-29T09:04:21.987+0000] {fetch_api_data.py:96} WARNING - Failed to fetch data for Emiliano_Martínez_542: 404
[2025-10-29T09:04:22.643+0000] {fetch_api_data.py:96} WARNING - Failed to fetch data for Emile_Smith-Rowe_545: 404
[2025-10-29T09:04:23.210+0000] {fetch_api_data.py:96} WARNING - Failed to fetch data for Zech_Medley_546: 404
[2025-10-29T09:04:23.869+0000] {fetch_api_data.py:96} WARNING - Failed to fetch data for Edward_Nketiah_552: 404
[2025-10-29T09:04:24.535+0000] {fetch_api_data.py:96} WARNING - Failed to fetch data for Bukayo_Saka_563: 404
[2025-10-29T09:04:25.148+0000] {fetch_api_data.py:96} WARNING - Failed to fetch data for Joseph_Willock_566: 404
[2025-10-29T09:04:25.783+0000] {fetch_api_data.py:96} WARNING - Failed to fetch data for Carl_Jenkinson_581: 404
[2025-10-29T09:04:26.444+0000] {fetch_api_data.py:96} WARNING - Failed to fetch data for Denis_Suárez_586: 404
[2025-10-29T09:04:27.283+0000] {fetch_api_data.py:96} WARNING - Failed to fetch data for Asmir_Begovic_24: 404
[2025-10-29T09:04:28.113+0000] {fetch_api_data.py:96} WARNING - Failed to fetch data for Artur_Boruc_25: 404
[2025-10-29T09:04:28.796+0000] {fetch_api_data.py:96} WARNING - Failed to fetch data for Simon_Francis_26: 404
[2025-10-29T09:04:29.702+0000] {fetch_api_data.py:96} WARNING - Failed to fetch data for Steve_Cook_27: 404
[2025-10-29T09:04:30.487+0000] {fetch_api_data.py:96} WARNING - Failed to fetch data for Charlie_Daniels_28: 404
[2025-10-29T09:04:31.118+0000] {fetch_api_data.py:96} WARNING - Failed to fetch data for Adam_Smith_29: 404
[2025-10-29T09:04:31.769+0000] {fetch_api_data.py:96} WARNING - Failed to fetch data for Tyrone_Mings_30: 404
[2025-10-29T09:04:32.563+0000] {fetch_api_data.py:96} WARNING - Failed to fetch data for Nathan_Aké_31: 404
[2025-10-29T09:04:33.268+0000] {fetch_api_data.py:96} WARNING - Failed to fetch data for Jack_Simpson_32: 404
[2025-10-29T09:04:33.923+0000] {fetch_api_data.py:96} WARNING - Failed to fetch data for Marc_Pugh_34: 404
[2025-10-29T09:04:34.498+0000] {fetch_api_data.py:96} WARNING - Failed to fetch data for Andrew_Surman_35: 404
[2025-10-29T09:04:35.120+0000] {fetch_api_data.py:96} WARNING - Failed to fetch data for Junior_Stanislas_36: 404
[2025-10-29T09:04:35.751+0000] {fetch_api_data.py:96} WARNING - Failed to fetch data for Dan_Gosling_37: 404
[2025-10-29T09:04:36.363+0000] {fetch_api_data.py:96} WARNING - Failed to fetch data for Jordon_Ibe_38: 404
[2025-10-29T09:04:37.039+0000] {fetch_api_data.py:96} WARNING - Failed to fetch data for Lewis_Cook_39: 404
[2025-10-29T09:04:37.692+0000] {fetch_api_data.py:96} WARNING - Failed to fetch data for Ryan_Fraser_40: 404
[2025-10-29T09:04:38.348+0000] {fetch_api_data.py:96} WARNING - Failed to fetch data for Emerson_Hyndman_41: 404
[2025-10-29T09:04:38.950+0000] {fetch_api_data.py:96} WARNING - Failed to fetch data for David_Brooks_42: 404
[2025-10-29T09:04:39.589+0000] {fetch_api_data.py:96} WARNING - Failed to fetch data for Callum_Wilson_43: 404
[2025-10-29T09:04:40.204+0000] {fetch_api_data.py:96} WARNING - Failed to fetch data for Lys_Mousset_44: 404
[2025-10-29T09:04:40.866+0000] {fetch_api_data.py:96} WARNING - Failed to fetch data for Joshua_King_45: 404
[2025-10-29T09:04:41.443+0000] {fetch_api_data.py:96} WARNING - Failed to fetch data for Jermain_Defoe_46: 404
[2025-10-29T09:04:42.079+0000] {fetch_api_data.py:96} WARNING - Failed to fetch data for Nathaniel_Clyne_241: 404
[2025-10-29T09:04:42.706+0000] {fetch_api_data.py:96} WARNING - Failed to fetch data for Dominic_Solanke_259: 404
[2025-10-29T09:04:43.298+0000] {fetch_api_data.py:96} WARNING - Failed to fetch data for Diego_Rico_473: 404
[2025-10-29T09:04:43.907+0000] {fetch_api_data.py:96} WARNING - Failed to fetch data for Jefferson_Lerma_494: 404
[2025-10-29T09:04:44.555+0000] {fetch_api_data.py:96} WARNING - Failed to fetch data for Chris_Mepham_580: 404
[2025-10-29T09:04:45.112+0000] {fetch_api_data.py:96} WARNING - Failed to fetch data for Sam_Surridge_599: 404
[2025-10-29T09:04:45.747+0000] {fetch_api_data.py:96} WARNING - Failed to fetch data for Kyle_Taylor_600: 404
[2025-10-29T09:04:46.378+0000] {fetch_api_data.py:96} WARNING - Failed to fetch data for Nnamdi_Ofoborh_613: 404
[2025-10-29T09:04:46.994+0000] {fetch_api_data.py:96} WARNING - Failed to fetch data for Mark_Travers_616: 404
[2025-10-29T09:04:47.626+0000] {fetch_api_data.py:96} WARNING - Failed to fetch data for Matt_Butcher_620: 404
[2025-10-29T09:04:48.237+0000] {fetch_api_data.py:96} WARNING - Failed to fetch data for Mathew_Ryan_47: 404
[2025-10-29T09:04:48.849+0000] {fetch_api_data.py:96} WARNING - Failed to fetch data for Lewis_Dunk_48: 404
[2025-10-29T09:04:49.453+0000] {fetch_api_data.py:96} WARNING - Failed to fetch data for Shane_Duffy_49: 404
[2025-10-29T09:04:50.146+0000] {fetch_api_data.py:96} WARNING - Failed to fetch data for Bruno_Saltor Grau_50: 404
[2025-10-29T09:04:50.758+0000] {fetch_api_data.py:96} WARNING - Failed to fetch data for Gaëtan_Bong_51: 404
[2025-10-29T09:04:51.378+0000] {fetch_api_data.py:96} WARNING - Failed to fetch data for Markus_Suttner_52: 404
[2025-10-29T09:04:51.984+0000] {fetch_api_data.py:96} WARNING - Failed to fetch data for Ezequiel_Schelotto_53: 404
[2025-10-29T09:04:52.598+0000] {fetch_api_data.py:96} WARNING - Failed to fetch data for Leon_Balogun_54: 404
[2025-10-29T09:04:53.189+0000] {fetch_api_data.py:96} WARNING - Failed to fetch data for Anthony_Knockaert_55: 404
[2025-10-29T09:04:53.788+0000] {fetch_api_data.py:96} WARNING - Failed to fetch data for Dale_Stephens_56: 404
[2025-10-29T09:04:54.387+0000] {fetch_api_data.py:96} WARNING - Failed to fetch data for Beram_Kayal_57: 404
[2025-10-29T09:04:54.982+0000] {fetch_api_data.py:96} WARNING - Failed to fetch data for Solomon_March_58: 404
[2025-10-29T09:04:55.688+0000] {fetch_api_data.py:96} WARNING - Failed to fetch data for Pascal_Groß_59: 404
[2025-10-29T09:04:56.550+0000] {fetch_api_data.py:96} WARNING - Failed to fetch data for Davy_Pröpper_60: 404
[2025-10-29T09:04:57.266+0000] {fetch_api_data.py:96} WARNING - Failed to fetch data for José Heriberto_Izquierdo Mena_61: 404
[2025-10-29T09:04:57.838+0000] {fetch_api_data.py:96} WARNING - Failed to fetch data for Glenn_Murray_62: 404
[2025-10-29T09:04:58.450+0000] {fetch_api_data.py:96} WARNING - Failed to fetch data for Tomer_Hemed_63: 404
[2025-10-29T09:04:59.077+0000] {fetch_api_data.py:96} WARNING - Failed to fetch data for Sam_Baldock_64: 404
[2025-10-29T09:04:59.674+0000] {fetch_api_data.py:96} WARNING - Failed to fetch data for Jürgen_Locadia_65: 404
[2025-10-29T09:05:00.269+0000] {fetch_api_data.py:96} WARNING - Failed to fetch data for Florin_Andone_66: 404
[2025-10-29T09:05:00.832+0000] {fetch_api_data.py:96} WARNING - Failed to fetch data for David_Button_179: 404
[2025-10-29T09:05:01.379+0000] {fetch_api_data.py:96} WARNING - Failed to fetch data for Jason_Steele_439: 404
[2025-10-29T09:05:02.067+0000] {fetch_api_data.py:96} WARNING - Failed to fetch data for Bernardo_Fernandes da Silva Junior_440: 404
[2025-10-29T09:05:02.735+0000] {fetch_api_data.py:96} WARNING - Failed to fetch data for Yves_Bissouma_466: 404
[2025-10-29T09:05:03.323+0000] {fetch_api_data.py:96} WARNING - Failed to fetch data for Alireza_Jahanbakhsh_476: 404
[2025-10-29T09:05:03.942+0000] {fetch_api_data.py:96} WARNING - Failed to fetch data for Martín_Montoya_503: 404
[2025-10-29T09:05:04.599+0000] {fetch_api_data.py:96} WARNING - Failed to fetch data for Viktor_Gyokeres_551: 404
[2025-10-29T09:05:05.470+0000] {fetch_api_data.py:96} WARNING - Failed to fetch data for Ben_White_559: 404
[2025-10-29T09:05:06.200+0000] {fetch_api_data.py:96} WARNING - Failed to fetch data for Max_Sanders_572: 404
[2025-10-29T09:05:06.979+0000] {fetch_api_data.py:96} WARNING - Failed to fetch data for Dan_Burn_582: 404
[2025-10-29T09:05:07.931+0000] {fetch_api_data.py:96} WARNING - Failed to fetch data for Jayson_Molumby_617: 404
[2025-10-29T09:05:08.581+0000] {fetch_api_data.py:96} WARNING - Failed to fetch data for Tom_Heaton_67: 404
[2025-10-29T09:05:09.424+0000] {fetch_api_data.py:96} WARNING - Failed to fetch data for Nick_Pope_68: 404
[2025-10-29T09:05:10.255+0000] {fetch_api_data.py:96} WARNING - Failed to fetch data for Matthew_Lowton_69: 404
[2025-10-29T09:05:10.971+0000] {fetch_api_data.py:96} WARNING - Failed to fetch data for Ben_Mee_70: 404
[2025-10-29T09:05:11.916+0000] {fetch_api_data.py:96} WARNING - Failed to fetch data for Stephen_Ward_71: 404
[2025-10-29T09:05:12.750+0000] {fetch_api_data.py:96} WARNING - Failed to fetch data for James_Tarkowski_72: 404
[2025-10-29T09:05:13.551+0000] {fetch_api_data.py:96} WARNING - Failed to fetch data for Kevin_Long_73: 404
[2025-10-29T09:05:14.269+0000] {fetch_api_data.py:96} WARNING - Failed to fetch data for Charlie_Taylor_74: 404
[2025-10-29T09:05:14.983+0000] {fetch_api_data.py:96} WARNING - Failed to fetch data for Phil_Bardsley_75: 404
[2025-10-29T09:05:15.708+0000] {fetch_api_data.py:96} WARNING - Failed to fetch data for Johann Berg_Gudmundsson_76: 404
[2025-10-29T09:05:16.375+0000] {fetch_api_data.py:96} WARNING - Failed to fetch data for Steven_Defour_77: 404
[2025-10-29T09:05:17.054+0000] {fetch_api_data.py:96} WARNING - Failed to fetch data for Jeff_Hendrick_78: 404
[2025-10-29T09:05:17.656+0000] {fetch_api_data.py:96} WARNING - Failed to fetch data for Robbie_Brady_79: 404
[2025-10-29T09:05:18.284+0000] {fetch_api_data.py:96} WARNING - Failed to fetch data for Ashley_Westwood_80: 404
[2025-10-29T09:05:18.876+0000] {fetch_api_data.py:96} WARNING - Failed to fetch data for Jonathan_Walters_81: 404
[2025-10-29T09:05:19.491+0000] {fetch_api_data.py:96} WARNING - Failed to fetch data for Jack_Cork_82: 404
[2025-10-29T09:05:20.125+0000] {fetch_api_data.py:96} WARNING - Failed to fetch data for Aaron_Lennon_83: 404
[2025-10-29T09:05:20.707+0000] {fetch_api_data.py:96} WARNING - Failed to fetch data for Sam_Vokes_84: 404
[2025-10-29T09:05:21.271+0000] {fetch_api_data.py:96} WARNING - Failed to fetch data for Ashley_Barnes_85: 404
[2025-10-29T09:05:21.893+0000] {fetch_api_data.py:96} WARNING - Failed to fetch data for Nahki_Wells_86: 404
[2025-10-29T09:05:22.527+0000] {fetch_api_data.py:96} WARNING - Failed to fetch data for Chris_Wood_87: 404
[2025-10-29T09:05:23.123+0000] {fetch_api_data.py:96} WARNING - Failed to fetch data for Anders_Lindegaard_485: 404
[2025-10-29T09:05:23.723+0000] {fetch_api_data.py:96} WARNING - Failed to fetch data for Joe_Hart_490: 404
[2025-10-29T09:05:24.375+0000] {fetch_api_data.py:96} WARNING - Failed to fetch data for Ben_Gibson_491: 404
[2025-10-29T09:05:25.400+0000] {fetch_api_data.py:96} WARNING - Failed to fetch data for Matej_Vydra_495: 404
[2025-10-29T09:05:26.154+0000] {fetch_api_data.py:96} WARNING - Failed to fetch data for Dwight_McNeil_534: 404
[2025-10-29T09:05:27.055+0000] {fetch_api_data.py:96} WARNING - Failed to fetch data for Abd-Al-Ali Morakinyo Olaposi_Koiki_564: 404
[2025-10-29T09:05:27.366+0000] {local_task_job_runner.py:292} WARNING - State of this instance has been externally set to failed. Terminating instance.
[2025-10-29T09:05:27.378+0000] {process_utils.py:135} INFO - Sending Signals.SIGTERM to group 6244. PIDs of all processes in the group: [6244]
[2025-10-29T09:05:27.379+0000] {process_utils.py:86} INFO - Sending the signal Signals.SIGTERM to group 6244
[2025-10-29T09:05:27.387+0000] {taskinstance.py:1517} ERROR - Received SIGTERM. Terminating subprocesses.
[2025-10-29T09:05:27.576+0000] {process_utils.py:79} INFO - Process psutil.Process(pid=6244, status='terminated', exitcode=0, started='09:04:05') (6244) terminated with exit code 0
