[2025-10-07T19:38:38.420+0000] {taskinstance.py:1103} INFO - Dependencies all met for dep_context=non-requeueable deps ti=<TaskInstance: fpl_etl_pipeline.create_teams_table manual__2025-10-07T19:38:36.260948+00:00 [queued]>
[2025-10-07T19:38:38.431+0000] {taskinstance.py:1103} INFO - Dependencies all met for dep_context=requeueable deps ti=<TaskInstance: fpl_etl_pipeline.create_teams_table manual__2025-10-07T19:38:36.260948+00:00 [queued]>
[2025-10-07T19:38:38.432+0000] {taskinstance.py:1308} INFO - Starting attempt 1 of 2
[2025-10-07T19:38:38.454+0000] {taskinstance.py:1327} INFO - Executing <Task(PostgresOperator): create_teams_table> on 2025-10-07 19:38:36.260948+00:00
[2025-10-07T19:38:38.460+0000] {standard_task_runner.py:57} INFO - Started process 387 to run task
[2025-10-07T19:38:38.463+0000] {standard_task_runner.py:84} INFO - Running: ['airflow', 'tasks', 'run', 'fpl_etl_pipeline', 'create_teams_table', 'manual__2025-10-07T19:38:36.260948+00:00', '--job-id', '125', '--raw', '--subdir', 'DAGS_FOLDER/fpl_etl_pipeline.py', '--cfg-path', '/tmp/tmp1p9t4mn1']
[2025-10-07T19:38:38.466+0000] {standard_task_runner.py:85} INFO - Job 125: Subtask create_teams_table
[2025-10-07T19:38:38.540+0000] {task_command.py:410} INFO - Running <TaskInstance: fpl_etl_pipeline.create_teams_table manual__2025-10-07T19:38:36.260948+00:00 [running]> on host 00f07cb5c963
[2025-10-07T19:38:38.690+0000] {taskinstance.py:1547} INFO - Exporting env vars: AIRFLOW_CTX_DAG_OWNER='richardilemon' AIRFLOW_CTX_DAG_ID='fpl_etl_pipeline' AIRFLOW_CTX_TASK_ID='create_teams_table' AIRFLOW_CTX_EXECUTION_DATE='2025-10-07T19:38:36.260948+00:00' AIRFLOW_CTX_TRY_NUMBER='1' AIRFLOW_CTX_DAG_RUN_ID='manual__2025-10-07T19:38:36.260948+00:00'
[2025-10-07T19:38:38.691+0000] {sql.py:265} INFO - Executing: 
        CREATE TABLE IF NOT EXISTS teams (
            season TEXT,
            code INTEGER,
            id INTEGER,
            name TEXT,
            short_name TEXT,
            strength_overall_home INTEGER,
            strength_overall_away INTEGER,
            strength_attack_home INTEGER,
            strength_attack_away INTEGER,
            strength_defence_home INTEGER,
            strength_defence_away INTEGER,
            strength INTEGER,
            PRIMARY KEY (season, code)
        );
[2025-10-07T19:38:38.714+0000] {base.py:73} INFO - Using connection ID 'fpl_db_conn' for task execution.
[2025-10-07T19:38:38.812+0000] {base.py:73} INFO - Using connection ID 'fpl_db_conn' for task execution.
[2025-10-07T19:38:38.823+0000] {sql.py:375} INFO - Running statement: 
        CREATE TABLE IF NOT EXISTS teams (
            season TEXT,
            code INTEGER,
            id INTEGER,
            name TEXT,
            short_name TEXT,
            strength_overall_home INTEGER,
            strength_overall_away INTEGER,
            strength_attack_home INTEGER,
            strength_attack_away INTEGER,
            strength_defence_home INTEGER,
            strength_defence_away INTEGER,
            strength INTEGER,
            PRIMARY KEY (season, code)
        );, parameters: None
[2025-10-07T19:38:38.842+0000] {taskinstance.py:1350} INFO - Marking task as SUCCESS. dag_id=fpl_etl_pipeline, task_id=create_teams_table, execution_date=20251007T193836, start_date=20251007T193838, end_date=20251007T193838
[2025-10-07T19:38:38.877+0000] {local_task_job_runner.py:225} INFO - Task exited with return code 0
[2025-10-07T19:38:38.922+0000] {taskinstance.py:2653} INFO - 1 downstream tasks scheduled from follow-on schedule check
