[2025-10-29T09:08:44.465+0000] {taskinstance.py:1103} INFO - Dependencies all met for dep_context=non-requeueable deps ti=<TaskInstance: fpl_gameweeks_etl.create_gameweeks_table manual__2025-10-29T09:08:42.073854+00:00 [queued]>
[2025-10-29T09:08:44.486+0000] {taskinstance.py:1103} INFO - Dependencies all met for dep_context=requeueable deps ti=<TaskInstance: fpl_gameweeks_etl.create_gameweeks_table manual__2025-10-29T09:08:42.073854+00:00 [queued]>
[2025-10-29T09:08:44.486+0000] {taskinstance.py:1308} INFO - Starting attempt 1 of 2
[2025-10-29T09:08:44.526+0000] {taskinstance.py:1327} INFO - Executing <Task(PostgresOperator): create_gameweeks_table> on 2025-10-29 09:08:42.073854+00:00
[2025-10-29T09:08:44.543+0000] {standard_task_runner.py:57} INFO - Started process 6713 to run task
[2025-10-29T09:08:44.545+0000] {standard_task_runner.py:84} INFO - Running: ['airflow', 'tasks', 'run', 'fpl_gameweeks_etl', 'create_gameweeks_table', 'manual__2025-10-29T09:08:42.073854+00:00', '--job-id', '586', '--raw', '--subdir', 'DAGS_FOLDER/fpl_gameweeks_dag.py', '--cfg-path', '/tmp/tmptksh_x1z']
[2025-10-29T09:08:44.549+0000] {standard_task_runner.py:85} INFO - Job 586: Subtask create_gameweeks_table
[2025-10-29T09:08:45.118+0000] {task_command.py:410} INFO - Running <TaskInstance: fpl_gameweeks_etl.create_gameweeks_table manual__2025-10-29T09:08:42.073854+00:00 [running]> on host dede24b5451e
[2025-10-29T09:08:45.458+0000] {taskinstance.py:1547} INFO - Exporting env vars: AIRFLOW_CTX_DAG_OWNER='richardilemon' AIRFLOW_CTX_DAG_ID='fpl_gameweeks_etl' AIRFLOW_CTX_TASK_ID='create_gameweeks_table' AIRFLOW_CTX_EXECUTION_DATE='2025-10-29T09:08:42.073854+00:00' AIRFLOW_CTX_TRY_NUMBER='1' AIRFLOW_CTX_DAG_RUN_ID='manual__2025-10-29T09:08:42.073854+00:00'
[2025-10-29T09:08:45.463+0000] {sql.py:265} INFO - Executing: 
            CREATE TABLE IF NOT EXISTS game_weeks (
                season TEXT,
                gameweek INTEGER,
                deadline TIMESTAMP,
                PRIMARY KEY (season, gameweek)
            );
        
[2025-10-29T09:08:45.490+0000] {base.py:73} INFO - Using connection ID 'fpl_db_conn' for task execution.
[2025-10-29T09:08:45.702+0000] {base.py:73} INFO - Using connection ID 'fpl_db_conn' for task execution.
[2025-10-29T09:08:45.719+0000] {sql.py:375} INFO - Running statement: 
            CREATE TABLE IF NOT EXISTS game_weeks (
                season TEXT,
                gameweek INTEGER,
                deadline TIMESTAMP,
                PRIMARY KEY (season, gameweek)
            );
        , parameters: None
[2025-10-29T09:08:45.746+0000] {taskinstance.py:1350} INFO - Marking task as SUCCESS. dag_id=fpl_gameweeks_etl, task_id=create_gameweeks_table, execution_date=20251029T090842, start_date=20251029T090844, end_date=20251029T090845
[2025-10-29T09:08:45.797+0000] {local_task_job_runner.py:225} INFO - Task exited with return code 0
[2025-10-29T09:08:46.081+0000] {taskinstance.py:2653} INFO - 7 downstream tasks scheduled from follow-on schedule check
