[2025-05-09T12:42:20.851+0000] {logging_mixin.py:150} INFO - Changing /opt/airflow/logs/dag_id=fpl_etl_pipeline/run_id=scheduled__2025-05-08T00:00:00+00:00/task_id=load_fixtures permission to 509
[2025-05-09T12:42:20.852+0000] {logging_mixin.py:150} INFO - Failed to change /opt/airflow/logs/dag_id=fpl_etl_pipeline/run_id=scheduled__2025-05-08T00:00:00+00:00/task_id=load_fixtures permission to 509: [Errno 1] Operation not permitted: '/opt/airflow/logs/dag_id=fpl_etl_pipeline/run_id=scheduled__2025-05-08T00:00:00+00:00/task_id=load_fixtures'
[2025-05-09T12:42:20.891+0000] {logging_mixin.py:150} INFO - Changing /opt/airflow/logs/dag_id=fpl_etl_pipeline/run_id=scheduled__2025-05-08T00:00:00+00:00/task_id=load_fixtures permission to 509
[2025-05-09T12:42:20.891+0000] {logging_mixin.py:150} INFO - Failed to change /opt/airflow/logs/dag_id=fpl_etl_pipeline/run_id=scheduled__2025-05-08T00:00:00+00:00/task_id=load_fixtures permission to 509: [Errno 1] Operation not permitted: '/opt/airflow/logs/dag_id=fpl_etl_pipeline/run_id=scheduled__2025-05-08T00:00:00+00:00/task_id=load_fixtures'
[2025-05-09T12:42:21.018+0000] {taskinstance.py:1103} INFO - Dependencies all met for dep_context=non-requeueable deps ti=<TaskInstance: fpl_etl_pipeline.load_fixtures scheduled__2025-05-08T00:00:00+00:00 [queued]>
[2025-05-09T12:42:21.028+0000] {taskinstance.py:1103} INFO - Dependencies all met for dep_context=requeueable deps ti=<TaskInstance: fpl_etl_pipeline.load_fixtures scheduled__2025-05-08T00:00:00+00:00 [queued]>
[2025-05-09T12:42:21.028+0000] {taskinstance.py:1308} INFO - Starting attempt 1 of 2
[2025-05-09T12:42:21.048+0000] {taskinstance.py:1327} INFO - Executing <Task(PythonOperator): load_fixtures> on 2025-05-08 00:00:00+00:00
[2025-05-09T12:42:21.055+0000] {standard_task_runner.py:57} INFO - Started process 370 to run task
[2025-05-09T12:42:21.059+0000] {standard_task_runner.py:84} INFO - Running: ['airflow', 'tasks', 'run', 'fpl_etl_pipeline', 'load_fixtures', 'scheduled__2025-05-08T00:00:00+00:00', '--job-id', '21', '--raw', '--subdir', 'DAGS_FOLDER/fpl_etl_pipeline.py', '--cfg-path', '/tmp/tmpwlk044rg']
[2025-05-09T12:42:21.062+0000] {standard_task_runner.py:85} INFO - Job 21: Subtask load_fixtures
[2025-05-09T12:42:21.135+0000] {logging_mixin.py:150} INFO - Changing /opt/airflow/logs/dag_id=fpl_etl_pipeline/run_id=scheduled__2025-05-08T00:00:00+00:00/task_id=load_fixtures permission to 509
[2025-05-09T12:42:21.135+0000] {logging_mixin.py:150} INFO - Failed to change /opt/airflow/logs/dag_id=fpl_etl_pipeline/run_id=scheduled__2025-05-08T00:00:00+00:00/task_id=load_fixtures permission to 509: [Errno 1] Operation not permitted: '/opt/airflow/logs/dag_id=fpl_etl_pipeline/run_id=scheduled__2025-05-08T00:00:00+00:00/task_id=load_fixtures'
[2025-05-09T12:42:21.137+0000] {task_command.py:410} INFO - Running <TaskInstance: fpl_etl_pipeline.load_fixtures scheduled__2025-05-08T00:00:00+00:00 [running]> on host 15039a0aaf98
[2025-05-09T12:42:21.260+0000] {taskinstance.py:1547} INFO - Exporting env vars: AIRFLOW_CTX_DAG_OWNER='richardilemon' AIRFLOW_CTX_DAG_ID='fpl_etl_pipeline' AIRFLOW_CTX_TASK_ID='load_fixtures' AIRFLOW_CTX_EXECUTION_DATE='2025-05-08T00:00:00+00:00' AIRFLOW_CTX_TRY_NUMBER='1' AIRFLOW_CTX_DAG_RUN_ID='scheduled__2025-05-08T00:00:00+00:00'
[2025-05-09T12:42:21.262+0000] {logging_mixin.py:150} INFO - Creating fixtures table...
[2025-05-09T12:42:21.264+0000] {logging_mixin.py:150} INFO - Fetching fixtures for 2016-17...
[2025-05-09T12:43:12.240+0000] {logging_mixin.py:150} INFO - ⚠️ Failed to fetch fixtures.csv for 2016-17: ('Connection aborted.', OSError(0, 'Error')) (URL: https://raw.githubusercontent.com/vaastav/Fantasy-Premier-League/master/data/2016-17/fixtures.csv)
[2025-05-09T12:43:12.242+0000] {logging_mixin.py:150} INFO - ⚠️ Skipping 2016-17: No CSV data.
[2025-05-09T12:43:12.243+0000] {logging_mixin.py:150} INFO - Inserting 0 fixtures...
[2025-05-09T12:43:12.243+0000] {logging_mixin.py:150} INFO - Fetching fixtures for 2017-18...
[2025-05-09T12:44:00.726+0000] {logging_mixin.py:150} INFO - ⚠️ Failed to fetch fixtures.csv for 2017-18: ('Connection aborted.', OSError(0, 'Error')) (URL: https://raw.githubusercontent.com/vaastav/Fantasy-Premier-League/master/data/2017-18/fixtures.csv)
[2025-05-09T12:44:00.728+0000] {logging_mixin.py:150} INFO - ⚠️ Skipping 2017-18: No CSV data.
[2025-05-09T12:44:00.728+0000] {logging_mixin.py:150} INFO - Inserting 0 fixtures...
[2025-05-09T12:44:00.729+0000] {logging_mixin.py:150} INFO - Fetching fixtures for 2018-19...
[2025-05-09T12:44:45.588+0000] {logging_mixin.py:150} INFO - ⚠️ Failed to fetch fixtures.csv for 2018-19: ('Connection aborted.', OSError(0, 'Error')) (URL: https://raw.githubusercontent.com/vaastav/Fantasy-Premier-League/master/data/2018-19/fixtures.csv)
[2025-05-09T12:44:45.589+0000] {logging_mixin.py:150} INFO - ⚠️ Skipping 2018-19: No CSV data.
[2025-05-09T12:44:45.590+0000] {logging_mixin.py:150} INFO - Inserting 0 fixtures...
[2025-05-09T12:44:45.590+0000] {logging_mixin.py:150} INFO - Fetching fixtures for 2019-20...
[2025-05-09T12:45:41.691+0000] {logging_mixin.py:150} INFO - ⚠️ Failed to fetch fixtures.csv for 2019-20: ('Connection aborted.', OSError(0, 'Error')) (URL: https://raw.githubusercontent.com/vaastav/Fantasy-Premier-League/master/data/2019-20/fixtures.csv)
[2025-05-09T12:45:41.692+0000] {logging_mixin.py:150} INFO - ⚠️ Skipping 2019-20: No CSV data.
[2025-05-09T12:45:41.693+0000] {logging_mixin.py:150} INFO - Inserting 0 fixtures...
[2025-05-09T12:45:41.693+0000] {logging_mixin.py:150} INFO - Fetching fixtures for 2020-21...
[2025-05-09T12:46:13.521+0000] {logging_mixin.py:150} INFO - ⚠️ Failed to fetch fixtures.csv for 2020-21: ('Connection aborted.', OSError(0, 'Error')) (URL: https://raw.githubusercontent.com/vaastav/Fantasy-Premier-League/master/data/2020-21/fixtures.csv)
[2025-05-09T12:46:13.522+0000] {logging_mixin.py:150} INFO - ⚠️ Skipping 2020-21: No CSV data.
[2025-05-09T12:46:13.523+0000] {logging_mixin.py:150} INFO - Inserting 0 fixtures...
[2025-05-09T12:46:13.523+0000] {logging_mixin.py:150} INFO - Fetching fixtures for 2021-22...
[2025-05-09T12:46:57.856+0000] {logging_mixin.py:150} INFO - ⚠️ Failed to fetch fixtures.csv for 2021-22: ('Connection aborted.', OSError(0, 'Error')) (URL: https://raw.githubusercontent.com/vaastav/Fantasy-Premier-League/master/data/2021-22/fixtures.csv)
[2025-05-09T12:46:57.857+0000] {logging_mixin.py:150} INFO - ⚠️ Skipping 2021-22: No CSV data.
[2025-05-09T12:46:57.858+0000] {logging_mixin.py:150} INFO - Inserting 0 fixtures...
[2025-05-09T12:46:57.858+0000] {logging_mixin.py:150} INFO - Fetching fixtures for 2022-23...
[2025-05-09T12:47:54.586+0000] {logging_mixin.py:150} INFO - ⚠️ Failed to fetch fixtures.csv for 2022-23: ('Connection aborted.', OSError(0, 'Error')) (URL: https://raw.githubusercontent.com/vaastav/Fantasy-Premier-League/master/data/2022-23/fixtures.csv)
[2025-05-09T12:47:54.587+0000] {logging_mixin.py:150} INFO - ⚠️ Skipping 2022-23: No CSV data.
[2025-05-09T12:47:54.589+0000] {logging_mixin.py:150} INFO - Inserting 0 fixtures...
[2025-05-09T12:47:54.590+0000] {logging_mixin.py:150} INFO - Fetching fixtures for 2023-24...
[2025-05-09T12:49:00.193+0000] {logging_mixin.py:150} INFO - ⚠️ Failed to fetch fixtures.csv for 2023-24: ('Connection aborted.', OSError(0, 'Error')) (URL: https://raw.githubusercontent.com/vaastav/Fantasy-Premier-League/master/data/2023-24/fixtures.csv)
[2025-05-09T12:49:00.197+0000] {logging_mixin.py:150} INFO - ⚠️ Skipping 2023-24: No CSV data.
[2025-05-09T12:49:00.201+0000] {logging_mixin.py:150} INFO - Inserting 0 fixtures...
[2025-05-09T12:49:00.203+0000] {logging_mixin.py:150} INFO - Fetching fixtures for 2024-25...
[2025-05-09T12:49:28.907+0000] {logging_mixin.py:150} INFO - ⚠️ Failed to fetch fixtures.csv for 2024-25: ('Connection aborted.', OSError(0, 'Error')) (URL: https://raw.githubusercontent.com/vaastav/Fantasy-Premier-League/master/data/2024-25/fixtures.csv)
[2025-05-09T12:49:28.912+0000] {logging_mixin.py:150} INFO - ⚠️ Skipping 2024-25: No CSV data.
[2025-05-09T12:49:28.915+0000] {logging_mixin.py:150} INFO - Inserting 0 fixtures...
[2025-05-09T12:49:28.919+0000] {logging_mixin.py:150} INFO - ✅ Fixtures loaded successfully.
[2025-05-09T12:49:28.923+0000] {python.py:183} INFO - Done. Returned value was: None
[2025-05-09T12:49:29.063+0000] {taskinstance.py:1350} INFO - Marking task as SUCCESS. dag_id=fpl_etl_pipeline, task_id=load_fixtures, execution_date=20250508T000000, start_date=20250509T124221, end_date=20250509T124929
[2025-05-09T12:49:29.169+0000] {local_task_job_runner.py:225} INFO - Task exited with return code 0
[2025-05-09T12:49:29.291+0000] {taskinstance.py:2653} INFO - 1 downstream tasks scheduled from follow-on schedule check
