[2025-10-29T08:18:28.632+0000] {taskinstance.py:1103} INFO - Dependencies all met for dep_context=non-requeueable deps ti=<TaskInstance: fpl_fixtures_pipeline.create_fixtures_table manual__2025-10-29T08:18:23.984762+00:00 [queued]>
[2025-10-29T08:18:28.648+0000] {taskinstance.py:1103} INFO - Dependencies all met for dep_context=requeueable deps ti=<TaskInstance: fpl_fixtures_pipeline.create_fixtures_table manual__2025-10-29T08:18:23.984762+00:00 [queued]>
[2025-10-29T08:18:28.648+0000] {taskinstance.py:1308} INFO - Starting attempt 1 of 2
[2025-10-29T08:18:28.802+0000] {taskinstance.py:1327} INFO - Executing <Task(PostgresOperator): create_fixtures_table> on 2025-10-29 08:18:23.984762+00:00
[2025-10-29T08:18:28.809+0000] {standard_task_runner.py:57} INFO - Started process 2613 to run task
[2025-10-29T08:18:28.813+0000] {standard_task_runner.py:84} INFO - Running: ['airflow', 'tasks', 'run', 'fpl_fixtures_pipeline', 'create_fixtures_table', 'manual__2025-10-29T08:18:23.984762+00:00', '--job-id', '17', '--raw', '--subdir', 'DAGS_FOLDER/fpl_fixtures_etl.py', '--cfg-path', '/tmp/tmp7tis828d']
[2025-10-29T08:18:28.814+0000] {standard_task_runner.py:85} INFO - Job 17: Subtask create_fixtures_table
[2025-10-29T08:18:28.909+0000] {task_command.py:410} INFO - Running <TaskInstance: fpl_fixtures_pipeline.create_fixtures_table manual__2025-10-29T08:18:23.984762+00:00 [running]> on host dede24b5451e
[2025-10-29T08:18:29.041+0000] {taskinstance.py:1547} INFO - Exporting env vars: AIRFLOW_CTX_DAG_OWNER='richardilemon' AIRFLOW_CTX_DAG_ID='fpl_fixtures_pipeline' AIRFLOW_CTX_TASK_ID='create_fixtures_table' AIRFLOW_CTX_EXECUTION_DATE='2025-10-29T08:18:23.984762+00:00' AIRFLOW_CTX_TRY_NUMBER='1' AIRFLOW_CTX_DAG_RUN_ID='manual__2025-10-29T08:18:23.984762+00:00'
[2025-10-29T08:18:29.042+0000] {sql.py:265} INFO - Executing: 
            CREATE TABLE IF NOT EXISTS fixtures (
                code INTEGER PRIMARY KEY,
                season TEXT,
                gameweek INTEGER,
                kickoff_time TIMESTAMP WITH TIME ZONE,
                team_h_code INTEGER,
                team_a_code INTEGER,
                team_h_score INTEGER,
                team_a_score INTEGER,
                team_h_difficulty INTEGER,
                team_a_difficulty INTEGER
            );
[2025-10-29T08:18:29.060+0000] {base.py:73} INFO - Using connection ID 'fpl_db_conn' for task execution.
[2025-10-29T08:18:29.142+0000] {base.py:73} INFO - Using connection ID 'fpl_db_conn' for task execution.
[2025-10-29T08:18:29.155+0000] {sql.py:375} INFO - Running statement: 
            CREATE TABLE IF NOT EXISTS fixtures (
                code INTEGER PRIMARY KEY,
                season TEXT,
                gameweek INTEGER,
                kickoff_time TIMESTAMP WITH TIME ZONE,
                team_h_code INTEGER,
                team_a_code INTEGER,
                team_h_score INTEGER,
                team_a_score INTEGER,
                team_h_difficulty INTEGER,
                team_a_difficulty INTEGER
            );, parameters: None
[2025-10-29T08:18:29.181+0000] {taskinstance.py:1350} INFO - Marking task as SUCCESS. dag_id=fpl_fixtures_pipeline, task_id=create_fixtures_table, execution_date=20251029T081823, start_date=20251029T081828, end_date=20251029T081829
[2025-10-29T08:18:29.227+0000] {local_task_job_runner.py:225} INFO - Task exited with return code 0
[2025-10-29T08:18:29.294+0000] {taskinstance.py:2653} INFO - 7 downstream tasks scheduled from follow-on schedule check
