[2025-10-29T23:16:08.223+0000] {taskinstance.py:1103} INFO - Dependencies all met for dep_context=non-requeueable deps ti=<TaskInstance: fpl_fixtures_pipeline.parse_fixtures_task manual__2025-10-29T23:15:55.776005+00:00 map_index=3 [queued]>
[2025-10-29T23:16:08.591+0000] {taskinstance.py:1103} INFO - Dependencies all met for dep_context=requeueable deps ti=<TaskInstance: fpl_fixtures_pipeline.parse_fixtures_task manual__2025-10-29T23:15:55.776005+00:00 map_index=3 [queued]>
[2025-10-29T23:16:08.592+0000] {taskinstance.py:1308} INFO - Starting attempt 1 of 2
[2025-10-29T23:16:08.666+0000] {taskinstance.py:1327} INFO - Executing <Mapped(_PythonDecoratedOperator): parse_fixtures_task> on 2025-10-29 23:15:55.776005+00:00
[2025-10-29T23:16:08.684+0000] {standard_task_runner.py:57} INFO - Started process 6144 to run task
[2025-10-29T23:16:08.691+0000] {standard_task_runner.py:84} INFO - Running: ['airflow', 'tasks', 'run', 'fpl_fixtures_pipeline', 'parse_fixtures_task', 'manual__2025-10-29T23:15:55.776005+00:00', '--job-id', '2003', '--raw', '--subdir', 'DAGS_FOLDER/fixtures_dag.py', '--cfg-path', '/tmp/tmpyj2dcd32', '--map-index', '3']
[2025-10-29T23:16:08.694+0000] {standard_task_runner.py:85} INFO - Job 2003: Subtask parse_fixtures_task
[2025-10-29T23:16:08.898+0000] {task_command.py:410} INFO - Running <TaskInstance: fpl_fixtures_pipeline.parse_fixtures_task manual__2025-10-29T23:15:55.776005+00:00 map_index=3 [running]> on host 27ecd0db3cbd
[2025-10-29T23:16:09.633+0000] {taskinstance.py:1547} INFO - Exporting env vars: AIRFLOW_CTX_DAG_OWNER='richardilemon' AIRFLOW_CTX_DAG_ID='fpl_fixtures_pipeline' AIRFLOW_CTX_TASK_ID='parse_fixtures_task' AIRFLOW_CTX_EXECUTION_DATE='2025-10-29T23:15:55.776005+00:00' AIRFLOW_CTX_TRY_NUMBER='1' AIRFLOW_CTX_DAG_RUN_ID='manual__2025-10-29T23:15:55.776005+00:00'
[2025-10-29T23:16:09.643+0000] {taskinstance.py:1824} ERROR - Task failed with exception
Traceback (most recent call last):
  File "/home/airflow/.local/lib/python3.7/site-packages/airflow/decorators/base.py", line 220, in execute
    return_value = super().execute(context)
  File "/home/airflow/.local/lib/python3.7/site-packages/airflow/operators/python.py", line 181, in execute
    return_value = self.execute_callable()
  File "/home/airflow/.local/lib/python3.7/site-packages/airflow/operators/python.py", line 198, in execute_callable
    return self.python_callable(*self.op_args, **self.op_kwargs)
  File "/opt/airflow/dags/fixtures_dag.py", line 95, in parse_fixtures_task
    return parse_fixtures(fixtures_data)
  File "/opt/airflow/scripts/load_fixtures.py", line 60, in parse_fixtures
    season = infer_season(row["kickoff_time"])
  File "/opt/airflow/scripts/utils/infer_season.py", line 13, in infer_season
    year = date.year
AttributeError: 'str' object has no attribute 'year'
[2025-10-29T23:16:09.696+0000] {taskinstance.py:1350} INFO - Marking task as UP_FOR_RETRY. dag_id=fpl_fixtures_pipeline, task_id=parse_fixtures_task, map_index=3, execution_date=20251029T231555, start_date=20251029T231608, end_date=20251029T231609
[2025-10-29T23:16:09.741+0000] {standard_task_runner.py:109} ERROR - Failed to execute job 2003 for task parse_fixtures_task ('str' object has no attribute 'year'; 6144)
[2025-10-29T23:16:09.788+0000] {local_task_job_runner.py:225} INFO - Task exited with return code 1
[2025-10-29T23:16:09.939+0000] {taskinstance.py:2653} INFO - 0 downstream tasks scheduled from follow-on schedule check
