[2025-10-30T11:58:10.218+0000] {taskinstance.py:1103} INFO - Dependencies all met for dep_context=non-requeueable deps ti=<TaskInstance: fpl_teams_history_etl.create_teams_history_table scheduled__2025-10-29T00:00:00+00:00 [queued]>
[2025-10-30T11:58:10.234+0000] {taskinstance.py:1103} INFO - Dependencies all met for dep_context=requeueable deps ti=<TaskInstance: fpl_teams_history_etl.create_teams_history_table scheduled__2025-10-29T00:00:00+00:00 [queued]>
[2025-10-30T11:58:10.235+0000] {taskinstance.py:1308} INFO - Starting attempt 1 of 2
[2025-10-30T11:58:10.739+0000] {taskinstance.py:1327} INFO - Executing <Task(PostgresOperator): create_teams_history_table> on 2025-10-29 00:00:00+00:00
[2025-10-30T11:58:10.746+0000] {standard_task_runner.py:57} INFO - Started process 2266 to run task
[2025-10-30T11:58:10.753+0000] {standard_task_runner.py:84} INFO - Running: ['airflow', 'tasks', 'run', 'fpl_teams_history_etl', 'create_teams_history_table', 'scheduled__2025-10-29T00:00:00+00:00', '--job-id', '2414', '--raw', '--subdir', 'DAGS_FOLDER/fpl_teams_history_etl.py', '--cfg-path', '/tmp/tmpofc07mg1']
[2025-10-30T11:58:10.756+0000] {standard_task_runner.py:85} INFO - Job 2414: Subtask create_teams_history_table
[2025-10-30T11:58:10.874+0000] {task_command.py:410} INFO - Running <TaskInstance: fpl_teams_history_etl.create_teams_history_table scheduled__2025-10-29T00:00:00+00:00 [running]> on host 9cff18210c47
[2025-10-30T11:58:11.038+0000] {taskinstance.py:1547} INFO - Exporting env vars: AIRFLOW_CTX_DAG_OWNER='richardilemon' AIRFLOW_CTX_DAG_ID='fpl_teams_history_etl' AIRFLOW_CTX_TASK_ID='create_teams_history_table' AIRFLOW_CTX_EXECUTION_DATE='2025-10-29T00:00:00+00:00' AIRFLOW_CTX_TRY_NUMBER='1' AIRFLOW_CTX_DAG_RUN_ID='scheduled__2025-10-29T00:00:00+00:00'
[2025-10-30T11:58:11.040+0000] {sql.py:265} INFO - Executing: 
            CREATE TABLE IF NOT EXISTS teams (
                season TEXT,
                code INTEGER,
                id INTEGER,
                name TEXT,
                short_name TEXT,
                strength_overall_home INTEGER,
                strength_overall_away INTEGER,
                strength_attack_home INTEGER,
                strength_attack_away INTEGER,
                strength_defence_home INTEGER,
                strength_defence_away INTEGER,
                strength INTEGER,
                position INTEGER,
                PRIMARY KEY (season, code)
            );
        
[2025-10-30T11:58:11.059+0000] {base.py:73} INFO - Using connection ID 'fpl_db_conn' for task execution.
[2025-10-30T11:58:11.227+0000] {base.py:73} INFO - Using connection ID 'fpl_db_conn' for task execution.
[2025-10-30T11:58:11.237+0000] {sql.py:375} INFO - Running statement: 
            CREATE TABLE IF NOT EXISTS teams (
                season TEXT,
                code INTEGER,
                id INTEGER,
                name TEXT,
                short_name TEXT,
                strength_overall_home INTEGER,
                strength_overall_away INTEGER,
                strength_attack_home INTEGER,
                strength_attack_away INTEGER,
                strength_defence_home INTEGER,
                strength_defence_away INTEGER,
                strength INTEGER,
                position INTEGER,
                PRIMARY KEY (season, code)
            );
        , parameters: None
[2025-10-30T11:58:11.259+0000] {taskinstance.py:1350} INFO - Marking task as SUCCESS. dag_id=fpl_teams_history_etl, task_id=create_teams_history_table, execution_date=20251029T000000, start_date=20251030T115810, end_date=20251030T115811
[2025-10-30T11:58:11.286+0000] {local_task_job_runner.py:225} INFO - Task exited with return code 0
[2025-10-30T11:58:11.320+0000] {taskinstance.py:2653} INFO - 1 downstream tasks scheduled from follow-on schedule check
