[2025-10-26T10:07:14.118+0000] {taskinstance.py:1103} INFO - Dependencies all met for dep_context=non-requeueable deps ti=<TaskInstance: fpl_gameweeks_etl.parse_players_seasons_stats manual__2025-10-26T10:01:38.236065+00:00 [queued]>
[2025-10-26T10:07:14.134+0000] {taskinstance.py:1103} INFO - Dependencies all met for dep_context=requeueable deps ti=<TaskInstance: fpl_gameweeks_etl.parse_players_seasons_stats manual__2025-10-26T10:01:38.236065+00:00 [queued]>
[2025-10-26T10:07:14.135+0000] {taskinstance.py:1308} INFO - Starting attempt 2 of 2
[2025-10-26T10:07:14.287+0000] {taskinstance.py:1327} INFO - Executing <Task(_PythonDecoratedOperator): parse_players_seasons_stats> on 2025-10-26 10:01:38.236065+00:00
[2025-10-26T10:07:14.293+0000] {standard_task_runner.py:57} INFO - Started process 919 to run task
[2025-10-26T10:07:14.297+0000] {standard_task_runner.py:84} INFO - Running: ['airflow', 'tasks', 'run', 'fpl_gameweeks_etl', 'parse_players_seasons_stats', 'manual__2025-10-26T10:01:38.236065+00:00', '--job-id', '7033', '--raw', '--subdir', 'DAGS_FOLDER/fpl_gameweeks_dag.py', '--cfg-path', '/tmp/tmpo_7tyatv']
[2025-10-26T10:07:14.298+0000] {standard_task_runner.py:85} INFO - Job 7033: Subtask parse_players_seasons_stats
[2025-10-26T10:07:14.379+0000] {task_command.py:410} INFO - Running <TaskInstance: fpl_gameweeks_etl.parse_players_seasons_stats manual__2025-10-26T10:01:38.236065+00:00 [running]> on host d6ecd00cf5eb
[2025-10-26T10:07:14.548+0000] {taskinstance.py:1547} INFO - Exporting env vars: AIRFLOW_CTX_DAG_OWNER='richardilemon' AIRFLOW_CTX_DAG_ID='fpl_gameweeks_etl' AIRFLOW_CTX_TASK_ID='parse_players_seasons_stats' AIRFLOW_CTX_EXECUTION_DATE='2025-10-26T10:01:38.236065+00:00' AIRFLOW_CTX_TRY_NUMBER='2' AIRFLOW_CTX_DAG_RUN_ID='manual__2025-10-26T10:01:38.236065+00:00'
[2025-10-26T10:07:14.565+0000] {taskinstance.py:1824} ERROR - Task failed with exception
Traceback (most recent call last):
  File "/home/airflow/.local/lib/python3.7/site-packages/airflow/decorators/base.py", line 220, in execute
    return_value = super().execute(context)
  File "/home/airflow/.local/lib/python3.7/site-packages/airflow/operators/python.py", line 181, in execute
    return_value = self.execute_callable()
  File "/home/airflow/.local/lib/python3.7/site-packages/airflow/operators/python.py", line 198, in execute_callable
    return self.python_callable(*self.op_args, **self.op_kwargs)
  File "/opt/airflow/dags/fpl_gameweeks_dag.py", line 63, in parse_players_seasons_stats
    return parse_players_seasons(players_gw_stats)
  File "/opt/airflow/scripts/load_player_gameweek_stats.py", line 18, in parse_players_seasons
    players_stats = players_stat["csv"]
TypeError: list indices must be integers or slices, not str
[2025-10-26T10:07:14.580+0000] {taskinstance.py:1350} INFO - Marking task as FAILED. dag_id=fpl_gameweeks_etl, task_id=parse_players_seasons_stats, execution_date=20251026T100138, start_date=20251026T100714, end_date=20251026T100714
[2025-10-26T10:07:14.600+0000] {standard_task_runner.py:109} ERROR - Failed to execute job 7033 for task parse_players_seasons_stats (list indices must be integers or slices, not str; 919)
[2025-10-26T10:07:14.630+0000] {local_task_job_runner.py:225} INFO - Task exited with return code 1
[2025-10-26T10:07:14.668+0000] {taskinstance.py:2653} INFO - 0 downstream tasks scheduled from follow-on schedule check
