[2025-10-07T20:09:29.651+0000] {taskinstance.py:1103} INFO - Dependencies all met for dep_context=non-requeueable deps ti=<TaskInstance: fpl_etl_pipeline.create_teams_table manual__2025-10-07T20:09:28.165637+00:00 [queued]>
[2025-10-07T20:09:29.663+0000] {taskinstance.py:1103} INFO - Dependencies all met for dep_context=requeueable deps ti=<TaskInstance: fpl_etl_pipeline.create_teams_table manual__2025-10-07T20:09:28.165637+00:00 [queued]>
[2025-10-07T20:09:29.664+0000] {taskinstance.py:1308} INFO - Starting attempt 1 of 2
[2025-10-07T20:09:29.693+0000] {taskinstance.py:1327} INFO - Executing <Task(PostgresOperator): create_teams_table> on 2025-10-07 20:09:28.165637+00:00
[2025-10-07T20:09:29.701+0000] {standard_task_runner.py:57} INFO - Started process 1172 to run task
[2025-10-07T20:09:29.708+0000] {standard_task_runner.py:84} INFO - Running: ['airflow', 'tasks', 'run', 'fpl_etl_pipeline', 'create_teams_table', 'manual__2025-10-07T20:09:28.165637+00:00', '--job-id', '137', '--raw', '--subdir', 'DAGS_FOLDER/fpl_etl_pipeline.py', '--cfg-path', '/tmp/tmp7gmjwcm9']
[2025-10-07T20:09:29.711+0000] {standard_task_runner.py:85} INFO - Job 137: Subtask create_teams_table
[2025-10-07T20:09:29.835+0000] {task_command.py:410} INFO - Running <TaskInstance: fpl_etl_pipeline.create_teams_table manual__2025-10-07T20:09:28.165637+00:00 [running]> on host 00f07cb5c963
[2025-10-07T20:09:30.189+0000] {taskinstance.py:1547} INFO - Exporting env vars: AIRFLOW_CTX_DAG_OWNER='richardilemon' AIRFLOW_CTX_DAG_ID='fpl_etl_pipeline' AIRFLOW_CTX_TASK_ID='create_teams_table' AIRFLOW_CTX_EXECUTION_DATE='2025-10-07T20:09:28.165637+00:00' AIRFLOW_CTX_TRY_NUMBER='1' AIRFLOW_CTX_DAG_RUN_ID='manual__2025-10-07T20:09:28.165637+00:00'
[2025-10-07T20:09:30.190+0000] {sql.py:265} INFO - Executing: 
            CREATE TABLE IF NOT EXISTS teams (
                season TEXT,
                code INTEGER,
                id INTEGER,
                name TEXT,
                short_name TEXT,
                strength_overall_home INTEGER,
                strength_overall_away INTEGER,
                strength_attack_home INTEGER,
                strength_attack_away INTEGER,
                strength_defence_home INTEGER,
                strength_defence_away INTEGER,
                strength INTEGER,
                PRIMARY KEY (season, code)
            );
        
[2025-10-07T20:09:30.217+0000] {base.py:73} INFO - Using connection ID 'fpl_db_conn' for task execution.
[2025-10-07T20:09:30.349+0000] {base.py:73} INFO - Using connection ID 'fpl_db_conn' for task execution.
[2025-10-07T20:09:30.364+0000] {sql.py:375} INFO - Running statement: 
            CREATE TABLE IF NOT EXISTS teams (
                season TEXT,
                code INTEGER,
                id INTEGER,
                name TEXT,
                short_name TEXT,
                strength_overall_home INTEGER,
                strength_overall_away INTEGER,
                strength_attack_home INTEGER,
                strength_attack_away INTEGER,
                strength_defence_home INTEGER,
                strength_defence_away INTEGER,
                strength INTEGER,
                PRIMARY KEY (season, code)
            );
        , parameters: None
[2025-10-07T20:09:30.390+0000] {taskinstance.py:1350} INFO - Marking task as SUCCESS. dag_id=fpl_etl_pipeline, task_id=create_teams_table, execution_date=20251007T200928, start_date=20251007T200929, end_date=20251007T200930
[2025-10-07T20:09:30.440+0000] {local_task_job_runner.py:225} INFO - Task exited with return code 0
[2025-10-07T20:09:30.629+0000] {taskinstance.py:2653} INFO - 0 downstream tasks scheduled from follow-on schedule check
