[2025-10-25T22:22:14.841+0000] {taskinstance.py:1103} INFO - Dependencies all met for dep_context=non-requeueable deps ti=<TaskInstance: fpl_teams_etl.fetch_teams_task manual__2025-10-25T22:22:12.833804+00:00 [queued]>
[2025-10-25T22:22:14.855+0000] {taskinstance.py:1103} INFO - Dependencies all met for dep_context=requeueable deps ti=<TaskInstance: fpl_teams_etl.fetch_teams_task manual__2025-10-25T22:22:12.833804+00:00 [queued]>
[2025-10-25T22:22:14.856+0000] {taskinstance.py:1308} INFO - Starting attempt 1 of 2
[2025-10-25T22:22:14.879+0000] {taskinstance.py:1327} INFO - Executing <Task(_PythonDecoratedOperator): fetch_teams_task> on 2025-10-25 22:22:12.833804+00:00
[2025-10-25T22:22:14.885+0000] {standard_task_runner.py:57} INFO - Started process 7518 to run task
[2025-10-25T22:22:14.889+0000] {standard_task_runner.py:84} INFO - Running: ['airflow', 'tasks', 'run', 'fpl_teams_etl', 'fetch_teams_task', 'manual__2025-10-25T22:22:12.833804+00:00', '--job-id', '6530', '--raw', '--subdir', 'DAGS_FOLDER/fpl_teams_dag.py', '--cfg-path', '/tmp/tmphgq6t1ot']
[2025-10-25T22:22:14.892+0000] {standard_task_runner.py:85} INFO - Job 6530: Subtask fetch_teams_task
[2025-10-25T22:22:15.195+0000] {task_command.py:410} INFO - Running <TaskInstance: fpl_teams_etl.fetch_teams_task manual__2025-10-25T22:22:12.833804+00:00 [running]> on host 754e4af34fcd
[2025-10-25T22:22:15.339+0000] {taskinstance.py:1547} INFO - Exporting env vars: AIRFLOW_CTX_DAG_OWNER='richardilemon' AIRFLOW_CTX_DAG_ID='fpl_teams_etl' AIRFLOW_CTX_TASK_ID='fetch_teams_task' AIRFLOW_CTX_EXECUTION_DATE='2025-10-25T22:22:12.833804+00:00' AIRFLOW_CTX_TRY_NUMBER='1' AIRFLOW_CTX_DAG_RUN_ID='manual__2025-10-25T22:22:12.833804+00:00'
[2025-10-25T22:22:15.340+0000] {taskinstance.py:1824} ERROR - Task failed with exception
Traceback (most recent call last):
  File "/home/airflow/.local/lib/python3.7/site-packages/airflow/decorators/base.py", line 220, in execute
    return_value = super().execute(context)
  File "/home/airflow/.local/lib/python3.7/site-packages/airflow/operators/python.py", line 181, in execute
    return_value = self.execute_callable()
  File "/home/airflow/.local/lib/python3.7/site-packages/airflow/operators/python.py", line 198, in execute_callable
    return self.python_callable(*self.op_args, **self.op_kwargs)
  File "/opt/airflow/dags/fpl_teams_dag.py", line 92, in fetch_teams_task
    teams = fetch_api_data(season, category)
TypeError: 'module' object is not callable
[2025-10-25T22:22:15.360+0000] {taskinstance.py:1350} INFO - Marking task as UP_FOR_RETRY. dag_id=fpl_teams_etl, task_id=fetch_teams_task, execution_date=20251025T222212, start_date=20251025T222214, end_date=20251025T222215
[2025-10-25T22:22:15.383+0000] {standard_task_runner.py:109} ERROR - Failed to execute job 6530 for task fetch_teams_task ('module' object is not callable; 7518)
[2025-10-25T22:22:15.423+0000] {local_task_job_runner.py:225} INFO - Task exited with return code 1
[2025-10-25T22:22:15.649+0000] {taskinstance.py:2653} INFO - 0 downstream tasks scheduled from follow-on schedule check
