[2025-10-30T12:29:44.798+0000] {taskinstance.py:1103} INFO - Dependencies all met for dep_context=non-requeueable deps ti=<TaskInstance: fpl_teams_history_etl.parse_teams_history_task manual__2025-10-30T12:29:38.079225+00:00 [queued]>
[2025-10-30T12:29:44.814+0000] {taskinstance.py:1103} INFO - Dependencies all met for dep_context=requeueable deps ti=<TaskInstance: fpl_teams_history_etl.parse_teams_history_task manual__2025-10-30T12:29:38.079225+00:00 [queued]>
[2025-10-30T12:29:44.815+0000] {taskinstance.py:1308} INFO - Starting attempt 1 of 2
[2025-10-30T12:29:44.838+0000] {taskinstance.py:1327} INFO - Executing <Task(_PythonDecoratedOperator): parse_teams_history_task> on 2025-10-30 12:29:38.079225+00:00
[2025-10-30T12:29:44.845+0000] {standard_task_runner.py:57} INFO - Started process 4888 to run task
[2025-10-30T12:29:44.850+0000] {standard_task_runner.py:84} INFO - Running: ['airflow', 'tasks', 'run', 'fpl_teams_history_etl', 'parse_teams_history_task', 'manual__2025-10-30T12:29:38.079225+00:00', '--job-id', '2448', '--raw', '--subdir', 'DAGS_FOLDER/fpl_teams_history_etl.py', '--cfg-path', '/tmp/tmpzvbaokkd']
[2025-10-30T12:29:44.851+0000] {standard_task_runner.py:85} INFO - Job 2448: Subtask parse_teams_history_task
[2025-10-30T12:29:44.941+0000] {task_command.py:410} INFO - Running <TaskInstance: fpl_teams_history_etl.parse_teams_history_task manual__2025-10-30T12:29:38.079225+00:00 [running]> on host 9cff18210c47
[2025-10-30T12:29:45.125+0000] {taskinstance.py:1547} INFO - Exporting env vars: AIRFLOW_CTX_DAG_OWNER='richardilemon' AIRFLOW_CTX_DAG_ID='fpl_teams_history_etl' AIRFLOW_CTX_TASK_ID='parse_teams_history_task' AIRFLOW_CTX_EXECUTION_DATE='2025-10-30T12:29:38.079225+00:00' AIRFLOW_CTX_TRY_NUMBER='1' AIRFLOW_CTX_DAG_RUN_ID='manual__2025-10-30T12:29:38.079225+00:00'
[2025-10-30T12:29:45.128+0000] {taskinstance.py:1824} ERROR - Task failed with exception
Traceback (most recent call last):
  File "/home/airflow/.local/lib/python3.7/site-packages/airflow/decorators/base.py", line 220, in execute
    return_value = super().execute(context)
  File "/home/airflow/.local/lib/python3.7/site-packages/airflow/operators/python.py", line 181, in execute
    return_value = self.execute_callable()
  File "/home/airflow/.local/lib/python3.7/site-packages/airflow/operators/python.py", line 198, in execute_callable
    return self.python_callable(*self.op_args, **self.op_kwargs)
  File "/opt/airflow/dags/fpl_teams_history_etl.py", line 61, in parse_teams_history_task
    return parse_team_history(teams_history)
  File "/opt/airflow/scripts/load_teams_history.py", line 29, in parse_team_history
    reader = list(csv["csv"])
  File "/home/airflow/.local/lib/python3.7/site-packages/airflow/models/xcom.py", line 762, in __getitem__
    raise ValueError("only support index access for now")
ValueError: only support index access for now
[2025-10-30T12:29:45.150+0000] {taskinstance.py:1350} INFO - Marking task as UP_FOR_RETRY. dag_id=fpl_teams_history_etl, task_id=parse_teams_history_task, execution_date=20251030T122938, start_date=20251030T122944, end_date=20251030T122945
[2025-10-30T12:29:45.167+0000] {standard_task_runner.py:109} ERROR - Failed to execute job 2448 for task parse_teams_history_task (only support index access for now; 4888)
[2025-10-30T12:29:45.183+0000] {local_task_job_runner.py:225} INFO - Task exited with return code 1
[2025-10-30T12:29:45.216+0000] {taskinstance.py:2653} INFO - 0 downstream tasks scheduled from follow-on schedule check
