[2025-10-07T19:43:46.830+0000] {taskinstance.py:1103} INFO - Dependencies all met for dep_context=non-requeueable deps ti=<TaskInstance: fpl_etl_pipeline.insert_teams_data manual__2025-10-07T19:38:36.260948+00:00 [queued]>
[2025-10-07T19:43:46.843+0000] {taskinstance.py:1103} INFO - Dependencies all met for dep_context=requeueable deps ti=<TaskInstance: fpl_etl_pipeline.insert_teams_data manual__2025-10-07T19:38:36.260948+00:00 [queued]>
[2025-10-07T19:43:46.844+0000] {taskinstance.py:1308} INFO - Starting attempt 2 of 2
[2025-10-07T19:43:46.867+0000] {taskinstance.py:1327} INFO - Executing <Task(PythonOperator): insert_teams_data> on 2025-10-07 19:38:36.260948+00:00
[2025-10-07T19:43:46.873+0000] {standard_task_runner.py:57} INFO - Started process 547 to run task
[2025-10-07T19:43:46.876+0000] {standard_task_runner.py:84} INFO - Running: ['airflow', 'tasks', 'run', 'fpl_etl_pipeline', 'insert_teams_data', 'manual__2025-10-07T19:38:36.260948+00:00', '--job-id', '128', '--raw', '--subdir', 'DAGS_FOLDER/fpl_etl_pipeline.py', '--cfg-path', '/tmp/tmp7d__mc_m']
[2025-10-07T19:43:46.880+0000] {standard_task_runner.py:85} INFO - Job 128: Subtask insert_teams_data
[2025-10-07T19:43:46.955+0000] {task_command.py:410} INFO - Running <TaskInstance: fpl_etl_pipeline.insert_teams_data manual__2025-10-07T19:38:36.260948+00:00 [running]> on host 00f07cb5c963
[2025-10-07T19:43:47.123+0000] {taskinstance.py:1547} INFO - Exporting env vars: AIRFLOW_CTX_DAG_OWNER='richardilemon' AIRFLOW_CTX_DAG_ID='fpl_etl_pipeline' AIRFLOW_CTX_TASK_ID='insert_teams_data' AIRFLOW_CTX_EXECUTION_DATE='2025-10-07T19:38:36.260948+00:00' AIRFLOW_CTX_TRY_NUMBER='2' AIRFLOW_CTX_DAG_RUN_ID='manual__2025-10-07T19:38:36.260948+00:00'
[2025-10-07T19:43:47.155+0000] {base.py:73} INFO - Using connection ID 'fpl_db_conn' for task execution.
[2025-10-07T19:43:47.169+0000] {db_config.py:33} INFO - Database Connection Established
[2025-10-07T19:43:47.169+0000] {db_config.py:40} ERROR - Failed to connect to database: insert_teams() got an unexpected keyword argument 'conf'
[2025-10-07T19:43:47.170+0000] {taskinstance.py:1824} ERROR - Task failed with exception
Traceback (most recent call last):
  File "/home/airflow/.local/lib/python3.7/site-packages/airflow/operators/python.py", line 181, in execute
    return_value = self.execute_callable()
  File "/home/airflow/.local/lib/python3.7/site-packages/airflow/operators/python.py", line 198, in execute_callable
    return self.python_callable(*self.op_args, **self.op_kwargs)
  File "/opt/airflow/scripts/db_config.py", line 35, in wrapper
    result = func(connection, *args, **kwargs)  # fetch_teams_data(_connection)
TypeError: insert_teams() got an unexpected keyword argument 'conf'
[2025-10-07T19:43:47.194+0000] {taskinstance.py:1350} INFO - Marking task as FAILED. dag_id=fpl_etl_pipeline, task_id=insert_teams_data, execution_date=20251007T193836, start_date=20251007T194346, end_date=20251007T194347
[2025-10-07T19:43:47.211+0000] {standard_task_runner.py:109} ERROR - Failed to execute job 128 for task insert_teams_data (insert_teams() got an unexpected keyword argument 'conf'; 547)
[2025-10-07T19:43:47.249+0000] {local_task_job_runner.py:225} INFO - Task exited with return code 1
[2025-10-07T19:43:47.284+0000] {taskinstance.py:2653} INFO - 0 downstream tasks scheduled from follow-on schedule check
