[2025-10-09T09:28:31.798+0000] {taskinstance.py:1103} INFO - Dependencies all met for dep_context=non-requeueable deps ti=<TaskInstance: fpl_etl_pipeline.populate_gameweeks manual__2025-10-09T09:27:56.217498+00:00 [queued]>
[2025-10-09T09:28:31.837+0000] {taskinstance.py:1103} INFO - Dependencies all met for dep_context=requeueable deps ti=<TaskInstance: fpl_etl_pipeline.populate_gameweeks manual__2025-10-09T09:27:56.217498+00:00 [queued]>
[2025-10-09T09:28:31.839+0000] {taskinstance.py:1308} INFO - Starting attempt 1 of 2
[2025-10-09T09:28:32.049+0000] {taskinstance.py:1327} INFO - Executing <Task(_PythonDecoratedOperator): populate_gameweeks> on 2025-10-09 09:27:56.217498+00:00
[2025-10-09T09:28:32.054+0000] {standard_task_runner.py:57} INFO - Started process 1479 to run task
[2025-10-09T09:28:32.058+0000] {standard_task_runner.py:84} INFO - Running: ['airflow', 'tasks', 'run', 'fpl_etl_pipeline', 'populate_gameweeks', 'manual__2025-10-09T09:27:56.217498+00:00', '--job-id', '268', '--raw', '--subdir', 'DAGS_FOLDER/fpl_etl_pipeline.py', '--cfg-path', '/tmp/tmpiwrc8gu1']
[2025-10-09T09:28:32.059+0000] {standard_task_runner.py:85} INFO - Job 268: Subtask populate_gameweeks
[2025-10-09T09:28:32.138+0000] {task_command.py:410} INFO - Running <TaskInstance: fpl_etl_pipeline.populate_gameweeks manual__2025-10-09T09:27:56.217498+00:00 [running]> on host 671762379d36
[2025-10-09T09:28:32.389+0000] {taskinstance.py:1547} INFO - Exporting env vars: AIRFLOW_CTX_DAG_OWNER='richardilemon' AIRFLOW_CTX_DAG_ID='fpl_etl_pipeline' AIRFLOW_CTX_TASK_ID='populate_gameweeks' AIRFLOW_CTX_EXECUTION_DATE='2025-10-09T09:27:56.217498+00:00' AIRFLOW_CTX_TRY_NUMBER='1' AIRFLOW_CTX_DAG_RUN_ID='manual__2025-10-09T09:27:56.217498+00:00'
[2025-10-09T09:28:32.408+0000] {base.py:73} INFO - Using connection ID 'fpl_db_conn' for task execution.
[2025-10-09T09:28:32.419+0000] {db_config.py:66} INFO - Database Connection Established
[2025-10-09T09:28:32.420+0000] {db_config.py:76} ERROR - Failed to connect to database: too many values to unpack (expected 3)
[2025-10-09T09:28:32.420+0000] {taskinstance.py:1824} ERROR - Task failed with exception
Traceback (most recent call last):
  File "/home/airflow/.local/lib/python3.7/site-packages/airflow/decorators/base.py", line 220, in execute
    return_value = super().execute(context)
  File "/home/airflow/.local/lib/python3.7/site-packages/airflow/operators/python.py", line 181, in execute
    return_value = self.execute_callable()
  File "/home/airflow/.local/lib/python3.7/site-packages/airflow/operators/python.py", line 198, in execute_callable
    return self.python_callable(*self.op_args, **self.op_kwargs)
  File "/opt/airflow/dags/fpl_etl_pipeline.py", line 140, in populate_gameweeks
    return insert_gameweeks(gameweeks)
  File "/opt/airflow/scripts/db_config.py", line 68, in wrapper
    result = func(connection, *args, **kwargs)  # fetch_teams_data(_connection)
  File "/opt/airflow/scripts/load_gameweeks.py", line 91, in insert_gameweeks
    for season, gw, deadline in gameweeks:
ValueError: too many values to unpack (expected 3)
[2025-10-09T09:28:32.516+0000] {taskinstance.py:1350} INFO - Marking task as UP_FOR_RETRY. dag_id=fpl_etl_pipeline, task_id=populate_gameweeks, execution_date=20251009T092756, start_date=20251009T092831, end_date=20251009T092832
[2025-10-09T09:28:32.534+0000] {standard_task_runner.py:109} ERROR - Failed to execute job 268 for task populate_gameweeks (too many values to unpack (expected 3); 1479)
[2025-10-09T09:28:32.551+0000] {local_task_job_runner.py:225} INFO - Task exited with return code 1
[2025-10-09T09:28:32.598+0000] {taskinstance.py:2653} INFO - 0 downstream tasks scheduled from follow-on schedule check
