[2025-10-25T22:23:35.656+0000] {taskinstance.py:1103} INFO - Dependencies all met for dep_context=non-requeueable deps ti=<TaskInstance: fpl_teams_etl.fetch_teams_task manual__2025-10-25T22:23:33.325097+00:00 [queued]>
[2025-10-25T22:23:35.671+0000] {taskinstance.py:1103} INFO - Dependencies all met for dep_context=requeueable deps ti=<TaskInstance: fpl_teams_etl.fetch_teams_task manual__2025-10-25T22:23:33.325097+00:00 [queued]>
[2025-10-25T22:23:35.672+0000] {taskinstance.py:1308} INFO - Starting attempt 1 of 2
[2025-10-25T22:23:35.695+0000] {taskinstance.py:1327} INFO - Executing <Task(_PythonDecoratedOperator): fetch_teams_task> on 2025-10-25 22:23:33.325097+00:00
[2025-10-25T22:23:35.700+0000] {standard_task_runner.py:57} INFO - Started process 7594 to run task
[2025-10-25T22:23:35.706+0000] {standard_task_runner.py:84} INFO - Running: ['airflow', 'tasks', 'run', 'fpl_teams_etl', 'fetch_teams_task', 'manual__2025-10-25T22:23:33.325097+00:00', '--job-id', '6533', '--raw', '--subdir', 'DAGS_FOLDER/fpl_teams_dag.py', '--cfg-path', '/tmp/tmpilf1106_']
[2025-10-25T22:23:35.709+0000] {standard_task_runner.py:85} INFO - Job 6533: Subtask fetch_teams_task
[2025-10-25T22:23:35.986+0000] {task_command.py:410} INFO - Running <TaskInstance: fpl_teams_etl.fetch_teams_task manual__2025-10-25T22:23:33.325097+00:00 [running]> on host 754e4af34fcd
[2025-10-25T22:23:36.136+0000] {taskinstance.py:1547} INFO - Exporting env vars: AIRFLOW_CTX_DAG_OWNER='richardilemon' AIRFLOW_CTX_DAG_ID='fpl_teams_etl' AIRFLOW_CTX_TASK_ID='fetch_teams_task' AIRFLOW_CTX_EXECUTION_DATE='2025-10-25T22:23:33.325097+00:00' AIRFLOW_CTX_TRY_NUMBER='1' AIRFLOW_CTX_DAG_RUN_ID='manual__2025-10-25T22:23:33.325097+00:00'
[2025-10-25T22:23:36.137+0000] {taskinstance.py:1824} ERROR - Task failed with exception
Traceback (most recent call last):
  File "/home/airflow/.local/lib/python3.7/site-packages/airflow/decorators/base.py", line 220, in execute
    return_value = super().execute(context)
  File "/home/airflow/.local/lib/python3.7/site-packages/airflow/operators/python.py", line 181, in execute
    return_value = self.execute_callable()
  File "/home/airflow/.local/lib/python3.7/site-packages/airflow/operators/python.py", line 198, in execute_callable
    return self.python_callable(*self.op_args, **self.op_kwargs)
  File "/opt/airflow/dags/fpl_teams_dag.py", line 92, in fetch_teams_task
    teams = fetch_api_data(season, category)
TypeError: 'module' object is not callable
[2025-10-25T22:23:36.156+0000] {taskinstance.py:1350} INFO - Marking task as UP_FOR_RETRY. dag_id=fpl_teams_etl, task_id=fetch_teams_task, execution_date=20251025T222333, start_date=20251025T222335, end_date=20251025T222336
[2025-10-25T22:23:36.192+0000] {standard_task_runner.py:109} ERROR - Failed to execute job 6533 for task fetch_teams_task ('module' object is not callable; 7594)
[2025-10-25T22:23:36.239+0000] {local_task_job_runner.py:225} INFO - Task exited with return code 1
[2025-10-25T22:23:36.494+0000] {taskinstance.py:2653} INFO - 0 downstream tasks scheduled from follow-on schedule check
