[2025-05-12T12:06:38.495+0000] {logging_mixin.py:150} INFO - Changing /opt/airflow/logs/dag_id=fpl_etl_pipeline/run_id=scheduled__2025-05-10T00:00:00+00:00/task_id=load_fixtures permission to 509
[2025-05-12T12:06:38.496+0000] {logging_mixin.py:150} INFO - Failed to change /opt/airflow/logs/dag_id=fpl_etl_pipeline/run_id=scheduled__2025-05-10T00:00:00+00:00/task_id=load_fixtures permission to 509: [Errno 1] Operation not permitted: '/opt/airflow/logs/dag_id=fpl_etl_pipeline/run_id=scheduled__2025-05-10T00:00:00+00:00/task_id=load_fixtures'
[2025-05-12T12:06:38.558+0000] {logging_mixin.py:150} INFO - Changing /opt/airflow/logs/dag_id=fpl_etl_pipeline/run_id=scheduled__2025-05-10T00:00:00+00:00/task_id=load_fixtures permission to 509
[2025-05-12T12:06:38.559+0000] {logging_mixin.py:150} INFO - Failed to change /opt/airflow/logs/dag_id=fpl_etl_pipeline/run_id=scheduled__2025-05-10T00:00:00+00:00/task_id=load_fixtures permission to 509: [Errno 1] Operation not permitted: '/opt/airflow/logs/dag_id=fpl_etl_pipeline/run_id=scheduled__2025-05-10T00:00:00+00:00/task_id=load_fixtures'
[2025-05-12T12:06:38.640+0000] {taskinstance.py:1103} INFO - Dependencies all met for dep_context=non-requeueable deps ti=<TaskInstance: fpl_etl_pipeline.load_fixtures scheduled__2025-05-10T00:00:00+00:00 [queued]>
[2025-05-12T12:06:38.659+0000] {taskinstance.py:1103} INFO - Dependencies all met for dep_context=requeueable deps ti=<TaskInstance: fpl_etl_pipeline.load_fixtures scheduled__2025-05-10T00:00:00+00:00 [queued]>
[2025-05-12T12:06:38.660+0000] {taskinstance.py:1308} INFO - Starting attempt 1 of 2
[2025-05-12T12:06:38.689+0000] {taskinstance.py:1327} INFO - Executing <Task(PythonOperator): load_fixtures> on 2025-05-10 00:00:00+00:00
[2025-05-12T12:06:38.697+0000] {standard_task_runner.py:57} INFO - Started process 309 to run task
[2025-05-12T12:06:38.707+0000] {standard_task_runner.py:84} INFO - Running: ['airflow', 'tasks', 'run', 'fpl_etl_pipeline', 'load_fixtures', 'scheduled__2025-05-10T00:00:00+00:00', '--job-id', '28', '--raw', '--subdir', 'DAGS_FOLDER/fpl_etl_pipeline.py', '--cfg-path', '/tmp/tmpnw7o1107']
[2025-05-12T12:06:38.714+0000] {standard_task_runner.py:85} INFO - Job 28: Subtask load_fixtures
[2025-05-12T12:06:38.833+0000] {logging_mixin.py:150} INFO - Changing /opt/airflow/logs/dag_id=fpl_etl_pipeline/run_id=scheduled__2025-05-10T00:00:00+00:00/task_id=load_fixtures permission to 509
[2025-05-12T12:06:38.834+0000] {logging_mixin.py:150} INFO - Failed to change /opt/airflow/logs/dag_id=fpl_etl_pipeline/run_id=scheduled__2025-05-10T00:00:00+00:00/task_id=load_fixtures permission to 509: [Errno 1] Operation not permitted: '/opt/airflow/logs/dag_id=fpl_etl_pipeline/run_id=scheduled__2025-05-10T00:00:00+00:00/task_id=load_fixtures'
[2025-05-12T12:06:38.837+0000] {task_command.py:410} INFO - Running <TaskInstance: fpl_etl_pipeline.load_fixtures scheduled__2025-05-10T00:00:00+00:00 [running]> on host d45b3068fd3d
[2025-05-12T12:06:38.994+0000] {taskinstance.py:1547} INFO - Exporting env vars: AIRFLOW_CTX_DAG_OWNER='richardilemon' AIRFLOW_CTX_DAG_ID='fpl_etl_pipeline' AIRFLOW_CTX_TASK_ID='load_fixtures' AIRFLOW_CTX_EXECUTION_DATE='2025-05-10T00:00:00+00:00' AIRFLOW_CTX_TRY_NUMBER='1' AIRFLOW_CTX_DAG_RUN_ID='scheduled__2025-05-10T00:00:00+00:00'
[2025-05-12T12:06:38.996+0000] {logging_mixin.py:150} INFO - Creating fixtures table...
[2025-05-12T12:06:38.998+0000] {logging_mixin.py:150} INFO - Fetching fixtures for 2016-17...
[2025-05-12T12:06:44.617+0000] {logging_mixin.py:150} INFO - ⚠️ Failed to fetch fixtures.csv for 2016-17: 404 Client Error: Not Found for url: https://raw.githubusercontent.com/vaastav/Fantasy-Premier-League/master/data/2016-17/fixtures.csv (URL: https://raw.githubusercontent.com/vaastav/Fantasy-Premier-League/master/data/2016-17/fixtures.csv)
[2025-05-12T12:06:44.619+0000] {logging_mixin.py:150} INFO - ⚠️ Skipping 2016-17: No CSV data.
[2025-05-12T12:06:44.620+0000] {logging_mixin.py:150} INFO - Inserting 0 fixtures...
[2025-05-12T12:06:44.621+0000] {logging_mixin.py:150} INFO - Fetching fixtures for 2017-18...
[2025-05-12T12:06:48.231+0000] {logging_mixin.py:150} INFO - ⚠️ Failed to fetch fixtures.csv for 2017-18: 404 Client Error: Not Found for url: https://raw.githubusercontent.com/vaastav/Fantasy-Premier-League/master/data/2017-18/fixtures.csv (URL: https://raw.githubusercontent.com/vaastav/Fantasy-Premier-League/master/data/2017-18/fixtures.csv)
[2025-05-12T12:06:48.234+0000] {logging_mixin.py:150} INFO - ⚠️ Skipping 2017-18: No CSV data.
[2025-05-12T12:06:48.235+0000] {logging_mixin.py:150} INFO - Inserting 0 fixtures...
[2025-05-12T12:06:48.235+0000] {logging_mixin.py:150} INFO - Fetching fixtures for 2018-19...
[2025-05-12T12:06:59.354+0000] {logging_mixin.py:150} INFO - Inserting 380 fixtures...
[2025-05-12T12:06:59.605+0000] {logging_mixin.py:150} INFO - Fetching fixtures for 2019-20...
[2025-05-12T12:07:04.832+0000] {logging_mixin.py:150} INFO - Inserting 380 fixtures...
[2025-05-12T12:07:05.332+0000] {logging_mixin.py:150} INFO - Fetching fixtures for 2020-21...
[2025-05-12T12:07:08.456+0000] {logging_mixin.py:150} INFO - Inserting 380 fixtures...
[2025-05-12T12:07:08.609+0000] {logging_mixin.py:150} INFO - Fetching fixtures for 2021-22...
[2025-05-12T12:07:14.462+0000] {logging_mixin.py:150} INFO - Inserting 380 fixtures...
[2025-05-12T12:07:14.680+0000] {logging_mixin.py:150} INFO - Fetching fixtures for 2022-23...
[2025-05-12T12:07:25.238+0000] {logging_mixin.py:150} INFO - Inserting 380 fixtures...
[2025-05-12T12:07:25.382+0000] {logging_mixin.py:150} INFO - Fetching fixtures for 2023-24...
[2025-05-12T12:07:28.526+0000] {logging_mixin.py:150} INFO - Inserting 380 fixtures...
[2025-05-12T12:07:28.635+0000] {logging_mixin.py:150} INFO - Fetching fixtures for 2024-25...
[2025-05-12T12:07:31.102+0000] {logging_mixin.py:150} INFO - Inserting 380 fixtures...
[2025-05-12T12:07:31.209+0000] {logging_mixin.py:150} INFO - ✅ Fixtures loaded successfully.
[2025-05-12T12:07:31.210+0000] {python.py:183} INFO - Done. Returned value was: None
[2025-05-12T12:07:31.234+0000] {taskinstance.py:1350} INFO - Marking task as SUCCESS. dag_id=fpl_etl_pipeline, task_id=load_fixtures, execution_date=20250510T000000, start_date=20250512T120638, end_date=20250512T120731
[2025-05-12T12:07:31.291+0000] {local_task_job_runner.py:225} INFO - Task exited with return code 0
[2025-05-12T12:07:31.336+0000] {taskinstance.py:2653} INFO - 1 downstream tasks scheduled from follow-on schedule check
