[2025-05-12T16:27:25.712+0000] {logging_mixin.py:150} INFO - Changing /opt/airflow/logs/dag_id=fpl_etl_pipeline/run_id=manual__2025-05-08T00:00:00+00:00/task_id=load_gameweeks permission to 509
[2025-05-12T16:27:25.714+0000] {logging_mixin.py:150} INFO - Failed to change /opt/airflow/logs/dag_id=fpl_etl_pipeline/run_id=manual__2025-05-08T00:00:00+00:00/task_id=load_gameweeks permission to 509: [Errno 1] Operation not permitted: '/opt/airflow/logs/dag_id=fpl_etl_pipeline/run_id=manual__2025-05-08T00:00:00+00:00/task_id=load_gameweeks'
[2025-05-12T16:27:25.909+0000] {logging_mixin.py:150} INFO - Changing /opt/airflow/logs/dag_id=fpl_etl_pipeline/run_id=manual__2025-05-08T00:00:00+00:00/task_id=load_gameweeks permission to 509
[2025-05-12T16:27:25.910+0000] {logging_mixin.py:150} INFO - Failed to change /opt/airflow/logs/dag_id=fpl_etl_pipeline/run_id=manual__2025-05-08T00:00:00+00:00/task_id=load_gameweeks permission to 509: [Errno 1] Operation not permitted: '/opt/airflow/logs/dag_id=fpl_etl_pipeline/run_id=manual__2025-05-08T00:00:00+00:00/task_id=load_gameweeks'
[2025-05-12T16:27:26.165+0000] {taskinstance.py:1103} INFO - Dependencies all met for dep_context=non-requeueable deps ti=<TaskInstance: fpl_etl_pipeline.load_gameweeks manual__2025-05-08T00:00:00+00:00 [queued]>
[2025-05-12T16:27:26.220+0000] {taskinstance.py:1103} INFO - Dependencies all met for dep_context=requeueable deps ti=<TaskInstance: fpl_etl_pipeline.load_gameweeks manual__2025-05-08T00:00:00+00:00 [queued]>
[2025-05-12T16:27:26.224+0000] {taskinstance.py:1308} INFO - Starting attempt 1 of 2
[2025-05-12T16:27:26.336+0000] {taskinstance.py:1327} INFO - Executing <Task(PythonOperator): load_gameweeks> on 2025-05-08 00:00:00+00:00
[2025-05-12T16:27:26.360+0000] {standard_task_runner.py:57} INFO - Started process 455 to run task
[2025-05-12T16:27:26.376+0000] {standard_task_runner.py:84} INFO - Running: ['airflow', 'tasks', 'run', 'fpl_etl_pipeline', 'load_gameweeks', 'manual__2025-05-08T00:00:00+00:00', '--job-id', '44', '--raw', '--subdir', 'DAGS_FOLDER/fpl_etl_pipeline.py', '--cfg-path', '/tmp/tmpjea2zh5b']
[2025-05-12T16:27:26.404+0000] {standard_task_runner.py:85} INFO - Job 44: Subtask load_gameweeks
[2025-05-12T16:27:26.936+0000] {logging_mixin.py:150} INFO - Changing /opt/airflow/logs/dag_id=fpl_etl_pipeline/run_id=manual__2025-05-08T00:00:00+00:00/task_id=load_gameweeks permission to 509
[2025-05-12T16:27:26.949+0000] {logging_mixin.py:150} INFO - Failed to change /opt/airflow/logs/dag_id=fpl_etl_pipeline/run_id=manual__2025-05-08T00:00:00+00:00/task_id=load_gameweeks permission to 509: [Errno 1] Operation not permitted: '/opt/airflow/logs/dag_id=fpl_etl_pipeline/run_id=manual__2025-05-08T00:00:00+00:00/task_id=load_gameweeks'
[2025-05-12T16:27:26.993+0000] {task_command.py:410} INFO - Running <TaskInstance: fpl_etl_pipeline.load_gameweeks manual__2025-05-08T00:00:00+00:00 [running]> on host e6c668ba7472
[2025-05-12T16:27:27.870+0000] {taskinstance.py:1547} INFO - Exporting env vars: AIRFLOW_CTX_DAG_OWNER='richardilemon' AIRFLOW_CTX_DAG_ID='fpl_etl_pipeline' AIRFLOW_CTX_TASK_ID='load_gameweeks' AIRFLOW_CTX_EXECUTION_DATE='2025-05-08T00:00:00+00:00' AIRFLOW_CTX_TRY_NUMBER='2' AIRFLOW_CTX_DAG_RUN_ID='manual__2025-05-08T00:00:00+00:00'
[2025-05-12T16:27:27.877+0000] {logging_mixin.py:150} INFO - Creating game_weeks table...
[2025-05-12T16:27:27.881+0000] {logging_mixin.py:150} INFO - Processing season 2019-20...
[2025-05-12T16:27:29.298+0000] {logging_mixin.py:150} INFO - Processing season 2020-21...
[2025-05-12T16:27:30.332+0000] {logging_mixin.py:150} INFO - Processing season 2021-22...
[2025-05-12T16:27:31.983+0000] {logging_mixin.py:150} INFO - Processing season 2022-23...
[2025-05-12T16:27:32.836+0000] {logging_mixin.py:150} INFO - Processing season 2023-24...
[2025-05-12T16:27:34.150+0000] {logging_mixin.py:150} INFO - Processing season 2024-25...
[2025-05-12T16:27:35.091+0000] {logging_mixin.py:150} INFO - ✅ Gameweek deadlines loaded successfully.
[2025-05-12T16:27:35.093+0000] {python.py:183} INFO - Done. Returned value was: None
[2025-05-12T16:27:35.184+0000] {taskinstance.py:1350} INFO - Marking task as SUCCESS. dag_id=fpl_etl_pipeline, task_id=load_gameweeks, execution_date=20250508T000000, start_date=20250512T162726, end_date=20250512T162735
[2025-05-12T16:27:35.331+0000] {local_task_job_runner.py:225} INFO - Task exited with return code 0
[2025-05-12T16:27:35.535+0000] {taskinstance.py:2653} INFO - 0 downstream tasks scheduled from follow-on schedule check
