[2025-10-09T11:44:50.675+0000] {taskinstance.py:1103} INFO - Dependencies all met for dep_context=non-requeueable deps ti=<TaskInstance: fpl_etl_pipeline.parse_task manual__2025-10-09T11:44:24.042544+00:00 map_index=2 [queued]>
[2025-10-09T11:44:50.934+0000] {taskinstance.py:1103} INFO - Dependencies all met for dep_context=requeueable deps ti=<TaskInstance: fpl_etl_pipeline.parse_task manual__2025-10-09T11:44:24.042544+00:00 map_index=2 [queued]>
[2025-10-09T11:44:50.935+0000] {taskinstance.py:1308} INFO - Starting attempt 1 of 2
[2025-10-09T11:44:50.972+0000] {taskinstance.py:1327} INFO - Executing <Mapped(_PythonDecoratedOperator): parse_task> on 2025-10-09 11:44:24.042544+00:00
[2025-10-09T11:44:50.978+0000] {standard_task_runner.py:57} INFO - Started process 1715 to run task
[2025-10-09T11:44:50.986+0000] {standard_task_runner.py:84} INFO - Running: ['airflow', 'tasks', 'run', 'fpl_etl_pipeline', 'parse_task', 'manual__2025-10-09T11:44:24.042544+00:00', '--job-id', '304', '--raw', '--subdir', 'DAGS_FOLDER/fpl_etl_pipeline.py', '--cfg-path', '/tmp/tmpr5k7614n', '--map-index', '2']
[2025-10-09T11:44:50.988+0000] {standard_task_runner.py:85} INFO - Job 304: Subtask parse_task
[2025-10-09T11:44:51.189+0000] {task_command.py:410} INFO - Running <TaskInstance: fpl_etl_pipeline.parse_task manual__2025-10-09T11:44:24.042544+00:00 map_index=2 [running]> on host 671762379d36
[2025-10-09T11:44:52.155+0000] {taskinstance.py:1547} INFO - Exporting env vars: AIRFLOW_CTX_DAG_OWNER='richardilemon' AIRFLOW_CTX_DAG_ID='fpl_etl_pipeline' AIRFLOW_CTX_TASK_ID='parse_task' AIRFLOW_CTX_EXECUTION_DATE='2025-10-09T11:44:24.042544+00:00' AIRFLOW_CTX_TRY_NUMBER='1' AIRFLOW_CTX_DAG_RUN_ID='manual__2025-10-09T11:44:24.042544+00:00'
[2025-10-09T11:44:53.462+0000] {taskinstance.py:1824} ERROR - Task failed with exception
Traceback (most recent call last):
  File "/home/airflow/.local/lib/python3.7/site-packages/airflow/decorators/base.py", line 220, in execute
    return_value = super().execute(context)
  File "/home/airflow/.local/lib/python3.7/site-packages/airflow/operators/python.py", line 181, in execute
    return_value = self.execute_callable()
  File "/home/airflow/.local/lib/python3.7/site-packages/airflow/operators/python.py", line 198, in execute_callable
    return self.python_callable(*self.op_args, **self.op_kwargs)
  File "/opt/airflow/dags/fpl_etl_pipeline.py", line 118, in parse_task
    return parse_gameweeks(fixture_data)
  File "/opt/airflow/scripts/load_gameweeks.py", line 62, in parse_gameweeks
    return {gameweeks}
TypeError: unhashable type: 'list'
[2025-10-09T11:44:53.675+0000] {taskinstance.py:1350} INFO - Marking task as UP_FOR_RETRY. dag_id=fpl_etl_pipeline, task_id=parse_task, map_index=2, execution_date=20251009T114424, start_date=20251009T114450, end_date=20251009T114453
[2025-10-09T11:44:54.057+0000] {standard_task_runner.py:109} ERROR - Failed to execute job 304 for task parse_task (unhashable type: 'list'; 1715)
[2025-10-09T11:44:54.227+0000] {local_task_job_runner.py:225} INFO - Task exited with return code 1
[2025-10-09T11:44:55.241+0000] {taskinstance.py:2653} INFO - 0 downstream tasks scheduled from follow-on schedule check
