[2025-10-29T09:19:32.693+0000] {taskinstance.py:1103} INFO - Dependencies all met for dep_context=non-requeueable deps ti=<TaskInstance: fpl_gameweeks_etl.fetch_players_gw_task manual__2025-10-29T09:19:06.934488+00:00 map_index=5 [queued]>
[2025-10-29T09:19:32.744+0000] {taskinstance.py:1103} INFO - Dependencies all met for dep_context=requeueable deps ti=<TaskInstance: fpl_gameweeks_etl.fetch_players_gw_task manual__2025-10-29T09:19:06.934488+00:00 map_index=5 [queued]>
[2025-10-29T09:19:32.745+0000] {taskinstance.py:1308} INFO - Starting attempt 1 of 2
[2025-10-29T09:19:33.134+0000] {taskinstance.py:1327} INFO - Executing <Mapped(_PythonDecoratedOperator): fetch_players_gw_task> on 2025-10-29 09:19:06.934488+00:00
[2025-10-29T09:19:33.155+0000] {standard_task_runner.py:57} INFO - Started process 7726 to run task
[2025-10-29T09:19:33.165+0000] {standard_task_runner.py:84} INFO - Running: ['airflow', 'tasks', 'run', 'fpl_gameweeks_etl', 'fetch_players_gw_task', 'manual__2025-10-29T09:19:06.934488+00:00', '--job-id', '767', '--raw', '--subdir', 'DAGS_FOLDER/fpl_gameweeks_dag.py', '--cfg-path', '/tmp/tmpz4eqs7aj', '--map-index', '5']
[2025-10-29T09:19:33.168+0000] {standard_task_runner.py:85} INFO - Job 767: Subtask fetch_players_gw_task
[2025-10-29T09:19:33.350+0000] {task_command.py:410} INFO - Running <TaskInstance: fpl_gameweeks_etl.fetch_players_gw_task manual__2025-10-29T09:19:06.934488+00:00 map_index=5 [running]> on host dede24b5451e
[2025-10-29T09:19:33.663+0000] {taskinstance.py:1547} INFO - Exporting env vars: AIRFLOW_CTX_DAG_OWNER='richardilemon' AIRFLOW_CTX_DAG_ID='fpl_gameweeks_etl' AIRFLOW_CTX_TASK_ID='fetch_players_gw_task' AIRFLOW_CTX_EXECUTION_DATE='2025-10-29T09:19:06.934488+00:00' AIRFLOW_CTX_TRY_NUMBER='1' AIRFLOW_CTX_DAG_RUN_ID='manual__2025-10-29T09:19:06.934488+00:00'
[2025-10-29T09:19:34.356+0000] {fetch_api_data.py:97} WARNING - Failed to fetch data for Petr_Cech_1: 404
[2025-10-29T09:19:35.099+0000] {fetch_api_data.py:97} WARNING - Failed to fetch data for Bernd_Leno_2: 404
[2025-10-29T09:19:36.496+0000] {fetch_api_data.py:97} WARNING - Failed to fetch data for Laurent_Koscielny_3: 404
[2025-10-29T09:19:37.530+0000] {fetch_api_data.py:97} WARNING - Failed to fetch data for Héctor_Bellerín_4: 404
[2025-10-29T09:19:38.255+0000] {fetch_api_data.py:97} WARNING - Failed to fetch data for Nacho_Monreal_5: 404
[2025-10-29T09:19:39.171+0000] {fetch_api_data.py:97} WARNING - Failed to fetch data for Rob_Holding_6: 404
[2025-10-29T09:19:39.946+0000] {fetch_api_data.py:97} WARNING - Failed to fetch data for Shkodran_Mustafi_7: 404
[2025-10-29T09:19:40.872+0000] {fetch_api_data.py:97} WARNING - Failed to fetch data for Sead_Kolasinac_8: 404
[2025-10-29T09:19:41.904+0000] {fetch_api_data.py:97} WARNING - Failed to fetch data for Konstantinos_Mavropanos_10: 404
[2025-10-29T09:19:42.889+0000] {fetch_api_data.py:97} WARNING - Failed to fetch data for Stephan_Lichtsteiner_11: 404
[2025-10-29T09:19:43.565+0000] {fetch_api_data.py:97} WARNING - Failed to fetch data for Sokratis_Papastathopoulos_12: 404
[2025-10-29T09:19:44.352+0000] {fetch_api_data.py:97} WARNING - Failed to fetch data for Mesut_Özil_13: 404
[2025-10-29T09:19:45.210+0000] {fetch_api_data.py:97} WARNING - Failed to fetch data for Aaron_Ramsey_14: 404
[2025-10-29T09:19:45.830+0000] {fetch_api_data.py:97} WARNING - Failed to fetch data for Alex_Iwobi_15: 404
[2025-10-29T09:19:46.554+0000] {fetch_api_data.py:97} WARNING - Failed to fetch data for Mohamed_Elneny_16: 404
[2025-10-29T09:19:47.217+0000] {fetch_api_data.py:97} WARNING - Failed to fetch data for Granit_Xhaka_17: 404
[2025-10-29T09:19:47.970+0000] {fetch_api_data.py:97} WARNING - Failed to fetch data for Henrikh_Mkhitaryan_18: 404
[2025-10-29T09:19:48.680+0000] {fetch_api_data.py:97} WARNING - Failed to fetch data for Reiss_Nelson_19: 404
[2025-10-29T09:19:49.417+0000] {fetch_api_data.py:97} WARNING - Failed to fetch data for Ainsley_Maitland-Niles_20: 404
[2025-10-29T09:19:50.123+0000] {fetch_api_data.py:97} WARNING - Failed to fetch data for Danny_Welbeck_21: 404
[2025-10-29T09:19:50.763+0000] {fetch_api_data.py:97} WARNING - Failed to fetch data for Alexandre_Lacazette_22: 404
[2025-10-29T09:19:51.372+0000] {fetch_api_data.py:97} WARNING - Failed to fetch data for Pierre-Emerick_Aubameyang_23: 404
[2025-10-29T09:19:51.975+0000] {fetch_api_data.py:97} WARNING - Failed to fetch data for Lucas_Torreira_450: 404
[2025-10-29T09:19:52.629+0000] {fetch_api_data.py:97} WARNING - Failed to fetch data for Matteo_Guendouzi_451: 404
[2025-10-29T09:19:53.281+0000] {fetch_api_data.py:97} WARNING - Failed to fetch data for Emiliano_Martínez_542: 404
[2025-10-29T09:19:53.855+0000] {fetch_api_data.py:97} WARNING - Failed to fetch data for Emile_Smith-Rowe_545: 404
[2025-10-29T09:19:54.591+0000] {fetch_api_data.py:97} WARNING - Failed to fetch data for Zech_Medley_546: 404
[2025-10-29T09:19:55.460+0000] {fetch_api_data.py:97} WARNING - Failed to fetch data for Edward_Nketiah_552: 404
[2025-10-29T09:19:56.088+0000] {fetch_api_data.py:97} WARNING - Failed to fetch data for Bukayo_Saka_563: 404
[2025-10-29T09:19:56.778+0000] {fetch_api_data.py:97} WARNING - Failed to fetch data for Joseph_Willock_566: 404
[2025-10-29T09:19:57.361+0000] {fetch_api_data.py:97} WARNING - Failed to fetch data for Carl_Jenkinson_581: 404
[2025-10-29T09:19:57.944+0000] {fetch_api_data.py:97} WARNING - Failed to fetch data for Denis_Suárez_586: 404
[2025-10-29T09:19:58.547+0000] {fetch_api_data.py:97} WARNING - Failed to fetch data for Asmir_Begovic_24: 404
[2025-10-29T09:19:59.100+0000] {fetch_api_data.py:97} WARNING - Failed to fetch data for Artur_Boruc_25: 404
[2025-10-29T09:19:59.784+0000] {fetch_api_data.py:97} WARNING - Failed to fetch data for Simon_Francis_26: 404
[2025-10-29T09:20:00.388+0000] {fetch_api_data.py:97} WARNING - Failed to fetch data for Steve_Cook_27: 404
[2025-10-29T09:20:00.987+0000] {fetch_api_data.py:97} WARNING - Failed to fetch data for Charlie_Daniels_28: 404
[2025-10-29T09:20:01.602+0000] {fetch_api_data.py:97} WARNING - Failed to fetch data for Adam_Smith_29: 404
[2025-10-29T09:20:02.186+0000] {fetch_api_data.py:97} WARNING - Failed to fetch data for Tyrone_Mings_30: 404
[2025-10-29T09:20:02.793+0000] {fetch_api_data.py:97} WARNING - Failed to fetch data for Nathan_Aké_31: 404
[2025-10-29T09:20:03.383+0000] {fetch_api_data.py:97} WARNING - Failed to fetch data for Jack_Simpson_32: 404
[2025-10-29T09:20:03.942+0000] {fetch_api_data.py:97} WARNING - Failed to fetch data for Marc_Pugh_34: 404
[2025-10-29T09:20:04.560+0000] {fetch_api_data.py:97} WARNING - Failed to fetch data for Andrew_Surman_35: 404
[2025-10-29T09:20:05.148+0000] {fetch_api_data.py:97} WARNING - Failed to fetch data for Junior_Stanislas_36: 404
[2025-10-29T09:20:05.792+0000] {fetch_api_data.py:97} WARNING - Failed to fetch data for Dan_Gosling_37: 404
[2025-10-29T09:20:06.379+0000] {fetch_api_data.py:97} WARNING - Failed to fetch data for Jordon_Ibe_38: 404
[2025-10-29T09:20:06.945+0000] {fetch_api_data.py:97} WARNING - Failed to fetch data for Lewis_Cook_39: 404
[2025-10-29T09:20:07.832+0000] {fetch_api_data.py:97} WARNING - Failed to fetch data for Ryan_Fraser_40: 404
[2025-10-29T09:20:08.673+0000] {fetch_api_data.py:97} WARNING - Failed to fetch data for Emerson_Hyndman_41: 404
[2025-10-29T09:20:09.289+0000] {fetch_api_data.py:97} WARNING - Failed to fetch data for David_Brooks_42: 404
[2025-10-29T09:20:09.993+0000] {fetch_api_data.py:97} WARNING - Failed to fetch data for Callum_Wilson_43: 404
[2025-10-29T09:20:10.643+0000] {fetch_api_data.py:97} WARNING - Failed to fetch data for Lys_Mousset_44: 404
[2025-10-29T09:20:11.273+0000] {fetch_api_data.py:97} WARNING - Failed to fetch data for Joshua_King_45: 404
[2025-10-29T09:20:11.921+0000] {fetch_api_data.py:97} WARNING - Failed to fetch data for Jermain_Defoe_46: 404
[2025-10-29T09:20:12.511+0000] {fetch_api_data.py:97} WARNING - Failed to fetch data for Nathaniel_Clyne_241: 404
[2025-10-29T09:20:13.085+0000] {fetch_api_data.py:97} WARNING - Failed to fetch data for Dominic_Solanke_259: 404
[2025-10-29T09:20:13.703+0000] {fetch_api_data.py:97} WARNING - Failed to fetch data for Diego_Rico_473: 404
[2025-10-29T09:20:14.314+0000] {fetch_api_data.py:97} WARNING - Failed to fetch data for Jefferson_Lerma_494: 404
[2025-10-29T09:20:14.943+0000] {fetch_api_data.py:97} WARNING - Failed to fetch data for Chris_Mepham_580: 404
[2025-10-29T09:20:15.543+0000] {fetch_api_data.py:97} WARNING - Failed to fetch data for Sam_Surridge_599: 404
[2025-10-29T09:20:16.160+0000] {fetch_api_data.py:97} WARNING - Failed to fetch data for Kyle_Taylor_600: 404
[2025-10-29T09:20:16.782+0000] {fetch_api_data.py:97} WARNING - Failed to fetch data for Nnamdi_Ofoborh_613: 404
[2025-10-29T09:20:17.376+0000] {fetch_api_data.py:97} WARNING - Failed to fetch data for Mark_Travers_616: 404
[2025-10-29T09:20:17.984+0000] {fetch_api_data.py:97} WARNING - Failed to fetch data for Matt_Butcher_620: 404
[2025-10-29T09:20:18.587+0000] {fetch_api_data.py:97} WARNING - Failed to fetch data for Mathew_Ryan_47: 404
[2025-10-29T09:20:19.178+0000] {fetch_api_data.py:97} WARNING - Failed to fetch data for Lewis_Dunk_48: 404
[2025-10-29T09:20:19.917+0000] {fetch_api_data.py:97} WARNING - Failed to fetch data for Shane_Duffy_49: 404
[2025-10-29T09:20:21.034+0000] {fetch_api_data.py:97} WARNING - Failed to fetch data for Bruno_Saltor Grau_50: 404
[2025-10-29T09:20:21.952+0000] {fetch_api_data.py:97} WARNING - Failed to fetch data for Gaëtan_Bong_51: 404
[2025-10-29T09:20:23.316+0000] {fetch_api_data.py:97} WARNING - Failed to fetch data for Markus_Suttner_52: 404
[2025-10-29T09:20:24.830+0000] {fetch_api_data.py:97} WARNING - Failed to fetch data for Ezequiel_Schelotto_53: 404
[2025-10-29T09:20:26.566+0000] {fetch_api_data.py:97} WARNING - Failed to fetch data for Leon_Balogun_54: 404
[2025-10-29T09:20:28.118+0000] {fetch_api_data.py:97} WARNING - Failed to fetch data for Anthony_Knockaert_55: 404
[2025-10-29T09:20:28.825+0000] {fetch_api_data.py:97} WARNING - Failed to fetch data for Dale_Stephens_56: 404
[2025-10-29T09:20:29.604+0000] {fetch_api_data.py:97} WARNING - Failed to fetch data for Beram_Kayal_57: 404
[2025-10-29T09:20:30.326+0000] {fetch_api_data.py:97} WARNING - Failed to fetch data for Solomon_March_58: 404
[2025-10-29T09:20:31.536+0000] {fetch_api_data.py:97} WARNING - Failed to fetch data for Pascal_Groß_59: 404
[2025-10-29T09:20:32.566+0000] {fetch_api_data.py:97} WARNING - Failed to fetch data for Davy_Pröpper_60: 404
[2025-10-29T09:20:33.165+0000] {fetch_api_data.py:97} WARNING - Failed to fetch data for José Heriberto_Izquierdo Mena_61: 404
[2025-10-29T09:20:34.019+0000] {fetch_api_data.py:97} WARNING - Failed to fetch data for Glenn_Murray_62: 404
[2025-10-29T09:20:34.820+0000] {fetch_api_data.py:97} WARNING - Failed to fetch data for Tomer_Hemed_63: 404
[2025-10-29T09:20:35.697+0000] {fetch_api_data.py:97} WARNING - Failed to fetch data for Sam_Baldock_64: 404
[2025-10-29T09:20:36.566+0000] {fetch_api_data.py:97} WARNING - Failed to fetch data for Jürgen_Locadia_65: 404
[2025-10-29T09:20:37.596+0000] {fetch_api_data.py:97} WARNING - Failed to fetch data for Florin_Andone_66: 404
[2025-10-29T09:20:38.507+0000] {fetch_api_data.py:97} WARNING - Failed to fetch data for David_Button_179: 404
[2025-10-29T09:20:40.387+0000] {fetch_api_data.py:97} WARNING - Failed to fetch data for Jason_Steele_439: 404
[2025-10-29T09:20:41.588+0000] {fetch_api_data.py:97} WARNING - Failed to fetch data for Bernardo_Fernandes da Silva Junior_440: 404
[2025-10-29T09:20:42.228+0000] {fetch_api_data.py:97} WARNING - Failed to fetch data for Yves_Bissouma_466: 404
[2025-10-29T09:20:43.202+0000] {fetch_api_data.py:97} WARNING - Failed to fetch data for Alireza_Jahanbakhsh_476: 404
[2025-10-29T09:20:44.283+0000] {fetch_api_data.py:97} WARNING - Failed to fetch data for Martín_Montoya_503: 404
[2025-10-29T09:20:45.140+0000] {fetch_api_data.py:97} WARNING - Failed to fetch data for Viktor_Gyokeres_551: 404
[2025-10-29T09:20:48.298+0000] {fetch_api_data.py:97} WARNING - Failed to fetch data for Ben_White_559: 404
[2025-10-29T09:20:53.239+0000] {fetch_api_data.py:97} WARNING - Failed to fetch data for Max_Sanders_572: 404
[2025-10-29T09:20:54.553+0000] {fetch_api_data.py:97} WARNING - Failed to fetch data for Dan_Burn_582: 404
[2025-10-29T09:20:57.179+0000] {fetch_api_data.py:97} WARNING - Failed to fetch data for Jayson_Molumby_617: 404
[2025-10-29T09:20:58.246+0000] {fetch_api_data.py:97} WARNING - Failed to fetch data for Tom_Heaton_67: 404
[2025-10-29T09:20:59.345+0000] {fetch_api_data.py:97} WARNING - Failed to fetch data for Nick_Pope_68: 404
[2025-10-29T09:21:01.048+0000] {fetch_api_data.py:97} WARNING - Failed to fetch data for Matthew_Lowton_69: 404
[2025-10-29T09:21:02.163+0000] {fetch_api_data.py:97} WARNING - Failed to fetch data for Ben_Mee_70: 404
[2025-10-29T09:21:02.901+0000] {fetch_api_data.py:97} WARNING - Failed to fetch data for Stephen_Ward_71: 404
[2025-10-29T09:21:03.536+0000] {fetch_api_data.py:97} WARNING - Failed to fetch data for James_Tarkowski_72: 404
[2025-10-29T09:21:04.725+0000] {fetch_api_data.py:97} WARNING - Failed to fetch data for Kevin_Long_73: 404
[2025-10-29T09:21:05.614+0000] {fetch_api_data.py:97} WARNING - Failed to fetch data for Charlie_Taylor_74: 404
[2025-10-29T09:21:06.348+0000] {fetch_api_data.py:97} WARNING - Failed to fetch data for Phil_Bardsley_75: 404
[2025-10-29T09:21:06.997+0000] {fetch_api_data.py:97} WARNING - Failed to fetch data for Johann Berg_Gudmundsson_76: 404
[2025-10-29T09:21:07.674+0000] {fetch_api_data.py:97} WARNING - Failed to fetch data for Steven_Defour_77: 404
[2025-10-29T09:21:08.464+0000] {fetch_api_data.py:97} WARNING - Failed to fetch data for Jeff_Hendrick_78: 404
[2025-10-29T09:21:09.205+0000] {fetch_api_data.py:97} WARNING - Failed to fetch data for Robbie_Brady_79: 404
[2025-10-29T09:21:09.867+0000] {fetch_api_data.py:97} WARNING - Failed to fetch data for Ashley_Westwood_80: 404
[2025-10-29T09:21:10.573+0000] {fetch_api_data.py:97} WARNING - Failed to fetch data for Jonathan_Walters_81: 404
[2025-10-29T09:21:11.229+0000] {fetch_api_data.py:97} WARNING - Failed to fetch data for Jack_Cork_82: 404
[2025-10-29T09:21:11.906+0000] {fetch_api_data.py:97} WARNING - Failed to fetch data for Aaron_Lennon_83: 404
[2025-10-29T09:21:12.827+0000] {fetch_api_data.py:97} WARNING - Failed to fetch data for Sam_Vokes_84: 404
[2025-10-29T09:21:13.597+0000] {fetch_api_data.py:97} WARNING - Failed to fetch data for Ashley_Barnes_85: 404
[2025-10-29T09:21:14.239+0000] {fetch_api_data.py:97} WARNING - Failed to fetch data for Nahki_Wells_86: 404
[2025-10-29T09:21:14.888+0000] {fetch_api_data.py:97} WARNING - Failed to fetch data for Chris_Wood_87: 404
[2025-10-29T09:21:16.202+0000] {fetch_api_data.py:97} WARNING - Failed to fetch data for Anders_Lindegaard_485: 404
[2025-10-29T09:21:17.753+0000] {fetch_api_data.py:97} WARNING - Failed to fetch data for Joe_Hart_490: 404
[2025-10-29T09:21:19.079+0000] {fetch_api_data.py:97} WARNING - Failed to fetch data for Ben_Gibson_491: 404
[2025-10-29T09:21:19.873+0000] {fetch_api_data.py:97} WARNING - Failed to fetch data for Matej_Vydra_495: 404
[2025-10-29T09:21:20.468+0000] {fetch_api_data.py:97} WARNING - Failed to fetch data for Dwight_McNeil_534: 404
[2025-10-29T09:21:21.101+0000] {fetch_api_data.py:97} WARNING - Failed to fetch data for Abd-Al-Ali Morakinyo Olaposi_Koiki_564: 404
[2025-10-29T09:21:21.673+0000] {fetch_api_data.py:97} WARNING - Failed to fetch data for Josh_Benson_583: 404
[2025-10-29T09:21:22.298+0000] {fetch_api_data.py:97} WARNING - Failed to fetch data for Peter_Crouch_590: 404
[2025-10-29T09:21:22.886+0000] {fetch_api_data.py:97} WARNING - Failed to fetch data for Anthony_Driscoll-Glennon_615: 404
[2025-10-29T09:21:23.480+0000] {fetch_api_data.py:97} WARNING - Failed to fetch data for Harry_Arter_33: 404
[2025-10-29T09:21:24.087+0000] {fetch_api_data.py:97} WARNING - Failed to fetch data for Neil_Etheridge_88: 404
[2025-10-29T09:21:24.672+0000] {fetch_api_data.py:97} WARNING - Failed to fetch data for Alex_Smithies_89: 404
[2025-10-29T09:21:25.244+0000] {fetch_api_data.py:97} WARNING - Failed to fetch data for Sean_Morrison_90: 404
[2025-10-29T09:21:25.822+0000] {fetch_api_data.py:97} WARNING - Failed to fetch data for Sol_Bamba_91: 404
[2025-10-29T09:21:26.429+0000] {fetch_api_data.py:97} WARNING - Failed to fetch data for Bruno_Ecuele Manga_92: 404
[2025-10-29T09:21:27.023+0000] {fetch_api_data.py:97} WARNING - Failed to fetch data for Matthew_Connolly_93: 404
[2025-10-29T09:21:27.617+0000] {fetch_api_data.py:97} WARNING - Failed to fetch data for Joe_Bennett_94: 404
[2025-10-29T09:21:28.192+0000] {fetch_api_data.py:97} WARNING - Failed to fetch data for Lee_Peltier_95: 404
[2025-10-29T09:21:28.737+0000] {fetch_api_data.py:97} WARNING - Failed to fetch data for Ashley Darel Jazz_Richards_96: 404
[2025-10-29T09:21:29.301+0000] {fetch_api_data.py:97} WARNING - Failed to fetch data for Greg_Halford_97: 404
[2025-10-29T09:21:29.878+0000] {fetch_api_data.py:97} WARNING - Failed to fetch data for Joe_Ralls_98: 404
[2025-10-29T09:21:30.588+0000] {fetch_api_data.py:97} WARNING - Failed to fetch data for David Junior_Hoilett_99: 404
[2025-10-29T09:21:31.185+0000] {fetch_api_data.py:97} WARNING - Failed to fetch data for Nathaniel_Mendez-Laing_100: 404
[2025-10-29T09:21:31.750+0000] {fetch_api_data.py:97} WARNING - Failed to fetch data for Callum_Paterson_101: 404
[2025-10-29T09:21:32.325+0000] {fetch_api_data.py:97} WARNING - Failed to fetch data for Aron_Gunnarsson_102: 404
[2025-10-29T09:21:32.922+0000] {fetch_api_data.py:97} WARNING - Failed to fetch data for Anthony_Pilkington_103: 404
[2025-10-29T09:21:33.499+0000] {fetch_api_data.py:97} WARNING - Failed to fetch data for Loïc_Damour_104: 404
[2025-10-29T09:21:34.069+0000] {fetch_api_data.py:97} WARNING - Failed to fetch data for Danny_Ward_105: 404
[2025-10-29T09:21:34.648+0000] {fetch_api_data.py:97} WARNING - Failed to fetch data for Josh_Murphy_106: 404
[2025-10-29T09:21:35.208+0000] {fetch_api_data.py:97} WARNING - Failed to fetch data for Kenneth_Zohore_107: 404
[2025-10-29T09:21:35.784+0000] {fetch_api_data.py:97} WARNING - Failed to fetch data for Omar_Bogle_108: 404
[2025-10-29T09:21:36.361+0000] {fetch_api_data.py:97} WARNING - Failed to fetch data for Gary_Madine_109: 404
[2025-10-29T09:21:37.076+0000] {fetch_api_data.py:97} WARNING - Failed to fetch data for Bobby_Reid_110: 404
[2025-10-29T09:21:37.681+0000] {fetch_api_data.py:97} WARNING - Failed to fetch data for Oumar_Niasse_176: 404
[2025-10-29T09:21:38.257+0000] {fetch_api_data.py:97} WARNING - Failed to fetch data for Greg_Cunninghamm_467: 404
[2025-10-29T09:21:38.857+0000] {fetch_api_data.py:97} WARNING - Failed to fetch data for Víctor_Camarasa_504: 404
[2025-10-29T09:21:39.471+0000] {fetch_api_data.py:97} WARNING - Failed to fetch data for Kadeem_Harris_535: 404
[2025-10-29T09:21:40.095+0000] {fetch_api_data.py:97} WARNING - Failed to fetch data for Brian_Murphy_537: 404
[2025-10-29T09:21:40.736+0000] {fetch_api_data.py:97} WARNING - Failed to fetch data for Rhys_Healey_573: 404
[2025-10-29T09:21:41.308+0000] {fetch_api_data.py:97} WARNING - Failed to fetch data for Leandro_Bacuna_589: 404
[2025-10-29T09:21:41.928+0000] {fetch_api_data.py:97} WARNING - Failed to fetch data for Thibaut_Courtois_111: 404
[2025-10-29T09:21:42.528+0000] {fetch_api_data.py:97} WARNING - Failed to fetch data for Willy_Caballero_112: 404
[2025-10-29T09:21:43.192+0000] {fetch_api_data.py:97} WARNING - Failed to fetch data for César_Azpilicueta_113: 404
[2025-10-29T09:21:43.778+0000] {fetch_api_data.py:97} WARNING - Failed to fetch data for Gary_Cahill_114: 404
[2025-10-29T09:21:44.414+0000] {fetch_api_data.py:97} WARNING - Failed to fetch data for Marcos_Alonso_115: 404
[2025-10-29T09:21:45.000+0000] {fetch_api_data.py:97} WARNING - Failed to fetch data for David_Luiz Moreira Marinho_116: 404
[2025-10-29T09:21:45.601+0000] {fetch_api_data.py:97} WARNING - Failed to fetch data for Victor_Moses_117: 404
[2025-10-29T09:21:46.162+0000] {fetch_api_data.py:97} WARNING - Failed to fetch data for Antonio_Rüdiger_118: 404
[2025-10-29T09:21:46.794+0000] {fetch_api_data.py:97} WARNING - Failed to fetch data for Andreas_Christensen_119: 404
[2025-10-29T09:21:47.468+0000] {fetch_api_data.py:97} WARNING - Failed to fetch data for Davide_Zappacosta_120: 404
[2025-10-29T09:21:48.093+0000] {fetch_api_data.py:97} WARNING - Failed to fetch data for Emerson_Palmieri dos Santos_121: 404
[2025-10-29T09:21:48.711+0000] {fetch_api_data.py:97} WARNING - Failed to fetch data for Eden_Hazard_122: 404
[2025-10-29T09:21:49.377+0000] {fetch_api_data.py:97} WARNING - Failed to fetch data for Cesc_Fàbregas_123: 404
[2025-10-29T09:21:49.947+0000] {fetch_api_data.py:97} WARNING - Failed to fetch data for Willian_Borges Da Silva_124: 404
[2025-10-29T09:21:50.545+0000] {fetch_api_data.py:97} WARNING - Failed to fetch data for Pedro_Rodríguez Ledesma_125: 404
[2025-10-29T09:21:51.144+0000] {fetch_api_data.py:97} WARNING - Failed to fetch data for N'Golo_Kanté_126: 404
[2025-10-29T09:21:51.774+0000] {fetch_api_data.py:97} WARNING - Failed to fetch data for Ross_Barkley_127: 404
[2025-10-29T09:21:52.392+0000] {fetch_api_data.py:97} WARNING - Failed to fetch data for Daniel_Drinkwater_128: 404
[2025-10-29T09:21:52.968+0000] {fetch_api_data.py:97} WARNING - Failed to fetch data for Tiemoué_Bakayoko_129: 404
[2025-10-29T09:21:53.606+0000] {fetch_api_data.py:97} WARNING - Failed to fetch data for Ethan_Ampadu_130: 404
[2025-10-29T09:21:54.238+0000] {fetch_api_data.py:97} WARNING - Failed to fetch data for Callum_Hudson-Odoi_131: 404
[2025-10-29T09:21:54.842+0000] {fetch_api_data.py:97} WARNING - Failed to fetch data for Ruben_Loftus-Cheek_132: 404
[2025-10-29T09:21:55.422+0000] {fetch_api_data.py:97} WARNING - Failed to fetch data for Olivier_Giroud_133: 404
[2025-10-29T09:21:56.012+0000] {fetch_api_data.py:97} WARNING - Failed to fetch data for Álvaro_Morata_134: 404
[2025-10-29T09:21:56.678+0000] {fetch_api_data.py:97} WARNING - Failed to fetch data for Jorge Luiz_Frello Filho_459: 404
[2025-10-29T09:21:57.238+0000] {fetch_api_data.py:97} WARNING - Failed to fetch data for Tammy_Abraham_496: 404
[2025-10-29T09:21:57.793+0000] {fetch_api_data.py:97} WARNING - Failed to fetch data for Kepa_Arrizabalaga_498: 404
[2025-10-29T09:21:58.356+0000] {fetch_api_data.py:97} WARNING - Failed to fetch data for Mateo_Kovacic_499: 404
[2025-10-29T09:21:58.927+0000] {fetch_api_data.py:97} WARNING - Failed to fetch data for Gonzalo_Higuaín_579: 404
[2025-10-29T09:21:59.598+0000] {fetch_api_data.py:97} WARNING - Failed to fetch data for Addji Keaninkin Marc-Israel_Guehi_624: 404
[2025-10-29T09:22:00.189+0000] {fetch_api_data.py:97} WARNING - Failed to fetch data for Wayne_Hennessey_135: 404
[2025-10-29T09:22:00.777+0000] {fetch_api_data.py:97} WARNING - Failed to fetch data for Julian_Speroni_136: 404
[2025-10-29T09:22:01.360+0000] {fetch_api_data.py:97} WARNING - Failed to fetch data for Vicente_Guaita_137: 404
[2025-10-29T09:22:01.939+0000] {fetch_api_data.py:97} WARNING - Failed to fetch data for James_Tomkins_138: 404
[2025-10-29T09:22:02.538+0000] {fetch_api_data.py:97} WARNING - Failed to fetch data for Scott_Dann_139: 404
[2025-10-29T09:22:03.133+0000] {fetch_api_data.py:97} WARNING - Failed to fetch data for Martin_Kelly_140: 404
[2025-10-29T09:22:03.785+0000] {fetch_api_data.py:97} WARNING - Failed to fetch data for Jeffrey_Schlupp_141: 404
[2025-10-29T09:22:04.379+0000] {fetch_api_data.py:97} WARNING - Failed to fetch data for Patrick_van Aanholt_142: 404
[2025-10-29T09:22:05.003+0000] {fetch_api_data.py:97} WARNING - Failed to fetch data for Mamadou_Sakho_143: 404
[2025-10-29T09:22:05.575+0000] {fetch_api_data.py:97} WARNING - Failed to fetch data for Jairo_Riedewald_144: 404
[2025-10-29T09:22:06.138+0000] {fetch_api_data.py:97} WARNING - Failed to fetch data for Aaron_Wan-Bissaka_145: 404
[2025-10-29T09:22:06.743+0000] {fetch_api_data.py:97} WARNING - Failed to fetch data for James_McArthur_147: 404
[2025-10-29T09:22:07.327+0000] {fetch_api_data.py:97} WARNING - Failed to fetch data for Bakary_Sako_148: 404
[2025-10-29T09:22:07.928+0000] {fetch_api_data.py:97} WARNING - Failed to fetch data for Andros_Townsend_149: 404
[2025-10-29T09:22:08.502+0000] {fetch_api_data.py:97} WARNING - Failed to fetch data for Luka_Milivojevic_150: 404
[2025-10-29T09:22:09.115+0000] {fetch_api_data.py:97} WARNING - Failed to fetch data for Wilfried_Zaha_151: 404
[2025-10-29T09:22:09.707+0000] {fetch_api_data.py:97} WARNING - Failed to fetch data for Christian_Benteke_152: 404
[2025-10-29T09:22:10.305+0000] {fetch_api_data.py:97} WARNING - Failed to fetch data for Alexander_Sørloth_153: 404
[2025-10-29T09:22:11.041+0000] {fetch_api_data.py:97} WARNING - Failed to fetch data for Cheikhou_Kouyaté_412: 404
[2025-10-29T09:22:11.613+0000] {fetch_api_data.py:97} WARNING - Failed to fetch data for Joel_Ward_441: 404
[2025-10-29T09:22:12.237+0000] {fetch_api_data.py:97} WARNING - Failed to fetch data for Jaroslaw_Jach_442: 404
[2025-10-29T09:22:12.908+0000] {fetch_api_data.py:97} WARNING - Failed to fetch data for Pape_Souaré_443: 404
[2025-10-29T09:22:13.532+0000] {fetch_api_data.py:97} WARNING - Failed to fetch data for Connor_Wickham_444: 404
[2025-10-29T09:22:14.146+0000] {fetch_api_data.py:97} WARNING - Failed to fetch data for Sullay_Kaikai_477: 404
[2025-10-29T09:22:14.742+0000] {fetch_api_data.py:97} WARNING - Failed to fetch data for Max_Meyer_486: 404
[2025-10-29T09:22:15.339+0000] {fetch_api_data.py:97} WARNING - Failed to fetch data for Jordan_Ayew_505: 404
[2025-10-29T09:22:16.046+0000] {fetch_api_data.py:97} WARNING - Failed to fetch data for Joe_Tupper_576: 404
[2025-10-29T09:22:16.650+0000] {fetch_api_data.py:97} WARNING - Failed to fetch data for Lucas_Perri_584: 404
[2025-10-29T09:22:17.273+0000] {fetch_api_data.py:97} WARNING - Failed to fetch data for Michy_Batshuayi_592: 404
[2025-10-29T09:22:18.147+0000] {fetch_api_data.py:97} WARNING - Failed to fetch data for Sam_Woods_609: 404
[2025-10-29T09:22:18.767+0000] {fetch_api_data.py:97} WARNING - Failed to fetch data for Luke_Dreher_618: 404
[2025-10-29T09:22:19.389+0000] {fetch_api_data.py:97} WARNING - Failed to fetch data for Nikola_Tavares_619: 404
[2025-10-29T09:22:19.976+0000] {fetch_api_data.py:97} WARNING - Failed to fetch data for Jordan_Pickford_154: 404
[2025-10-29T09:22:20.585+0000] {fetch_api_data.py:97} WARNING - Failed to fetch data for Maarten_Stekelenburg_155: 404
[2025-10-29T09:22:21.169+0000] {fetch_api_data.py:97} WARNING - Failed to fetch data for Leighton_Baines_156: 404
[2025-10-29T09:22:21.911+0000] {fetch_api_data.py:97} WARNING - Failed to fetch data for Seamus_Coleman_157: 404
[2025-10-29T09:22:22.493+0000] {fetch_api_data.py:97} WARNING - Failed to fetch data for Phil_Jagielka_158: 404
[2025-10-29T09:22:23.097+0000] {fetch_api_data.py:97} WARNING - Failed to fetch data for Ashley_Williams_159: 404
[2025-10-29T09:22:23.852+0000] {fetch_api_data.py:97} WARNING - Failed to fetch data for Mason_Holgate_160: 404
[2025-10-29T09:22:24.575+0000] {fetch_api_data.py:97} WARNING - Failed to fetch data for Jonjoe_Kenny_161: 404
[2025-10-29T09:22:25.207+0000] {fetch_api_data.py:97} WARNING - Failed to fetch data for Michael_Keane_162: 404
[2025-10-29T09:22:25.775+0000] {fetch_api_data.py:97} WARNING - Failed to fetch data for Cuco_Martina_163: 404
[2025-10-29T09:22:26.403+0000] {fetch_api_data.py:97} WARNING - Failed to fetch data for Theo_Walcott_164: 404
[2025-10-29T09:22:27.036+0000] {fetch_api_data.py:97} WARNING - Failed to fetch data for Yannick_Bolasie_165: 404
[2025-10-29T09:22:27.636+0000] {fetch_api_data.py:97} WARNING - Failed to fetch data for James_McCarthy_166: 404
[2025-10-29T09:22:28.275+0000] {fetch_api_data.py:97} WARNING - Failed to fetch data for Morgan_Schneiderlin_167: 404
[2025-10-29T09:22:28.894+0000] {fetch_api_data.py:97} WARNING - Failed to fetch data for Idrissa_Gueye_168: 404
[2025-10-29T09:22:29.523+0000] {fetch_api_data.py:97} WARNING - Failed to fetch data for Tom_Davies_169: 404
[2025-10-29T09:22:30.241+0000] {fetch_api_data.py:97} WARNING - Failed to fetch data for Ademola_Lookman_170: 404
[2025-10-29T09:22:30.866+0000] {fetch_api_data.py:97} WARNING - Failed to fetch data for Davy_Klaassen_171: 404
[2025-10-29T09:22:31.497+0000] {fetch_api_data.py:97} WARNING - Failed to fetch data for Gylfi_Sigurdsson_172: 404
[2025-10-29T09:22:32.189+0000] {fetch_api_data.py:97} WARNING - Failed to fetch data for Nikola_Vlasic_173: 404
[2025-10-29T09:22:32.810+0000] {fetch_api_data.py:97} WARNING - Failed to fetch data for Beni_Baningime_174: 404
[2025-10-29T09:22:33.506+0000] {fetch_api_data.py:97} WARNING - Failed to fetch data for Dominic_Calvert-Lewin_175: 404
[2025-10-29T09:22:34.104+0000] {fetch_api_data.py:97} WARNING - Failed to fetch data for Cenk_Tosun_177: 404
[2025-10-29T09:22:34.709+0000] {fetch_api_data.py:97} WARNING - Failed to fetch data for Richarlison_de Andrade_393: 404
[2025-10-29T09:22:35.305+0000] {fetch_api_data.py:97} WARNING - Failed to fetch data for Kevin_Mirallas_469: 404
[2025-10-29T09:22:35.895+0000] {fetch_api_data.py:97} WARNING - Failed to fetch data for Sandro_Ramírez_470: 404
[2025-10-29T09:22:36.620+0000] {fetch_api_data.py:97} WARNING - Failed to fetch data for Lucas_Digne_484: 404
[2025-10-29T09:22:37.602+0000] {fetch_api_data.py:97} WARNING - Failed to fetch data for Yerry_Mina_506: 404
[2025-10-29T09:22:40.900+0000] {fetch_api_data.py:97} WARNING - Failed to fetch data for Bernard_Anício Caldeira Duarte_507: 404
[2025-10-29T09:22:42.777+0000] {fetch_api_data.py:97} WARNING - Failed to fetch data for André Filipe_Tavares Gomes_508: 404
[2025-10-29T09:22:43.564+0000] {fetch_api_data.py:97} WARNING - Failed to fetch data for Kurt_Zouma_526: 404
[2025-10-29T09:22:44.234+0000] {fetch_api_data.py:97} WARNING - Failed to fetch data for Kieran_Dowell_528: 404
[2025-10-29T09:22:44.872+0000] {fetch_api_data.py:97} WARNING - Failed to fetch data for Tyias_Browning_532: 404
[2025-10-29T09:22:45.457+0000] {fetch_api_data.py:97} WARNING - Failed to fetch data for Calum_Chambers_9: 404
[2025-10-29T09:22:46.059+0000] {fetch_api_data.py:97} WARNING - Failed to fetch data for Marcus_Bettinelli_178: 404
[2025-10-29T09:22:46.663+0000] {fetch_api_data.py:97} WARNING - Failed to fetch data for Tim_Ream_180: 404
[2025-10-29T09:22:47.232+0000] {fetch_api_data.py:97} WARNING - Failed to fetch data for Denis_Odoi_181: 404
[2025-10-29T09:22:47.894+0000] {fetch_api_data.py:97} WARNING - Failed to fetch data for Tom_Cairney_182: 404
[2025-10-29T09:22:48.636+0000] {fetch_api_data.py:97} WARNING - Failed to fetch data for Kevin_McDonald_183: 404
[2025-10-29T09:22:49.312+0000] {fetch_api_data.py:97} WARNING - Failed to fetch data for Ryan_Sessegnon_184: 404
[2025-10-29T09:22:49.917+0000] {fetch_api_data.py:97} WARNING - Failed to fetch data for Stefan_Johansen_185: 404
[2025-10-29T09:22:50.566+0000] {fetch_api_data.py:97} WARNING - Failed to fetch data for Floyd_Ayité_186: 404
[2025-10-29T09:22:51.277+0000] {fetch_api_data.py:97} WARNING - Failed to fetch data for Neeskens_Kebano_187: 404
[2025-10-29T09:22:51.873+0000] {fetch_api_data.py:97} WARNING - Failed to fetch data for Rui Pedro_da Rocha Fonte_188: 404
[2025-10-29T09:22:52.502+0000] {fetch_api_data.py:97} WARNING - Failed to fetch data for Aboubakar_Kamara_189: 404
[2025-10-29T09:22:53.102+0000] {fetch_api_data.py:97} WARNING - Failed to fetch data for Maxime_Le Marchand_455: 404
[2025-10-29T09:22:53.701+0000] {fetch_api_data.py:97} WARNING - Failed to fetch data for Jean Michael_Seri_456: 404
[2025-10-29T09:22:54.302+0000] {fetch_api_data.py:97} WARNING - Failed to fetch data for Cyrus_Christie_460: 404
[2025-10-29T09:22:54.976+0000] {fetch_api_data.py:97} WARNING - Failed to fetch data for Fabricio_Agosto Ramírez_474: 404
[2025-10-29T09:22:55.575+0000] {fetch_api_data.py:97} WARNING - Failed to fetch data for André_Schürrle_478: 404
[2025-10-29T09:22:56.179+0000] {fetch_api_data.py:97} WARNING - Failed to fetch data for Aleksandar_Mitrovic_480: 404
[2025-10-29T09:22:56.812+0000] {fetch_api_data.py:97} WARNING - Failed to fetch data for Alfie_Mawson_487: 404
[2025-10-29T09:22:57.478+0000] {fetch_api_data.py:97} WARNING - Failed to fetch data for Sergio_Rico_509: 404
[2025-10-29T09:22:58.467+0000] {fetch_api_data.py:97} WARNING - Failed to fetch data for Joe_Bryan_510: 404
[2025-10-29T09:22:59.122+0000] {fetch_api_data.py:97} WARNING - Failed to fetch data for Timothy_Fosu-Mensah_511: 404
[2025-10-29T09:22:59.780+0000] {fetch_api_data.py:97} WARNING - Failed to fetch data for André-Frank_Zambo Anguissa_512: 404
[2025-10-29T09:23:00.370+0000] {fetch_api_data.py:97} WARNING - Failed to fetch data for Luciano_Vietto_513: 404
[2025-10-29T09:23:00.999+0000] {fetch_api_data.py:97} WARNING - Failed to fetch data for Ibrahima_Cissé_521: 404
[2025-10-29T09:23:01.894+0000] {fetch_api_data.py:97} WARNING - Failed to fetch data for Zeze Steven_Sessegnon_541: 404
[2025-10-29T09:23:02.522+0000] {fetch_api_data.py:97} WARNING - Failed to fetch data for Ryan_Babel_575: 404
[2025-10-29T09:23:03.249+0000] {fetch_api_data.py:97} WARNING - Failed to fetch data for Håvard_Nordtveit_593: 404
[2025-10-29T09:23:03.891+0000] {fetch_api_data.py:97} WARNING - Failed to fetch data for Lazar_Markovic_594: 404
[2025-10-29T09:23:04.657+0000] {fetch_api_data.py:97} WARNING - Failed to fetch data for Harvey_Elliott_610: 404
[2025-10-29T09:23:05.295+0000] {fetch_api_data.py:97} WARNING - Failed to fetch data for Luca_De La Torre_621: 404
[2025-10-29T09:23:05.920+0000] {fetch_api_data.py:97} WARNING - Failed to fetch data for Jason_Puncheon_146: 404
[2025-10-29T09:23:06.486+0000] {fetch_api_data.py:97} WARNING - Failed to fetch data for Ben_Hamer_190: 404
[2025-10-29T09:23:07.124+0000] {fetch_api_data.py:97} WARNING - Failed to fetch data for Jonas_Lössl_191: 404
[2025-10-29T09:23:07.734+0000] {fetch_api_data.py:97} WARNING - Failed to fetch data for Christopher_Schindler_192: 404
[2025-10-29T09:23:08.311+0000] {fetch_api_data.py:97} WARNING - Failed to fetch data for Chris_Löwe_193: 404
[2025-10-29T09:23:08.888+0000] {fetch_api_data.py:97} WARNING - Failed to fetch data for Tommy_Smith_194: 404
[2025-10-29T09:23:09.535+0000] {fetch_api_data.py:97} WARNING - Failed to fetch data for Mathias_Jorgensen_195: 404
[2025-10-29T09:23:10.150+0000] {fetch_api_data.py:97} WARNING - Failed to fetch data for Scott_Malone_196: 404
[2025-10-29T09:23:10.776+0000] {fetch_api_data.py:97} WARNING - Failed to fetch data for Florent_Hadergjonaj_197: 404
[2025-10-29T09:23:11.346+0000] {fetch_api_data.py:97} WARNING - Failed to fetch data for Terence_Kongolo_198: 404
[2025-10-29T09:23:11.936+0000] {fetch_api_data.py:97} WARNING - Failed to fetch data for Aaron_Mooy_199: 404
[2025-10-29T09:23:12.615+0000] {fetch_api_data.py:97} WARNING - Failed to fetch data for Rajiv_van La Parra_200: 404
[2025-10-29T09:23:13.208+0000] {fetch_api_data.py:97} WARNING - Failed to fetch data for Jonathan_Hogg_201: 404
[2025-10-29T09:23:13.807+0000] {fetch_api_data.py:97} WARNING - Failed to fetch data for Philip_Billing_202: 404
[2025-10-29T09:23:14.400+0000] {fetch_api_data.py:97} WARNING - Failed to fetch data for Tom_Ince_203: 404
[2025-10-29T09:23:14.999+0000] {fetch_api_data.py:97} WARNING - Failed to fetch data for Danny_Williams_204: 404
[2025-10-29T09:23:15.606+0000] {fetch_api_data.py:97} WARNING - Failed to fetch data for Abdelhamid_Sabiri_205: 404
[2025-10-29T09:23:16.217+0000] {fetch_api_data.py:97} WARNING - Failed to fetch data for Alex_Pritchard_206: 404
[2025-10-29T09:23:16.806+0000] {fetch_api_data.py:97} WARNING - Failed to fetch data for Ramadan_Sobhi_207: 404
[2025-10-29T09:23:17.425+0000] {fetch_api_data.py:97} WARNING - Failed to fetch data for Juninho_Bacuna_208: 404
[2025-10-29T09:23:18.039+0000] {fetch_api_data.py:97} WARNING - Failed to fetch data for Collin_Quaner_209: 404
[2025-10-29T09:23:18.633+0000] {fetch_api_data.py:97} WARNING - Failed to fetch data for Laurent_Depoitre_210: 404
[2025-10-29T09:23:19.251+0000] {fetch_api_data.py:97} WARNING - Failed to fetch data for Steve_Mounie_211: 404
[2025-10-29T09:23:19.860+0000] {fetch_api_data.py:97} WARNING - Failed to fetch data for Elias_Kachunga_212: 404
[2025-10-29T09:23:20.457+0000] {fetch_api_data.py:97} WARNING - Failed to fetch data for Erik_Durm_461: 404
[2025-10-29T09:23:21.120+0000] {fetch_api_data.py:97} WARNING - Failed to fetch data for Adama_Diakhaby_471: 404
[2025-10-29T09:23:21.728+0000] {fetch_api_data.py:97} WARNING - Failed to fetch data for Isaac_Mbenza_514: 404
[2025-10-29T09:23:22.289+0000] {fetch_api_data.py:97} WARNING - Failed to fetch data for Jon Gorenc_Stankovic_522: 404
[2025-10-29T09:23:22.885+0000] {fetch_api_data.py:97} WARNING - Failed to fetch data for Ryan_Schofield_533: 404
[2025-10-29T09:23:23.448+0000] {fetch_api_data.py:97} WARNING - Failed to fetch data for Karlan_Grant_585: 404
[2025-10-29T09:23:24.021+0000] {fetch_api_data.py:97} WARNING - Failed to fetch data for Joel_Coleman_598: 404
[2025-10-29T09:23:24.894+0000] {fetch_api_data.py:97} WARNING - Failed to fetch data for Demeaco_Duhaney_601: 404
[2025-10-29T09:23:25.516+0000] {fetch_api_data.py:97} WARNING - Failed to fetch data for Matthew_Daly_606: 404
[2025-10-29T09:23:26.135+0000] {fetch_api_data.py:97} WARNING - Failed to fetch data for Aaron_Rowe_607: 404
[2025-10-29T09:23:26.778+0000] {fetch_api_data.py:97} WARNING - Failed to fetch data for Kasper_Schmeichel_213: 404
[2025-10-29T09:23:27.367+0000] {fetch_api_data.py:97} WARNING - Failed to fetch data for Eldin_Jakupovic_214: 404
[2025-10-29T09:23:28.005+0000] {fetch_api_data.py:97} WARNING - Failed to fetch data for Wes_Morgan_215: 404
[2025-10-29T09:23:28.576+0000] {fetch_api_data.py:97} WARNING - Failed to fetch data for Christian_Fuchs_216: 404
[2025-10-29T09:23:29.172+0000] {fetch_api_data.py:97} WARNING - Failed to fetch data for Danny_Simpson_217: 404
[2025-10-29T09:23:29.762+0000] {fetch_api_data.py:97} WARNING - Failed to fetch data for Yohan_Benalouane_218: 404
[2025-10-29T09:23:30.359+0000] {fetch_api_data.py:97} WARNING - Failed to fetch data for Benjamin_Chilwell_219: 404
[2025-10-29T09:23:30.976+0000] {fetch_api_data.py:97} WARNING - Failed to fetch data for Harry_Maguire_220: 404
[2025-10-29T09:23:31.583+0000] {fetch_api_data.py:97} WARNING - Failed to fetch data for Ricardo Domingos_Barbosa Pereira_221: 404
[2025-10-29T09:23:32.299+0000] {fetch_api_data.py:97} WARNING - Failed to fetch data for Jonny_Evans_222: 404
[2025-10-29T09:23:32.875+0000] {fetch_api_data.py:97} WARNING - Failed to fetch data for Marc_Albrighton_224: 404
[2025-10-29T09:23:33.485+0000] {fetch_api_data.py:97} WARNING - Failed to fetch data for Demarai_Gray_225: 404
[2025-10-29T09:23:34.076+0000] {fetch_api_data.py:97} WARNING - Failed to fetch data for Daniel_Amartey_226: 404
[2025-10-29T09:23:34.691+0000] {fetch_api_data.py:97} WARNING - Failed to fetch data for Wilfred_Ndidi_227: 404
[2025-10-29T09:23:35.284+0000] {fetch_api_data.py:97} WARNING - Failed to fetch data for Vicente_Iborra_228: 404
[2025-10-29T09:23:35.881+0000] {fetch_api_data.py:97} WARNING - Failed to fetch data for Matty_James_229: 404
[2025-10-29T09:23:36.475+0000] {fetch_api_data.py:97} WARNING - Failed to fetch data for Hamza_Choudhury_230: 404
[2025-10-29T09:23:37.075+0000] {fetch_api_data.py:97} WARNING - Failed to fetch data for Adrien Sebastian_Perruchet Silva_231: 404
[2025-10-29T09:23:37.668+0000] {fetch_api_data.py:97} WARNING - Failed to fetch data for Fousseni_Diabaté_232: 404
[2025-10-29T09:23:38.310+0000] {fetch_api_data.py:97} WARNING - Failed to fetch data for James_Maddison_233: 404
[2025-10-29T09:23:38.974+0000] {fetch_api_data.py:97} WARNING - Failed to fetch data for Jamie_Vardy_234: 404
[2025-10-29T09:23:39.591+0000] {fetch_api_data.py:97} WARNING - Failed to fetch data for Shinji_Okazaki_235: 404
[2025-10-29T09:23:40.216+0000] {fetch_api_data.py:97} WARNING - Failed to fetch data for Kelechi_Iheanacho_236: 404
[2025-10-29T09:23:40.880+0000] {fetch_api_data.py:97} WARNING - Failed to fetch data for Danny_Ward_457: 404
[2025-10-29T09:23:41.575+0000] {fetch_api_data.py:97} WARNING - Failed to fetch data for Rachid_Ghezzal_492: 404
[2025-10-29T09:23:42.237+0000] {fetch_api_data.py:97} WARNING - Failed to fetch data for Filip_Benkovic_501: 404
[2025-10-29T09:23:42.873+0000] {fetch_api_data.py:97} WARNING - Failed to fetch data for Çaglar_Söyüncü_515: 404
[2025-10-29T09:23:43.505+0000] {fetch_api_data.py:97} WARNING - Failed to fetch data for Nampalys_Mendy_527: 404
[2025-10-29T09:23:44.097+0000] {fetch_api_data.py:97} WARNING - Failed to fetch data for Josh_Knight_558: 404
[2025-10-29T09:23:44.711+0000] {fetch_api_data.py:97} WARNING - Failed to fetch data for Harvey_Barnes_571: 404
[2025-10-29T09:23:45.339+0000] {fetch_api_data.py:97} WARNING - Failed to fetch data for Youri_Tielemans_591: 404
[2025-10-29T09:23:45.980+0000] {fetch_api_data.py:97} WARNING - Failed to fetch data for Simon_Mignolet_237: 404
[2025-10-29T09:23:46.574+0000] {fetch_api_data.py:97} WARNING - Failed to fetch data for Loris_Karius_238: 404
[2025-10-29T09:23:47.170+0000] {fetch_api_data.py:97} WARNING - Failed to fetch data for Dejan_Lovren_239: 404
[2025-10-29T09:23:47.841+0000] {fetch_api_data.py:97} WARNING - Failed to fetch data for Alberto_Moreno_240: 404
[2025-10-29T09:23:48.439+0000] {fetch_api_data.py:97} WARNING - Failed to fetch data for Joseph_Gomez_242: 404
[2025-10-29T09:23:49.053+0000] {fetch_api_data.py:97} WARNING - Failed to fetch data for Joel_Matip_243: 404
[2025-10-29T09:23:49.670+0000] {fetch_api_data.py:97} WARNING - Failed to fetch data for Ragnar_Klavan_244: 404
[2025-10-29T09:23:50.307+0000] {fetch_api_data.py:97} WARNING - Failed to fetch data for Trent_Alexander-Arnold_245: 404
[2025-10-29T09:23:50.920+0000] {fetch_api_data.py:97} WARNING - Failed to fetch data for Virgil_van Dijk_246: 404
[2025-10-29T09:23:51.536+0000] {fetch_api_data.py:97} WARNING - Failed to fetch data for Andrew_Robertson_247: 404
[2025-10-29T09:23:52.168+0000] {fetch_api_data.py:97} WARNING - Failed to fetch data for Alex_Oxlade-Chamberlain_248: 404
[2025-10-29T09:23:52.800+0000] {fetch_api_data.py:97} WARNING - Failed to fetch data for Jordan_Henderson_249: 404
[2025-10-29T09:23:53.406+0000] {fetch_api_data.py:97} WARNING - Failed to fetch data for Adam_Lallana_250: 404
[2025-10-29T09:23:54.002+0000] {fetch_api_data.py:97} WARNING - Failed to fetch data for Sadio_Mané_251: 404
[2025-10-29T09:23:54.601+0000] {fetch_api_data.py:97} WARNING - Failed to fetch data for Georginio_Wijnaldum_252: 404
[2025-10-29T09:23:55.196+0000] {fetch_api_data.py:97} WARNING - Failed to fetch data for Mohamed_Salah_253: 404
[2025-10-29T09:23:55.773+0000] {fetch_api_data.py:97} WARNING - Failed to fetch data for James_Milner_254: 404
[2025-10-29T09:23:56.492+0000] {fetch_api_data.py:97} WARNING - Failed to fetch data for Fabio Henrique_Tavares_255: 404
[2025-10-29T09:23:57.160+0000] {fetch_api_data.py:97} WARNING - Failed to fetch data for Naby_Keita_256: 404
[2025-10-29T09:23:57.752+0000] {fetch_api_data.py:97} WARNING - Failed to fetch data for Roberto_Firmino_257: 404
[2025-10-29T09:23:58.315+0000] {fetch_api_data.py:97} WARNING - Failed to fetch data for Xherdan_Shaqiri_462: 404
[2025-10-29T09:23:59.075+0000] {fetch_api_data.py:97} WARNING - Failed to fetch data for Alisson_Ramses Becker_468: 404
[2025-10-29T09:24:00.018+0000] {fetch_api_data.py:97} WARNING - Failed to fetch data for Daniel_Sturridge_472: 404
[2025-10-29T09:24:00.716+0000] {fetch_api_data.py:97} WARNING - Failed to fetch data for Divock_Origi_543: 404
[2025-10-29T09:24:01.487+0000] {fetch_api_data.py:97} WARNING - Failed to fetch data for Rafael_Camacho_557: 404
[2025-10-29T09:24:02.121+0000] {fetch_api_data.py:97} WARNING - Failed to fetch data for Curtis_Jones_597: 404
[2025-10-29T09:24:02.716+0000] {fetch_api_data.py:97} WARNING - Failed to fetch data for Riyad_Mahrez_223: 404
[2025-10-29T09:24:03.377+0000] {fetch_api_data.py:97} WARNING - Failed to fetch data for Ederson_Santana de Moraes_260: 404
[2025-10-29T09:24:03.996+0000] {fetch_api_data.py:97} WARNING - Failed to fetch data for Claudio_Bravo_261: 404
[2025-10-29T09:24:04.689+0000] {fetch_api_data.py:97} WARNING - Failed to fetch data for John_Stones_262: 404
[2025-10-29T09:24:05.295+0000] {fetch_api_data.py:97} WARNING - Failed to fetch data for Vincent_Kompany_263: 404
[2025-10-29T09:24:05.929+0000] {fetch_api_data.py:97} WARNING - Failed to fetch data for Nicolás_Otamendi_264: 404
[2025-10-29T09:24:06.541+0000] {fetch_api_data.py:97} WARNING - Failed to fetch data for Kyle_Walker_265: 404
[2025-10-29T09:24:07.875+0000] {fetch_api_data.py:97} WARNING - Failed to fetch data for Danilo Luiz_da Silva_266: 404
[2025-10-29T09:24:09.013+0000] {fetch_api_data.py:97} WARNING - Failed to fetch data for Benjamin_Mendy_267: 404
[2025-10-29T09:24:09.905+0000] {fetch_api_data.py:97} WARNING - Failed to fetch data for Aymeric_Laporte_268: 404
[2025-10-29T09:24:10.810+0000] {fetch_api_data.py:97} WARNING - Failed to fetch data for Fabian_Delph_269: 404
[2025-10-29T09:24:11.741+0000] {fetch_api_data.py:97} WARNING - Failed to fetch data for Raheem_Sterling_270: 404
[2025-10-29T09:24:12.702+0000] {fetch_api_data.py:97} WARNING - Failed to fetch data for David_Silva_271: 404
[2025-10-29T09:24:13.527+0000] {fetch_api_data.py:97} WARNING - Failed to fetch data for Fernando_Luiz Rosa_272: 404
[2025-10-29T09:24:15.099+0000] {fetch_api_data.py:97} WARNING - Failed to fetch data for Kevin_De Bruyne_273: 404
[2025-10-29T09:24:15.814+0000] {fetch_api_data.py:97} WARNING - Failed to fetch data for Ilkay_Gündogan_274: 404
[2025-10-29T09:24:16.460+0000] {fetch_api_data.py:97} WARNING - Failed to fetch data for Leroy_Sané_275: 404
[2025-10-29T09:24:17.102+0000] {fetch_api_data.py:97} WARNING - Failed to fetch data for Bernardo Mota_Veiga de Carvalho e Silva_276: 404
[2025-10-29T09:24:17.725+0000] {fetch_api_data.py:97} WARNING - Failed to fetch data for Phil_Foden_277: 404
[2025-10-29T09:24:18.361+0000] {fetch_api_data.py:97} WARNING - Failed to fetch data for Brahim_Diaz_278: 404
[2025-10-29T09:24:18.943+0000] {fetch_api_data.py:97} WARNING - Failed to fetch data for Oleksandr_Zinchenko_279: 404
[2025-10-29T09:24:19.591+0000] {fetch_api_data.py:97} WARNING - Failed to fetch data for Sergio_Agüero_280: 404
[2025-10-29T09:24:20.202+0000] {fetch_api_data.py:97} WARNING - Failed to fetch data for Gabriel Fernando_de Jesus_281: 404
[2025-10-29T09:24:20.852+0000] {fetch_api_data.py:97} WARNING - Failed to fetch data for Arijanet_Muric_529: 404
[2025-10-29T09:24:21.485+0000] {fetch_api_data.py:97} WARNING - Failed to fetch data for Philippe_Sandler_604: 404
[2025-10-29T09:24:22.078+0000] {fetch_api_data.py:97} WARNING - Failed to fetch data for David_de Gea_282: 404
[2025-10-29T09:24:22.687+0000] {fetch_api_data.py:97} WARNING - Failed to fetch data for Sergio_Romero_283: 404
[2025-10-29T09:24:23.345+0000] {fetch_api_data.py:97} WARNING - Failed to fetch data for Chris_Smalling_284: 404
[2025-10-29T09:24:23.916+0000] {fetch_api_data.py:97} WARNING - Failed to fetch data for Phil_Jones_285: 404
[2025-10-29T09:24:24.496+0000] {fetch_api_data.py:97} WARNING - Failed to fetch data for Luke_Shaw_286: 404
[2025-10-29T09:24:25.125+0000] {fetch_api_data.py:97} WARNING - Failed to fetch data for Marcos_Rojo_287: 404
[2025-10-29T09:24:25.812+0000] {fetch_api_data.py:97} WARNING - Failed to fetch data for Antonio_Valencia_288: 404
[2025-10-29T09:24:26.448+0000] {fetch_api_data.py:97} WARNING - Failed to fetch data for Matteo_Darmian_289: 404
[2025-10-29T09:24:27.140+0000] {fetch_api_data.py:97} WARNING - Failed to fetch data for Daley_Blind_290: 404
[2025-10-29T09:24:27.745+0000] {fetch_api_data.py:97} WARNING - Failed to fetch data for Eric_Bailly_291: 404
[2025-10-29T09:24:28.308+0000] {fetch_api_data.py:97} WARNING - Failed to fetch data for Victor_Lindelöf_292: 404
[2025-10-29T09:24:29.005+0000] {fetch_api_data.py:97} WARNING - Failed to fetch data for Ashley_Young_293: 404
[2025-10-29T09:24:29.646+0000] {fetch_api_data.py:97} WARNING - Failed to fetch data for José Diogo_Dalot Teixeira_294: 404
[2025-10-29T09:24:30.244+0000] {fetch_api_data.py:97} WARNING - Failed to fetch data for Alexis_Sánchez_295: 404
[2025-10-29T09:24:30.862+0000] {fetch_api_data.py:97} WARNING - Failed to fetch data for Nemanja_Matic_296: 404
[2025-10-29T09:24:31.496+0000] {fetch_api_data.py:97} WARNING - Failed to fetch data for Juan_Mata_297: 404
[2025-10-29T09:24:32.202+0000] {fetch_api_data.py:97} WARNING - Failed to fetch data for Marouane_Fellaini_298: 404
[2025-10-29T09:24:32.874+0000] {fetch_api_data.py:97} WARNING - Failed to fetch data for Ander_Herrera_299: 404
[2025-10-29T09:24:33.514+0000] {fetch_api_data.py:97} WARNING - Failed to fetch data for Jesse_Lingard_300: 404
[2025-10-29T09:24:34.212+0000] {fetch_api_data.py:97} WARNING - Failed to fetch data for Anthony_Martial_301: 404
[2025-10-29T09:24:34.794+0000] {fetch_api_data.py:97} WARNING - Failed to fetch data for Paul_Pogba_302: 404
[2025-10-29T09:24:35.364+0000] {fetch_api_data.py:97} WARNING - Failed to fetch data for Scott_McTominay_303: 404
[2025-10-29T09:24:35.973+0000] {fetch_api_data.py:97} WARNING - Failed to fetch data for Frederico_Rodrigues de Paula Santos_304: 404
[2025-10-29T09:24:36.621+0000] {fetch_api_data.py:97} WARNING - Failed to fetch data for Marcus_Rashford_305: 404
[2025-10-29T09:24:37.250+0000] {fetch_api_data.py:97} WARNING - Failed to fetch data for Romelu_Lukaku_306: 404
[2025-10-29T09:24:37.860+0000] {fetch_api_data.py:97} WARNING - Failed to fetch data for Andreas_Pereira_481: 404
[2025-10-29T09:24:38.440+0000] {fetch_api_data.py:97} WARNING - Failed to fetch data for Lee_Grant_520: 404
[2025-10-29T09:24:39.026+0000] {fetch_api_data.py:97} WARNING - Failed to fetch data for Angel_Gomes_568: 404
[2025-10-29T09:24:39.655+0000] {fetch_api_data.py:97} WARNING - Failed to fetch data for James_Garner_602: 404
[2025-10-29T09:24:40.280+0000] {fetch_api_data.py:97} WARNING - Failed to fetch data for Tahith_Chong_603: 404
[2025-10-29T09:24:40.879+0000] {fetch_api_data.py:97} WARNING - Failed to fetch data for Mason_Greenwood_608: 404
[2025-10-29T09:24:41.444+0000] {fetch_api_data.py:97} WARNING - Failed to fetch data for Robert_Elliot_307: 404
[2025-10-29T09:24:42.023+0000] {fetch_api_data.py:97} WARNING - Failed to fetch data for Karl_Darlow_308: 404
[2025-10-29T09:24:42.619+0000] {fetch_api_data.py:97} WARNING - Failed to fetch data for Martin_Dubravka_309: 404
[2025-10-29T09:24:43.235+0000] {fetch_api_data.py:97} WARNING - Failed to fetch data for DeAndre_Yedlin_310: 404
[2025-10-29T09:24:43.827+0000] {fetch_api_data.py:97} WARNING - Failed to fetch data for Ciaran_Clark_311: 404
[2025-10-29T09:24:44.419+0000] {fetch_api_data.py:97} WARNING - Failed to fetch data for Jamaal_Lascelles_312: 404
[2025-10-29T09:24:45.013+0000] {fetch_api_data.py:97} WARNING - Failed to fetch data for Paul_Dummett_313: 404
[2025-10-29T09:24:45.660+0000] {fetch_api_data.py:97} WARNING - Failed to fetch data for Florian_Lejeune_314: 404
[2025-10-29T09:24:46.357+0000] {fetch_api_data.py:97} WARNING - Failed to fetch data for Javier_Manquillo_315: 404
[2025-10-29T09:24:46.937+0000] {fetch_api_data.py:97} WARNING - Failed to fetch data for Chancel_Mbemba_316: 404
[2025-10-29T09:24:47.596+0000] {fetch_api_data.py:97} WARNING - Failed to fetch data for Matt_Ritchie_317: 404
[2025-10-29T09:24:48.167+0000] {fetch_api_data.py:97} WARNING - Failed to fetch data for Jonjo_Shelvey_318: 404
[2025-10-29T09:24:48.771+0000] {fetch_api_data.py:97} WARNING - Failed to fetch data for Mohamed_Diamé_319: 404
[2025-10-29T09:24:49.365+0000] {fetch_api_data.py:97} WARNING - Failed to fetch data for Christian_Atsu_320: 404
[2025-10-29T09:24:49.991+0000] {fetch_api_data.py:97} WARNING - Failed to fetch data for Jacob_Murphy_321: 404
[2025-10-29T09:24:50.655+0000] {fetch_api_data.py:97} WARNING - Failed to fetch data for Mikel_Merino_322: 404
[2025-10-29T09:24:51.260+0000] {fetch_api_data.py:97} WARNING - Failed to fetch data for Isaac_Hayden_323: 404
[2025-10-29T09:24:51.883+0000] {fetch_api_data.py:97} WARNING - Failed to fetch data for Sung-yueng_Ki_324: 404
[2025-10-29T09:24:52.491+0000] {fetch_api_data.py:97} WARNING - Failed to fetch data for Dwight_Gayle_325: 404
[2025-10-29T09:24:53.154+0000] {fetch_api_data.py:97} WARNING - Failed to fetch data for Ayoze_Pérez_326: 404
[2025-10-29T09:24:53.735+0000] {fetch_api_data.py:97} WARNING - Failed to fetch data for Jose Luis_Mato Sanmartín_327: 404
[2025-10-29T09:24:54.338+0000] {fetch_api_data.py:97} WARNING - Failed to fetch data for Robert Kenedy_Nunes do Nascimento_458: 404
[2025-10-29T09:24:54.960+0000] {fetch_api_data.py:97} WARNING - Failed to fetch data for Fabian_Schär_482: 404
[2025-10-29T09:24:55.572+0000] {fetch_api_data.py:97} WARNING - Failed to fetch data for Yoshinori_Muto_488: 404
[2025-10-29T09:24:56.173+0000] {fetch_api_data.py:97} WARNING - Failed to fetch data for Salomón_Rondón_493: 404
[2025-10-29T09:24:56.768+0000] {fetch_api_data.py:97} WARNING - Failed to fetch data for Federico_Fernández_516: 404
[2025-10-29T09:24:57.364+0000] {fetch_api_data.py:97} WARNING - Failed to fetch data for Jamie_Sterry_530: 404
[2025-10-29T09:24:57.921+0000] {fetch_api_data.py:97} WARNING - Failed to fetch data for Sean_Longstaff_531: 404
[2025-10-29T09:24:58.479+0000] {fetch_api_data.py:97} WARNING - Failed to fetch data for Frederick_Woodman_553: 404
[2025-10-29T09:24:59.087+0000] {fetch_api_data.py:97} WARNING - Failed to fetch data for Callum_Roberts_577: 404
[2025-10-29T09:24:59.736+0000] {fetch_api_data.py:97} WARNING - Failed to fetch data for Miguel_Almirón_587: 404
[2025-10-29T09:25:00.365+0000] {fetch_api_data.py:97} WARNING - Failed to fetch data for Antonio_Barreca_588: 404
[2025-10-29T09:25:00.984+0000] {fetch_api_data.py:97} WARNING - Failed to fetch data for Kelland_Watts_622: 404
[2025-10-29T09:25:01.577+0000] {fetch_api_data.py:97} WARNING - Failed to fetch data for Lewis_Cass_623: 404
[2025-10-29T09:25:02.191+0000] {fetch_api_data.py:97} WARNING - Failed to fetch data for Danny_Ings_258: 404
[2025-10-29T09:25:02.781+0000] {fetch_api_data.py:97} WARNING - Failed to fetch data for Alex_McCarthy_328: 404
[2025-10-29T09:25:03.406+0000] {fetch_api_data.py:97} WARNING - Failed to fetch data for Fraser_Forster_329: 404
[2025-10-29T09:25:04.008+0000] {fetch_api_data.py:97} WARNING - Failed to fetch data for Ryan_Bertrand_330: 404
[2025-10-29T09:25:04.687+0000] {fetch_api_data.py:97} WARNING - Failed to fetch data for Maya_Yoshida_331: 404
[2025-10-29T09:25:05.306+0000] {fetch_api_data.py:97} WARNING - Failed to fetch data for Cédric_Soares_332: 404
[2025-10-29T09:25:05.889+0000] {fetch_api_data.py:97} WARNING - Failed to fetch data for Jack_Stephens_333: 404
[2025-10-29T09:25:06.459+0000] {fetch_api_data.py:97} WARNING - Failed to fetch data for Sam_McQueen_334: 404
[2025-10-29T09:25:07.119+0000] {fetch_api_data.py:97} WARNING - Failed to fetch data for Jan_Bednarek_335: 404
[2025-10-29T09:25:07.804+0000] {fetch_api_data.py:97} WARNING - Failed to fetch data for Wesley_Hoedt_336: 404
[2025-10-29T09:25:08.446+0000] {fetch_api_data.py:97} WARNING - Failed to fetch data for Steven_Davis_337: 404
[2025-10-29T09:25:09.036+0000] {fetch_api_data.py:97} WARNING - Failed to fetch data for James_Ward-Prowse_338: 404
[2025-10-29T09:25:09.663+0000] {fetch_api_data.py:97} WARNING - Failed to fetch data for Oriol_Romeu Vidal_339: 404
[2025-10-29T09:25:10.425+0000] {fetch_api_data.py:97} WARNING - Failed to fetch data for Pierre-Emile_Højbjerg_340: 404
[2025-10-29T09:25:11.047+0000] {fetch_api_data.py:97} WARNING - Failed to fetch data for Sofiane_Boufal_341: 404
[2025-10-29T09:25:11.661+0000] {fetch_api_data.py:97} WARNING - Failed to fetch data for Joshua_Sims_342: 404
[2025-10-29T09:25:12.240+0000] {fetch_api_data.py:97} WARNING - Failed to fetch data for Nathan_Redmond_343: 404
[2025-10-29T09:25:12.935+0000] {fetch_api_data.py:97} WARNING - Failed to fetch data for Mario_Lemina_344: 404
[2025-10-29T09:25:13.572+0000] {fetch_api_data.py:97} WARNING - Failed to fetch data for Stuart_Armstrong_345: 404
[2025-10-29T09:25:14.200+0000] {fetch_api_data.py:97} WARNING - Failed to fetch data for Mohamed_Elyounoussi_346: 404
[2025-10-29T09:25:14.822+0000] {fetch_api_data.py:97} WARNING - Failed to fetch data for Shane_Long_347: 404
[2025-10-29T09:25:15.726+0000] {fetch_api_data.py:97} WARNING - Failed to fetch data for Charlie_Austin_348: 404
[2025-10-29T09:25:16.342+0000] {fetch_api_data.py:97} WARNING - Failed to fetch data for Manolo_Gabbiadini_349: 404
[2025-10-29T09:25:17.042+0000] {fetch_api_data.py:97} WARNING - Failed to fetch data for Guido_Carrillo_350: 404
[2025-10-29T09:25:17.905+0000] {fetch_api_data.py:97} WARNING - Failed to fetch data for Angus_Gunn_452: 404
[2025-10-29T09:25:18.628+0000] {fetch_api_data.py:97} WARNING - Failed to fetch data for Jannik_Vestergaard_463: 404
[2025-10-29T09:25:19.446+0000] {fetch_api_data.py:97} WARNING - Failed to fetch data for Matt_Targett_479: 404
[2025-10-29T09:25:20.051+0000] {fetch_api_data.py:97} WARNING - Failed to fetch data for Michael_Obafemi_550: 404
[2025-10-29T09:25:20.691+0000] {fetch_api_data.py:97} WARNING - Failed to fetch data for Yan_Valery_556: 404
[2025-10-29T09:25:21.442+0000] {fetch_api_data.py:97} WARNING - Failed to fetch data for Tyreke_Johnson_562: 404
[2025-10-29T09:25:22.035+0000] {fetch_api_data.py:97} WARNING - Failed to fetch data for Kayne_Ramsay_565: 404
[2025-10-29T09:25:22.625+0000] {fetch_api_data.py:97} WARNING - Failed to fetch data for Callum_Slattery_570: 404
[2025-10-29T09:25:23.254+0000] {fetch_api_data.py:97} WARNING - Failed to fetch data for Sam_Gallagher_574: 404
[2025-10-29T09:25:23.842+0000] {fetch_api_data.py:97} WARNING - Failed to fetch data for Alfie_Jones_595: 404
[2025-10-29T09:25:24.504+0000] {fetch_api_data.py:97} WARNING - Failed to fetch data for Hugo_Lloris_351: 404
[2025-10-29T09:25:25.169+0000] {fetch_api_data.py:97} WARNING - Failed to fetch data for Michel_Vorm_352: 404
[2025-10-29T09:25:25.778+0000] {fetch_api_data.py:97} WARNING - Failed to fetch data for Toby_Alderweireld_353: 404
[2025-10-29T09:25:26.395+0000] {fetch_api_data.py:97} WARNING - Failed to fetch data for Danny_Rose_354: 404
[2025-10-29T09:25:26.953+0000] {fetch_api_data.py:97} WARNING - Failed to fetch data for Jan_Vertonghen_355: 404
[2025-10-29T09:25:27.558+0000] {fetch_api_data.py:97} WARNING - Failed to fetch data for Ben_Davies_356: 404
[2025-10-29T09:25:28.194+0000] {fetch_api_data.py:97} WARNING - Failed to fetch data for Kieran_Trippier_357: 404
[2025-10-29T09:25:28.805+0000] {fetch_api_data.py:97} WARNING - Failed to fetch data for Kyle_Walker-Peters_358: 404
[2025-10-29T09:25:29.406+0000] {fetch_api_data.py:97} WARNING - Failed to fetch data for Davinson_Sánchez_359: 404
[2025-10-29T09:25:30.016+0000] {fetch_api_data.py:97} WARNING - Failed to fetch data for Serge_Aurier_360: 404
[2025-10-29T09:25:30.675+0000] {fetch_api_data.py:97} WARNING - Failed to fetch data for Eric_Dier_361: 404
[2025-10-29T09:25:31.287+0000] {fetch_api_data.py:97} WARNING - Failed to fetch data for Mousa_Dembélé_362: 404
[2025-10-29T09:25:31.927+0000] {fetch_api_data.py:97} WARNING - Failed to fetch data for Erik_Lamela_363: 404
[2025-10-29T09:25:32.655+0000] {fetch_api_data.py:97} WARNING - Failed to fetch data for Christian_Eriksen_364: 404
[2025-10-29T09:25:33.226+0000] {fetch_api_data.py:97} WARNING - Failed to fetch data for Bamidele_Alli_365: 404
[2025-10-29T09:25:33.836+0000] {fetch_api_data.py:97} WARNING - Failed to fetch data for Victor_Wanyama_366: 404
[2025-10-29T09:25:34.398+0000] {fetch_api_data.py:97} WARNING - Failed to fetch data for Heung-Min_Son_367: 404
[2025-10-29T09:25:35.013+0000] {fetch_api_data.py:97} WARNING - Failed to fetch data for Harry_Winks_368: 404
[2025-10-29T09:25:35.612+0000] {fetch_api_data.py:97} WARNING - Failed to fetch data for Moussa_Sissoko_369: 404
[2025-10-29T09:25:36.246+0000] {fetch_api_data.py:97} WARNING - Failed to fetch data for Lucas_Rodrigues Moura da Silva_370: 404
[2025-10-29T09:25:36.888+0000] {fetch_api_data.py:97} WARNING - Failed to fetch data for Fernando_Llorente_371: 404
[2025-10-29T09:25:37.484+0000] {fetch_api_data.py:97} WARNING - Failed to fetch data for Harry_Kane_372: 404
[2025-10-29T09:25:38.084+0000] {fetch_api_data.py:97} WARNING - Failed to fetch data for Georges-Kévin_Nkoudou_497: 404
[2025-10-29T09:25:38.700+0000] {fetch_api_data.py:97} WARNING - Failed to fetch data for Luke_Amos_523: 404
[2025-10-29T09:25:39.334+0000] {fetch_api_data.py:97} WARNING - Failed to fetch data for Paulo_Gazzaniga_536: 404
[2025-10-29T09:25:39.942+0000] {fetch_api_data.py:97} WARNING - Failed to fetch data for Alfie_Whiteman_538: 404
[2025-10-29T09:25:40.576+0000] {fetch_api_data.py:97} WARNING - Failed to fetch data for Oliver_Skipp_540: 404
[2025-10-29T09:25:41.171+0000] {fetch_api_data.py:97} WARNING - Failed to fetch data for Juan_Foyth_549: 404
[2025-10-29T09:25:41.818+0000] {fetch_api_data.py:97} WARNING - Failed to fetch data for Timothy_Eyoma_561: 404
[2025-10-29T09:25:42.441+0000] {fetch_api_data.py:97} WARNING - Failed to fetch data for Kazaiah_Sterling_578: 404
[2025-10-29T09:25:43.050+0000] {fetch_api_data.py:97} WARNING - Failed to fetch data for George_Marsh_612: 404
[2025-10-29T09:25:43.655+0000] {fetch_api_data.py:97} WARNING - Failed to fetch data for Vincent_Janssen_614: 404
[2025-10-29T09:25:44.250+0000] {fetch_api_data.py:97} WARNING - Failed to fetch data for Heurelho_Gomes_373: 404
[2025-10-29T09:25:44.870+0000] {fetch_api_data.py:97} WARNING - Failed to fetch data for Pontus_Dahlberg_374: 404
[2025-10-29T09:25:45.476+0000] {fetch_api_data.py:97} WARNING - Failed to fetch data for Younes_Kaboul_375: 404
[2025-10-29T09:25:46.064+0000] {fetch_api_data.py:97} WARNING - Failed to fetch data for Craig_Cathcart_376: 404
[2025-10-29T09:25:46.634+0000] {fetch_api_data.py:97} WARNING - Failed to fetch data for Sebastian_Prödl_377: 404
[2025-10-29T09:25:47.215+0000] {fetch_api_data.py:97} WARNING - Failed to fetch data for José_Holebas_378: 404
[2025-10-29T09:25:47.774+0000] {fetch_api_data.py:97} WARNING - Failed to fetch data for Miguel_Britos_379: 404
[2025-10-29T09:25:48.368+0000] {fetch_api_data.py:97} WARNING - Failed to fetch data for Christian_Kabasele_380: 404
[2025-10-29T09:25:48.959+0000] {fetch_api_data.py:97} WARNING - Failed to fetch data for Daryl_Janmaat_381: 404
[2025-10-29T09:25:49.597+0000] {fetch_api_data.py:97} WARNING - Failed to fetch data for Adrian_Mariappa_382: 404
[2025-10-29T09:25:50.199+0000] {fetch_api_data.py:97} WARNING - Failed to fetch data for Francisco_Femenía Far_383: 404
[2025-10-29T09:25:50.804+0000] {fetch_api_data.py:97} WARNING - Failed to fetch data for Marvin_Zeegelaar_384: 404
[2025-10-29T09:25:51.436+0000] {fetch_api_data.py:97} WARNING - Failed to fetch data for Marc_Navarro_385: 404
[2025-10-29T09:25:52.075+0000] {fetch_api_data.py:97} WARNING - Failed to fetch data for Adam_Masina_386: 404
[2025-10-29T09:25:52.640+0000] {fetch_api_data.py:97} WARNING - Failed to fetch data for Nathaniel_Chalobah_387: 404
[2025-10-29T09:25:53.266+0000] {fetch_api_data.py:97} WARNING - Failed to fetch data for Tom_Cleverley_388: 404
[2025-10-29T09:25:53.887+0000] {fetch_api_data.py:97} WARNING - Failed to fetch data for Etienne_Capoue_389: 404
[2025-10-29T09:25:54.473+0000] {fetch_api_data.py:97} WARNING - Failed to fetch data for Abdoulaye_Doucouré_390: 404
[2025-10-29T09:25:55.079+0000] {fetch_api_data.py:97} WARNING - Failed to fetch data for Roberto_Pereyra_391: 404
[2025-10-29T09:25:55.724+0000] {fetch_api_data.py:97} WARNING - Failed to fetch data for Will_Hughes_392: 404
[2025-10-29T09:25:56.320+0000] {fetch_api_data.py:97} WARNING - Failed to fetch data for Gerard_Deulofeu_394: 404
[2025-10-29T09:25:56.954+0000] {fetch_api_data.py:97} WARNING - Failed to fetch data for Andre_Gray_395: 404
[2025-10-29T09:25:57.500+0000] {fetch_api_data.py:97} WARNING - Failed to fetch data for Troy_Deeney_396: 404
[2025-10-29T09:25:58.111+0000] {fetch_api_data.py:97} WARNING - Failed to fetch data for Stefano_Okaka_397: 404
[2025-10-29T09:25:58.695+0000] {fetch_api_data.py:97} WARNING - Failed to fetch data for Jerome_Sinclair_398: 404
[2025-10-29T09:25:59.335+0000] {fetch_api_data.py:97} WARNING - Failed to fetch data for Ben_Foster_445: 404
[2025-10-29T09:25:59.935+0000] {fetch_api_data.py:97} WARNING - Failed to fetch data for Ken_Sema_446: 404
[2025-10-29T09:26:00.599+0000] {fetch_api_data.py:97} WARNING - Failed to fetch data for Domingos_Quina_517: 404
[2025-10-29T09:26:01.241+0000] {fetch_api_data.py:97} WARNING - Failed to fetch data for Isaac_Success Ajayi_524: 404
[2025-10-29T09:26:01.820+0000] {fetch_api_data.py:97} WARNING - Failed to fetch data for Ben_Wilmot_544: 404
[2025-10-29T09:26:02.442+0000] {fetch_api_data.py:97} WARNING - Failed to fetch data for Adalberto_Peñaranda_554: 404
[2025-10-29T09:26:03.025+0000] {fetch_api_data.py:97} WARNING - Failed to fetch data for Adrián_San Miguel del Castillo_399: 404
[2025-10-29T09:26:03.613+0000] {fetch_api_data.py:97} WARNING - Failed to fetch data for Lukasz_Fabianski_400: 404
[2025-10-29T09:26:04.253+0000] {fetch_api_data.py:97} WARNING - Failed to fetch data for Winston_Reid_401: 404
[2025-10-29T09:26:04.861+0000] {fetch_api_data.py:97} WARNING - Failed to fetch data for Aaron_Cresswell_402: 404
[2025-10-29T09:26:05.426+0000] {fetch_api_data.py:97} WARNING - Failed to fetch data for Angelo_Ogbonna_403: 404
[2025-10-29T09:26:06.054+0000] {fetch_api_data.py:97} WARNING - Failed to fetch data for Sam_Byram_404: 404
[2025-10-29T09:26:06.685+0000] {fetch_api_data.py:97} WARNING - Failed to fetch data for Pablo_Zabaleta_405: 404
[2025-10-29T09:26:07.569+0000] {fetch_api_data.py:97} WARNING - Failed to fetch data for Declan_Rice_406: 404
[2025-10-29T09:26:08.225+0000] {fetch_api_data.py:97} WARNING - Failed to fetch data for Reece_Oxford_407: 404
[2025-10-29T09:26:08.817+0000] {fetch_api_data.py:97} WARNING - Failed to fetch data for Ryan_Fredericks_408: 404
[2025-10-29T09:26:09.456+0000] {fetch_api_data.py:97} WARNING - Failed to fetch data for Issa_Diop_409: 404
[2025-10-29T09:26:10.079+0000] {fetch_api_data.py:97} WARNING - Failed to fetch data for Arthur_Masuaku_410: 404
[2025-10-29T09:26:10.776+0000] {fetch_api_data.py:97} WARNING - Failed to fetch data for Mark_Noble_411: 404
[2025-10-29T09:26:11.349+0000] {fetch_api_data.py:97} WARNING - Failed to fetch data for Pedro_Obiang_413: 404
[2025-10-29T09:26:11.917+0000] {fetch_api_data.py:97} WARNING - Failed to fetch data for Manuel_Lanzini_414: 404
[2025-10-29T09:26:12.518+0000] {fetch_api_data.py:97} WARNING - Failed to fetch data for Michail_Antonio_415: 404
[2025-10-29T09:26:13.120+0000] {fetch_api_data.py:97} WARNING - Failed to fetch data for Edimilson_Fernandes_416: 404
[2025-10-29T09:26:13.756+0000] {fetch_api_data.py:97} WARNING - Failed to fetch data for Marko_Arnautovic_417: 404
[2025-10-29T09:26:14.372+0000] {fetch_api_data.py:97} WARNING - Failed to fetch data for Andy_Carroll_418: 404
[2025-10-29T09:26:14.969+0000] {fetch_api_data.py:97} WARNING - Failed to fetch data for Javier_Hernández Balcázar_419: 404
[2025-10-29T09:26:15.649+0000] {fetch_api_data.py:97} WARNING - Failed to fetch data for Jordan_Hugill_420: 404
[2025-10-29T09:26:16.261+0000] {fetch_api_data.py:97} WARNING - Failed to fetch data for Jack_Wilshere_447: 404
[2025-10-29T09:26:16.897+0000] {fetch_api_data.py:97} WARNING - Failed to fetch data for Andriy_Yarmolenko_453: 404
[2025-10-29T09:26:17.480+0000] {fetch_api_data.py:97} WARNING - Failed to fetch data for Fabián_Balbuena_464: 404
[2025-10-29T09:26:18.079+0000] {fetch_api_data.py:97} WARNING - Failed to fetch data for Felipe Anderson_Pereira Gomes_465: 404
[2025-10-29T09:26:18.689+0000] {fetch_api_data.py:97} WARNING - Failed to fetch data for Robert_Snodgrass_489: 404
[2025-10-29T09:26:19.344+0000] {fetch_api_data.py:97} WARNING - Failed to fetch data for Lucas_Pérez_502: 404
[2025-10-29T09:26:19.934+0000] {fetch_api_data.py:97} WARNING - Failed to fetch data for Carlos_Sánchez_518: 404
[2025-10-29T09:26:20.578+0000] {fetch_api_data.py:97} WARNING - Failed to fetch data for Grady_Diangana_539: 404
[2025-10-29T09:26:21.215+0000] {fetch_api_data.py:97} WARNING - Failed to fetch data for Joe_Powell_547: 404
[2025-10-29T09:26:21.849+0000] {fetch_api_data.py:97} WARNING - Failed to fetch data for Conor_Coventry_548: 404
[2025-10-29T09:26:22.600+0000] {fetch_api_data.py:97} WARNING - Failed to fetch data for Alexandre Nascimento_Costa Silva_560: 404
[2025-10-29T09:26:23.442+0000] {fetch_api_data.py:97} WARNING - Failed to fetch data for Samir_Nasri_569: 404
[2025-10-29T09:26:24.062+0000] {fetch_api_data.py:97} WARNING - Failed to fetch data for Ben_Johnson_605: 404
[2025-10-29T09:26:24.877+0000] {fetch_api_data.py:97} WARNING - Failed to fetch data for Nathan_Holland_611: 404
[2025-10-29T09:26:25.491+0000] {fetch_api_data.py:97} WARNING - Failed to fetch data for John_Ruddy_421: 404
[2025-10-29T09:26:26.170+0000] {fetch_api_data.py:97} WARNING - Failed to fetch data for Will_Norris_422: 404
[2025-10-29T09:26:26.984+0000] {fetch_api_data.py:97} WARNING - Failed to fetch data for Willy_Boly_423: 404
[2025-10-29T09:26:27.696+0000] {fetch_api_data.py:97} WARNING - Failed to fetch data for Barry_Douglas_424: 404
[2025-10-29T09:26:28.438+0000] {fetch_api_data.py:97} WARNING - Failed to fetch data for Matt_Doherty_425: 404
[2025-10-29T09:26:29.165+0000] {fetch_api_data.py:97} WARNING - Failed to fetch data for Romain_Saïss_426: 404
[2025-10-29T09:26:30.160+0000] {fetch_api_data.py:97} WARNING - Failed to fetch data for Ryan_Bennett_427: 404
[2025-10-29T09:26:30.862+0000] {fetch_api_data.py:97} WARNING - Failed to fetch data for Danny_Batth_428: 404
[2025-10-29T09:26:31.488+0000] {fetch_api_data.py:97} WARNING - Failed to fetch data for Roderick Jefferson_Gonçalves Miranda_429: 404
[2025-10-29T09:26:32.165+0000] {fetch_api_data.py:97} WARNING - Failed to fetch data for Conor_Coady_430: 404
[2025-10-29T09:26:33.330+0000] {fetch_api_data.py:97} WARNING - Failed to fetch data for Rúben Gonçalo_Silva Nascimento Vinagre_431: 404
[2025-10-29T09:26:34.080+0000] {fetch_api_data.py:97} WARNING - Failed to fetch data for Diogo_Jota_432: 404
[2025-10-29T09:26:34.849+0000] {fetch_api_data.py:97} WARNING - Failed to fetch data for Rúben Diogo_da Silva Neves_433: 404
[2025-10-29T09:26:35.442+0000] {fetch_api_data.py:97} WARNING - Failed to fetch data for Ivan_Cavaleiro_434: 404
[2025-10-29T09:26:36.196+0000] {fetch_api_data.py:97} WARNING - Failed to fetch data for Hélder_Costa_435: 404
[2025-10-29T09:26:36.880+0000] {fetch_api_data.py:97} WARNING - Failed to fetch data for Bright_Enobakhare_436: 404
[2025-10-29T09:26:37.475+0000] {fetch_api_data.py:97} WARNING - Failed to fetch data for Raúl_Jiménez_437: 404
[2025-10-29T09:26:38.310+0000] {fetch_api_data.py:97} WARNING - Failed to fetch data for Bonatini Lohner Maia_Bonatini_438: 404
[2025-10-29T09:26:38.948+0000] {fetch_api_data.py:97} WARNING - Failed to fetch data for Morgan_Gibbs-White_448: 404
[2025-10-29T09:26:39.656+0000] {fetch_api_data.py:97} WARNING - Failed to fetch data for Rafa_Mir_449: 404
[2025-10-29T09:26:40.596+0000] {fetch_api_data.py:97} WARNING - Failed to fetch data for Rui Pedro_dos Santos Patrício_454: 404
[2025-10-29T09:26:41.566+0000] {fetch_api_data.py:97} WARNING - Failed to fetch data for João Filipe Iria_Santos Moutinho_475: 404
[2025-10-29T09:26:43.058+0000] {fetch_api_data.py:97} WARNING - Failed to fetch data for Jonathan_Castro Otto_483: 404
[2025-10-29T09:26:44.597+0000] {fetch_api_data.py:97} WARNING - Failed to fetch data for Adama_Traoré_500: 404
[2025-10-29T09:37:17.587+0000] {logging_mixin.py:150} INFO - An Error Occured fetching data from : https://raw.githubusercontent.com/vaastav/Fantasy-Premier-League/master/data/2023-24/players/Leander_Dendoncker_519/gw.csv -> ('Connection aborted.', OSError(0, 'Error'))
[2025-10-29T09:37:17.588+0000] {python.py:183} INFO - Done. Returned value was: None
[2025-10-29T09:37:17.614+0000] {taskinstance.py:1350} INFO - Marking task as SUCCESS. dag_id=fpl_gameweeks_etl, task_id=fetch_players_gw_task, map_index=5, execution_date=20251029T091906, start_date=20251029T091932, end_date=20251029T093717
[2025-10-29T09:37:17.667+0000] {local_task_job_runner.py:225} INFO - Task exited with return code 0
[2025-10-29T09:37:17.712+0000] {taskinstance.py:2653} INFO - 1 downstream tasks scheduled from follow-on schedule check
