[2025-10-29T09:15:15.486+0000] {taskinstance.py:1103} INFO - Dependencies all met for dep_context=non-requeueable deps ti=<TaskInstance: fpl_gameweeks_etl.fetch_players_gw_task manual__2025-10-29T09:14:44.646155+00:00 map_index=5 [queued]>
[2025-10-29T09:15:15.514+0000] {taskinstance.py:1103} INFO - Dependencies all met for dep_context=requeueable deps ti=<TaskInstance: fpl_gameweeks_etl.fetch_players_gw_task manual__2025-10-29T09:14:44.646155+00:00 map_index=5 [queued]>
[2025-10-29T09:15:15.517+0000] {taskinstance.py:1308} INFO - Starting attempt 1 of 2
[2025-10-29T09:15:15.918+0000] {taskinstance.py:1327} INFO - Executing <Mapped(_PythonDecoratedOperator): fetch_players_gw_task> on 2025-10-29 09:14:44.646155+00:00
[2025-10-29T09:15:15.930+0000] {standard_task_runner.py:57} INFO - Started process 7367 to run task
[2025-10-29T09:15:15.939+0000] {standard_task_runner.py:84} INFO - Running: ['airflow', 'tasks', 'run', 'fpl_gameweeks_etl', 'fetch_players_gw_task', 'manual__2025-10-29T09:14:44.646155+00:00', '--job-id', '719', '--raw', '--subdir', 'DAGS_FOLDER/fpl_gameweeks_dag.py', '--cfg-path', '/tmp/tmp717a7lp2', '--map-index', '5']
[2025-10-29T09:15:15.941+0000] {standard_task_runner.py:85} INFO - Job 719: Subtask fetch_players_gw_task
[2025-10-29T09:15:16.118+0000] {task_command.py:410} INFO - Running <TaskInstance: fpl_gameweeks_etl.fetch_players_gw_task manual__2025-10-29T09:14:44.646155+00:00 map_index=5 [running]> on host dede24b5451e
[2025-10-29T09:15:16.421+0000] {taskinstance.py:1547} INFO - Exporting env vars: AIRFLOW_CTX_DAG_OWNER='richardilemon' AIRFLOW_CTX_DAG_ID='fpl_gameweeks_etl' AIRFLOW_CTX_TASK_ID='fetch_players_gw_task' AIRFLOW_CTX_EXECUTION_DATE='2025-10-29T09:14:44.646155+00:00' AIRFLOW_CTX_TRY_NUMBER='1' AIRFLOW_CTX_DAG_RUN_ID='manual__2025-10-29T09:14:44.646155+00:00'
[2025-10-29T09:15:17.116+0000] {fetch_api_data.py:97} WARNING - Failed to fetch data for Petr_Cech_1: 404
[2025-10-29T09:15:18.467+0000] {fetch_api_data.py:97} WARNING - Failed to fetch data for Bernd_Leno_2: 404
[2025-10-29T09:15:19.124+0000] {fetch_api_data.py:97} WARNING - Failed to fetch data for Laurent_Koscielny_3: 404
[2025-10-29T09:15:19.740+0000] {fetch_api_data.py:97} WARNING - Failed to fetch data for Héctor_Bellerín_4: 404
[2025-10-29T09:15:20.319+0000] {fetch_api_data.py:97} WARNING - Failed to fetch data for Nacho_Monreal_5: 404
[2025-10-29T09:15:21.001+0000] {fetch_api_data.py:97} WARNING - Failed to fetch data for Rob_Holding_6: 404
[2025-10-29T09:15:21.604+0000] {fetch_api_data.py:97} WARNING - Failed to fetch data for Shkodran_Mustafi_7: 404
[2025-10-29T09:15:22.229+0000] {fetch_api_data.py:97} WARNING - Failed to fetch data for Sead_Kolasinac_8: 404
[2025-10-29T09:15:22.938+0000] {fetch_api_data.py:97} WARNING - Failed to fetch data for Konstantinos_Mavropanos_10: 404
[2025-10-29T09:15:23.605+0000] {fetch_api_data.py:97} WARNING - Failed to fetch data for Stephan_Lichtsteiner_11: 404
[2025-10-29T09:15:24.689+0000] {fetch_api_data.py:97} WARNING - Failed to fetch data for Sokratis_Papastathopoulos_12: 404
[2025-10-29T09:15:25.282+0000] {fetch_api_data.py:97} WARNING - Failed to fetch data for Mesut_Özil_13: 404
[2025-10-29T09:15:25.866+0000] {fetch_api_data.py:97} WARNING - Failed to fetch data for Aaron_Ramsey_14: 404
[2025-10-29T09:15:26.554+0000] {fetch_api_data.py:97} WARNING - Failed to fetch data for Alex_Iwobi_15: 404
[2025-10-29T09:15:27.273+0000] {fetch_api_data.py:97} WARNING - Failed to fetch data for Mohamed_Elneny_16: 404
[2025-10-29T09:15:27.908+0000] {fetch_api_data.py:97} WARNING - Failed to fetch data for Granit_Xhaka_17: 404
[2025-10-29T09:15:28.554+0000] {fetch_api_data.py:97} WARNING - Failed to fetch data for Henrikh_Mkhitaryan_18: 404
[2025-10-29T09:15:29.928+0000] {fetch_api_data.py:97} WARNING - Failed to fetch data for Reiss_Nelson_19: 404
[2025-10-29T09:15:30.965+0000] {fetch_api_data.py:97} WARNING - Failed to fetch data for Ainsley_Maitland-Niles_20: 404
[2025-10-29T09:15:31.806+0000] {fetch_api_data.py:97} WARNING - Failed to fetch data for Danny_Welbeck_21: 404
[2025-10-29T09:15:32.428+0000] {fetch_api_data.py:97} WARNING - Failed to fetch data for Alexandre_Lacazette_22: 404
[2025-10-29T09:15:33.265+0000] {fetch_api_data.py:97} WARNING - Failed to fetch data for Pierre-Emerick_Aubameyang_23: 404
[2025-10-29T09:15:33.922+0000] {fetch_api_data.py:97} WARNING - Failed to fetch data for Lucas_Torreira_450: 404
[2025-10-29T09:15:34.542+0000] {fetch_api_data.py:97} WARNING - Failed to fetch data for Matteo_Guendouzi_451: 404
[2025-10-29T09:15:35.212+0000] {fetch_api_data.py:97} WARNING - Failed to fetch data for Emiliano_Martínez_542: 404
[2025-10-29T09:15:35.864+0000] {fetch_api_data.py:97} WARNING - Failed to fetch data for Emile_Smith-Rowe_545: 404
[2025-10-29T09:15:36.640+0000] {fetch_api_data.py:97} WARNING - Failed to fetch data for Zech_Medley_546: 404
[2025-10-29T09:15:37.270+0000] {fetch_api_data.py:97} WARNING - Failed to fetch data for Edward_Nketiah_552: 404
[2025-10-29T09:15:37.978+0000] {fetch_api_data.py:97} WARNING - Failed to fetch data for Bukayo_Saka_563: 404
[2025-10-29T09:15:38.550+0000] {fetch_api_data.py:97} WARNING - Failed to fetch data for Joseph_Willock_566: 404
[2025-10-29T09:15:39.137+0000] {fetch_api_data.py:97} WARNING - Failed to fetch data for Carl_Jenkinson_581: 404
[2025-10-29T09:15:39.738+0000] {fetch_api_data.py:97} WARNING - Failed to fetch data for Denis_Suárez_586: 404
[2025-10-29T09:15:40.454+0000] {fetch_api_data.py:97} WARNING - Failed to fetch data for Asmir_Begovic_24: 404
[2025-10-29T09:15:41.123+0000] {fetch_api_data.py:97} WARNING - Failed to fetch data for Artur_Boruc_25: 404
[2025-10-29T09:15:41.748+0000] {fetch_api_data.py:97} WARNING - Failed to fetch data for Simon_Francis_26: 404
[2025-10-29T09:15:42.645+0000] {fetch_api_data.py:97} WARNING - Failed to fetch data for Steve_Cook_27: 404
[2025-10-29T09:15:43.242+0000] {fetch_api_data.py:97} WARNING - Failed to fetch data for Charlie_Daniels_28: 404
[2025-10-29T09:15:43.972+0000] {fetch_api_data.py:97} WARNING - Failed to fetch data for Adam_Smith_29: 404
[2025-10-29T09:15:44.670+0000] {fetch_api_data.py:97} WARNING - Failed to fetch data for Tyrone_Mings_30: 404
[2025-10-29T09:15:45.358+0000] {fetch_api_data.py:97} WARNING - Failed to fetch data for Nathan_Aké_31: 404
[2025-10-29T09:15:45.985+0000] {fetch_api_data.py:97} WARNING - Failed to fetch data for Jack_Simpson_32: 404
[2025-10-29T09:15:46.582+0000] {fetch_api_data.py:97} WARNING - Failed to fetch data for Marc_Pugh_34: 404
[2025-10-29T09:15:47.183+0000] {fetch_api_data.py:97} WARNING - Failed to fetch data for Andrew_Surman_35: 404
[2025-10-29T09:15:47.857+0000] {fetch_api_data.py:97} WARNING - Failed to fetch data for Junior_Stanislas_36: 404
[2025-10-29T09:15:48.439+0000] {fetch_api_data.py:97} WARNING - Failed to fetch data for Dan_Gosling_37: 404
[2025-10-29T09:15:48.991+0000] {fetch_api_data.py:97} WARNING - Failed to fetch data for Jordon_Ibe_38: 404
[2025-10-29T09:15:49.650+0000] {fetch_api_data.py:97} WARNING - Failed to fetch data for Lewis_Cook_39: 404
[2025-10-29T09:15:50.491+0000] {fetch_api_data.py:97} WARNING - Failed to fetch data for Ryan_Fraser_40: 404
[2025-10-29T09:15:51.288+0000] {fetch_api_data.py:97} WARNING - Failed to fetch data for Emerson_Hyndman_41: 404
[2025-10-29T09:15:51.920+0000] {fetch_api_data.py:97} WARNING - Failed to fetch data for David_Brooks_42: 404
[2025-10-29T09:15:52.509+0000] {fetch_api_data.py:97} WARNING - Failed to fetch data for Callum_Wilson_43: 404
[2025-10-29T09:15:53.152+0000] {fetch_api_data.py:97} WARNING - Failed to fetch data for Lys_Mousset_44: 404
[2025-10-29T09:15:53.744+0000] {fetch_api_data.py:97} WARNING - Failed to fetch data for Joshua_King_45: 404
[2025-10-29T09:15:54.415+0000] {fetch_api_data.py:97} WARNING - Failed to fetch data for Jermain_Defoe_46: 404
[2025-10-29T09:15:55.171+0000] {fetch_api_data.py:97} WARNING - Failed to fetch data for Nathaniel_Clyne_241: 404
[2025-10-29T09:15:57.408+0000] {fetch_api_data.py:97} WARNING - Failed to fetch data for Dominic_Solanke_259: 404
[2025-10-29T09:16:03.865+0000] {fetch_api_data.py:97} WARNING - Failed to fetch data for Diego_Rico_473: 404
[2025-10-29T09:16:12.161+0000] {fetch_api_data.py:97} WARNING - Failed to fetch data for Jefferson_Lerma_494: 404
[2025-10-29T09:16:12.988+0000] {fetch_api_data.py:97} WARNING - Failed to fetch data for Chris_Mepham_580: 404
[2025-10-29T09:16:13.979+0000] {fetch_api_data.py:97} WARNING - Failed to fetch data for Sam_Surridge_599: 404
[2025-10-29T09:16:14.763+0000] {fetch_api_data.py:97} WARNING - Failed to fetch data for Kyle_Taylor_600: 404
[2025-10-29T09:16:15.434+0000] {fetch_api_data.py:97} WARNING - Failed to fetch data for Nnamdi_Ofoborh_613: 404
[2025-10-29T09:16:16.058+0000] {fetch_api_data.py:97} WARNING - Failed to fetch data for Mark_Travers_616: 404
[2025-10-29T09:16:16.704+0000] {fetch_api_data.py:97} WARNING - Failed to fetch data for Matt_Butcher_620: 404
[2025-10-29T09:16:17.314+0000] {fetch_api_data.py:97} WARNING - Failed to fetch data for Mathew_Ryan_47: 404
[2025-10-29T09:16:17.874+0000] {fetch_api_data.py:97} WARNING - Failed to fetch data for Lewis_Dunk_48: 404
[2025-10-29T09:16:18.476+0000] {fetch_api_data.py:97} WARNING - Failed to fetch data for Shane_Duffy_49: 404
[2025-10-29T09:16:19.074+0000] {fetch_api_data.py:97} WARNING - Failed to fetch data for Bruno_Saltor Grau_50: 404
[2025-10-29T09:16:19.663+0000] {fetch_api_data.py:97} WARNING - Failed to fetch data for Gaëtan_Bong_51: 404
[2025-10-29T09:16:20.250+0000] {fetch_api_data.py:97} WARNING - Failed to fetch data for Markus_Suttner_52: 404
[2025-10-29T09:16:20.892+0000] {fetch_api_data.py:97} WARNING - Failed to fetch data for Ezequiel_Schelotto_53: 404
[2025-10-29T09:16:22.006+0000] {fetch_api_data.py:97} WARNING - Failed to fetch data for Leon_Balogun_54: 404
[2025-10-29T09:16:27.568+0000] {fetch_api_data.py:97} WARNING - Failed to fetch data for Anthony_Knockaert_55: 404
[2025-10-29T09:16:34.291+0000] {fetch_api_data.py:97} WARNING - Failed to fetch data for Dale_Stephens_56: 404
[2025-10-29T09:16:35.470+0000] {fetch_api_data.py:97} WARNING - Failed to fetch data for Beram_Kayal_57: 404
[2025-10-29T09:16:36.393+0000] {fetch_api_data.py:97} WARNING - Failed to fetch data for Solomon_March_58: 404
[2025-10-29T09:16:37.288+0000] {fetch_api_data.py:97} WARNING - Failed to fetch data for Pascal_Groß_59: 404
[2025-10-29T09:16:38.018+0000] {fetch_api_data.py:97} WARNING - Failed to fetch data for Davy_Pröpper_60: 404
[2025-10-29T09:16:38.653+0000] {fetch_api_data.py:97} WARNING - Failed to fetch data for José Heriberto_Izquierdo Mena_61: 404
[2025-10-29T09:16:39.309+0000] {fetch_api_data.py:97} WARNING - Failed to fetch data for Glenn_Murray_62: 404
[2025-10-29T09:16:39.915+0000] {fetch_api_data.py:97} WARNING - Failed to fetch data for Tomer_Hemed_63: 404
[2025-10-29T09:16:40.787+0000] {fetch_api_data.py:97} WARNING - Failed to fetch data for Sam_Baldock_64: 404
[2025-10-29T09:16:41.373+0000] {fetch_api_data.py:97} WARNING - Failed to fetch data for Jürgen_Locadia_65: 404
[2025-10-29T09:16:42.511+0000] {fetch_api_data.py:97} WARNING - Failed to fetch data for Florin_Andone_66: 404
[2025-10-29T09:16:43.499+0000] {fetch_api_data.py:97} WARNING - Failed to fetch data for David_Button_179: 404
[2025-10-29T09:16:44.161+0000] {fetch_api_data.py:97} WARNING - Failed to fetch data for Jason_Steele_439: 404
[2025-10-29T09:16:44.822+0000] {fetch_api_data.py:97} WARNING - Failed to fetch data for Bernardo_Fernandes da Silva Junior_440: 404
[2025-10-29T09:16:45.784+0000] {fetch_api_data.py:97} WARNING - Failed to fetch data for Yves_Bissouma_466: 404
[2025-10-29T09:16:46.676+0000] {fetch_api_data.py:97} WARNING - Failed to fetch data for Alireza_Jahanbakhsh_476: 404
[2025-10-29T09:16:47.400+0000] {fetch_api_data.py:97} WARNING - Failed to fetch data for Martín_Montoya_503: 404
[2025-10-29T09:16:48.271+0000] {fetch_api_data.py:97} WARNING - Failed to fetch data for Viktor_Gyokeres_551: 404
[2025-10-29T09:16:48.976+0000] {fetch_api_data.py:97} WARNING - Failed to fetch data for Ben_White_559: 404
[2025-10-29T09:16:49.594+0000] {fetch_api_data.py:97} WARNING - Failed to fetch data for Max_Sanders_572: 404
[2025-10-29T09:16:50.201+0000] {fetch_api_data.py:97} WARNING - Failed to fetch data for Dan_Burn_582: 404
[2025-10-29T09:16:51.062+0000] {fetch_api_data.py:97} WARNING - Failed to fetch data for Jayson_Molumby_617: 404
[2025-10-29T09:16:51.728+0000] {fetch_api_data.py:97} WARNING - Failed to fetch data for Tom_Heaton_67: 404
[2025-10-29T09:16:52.546+0000] {fetch_api_data.py:97} WARNING - Failed to fetch data for Nick_Pope_68: 404
[2025-10-29T09:16:53.348+0000] {fetch_api_data.py:97} WARNING - Failed to fetch data for Matthew_Lowton_69: 404
[2025-10-29T09:16:53.958+0000] {fetch_api_data.py:97} WARNING - Failed to fetch data for Ben_Mee_70: 404
[2025-10-29T09:16:54.604+0000] {fetch_api_data.py:97} WARNING - Failed to fetch data for Stephen_Ward_71: 404
[2025-10-29T09:16:55.224+0000] {fetch_api_data.py:97} WARNING - Failed to fetch data for James_Tarkowski_72: 404
[2025-10-29T09:16:55.800+0000] {fetch_api_data.py:97} WARNING - Failed to fetch data for Kevin_Long_73: 404
[2025-10-29T09:16:56.408+0000] {fetch_api_data.py:97} WARNING - Failed to fetch data for Charlie_Taylor_74: 404
[2025-10-29T09:16:56.992+0000] {fetch_api_data.py:97} WARNING - Failed to fetch data for Phil_Bardsley_75: 404
[2025-10-29T09:16:57.689+0000] {fetch_api_data.py:97} WARNING - Failed to fetch data for Johann Berg_Gudmundsson_76: 404
[2025-10-29T09:16:58.224+0000] {fetch_api_data.py:97} WARNING - Failed to fetch data for Steven_Defour_77: 404
[2025-10-29T09:16:58.831+0000] {fetch_api_data.py:97} WARNING - Failed to fetch data for Jeff_Hendrick_78: 404
[2025-10-29T09:16:59.460+0000] {fetch_api_data.py:97} WARNING - Failed to fetch data for Robbie_Brady_79: 404
[2025-10-29T09:17:00.024+0000] {fetch_api_data.py:97} WARNING - Failed to fetch data for Ashley_Westwood_80: 404
[2025-10-29T09:17:00.637+0000] {fetch_api_data.py:97} WARNING - Failed to fetch data for Jonathan_Walters_81: 404
[2025-10-29T09:17:01.263+0000] {fetch_api_data.py:97} WARNING - Failed to fetch data for Jack_Cork_82: 404
[2025-10-29T09:17:01.905+0000] {fetch_api_data.py:97} WARNING - Failed to fetch data for Aaron_Lennon_83: 404
[2025-10-29T09:17:02.554+0000] {fetch_api_data.py:97} WARNING - Failed to fetch data for Sam_Vokes_84: 404
[2025-10-29T09:17:03.167+0000] {fetch_api_data.py:97} WARNING - Failed to fetch data for Ashley_Barnes_85: 404
[2025-10-29T09:17:03.749+0000] {fetch_api_data.py:97} WARNING - Failed to fetch data for Nahki_Wells_86: 404
[2025-10-29T09:17:04.418+0000] {fetch_api_data.py:97} WARNING - Failed to fetch data for Chris_Wood_87: 404
[2025-10-29T09:17:05.261+0000] {fetch_api_data.py:97} WARNING - Failed to fetch data for Anders_Lindegaard_485: 404
[2025-10-29T09:17:05.883+0000] {fetch_api_data.py:97} WARNING - Failed to fetch data for Joe_Hart_490: 404
[2025-10-29T09:17:06.468+0000] {fetch_api_data.py:97} WARNING - Failed to fetch data for Ben_Gibson_491: 404
[2025-10-29T09:17:07.071+0000] {fetch_api_data.py:97} WARNING - Failed to fetch data for Matej_Vydra_495: 404
[2025-10-29T09:17:07.927+0000] {fetch_api_data.py:97} WARNING - Failed to fetch data for Dwight_McNeil_534: 404
[2025-10-29T09:17:08.570+0000] {fetch_api_data.py:97} WARNING - Failed to fetch data for Abd-Al-Ali Morakinyo Olaposi_Koiki_564: 404
[2025-10-29T09:17:09.390+0000] {fetch_api_data.py:97} WARNING - Failed to fetch data for Josh_Benson_583: 404
[2025-10-29T09:17:10.010+0000] {fetch_api_data.py:97} WARNING - Failed to fetch data for Peter_Crouch_590: 404
[2025-10-29T09:17:10.778+0000] {fetch_api_data.py:97} WARNING - Failed to fetch data for Anthony_Driscoll-Glennon_615: 404
[2025-10-29T09:17:11.666+0000] {fetch_api_data.py:97} WARNING - Failed to fetch data for Harry_Arter_33: 404
[2025-10-29T09:17:13.015+0000] {fetch_api_data.py:97} WARNING - Failed to fetch data for Neil_Etheridge_88: 404
[2025-10-29T09:17:14.188+0000] {fetch_api_data.py:97} WARNING - Failed to fetch data for Alex_Smithies_89: 404
[2025-10-29T09:17:14.970+0000] {fetch_api_data.py:97} WARNING - Failed to fetch data for Sean_Morrison_90: 404
[2025-10-29T09:17:15.656+0000] {fetch_api_data.py:97} WARNING - Failed to fetch data for Sol_Bamba_91: 404
[2025-10-29T09:17:16.309+0000] {fetch_api_data.py:97} WARNING - Failed to fetch data for Bruno_Ecuele Manga_92: 404
[2025-10-29T09:17:17.243+0000] {fetch_api_data.py:97} WARNING - Failed to fetch data for Matthew_Connolly_93: 404
[2025-10-29T09:17:18.709+0000] {fetch_api_data.py:97} WARNING - Failed to fetch data for Joe_Bennett_94: 404
[2025-10-29T09:17:19.876+0000] {fetch_api_data.py:97} WARNING - Failed to fetch data for Lee_Peltier_95: 404
[2025-10-29T09:17:20.953+0000] {fetch_api_data.py:97} WARNING - Failed to fetch data for Ashley Darel Jazz_Richards_96: 404
[2025-10-29T09:17:21.584+0000] {fetch_api_data.py:97} WARNING - Failed to fetch data for Greg_Halford_97: 404
[2025-10-29T09:17:22.272+0000] {fetch_api_data.py:97} WARNING - Failed to fetch data for Joe_Ralls_98: 404
[2025-10-29T09:17:22.952+0000] {fetch_api_data.py:97} WARNING - Failed to fetch data for David Junior_Hoilett_99: 404
[2025-10-29T09:17:23.626+0000] {fetch_api_data.py:97} WARNING - Failed to fetch data for Nathaniel_Mendez-Laing_100: 404
[2025-10-29T09:17:24.260+0000] {fetch_api_data.py:97} WARNING - Failed to fetch data for Callum_Paterson_101: 404
[2025-10-29T09:17:24.872+0000] {fetch_api_data.py:97} WARNING - Failed to fetch data for Aron_Gunnarsson_102: 404
[2025-10-29T09:17:25.529+0000] {fetch_api_data.py:97} WARNING - Failed to fetch data for Anthony_Pilkington_103: 404
[2025-10-29T09:17:26.208+0000] {fetch_api_data.py:97} WARNING - Failed to fetch data for Loïc_Damour_104: 404
[2025-10-29T09:17:26.797+0000] {fetch_api_data.py:97} WARNING - Failed to fetch data for Danny_Ward_105: 404
[2025-10-29T09:17:27.450+0000] {fetch_api_data.py:97} WARNING - Failed to fetch data for Josh_Murphy_106: 404
[2025-10-29T09:17:28.067+0000] {fetch_api_data.py:97} WARNING - Failed to fetch data for Kenneth_Zohore_107: 404
[2025-10-29T09:17:28.837+0000] {fetch_api_data.py:97} WARNING - Failed to fetch data for Omar_Bogle_108: 404
[2025-10-29T09:17:29.982+0000] {fetch_api_data.py:97} WARNING - Failed to fetch data for Gary_Madine_109: 404
[2025-10-29T09:17:30.875+0000] {fetch_api_data.py:97} WARNING - Failed to fetch data for Bobby_Reid_110: 404
[2025-10-29T09:17:31.435+0000] {fetch_api_data.py:97} WARNING - Failed to fetch data for Oumar_Niasse_176: 404
[2025-10-29T09:17:32.120+0000] {fetch_api_data.py:97} WARNING - Failed to fetch data for Greg_Cunninghamm_467: 404
[2025-10-29T09:17:32.760+0000] {fetch_api_data.py:97} WARNING - Failed to fetch data for Víctor_Camarasa_504: 404
[2025-10-29T09:17:33.482+0000] {fetch_api_data.py:97} WARNING - Failed to fetch data for Kadeem_Harris_535: 404
[2025-10-29T09:17:34.059+0000] {fetch_api_data.py:97} WARNING - Failed to fetch data for Brian_Murphy_537: 404
[2025-10-29T09:17:34.692+0000] {fetch_api_data.py:97} WARNING - Failed to fetch data for Rhys_Healey_573: 404
[2025-10-29T09:17:35.394+0000] {fetch_api_data.py:97} WARNING - Failed to fetch data for Leandro_Bacuna_589: 404
[2025-10-29T09:17:35.958+0000] {fetch_api_data.py:97} WARNING - Failed to fetch data for Thibaut_Courtois_111: 404
[2025-10-29T09:17:36.513+0000] {fetch_api_data.py:97} WARNING - Failed to fetch data for Willy_Caballero_112: 404
[2025-10-29T09:17:37.148+0000] {fetch_api_data.py:97} WARNING - Failed to fetch data for César_Azpilicueta_113: 404
[2025-10-29T09:17:37.776+0000] {fetch_api_data.py:97} WARNING - Failed to fetch data for Gary_Cahill_114: 404
[2025-10-29T09:17:38.628+0000] {fetch_api_data.py:97} WARNING - Failed to fetch data for Marcos_Alonso_115: 404
[2025-10-29T09:17:39.238+0000] {fetch_api_data.py:97} WARNING - Failed to fetch data for David_Luiz Moreira Marinho_116: 404
[2025-10-29T09:17:39.842+0000] {fetch_api_data.py:97} WARNING - Failed to fetch data for Victor_Moses_117: 404
[2025-10-29T09:17:40.440+0000] {fetch_api_data.py:97} WARNING - Failed to fetch data for Antonio_Rüdiger_118: 404
[2025-10-29T09:17:41.030+0000] {fetch_api_data.py:97} WARNING - Failed to fetch data for Andreas_Christensen_119: 404
[2025-10-29T09:17:41.636+0000] {fetch_api_data.py:97} WARNING - Failed to fetch data for Davide_Zappacosta_120: 404
[2025-10-29T09:17:42.309+0000] {fetch_api_data.py:97} WARNING - Failed to fetch data for Emerson_Palmieri dos Santos_121: 404
[2025-10-29T09:17:42.935+0000] {fetch_api_data.py:97} WARNING - Failed to fetch data for Eden_Hazard_122: 404
[2025-10-29T09:17:43.622+0000] {fetch_api_data.py:97} WARNING - Failed to fetch data for Cesc_Fàbregas_123: 404
[2025-10-29T09:17:44.261+0000] {fetch_api_data.py:97} WARNING - Failed to fetch data for Willian_Borges Da Silva_124: 404
[2025-10-29T09:17:44.909+0000] {fetch_api_data.py:97} WARNING - Failed to fetch data for Pedro_Rodríguez Ledesma_125: 404
[2025-10-29T09:17:45.776+0000] {fetch_api_data.py:97} WARNING - Failed to fetch data for N'Golo_Kanté_126: 404
[2025-10-29T09:17:46.977+0000] {fetch_api_data.py:97} WARNING - Failed to fetch data for Ross_Barkley_127: 404
[2025-10-29T09:17:47.644+0000] {fetch_api_data.py:97} WARNING - Failed to fetch data for Daniel_Drinkwater_128: 404
[2025-10-29T09:17:48.226+0000] {fetch_api_data.py:97} WARNING - Failed to fetch data for Tiemoué_Bakayoko_129: 404
[2025-10-29T09:17:48.857+0000] {fetch_api_data.py:97} WARNING - Failed to fetch data for Ethan_Ampadu_130: 404
[2025-10-29T09:17:49.485+0000] {fetch_api_data.py:97} WARNING - Failed to fetch data for Callum_Hudson-Odoi_131: 404
[2025-10-29T09:17:50.159+0000] {fetch_api_data.py:97} WARNING - Failed to fetch data for Ruben_Loftus-Cheek_132: 404
[2025-10-29T09:17:50.815+0000] {fetch_api_data.py:97} WARNING - Failed to fetch data for Olivier_Giroud_133: 404
[2025-10-29T09:17:51.441+0000] {fetch_api_data.py:97} WARNING - Failed to fetch data for Álvaro_Morata_134: 404
[2025-10-29T09:17:52.059+0000] {fetch_api_data.py:97} WARNING - Failed to fetch data for Jorge Luiz_Frello Filho_459: 404
[2025-10-29T09:17:52.649+0000] {fetch_api_data.py:97} WARNING - Failed to fetch data for Tammy_Abraham_496: 404
[2025-10-29T09:17:53.271+0000] {fetch_api_data.py:97} WARNING - Failed to fetch data for Kepa_Arrizabalaga_498: 404
[2025-10-29T09:17:53.914+0000] {fetch_api_data.py:97} WARNING - Failed to fetch data for Mateo_Kovacic_499: 404
[2025-10-29T09:17:54.552+0000] {fetch_api_data.py:97} WARNING - Failed to fetch data for Gonzalo_Higuaín_579: 404
[2025-10-29T09:17:55.199+0000] {fetch_api_data.py:97} WARNING - Failed to fetch data for Addji Keaninkin Marc-Israel_Guehi_624: 404
[2025-10-29T09:17:55.761+0000] {fetch_api_data.py:97} WARNING - Failed to fetch data for Wayne_Hennessey_135: 404
[2025-10-29T09:17:56.395+0000] {fetch_api_data.py:97} WARNING - Failed to fetch data for Julian_Speroni_136: 404
[2025-10-29T09:17:56.988+0000] {fetch_api_data.py:97} WARNING - Failed to fetch data for Vicente_Guaita_137: 404
[2025-10-29T09:17:57.653+0000] {fetch_api_data.py:97} WARNING - Failed to fetch data for James_Tomkins_138: 404
[2025-10-29T09:17:58.255+0000] {fetch_api_data.py:97} WARNING - Failed to fetch data for Scott_Dann_139: 404
[2025-10-29T09:17:58.962+0000] {fetch_api_data.py:97} WARNING - Failed to fetch data for Martin_Kelly_140: 404
[2025-10-29T09:17:59.601+0000] {fetch_api_data.py:97} WARNING - Failed to fetch data for Jeffrey_Schlupp_141: 404
[2025-10-29T09:18:00.190+0000] {fetch_api_data.py:97} WARNING - Failed to fetch data for Patrick_van Aanholt_142: 404
[2025-10-29T09:18:00.859+0000] {fetch_api_data.py:97} WARNING - Failed to fetch data for Mamadou_Sakho_143: 404
[2025-10-29T09:18:01.432+0000] {fetch_api_data.py:97} WARNING - Failed to fetch data for Jairo_Riedewald_144: 404
[2025-10-29T09:18:02.012+0000] {fetch_api_data.py:97} WARNING - Failed to fetch data for Aaron_Wan-Bissaka_145: 404
[2025-10-29T09:18:02.638+0000] {fetch_api_data.py:97} WARNING - Failed to fetch data for James_McArthur_147: 404
[2025-10-29T09:18:03.240+0000] {fetch_api_data.py:97} WARNING - Failed to fetch data for Bakary_Sako_148: 404
[2025-10-29T09:18:03.830+0000] {fetch_api_data.py:97} WARNING - Failed to fetch data for Andros_Townsend_149: 404
[2025-10-29T09:18:04.489+0000] {fetch_api_data.py:97} WARNING - Failed to fetch data for Luka_Milivojevic_150: 404
[2025-10-29T09:18:05.073+0000] {fetch_api_data.py:97} WARNING - Failed to fetch data for Wilfried_Zaha_151: 404
[2025-10-29T09:18:05.688+0000] {fetch_api_data.py:97} WARNING - Failed to fetch data for Christian_Benteke_152: 404
[2025-10-29T09:18:06.329+0000] {fetch_api_data.py:97} WARNING - Failed to fetch data for Alexander_Sørloth_153: 404
[2025-10-29T09:18:06.908+0000] {fetch_api_data.py:97} WARNING - Failed to fetch data for Cheikhou_Kouyaté_412: 404
[2025-10-29T09:18:07.569+0000] {fetch_api_data.py:97} WARNING - Failed to fetch data for Joel_Ward_441: 404
[2025-10-29T09:18:08.230+0000] {fetch_api_data.py:97} WARNING - Failed to fetch data for Jaroslaw_Jach_442: 404
[2025-10-29T09:18:08.931+0000] {fetch_api_data.py:97} WARNING - Failed to fetch data for Pape_Souaré_443: 404
[2025-10-29T09:18:09.596+0000] {fetch_api_data.py:97} WARNING - Failed to fetch data for Connor_Wickham_444: 404
[2025-10-29T09:18:10.251+0000] {fetch_api_data.py:97} WARNING - Failed to fetch data for Sullay_Kaikai_477: 404
[2025-10-29T09:18:10.820+0000] {fetch_api_data.py:97} WARNING - Failed to fetch data for Max_Meyer_486: 404
[2025-10-29T09:18:11.592+0000] {fetch_api_data.py:97} WARNING - Failed to fetch data for Jordan_Ayew_505: 404
[2025-10-29T09:18:12.200+0000] {fetch_api_data.py:97} WARNING - Failed to fetch data for Joe_Tupper_576: 404
[2025-10-29T09:18:12.839+0000] {fetch_api_data.py:97} WARNING - Failed to fetch data for Lucas_Perri_584: 404
[2025-10-29T09:18:13.421+0000] {fetch_api_data.py:97} WARNING - Failed to fetch data for Michy_Batshuayi_592: 404
[2025-10-29T09:18:14.050+0000] {fetch_api_data.py:97} WARNING - Failed to fetch data for Sam_Woods_609: 404
[2025-10-29T09:18:14.644+0000] {fetch_api_data.py:97} WARNING - Failed to fetch data for Luke_Dreher_618: 404
[2025-10-29T09:18:15.273+0000] {fetch_api_data.py:97} WARNING - Failed to fetch data for Nikola_Tavares_619: 404
[2025-10-29T09:18:16.021+0000] {fetch_api_data.py:97} WARNING - Failed to fetch data for Jordan_Pickford_154: 404
[2025-10-29T09:18:16.740+0000] {fetch_api_data.py:97} WARNING - Failed to fetch data for Maarten_Stekelenburg_155: 404
[2025-10-29T09:18:17.419+0000] {fetch_api_data.py:97} WARNING - Failed to fetch data for Leighton_Baines_156: 404
[2025-10-29T09:18:18.138+0000] {fetch_api_data.py:97} WARNING - Failed to fetch data for Seamus_Coleman_157: 404
[2025-10-29T09:18:18.821+0000] {fetch_api_data.py:97} WARNING - Failed to fetch data for Phil_Jagielka_158: 404
[2025-10-29T09:18:19.561+0000] {fetch_api_data.py:97} WARNING - Failed to fetch data for Ashley_Williams_159: 404
[2025-10-29T09:18:20.544+0000] {fetch_api_data.py:97} WARNING - Failed to fetch data for Mason_Holgate_160: 404
[2025-10-29T09:18:21.462+0000] {fetch_api_data.py:97} WARNING - Failed to fetch data for Jonjoe_Kenny_161: 404
[2025-10-29T09:18:22.033+0000] {fetch_api_data.py:97} WARNING - Failed to fetch data for Michael_Keane_162: 404
[2025-10-29T09:18:22.610+0000] {fetch_api_data.py:97} WARNING - Failed to fetch data for Cuco_Martina_163: 404
[2025-10-29T09:18:23.253+0000] {fetch_api_data.py:97} WARNING - Failed to fetch data for Theo_Walcott_164: 404
[2025-10-29T09:18:23.856+0000] {fetch_api_data.py:97} WARNING - Failed to fetch data for Yannick_Bolasie_165: 404
[2025-10-29T09:18:24.487+0000] {fetch_api_data.py:97} WARNING - Failed to fetch data for James_McCarthy_166: 404
[2025-10-29T09:18:25.137+0000] {fetch_api_data.py:97} WARNING - Failed to fetch data for Morgan_Schneiderlin_167: 404
[2025-10-29T09:18:25.692+0000] {fetch_api_data.py:97} WARNING - Failed to fetch data for Idrissa_Gueye_168: 404
[2025-10-29T09:18:26.280+0000] {fetch_api_data.py:97} WARNING - Failed to fetch data for Tom_Davies_169: 404
[2025-10-29T09:18:26.877+0000] {fetch_api_data.py:97} WARNING - Failed to fetch data for Ademola_Lookman_170: 404
[2025-10-29T09:18:27.455+0000] {fetch_api_data.py:97} WARNING - Failed to fetch data for Davy_Klaassen_171: 404
[2025-10-29T09:18:28.027+0000] {fetch_api_data.py:97} WARNING - Failed to fetch data for Gylfi_Sigurdsson_172: 404
[2025-10-29T09:18:28.627+0000] {fetch_api_data.py:97} WARNING - Failed to fetch data for Nikola_Vlasic_173: 404
[2025-10-29T09:18:29.260+0000] {fetch_api_data.py:97} WARNING - Failed to fetch data for Beni_Baningime_174: 404
[2025-10-29T09:18:29.900+0000] {fetch_api_data.py:97} WARNING - Failed to fetch data for Dominic_Calvert-Lewin_175: 404
[2025-10-29T09:18:30.551+0000] {fetch_api_data.py:97} WARNING - Failed to fetch data for Cenk_Tosun_177: 404
[2025-10-29T09:18:31.138+0000] {fetch_api_data.py:97} WARNING - Failed to fetch data for Richarlison_de Andrade_393: 404
[2025-10-29T09:18:31.719+0000] {fetch_api_data.py:97} WARNING - Failed to fetch data for Kevin_Mirallas_469: 404
[2025-10-29T09:18:32.412+0000] {fetch_api_data.py:97} WARNING - Failed to fetch data for Sandro_Ramírez_470: 404
[2025-10-29T09:18:33.097+0000] {fetch_api_data.py:97} WARNING - Failed to fetch data for Lucas_Digne_484: 404
[2025-10-29T09:18:34.167+0000] {fetch_api_data.py:97} WARNING - Failed to fetch data for Yerry_Mina_506: 404
[2025-10-29T09:18:35.665+0000] {fetch_api_data.py:97} WARNING - Failed to fetch data for Bernard_Anício Caldeira Duarte_507: 404
[2025-10-29T09:18:36.321+0000] {fetch_api_data.py:97} WARNING - Failed to fetch data for André Filipe_Tavares Gomes_508: 404
[2025-10-29T09:18:36.961+0000] {fetch_api_data.py:97} WARNING - Failed to fetch data for Kurt_Zouma_526: 404
[2025-10-29T09:18:37.599+0000] {fetch_api_data.py:97} WARNING - Failed to fetch data for Kieran_Dowell_528: 404
[2025-10-29T09:18:38.278+0000] {fetch_api_data.py:97} WARNING - Failed to fetch data for Tyias_Browning_532: 404
[2025-10-29T09:18:38.884+0000] {fetch_api_data.py:97} WARNING - Failed to fetch data for Calum_Chambers_9: 404
[2025-10-29T09:18:39.515+0000] {fetch_api_data.py:97} WARNING - Failed to fetch data for Marcus_Bettinelli_178: 404
[2025-10-29T09:18:40.097+0000] {fetch_api_data.py:97} WARNING - Failed to fetch data for Tim_Ream_180: 404
[2025-10-29T09:18:40.678+0000] {fetch_api_data.py:97} WARNING - Failed to fetch data for Denis_Odoi_181: 404
[2025-10-29T09:18:41.261+0000] {fetch_api_data.py:97} WARNING - Failed to fetch data for Tom_Cairney_182: 404
[2025-10-29T09:18:41.876+0000] {fetch_api_data.py:97} WARNING - Failed to fetch data for Kevin_McDonald_183: 404
[2025-10-29T09:18:42.458+0000] {fetch_api_data.py:97} WARNING - Failed to fetch data for Ryan_Sessegnon_184: 404
[2025-10-29T09:18:43.077+0000] {fetch_api_data.py:97} WARNING - Failed to fetch data for Stefan_Johansen_185: 404
[2025-10-29T09:18:43.674+0000] {fetch_api_data.py:97} WARNING - Failed to fetch data for Floyd_Ayité_186: 404
[2025-10-29T09:18:44.234+0000] {fetch_api_data.py:97} WARNING - Failed to fetch data for Neeskens_Kebano_187: 404
[2025-10-29T09:18:44.816+0000] {fetch_api_data.py:97} WARNING - Failed to fetch data for Rui Pedro_da Rocha Fonte_188: 404
[2025-10-29T09:18:45.515+0000] {fetch_api_data.py:97} WARNING - Failed to fetch data for Aboubakar_Kamara_189: 404
[2025-10-29T09:18:46.150+0000] {fetch_api_data.py:97} WARNING - Failed to fetch data for Maxime_Le Marchand_455: 404
[2025-10-29T09:18:46.950+0000] {fetch_api_data.py:97} WARNING - Failed to fetch data for Jean Michael_Seri_456: 404
[2025-10-29T09:18:47.796+0000] {fetch_api_data.py:97} WARNING - Failed to fetch data for Cyrus_Christie_460: 404
[2025-10-29T09:18:48.419+0000] {fetch_api_data.py:97} WARNING - Failed to fetch data for Fabricio_Agosto Ramírez_474: 404
[2025-10-29T09:18:49.063+0000] {fetch_api_data.py:97} WARNING - Failed to fetch data for André_Schürrle_478: 404
[2025-10-29T09:18:49.677+0000] {fetch_api_data.py:97} WARNING - Failed to fetch data for Aleksandar_Mitrovic_480: 404
[2025-10-29T09:18:50.280+0000] {fetch_api_data.py:97} WARNING - Failed to fetch data for Alfie_Mawson_487: 404
[2025-10-29T09:18:50.895+0000] {fetch_api_data.py:97} WARNING - Failed to fetch data for Sergio_Rico_509: 404
[2025-10-29T09:18:51.488+0000] {fetch_api_data.py:97} WARNING - Failed to fetch data for Joe_Bryan_510: 404
[2025-10-29T09:18:52.119+0000] {fetch_api_data.py:97} WARNING - Failed to fetch data for Timothy_Fosu-Mensah_511: 404
[2025-10-29T09:18:52.812+0000] {fetch_api_data.py:97} WARNING - Failed to fetch data for André-Frank_Zambo Anguissa_512: 404
[2025-10-29T09:18:53.551+0000] {fetch_api_data.py:97} WARNING - Failed to fetch data for Luciano_Vietto_513: 404
[2025-10-29T09:18:54.145+0000] {fetch_api_data.py:97} WARNING - Failed to fetch data for Ibrahima_Cissé_521: 404
[2025-10-29T09:18:54.801+0000] {fetch_api_data.py:97} WARNING - Failed to fetch data for Zeze Steven_Sessegnon_541: 404
[2025-10-29T09:18:55.434+0000] {fetch_api_data.py:97} WARNING - Failed to fetch data for Ryan_Babel_575: 404
[2025-10-29T09:18:56.057+0000] {fetch_api_data.py:97} WARNING - Failed to fetch data for Håvard_Nordtveit_593: 404
[2025-10-29T09:18:56.649+0000] {fetch_api_data.py:97} WARNING - Failed to fetch data for Lazar_Markovic_594: 404
[2025-10-29T09:18:57.243+0000] {fetch_api_data.py:97} WARNING - Failed to fetch data for Harvey_Elliott_610: 404
[2025-10-29T09:18:57.856+0000] {fetch_api_data.py:97} WARNING - Failed to fetch data for Luca_De La Torre_621: 404
[2025-10-29T09:18:58.520+0000] {fetch_api_data.py:97} WARNING - Failed to fetch data for Jason_Puncheon_146: 404
[2025-10-29T09:18:59.112+0000] {fetch_api_data.py:97} WARNING - Failed to fetch data for Ben_Hamer_190: 404
[2025-10-29T09:18:59.741+0000] {fetch_api_data.py:97} WARNING - Failed to fetch data for Jonas_Lössl_191: 404
[2025-10-29T09:19:00.489+0000] {fetch_api_data.py:97} WARNING - Failed to fetch data for Christopher_Schindler_192: 404
[2025-10-29T09:19:01.080+0000] {fetch_api_data.py:97} WARNING - Failed to fetch data for Chris_Löwe_193: 404
[2025-10-29T09:19:01.675+0000] {fetch_api_data.py:97} WARNING - Failed to fetch data for Tommy_Smith_194: 404
[2025-10-29T09:19:02.348+0000] {fetch_api_data.py:97} WARNING - Failed to fetch data for Mathias_Jorgensen_195: 404
[2025-10-29T09:19:03.040+0000] {fetch_api_data.py:97} WARNING - Failed to fetch data for Scott_Malone_196: 404
[2025-10-29T09:19:03.630+0000] {fetch_api_data.py:97} WARNING - Failed to fetch data for Florent_Hadergjonaj_197: 404
[2025-10-29T09:19:04.191+0000] {fetch_api_data.py:97} WARNING - Failed to fetch data for Terence_Kongolo_198: 404
[2025-10-29T09:19:04.862+0000] {fetch_api_data.py:97} WARNING - Failed to fetch data for Aaron_Mooy_199: 404
[2025-10-29T09:19:05.457+0000] {fetch_api_data.py:97} WARNING - Failed to fetch data for Rajiv_van La Parra_200: 404
[2025-10-29T09:19:06.027+0000] {fetch_api_data.py:97} WARNING - Failed to fetch data for Jonathan_Hogg_201: 404
[2025-10-29T09:19:06.647+0000] {fetch_api_data.py:97} WARNING - Failed to fetch data for Philip_Billing_202: 404
[2025-10-29T09:19:07.271+0000] {fetch_api_data.py:97} WARNING - Failed to fetch data for Tom_Ince_203: 404
[2025-10-29T09:19:07.906+0000] {fetch_api_data.py:97} WARNING - Failed to fetch data for Danny_Williams_204: 404
[2025-10-29T09:19:08.563+0000] {fetch_api_data.py:97} WARNING - Failed to fetch data for Abdelhamid_Sabiri_205: 404
[2025-10-29T09:19:08.906+0000] {local_task_job_runner.py:292} WARNING - State of this instance has been externally set to failed. Terminating instance.
[2025-10-29T09:19:08.933+0000] {process_utils.py:135} INFO - Sending Signals.SIGTERM to group 7367. PIDs of all processes in the group: [7367]
[2025-10-29T09:19:08.939+0000] {process_utils.py:86} INFO - Sending the signal Signals.SIGTERM to group 7367
[2025-10-29T09:19:08.940+0000] {taskinstance.py:1517} ERROR - Received SIGTERM. Terminating subprocesses.
[2025-10-29T09:19:09.119+0000] {process_utils.py:79} INFO - Process psutil.Process(pid=7367, status='terminated', exitcode=0, started='09:15:15') (7367) terminated with exit code 0
