[2025-04-30T13:10:27.503+0000] {manager.py:487} INFO - Processing files using up to 2 processes at a time 
[2025-04-30T13:10:27.506+0000] {manager.py:488} INFO - Process each file at most once every 30 seconds
[2025-04-30T13:10:27.508+0000] {manager.py:490} INFO - Checking for new files in /opt/airflow/dags every 300 seconds
[2025-04-30T13:10:27.509+0000] {manager.py:758} INFO - Searching for files in /opt/airflow/dags
[2025-04-30T13:10:27.518+0000] {manager.py:761} INFO - There are 0 files in /opt/airflow/dags
[2025-04-30T13:15:28.009+0000] {manager.py:758} INFO - Searching for files in /opt/airflow/dags
[2025-04-30T13:15:28.020+0000] {manager.py:761} INFO - There are 0 files in /opt/airflow/dags
[2025-04-30T13:20:28.761+0000] {manager.py:758} INFO - Searching for files in /opt/airflow/dags
[2025-04-30T13:20:28.768+0000] {manager.py:761} INFO - There are 0 files in /opt/airflow/dags
[2025-04-30T13:25:28.886+0000] {manager.py:758} INFO - Searching for files in /opt/airflow/dags
[2025-04-30T13:25:28.892+0000] {manager.py:761} INFO - There are 0 files in /opt/airflow/dags
[2025-04-30T13:27:40.527+0000] {manager.py:470} INFO - Exiting gracefully upon receiving signal 15
[2025-05-02T16:18:09.131+0000] {manager.py:487} INFO - Processing files using up to 2 processes at a time 
[2025-05-02T16:18:09.134+0000] {manager.py:488} INFO - Process each file at most once every 30 seconds
[2025-05-02T16:18:09.135+0000] {manager.py:490} INFO - Checking for new files in /opt/airflow/dags every 300 seconds
[2025-05-02T16:18:09.136+0000] {manager.py:758} INFO - Searching for files in /opt/airflow/dags
[2025-05-02T16:18:09.144+0000] {manager.py:761} INFO - There are 0 files in /opt/airflow/dags
[2025-05-02T16:23:11.336+0000] {manager.py:758} INFO - Searching for files in /opt/airflow/dags
[2025-05-02T16:23:11.344+0000] {manager.py:761} INFO - There are 0 files in /opt/airflow/dags
[2025-05-02T16:28:11.348+0000] {manager.py:758} INFO - Searching for files in /opt/airflow/dags
[2025-05-02T16:28:11.358+0000] {manager.py:761} INFO - There are 0 files in /opt/airflow/dags
[2025-05-02T16:33:11.614+0000] {manager.py:758} INFO - Searching for files in /opt/airflow/dags
[2025-05-02T16:33:11.624+0000] {manager.py:761} INFO - There are 0 files in /opt/airflow/dags
[2025-05-02T16:38:12.365+0000] {manager.py:758} INFO - Searching for files in /opt/airflow/dags
[2025-05-02T16:38:12.382+0000] {manager.py:761} INFO - There are 0 files in /opt/airflow/dags
[2025-05-02T16:43:12.435+0000] {manager.py:758} INFO - Searching for files in /opt/airflow/dags
[2025-05-02T16:43:12.462+0000] {manager.py:761} INFO - There are 0 files in /opt/airflow/dags
[2025-05-02T16:48:13.049+0000] {manager.py:758} INFO - Searching for files in /opt/airflow/dags
[2025-05-02T16:48:13.057+0000] {manager.py:761} INFO - There are 0 files in /opt/airflow/dags
[2025-05-02T16:53:13.853+0000] {manager.py:758} INFO - Searching for files in /opt/airflow/dags
[2025-05-02T16:53:13.859+0000] {manager.py:761} INFO - There are 0 files in /opt/airflow/dags
[2025-05-02T16:58:14.431+0000] {manager.py:758} INFO - Searching for files in /opt/airflow/dags
[2025-05-02T16:58:14.439+0000] {manager.py:761} INFO - There are 0 files in /opt/airflow/dags
[2025-05-02T17:03:14.466+0000] {manager.py:758} INFO - Searching for files in /opt/airflow/dags
[2025-05-02T17:03:14.482+0000] {manager.py:761} INFO - There are 0 files in /opt/airflow/dags
[2025-05-02T17:08:15.063+0000] {manager.py:758} INFO - Searching for files in /opt/airflow/dags
[2025-05-02T17:08:15.077+0000] {manager.py:761} INFO - There are 0 files in /opt/airflow/dags
[2025-05-02T17:13:15.682+0000] {manager.py:758} INFO - Searching for files in /opt/airflow/dags
[2025-05-02T17:13:15.689+0000] {manager.py:761} INFO - There are 0 files in /opt/airflow/dags
[2025-05-02T17:18:16.653+0000] {manager.py:758} INFO - Searching for files in /opt/airflow/dags
[2025-05-02T17:18:16.660+0000] {manager.py:761} INFO - There are 0 files in /opt/airflow/dags
[2025-05-02T17:23:17.137+0000] {manager.py:758} INFO - Searching for files in /opt/airflow/dags
[2025-05-02T17:23:17.144+0000] {manager.py:761} INFO - There are 0 files in /opt/airflow/dags
[2025-05-02T17:28:17.772+0000] {manager.py:758} INFO - Searching for files in /opt/airflow/dags
[2025-05-02T17:28:17.867+0000] {manager.py:761} INFO - There are 0 files in /opt/airflow/dags
[2025-05-02T17:33:17.984+0000] {manager.py:758} INFO - Searching for files in /opt/airflow/dags
[2025-05-02T17:33:17.991+0000] {manager.py:761} INFO - There are 0 files in /opt/airflow/dags
[2025-05-02T17:38:18.036+0000] {manager.py:758} INFO - Searching for files in /opt/airflow/dags
[2025-05-02T17:38:18.042+0000] {manager.py:761} INFO - There are 0 files in /opt/airflow/dags
[2025-05-02T17:42:30.972+0000] {manager.py:470} INFO - Exiting gracefully upon receiving signal 15
[2025-05-02T17:42:56.530+0000] {manager.py:487} INFO - Processing files using up to 2 processes at a time 
[2025-05-02T17:42:56.532+0000] {manager.py:488} INFO - Process each file at most once every 30 seconds
[2025-05-02T17:42:56.536+0000] {manager.py:490} INFO - Checking for new files in /opt/airflow/dags every 300 seconds
[2025-05-02T17:42:56.538+0000] {manager.py:758} INFO - Searching for files in /opt/airflow/dags
[2025-05-02T17:42:56.548+0000] {manager.py:761} INFO - There are 0 files in /opt/airflow/dags
[2025-05-02T17:47:56.747+0000] {manager.py:758} INFO - Searching for files in /opt/airflow/dags
[2025-05-02T17:47:56.763+0000] {manager.py:761} INFO - There are 1 files in /opt/airflow/dags
[2025-05-02T17:48:26.118+0000] {manager.py:889} INFO - 
================================================================================
DAG File Processing Stats

File Path                              PID    Runtime      # DAGs    # Errors  Last Runtime    Last Run
-------------------------------------  -----  ---------  --------  ----------  --------------  -------------------
/opt/airflow/dags/fpl_pipeline_dag.py                           0           1  0.18s           2025-05-02T17:47:57
================================================================================
[2025-05-02T17:48:59.426+0000] {manager.py:889} INFO - 
================================================================================
DAG File Processing Stats

File Path                              PID    Runtime      # DAGs    # Errors  Last Runtime    Last Run
-------------------------------------  -----  ---------  --------  ----------  --------------  -------------------
/opt/airflow/dags/fpl_pipeline_dag.py                           0           1  0.19s           2025-05-02T17:48:57
================================================================================
[2025-05-02T17:49:32.327+0000] {manager.py:889} INFO - 
================================================================================
DAG File Processing Stats

File Path                              PID    Runtime      # DAGs    # Errors  Last Runtime    Last Run
-------------------------------------  -----  ---------  --------  ----------  --------------  -------------------
/opt/airflow/dags/fpl_pipeline_dag.py                           0           1  0.14s           2025-05-02T17:49:28
================================================================================
[2025-05-02T17:50:05.398+0000] {manager.py:889} INFO - 
================================================================================
DAG File Processing Stats

File Path                              PID    Runtime      # DAGs    # Errors  Last Runtime    Last Run
-------------------------------------  -----  ---------  --------  ----------  --------------  -------------------
/opt/airflow/dags/fpl_pipeline_dag.py                           0           1  0.13s           2025-05-02T17:49:59
================================================================================
[2025-05-02T17:50:21.202+0000] {manager.py:470} INFO - Exiting gracefully upon receiving signal 15
