[2025-11-05T10:26:45.782+0000] {taskinstance.py:1103} INFO - Dependencies all met for dep_context=non-requeueable deps ti=<TaskInstance: fpl_fixtures_pipeline.check_fixtures_data_url manual__2025-11-05T10:21:43.537500+00:00 [queued]>
[2025-11-05T10:26:45.877+0000] {taskinstance.py:1103} INFO - Dependencies all met for dep_context=requeueable deps ti=<TaskInstance: fpl_fixtures_pipeline.check_fixtures_data_url manual__2025-11-05T10:21:43.537500+00:00 [queued]>
[2025-11-05T10:26:45.877+0000] {taskinstance.py:1308} INFO - Starting attempt 2 of 2
[2025-11-05T10:26:45.884+0000] {taskinstance.py:1327} INFO - Executing <Task(HttpSensor): check_fixtures_data_url> on 2025-11-05 10:21:43.537500+00:00
[2025-11-05T10:26:45.887+0000] {standard_task_runner.py:57} INFO - Started process 1445 to run task
[2025-11-05T10:26:45.889+0000] {standard_task_runner.py:84} INFO - Running: ['airflow', 'tasks', 'run', 'fpl_fixtures_pipeline', 'check_fixtures_data_url', 'manual__2025-11-05T10:21:43.537500+00:00', '--job-id', '6', '--raw', '--subdir', 'DAGS_FOLDER/fpl_fixtures_dag.py', '--cfg-path', '/tmp/tmp5o_yf2kw']
[2025-11-05T10:26:45.889+0000] {standard_task_runner.py:85} INFO - Job 6: Subtask check_fixtures_data_url
[2025-11-05T10:26:45.925+0000] {task_command.py:410} INFO - Running <TaskInstance: fpl_fixtures_pipeline.check_fixtures_data_url manual__2025-11-05T10:21:43.537500+00:00 [running]> on host 497d0baba1c5
[2025-11-05T10:26:45.968+0000] {taskinstance.py:1547} INFO - Exporting env vars: AIRFLOW_CTX_DAG_OWNER='richardilemon' AIRFLOW_CTX_DAG_ID='fpl_fixtures_pipeline' AIRFLOW_CTX_TASK_ID='check_fixtures_data_url' AIRFLOW_CTX_EXECUTION_DATE='2025-11-05T10:21:43.537500+00:00' AIRFLOW_CTX_TRY_NUMBER='2' AIRFLOW_CTX_DAG_RUN_ID='manual__2025-11-05T10:21:43.537500+00:00'
[2025-11-05T10:26:45.973+0000] {http.py:122} INFO - Poking: 2025-26/fixtures.csv
[2025-11-05T10:26:45.987+0000] {taskinstance.py:1824} ERROR - Task failed with exception
Traceback (most recent call last):
  File "/home/airflow/.local/lib/python3.7/site-packages/airflow/sensors/base.py", line 225, in execute
    raise e
  File "/home/airflow/.local/lib/python3.7/site-packages/airflow/sensors/base.py", line 212, in execute
    poke_return = self.poke(context)
  File "/home/airflow/.local/lib/python3.7/site-packages/airflow/providers/http/sensors/http.py", line 137, in poke
    raise exc
  File "/home/airflow/.local/lib/python3.7/site-packages/airflow/providers/http/sensors/http.py", line 128, in poke
    extra_options=self.extra_options,
  File "/home/airflow/.local/lib/python3.7/site-packages/airflow/providers/http/hooks/http.py", line 148, in run
    session = self.get_conn(headers)
  File "/home/airflow/.local/lib/python3.7/site-packages/airflow/providers/http/hooks/http.py", line 100, in get_conn
    conn = self.get_connection(self.http_conn_id)
  File "/home/airflow/.local/lib/python3.7/site-packages/airflow/hooks/base.py", line 72, in get_connection
    conn = Connection.get_connection_from_secrets(conn_id)
  File "/home/airflow/.local/lib/python3.7/site-packages/airflow/models/connection.py", line 463, in get_connection_from_secrets
    raise AirflowNotFoundException(f"The conn_id `{conn_id}` isn't defined")
airflow.exceptions.AirflowNotFoundException: The conn_id `fixtures_base_path` isn't defined
[2025-11-05T10:26:45.989+0000] {taskinstance.py:1350} INFO - Marking task as FAILED. dag_id=fpl_fixtures_pipeline, task_id=check_fixtures_data_url, execution_date=20251105T102143, start_date=20251105T102645, end_date=20251105T102645
[2025-11-05T10:26:45.995+0000] {standard_task_runner.py:109} ERROR - Failed to execute job 6 for task check_fixtures_data_url (The conn_id `fixtures_base_path` isn't defined; 1445)
[2025-11-05T10:26:46.031+0000] {local_task_job_runner.py:225} INFO - Task exited with return code 1
[2025-11-05T10:26:46.060+0000] {taskinstance.py:2653} INFO - 0 downstream tasks scheduled from follow-on schedule check
