[2025-10-29T09:05:48.830+0000] {taskinstance.py:1103} INFO - Dependencies all met for dep_context=non-requeueable deps ti=<TaskInstance: fpl_gameweeks_etl.fetch_players_gw_task manual__2025-10-29T09:05:25.447312+00:00 map_index=1 [queued]>
[2025-10-29T09:05:48.854+0000] {taskinstance.py:1103} INFO - Dependencies all met for dep_context=requeueable deps ti=<TaskInstance: fpl_gameweeks_etl.fetch_players_gw_task manual__2025-10-29T09:05:25.447312+00:00 map_index=1 [queued]>
[2025-10-29T09:05:48.855+0000] {taskinstance.py:1308} INFO - Starting attempt 1 of 2
[2025-10-29T09:05:49.137+0000] {taskinstance.py:1327} INFO - Executing <Mapped(_PythonDecoratedOperator): fetch_players_gw_task> on 2025-10-29 09:05:25.447312+00:00
[2025-10-29T09:05:49.151+0000] {standard_task_runner.py:57} INFO - Started process 6451 to run task
[2025-10-29T09:05:49.159+0000] {standard_task_runner.py:84} INFO - Running: ['airflow', 'tasks', 'run', 'fpl_gameweeks_etl', 'fetch_players_gw_task', 'manual__2025-10-29T09:05:25.447312+00:00', '--job-id', '535', '--raw', '--subdir', 'DAGS_FOLDER/fpl_gameweeks_dag.py', '--cfg-path', '/tmp/tmp2kmcnyk4', '--map-index', '1']
[2025-10-29T09:05:49.166+0000] {standard_task_runner.py:85} INFO - Job 535: Subtask fetch_players_gw_task
[2025-10-29T09:05:49.311+0000] {task_command.py:410} INFO - Running <TaskInstance: fpl_gameweeks_etl.fetch_players_gw_task manual__2025-10-29T09:05:25.447312+00:00 map_index=1 [running]> on host dede24b5451e
[2025-10-29T09:05:49.701+0000] {taskinstance.py:1547} INFO - Exporting env vars: AIRFLOW_CTX_DAG_OWNER='richardilemon' AIRFLOW_CTX_DAG_ID='fpl_gameweeks_etl' AIRFLOW_CTX_TASK_ID='fetch_players_gw_task' AIRFLOW_CTX_EXECUTION_DATE='2025-10-29T09:05:25.447312+00:00' AIRFLOW_CTX_TRY_NUMBER='1' AIRFLOW_CTX_DAG_RUN_ID='manual__2025-10-29T09:05:25.447312+00:00'
[2025-10-29T09:05:50.335+0000] {fetch_api_data.py:96} WARNING - Failed to fetch data for Petr_Cech_1: 404
[2025-10-29T09:05:50.942+0000] {fetch_api_data.py:96} WARNING - Failed to fetch data for Bernd_Leno_2: 404
[2025-10-29T09:05:51.578+0000] {fetch_api_data.py:96} WARNING - Failed to fetch data for Laurent_Koscielny_3: 404
[2025-10-29T09:05:52.249+0000] {fetch_api_data.py:96} WARNING - Failed to fetch data for Héctor_Bellerín_4: 404
[2025-10-29T09:05:52.917+0000] {fetch_api_data.py:96} WARNING - Failed to fetch data for Nacho_Monreal_5: 404
[2025-10-29T09:05:53.554+0000] {fetch_api_data.py:96} WARNING - Failed to fetch data for Rob_Holding_6: 404
[2025-10-29T09:05:54.246+0000] {fetch_api_data.py:96} WARNING - Failed to fetch data for Shkodran_Mustafi_7: 404
[2025-10-29T09:05:54.927+0000] {fetch_api_data.py:96} WARNING - Failed to fetch data for Sead_Kolasinac_8: 404
[2025-10-29T09:05:55.568+0000] {fetch_api_data.py:96} WARNING - Failed to fetch data for Konstantinos_Mavropanos_10: 404
[2025-10-29T09:05:56.182+0000] {fetch_api_data.py:96} WARNING - Failed to fetch data for Stephan_Lichtsteiner_11: 404
[2025-10-29T09:05:56.983+0000] {fetch_api_data.py:96} WARNING - Failed to fetch data for Sokratis_Papastathopoulos_12: 404
[2025-10-29T09:05:57.668+0000] {fetch_api_data.py:96} WARNING - Failed to fetch data for Mesut_Özil_13: 404
[2025-10-29T09:05:58.355+0000] {fetch_api_data.py:96} WARNING - Failed to fetch data for Aaron_Ramsey_14: 404
[2025-10-29T09:05:59.029+0000] {fetch_api_data.py:96} WARNING - Failed to fetch data for Alex_Iwobi_15: 404
[2025-10-29T09:05:59.839+0000] {fetch_api_data.py:96} WARNING - Failed to fetch data for Mohamed_Elneny_16: 404
[2025-10-29T09:06:00.778+0000] {fetch_api_data.py:96} WARNING - Failed to fetch data for Granit_Xhaka_17: 404
[2025-10-29T09:06:01.565+0000] {fetch_api_data.py:96} WARNING - Failed to fetch data for Henrikh_Mkhitaryan_18: 404
[2025-10-29T09:06:02.281+0000] {fetch_api_data.py:96} WARNING - Failed to fetch data for Reiss_Nelson_19: 404
[2025-10-29T09:06:02.941+0000] {fetch_api_data.py:96} WARNING - Failed to fetch data for Ainsley_Maitland-Niles_20: 404
[2025-10-29T09:06:03.534+0000] {fetch_api_data.py:96} WARNING - Failed to fetch data for Danny_Welbeck_21: 404
[2025-10-29T09:06:04.131+0000] {fetch_api_data.py:96} WARNING - Failed to fetch data for Alexandre_Lacazette_22: 404
[2025-10-29T09:06:04.749+0000] {fetch_api_data.py:96} WARNING - Failed to fetch data for Pierre-Emerick_Aubameyang_23: 404
[2025-10-29T09:06:05.415+0000] {fetch_api_data.py:96} WARNING - Failed to fetch data for Lucas_Torreira_450: 404
[2025-10-29T09:06:06.070+0000] {fetch_api_data.py:96} WARNING - Failed to fetch data for Matteo_Guendouzi_451: 404
[2025-10-29T09:06:06.633+0000] {fetch_api_data.py:96} WARNING - Failed to fetch data for Emiliano_Martínez_542: 404
[2025-10-29T09:06:07.281+0000] {fetch_api_data.py:96} WARNING - Failed to fetch data for Emile_Smith-Rowe_545: 404
[2025-10-29T09:06:07.897+0000] {fetch_api_data.py:96} WARNING - Failed to fetch data for Zech_Medley_546: 404
[2025-10-29T09:06:08.530+0000] {fetch_api_data.py:96} WARNING - Failed to fetch data for Edward_Nketiah_552: 404
[2025-10-29T09:06:09.112+0000] {fetch_api_data.py:96} WARNING - Failed to fetch data for Bukayo_Saka_563: 404
[2025-10-29T09:06:09.703+0000] {fetch_api_data.py:96} WARNING - Failed to fetch data for Joseph_Willock_566: 404
[2025-10-29T09:06:10.295+0000] {fetch_api_data.py:96} WARNING - Failed to fetch data for Carl_Jenkinson_581: 404
[2025-10-29T09:06:10.867+0000] {fetch_api_data.py:96} WARNING - Failed to fetch data for Denis_Suárez_586: 404
[2025-10-29T09:06:11.481+0000] {fetch_api_data.py:96} WARNING - Failed to fetch data for Asmir_Begovic_24: 404
[2025-10-29T09:06:12.060+0000] {fetch_api_data.py:96} WARNING - Failed to fetch data for Artur_Boruc_25: 404
[2025-10-29T09:06:12.651+0000] {fetch_api_data.py:96} WARNING - Failed to fetch data for Simon_Francis_26: 404
[2025-10-29T09:06:13.304+0000] {fetch_api_data.py:96} WARNING - Failed to fetch data for Steve_Cook_27: 404
[2025-10-29T09:06:13.948+0000] {fetch_api_data.py:96} WARNING - Failed to fetch data for Charlie_Daniels_28: 404
[2025-10-29T09:06:14.586+0000] {fetch_api_data.py:96} WARNING - Failed to fetch data for Adam_Smith_29: 404
[2025-10-29T09:06:15.250+0000] {fetch_api_data.py:96} WARNING - Failed to fetch data for Tyrone_Mings_30: 404
[2025-10-29T09:06:17.489+0000] {fetch_api_data.py:96} WARNING - Failed to fetch data for Nathan_Aké_31: 404
[2025-10-29T09:06:22.819+0000] {fetch_api_data.py:96} WARNING - Failed to fetch data for Jack_Simpson_32: 404
[2025-10-29T09:06:27.895+0000] {fetch_api_data.py:96} WARNING - Failed to fetch data for Marc_Pugh_34: 404
[2025-10-29T09:06:31.601+0000] {fetch_api_data.py:96} WARNING - Failed to fetch data for Andrew_Surman_35: 404
[2025-10-29T09:06:36.315+0000] {fetch_api_data.py:96} WARNING - Failed to fetch data for Junior_Stanislas_36: 404
[2025-10-29T09:06:41.014+0000] {fetch_api_data.py:96} WARNING - Failed to fetch data for Dan_Gosling_37: 404
[2025-10-29T09:06:45.262+0000] {fetch_api_data.py:96} WARNING - Failed to fetch data for Jordon_Ibe_38: 404
[2025-10-29T09:06:50.056+0000] {fetch_api_data.py:96} WARNING - Failed to fetch data for Lewis_Cook_39: 404
[2025-10-29T09:06:54.917+0000] {fetch_api_data.py:96} WARNING - Failed to fetch data for Ryan_Fraser_40: 404
[2025-10-29T09:06:59.668+0000] {fetch_api_data.py:96} WARNING - Failed to fetch data for Emerson_Hyndman_41: 404
[2025-10-29T09:07:00.011+0000] {local_task_job_runner.py:292} WARNING - State of this instance has been externally set to failed. Terminating instance.
[2025-10-29T09:07:00.020+0000] {process_utils.py:135} INFO - Sending Signals.SIGTERM to group 6451. PIDs of all processes in the group: [6451]
[2025-10-29T09:07:00.022+0000] {process_utils.py:86} INFO - Sending the signal Signals.SIGTERM to group 6451
[2025-10-29T09:07:00.025+0000] {taskinstance.py:1517} ERROR - Received SIGTERM. Terminating subprocesses.
[2025-10-29T09:07:00.204+0000] {process_utils.py:79} INFO - Process psutil.Process(pid=6451, status='terminated', exitcode=0, started='09:05:48') (6451) terminated with exit code 0
