[2025-10-29T09:11:07.362+0000] {taskinstance.py:1103} INFO - Dependencies all met for dep_context=non-requeueable deps ti=<TaskInstance: fpl_gameweeks_etl.fetch_players_gw_task manual__2025-10-29T09:10:41.166618+00:00 map_index=5 [queued]>
[2025-10-29T09:11:07.391+0000] {taskinstance.py:1103} INFO - Dependencies all met for dep_context=requeueable deps ti=<TaskInstance: fpl_gameweeks_etl.fetch_players_gw_task manual__2025-10-29T09:10:41.166618+00:00 map_index=5 [queued]>
[2025-10-29T09:11:07.392+0000] {taskinstance.py:1308} INFO - Starting attempt 1 of 2
[2025-10-29T09:11:07.701+0000] {taskinstance.py:1327} INFO - Executing <Mapped(_PythonDecoratedOperator): fetch_players_gw_task> on 2025-10-29 09:10:41.166618+00:00
[2025-10-29T09:11:07.711+0000] {standard_task_runner.py:57} INFO - Started process 7037 to run task
[2025-10-29T09:11:07.716+0000] {standard_task_runner.py:84} INFO - Running: ['airflow', 'tasks', 'run', 'fpl_gameweeks_etl', 'fetch_players_gw_task', 'manual__2025-10-29T09:10:41.166618+00:00', '--job-id', '676', '--raw', '--subdir', 'DAGS_FOLDER/fpl_gameweeks_dag.py', '--cfg-path', '/tmp/tmpsr4cx38_', '--map-index', '5']
[2025-10-29T09:11:07.720+0000] {standard_task_runner.py:85} INFO - Job 676: Subtask fetch_players_gw_task
[2025-10-29T09:11:07.873+0000] {task_command.py:410} INFO - Running <TaskInstance: fpl_gameweeks_etl.fetch_players_gw_task manual__2025-10-29T09:10:41.166618+00:00 map_index=5 [running]> on host dede24b5451e
[2025-10-29T09:11:08.128+0000] {taskinstance.py:1547} INFO - Exporting env vars: AIRFLOW_CTX_DAG_OWNER='richardilemon' AIRFLOW_CTX_DAG_ID='fpl_gameweeks_etl' AIRFLOW_CTX_TASK_ID='fetch_players_gw_task' AIRFLOW_CTX_EXECUTION_DATE='2025-10-29T09:10:41.166618+00:00' AIRFLOW_CTX_TRY_NUMBER='1' AIRFLOW_CTX_DAG_RUN_ID='manual__2025-10-29T09:10:41.166618+00:00'
[2025-10-29T09:11:09.491+0000] {fetch_api_data.py:97} WARNING - Failed to fetch data for Petr_Cech_1: 404
[2025-10-29T09:11:10.578+0000] {fetch_api_data.py:97} WARNING - Failed to fetch data for Bernd_Leno_2: 404
[2025-10-29T09:11:11.970+0000] {fetch_api_data.py:97} WARNING - Failed to fetch data for Laurent_Koscielny_3: 404
[2025-10-29T09:11:13.536+0000] {fetch_api_data.py:97} WARNING - Failed to fetch data for Héctor_Bellerín_4: 404
[2025-10-29T09:11:14.535+0000] {fetch_api_data.py:97} WARNING - Failed to fetch data for Nacho_Monreal_5: 404
[2025-10-29T09:11:16.015+0000] {fetch_api_data.py:97} WARNING - Failed to fetch data for Rob_Holding_6: 404
[2025-10-29T09:11:16.816+0000] {fetch_api_data.py:97} WARNING - Failed to fetch data for Shkodran_Mustafi_7: 404
[2025-10-29T09:11:17.993+0000] {fetch_api_data.py:97} WARNING - Failed to fetch data for Sead_Kolasinac_8: 404
[2025-10-29T09:11:19.393+0000] {fetch_api_data.py:97} WARNING - Failed to fetch data for Konstantinos_Mavropanos_10: 404
[2025-10-29T09:11:21.272+0000] {fetch_api_data.py:97} WARNING - Failed to fetch data for Stephan_Lichtsteiner_11: 404
[2025-10-29T09:11:23.611+0000] {fetch_api_data.py:97} WARNING - Failed to fetch data for Sokratis_Papastathopoulos_12: 404
[2025-10-29T09:11:24.792+0000] {fetch_api_data.py:97} WARNING - Failed to fetch data for Mesut_Özil_13: 404
[2025-10-29T09:11:26.256+0000] {fetch_api_data.py:97} WARNING - Failed to fetch data for Aaron_Ramsey_14: 404
[2025-10-29T09:11:27.339+0000] {fetch_api_data.py:97} WARNING - Failed to fetch data for Alex_Iwobi_15: 404
[2025-10-29T09:11:28.236+0000] {fetch_api_data.py:97} WARNING - Failed to fetch data for Mohamed_Elneny_16: 404
[2025-10-29T09:11:28.917+0000] {fetch_api_data.py:97} WARNING - Failed to fetch data for Granit_Xhaka_17: 404
[2025-10-29T09:11:29.549+0000] {fetch_api_data.py:97} WARNING - Failed to fetch data for Henrikh_Mkhitaryan_18: 404
[2025-10-29T09:11:30.212+0000] {fetch_api_data.py:97} WARNING - Failed to fetch data for Reiss_Nelson_19: 404
[2025-10-29T09:11:30.795+0000] {fetch_api_data.py:97} WARNING - Failed to fetch data for Ainsley_Maitland-Niles_20: 404
[2025-10-29T09:11:31.448+0000] {fetch_api_data.py:97} WARNING - Failed to fetch data for Danny_Welbeck_21: 404
[2025-10-29T09:11:32.090+0000] {fetch_api_data.py:97} WARNING - Failed to fetch data for Alexandre_Lacazette_22: 404
[2025-10-29T09:11:32.727+0000] {fetch_api_data.py:97} WARNING - Failed to fetch data for Pierre-Emerick_Aubameyang_23: 404
[2025-10-29T09:11:33.314+0000] {fetch_api_data.py:97} WARNING - Failed to fetch data for Lucas_Torreira_450: 404
[2025-10-29T09:11:33.919+0000] {fetch_api_data.py:97} WARNING - Failed to fetch data for Matteo_Guendouzi_451: 404
[2025-10-29T09:11:34.676+0000] {fetch_api_data.py:97} WARNING - Failed to fetch data for Emiliano_Martínez_542: 404
[2025-10-29T09:11:35.493+0000] {fetch_api_data.py:97} WARNING - Failed to fetch data for Emile_Smith-Rowe_545: 404
[2025-10-29T09:11:36.136+0000] {fetch_api_data.py:97} WARNING - Failed to fetch data for Zech_Medley_546: 404
[2025-10-29T09:11:36.730+0000] {fetch_api_data.py:97} WARNING - Failed to fetch data for Edward_Nketiah_552: 404
[2025-10-29T09:11:37.369+0000] {fetch_api_data.py:97} WARNING - Failed to fetch data for Bukayo_Saka_563: 404
[2025-10-29T09:11:37.937+0000] {fetch_api_data.py:97} WARNING - Failed to fetch data for Joseph_Willock_566: 404
[2025-10-29T09:11:38.544+0000] {fetch_api_data.py:97} WARNING - Failed to fetch data for Carl_Jenkinson_581: 404
[2025-10-29T09:11:39.220+0000] {fetch_api_data.py:97} WARNING - Failed to fetch data for Denis_Suárez_586: 404
[2025-10-29T09:11:39.915+0000] {fetch_api_data.py:97} WARNING - Failed to fetch data for Asmir_Begovic_24: 404
[2025-10-29T09:11:40.550+0000] {fetch_api_data.py:97} WARNING - Failed to fetch data for Artur_Boruc_25: 404
[2025-10-29T09:11:41.351+0000] {fetch_api_data.py:97} WARNING - Failed to fetch data for Simon_Francis_26: 404
[2025-10-29T09:11:41.925+0000] {fetch_api_data.py:97} WARNING - Failed to fetch data for Steve_Cook_27: 404
[2025-10-29T09:11:42.547+0000] {fetch_api_data.py:97} WARNING - Failed to fetch data for Charlie_Daniels_28: 404
[2025-10-29T09:11:43.105+0000] {fetch_api_data.py:97} WARNING - Failed to fetch data for Adam_Smith_29: 404
[2025-10-29T09:11:43.764+0000] {fetch_api_data.py:97} WARNING - Failed to fetch data for Tyrone_Mings_30: 404
[2025-10-29T09:11:44.398+0000] {fetch_api_data.py:97} WARNING - Failed to fetch data for Nathan_Aké_31: 404
[2025-10-29T09:11:45.005+0000] {fetch_api_data.py:97} WARNING - Failed to fetch data for Jack_Simpson_32: 404
[2025-10-29T09:11:45.617+0000] {fetch_api_data.py:97} WARNING - Failed to fetch data for Marc_Pugh_34: 404
[2025-10-29T09:11:46.210+0000] {fetch_api_data.py:97} WARNING - Failed to fetch data for Andrew_Surman_35: 404
[2025-10-29T09:11:46.847+0000] {fetch_api_data.py:97} WARNING - Failed to fetch data for Junior_Stanislas_36: 404
[2025-10-29T09:11:47.496+0000] {fetch_api_data.py:97} WARNING - Failed to fetch data for Dan_Gosling_37: 404
[2025-10-29T09:11:48.246+0000] {fetch_api_data.py:97} WARNING - Failed to fetch data for Jordon_Ibe_38: 404
[2025-10-29T09:11:48.879+0000] {fetch_api_data.py:97} WARNING - Failed to fetch data for Lewis_Cook_39: 404
[2025-10-29T09:11:49.527+0000] {fetch_api_data.py:97} WARNING - Failed to fetch data for Ryan_Fraser_40: 404
[2025-10-29T09:11:50.170+0000] {fetch_api_data.py:97} WARNING - Failed to fetch data for Emerson_Hyndman_41: 404
[2025-10-29T09:11:50.891+0000] {fetch_api_data.py:97} WARNING - Failed to fetch data for David_Brooks_42: 404
[2025-10-29T09:11:51.545+0000] {fetch_api_data.py:97} WARNING - Failed to fetch data for Callum_Wilson_43: 404
[2025-10-29T09:11:52.211+0000] {fetch_api_data.py:97} WARNING - Failed to fetch data for Lys_Mousset_44: 404
[2025-10-29T09:11:52.849+0000] {fetch_api_data.py:97} WARNING - Failed to fetch data for Joshua_King_45: 404
[2025-10-29T09:11:53.494+0000] {fetch_api_data.py:97} WARNING - Failed to fetch data for Jermain_Defoe_46: 404
[2025-10-29T09:11:54.091+0000] {fetch_api_data.py:97} WARNING - Failed to fetch data for Nathaniel_Clyne_241: 404
[2025-10-29T09:11:54.689+0000] {fetch_api_data.py:97} WARNING - Failed to fetch data for Dominic_Solanke_259: 404
[2025-10-29T09:11:55.336+0000] {fetch_api_data.py:97} WARNING - Failed to fetch data for Diego_Rico_473: 404
[2025-10-29T09:11:55.934+0000] {fetch_api_data.py:97} WARNING - Failed to fetch data for Jefferson_Lerma_494: 404
[2025-10-29T09:11:56.569+0000] {fetch_api_data.py:97} WARNING - Failed to fetch data for Chris_Mepham_580: 404
[2025-10-29T09:11:57.170+0000] {fetch_api_data.py:97} WARNING - Failed to fetch data for Sam_Surridge_599: 404
[2025-10-29T09:11:57.726+0000] {fetch_api_data.py:97} WARNING - Failed to fetch data for Kyle_Taylor_600: 404
[2025-10-29T09:11:58.337+0000] {fetch_api_data.py:97} WARNING - Failed to fetch data for Nnamdi_Ofoborh_613: 404
[2025-10-29T09:11:59.085+0000] {fetch_api_data.py:97} WARNING - Failed to fetch data for Mark_Travers_616: 404
[2025-10-29T09:11:59.787+0000] {fetch_api_data.py:97} WARNING - Failed to fetch data for Matt_Butcher_620: 404
[2025-10-29T09:12:00.404+0000] {fetch_api_data.py:97} WARNING - Failed to fetch data for Mathew_Ryan_47: 404
[2025-10-29T09:12:01.009+0000] {fetch_api_data.py:97} WARNING - Failed to fetch data for Lewis_Dunk_48: 404
[2025-10-29T09:12:01.682+0000] {fetch_api_data.py:97} WARNING - Failed to fetch data for Shane_Duffy_49: 404
[2025-10-29T09:12:02.421+0000] {fetch_api_data.py:97} WARNING - Failed to fetch data for Bruno_Saltor Grau_50: 404
[2025-10-29T09:12:03.035+0000] {fetch_api_data.py:97} WARNING - Failed to fetch data for Gaëtan_Bong_51: 404
[2025-10-29T09:12:03.736+0000] {fetch_api_data.py:97} WARNING - Failed to fetch data for Markus_Suttner_52: 404
[2025-10-29T09:12:04.379+0000] {fetch_api_data.py:97} WARNING - Failed to fetch data for Ezequiel_Schelotto_53: 404
[2025-10-29T09:12:05.015+0000] {fetch_api_data.py:97} WARNING - Failed to fetch data for Leon_Balogun_54: 404
[2025-10-29T09:12:05.599+0000] {fetch_api_data.py:97} WARNING - Failed to fetch data for Anthony_Knockaert_55: 404
[2025-10-29T09:12:06.225+0000] {fetch_api_data.py:97} WARNING - Failed to fetch data for Dale_Stephens_56: 404
[2025-10-29T09:12:06.859+0000] {fetch_api_data.py:97} WARNING - Failed to fetch data for Beram_Kayal_57: 404
[2025-10-29T09:12:07.455+0000] {fetch_api_data.py:97} WARNING - Failed to fetch data for Solomon_March_58: 404
[2025-10-29T09:12:08.094+0000] {fetch_api_data.py:97} WARNING - Failed to fetch data for Pascal_Groß_59: 404
[2025-10-29T09:12:08.735+0000] {fetch_api_data.py:97} WARNING - Failed to fetch data for Davy_Pröpper_60: 404
[2025-10-29T09:12:09.322+0000] {fetch_api_data.py:97} WARNING - Failed to fetch data for José Heriberto_Izquierdo Mena_61: 404
[2025-10-29T09:12:09.915+0000] {fetch_api_data.py:97} WARNING - Failed to fetch data for Glenn_Murray_62: 404
[2025-10-29T09:12:10.558+0000] {fetch_api_data.py:97} WARNING - Failed to fetch data for Tomer_Hemed_63: 404
[2025-10-29T09:12:11.184+0000] {fetch_api_data.py:97} WARNING - Failed to fetch data for Sam_Baldock_64: 404
[2025-10-29T09:12:11.861+0000] {fetch_api_data.py:97} WARNING - Failed to fetch data for Jürgen_Locadia_65: 404
[2025-10-29T09:12:12.489+0000] {fetch_api_data.py:97} WARNING - Failed to fetch data for Florin_Andone_66: 404
[2025-10-29T09:12:13.104+0000] {fetch_api_data.py:97} WARNING - Failed to fetch data for David_Button_179: 404
[2025-10-29T09:12:13.763+0000] {fetch_api_data.py:97} WARNING - Failed to fetch data for Jason_Steele_439: 404
[2025-10-29T09:12:14.362+0000] {fetch_api_data.py:97} WARNING - Failed to fetch data for Bernardo_Fernandes da Silva Junior_440: 404
[2025-10-29T09:12:14.961+0000] {fetch_api_data.py:97} WARNING - Failed to fetch data for Yves_Bissouma_466: 404
[2025-10-29T09:12:15.591+0000] {fetch_api_data.py:97} WARNING - Failed to fetch data for Alireza_Jahanbakhsh_476: 404
[2025-10-29T09:12:16.149+0000] {fetch_api_data.py:97} WARNING - Failed to fetch data for Martín_Montoya_503: 404
[2025-10-29T09:12:16.709+0000] {fetch_api_data.py:97} WARNING - Failed to fetch data for Viktor_Gyokeres_551: 404
[2025-10-29T09:12:17.314+0000] {fetch_api_data.py:97} WARNING - Failed to fetch data for Ben_White_559: 404
[2025-10-29T09:12:17.890+0000] {fetch_api_data.py:97} WARNING - Failed to fetch data for Max_Sanders_572: 404
[2025-10-29T09:12:18.501+0000] {fetch_api_data.py:97} WARNING - Failed to fetch data for Dan_Burn_582: 404
[2025-10-29T09:12:19.056+0000] {fetch_api_data.py:97} WARNING - Failed to fetch data for Jayson_Molumby_617: 404
[2025-10-29T09:12:19.642+0000] {fetch_api_data.py:97} WARNING - Failed to fetch data for Tom_Heaton_67: 404
[2025-10-29T09:12:20.263+0000] {fetch_api_data.py:97} WARNING - Failed to fetch data for Nick_Pope_68: 404
[2025-10-29T09:12:20.882+0000] {fetch_api_data.py:97} WARNING - Failed to fetch data for Matthew_Lowton_69: 404
[2025-10-29T09:12:21.498+0000] {fetch_api_data.py:97} WARNING - Failed to fetch data for Ben_Mee_70: 404
[2025-10-29T09:12:22.111+0000] {fetch_api_data.py:97} WARNING - Failed to fetch data for Stephen_Ward_71: 404
[2025-10-29T09:12:22.662+0000] {fetch_api_data.py:97} WARNING - Failed to fetch data for James_Tarkowski_72: 404
[2025-10-29T09:12:23.277+0000] {fetch_api_data.py:97} WARNING - Failed to fetch data for Kevin_Long_73: 404
[2025-10-29T09:12:23.869+0000] {fetch_api_data.py:97} WARNING - Failed to fetch data for Charlie_Taylor_74: 404
[2025-10-29T09:12:24.466+0000] {fetch_api_data.py:97} WARNING - Failed to fetch data for Phil_Bardsley_75: 404
[2025-10-29T09:12:25.063+0000] {fetch_api_data.py:97} WARNING - Failed to fetch data for Johann Berg_Gudmundsson_76: 404
[2025-10-29T09:12:25.658+0000] {fetch_api_data.py:97} WARNING - Failed to fetch data for Steven_Defour_77: 404
[2025-10-29T09:12:26.284+0000] {fetch_api_data.py:97} WARNING - Failed to fetch data for Jeff_Hendrick_78: 404
[2025-10-29T09:12:26.940+0000] {fetch_api_data.py:97} WARNING - Failed to fetch data for Robbie_Brady_79: 404
[2025-10-29T09:12:27.529+0000] {fetch_api_data.py:97} WARNING - Failed to fetch data for Ashley_Westwood_80: 404
[2025-10-29T09:12:28.090+0000] {fetch_api_data.py:97} WARNING - Failed to fetch data for Jonathan_Walters_81: 404
[2025-10-29T09:12:28.757+0000] {fetch_api_data.py:97} WARNING - Failed to fetch data for Jack_Cork_82: 404
[2025-10-29T09:12:29.361+0000] {fetch_api_data.py:97} WARNING - Failed to fetch data for Aaron_Lennon_83: 404
[2025-10-29T09:12:30.021+0000] {fetch_api_data.py:97} WARNING - Failed to fetch data for Sam_Vokes_84: 404
[2025-10-29T09:12:30.583+0000] {fetch_api_data.py:97} WARNING - Failed to fetch data for Ashley_Barnes_85: 404
[2025-10-29T09:12:31.177+0000] {fetch_api_data.py:97} WARNING - Failed to fetch data for Nahki_Wells_86: 404
[2025-10-29T09:12:31.757+0000] {fetch_api_data.py:97} WARNING - Failed to fetch data for Chris_Wood_87: 404
[2025-10-29T09:12:32.342+0000] {fetch_api_data.py:97} WARNING - Failed to fetch data for Anders_Lindegaard_485: 404
[2025-10-29T09:12:32.930+0000] {fetch_api_data.py:97} WARNING - Failed to fetch data for Joe_Hart_490: 404
[2025-10-29T09:12:33.597+0000] {fetch_api_data.py:97} WARNING - Failed to fetch data for Ben_Gibson_491: 404
[2025-10-29T09:12:34.173+0000] {fetch_api_data.py:97} WARNING - Failed to fetch data for Matej_Vydra_495: 404
[2025-10-29T09:12:34.795+0000] {fetch_api_data.py:97} WARNING - Failed to fetch data for Dwight_McNeil_534: 404
[2025-10-29T09:12:35.420+0000] {fetch_api_data.py:97} WARNING - Failed to fetch data for Abd-Al-Ali Morakinyo Olaposi_Koiki_564: 404
[2025-10-29T09:12:36.015+0000] {fetch_api_data.py:97} WARNING - Failed to fetch data for Josh_Benson_583: 404
[2025-10-29T09:12:36.702+0000] {fetch_api_data.py:97} WARNING - Failed to fetch data for Peter_Crouch_590: 404
[2025-10-29T09:12:37.277+0000] {fetch_api_data.py:97} WARNING - Failed to fetch data for Anthony_Driscoll-Glennon_615: 404
[2025-10-29T09:12:37.929+0000] {fetch_api_data.py:97} WARNING - Failed to fetch data for Harry_Arter_33: 404
[2025-10-29T09:12:38.621+0000] {fetch_api_data.py:97} WARNING - Failed to fetch data for Neil_Etheridge_88: 404
[2025-10-29T09:12:39.541+0000] {fetch_api_data.py:97} WARNING - Failed to fetch data for Alex_Smithies_89: 404
[2025-10-29T09:12:40.419+0000] {fetch_api_data.py:97} WARNING - Failed to fetch data for Sean_Morrison_90: 404
[2025-10-29T09:12:41.540+0000] {fetch_api_data.py:97} WARNING - Failed to fetch data for Sol_Bamba_91: 404
[2025-10-29T09:12:42.648+0000] {fetch_api_data.py:97} WARNING - Failed to fetch data for Bruno_Ecuele Manga_92: 404
[2025-10-29T09:12:43.338+0000] {fetch_api_data.py:97} WARNING - Failed to fetch data for Matthew_Connolly_93: 404
[2025-10-29T09:12:43.937+0000] {fetch_api_data.py:97} WARNING - Failed to fetch data for Joe_Bennett_94: 404
[2025-10-29T09:12:44.527+0000] {fetch_api_data.py:97} WARNING - Failed to fetch data for Lee_Peltier_95: 404
[2025-10-29T09:12:45.195+0000] {fetch_api_data.py:97} WARNING - Failed to fetch data for Ashley Darel Jazz_Richards_96: 404
[2025-10-29T09:12:45.942+0000] {fetch_api_data.py:97} WARNING - Failed to fetch data for Greg_Halford_97: 404
[2025-10-29T09:12:46.717+0000] {fetch_api_data.py:97} WARNING - Failed to fetch data for Joe_Ralls_98: 404
[2025-10-29T09:12:47.448+0000] {fetch_api_data.py:97} WARNING - Failed to fetch data for David Junior_Hoilett_99: 404
[2025-10-29T09:12:48.060+0000] {fetch_api_data.py:97} WARNING - Failed to fetch data for Nathaniel_Mendez-Laing_100: 404
[2025-10-29T09:12:48.649+0000] {fetch_api_data.py:97} WARNING - Failed to fetch data for Callum_Paterson_101: 404
[2025-10-29T09:12:49.258+0000] {fetch_api_data.py:97} WARNING - Failed to fetch data for Aron_Gunnarsson_102: 404
[2025-10-29T09:12:49.873+0000] {fetch_api_data.py:97} WARNING - Failed to fetch data for Anthony_Pilkington_103: 404
[2025-10-29T09:12:50.544+0000] {fetch_api_data.py:97} WARNING - Failed to fetch data for Loïc_Damour_104: 404
[2025-10-29T09:12:52.102+0000] {fetch_api_data.py:97} WARNING - Failed to fetch data for Danny_Ward_105: 404
[2025-10-29T09:12:52.971+0000] {fetch_api_data.py:97} WARNING - Failed to fetch data for Josh_Murphy_106: 404
[2025-10-29T09:12:53.900+0000] {fetch_api_data.py:97} WARNING - Failed to fetch data for Kenneth_Zohore_107: 404
[2025-10-29T09:12:54.494+0000] {fetch_api_data.py:97} WARNING - Failed to fetch data for Omar_Bogle_108: 404
[2025-10-29T09:12:55.171+0000] {fetch_api_data.py:97} WARNING - Failed to fetch data for Gary_Madine_109: 404
[2025-10-29T09:12:56.303+0000] {fetch_api_data.py:97} WARNING - Failed to fetch data for Bobby_Reid_110: 404
[2025-10-29T09:12:56.933+0000] {fetch_api_data.py:97} WARNING - Failed to fetch data for Oumar_Niasse_176: 404
[2025-10-29T09:12:57.691+0000] {fetch_api_data.py:97} WARNING - Failed to fetch data for Greg_Cunninghamm_467: 404
[2025-10-29T09:12:58.344+0000] {fetch_api_data.py:97} WARNING - Failed to fetch data for Víctor_Camarasa_504: 404
[2025-10-29T09:12:59.371+0000] {fetch_api_data.py:97} WARNING - Failed to fetch data for Kadeem_Harris_535: 404
[2025-10-29T09:13:00.271+0000] {fetch_api_data.py:97} WARNING - Failed to fetch data for Brian_Murphy_537: 404
[2025-10-29T09:13:02.322+0000] {fetch_api_data.py:97} WARNING - Failed to fetch data for Rhys_Healey_573: 404
[2025-10-29T09:13:03.183+0000] {fetch_api_data.py:97} WARNING - Failed to fetch data for Leandro_Bacuna_589: 404
[2025-10-29T09:13:04.524+0000] {fetch_api_data.py:97} WARNING - Failed to fetch data for Thibaut_Courtois_111: 404
[2025-10-29T09:13:06.980+0000] {fetch_api_data.py:97} WARNING - Failed to fetch data for Willy_Caballero_112: 404
[2025-10-29T09:13:07.585+0000] {fetch_api_data.py:97} WARNING - Failed to fetch data for César_Azpilicueta_113: 404
[2025-10-29T09:13:08.295+0000] {fetch_api_data.py:97} WARNING - Failed to fetch data for Gary_Cahill_114: 404
[2025-10-29T09:13:09.114+0000] {fetch_api_data.py:97} WARNING - Failed to fetch data for Marcos_Alonso_115: 404
[2025-10-29T09:13:10.796+0000] {fetch_api_data.py:97} WARNING - Failed to fetch data for David_Luiz Moreira Marinho_116: 404
[2025-10-29T09:13:12.263+0000] {fetch_api_data.py:97} WARNING - Failed to fetch data for Victor_Moses_117: 404
[2025-10-29T09:13:13.196+0000] {fetch_api_data.py:97} WARNING - Failed to fetch data for Antonio_Rüdiger_118: 404
[2025-10-29T09:13:13.989+0000] {fetch_api_data.py:97} WARNING - Failed to fetch data for Andreas_Christensen_119: 404
[2025-10-29T09:13:15.013+0000] {fetch_api_data.py:97} WARNING - Failed to fetch data for Davide_Zappacosta_120: 404
[2025-10-29T09:13:16.069+0000] {fetch_api_data.py:97} WARNING - Failed to fetch data for Emerson_Palmieri dos Santos_121: 404
[2025-10-29T09:13:16.807+0000] {fetch_api_data.py:97} WARNING - Failed to fetch data for Eden_Hazard_122: 404
[2025-10-29T09:13:17.517+0000] {fetch_api_data.py:97} WARNING - Failed to fetch data for Cesc_Fàbregas_123: 404
[2025-10-29T09:13:18.153+0000] {fetch_api_data.py:97} WARNING - Failed to fetch data for Willian_Borges Da Silva_124: 404
[2025-10-29T09:13:18.852+0000] {fetch_api_data.py:97} WARNING - Failed to fetch data for Pedro_Rodríguez Ledesma_125: 404
[2025-10-29T09:13:19.519+0000] {fetch_api_data.py:97} WARNING - Failed to fetch data for N'Golo_Kanté_126: 404
[2025-10-29T09:13:20.133+0000] {fetch_api_data.py:97} WARNING - Failed to fetch data for Ross_Barkley_127: 404
[2025-10-29T09:13:20.781+0000] {fetch_api_data.py:97} WARNING - Failed to fetch data for Daniel_Drinkwater_128: 404
[2025-10-29T09:13:21.381+0000] {fetch_api_data.py:97} WARNING - Failed to fetch data for Tiemoué_Bakayoko_129: 404
[2025-10-29T09:13:21.970+0000] {fetch_api_data.py:97} WARNING - Failed to fetch data for Ethan_Ampadu_130: 404
[2025-10-29T09:13:22.570+0000] {fetch_api_data.py:97} WARNING - Failed to fetch data for Callum_Hudson-Odoi_131: 404
[2025-10-29T09:13:23.175+0000] {fetch_api_data.py:97} WARNING - Failed to fetch data for Ruben_Loftus-Cheek_132: 404
[2025-10-29T09:13:23.766+0000] {fetch_api_data.py:97} WARNING - Failed to fetch data for Olivier_Giroud_133: 404
[2025-10-29T09:13:24.364+0000] {fetch_api_data.py:97} WARNING - Failed to fetch data for Álvaro_Morata_134: 404
[2025-10-29T09:13:24.951+0000] {fetch_api_data.py:97} WARNING - Failed to fetch data for Jorge Luiz_Frello Filho_459: 404
[2025-10-29T09:13:25.535+0000] {fetch_api_data.py:97} WARNING - Failed to fetch data for Tammy_Abraham_496: 404
[2025-10-29T09:13:26.098+0000] {fetch_api_data.py:97} WARNING - Failed to fetch data for Kepa_Arrizabalaga_498: 404
[2025-10-29T09:13:26.666+0000] {fetch_api_data.py:97} WARNING - Failed to fetch data for Mateo_Kovacic_499: 404
[2025-10-29T09:13:27.299+0000] {fetch_api_data.py:97} WARNING - Failed to fetch data for Gonzalo_Higuaín_579: 404
[2025-10-29T09:13:27.913+0000] {fetch_api_data.py:97} WARNING - Failed to fetch data for Addji Keaninkin Marc-Israel_Guehi_624: 404
[2025-10-29T09:13:28.491+0000] {fetch_api_data.py:97} WARNING - Failed to fetch data for Wayne_Hennessey_135: 404
[2025-10-29T09:13:29.083+0000] {fetch_api_data.py:97} WARNING - Failed to fetch data for Julian_Speroni_136: 404
[2025-10-29T09:13:29.707+0000] {fetch_api_data.py:97} WARNING - Failed to fetch data for Vicente_Guaita_137: 404
[2025-10-29T09:13:30.373+0000] {fetch_api_data.py:97} WARNING - Failed to fetch data for James_Tomkins_138: 404
[2025-10-29T09:13:30.958+0000] {fetch_api_data.py:97} WARNING - Failed to fetch data for Scott_Dann_139: 404
[2025-10-29T09:13:31.535+0000] {fetch_api_data.py:97} WARNING - Failed to fetch data for Martin_Kelly_140: 404
[2025-10-29T09:13:32.092+0000] {fetch_api_data.py:97} WARNING - Failed to fetch data for Jeffrey_Schlupp_141: 404
[2025-10-29T09:13:32.739+0000] {fetch_api_data.py:97} WARNING - Failed to fetch data for Patrick_van Aanholt_142: 404
[2025-10-29T09:13:33.364+0000] {fetch_api_data.py:97} WARNING - Failed to fetch data for Mamadou_Sakho_143: 404
[2025-10-29T09:13:33.932+0000] {fetch_api_data.py:97} WARNING - Failed to fetch data for Jairo_Riedewald_144: 404
[2025-10-29T09:13:34.512+0000] {fetch_api_data.py:97} WARNING - Failed to fetch data for Aaron_Wan-Bissaka_145: 404
[2025-10-29T09:13:35.135+0000] {fetch_api_data.py:97} WARNING - Failed to fetch data for James_McArthur_147: 404
[2025-10-29T09:13:35.707+0000] {fetch_api_data.py:97} WARNING - Failed to fetch data for Bakary_Sako_148: 404
[2025-10-29T09:13:36.288+0000] {fetch_api_data.py:97} WARNING - Failed to fetch data for Andros_Townsend_149: 404
[2025-10-29T09:13:36.904+0000] {fetch_api_data.py:97} WARNING - Failed to fetch data for Luka_Milivojevic_150: 404
[2025-10-29T09:13:37.563+0000] {fetch_api_data.py:97} WARNING - Failed to fetch data for Wilfried_Zaha_151: 404
[2025-10-29T09:13:38.167+0000] {fetch_api_data.py:97} WARNING - Failed to fetch data for Christian_Benteke_152: 404
[2025-10-29T09:13:38.822+0000] {fetch_api_data.py:97} WARNING - Failed to fetch data for Alexander_Sørloth_153: 404
[2025-10-29T09:13:39.413+0000] {fetch_api_data.py:97} WARNING - Failed to fetch data for Cheikhou_Kouyaté_412: 404
[2025-10-29T09:13:40.037+0000] {fetch_api_data.py:97} WARNING - Failed to fetch data for Joel_Ward_441: 404
[2025-10-29T09:13:40.717+0000] {fetch_api_data.py:97} WARNING - Failed to fetch data for Jaroslaw_Jach_442: 404
[2025-10-29T09:13:41.350+0000] {fetch_api_data.py:97} WARNING - Failed to fetch data for Pape_Souaré_443: 404
[2025-10-29T09:13:42.100+0000] {fetch_api_data.py:97} WARNING - Failed to fetch data for Connor_Wickham_444: 404
[2025-10-29T09:13:42.985+0000] {fetch_api_data.py:97} WARNING - Failed to fetch data for Sullay_Kaikai_477: 404
[2025-10-29T09:13:45.243+0000] {fetch_api_data.py:97} WARNING - Failed to fetch data for Max_Meyer_486: 404
[2025-10-29T09:13:49.012+0000] {fetch_api_data.py:97} WARNING - Failed to fetch data for Jordan_Ayew_505: 404
[2025-10-29T09:13:52.554+0000] {fetch_api_data.py:97} WARNING - Failed to fetch data for Joe_Tupper_576: 404
[2025-10-29T09:13:54.548+0000] {fetch_api_data.py:97} WARNING - Failed to fetch data for Lucas_Perri_584: 404
[2025-10-29T09:13:57.297+0000] {fetch_api_data.py:97} WARNING - Failed to fetch data for Michy_Batshuayi_592: 404
[2025-10-29T09:14:01.775+0000] {fetch_api_data.py:97} WARNING - Failed to fetch data for Sam_Woods_609: 404
[2025-10-29T09:14:04.374+0000] {fetch_api_data.py:97} WARNING - Failed to fetch data for Luke_Dreher_618: 404
[2025-10-29T09:14:10.853+0000] {fetch_api_data.py:97} WARNING - Failed to fetch data for Nikola_Tavares_619: 404
[2025-10-29T09:14:13.462+0000] {fetch_api_data.py:97} WARNING - Failed to fetch data for Jordan_Pickford_154: 404
[2025-10-29T09:14:16.393+0000] {fetch_api_data.py:97} WARNING - Failed to fetch data for Maarten_Stekelenburg_155: 404
[2025-10-29T09:14:19.965+0000] {fetch_api_data.py:97} WARNING - Failed to fetch data for Leighton_Baines_156: 404
[2025-10-29T09:14:21.223+0000] {fetch_api_data.py:97} WARNING - Failed to fetch data for Seamus_Coleman_157: 404
[2025-10-29T09:14:22.986+0000] {fetch_api_data.py:97} WARNING - Failed to fetch data for Phil_Jagielka_158: 404
[2025-10-29T09:14:33.080+0000] {fetch_api_data.py:97} WARNING - Failed to fetch data for Ashley_Williams_159: 404
[2025-10-29T09:14:36.150+0000] {fetch_api_data.py:97} WARNING - Failed to fetch data for Mason_Holgate_160: 404
[2025-10-29T09:14:37.126+0000] {fetch_api_data.py:97} WARNING - Failed to fetch data for Jonjoe_Kenny_161: 404
[2025-10-29T09:14:38.411+0000] {fetch_api_data.py:97} WARNING - Failed to fetch data for Michael_Keane_162: 404
[2025-10-29T09:14:39.382+0000] {fetch_api_data.py:97} WARNING - Failed to fetch data for Cuco_Martina_163: 404
[2025-10-29T09:14:40.128+0000] {fetch_api_data.py:97} WARNING - Failed to fetch data for Theo_Walcott_164: 404
[2025-10-29T09:14:40.735+0000] {fetch_api_data.py:97} WARNING - Failed to fetch data for Yannick_Bolasie_165: 404
[2025-10-29T09:14:41.376+0000] {fetch_api_data.py:97} WARNING - Failed to fetch data for James_McCarthy_166: 404
[2025-10-29T09:14:41.977+0000] {fetch_api_data.py:97} WARNING - Failed to fetch data for Morgan_Schneiderlin_167: 404
[2025-10-29T09:14:42.550+0000] {fetch_api_data.py:97} WARNING - Failed to fetch data for Idrissa_Gueye_168: 404
[2025-10-29T09:14:43.118+0000] {fetch_api_data.py:97} WARNING - Failed to fetch data for Tom_Davies_169: 404
[2025-10-29T09:14:43.722+0000] {fetch_api_data.py:97} WARNING - Failed to fetch data for Ademola_Lookman_170: 404
[2025-10-29T09:14:44.314+0000] {fetch_api_data.py:97} WARNING - Failed to fetch data for Davy_Klaassen_171: 404
[2025-10-29T09:14:44.996+0000] {fetch_api_data.py:97} WARNING - Failed to fetch data for Gylfi_Sigurdsson_172: 404
[2025-10-29T09:14:45.654+0000] {fetch_api_data.py:97} WARNING - Failed to fetch data for Nikola_Vlasic_173: 404
[2025-10-29T09:14:46.365+0000] {fetch_api_data.py:97} WARNING - Failed to fetch data for Beni_Baningime_174: 404
[2025-10-29T09:14:47.039+0000] {fetch_api_data.py:97} WARNING - Failed to fetch data for Dominic_Calvert-Lewin_175: 404
[2025-10-29T09:14:47.705+0000] {fetch_api_data.py:97} WARNING - Failed to fetch data for Cenk_Tosun_177: 404
[2025-10-29T09:14:48.377+0000] {fetch_api_data.py:97} WARNING - Failed to fetch data for Richarlison_de Andrade_393: 404
[2025-10-29T09:14:49.006+0000] {fetch_api_data.py:97} WARNING - Failed to fetch data for Kevin_Mirallas_469: 404
[2025-10-29T09:14:49.715+0000] {fetch_api_data.py:97} WARNING - Failed to fetch data for Sandro_Ramírez_470: 404
[2025-10-29T09:14:50.465+0000] {fetch_api_data.py:97} WARNING - Failed to fetch data for Lucas_Digne_484: 404
[2025-10-29T09:14:51.152+0000] {fetch_api_data.py:97} WARNING - Failed to fetch data for Yerry_Mina_506: 404
[2025-10-29T09:14:51.933+0000] {fetch_api_data.py:97} WARNING - Failed to fetch data for Bernard_Anício Caldeira Duarte_507: 404
[2025-10-29T09:14:52.657+0000] {fetch_api_data.py:97} WARNING - Failed to fetch data for André Filipe_Tavares Gomes_508: 404
[2025-10-29T09:14:53.374+0000] {fetch_api_data.py:97} WARNING - Failed to fetch data for Kurt_Zouma_526: 404
[2025-10-29T09:14:54.061+0000] {fetch_api_data.py:97} WARNING - Failed to fetch data for Kieran_Dowell_528: 404
[2025-10-29T09:14:54.699+0000] {fetch_api_data.py:97} WARNING - Failed to fetch data for Tyias_Browning_532: 404
[2025-10-29T09:14:55.394+0000] {fetch_api_data.py:97} WARNING - Failed to fetch data for Calum_Chambers_9: 404
[2025-10-29T09:14:56.109+0000] {fetch_api_data.py:97} WARNING - Failed to fetch data for Marcus_Bettinelli_178: 404
[2025-10-29T09:14:56.821+0000] {fetch_api_data.py:97} WARNING - Failed to fetch data for Tim_Ream_180: 404
[2025-10-29T09:14:57.568+0000] {fetch_api_data.py:97} WARNING - Failed to fetch data for Denis_Odoi_181: 404
[2025-10-29T09:14:58.269+0000] {fetch_api_data.py:97} WARNING - Failed to fetch data for Tom_Cairney_182: 404
[2025-10-29T09:14:59.033+0000] {fetch_api_data.py:97} WARNING - Failed to fetch data for Kevin_McDonald_183: 404
[2025-10-29T09:14:59.734+0000] {fetch_api_data.py:97} WARNING - Failed to fetch data for Ryan_Sessegnon_184: 404
[2025-10-29T09:15:00.427+0000] {fetch_api_data.py:97} WARNING - Failed to fetch data for Stefan_Johansen_185: 404
[2025-10-29T09:15:01.219+0000] {fetch_api_data.py:97} WARNING - Failed to fetch data for Floyd_Ayité_186: 404
[2025-10-29T09:15:02.012+0000] {fetch_api_data.py:97} WARNING - Failed to fetch data for Neeskens_Kebano_187: 404
[2025-10-29T09:15:02.736+0000] {fetch_api_data.py:97} WARNING - Failed to fetch data for Rui Pedro_da Rocha Fonte_188: 404
[2025-10-29T09:15:03.417+0000] {fetch_api_data.py:97} WARNING - Failed to fetch data for Aboubakar_Kamara_189: 404
[2025-10-29T09:15:04.570+0000] {fetch_api_data.py:97} WARNING - Failed to fetch data for Maxime_Le Marchand_455: 404
[2025-10-29T09:15:05.382+0000] {fetch_api_data.py:97} WARNING - Failed to fetch data for Jean Michael_Seri_456: 404
[2025-10-29T09:15:06.383+0000] {fetch_api_data.py:97} WARNING - Failed to fetch data for Cyrus_Christie_460: 404
[2025-10-29T09:15:07.062+0000] {fetch_api_data.py:97} WARNING - Failed to fetch data for Fabricio_Agosto Ramírez_474: 404
[2025-10-29T09:15:07.848+0000] {fetch_api_data.py:97} WARNING - Failed to fetch data for André_Schürrle_478: 404
[2025-10-29T09:15:08.488+0000] {fetch_api_data.py:97} WARNING - Failed to fetch data for Aleksandar_Mitrovic_480: 404
[2025-10-29T09:15:09.297+0000] {fetch_api_data.py:97} WARNING - Failed to fetch data for Alfie_Mawson_487: 404
[2025-10-29T09:15:10.334+0000] {fetch_api_data.py:97} WARNING - Failed to fetch data for Sergio_Rico_509: 404
[2025-10-29T09:15:11.161+0000] {fetch_api_data.py:97} WARNING - Failed to fetch data for Joe_Bryan_510: 404
[2025-10-29T09:15:12.118+0000] {fetch_api_data.py:97} WARNING - Failed to fetch data for Timothy_Fosu-Mensah_511: 404
[2025-10-29T09:15:14.282+0000] {fetch_api_data.py:97} WARNING - Failed to fetch data for André-Frank_Zambo Anguissa_512: 404
[2025-10-29T09:15:14.988+0000] {fetch_api_data.py:97} WARNING - Failed to fetch data for Luciano_Vietto_513: 404
[2025-10-29T09:15:15.739+0000] {fetch_api_data.py:97} WARNING - Failed to fetch data for Ibrahima_Cissé_521: 404
[2025-10-29T09:15:16.471+0000] {fetch_api_data.py:97} WARNING - Failed to fetch data for Zeze Steven_Sessegnon_541: 404
[2025-10-29T09:15:17.292+0000] {fetch_api_data.py:97} WARNING - Failed to fetch data for Ryan_Babel_575: 404
[2025-10-29T09:15:18.615+0000] {fetch_api_data.py:97} WARNING - Failed to fetch data for Håvard_Nordtveit_593: 404
[2025-10-29T09:15:19.288+0000] {fetch_api_data.py:97} WARNING - Failed to fetch data for Lazar_Markovic_594: 404
[2025-10-29T09:15:19.928+0000] {fetch_api_data.py:97} WARNING - Failed to fetch data for Harvey_Elliott_610: 404
[2025-10-29T09:15:20.570+0000] {fetch_api_data.py:97} WARNING - Failed to fetch data for Luca_De La Torre_621: 404
[2025-10-29T09:15:21.192+0000] {fetch_api_data.py:97} WARNING - Failed to fetch data for Jason_Puncheon_146: 404
[2025-10-29T09:15:21.772+0000] {fetch_api_data.py:97} WARNING - Failed to fetch data for Ben_Hamer_190: 404
[2025-10-29T09:15:22.382+0000] {fetch_api_data.py:97} WARNING - Failed to fetch data for Jonas_Lössl_191: 404
[2025-10-29T09:15:22.969+0000] {fetch_api_data.py:97} WARNING - Failed to fetch data for Christopher_Schindler_192: 404
[2025-10-29T09:15:23.627+0000] {fetch_api_data.py:97} WARNING - Failed to fetch data for Chris_Löwe_193: 404
[2025-10-29T09:15:24.725+0000] {fetch_api_data.py:97} WARNING - Failed to fetch data for Tommy_Smith_194: 404
[2025-10-29T09:15:25.332+0000] {fetch_api_data.py:97} WARNING - Failed to fetch data for Mathias_Jorgensen_195: 404
[2025-10-29T09:15:25.922+0000] {fetch_api_data.py:97} WARNING - Failed to fetch data for Scott_Malone_196: 404
[2025-10-29T09:15:26.547+0000] {fetch_api_data.py:97} WARNING - Failed to fetch data for Florent_Hadergjonaj_197: 404
[2025-10-29T09:15:27.257+0000] {fetch_api_data.py:97} WARNING - Failed to fetch data for Terence_Kongolo_198: 404
[2025-10-29T09:15:27.833+0000] {fetch_api_data.py:97} WARNING - Failed to fetch data for Aaron_Mooy_199: 404
[2025-10-29T09:15:28.447+0000] {fetch_api_data.py:97} WARNING - Failed to fetch data for Rajiv_van La Parra_200: 404
[2025-10-29T09:15:29.751+0000] {fetch_api_data.py:97} WARNING - Failed to fetch data for Jonathan_Hogg_201: 404
[2025-10-29T09:15:30.447+0000] {fetch_api_data.py:97} WARNING - Failed to fetch data for Philip_Billing_202: 404
[2025-10-29T09:15:31.585+0000] {fetch_api_data.py:97} WARNING - Failed to fetch data for Tom_Ince_203: 404
[2025-10-29T09:15:32.210+0000] {fetch_api_data.py:97} WARNING - Failed to fetch data for Danny_Williams_204: 404
[2025-10-29T09:15:32.946+0000] {fetch_api_data.py:97} WARNING - Failed to fetch data for Abdelhamid_Sabiri_205: 404
[2025-10-29T09:15:33.546+0000] {fetch_api_data.py:97} WARNING - Failed to fetch data for Alex_Pritchard_206: 404
[2025-10-29T09:15:34.109+0000] {fetch_api_data.py:97} WARNING - Failed to fetch data for Ramadan_Sobhi_207: 404
[2025-10-29T09:15:34.660+0000] {fetch_api_data.py:97} WARNING - Failed to fetch data for Juninho_Bacuna_208: 404
[2025-10-29T09:15:35.284+0000] {fetch_api_data.py:97} WARNING - Failed to fetch data for Collin_Quaner_209: 404
[2025-10-29T09:15:35.859+0000] {fetch_api_data.py:97} WARNING - Failed to fetch data for Laurent_Depoitre_210: 404
[2025-10-29T09:15:36.690+0000] {fetch_api_data.py:97} WARNING - Failed to fetch data for Steve_Mounie_211: 404
[2025-10-29T09:15:37.291+0000] {fetch_api_data.py:97} WARNING - Failed to fetch data for Elias_Kachunga_212: 404
[2025-10-29T09:15:37.970+0000] {fetch_api_data.py:97} WARNING - Failed to fetch data for Erik_Durm_461: 404
[2025-10-29T09:15:38.542+0000] {fetch_api_data.py:97} WARNING - Failed to fetch data for Adama_Diakhaby_471: 404
[2025-10-29T09:15:39.140+0000] {fetch_api_data.py:97} WARNING - Failed to fetch data for Isaac_Mbenza_514: 404
[2025-10-29T09:15:39.728+0000] {fetch_api_data.py:97} WARNING - Failed to fetch data for Jon Gorenc_Stankovic_522: 404
[2025-10-29T09:15:40.473+0000] {fetch_api_data.py:97} WARNING - Failed to fetch data for Ryan_Schofield_533: 404
[2025-10-29T09:15:41.163+0000] {fetch_api_data.py:97} WARNING - Failed to fetch data for Karlan_Grant_585: 404
[2025-10-29T09:15:41.806+0000] {fetch_api_data.py:97} WARNING - Failed to fetch data for Joel_Coleman_598: 404
[2025-10-29T09:15:42.674+0000] {fetch_api_data.py:97} WARNING - Failed to fetch data for Demeaco_Duhaney_601: 404
[2025-10-29T09:15:43.266+0000] {fetch_api_data.py:97} WARNING - Failed to fetch data for Matthew_Daly_606: 404
[2025-10-29T09:15:44.011+0000] {fetch_api_data.py:97} WARNING - Failed to fetch data for Aaron_Rowe_607: 404
[2025-10-29T09:15:44.692+0000] {fetch_api_data.py:97} WARNING - Failed to fetch data for Kasper_Schmeichel_213: 404
[2025-10-29T09:15:45.358+0000] {fetch_api_data.py:97} WARNING - Failed to fetch data for Eldin_Jakupovic_214: 404
[2025-10-29T09:15:45.970+0000] {fetch_api_data.py:97} WARNING - Failed to fetch data for Wes_Morgan_215: 404
[2025-10-29T09:15:46.566+0000] {fetch_api_data.py:97} WARNING - Failed to fetch data for Christian_Fuchs_216: 404
[2025-10-29T09:15:47.186+0000] {fetch_api_data.py:97} WARNING - Failed to fetch data for Danny_Simpson_217: 404
[2025-10-29T09:15:47.789+0000] {fetch_api_data.py:97} WARNING - Failed to fetch data for Yohan_Benalouane_218: 404
[2025-10-29T09:15:48.380+0000] {fetch_api_data.py:97} WARNING - Failed to fetch data for Benjamin_Chilwell_219: 404
[2025-10-29T09:15:49.013+0000] {fetch_api_data.py:97} WARNING - Failed to fetch data for Harry_Maguire_220: 404
[2025-10-29T09:15:49.653+0000] {fetch_api_data.py:97} WARNING - Failed to fetch data for Ricardo Domingos_Barbosa Pereira_221: 404
[2025-10-29T09:15:50.487+0000] {fetch_api_data.py:97} WARNING - Failed to fetch data for Jonny_Evans_222: 404
[2025-10-29T09:15:51.284+0000] {fetch_api_data.py:97} WARNING - Failed to fetch data for Marc_Albrighton_224: 404
[2025-10-29T09:15:51.863+0000] {fetch_api_data.py:97} WARNING - Failed to fetch data for Demarai_Gray_225: 404
[2025-10-29T09:15:52.510+0000] {fetch_api_data.py:97} WARNING - Failed to fetch data for Daniel_Amartey_226: 404
[2025-10-29T09:15:53.163+0000] {fetch_api_data.py:97} WARNING - Failed to fetch data for Wilfred_Ndidi_227: 404
[2025-10-29T09:15:53.790+0000] {fetch_api_data.py:97} WARNING - Failed to fetch data for Vicente_Iborra_228: 404
[2025-10-29T09:15:54.584+0000] {fetch_api_data.py:97} WARNING - Failed to fetch data for Matty_James_229: 404
[2025-10-29T09:15:55.281+0000] {fetch_api_data.py:97} WARNING - Failed to fetch data for Hamza_Choudhury_230: 404
[2025-10-29T09:15:58.513+0000] {fetch_api_data.py:97} WARNING - Failed to fetch data for Adrien Sebastian_Perruchet Silva_231: 404
[2025-10-29T09:16:05.524+0000] {fetch_api_data.py:97} WARNING - Failed to fetch data for Fousseni_Diabaté_232: 404
[2025-10-29T09:16:12.350+0000] {fetch_api_data.py:97} WARNING - Failed to fetch data for James_Maddison_233: 404
[2025-10-29T09:16:13.227+0000] {fetch_api_data.py:97} WARNING - Failed to fetch data for Jamie_Vardy_234: 404
[2025-10-29T09:16:13.979+0000] {fetch_api_data.py:97} WARNING - Failed to fetch data for Shinji_Okazaki_235: 404
[2025-10-29T09:16:14.704+0000] {fetch_api_data.py:97} WARNING - Failed to fetch data for Kelechi_Iheanacho_236: 404
[2025-10-29T09:16:15.394+0000] {fetch_api_data.py:97} WARNING - Failed to fetch data for Danny_Ward_457: 404
[2025-10-29T09:16:15.965+0000] {fetch_api_data.py:97} WARNING - Failed to fetch data for Rachid_Ghezzal_492: 404
[2025-10-29T09:16:16.638+0000] {fetch_api_data.py:97} WARNING - Failed to fetch data for Filip_Benkovic_501: 404
[2025-10-29T09:16:17.262+0000] {fetch_api_data.py:97} WARNING - Failed to fetch data for Çaglar_Söyüncü_515: 404
[2025-10-29T09:16:17.868+0000] {fetch_api_data.py:97} WARNING - Failed to fetch data for Nampalys_Mendy_527: 404
[2025-10-29T09:16:18.469+0000] {fetch_api_data.py:97} WARNING - Failed to fetch data for Josh_Knight_558: 404
[2025-10-29T09:16:19.074+0000] {fetch_api_data.py:97} WARNING - Failed to fetch data for Harvey_Barnes_571: 404
[2025-10-29T09:16:19.676+0000] {fetch_api_data.py:97} WARNING - Failed to fetch data for Youri_Tielemans_591: 404
[2025-10-29T09:16:20.403+0000] {fetch_api_data.py:97} WARNING - Failed to fetch data for Simon_Mignolet_237: 404
[2025-10-29T09:16:21.033+0000] {fetch_api_data.py:97} WARNING - Failed to fetch data for Loris_Karius_238: 404
[2025-10-29T09:16:22.667+0000] {fetch_api_data.py:97} WARNING - Failed to fetch data for Dejan_Lovren_239: 404
[2025-10-29T09:16:28.901+0000] {fetch_api_data.py:97} WARNING - Failed to fetch data for Alberto_Moreno_240: 404
[2025-10-29T09:16:34.419+0000] {fetch_api_data.py:97} WARNING - Failed to fetch data for Joseph_Gomez_242: 404
[2025-10-29T09:16:35.470+0000] {fetch_api_data.py:97} WARNING - Failed to fetch data for Joel_Matip_243: 404
[2025-10-29T09:16:36.395+0000] {fetch_api_data.py:97} WARNING - Failed to fetch data for Ragnar_Klavan_244: 404
[2025-10-29T09:16:37.312+0000] {fetch_api_data.py:97} WARNING - Failed to fetch data for Trent_Alexander-Arnold_245: 404
[2025-10-29T09:16:38.059+0000] {fetch_api_data.py:97} WARNING - Failed to fetch data for Virgil_van Dijk_246: 404
[2025-10-29T09:16:38.724+0000] {fetch_api_data.py:97} WARNING - Failed to fetch data for Andrew_Robertson_247: 404
[2025-10-29T09:16:39.338+0000] {fetch_api_data.py:97} WARNING - Failed to fetch data for Alex_Oxlade-Chamberlain_248: 404
[2025-10-29T09:16:39.968+0000] {fetch_api_data.py:97} WARNING - Failed to fetch data for Jordan_Henderson_249: 404
[2025-10-29T09:16:40.787+0000] {fetch_api_data.py:97} WARNING - Failed to fetch data for Adam_Lallana_250: 404
[2025-10-29T09:16:41.386+0000] {fetch_api_data.py:97} WARNING - Failed to fetch data for Sadio_Mané_251: 404
[2025-10-29T09:16:42.512+0000] {fetch_api_data.py:97} WARNING - Failed to fetch data for Georginio_Wijnaldum_252: 404
[2025-10-29T09:16:43.401+0000] {fetch_api_data.py:97} WARNING - Failed to fetch data for Mohamed_Salah_253: 404
[2025-10-29T09:16:44.160+0000] {fetch_api_data.py:97} WARNING - Failed to fetch data for James_Milner_254: 404
[2025-10-29T09:16:44.817+0000] {fetch_api_data.py:97} WARNING - Failed to fetch data for Fabio Henrique_Tavares_255: 404
[2025-10-29T09:16:45.787+0000] {fetch_api_data.py:97} WARNING - Failed to fetch data for Naby_Keita_256: 404
[2025-10-29T09:16:46.649+0000] {fetch_api_data.py:97} WARNING - Failed to fetch data for Roberto_Firmino_257: 404
[2025-10-29T09:16:47.302+0000] {fetch_api_data.py:97} WARNING - Failed to fetch data for Xherdan_Shaqiri_462: 404
[2025-10-29T09:16:48.270+0000] {fetch_api_data.py:97} WARNING - Failed to fetch data for Alisson_Ramses Becker_468: 404
[2025-10-29T09:16:48.971+0000] {fetch_api_data.py:97} WARNING - Failed to fetch data for Daniel_Sturridge_472: 404
[2025-10-29T09:16:49.587+0000] {fetch_api_data.py:97} WARNING - Failed to fetch data for Divock_Origi_543: 404
[2025-10-29T09:16:50.256+0000] {fetch_api_data.py:97} WARNING - Failed to fetch data for Rafael_Camacho_557: 404
[2025-10-29T09:16:51.063+0000] {fetch_api_data.py:97} WARNING - Failed to fetch data for Curtis_Jones_597: 404
[2025-10-29T09:16:51.698+0000] {fetch_api_data.py:97} WARNING - Failed to fetch data for Riyad_Mahrez_223: 404
[2025-10-29T09:16:52.447+0000] {fetch_api_data.py:97} WARNING - Failed to fetch data for Ederson_Santana de Moraes_260: 404
[2025-10-29T09:16:53.220+0000] {fetch_api_data.py:97} WARNING - Failed to fetch data for Claudio_Bravo_261: 404
[2025-10-29T09:16:53.780+0000] {fetch_api_data.py:97} WARNING - Failed to fetch data for John_Stones_262: 404
[2025-10-29T09:16:54.440+0000] {fetch_api_data.py:97} WARNING - Failed to fetch data for Vincent_Kompany_263: 404
[2025-10-29T09:16:55.019+0000] {fetch_api_data.py:97} WARNING - Failed to fetch data for Nicolás_Otamendi_264: 404
[2025-10-29T09:16:55.590+0000] {fetch_api_data.py:97} WARNING - Failed to fetch data for Kyle_Walker_265: 404
[2025-10-29T09:16:56.213+0000] {fetch_api_data.py:97} WARNING - Failed to fetch data for Danilo Luiz_da Silva_266: 404
[2025-10-29T09:16:56.791+0000] {fetch_api_data.py:97} WARNING - Failed to fetch data for Benjamin_Mendy_267: 404
[2025-10-29T09:16:57.461+0000] {fetch_api_data.py:97} WARNING - Failed to fetch data for Aymeric_Laporte_268: 404
[2025-10-29T09:16:58.104+0000] {fetch_api_data.py:97} WARNING - Failed to fetch data for Fabian_Delph_269: 404
[2025-10-29T09:16:58.712+0000] {fetch_api_data.py:97} WARNING - Failed to fetch data for Raheem_Sterling_270: 404
[2025-10-29T09:16:59.316+0000] {fetch_api_data.py:97} WARNING - Failed to fetch data for David_Silva_271: 404
[2025-10-29T09:16:59.927+0000] {fetch_api_data.py:97} WARNING - Failed to fetch data for Fernando_Luiz Rosa_272: 404
[2025-10-29T09:17:00.570+0000] {fetch_api_data.py:97} WARNING - Failed to fetch data for Kevin_De Bruyne_273: 404
[2025-10-29T09:17:01.161+0000] {fetch_api_data.py:97} WARNING - Failed to fetch data for Ilkay_Gündogan_274: 404
[2025-10-29T09:17:01.727+0000] {fetch_api_data.py:97} WARNING - Failed to fetch data for Leroy_Sané_275: 404
[2025-10-29T09:17:02.363+0000] {fetch_api_data.py:97} WARNING - Failed to fetch data for Bernardo Mota_Veiga de Carvalho e Silva_276: 404
[2025-10-29T09:17:02.965+0000] {fetch_api_data.py:97} WARNING - Failed to fetch data for Phil_Foden_277: 404
[2025-10-29T09:17:03.560+0000] {fetch_api_data.py:97} WARNING - Failed to fetch data for Brahim_Diaz_278: 404
[2025-10-29T09:17:04.202+0000] {fetch_api_data.py:97} WARNING - Failed to fetch data for Oleksandr_Zinchenko_279: 404
[2025-10-29T09:17:05.046+0000] {fetch_api_data.py:97} WARNING - Failed to fetch data for Sergio_Agüero_280: 404
[2025-10-29T09:17:05.797+0000] {fetch_api_data.py:97} WARNING - Failed to fetch data for Gabriel Fernando_de Jesus_281: 404
[2025-10-29T09:17:06.433+0000] {fetch_api_data.py:97} WARNING - Failed to fetch data for Arijanet_Muric_529: 404
[2025-10-29T09:17:06.991+0000] {fetch_api_data.py:97} WARNING - Failed to fetch data for Philippe_Sandler_604: 404
[2025-10-29T09:17:07.774+0000] {fetch_api_data.py:97} WARNING - Failed to fetch data for David_de Gea_282: 404
[2025-10-29T09:17:08.518+0000] {fetch_api_data.py:97} WARNING - Failed to fetch data for Sergio_Romero_283: 404
[2025-10-29T09:17:09.182+0000] {fetch_api_data.py:97} WARNING - Failed to fetch data for Chris_Smalling_284: 404
[2025-10-29T09:17:09.827+0000] {fetch_api_data.py:97} WARNING - Failed to fetch data for Phil_Jones_285: 404
[2025-10-29T09:17:10.537+0000] {fetch_api_data.py:97} WARNING - Failed to fetch data for Luke_Shaw_286: 404
[2025-10-29T09:17:11.511+0000] {fetch_api_data.py:97} WARNING - Failed to fetch data for Marcos_Rojo_287: 404
[2025-10-29T09:17:12.565+0000] {fetch_api_data.py:97} WARNING - Failed to fetch data for Antonio_Valencia_288: 404
[2025-10-29T09:17:13.583+0000] {fetch_api_data.py:97} WARNING - Failed to fetch data for Matteo_Darmian_289: 404
[2025-10-29T09:17:14.499+0000] {fetch_api_data.py:97} WARNING - Failed to fetch data for Daley_Blind_290: 404
[2025-10-29T09:17:15.488+0000] {fetch_api_data.py:97} WARNING - Failed to fetch data for Eric_Bailly_291: 404
[2025-10-29T09:17:16.118+0000] {fetch_api_data.py:97} WARNING - Failed to fetch data for Victor_Lindelöf_292: 404
[2025-10-29T09:17:17.048+0000] {fetch_api_data.py:97} WARNING - Failed to fetch data for Ashley_Young_293: 404
[2025-10-29T09:17:18.380+0000] {fetch_api_data.py:97} WARNING - Failed to fetch data for José Diogo_Dalot Teixeira_294: 404
[2025-10-29T09:17:19.608+0000] {fetch_api_data.py:97} WARNING - Failed to fetch data for Alexis_Sánchez_295: 404
[2025-10-29T09:17:20.637+0000] {fetch_api_data.py:97} WARNING - Failed to fetch data for Nemanja_Matic_296: 404
[2025-10-29T09:17:21.423+0000] {fetch_api_data.py:97} WARNING - Failed to fetch data for Juan_Mata_297: 404
[2025-10-29T09:17:22.047+0000] {fetch_api_data.py:97} WARNING - Failed to fetch data for Marouane_Fellaini_298: 404
[2025-10-29T09:17:22.764+0000] {fetch_api_data.py:97} WARNING - Failed to fetch data for Ander_Herrera_299: 404
[2025-10-29T09:17:23.417+0000] {fetch_api_data.py:97} WARNING - Failed to fetch data for Jesse_Lingard_300: 404
[2025-10-29T09:17:24.101+0000] {fetch_api_data.py:97} WARNING - Failed to fetch data for Anthony_Martial_301: 404
[2025-10-29T09:17:24.837+0000] {fetch_api_data.py:97} WARNING - Failed to fetch data for Paul_Pogba_302: 404
[2025-10-29T09:17:25.687+0000] {fetch_api_data.py:97} WARNING - Failed to fetch data for Scott_McTominay_303: 404
[2025-10-29T09:17:26.361+0000] {fetch_api_data.py:97} WARNING - Failed to fetch data for Frederico_Rodrigues de Paula Santos_304: 404
[2025-10-29T09:17:27.003+0000] {fetch_api_data.py:97} WARNING - Failed to fetch data for Marcus_Rashford_305: 404
[2025-10-29T09:17:27.649+0000] {fetch_api_data.py:97} WARNING - Failed to fetch data for Romelu_Lukaku_306: 404
[2025-10-29T09:17:28.320+0000] {fetch_api_data.py:97} WARNING - Failed to fetch data for Andreas_Pereira_481: 404
[2025-10-29T09:17:29.538+0000] {fetch_api_data.py:97} WARNING - Failed to fetch data for Lee_Grant_520: 404
[2025-10-29T09:17:30.670+0000] {fetch_api_data.py:97} WARNING - Failed to fetch data for Angel_Gomes_568: 404
[2025-10-29T09:17:31.275+0000] {fetch_api_data.py:97} WARNING - Failed to fetch data for James_Garner_602: 404
[2025-10-29T09:17:31.900+0000] {fetch_api_data.py:97} WARNING - Failed to fetch data for Tahith_Chong_603: 404
[2025-10-29T09:17:32.589+0000] {fetch_api_data.py:97} WARNING - Failed to fetch data for Mason_Greenwood_608: 404
[2025-10-29T09:17:33.244+0000] {fetch_api_data.py:97} WARNING - Failed to fetch data for Robert_Elliot_307: 404
[2025-10-29T09:17:33.829+0000] {fetch_api_data.py:97} WARNING - Failed to fetch data for Karl_Darlow_308: 404
[2025-10-29T09:17:34.499+0000] {fetch_api_data.py:97} WARNING - Failed to fetch data for Martin_Dubravka_309: 404
[2025-10-29T09:17:35.116+0000] {fetch_api_data.py:97} WARNING - Failed to fetch data for DeAndre_Yedlin_310: 404
[2025-10-29T09:17:35.724+0000] {fetch_api_data.py:97} WARNING - Failed to fetch data for Ciaran_Clark_311: 404
[2025-10-29T09:17:36.346+0000] {fetch_api_data.py:97} WARNING - Failed to fetch data for Jamaal_Lascelles_312: 404
[2025-10-29T09:17:36.954+0000] {fetch_api_data.py:97} WARNING - Failed to fetch data for Paul_Dummett_313: 404
[2025-10-29T09:17:37.592+0000] {fetch_api_data.py:97} WARNING - Failed to fetch data for Florian_Lejeune_314: 404
[2025-10-29T09:17:38.383+0000] {fetch_api_data.py:97} WARNING - Failed to fetch data for Javier_Manquillo_315: 404
[2025-10-29T09:17:39.018+0000] {fetch_api_data.py:97} WARNING - Failed to fetch data for Chancel_Mbemba_316: 404
[2025-10-29T09:17:39.717+0000] {fetch_api_data.py:97} WARNING - Failed to fetch data for Matt_Ritchie_317: 404
[2025-10-29T09:17:40.364+0000] {fetch_api_data.py:97} WARNING - Failed to fetch data for Jonjo_Shelvey_318: 404
[2025-10-29T09:17:40.985+0000] {fetch_api_data.py:97} WARNING - Failed to fetch data for Mohamed_Diamé_319: 404
[2025-10-29T09:17:41.615+0000] {fetch_api_data.py:97} WARNING - Failed to fetch data for Christian_Atsu_320: 404
[2025-10-29T09:17:42.263+0000] {fetch_api_data.py:97} WARNING - Failed to fetch data for Jacob_Murphy_321: 404
[2025-10-29T09:17:42.866+0000] {fetch_api_data.py:97} WARNING - Failed to fetch data for Mikel_Merino_322: 404
[2025-10-29T09:17:43.594+0000] {fetch_api_data.py:97} WARNING - Failed to fetch data for Isaac_Hayden_323: 404
[2025-10-29T09:17:44.261+0000] {fetch_api_data.py:97} WARNING - Failed to fetch data for Sung-yueng_Ki_324: 404
[2025-10-29T09:17:44.947+0000] {fetch_api_data.py:97} WARNING - Failed to fetch data for Dwight_Gayle_325: 404
[2025-10-29T09:17:45.776+0000] {fetch_api_data.py:97} WARNING - Failed to fetch data for Ayoze_Pérez_326: 404
[2025-10-29T09:17:46.964+0000] {fetch_api_data.py:97} WARNING - Failed to fetch data for Jose Luis_Mato Sanmartín_327: 404
[2025-10-29T09:17:47.643+0000] {fetch_api_data.py:97} WARNING - Failed to fetch data for Robert Kenedy_Nunes do Nascimento_458: 404
[2025-10-29T09:17:48.254+0000] {fetch_api_data.py:97} WARNING - Failed to fetch data for Fabian_Schär_482: 404
[2025-10-29T09:17:48.922+0000] {fetch_api_data.py:97} WARNING - Failed to fetch data for Yoshinori_Muto_488: 404
[2025-10-29T09:17:49.536+0000] {fetch_api_data.py:97} WARNING - Failed to fetch data for Salomón_Rondón_493: 404
[2025-10-29T09:17:50.231+0000] {fetch_api_data.py:97} WARNING - Failed to fetch data for Federico_Fernández_516: 404
[2025-10-29T09:17:50.869+0000] {fetch_api_data.py:97} WARNING - Failed to fetch data for Jamie_Sterry_530: 404
[2025-10-29T09:17:51.522+0000] {fetch_api_data.py:97} WARNING - Failed to fetch data for Sean_Longstaff_531: 404
[2025-10-29T09:17:52.123+0000] {fetch_api_data.py:97} WARNING - Failed to fetch data for Frederick_Woodman_553: 404
[2025-10-29T09:17:52.728+0000] {fetch_api_data.py:97} WARNING - Failed to fetch data for Callum_Roberts_577: 404
[2025-10-29T09:17:53.334+0000] {fetch_api_data.py:97} WARNING - Failed to fetch data for Miguel_Almirón_587: 404
[2025-10-29T09:17:53.970+0000] {fetch_api_data.py:97} WARNING - Failed to fetch data for Antonio_Barreca_588: 404
[2025-10-29T09:17:54.601+0000] {fetch_api_data.py:97} WARNING - Failed to fetch data for Kelland_Watts_622: 404
[2025-10-29T09:17:55.189+0000] {fetch_api_data.py:97} WARNING - Failed to fetch data for Lewis_Cass_623: 404
[2025-10-29T09:17:55.828+0000] {fetch_api_data.py:97} WARNING - Failed to fetch data for Danny_Ings_258: 404
[2025-10-29T09:17:56.414+0000] {fetch_api_data.py:97} WARNING - Failed to fetch data for Alex_McCarthy_328: 404
[2025-10-29T09:17:56.986+0000] {fetch_api_data.py:97} WARNING - Failed to fetch data for Fraser_Forster_329: 404
[2025-10-29T09:17:57.676+0000] {fetch_api_data.py:97} WARNING - Failed to fetch data for Ryan_Bertrand_330: 404
[2025-10-29T09:17:58.334+0000] {fetch_api_data.py:97} WARNING - Failed to fetch data for Maya_Yoshida_331: 404
[2025-10-29T09:17:59.037+0000] {fetch_api_data.py:97} WARNING - Failed to fetch data for Cédric_Soares_332: 404
[2025-10-29T09:17:59.724+0000] {fetch_api_data.py:97} WARNING - Failed to fetch data for Jack_Stephens_333: 404
[2025-10-29T09:18:00.343+0000] {fetch_api_data.py:97} WARNING - Failed to fetch data for Sam_McQueen_334: 404
[2025-10-29T09:18:01.005+0000] {fetch_api_data.py:97} WARNING - Failed to fetch data for Jan_Bednarek_335: 404
[2025-10-29T09:18:01.595+0000] {fetch_api_data.py:97} WARNING - Failed to fetch data for Wesley_Hoedt_336: 404
[2025-10-29T09:18:02.274+0000] {fetch_api_data.py:97} WARNING - Failed to fetch data for Steven_Davis_337: 404
[2025-10-29T09:18:02.888+0000] {fetch_api_data.py:97} WARNING - Failed to fetch data for James_Ward-Prowse_338: 404
[2025-10-29T09:18:03.508+0000] {fetch_api_data.py:97} WARNING - Failed to fetch data for Oriol_Romeu Vidal_339: 404
[2025-10-29T09:18:04.109+0000] {fetch_api_data.py:97} WARNING - Failed to fetch data for Pierre-Emile_Højbjerg_340: 404
[2025-10-29T09:18:04.678+0000] {fetch_api_data.py:97} WARNING - Failed to fetch data for Sofiane_Boufal_341: 404
[2025-10-29T09:18:05.362+0000] {fetch_api_data.py:97} WARNING - Failed to fetch data for Joshua_Sims_342: 404
[2025-10-29T09:18:06.039+0000] {fetch_api_data.py:97} WARNING - Failed to fetch data for Nathan_Redmond_343: 404
[2025-10-29T09:18:06.663+0000] {fetch_api_data.py:97} WARNING - Failed to fetch data for Mario_Lemina_344: 404
[2025-10-29T09:18:07.299+0000] {fetch_api_data.py:97} WARNING - Failed to fetch data for Stuart_Armstrong_345: 404
[2025-10-29T09:18:07.989+0000] {fetch_api_data.py:97} WARNING - Failed to fetch data for Mohamed_Elyounoussi_346: 404
[2025-10-29T09:18:08.680+0000] {fetch_api_data.py:97} WARNING - Failed to fetch data for Shane_Long_347: 404
[2025-10-29T09:18:09.373+0000] {fetch_api_data.py:97} WARNING - Failed to fetch data for Charlie_Austin_348: 404
[2025-10-29T09:18:10.105+0000] {fetch_api_data.py:97} WARNING - Failed to fetch data for Manolo_Gabbiadini_349: 404
[2025-10-29T09:18:10.725+0000] {fetch_api_data.py:97} WARNING - Failed to fetch data for Guido_Carrillo_350: 404
[2025-10-29T09:18:11.560+0000] {fetch_api_data.py:97} WARNING - Failed to fetch data for Angus_Gunn_452: 404
[2025-10-29T09:18:12.297+0000] {fetch_api_data.py:97} WARNING - Failed to fetch data for Jannik_Vestergaard_463: 404
[2025-10-29T09:18:13.035+0000] {fetch_api_data.py:97} WARNING - Failed to fetch data for Matt_Targett_479: 404
[2025-10-29T09:18:13.706+0000] {fetch_api_data.py:97} WARNING - Failed to fetch data for Michael_Obafemi_550: 404
[2025-10-29T09:18:14.359+0000] {fetch_api_data.py:97} WARNING - Failed to fetch data for Yan_Valery_556: 404
[2025-10-29T09:18:14.970+0000] {fetch_api_data.py:97} WARNING - Failed to fetch data for Tyreke_Johnson_562: 404
[2025-10-29T09:18:15.766+0000] {fetch_api_data.py:97} WARNING - Failed to fetch data for Kayne_Ramsay_565: 404
[2025-10-29T09:18:16.405+0000] {fetch_api_data.py:97} WARNING - Failed to fetch data for Callum_Slattery_570: 404
[2025-10-29T09:18:17.215+0000] {fetch_api_data.py:97} WARNING - Failed to fetch data for Sam_Gallagher_574: 404
[2025-10-29T09:18:17.866+0000] {fetch_api_data.py:97} WARNING - Failed to fetch data for Alfie_Jones_595: 404
[2025-10-29T09:18:18.481+0000] {fetch_api_data.py:97} WARNING - Failed to fetch data for Hugo_Lloris_351: 404
[2025-10-29T09:18:19.520+0000] {fetch_api_data.py:97} WARNING - Failed to fetch data for Michel_Vorm_352: 404
[2025-10-29T09:18:20.551+0000] {fetch_api_data.py:97} WARNING - Failed to fetch data for Toby_Alderweireld_353: 404
[2025-10-29T09:18:21.481+0000] {fetch_api_data.py:97} WARNING - Failed to fetch data for Danny_Rose_354: 404
[2025-10-29T09:18:22.099+0000] {fetch_api_data.py:97} WARNING - Failed to fetch data for Jan_Vertonghen_355: 404
[2025-10-29T09:18:22.765+0000] {fetch_api_data.py:97} WARNING - Failed to fetch data for Ben_Davies_356: 404
[2025-10-29T09:18:23.471+0000] {fetch_api_data.py:97} WARNING - Failed to fetch data for Kieran_Trippier_357: 404
[2025-10-29T09:18:24.085+0000] {fetch_api_data.py:97} WARNING - Failed to fetch data for Kyle_Walker-Peters_358: 404
[2025-10-29T09:18:24.770+0000] {fetch_api_data.py:97} WARNING - Failed to fetch data for Davinson_Sánchez_359: 404
[2025-10-29T09:18:25.511+0000] {fetch_api_data.py:97} WARNING - Failed to fetch data for Serge_Aurier_360: 404
[2025-10-29T09:18:26.138+0000] {fetch_api_data.py:97} WARNING - Failed to fetch data for Eric_Dier_361: 404
[2025-10-29T09:18:26.737+0000] {fetch_api_data.py:97} WARNING - Failed to fetch data for Mousa_Dembélé_362: 404
[2025-10-29T09:18:27.370+0000] {fetch_api_data.py:97} WARNING - Failed to fetch data for Erik_Lamela_363: 404
[2025-10-29T09:18:27.994+0000] {fetch_api_data.py:97} WARNING - Failed to fetch data for Christian_Eriksen_364: 404
[2025-10-29T09:18:28.599+0000] {fetch_api_data.py:97} WARNING - Failed to fetch data for Bamidele_Alli_365: 404
[2025-10-29T09:18:29.265+0000] {fetch_api_data.py:97} WARNING - Failed to fetch data for Victor_Wanyama_366: 404
[2025-10-29T09:18:29.957+0000] {fetch_api_data.py:97} WARNING - Failed to fetch data for Heung-Min_Son_367: 404
[2025-10-29T09:18:30.663+0000] {fetch_api_data.py:97} WARNING - Failed to fetch data for Harry_Winks_368: 404
[2025-10-29T09:18:31.313+0000] {fetch_api_data.py:97} WARNING - Failed to fetch data for Moussa_Sissoko_369: 404
[2025-10-29T09:18:31.908+0000] {fetch_api_data.py:97} WARNING - Failed to fetch data for Lucas_Rodrigues Moura da Silva_370: 404
[2025-10-29T09:18:32.637+0000] {fetch_api_data.py:97} WARNING - Failed to fetch data for Fernando_Llorente_371: 404
[2025-10-29T09:18:33.399+0000] {fetch_api_data.py:97} WARNING - Failed to fetch data for Harry_Kane_372: 404
[2025-10-29T09:18:34.240+0000] {fetch_api_data.py:97} WARNING - Failed to fetch data for Georges-Kévin_Nkoudou_497: 404
[2025-10-29T09:18:35.670+0000] {fetch_api_data.py:97} WARNING - Failed to fetch data for Luke_Amos_523: 404
[2025-10-29T09:18:36.338+0000] {fetch_api_data.py:97} WARNING - Failed to fetch data for Paulo_Gazzaniga_536: 404
[2025-10-29T09:18:36.935+0000] {fetch_api_data.py:97} WARNING - Failed to fetch data for Alfie_Whiteman_538: 404
[2025-10-29T09:18:37.591+0000] {fetch_api_data.py:97} WARNING - Failed to fetch data for Oliver_Skipp_540: 404
[2025-10-29T09:18:38.429+0000] {fetch_api_data.py:97} WARNING - Failed to fetch data for Juan_Foyth_549: 404
[2025-10-29T09:18:39.023+0000] {fetch_api_data.py:97} WARNING - Failed to fetch data for Timothy_Eyoma_561: 404
[2025-10-29T09:18:39.705+0000] {fetch_api_data.py:97} WARNING - Failed to fetch data for Kazaiah_Sterling_578: 404
[2025-10-29T09:18:40.273+0000] {fetch_api_data.py:97} WARNING - Failed to fetch data for George_Marsh_612: 404
[2025-10-29T09:18:40.848+0000] {fetch_api_data.py:97} WARNING - Failed to fetch data for Vincent_Janssen_614: 404
[2025-10-29T09:18:41.498+0000] {fetch_api_data.py:97} WARNING - Failed to fetch data for Heurelho_Gomes_373: 404
[2025-10-29T09:18:42.110+0000] {fetch_api_data.py:97} WARNING - Failed to fetch data for Pontus_Dahlberg_374: 404
[2025-10-29T09:18:42.795+0000] {fetch_api_data.py:97} WARNING - Failed to fetch data for Younes_Kaboul_375: 404
[2025-10-29T09:18:43.461+0000] {fetch_api_data.py:97} WARNING - Failed to fetch data for Craig_Cathcart_376: 404
[2025-10-29T09:18:44.048+0000] {fetch_api_data.py:97} WARNING - Failed to fetch data for Sebastian_Prödl_377: 404
[2025-10-29T09:18:44.631+0000] {fetch_api_data.py:97} WARNING - Failed to fetch data for José_Holebas_378: 404
[2025-10-29T09:18:45.238+0000] {fetch_api_data.py:97} WARNING - Failed to fetch data for Miguel_Britos_379: 404
[2025-10-29T09:18:45.858+0000] {fetch_api_data.py:97} WARNING - Failed to fetch data for Christian_Kabasele_380: 404
[2025-10-29T09:18:46.585+0000] {fetch_api_data.py:97} WARNING - Failed to fetch data for Daryl_Janmaat_381: 404
[2025-10-29T09:18:47.254+0000] {fetch_api_data.py:97} WARNING - Failed to fetch data for Adrian_Mariappa_382: 404
[2025-10-29T09:18:48.042+0000] {fetch_api_data.py:97} WARNING - Failed to fetch data for Francisco_Femenía Far_383: 404
[2025-10-29T09:18:48.684+0000] {fetch_api_data.py:97} WARNING - Failed to fetch data for Marvin_Zeegelaar_384: 404
[2025-10-29T09:18:49.324+0000] {fetch_api_data.py:97} WARNING - Failed to fetch data for Marc_Navarro_385: 404
[2025-10-29T09:18:49.945+0000] {fetch_api_data.py:97} WARNING - Failed to fetch data for Adam_Masina_386: 404
[2025-10-29T09:18:50.599+0000] {fetch_api_data.py:97} WARNING - Failed to fetch data for Nathaniel_Chalobah_387: 404
[2025-10-29T09:18:51.238+0000] {fetch_api_data.py:97} WARNING - Failed to fetch data for Tom_Cleverley_388: 404
[2025-10-29T09:18:51.932+0000] {fetch_api_data.py:97} WARNING - Failed to fetch data for Etienne_Capoue_389: 404
[2025-10-29T09:18:52.558+0000] {fetch_api_data.py:97} WARNING - Failed to fetch data for Abdoulaye_Doucouré_390: 404
[2025-10-29T09:18:53.173+0000] {fetch_api_data.py:97} WARNING - Failed to fetch data for Roberto_Pereyra_391: 404
[2025-10-29T09:18:53.774+0000] {fetch_api_data.py:97} WARNING - Failed to fetch data for Will_Hughes_392: 404
[2025-10-29T09:18:54.393+0000] {fetch_api_data.py:97} WARNING - Failed to fetch data for Gerard_Deulofeu_394: 404
[2025-10-29T09:18:54.993+0000] {fetch_api_data.py:97} WARNING - Failed to fetch data for Andre_Gray_395: 404
[2025-10-29T09:18:55.595+0000] {fetch_api_data.py:97} WARNING - Failed to fetch data for Troy_Deeney_396: 404
[2025-10-29T09:18:56.205+0000] {fetch_api_data.py:97} WARNING - Failed to fetch data for Stefano_Okaka_397: 404
[2025-10-29T09:18:56.793+0000] {fetch_api_data.py:97} WARNING - Failed to fetch data for Jerome_Sinclair_398: 404
[2025-10-29T09:18:57.362+0000] {fetch_api_data.py:97} WARNING - Failed to fetch data for Ben_Foster_445: 404
[2025-10-29T09:18:58.019+0000] {fetch_api_data.py:97} WARNING - Failed to fetch data for Ken_Sema_446: 404
[2025-10-29T09:18:58.639+0000] {fetch_api_data.py:97} WARNING - Failed to fetch data for Domingos_Quina_517: 404
[2025-10-29T09:18:59.292+0000] {fetch_api_data.py:97} WARNING - Failed to fetch data for Isaac_Success Ajayi_524: 404
[2025-10-29T09:19:00.040+0000] {fetch_api_data.py:97} WARNING - Failed to fetch data for Ben_Wilmot_544: 404
[2025-10-29T09:19:00.741+0000] {fetch_api_data.py:97} WARNING - Failed to fetch data for Adalberto_Peñaranda_554: 404
[2025-10-29T09:19:01.306+0000] {fetch_api_data.py:97} WARNING - Failed to fetch data for Adrián_San Miguel del Castillo_399: 404
[2025-10-29T09:19:01.893+0000] {fetch_api_data.py:97} WARNING - Failed to fetch data for Lukasz_Fabianski_400: 404
[2025-10-29T09:19:02.558+0000] {fetch_api_data.py:97} WARNING - Failed to fetch data for Winston_Reid_401: 404
[2025-10-29T09:19:03.188+0000] {fetch_api_data.py:97} WARNING - Failed to fetch data for Aaron_Cresswell_402: 404
[2025-10-29T09:19:03.819+0000] {fetch_api_data.py:97} WARNING - Failed to fetch data for Angelo_Ogbonna_403: 404
[2025-10-29T09:19:04.481+0000] {fetch_api_data.py:97} WARNING - Failed to fetch data for Sam_Byram_404: 404
[2025-10-29T09:19:05.130+0000] {fetch_api_data.py:97} WARNING - Failed to fetch data for Pablo_Zabaleta_405: 404
[2025-10-29T09:19:05.693+0000] {fetch_api_data.py:97} WARNING - Failed to fetch data for Declan_Rice_406: 404
[2025-10-29T09:19:06.283+0000] {fetch_api_data.py:97} WARNING - Failed to fetch data for Reece_Oxford_407: 404
[2025-10-29T09:19:06.848+0000] {fetch_api_data.py:97} WARNING - Failed to fetch data for Ryan_Fredericks_408: 404
[2025-10-29T09:19:07.440+0000] {fetch_api_data.py:97} WARNING - Failed to fetch data for Issa_Diop_409: 404
[2025-10-29T09:19:08.080+0000] {fetch_api_data.py:97} WARNING - Failed to fetch data for Arthur_Masuaku_410: 404
[2025-10-29T09:19:08.734+0000] {fetch_api_data.py:97} WARNING - Failed to fetch data for Mark_Noble_411: 404
[2025-10-29T09:19:09.396+0000] {fetch_api_data.py:97} WARNING - Failed to fetch data for Pedro_Obiang_413: 404
[2025-10-29T09:19:10.096+0000] {fetch_api_data.py:97} WARNING - Failed to fetch data for Manuel_Lanzini_414: 404
[2025-10-29T09:19:10.842+0000] {fetch_api_data.py:97} WARNING - Failed to fetch data for Michail_Antonio_415: 404
[2025-10-29T09:19:11.557+0000] {fetch_api_data.py:97} WARNING - Failed to fetch data for Edimilson_Fernandes_416: 404
[2025-10-29T09:19:12.280+0000] {fetch_api_data.py:97} WARNING - Failed to fetch data for Marko_Arnautovic_417: 404
[2025-10-29T09:19:13.033+0000] {fetch_api_data.py:97} WARNING - Failed to fetch data for Andy_Carroll_418: 404
[2025-10-29T09:19:13.779+0000] {fetch_api_data.py:97} WARNING - Failed to fetch data for Javier_Hernández Balcázar_419: 404
[2025-10-29T09:19:14.513+0000] {fetch_api_data.py:97} WARNING - Failed to fetch data for Jordan_Hugill_420: 404
[2025-10-29T09:19:15.225+0000] {fetch_api_data.py:97} WARNING - Failed to fetch data for Jack_Wilshere_447: 404
[2025-10-29T09:19:15.922+0000] {fetch_api_data.py:97} WARNING - Failed to fetch data for Andriy_Yarmolenko_453: 404
[2025-10-29T09:19:16.533+0000] {fetch_api_data.py:97} WARNING - Failed to fetch data for Fabián_Balbuena_464: 404
[2025-10-29T09:19:17.216+0000] {fetch_api_data.py:97} WARNING - Failed to fetch data for Felipe Anderson_Pereira Gomes_465: 404
[2025-10-29T09:19:17.871+0000] {fetch_api_data.py:97} WARNING - Failed to fetch data for Robert_Snodgrass_489: 404
[2025-10-29T09:19:18.651+0000] {fetch_api_data.py:97} WARNING - Failed to fetch data for Lucas_Pérez_502: 404
[2025-10-29T09:19:19.408+0000] {fetch_api_data.py:97} WARNING - Failed to fetch data for Carlos_Sánchez_518: 404
[2025-10-29T09:19:20.171+0000] {fetch_api_data.py:97} WARNING - Failed to fetch data for Grady_Diangana_539: 404
[2025-10-29T09:19:20.991+0000] {fetch_api_data.py:97} WARNING - Failed to fetch data for Joe_Powell_547: 404
[2025-10-29T09:19:21.661+0000] {fetch_api_data.py:97} WARNING - Failed to fetch data for Conor_Coventry_548: 404
[2025-10-29T09:19:22.333+0000] {fetch_api_data.py:97} WARNING - Failed to fetch data for Alexandre Nascimento_Costa Silva_560: 404
[2025-10-29T09:19:22.975+0000] {fetch_api_data.py:97} WARNING - Failed to fetch data for Samir_Nasri_569: 404
[2025-10-29T09:19:23.643+0000] {fetch_api_data.py:97} WARNING - Failed to fetch data for Ben_Johnson_605: 404
[2025-10-29T09:19:24.309+0000] {fetch_api_data.py:97} WARNING - Failed to fetch data for Nathan_Holland_611: 404
[2025-10-29T09:19:25.004+0000] {fetch_api_data.py:97} WARNING - Failed to fetch data for John_Ruddy_421: 404
[2025-10-29T09:19:25.681+0000] {fetch_api_data.py:97} WARNING - Failed to fetch data for Will_Norris_422: 404
[2025-10-29T09:19:26.324+0000] {fetch_api_data.py:97} WARNING - Failed to fetch data for Willy_Boly_423: 404
[2025-10-29T09:19:26.960+0000] {fetch_api_data.py:97} WARNING - Failed to fetch data for Barry_Douglas_424: 404
[2025-10-29T09:19:27.558+0000] {fetch_api_data.py:97} WARNING - Failed to fetch data for Matt_Doherty_425: 404
[2025-10-29T09:19:28.187+0000] {fetch_api_data.py:97} WARNING - Failed to fetch data for Romain_Saïss_426: 404
[2025-10-29T09:19:28.749+0000] {fetch_api_data.py:97} WARNING - Failed to fetch data for Ryan_Bennett_427: 404
[2025-10-29T09:19:29.374+0000] {fetch_api_data.py:97} WARNING - Failed to fetch data for Danny_Batth_428: 404
[2025-10-29T09:19:29.999+0000] {fetch_api_data.py:97} WARNING - Failed to fetch data for Roderick Jefferson_Gonçalves Miranda_429: 404
[2025-10-29T09:19:30.625+0000] {fetch_api_data.py:97} WARNING - Failed to fetch data for Conor_Coady_430: 404
[2025-10-29T09:19:31.327+0000] {fetch_api_data.py:97} WARNING - Failed to fetch data for Rúben Gonçalo_Silva Nascimento Vinagre_431: 404
[2025-10-29T09:19:32.008+0000] {fetch_api_data.py:97} WARNING - Failed to fetch data for Diogo_Jota_432: 404
[2025-10-29T09:19:32.685+0000] {fetch_api_data.py:97} WARNING - Failed to fetch data for Rúben Diogo_da Silva Neves_433: 404
[2025-10-29T09:19:33.615+0000] {fetch_api_data.py:97} WARNING - Failed to fetch data for Ivan_Cavaleiro_434: 404
[2025-10-29T09:19:34.351+0000] {fetch_api_data.py:97} WARNING - Failed to fetch data for Hélder_Costa_435: 404
[2025-10-29T09:19:35.115+0000] {fetch_api_data.py:97} WARNING - Failed to fetch data for Bright_Enobakhare_436: 404
[2025-10-29T09:19:36.498+0000] {fetch_api_data.py:97} WARNING - Failed to fetch data for Raúl_Jiménez_437: 404
[2025-10-29T09:19:37.537+0000] {fetch_api_data.py:97} WARNING - Failed to fetch data for Bonatini Lohner Maia_Bonatini_438: 404
[2025-10-29T09:19:38.245+0000] {fetch_api_data.py:97} WARNING - Failed to fetch data for Morgan_Gibbs-White_448: 404
[2025-10-29T09:19:39.178+0000] {fetch_api_data.py:97} WARNING - Failed to fetch data for Rafa_Mir_449: 404
[2025-10-29T09:19:40.062+0000] {fetch_api_data.py:97} WARNING - Failed to fetch data for Rui Pedro_dos Santos Patrício_454: 404
[2025-10-29T09:19:40.974+0000] {fetch_api_data.py:97} WARNING - Failed to fetch data for João Filipe Iria_Santos Moutinho_475: 404
[2025-10-29T09:19:41.948+0000] {fetch_api_data.py:97} WARNING - Failed to fetch data for Jonathan_Castro Otto_483: 404
[2025-10-29T09:19:42.899+0000] {fetch_api_data.py:97} WARNING - Failed to fetch data for Adama_Traoré_500: 404
[2025-10-29T09:19:43.638+0000] {fetch_api_data.py:97} WARNING - Failed to fetch data for Leander_Dendoncker_519: 404
[2025-10-29T09:19:44.471+0000] {fetch_api_data.py:97} WARNING - Failed to fetch data for Kortney_Hause_525: 404
[2025-10-29T09:19:45.341+0000] {fetch_api_data.py:97} WARNING - Failed to fetch data for Ryan John_Giles_555: 404
[2025-10-29T09:19:46.021+0000] {fetch_api_data.py:97} WARNING - Failed to fetch data for Max_Kilman_567: 404
[2025-10-29T09:19:46.731+0000] {fetch_api_data.py:97} WARNING - Failed to fetch data for Cameron_John_596: 404
[2025-10-29T09:19:46.734+0000] {python.py:183} INFO - Done. Returned value was: []
[2025-10-29T09:19:46.785+0000] {taskinstance.py:1350} INFO - Marking task as SUCCESS. dag_id=fpl_gameweeks_etl, task_id=fetch_players_gw_task, map_index=5, execution_date=20251029T091041, start_date=20251029T091107, end_date=20251029T091946
[2025-10-29T09:19:46.828+0000] {local_task_job_runner.py:225} INFO - Task exited with return code 0
[2025-10-29T09:19:46.861+0000] {taskinstance.py:2653} INFO - 0 downstream tasks scheduled from follow-on schedule check
