[2025-05-12T12:11:47.548+0000] {logging_mixin.py:150} INFO - Changing /opt/airflow/logs/dag_id=fpl_etl_pipeline/run_id=scheduled__2025-05-11T00:00:00+00:00/task_id=load_fixtures permission to 509
[2025-05-12T12:11:47.549+0000] {logging_mixin.py:150} INFO - Failed to change /opt/airflow/logs/dag_id=fpl_etl_pipeline/run_id=scheduled__2025-05-11T00:00:00+00:00/task_id=load_fixtures permission to 509: [Errno 1] Operation not permitted: '/opt/airflow/logs/dag_id=fpl_etl_pipeline/run_id=scheduled__2025-05-11T00:00:00+00:00/task_id=load_fixtures'
[2025-05-12T12:11:47.601+0000] {logging_mixin.py:150} INFO - Changing /opt/airflow/logs/dag_id=fpl_etl_pipeline/run_id=scheduled__2025-05-11T00:00:00+00:00/task_id=load_fixtures permission to 509
[2025-05-12T12:11:47.602+0000] {logging_mixin.py:150} INFO - Failed to change /opt/airflow/logs/dag_id=fpl_etl_pipeline/run_id=scheduled__2025-05-11T00:00:00+00:00/task_id=load_fixtures permission to 509: [Errno 1] Operation not permitted: '/opt/airflow/logs/dag_id=fpl_etl_pipeline/run_id=scheduled__2025-05-11T00:00:00+00:00/task_id=load_fixtures'
[2025-05-12T12:11:47.731+0000] {taskinstance.py:1103} INFO - Dependencies all met for dep_context=non-requeueable deps ti=<TaskInstance: fpl_etl_pipeline.load_fixtures scheduled__2025-05-11T00:00:00+00:00 [queued]>
[2025-05-12T12:11:47.790+0000] {taskinstance.py:1103} INFO - Dependencies all met for dep_context=requeueable deps ti=<TaskInstance: fpl_etl_pipeline.load_fixtures scheduled__2025-05-11T00:00:00+00:00 [queued]>
[2025-05-12T12:11:47.812+0000] {taskinstance.py:1308} INFO - Starting attempt 1 of 2
[2025-05-12T12:11:47.860+0000] {taskinstance.py:1327} INFO - Executing <Task(PythonOperator): load_fixtures> on 2025-05-11 00:00:00+00:00
[2025-05-12T12:11:47.869+0000] {standard_task_runner.py:57} INFO - Started process 469 to run task
[2025-05-12T12:11:47.885+0000] {standard_task_runner.py:84} INFO - Running: ['airflow', 'tasks', 'run', 'fpl_etl_pipeline', 'load_fixtures', 'scheduled__2025-05-11T00:00:00+00:00', '--job-id', '31', '--raw', '--subdir', 'DAGS_FOLDER/fpl_etl_pipeline.py', '--cfg-path', '/tmp/tmpiohjouj_']
[2025-05-12T12:11:47.891+0000] {standard_task_runner.py:85} INFO - Job 31: Subtask load_fixtures
[2025-05-12T12:11:48.014+0000] {logging_mixin.py:150} INFO - Changing /opt/airflow/logs/dag_id=fpl_etl_pipeline/run_id=scheduled__2025-05-11T00:00:00+00:00/task_id=load_fixtures permission to 509
[2025-05-12T12:11:48.015+0000] {logging_mixin.py:150} INFO - Failed to change /opt/airflow/logs/dag_id=fpl_etl_pipeline/run_id=scheduled__2025-05-11T00:00:00+00:00/task_id=load_fixtures permission to 509: [Errno 1] Operation not permitted: '/opt/airflow/logs/dag_id=fpl_etl_pipeline/run_id=scheduled__2025-05-11T00:00:00+00:00/task_id=load_fixtures'
[2025-05-12T12:11:48.019+0000] {task_command.py:410} INFO - Running <TaskInstance: fpl_etl_pipeline.load_fixtures scheduled__2025-05-11T00:00:00+00:00 [running]> on host d45b3068fd3d
[2025-05-12T12:11:48.208+0000] {taskinstance.py:1547} INFO - Exporting env vars: AIRFLOW_CTX_DAG_OWNER='richardilemon' AIRFLOW_CTX_DAG_ID='fpl_etl_pipeline' AIRFLOW_CTX_TASK_ID='load_fixtures' AIRFLOW_CTX_EXECUTION_DATE='2025-05-11T00:00:00+00:00' AIRFLOW_CTX_TRY_NUMBER='1' AIRFLOW_CTX_DAG_RUN_ID='scheduled__2025-05-11T00:00:00+00:00'
[2025-05-12T12:11:48.210+0000] {logging_mixin.py:150} INFO - Creating fixtures table...
[2025-05-12T12:11:48.212+0000] {logging_mixin.py:150} INFO - Fetching fixtures for 2016-17...
[2025-05-12T12:11:49.822+0000] {logging_mixin.py:150} INFO - ⚠️ Failed to fetch fixtures.csv for 2016-17: 404 Client Error: Not Found for url: https://raw.githubusercontent.com/vaastav/Fantasy-Premier-League/master/data/2016-17/fixtures.csv (URL: https://raw.githubusercontent.com/vaastav/Fantasy-Premier-League/master/data/2016-17/fixtures.csv)
[2025-05-12T12:11:49.825+0000] {logging_mixin.py:150} INFO - ⚠️ Skipping 2016-17: No CSV data.
[2025-05-12T12:11:49.826+0000] {logging_mixin.py:150} INFO - Inserting 0 fixtures...
[2025-05-12T12:11:49.827+0000] {logging_mixin.py:150} INFO - Fetching fixtures for 2017-18...
[2025-05-12T12:11:50.845+0000] {logging_mixin.py:150} INFO - ⚠️ Failed to fetch fixtures.csv for 2017-18: 404 Client Error: Not Found for url: https://raw.githubusercontent.com/vaastav/Fantasy-Premier-League/master/data/2017-18/fixtures.csv (URL: https://raw.githubusercontent.com/vaastav/Fantasy-Premier-League/master/data/2017-18/fixtures.csv)
[2025-05-12T12:11:50.847+0000] {logging_mixin.py:150} INFO - ⚠️ Skipping 2017-18: No CSV data.
[2025-05-12T12:11:50.849+0000] {logging_mixin.py:150} INFO - Inserting 0 fixtures...
[2025-05-12T12:11:50.849+0000] {logging_mixin.py:150} INFO - Fetching fixtures for 2018-19...
[2025-05-12T12:11:53.440+0000] {logging_mixin.py:150} INFO - Inserting 380 fixtures...
[2025-05-12T12:11:53.660+0000] {logging_mixin.py:150} INFO - Fetching fixtures for 2019-20...
[2025-05-12T12:11:55.032+0000] {logging_mixin.py:150} INFO - Inserting 380 fixtures...
[2025-05-12T12:11:55.185+0000] {logging_mixin.py:150} INFO - Fetching fixtures for 2020-21...
[2025-05-12T12:11:55.935+0000] {logging_mixin.py:150} INFO - Inserting 380 fixtures...
[2025-05-12T12:11:56.072+0000] {logging_mixin.py:150} INFO - Fetching fixtures for 2021-22...
[2025-05-12T12:11:58.532+0000] {logging_mixin.py:150} INFO - Inserting 380 fixtures...
[2025-05-12T12:11:58.636+0000] {logging_mixin.py:150} INFO - Fetching fixtures for 2022-23...
[2025-05-12T12:12:01.548+0000] {logging_mixin.py:150} INFO - Inserting 380 fixtures...
[2025-05-12T12:12:01.707+0000] {logging_mixin.py:150} INFO - Fetching fixtures for 2023-24...
[2025-05-12T12:12:02.213+0000] {logging_mixin.py:150} INFO - Inserting 380 fixtures...
[2025-05-12T12:12:02.383+0000] {logging_mixin.py:150} INFO - Fetching fixtures for 2024-25...
[2025-05-12T12:12:02.855+0000] {logging_mixin.py:150} INFO - Inserting 380 fixtures...
[2025-05-12T12:12:03.089+0000] {logging_mixin.py:150} INFO - ✅ Fixtures loaded successfully.
[2025-05-12T12:12:03.090+0000] {python.py:183} INFO - Done. Returned value was: None
[2025-05-12T12:12:03.127+0000] {taskinstance.py:1350} INFO - Marking task as SUCCESS. dag_id=fpl_etl_pipeline, task_id=load_fixtures, execution_date=20250511T000000, start_date=20250512T121147, end_date=20250512T121203
[2025-05-12T12:12:03.217+0000] {local_task_job_runner.py:225} INFO - Task exited with return code 0
[2025-05-12T12:12:03.336+0000] {taskinstance.py:2653} INFO - 1 downstream tasks scheduled from follow-on schedule check
