[2025-05-12T15:28:24.774+0000] {logging_mixin.py:150} INFO - Changing /opt/airflow/logs/dag_id=fpl_etl_pipeline/run_id=manual__2025-05-08T00:00:00+00:00/task_id=load_fixtures permission to 509
[2025-05-12T15:28:24.777+0000] {logging_mixin.py:150} INFO - Failed to change /opt/airflow/logs/dag_id=fpl_etl_pipeline/run_id=manual__2025-05-08T00:00:00+00:00/task_id=load_fixtures permission to 509: [Errno 1] Operation not permitted: '/opt/airflow/logs/dag_id=fpl_etl_pipeline/run_id=manual__2025-05-08T00:00:00+00:00/task_id=load_fixtures'
[2025-05-12T15:28:24.884+0000] {logging_mixin.py:150} INFO - Changing /opt/airflow/logs/dag_id=fpl_etl_pipeline/run_id=manual__2025-05-08T00:00:00+00:00/task_id=load_fixtures permission to 509
[2025-05-12T15:28:24.886+0000] {logging_mixin.py:150} INFO - Failed to change /opt/airflow/logs/dag_id=fpl_etl_pipeline/run_id=manual__2025-05-08T00:00:00+00:00/task_id=load_fixtures permission to 509: [Errno 1] Operation not permitted: '/opt/airflow/logs/dag_id=fpl_etl_pipeline/run_id=manual__2025-05-08T00:00:00+00:00/task_id=load_fixtures'
[2025-05-12T15:28:25.050+0000] {taskinstance.py:1103} INFO - Dependencies all met for dep_context=non-requeueable deps ti=<TaskInstance: fpl_etl_pipeline.load_fixtures manual__2025-05-08T00:00:00+00:00 [queued]>
[2025-05-12T15:28:25.071+0000] {taskinstance.py:1103} INFO - Dependencies all met for dep_context=requeueable deps ti=<TaskInstance: fpl_etl_pipeline.load_fixtures manual__2025-05-08T00:00:00+00:00 [queued]>
[2025-05-12T15:28:25.072+0000] {taskinstance.py:1308} INFO - Starting attempt 1 of 2
[2025-05-12T15:28:25.111+0000] {taskinstance.py:1327} INFO - Executing <Task(PythonOperator): load_fixtures> on 2025-05-08 00:00:00+00:00
[2025-05-12T15:28:25.125+0000] {standard_task_runner.py:57} INFO - Started process 715 to run task
[2025-05-12T15:28:25.134+0000] {standard_task_runner.py:84} INFO - Running: ['airflow', 'tasks', 'run', 'fpl_etl_pipeline', 'load_fixtures', 'manual__2025-05-08T00:00:00+00:00', '--job-id', '38', '--raw', '--subdir', 'DAGS_FOLDER/fpl_etl_pipeline.py', '--cfg-path', '/tmp/tmp5esudzbu']
[2025-05-12T15:28:25.147+0000] {standard_task_runner.py:85} INFO - Job 38: Subtask load_fixtures
[2025-05-12T15:28:25.282+0000] {logging_mixin.py:150} INFO - Changing /opt/airflow/logs/dag_id=fpl_etl_pipeline/run_id=manual__2025-05-08T00:00:00+00:00/task_id=load_fixtures permission to 509
[2025-05-12T15:28:25.283+0000] {logging_mixin.py:150} INFO - Failed to change /opt/airflow/logs/dag_id=fpl_etl_pipeline/run_id=manual__2025-05-08T00:00:00+00:00/task_id=load_fixtures permission to 509: [Errno 1] Operation not permitted: '/opt/airflow/logs/dag_id=fpl_etl_pipeline/run_id=manual__2025-05-08T00:00:00+00:00/task_id=load_fixtures'
[2025-05-12T15:28:25.288+0000] {task_command.py:410} INFO - Running <TaskInstance: fpl_etl_pipeline.load_fixtures manual__2025-05-08T00:00:00+00:00 [running]> on host 616cfb306938
[2025-05-12T15:28:25.500+0000] {taskinstance.py:1547} INFO - Exporting env vars: AIRFLOW_CTX_DAG_OWNER='richardilemon' AIRFLOW_CTX_DAG_ID='fpl_etl_pipeline' AIRFLOW_CTX_TASK_ID='load_fixtures' AIRFLOW_CTX_EXECUTION_DATE='2025-05-08T00:00:00+00:00' AIRFLOW_CTX_TRY_NUMBER='1' AIRFLOW_CTX_DAG_RUN_ID='manual__2025-05-08T00:00:00+00:00'
[2025-05-12T15:28:25.502+0000] {logging_mixin.py:150} INFO - Creating fixtures table...
[2025-05-12T15:28:25.505+0000] {logging_mixin.py:150} INFO - Fetching fixtures for 2016-17...
[2025-05-12T15:28:25.963+0000] {logging_mixin.py:150} INFO - ⚠️ Failed to fetch fixtures.csv for 2016-17: 404 Client Error: Not Found for url: https://raw.githubusercontent.com/vaastav/Fantasy-Premier-League/master/data/2016-17/fixtures.csv (URL: https://raw.githubusercontent.com/vaastav/Fantasy-Premier-League/master/data/2016-17/fixtures.csv)
[2025-05-12T15:28:25.966+0000] {logging_mixin.py:150} INFO - ⚠️ Skipping 2016-17: No CSV data.
[2025-05-12T15:28:25.968+0000] {logging_mixin.py:150} INFO - Inserting 0 fixtures...
[2025-05-12T15:28:25.969+0000] {logging_mixin.py:150} INFO - Fetching fixtures for 2017-18...
[2025-05-12T15:28:26.389+0000] {logging_mixin.py:150} INFO - ⚠️ Failed to fetch fixtures.csv for 2017-18: 404 Client Error: Not Found for url: https://raw.githubusercontent.com/vaastav/Fantasy-Premier-League/master/data/2017-18/fixtures.csv (URL: https://raw.githubusercontent.com/vaastav/Fantasy-Premier-League/master/data/2017-18/fixtures.csv)
[2025-05-12T15:28:26.392+0000] {logging_mixin.py:150} INFO - ⚠️ Skipping 2017-18: No CSV data.
[2025-05-12T15:28:26.393+0000] {logging_mixin.py:150} INFO - Inserting 0 fixtures...
[2025-05-12T15:28:26.394+0000] {logging_mixin.py:150} INFO - Fetching fixtures for 2018-19...
[2025-05-12T15:28:27.018+0000] {logging_mixin.py:150} INFO - Inserting 380 fixtures...
[2025-05-12T15:28:27.159+0000] {logging_mixin.py:150} INFO - Fetching fixtures for 2019-20...
[2025-05-12T15:28:27.804+0000] {logging_mixin.py:150} INFO - Inserting 380 fixtures...
[2025-05-12T15:28:28.697+0000] {logging_mixin.py:150} INFO - Fetching fixtures for 2020-21...
[2025-05-12T15:28:30.118+0000] {logging_mixin.py:150} INFO - Inserting 380 fixtures...
[2025-05-12T15:28:30.303+0000] {logging_mixin.py:150} INFO - Fetching fixtures for 2021-22...
[2025-05-12T15:28:30.917+0000] {logging_mixin.py:150} INFO - Inserting 380 fixtures...
[2025-05-12T15:28:31.162+0000] {logging_mixin.py:150} INFO - Fetching fixtures for 2022-23...
[2025-05-12T15:28:31.822+0000] {logging_mixin.py:150} INFO - Inserting 380 fixtures...
[2025-05-12T15:28:32.011+0000] {logging_mixin.py:150} INFO - Fetching fixtures for 2023-24...
[2025-05-12T15:28:32.656+0000] {logging_mixin.py:150} INFO - Inserting 380 fixtures...
[2025-05-12T15:28:32.813+0000] {logging_mixin.py:150} INFO - Fetching fixtures for 2024-25...
[2025-05-12T15:28:33.510+0000] {logging_mixin.py:150} INFO - Inserting 380 fixtures...
[2025-05-12T15:28:33.875+0000] {logging_mixin.py:150} INFO - ✅ Fixtures loaded successfully.
[2025-05-12T15:28:33.877+0000] {python.py:183} INFO - Done. Returned value was: None
[2025-05-12T15:28:33.916+0000] {taskinstance.py:1350} INFO - Marking task as SUCCESS. dag_id=fpl_etl_pipeline, task_id=load_fixtures, execution_date=20250508T000000, start_date=20250512T152825, end_date=20250512T152833
[2025-05-12T15:28:34.000+0000] {local_task_job_runner.py:225} INFO - Task exited with return code 0
[2025-05-12T15:28:34.108+0000] {taskinstance.py:2653} INFO - 0 downstream tasks scheduled from follow-on schedule check
[2025-05-12T16:27:03.166+0000] {logging_mixin.py:150} INFO - Changing /opt/airflow/logs/dag_id=fpl_etl_pipeline/run_id=manual__2025-05-08T00:00:00+00:00/task_id=load_fixtures permission to 509
[2025-05-12T16:27:03.176+0000] {logging_mixin.py:150} INFO - Failed to change /opt/airflow/logs/dag_id=fpl_etl_pipeline/run_id=manual__2025-05-08T00:00:00+00:00/task_id=load_fixtures permission to 509: [Errno 1] Operation not permitted: '/opt/airflow/logs/dag_id=fpl_etl_pipeline/run_id=manual__2025-05-08T00:00:00+00:00/task_id=load_fixtures'
[2025-05-12T16:27:03.497+0000] {logging_mixin.py:150} INFO - Changing /opt/airflow/logs/dag_id=fpl_etl_pipeline/run_id=manual__2025-05-08T00:00:00+00:00/task_id=load_fixtures permission to 509
[2025-05-12T16:27:03.504+0000] {logging_mixin.py:150} INFO - Failed to change /opt/airflow/logs/dag_id=fpl_etl_pipeline/run_id=manual__2025-05-08T00:00:00+00:00/task_id=load_fixtures permission to 509: [Errno 1] Operation not permitted: '/opt/airflow/logs/dag_id=fpl_etl_pipeline/run_id=manual__2025-05-08T00:00:00+00:00/task_id=load_fixtures'
[2025-05-12T16:27:04.932+0000] {taskinstance.py:1103} INFO - Dependencies all met for dep_context=non-requeueable deps ti=<TaskInstance: fpl_etl_pipeline.load_fixtures manual__2025-05-08T00:00:00+00:00 [queued]>
[2025-05-12T16:27:05.026+0000] {taskinstance.py:1103} INFO - Dependencies all met for dep_context=requeueable deps ti=<TaskInstance: fpl_etl_pipeline.load_fixtures manual__2025-05-08T00:00:00+00:00 [queued]>
[2025-05-12T16:27:05.032+0000] {taskinstance.py:1308} INFO - Starting attempt 1 of 2
[2025-05-12T16:27:05.224+0000] {taskinstance.py:1327} INFO - Executing <Task(PythonOperator): load_fixtures> on 2025-05-08 00:00:00+00:00
[2025-05-12T16:27:05.277+0000] {standard_task_runner.py:57} INFO - Started process 442 to run task
[2025-05-12T16:27:05.297+0000] {standard_task_runner.py:84} INFO - Running: ['airflow', 'tasks', 'run', 'fpl_etl_pipeline', 'load_fixtures', 'manual__2025-05-08T00:00:00+00:00', '--job-id', '42', '--raw', '--subdir', 'DAGS_FOLDER/fpl_etl_pipeline.py', '--cfg-path', '/tmp/tmpespwc3v8']
[2025-05-12T16:27:05.313+0000] {standard_task_runner.py:85} INFO - Job 42: Subtask load_fixtures
[2025-05-12T16:27:05.712+0000] {logging_mixin.py:150} INFO - Changing /opt/airflow/logs/dag_id=fpl_etl_pipeline/run_id=manual__2025-05-08T00:00:00+00:00/task_id=load_fixtures permission to 509
[2025-05-12T16:27:05.719+0000] {logging_mixin.py:150} INFO - Failed to change /opt/airflow/logs/dag_id=fpl_etl_pipeline/run_id=manual__2025-05-08T00:00:00+00:00/task_id=load_fixtures permission to 509: [Errno 1] Operation not permitted: '/opt/airflow/logs/dag_id=fpl_etl_pipeline/run_id=manual__2025-05-08T00:00:00+00:00/task_id=load_fixtures'
[2025-05-12T16:27:05.723+0000] {task_command.py:410} INFO - Running <TaskInstance: fpl_etl_pipeline.load_fixtures manual__2025-05-08T00:00:00+00:00 [running]> on host e6c668ba7472
[2025-05-12T16:27:06.478+0000] {taskinstance.py:1547} INFO - Exporting env vars: AIRFLOW_CTX_DAG_OWNER='richardilemon' AIRFLOW_CTX_DAG_ID='fpl_etl_pipeline' AIRFLOW_CTX_TASK_ID='load_fixtures' AIRFLOW_CTX_EXECUTION_DATE='2025-05-08T00:00:00+00:00' AIRFLOW_CTX_TRY_NUMBER='1' AIRFLOW_CTX_DAG_RUN_ID='manual__2025-05-08T00:00:00+00:00'
[2025-05-12T16:27:06.490+0000] {logging_mixin.py:150} INFO - Creating fixtures table...
[2025-05-12T16:27:06.495+0000] {logging_mixin.py:150} INFO - Fetching fixtures for 2018-19...
[2025-05-12T16:27:07.612+0000] {logging_mixin.py:150} INFO - Inserting 380 fixtures...
[2025-05-12T16:27:08.143+0000] {logging_mixin.py:150} INFO - Fetching fixtures for 2019-20...
[2025-05-12T16:27:13.538+0000] {logging_mixin.py:150} INFO - Inserting 380 fixtures...
[2025-05-12T16:27:13.777+0000] {logging_mixin.py:150} INFO - Fetching fixtures for 2020-21...
[2025-05-12T16:27:15.499+0000] {logging_mixin.py:150} INFO - Inserting 380 fixtures...
[2025-05-12T16:27:15.902+0000] {logging_mixin.py:150} INFO - Fetching fixtures for 2021-22...
[2025-05-12T16:27:16.842+0000] {logging_mixin.py:150} INFO - Inserting 380 fixtures...
[2025-05-12T16:27:17.230+0000] {logging_mixin.py:150} INFO - Fetching fixtures for 2022-23...
[2025-05-12T16:27:18.246+0000] {logging_mixin.py:150} INFO - Inserting 380 fixtures...
[2025-05-12T16:27:18.755+0000] {logging_mixin.py:150} INFO - Fetching fixtures for 2023-24...
[2025-05-12T16:27:21.062+0000] {logging_mixin.py:150} INFO - Inserting 380 fixtures...
[2025-05-12T16:27:21.528+0000] {logging_mixin.py:150} INFO - Fetching fixtures for 2024-25...
[2025-05-12T16:27:22.416+0000] {logging_mixin.py:150} INFO - Inserting 380 fixtures...
[2025-05-12T16:27:22.859+0000] {logging_mixin.py:150} INFO - ✅ Fixtures loaded successfully.
[2025-05-12T16:27:22.864+0000] {python.py:183} INFO - Done. Returned value was: None
[2025-05-12T16:27:23.003+0000] {taskinstance.py:1350} INFO - Marking task as SUCCESS. dag_id=fpl_etl_pipeline, task_id=load_fixtures, execution_date=20250508T000000, start_date=20250512T162704, end_date=20250512T162722
[2025-05-12T16:27:23.145+0000] {local_task_job_runner.py:225} INFO - Task exited with return code 0
[2025-05-12T16:27:23.362+0000] {taskinstance.py:2653} INFO - 0 downstream tasks scheduled from follow-on schedule check
