[2025-10-30T13:01:29.776+0000] {taskinstance.py:1103} INFO - Dependencies all met for dep_context=non-requeueable deps ti=<TaskInstance: fpl_teams_history_etl.load_parsed_teams_history_task manual__2025-10-30T13:01:19.389175+00:00 [queued]>
[2025-10-30T13:01:29.790+0000] {taskinstance.py:1103} INFO - Dependencies all met for dep_context=requeueable deps ti=<TaskInstance: fpl_teams_history_etl.load_parsed_teams_history_task manual__2025-10-30T13:01:19.389175+00:00 [queued]>
[2025-10-30T13:01:29.791+0000] {taskinstance.py:1308} INFO - Starting attempt 1 of 2
[2025-10-30T13:01:29.816+0000] {taskinstance.py:1327} INFO - Executing <Task(_PythonDecoratedOperator): load_parsed_teams_history_task> on 2025-10-30 13:01:19.389175+00:00
[2025-10-30T13:01:29.824+0000] {standard_task_runner.py:57} INFO - Started process 8580 to run task
[2025-10-30T13:01:29.829+0000] {standard_task_runner.py:84} INFO - Running: ['airflow', 'tasks', 'run', 'fpl_teams_history_etl', 'load_parsed_teams_history_task', 'manual__2025-10-30T13:01:19.389175+00:00', '--job-id', '2552', '--raw', '--subdir', 'DAGS_FOLDER/fpl_teams_history_etl.py', '--cfg-path', '/tmp/tmpl7wzjuet']
[2025-10-30T13:01:29.830+0000] {standard_task_runner.py:85} INFO - Job 2552: Subtask load_parsed_teams_history_task
[2025-10-30T13:01:29.938+0000] {task_command.py:410} INFO - Running <TaskInstance: fpl_teams_history_etl.load_parsed_teams_history_task manual__2025-10-30T13:01:19.389175+00:00 [running]> on host 9cff18210c47
[2025-10-30T13:01:30.140+0000] {taskinstance.py:1547} INFO - Exporting env vars: AIRFLOW_CTX_DAG_OWNER='richardilemon' AIRFLOW_CTX_DAG_ID='fpl_teams_history_etl' AIRFLOW_CTX_TASK_ID='load_parsed_teams_history_task' AIRFLOW_CTX_EXECUTION_DATE='2025-10-30T13:01:19.389175+00:00' AIRFLOW_CTX_TRY_NUMBER='1' AIRFLOW_CTX_DAG_RUN_ID='manual__2025-10-30T13:01:19.389175+00:00'
[2025-10-30T13:01:30.158+0000] {base.py:73} INFO - Using connection ID 'fpl_db_conn' for task execution.
[2025-10-30T13:01:30.169+0000] {db_config.py:51} INFO - Database Connection Established
[2025-10-30T13:01:30.170+0000] {db_config.py:61} ERROR - Failed to connect to database: 'function' object is not iterable
[2025-10-30T13:01:30.170+0000] {taskinstance.py:1824} ERROR - Task failed with exception
Traceback (most recent call last):
  File "/home/airflow/.local/lib/python3.7/site-packages/airflow/decorators/base.py", line 220, in execute
    return_value = super().execute(context)
  File "/home/airflow/.local/lib/python3.7/site-packages/airflow/operators/python.py", line 181, in execute
    return_value = self.execute_callable()
  File "/home/airflow/.local/lib/python3.7/site-packages/airflow/operators/python.py", line 198, in execute_callable
    return self.python_callable(*self.op_args, **self.op_kwargs)
  File "/opt/airflow/dags/fpl_teams_history_etl.py", line 65, in load_parsed_teams_history_task
    return load_teams_history_records(parse_team_history)
  File "/opt/airflow/scripts/utils/db_config.py", line 53, in wrapper
    result = func(connection, *args, **kwargs)  # fetch_teams_data(_connection)
  File "/opt/airflow/scripts/load_teams_history.py", line 74, in load_teams_history_records
    for row in teams_history_records:
TypeError: 'function' object is not iterable
[2025-10-30T13:01:30.207+0000] {taskinstance.py:1350} INFO - Marking task as UP_FOR_RETRY. dag_id=fpl_teams_history_etl, task_id=load_parsed_teams_history_task, execution_date=20251030T130119, start_date=20251030T130129, end_date=20251030T130130
[2025-10-30T13:01:30.242+0000] {standard_task_runner.py:109} ERROR - Failed to execute job 2552 for task load_parsed_teams_history_task ('function' object is not iterable; 8580)
[2025-10-30T13:01:30.283+0000] {local_task_job_runner.py:225} INFO - Task exited with return code 1
[2025-10-30T13:01:30.354+0000] {taskinstance.py:2653} INFO - 0 downstream tasks scheduled from follow-on schedule check
