[2025-11-05T23:47:03.630+0000] {taskinstance.py:1103} INFO - Dependencies all met for dep_context=non-requeueable deps ti=<TaskInstance: fpl_fixtures_pipeline.create_fixtures_table manual__2025-11-05T23:41:59.101153+00:00 [queued]>
[2025-11-05T23:47:03.635+0000] {taskinstance.py:1103} INFO - Dependencies all met for dep_context=requeueable deps ti=<TaskInstance: fpl_fixtures_pipeline.create_fixtures_table manual__2025-11-05T23:41:59.101153+00:00 [queued]>
[2025-11-05T23:47:03.636+0000] {taskinstance.py:1308} INFO - Starting attempt 2 of 2
[2025-11-05T23:47:03.643+0000] {taskinstance.py:1327} INFO - Executing <Task(PostgresOperator): create_fixtures_table> on 2025-11-05 23:41:59.101153+00:00
[2025-11-05T23:47:03.646+0000] {standard_task_runner.py:57} INFO - Started process 19640 to run task
[2025-11-05T23:47:03.648+0000] {standard_task_runner.py:84} INFO - Running: ['airflow', 'tasks', 'run', 'fpl_fixtures_pipeline', 'create_fixtures_table', 'manual__2025-11-05T23:41:59.101153+00:00', '--job-id', '13', '--raw', '--subdir', 'DAGS_FOLDER/fpl_fixtures_dag.py', '--cfg-path', '/tmp/tmp5ivtll7w']
[2025-11-05T23:47:03.648+0000] {standard_task_runner.py:85} INFO - Job 13: Subtask create_fixtures_table
[2025-11-05T23:47:03.698+0000] {task_command.py:410} INFO - Running <TaskInstance: fpl_fixtures_pipeline.create_fixtures_table manual__2025-11-05T23:41:59.101153+00:00 [running]> on host 497d0baba1c5
[2025-11-05T23:47:03.746+0000] {taskinstance.py:1547} INFO - Exporting env vars: AIRFLOW_CTX_DAG_OWNER='richardilemon' AIRFLOW_CTX_DAG_ID='fpl_fixtures_pipeline' AIRFLOW_CTX_TASK_ID='create_fixtures_table' AIRFLOW_CTX_EXECUTION_DATE='2025-11-05T23:41:59.101153+00:00' AIRFLOW_CTX_TRY_NUMBER='2' AIRFLOW_CTX_DAG_RUN_ID='manual__2025-11-05T23:41:59.101153+00:00'
[2025-11-05T23:47:03.747+0000] {sql.py:265} INFO - Executing: 
            CREATE TABLE IF NOT EXISTS fixtures (
                code INTEGER PRIMARY KEY,
                season TEXT,
                gameweek INTEGER,
                kickoff_time TIMESTAMP WITH TIME ZONE,
                team_h_code INTEGER,
                team_a_code INTEGER,
                team_h_score INTEGER,
                team_a_score INTEGER,
                team_h_difficulty INTEGER,
                team_a_difficulty INTEGER
            );
[2025-11-05T23:47:03.761+0000] {taskinstance.py:1824} ERROR - Task failed with exception
Traceback (most recent call last):
  File "/home/airflow/.local/lib/python3.7/site-packages/airflow/providers/common/sql/operators/sql.py", line 266, in execute
    hook = self.get_db_hook()
  File "/home/airflow/.local/lib/python3.7/site-packages/airflow/providers/common/sql/operators/sql.py", line 181, in get_db_hook
    return self._hook
  File "/home/airflow/.local/lib/python3.7/site-packages/cached_property.py", line 36, in __get__
    value = obj.__dict__[self.func.__name__] = self.func(obj)
  File "/home/airflow/.local/lib/python3.7/site-packages/airflow/providers/common/sql/operators/sql.py", line 143, in _hook
    conn = BaseHook.get_connection(self.conn_id)
  File "/home/airflow/.local/lib/python3.7/site-packages/airflow/hooks/base.py", line 72, in get_connection
    conn = Connection.get_connection_from_secrets(conn_id)
  File "/home/airflow/.local/lib/python3.7/site-packages/airflow/models/connection.py", line 463, in get_connection_from_secrets
    raise AirflowNotFoundException(f"The conn_id `{conn_id}` isn't defined")
airflow.exceptions.AirflowNotFoundException: The conn_id `fpl_db_conn` isn't defined
[2025-11-05T23:47:03.764+0000] {taskinstance.py:1350} INFO - Marking task as FAILED. dag_id=fpl_fixtures_pipeline, task_id=create_fixtures_table, execution_date=20251105T234159, start_date=20251105T234703, end_date=20251105T234703
[2025-11-05T23:47:03.768+0000] {standard_task_runner.py:109} ERROR - Failed to execute job 13 for task create_fixtures_table (The conn_id `fpl_db_conn` isn't defined; 19640)
[2025-11-05T23:47:03.791+0000] {local_task_job_runner.py:225} INFO - Task exited with return code 1
[2025-11-05T23:47:03.810+0000] {taskinstance.py:2653} INFO - 0 downstream tasks scheduled from follow-on schedule check
