[2025-11-07T12:05:47.065+0000] {taskinstance.py:1103} INFO - Dependencies all met for dep_context=non-requeueable deps ti=<TaskInstance: fpl_players_etl.load_players_task manual__2025-11-07T12:00:39.284629+00:00 [queued]>
[2025-11-07T12:05:47.070+0000] {taskinstance.py:1103} INFO - Dependencies all met for dep_context=requeueable deps ti=<TaskInstance: fpl_players_etl.load_players_task manual__2025-11-07T12:00:39.284629+00:00 [queued]>
[2025-11-07T12:05:47.070+0000] {taskinstance.py:1308} INFO - Starting attempt 2 of 2
[2025-11-07T12:05:47.077+0000] {taskinstance.py:1327} INFO - Executing <Task(_PythonDecoratedOperator): load_players_task> on 2025-11-07 12:00:39.284629+00:00
[2025-11-07T12:05:47.080+0000] {standard_task_runner.py:57} INFO - Started process 522 to run task
[2025-11-07T12:05:47.084+0000] {standard_task_runner.py:84} INFO - Running: ['airflow', 'tasks', 'run', 'fpl_players_etl', 'load_players_task', 'manual__2025-11-07T12:00:39.284629+00:00', '--job-id', '211', '--raw', '--subdir', 'DAGS_FOLDER/fpl_players_dag.py', '--cfg-path', '/tmp/tmpj77_nd0s']
[2025-11-07T12:05:47.086+0000] {standard_task_runner.py:85} INFO - Job 211: Subtask load_players_task
[2025-11-07T12:05:47.121+0000] {task_command.py:410} INFO - Running <TaskInstance: fpl_players_etl.load_players_task manual__2025-11-07T12:00:39.284629+00:00 [running]> on host 49bf20bea3ae
[2025-11-07T12:05:47.458+0000] {taskinstance.py:1547} INFO - Exporting env vars: AIRFLOW_CTX_DAG_OWNER='richardilemon' AIRFLOW_CTX_DAG_ID='fpl_players_etl' AIRFLOW_CTX_TASK_ID='load_players_task' AIRFLOW_CTX_EXECUTION_DATE='2025-11-07T12:00:39.284629+00:00' AIRFLOW_CTX_TRY_NUMBER='2' AIRFLOW_CTX_DAG_RUN_ID='manual__2025-11-07T12:00:39.284629+00:00'
[2025-11-07T12:05:47.463+0000] {base.py:73} INFO - Using connection ID 'fpl_db_conn' for task execution.
[2025-11-07T12:05:47.466+0000] {db_config.py:51} INFO - Database Connection Established
[2025-11-07T12:05:47.467+0000] {db_config.py:61} ERROR - Failed to connect to database: column "position" of relation "players" does not exist
LINE 4:                 team_code, position, now_cost, status
                                   ^

[2025-11-07T12:05:47.467+0000] {taskinstance.py:1824} ERROR - Task failed with exception
Traceback (most recent call last):
  File "/home/airflow/.local/lib/python3.7/site-packages/airflow/decorators/base.py", line 220, in execute
    return_value = super().execute(context)
  File "/home/airflow/.local/lib/python3.7/site-packages/airflow/operators/python.py", line 181, in execute
    return_value = self.execute_callable()
  File "/home/airflow/.local/lib/python3.7/site-packages/airflow/operators/python.py", line 198, in execute_callable
    return self.python_callable(*self.op_args, **self.op_kwargs)
  File "/opt/airflow/dags/fpl_players_dag.py", line 59, in load_players_task
    return load_players(players)
  File "/opt/airflow/scripts/utils/db_config.py", line 53, in wrapper
    result = func(connection, *args, **kwargs)  # fetch_teams_data(_connection)
  File "/opt/airflow/scripts/load_players.py", line 86, in load_players
    player["status"],
psycopg2.errors.UndefinedColumn: column "position" of relation "players" does not exist
LINE 4:                 team_code, position, now_cost, status
                                   ^

[2025-11-07T12:05:47.472+0000] {taskinstance.py:1350} INFO - Marking task as FAILED. dag_id=fpl_players_etl, task_id=load_players_task, execution_date=20251107T120039, start_date=20251107T120547, end_date=20251107T120547
[2025-11-07T12:05:47.477+0000] {standard_task_runner.py:109} ERROR - Failed to execute job 211 for task load_players_task (column "position" of relation "players" does not exist
LINE 4:                 team_code, position, now_cost, status
                                   ^
; 522)
[2025-11-07T12:05:47.516+0000] {local_task_job_runner.py:225} INFO - Task exited with return code 1
[2025-11-07T12:05:47.526+0000] {taskinstance.py:2653} INFO - 0 downstream tasks scheduled from follow-on schedule check
